---------------------------------------------
ZomBerry v0.6.4 log started at 27.06.2024 13:24:40

27.06.2024 13:24:40 [ZomBerryCmdAPI]: INFO: Added category OnTarget
27.06.2024 13:24:40 [ZomBerryCmdAPI]: INFO: Added function TPCur to category OnTarget
27.06.2024 13:24:40 [ZomBerryCmdAPI]: INFO: Added function TPForward to category OnTarget
27.06.2024 13:24:40 [ZomBerryCmdAPI]: INFO: Added function TPToTarget to category OnTarget
27.06.2024 13:24:40 [ZomBerryCmdAPI]: INFO: Added function TPToAdmin to category OnTarget
27.06.2024 13:24:40 [ZomBerryCmdAPI]: INFO: Added function HealTarget to category OnTarget
27.06.2024 13:24:40 [ZomBerryCmdAPI]: INFO: Added function HealTargetPart to category OnTarget
27.06.2024 13:24:40 [ZomBerryCmdAPI]: INFO: Added function GodTarget to category OnTarget
27.06.2024 13:24:40 [ZomBerryCmdAPI]: INFO: Added function RepairTargetHands to category OnTarget
27.06.2024 13:24:40 [ZomBerryCmdAPI]: INFO: Added function RefuelAndRepair to category OnTarget
27.06.2024 13:24:40 [ZomBerryCmdAPI]: INFO: Added category ==
27.06.2024 13:24:40 [ZomBerryCmdAPI]: INFO: Added function KillTarget to category ==
27.06.2024 13:24:40 [ZomBerryCmdAPI]: INFO: Added function BiteTarget to category ==
27.06.2024 13:24:40 [ZomBerryCmdAPI]: INFO: Added function StripTarget to category ==
27.06.2024 13:24:40 [ZomBerryCmdAPI]: INFO: Added function RejectBellyTarget to category ==
27.06.2024 13:24:40 [ZomBerryCmdAPI]: INFO: Added function PsycoTarget to category ==
27.06.2024 13:24:40 [ZomBerryCmdAPI]: INFO: Added function SneezeTarget to category ==
27.06.2024 13:24:40 [ZomBerryCmdAPI]: INFO: Added function SetHealthTarget to category ==
27.06.2024 13:24:40 [ZomBerryCmdAPI]: INFO: Added function SetBloodTarget to category ==
27.06.2024 13:24:40 [ZomBerryCmdAPI]: INFO: Added category OnServer
27.06.2024 13:24:40 [ZomBerryCmdAPI]: INFO: Added function FreeCamAdm to category OnServer
27.06.2024 13:24:40 [ZomBerryCmdAPI]: INFO: Added function TimeDay to category OnServer
27.06.2024 13:24:40 [ZomBerryCmdAPI]: INFO: Added function TimeNight to category OnServer
27.06.2024 13:24:40 [ZomBerryCmdAPI]: INFO: Added function SetTime to category OnServer
27.06.2024 13:24:40 [ZomBerryCmdAPI]: INFO: Added function SetDate to category OnServer
27.06.2024 13:24:40 [ZomBerryCmdAPI]: INFO: Added function SetWeather to category OnServer
27.06.2024 13:24:40 [ZomBerryCmdAPI]: INFO: Added function DeleteObj to category OnServer
27.06.2024 13:24:40 [ZomBerryConfig]: INFO: Using admins.cfg from Profile directory
27.06.2024 13:24:40 [ZomBerryDbg]: Server ready, loading admin list from: $profile:ZomBerry\admins.cfg
27.06.2024 13:24:40 [ZomBerryConfig]: admins.cfg loaded
27.06.2024 13:24:40 [ZomBerryConfig]: Added admin: 76561198089301277
27.06.2024 14:11:06 [ZomBerryDbg]: Auth Request ignored (not an admin) MGM_762 (6CBOabJUM7Qqd7NEG4Do-ueQ7Uqvietj4ODcWmz64j4=)
27.06.2024 14:19:28 [ZomBerryDbg]: Auth Request ignored (not an admin) 1DEADMANWALKIN (zvk4zPulP_yUuFMB-icYMa26l-1hJKZFlbgWP-FPOcg=)
27.06.2024 14:33:49 [ZomBerryDbg]: Auth Request ignored (not an admin) 1DEADMANWALKIN (zvk4zPulP_yUuFMB-icYMa26l-1hJKZFlbgWP-FPOcg=)
27.06.2024 14:48:18 [ZomBerryDbg]: Auth Request ignored (not an admin) 1DEADMANWALKIN (zvk4zPulP_yUuFMB-icYMa26l-1hJKZFlbgWP-FPOcg=)
27.06.2024 14:51:35 [ZomBerryDbg]: Auth respond to admin NOVAKILLSFORYOU (_i471QtP-cQO7LGlvQxSkkb6U2OdaENSi4dYAnCjv04=)
27.06.2024 15:02:33 [ZomBerryDbg]: Auth Request ignored (not an admin) 1DEADMANWALKIN (zvk4zPulP_yUuFMB-icYMa26l-1hJKZFlbgWP-FPOcg=)
27.06.2024 15:16:48 [ZomBerryDbg]: Auth Request ignored (not an admin) 1DEADMANWALKIN (zvk4zPulP_yUuFMB-icYMa26l-1hJKZFlbgWP-FPOcg=)
27.06.2024 15:31:22 [ZomBerryDbg]: Auth Request ignored (not an admin) 1DEADMANWALKIN (zvk4zPulP_yUuFMB-icYMa26l-1hJKZFlbgWP-FPOcg=)
27.06.2024 15:45:33 [ZomBerryDbg]: Auth Request ignored (not an admin) 1DEADMANWALKIN (zvk4zPulP_yUuFMB-icYMa26l-1hJKZFlbgWP-FPOcg=)
27.06.2024 16:00:31 [ZomBerryDbg]: Auth Request ignored (not an admin) 1DEADMANWALKIN (zvk4zPulP_yUuFMB-icYMa26l-1hJKZFlbgWP-FPOcg=)
27.06.2024 16:14:58 [ZomBerryDbg]: Auth Request ignored (not an admin) 1DEADMANWALKIN (zvk4zPulP_yUuFMB-icYMa26l-1hJKZFlbgWP-FPOcg=)
27.06.2024 16:29:24 [ZomBerryDbg]: Auth Request ignored (not an admin) 1DEADMANWALKIN (zvk4zPulP_yUuFMB-icYMa26l-1hJKZFlbgWP-FPOcg=)
27.06.2024 16:39:47 [ZomBerryDbg]: Auth respond to admin NOVAKILLSFORYOU (_i471QtP-cQO7LGlvQxSkkb6U2OdaENSi4dYAnCjv04=)
27.06.2024 16:41:01 [ZomBerryDbg]: NOVAKILLSFORYOU (_i471QtP-cQO7LGlvQxSkkb6U2OdaENSi4dYAnCjv04=) - player list sync
27.06.2024 16:41:01 [ZomBerryDbg]: NOVAKILLSFORYOU (_i471QtP-cQO7LGlvQxSkkb6U2OdaENSi4dYAnCjv04=) - function list sync
27.06.2024 16:41:44 [ZomBerryDbg]: NOVAKILLSFORYOU (_i471QtP-cQO7LGlvQxSkkb6U2OdaENSi4dYAnCjv04=) - player list sync
27.06.2024 16:41:44 [ZomBerryDbg]: NOVAKILLSFORYOU (_i471QtP-cQO7LGlvQxSkkb6U2OdaENSi4dYAnCjv04=) - function list sync
27.06.2024 16:43:37 [ZomBerryDbg]: Auth Request ignored (not an admin) 1DEADMANWALKIN (zvk4zPulP_yUuFMB-icYMa26l-1hJKZFlbgWP-FPOcg=)
