---------------------------------------------
ZomBerry v0.6.4 log started at 05.08.2024 08:34:11

05.08.2024 08:34:11 [ZomBerryCmdAPI]: INFO: Added category OnTarget
05.08.2024 08:34:11 [ZomBerryCmdAPI]: INFO: Added function TPCur to category OnTarget
05.08.2024 08:34:11 [ZomBerryCmdAPI]: INFO: Added function TPForward to category OnTarget
05.08.2024 08:34:11 [ZomBerryCmdAPI]: INFO: Added function TPToTarget to category OnTarget
05.08.2024 08:34:11 [ZomBerryCmdAPI]: INFO: Added function TPToAdmin to category OnTarget
05.08.2024 08:34:11 [ZomBerryCmdAPI]: INFO: Added function HealTarget to category OnTarget
05.08.2024 08:34:11 [ZomBerryCmdAPI]: INFO: Added function HealTargetPart to category OnTarget
05.08.2024 08:34:11 [ZomBerryCmdAPI]: INFO: Added function GodTarget to category OnTarget
05.08.2024 08:34:11 [ZomBerryCmdAPI]: INFO: Added function RepairTargetHands to category OnTarget
05.08.2024 08:34:11 [ZomBerryCmdAPI]: INFO: Added function RefuelAndRepair to category OnTarget
05.08.2024 08:34:11 [ZomBerryCmdAPI]: INFO: Added category ==
05.08.2024 08:34:11 [ZomBerryCmdAPI]: INFO: Added function KillTarget to category ==
05.08.2024 08:34:11 [ZomBerryCmdAPI]: INFO: Added function BiteTarget to category ==
05.08.2024 08:34:11 [ZomBerryCmdAPI]: INFO: Added function StripTarget to category ==
05.08.2024 08:34:11 [ZomBerryCmdAPI]: INFO: Added function RejectBellyTarget to category ==
05.08.2024 08:34:11 [ZomBerryCmdAPI]: INFO: Added function PsycoTarget to category ==
05.08.2024 08:34:11 [ZomBerryCmdAPI]: INFO: Added function SneezeTarget to category ==
05.08.2024 08:34:11 [ZomBerryCmdAPI]: INFO: Added function SetHealthTarget to category ==
05.08.2024 08:34:11 [ZomBerryCmdAPI]: INFO: Added function SetBloodTarget to category ==
05.08.2024 08:34:11 [ZomBerryCmdAPI]: INFO: Added category OnServer
05.08.2024 08:34:11 [ZomBerryCmdAPI]: INFO: Added function FreeCamAdm to category OnServer
05.08.2024 08:34:11 [ZomBerryCmdAPI]: INFO: Added function TimeDay to category OnServer
05.08.2024 08:34:11 [ZomBerryCmdAPI]: INFO: Added function TimeNight to category OnServer
05.08.2024 08:34:11 [ZomBerryCmdAPI]: INFO: Added function SetTime to category OnServer
05.08.2024 08:34:11 [ZomBerryCmdAPI]: INFO: Added function SetDate to category OnServer
05.08.2024 08:34:11 [ZomBerryCmdAPI]: INFO: Added function SetWeather to category OnServer
05.08.2024 08:34:11 [ZomBerryCmdAPI]: INFO: Added function DeleteObj to category OnServer
05.08.2024 08:34:11 [ZomBerryConfig]: INFO: Using admins.cfg from Profile directory
05.08.2024 08:34:11 [ZomBerryDbg]: Server ready, loading admin list from: $profile:ZomBerry\admins.cfg
05.08.2024 08:34:11 [ZomBerryConfig]: admins.cfg loaded
05.08.2024 08:34:11 [ZomBerryConfig]: Added admin: 76561198089301277
05.08.2024 17:24:51 [ZomBerryDbg]: Auth Request ignored (not an admin) PsiTom (985Y4OnrPF97smqLkzdXIQc0BKnxHTTL8e-fkhwd1tE=)
05.08.2024 17:28:09 [ZomBerryDbg]: Auth Request ignored (not an admin) PsiTom (985Y4OnrPF97smqLkzdXIQc0BKnxHTTL8e-fkhwd1tE=)
05.08.2024 19:45:13 [ZomBerryDbg]: Auth Request ignored (not an admin) PsiTom (985Y4OnrPF97smqLkzdXIQc0BKnxHTTL8e-fkhwd1tE=)
06.08.2024 00:49:16 [ZomBerryDbg]: Auth Request ignored (not an admin) PsiTom (985Y4OnrPF97smqLkzdXIQc0BKnxHTTL8e-fkhwd1tE=)
06.08.2024 01:14:47 [ZomBerryDbg]: Auth Request ignored (not an admin) PsiTom (985Y4OnrPF97smqLkzdXIQc0BKnxHTTL8e-fkhwd1tE=)
06.08.2024 04:02:33 [ZomBerryDbg]: Auth Request ignored (not an admin) Reapskie (hx4KLs__vN5RyM_Afu-G5rhncBn2UUHcjWd0WP75y7c=)
06.08.2024 16:50:05 [ZomBerryDbg]: Auth respond to admin NOVAKILLSFORYOU (_i471QtP-cQO7LGlvQxSkkb6U2OdaENSi4dYAnCjv04=)
06.08.2024 16:56:42 [ZomBerryDbg]: NOVAKILLSFORYOU (_i471QtP-cQO7LGlvQxSkkb6U2OdaENSi4dYAnCjv04=) - player list sync
06.08.2024 16:56:42 [ZomBerryDbg]: NOVAKILLSFORYOU (_i471QtP-cQO7LGlvQxSkkb6U2OdaENSi4dYAnCjv04=) - function list sync
06.08.2024 16:57:03 [ZomBerryAdmin]: NOVAKILLSFORYOU (_i471QtP-cQO7LGlvQxSkkb6U2OdaENSi4dYAnCjv04=) teleported to position <3183.056641, 2.700733, 1705.726563>
06.08.2024 17:25:43 [ZomBerryDbg]: Auth respond to admin NOVAKILLSFORYOU (_i471QtP-cQO7LGlvQxSkkb6U2OdaENSi4dYAnCjv04=)
06.08.2024 17:28:52 [ZomBerryDbg]: Auth Request ignored (not an admin) MGM_762 (6CBOabJUM7Qqd7NEG4Do-ueQ7Uqvietj4ODcWmz64j4=)
06.08.2024 18:32:17 [ZomBerryDbg]: NOVAKILLSFORYOU (_i471QtP-cQO7LGlvQxSkkb6U2OdaENSi4dYAnCjv04=) - player list sync
06.08.2024 18:32:17 [ZomBerryDbg]: NOVAKILLSFORYOU (_i471QtP-cQO7LGlvQxSkkb6U2OdaENSi4dYAnCjv04=) - function list sync
06.08.2024 18:32:28 [ZomBerryAdmin]: NOVAKILLSFORYOU (_i471QtP-cQO7LGlvQxSkkb6U2OdaENSi4dYAnCjv04=) spawned Expansion_PMII25Optic at <1185.310059, 30.950085, 13254.583984>
06.08.2024 18:32:51 [ZomBerryDbg]: NOVAKILLSFORYOU (_i471QtP-cQO7LGlvQxSkkb6U2OdaENSi4dYAnCjv04=) - player list sync
06.08.2024 18:32:51 [ZomBerryDbg]: NOVAKILLSFORYOU (_i471QtP-cQO7LGlvQxSkkb6U2OdaENSi4dYAnCjv04=) - function list sync
06.08.2024 18:33:24 [ZomBerryAdmin]: NOVAKILLSFORYOU (_i471QtP-cQO7LGlvQxSkkb6U2OdaENSi4dYAnCjv04=) spawned SNAFU_Nightforce at <1190.989136, 30.950085, 13258.357422>
06.08.2024 18:34:56 [ZomBerryDbg]: NOVAKILLSFORYOU (_i471QtP-cQO7LGlvQxSkkb6U2OdaENSi4dYAnCjv04=) - player list sync
06.08.2024 18:34:56 [ZomBerryDbg]: NOVAKILLSFORYOU (_i471QtP-cQO7LGlvQxSkkb6U2OdaENSi4dYAnCjv04=) - function list sync
06.08.2024 18:36:22 [ZomBerryAdmin]: NOVAKILLSFORYOU (_i471QtP-cQO7LGlvQxSkkb6U2OdaENSi4dYAnCjv04=) executed DeleteObj
06.08.2024 18:52:37 [ZomBerryDbg]: NOVAKILLSFORYOU (_i471QtP-cQO7LGlvQxSkkb6U2OdaENSi4dYAnCjv04=) - player list sync
06.08.2024 18:52:37 [ZomBerryDbg]: NOVAKILLSFORYOU (_i471QtP-cQO7LGlvQxSkkb6U2OdaENSi4dYAnCjv04=) - function list sync
06.08.2024 18:52:51 [ZomBerryAdmin]: NOVAKILLSFORYOU (_i471QtP-cQO7LGlvQxSkkb6U2OdaENSi4dYAnCjv04=) teleported to position <1207.726807, 6.922009, 13261.536133>
07.08.2024 09:41:16 [ZomBerryDbg]: Auth Request ignored (not an admin) PsiTom (985Y4OnrPF97smqLkzdXIQc0BKnxHTTL8e-fkhwd1tE=)
