---------------------------------------------
ZomBerry v0.6.4 log started at 14.08.2024 07:50:04

14.08.2024 07:50:04 [ZomBerryCmdAPI]: INFO: Added category OnTarget
14.08.2024 07:50:04 [ZomBerryCmdAPI]: INFO: Added function TPCur to category OnTarget
14.08.2024 07:50:04 [ZomBerryCmdAPI]: INFO: Added function TPForward to category OnTarget
14.08.2024 07:50:04 [ZomBerryCmdAPI]: INFO: Added function TPToTarget to category OnTarget
14.08.2024 07:50:04 [ZomBerryCmdAPI]: INFO: Added function TPToAdmin to category OnTarget
14.08.2024 07:50:04 [ZomBerryCmdAPI]: INFO: Added function HealTarget to category OnTarget
14.08.2024 07:50:04 [ZomBerryCmdAPI]: INFO: Added function HealTargetPart to category OnTarget
14.08.2024 07:50:04 [ZomBerryCmdAPI]: INFO: Added function GodTarget to category OnTarget
14.08.2024 07:50:04 [ZomBerryCmdAPI]: INFO: Added function RepairTargetHands to category OnTarget
14.08.2024 07:50:04 [ZomBerryCmdAPI]: INFO: Added function RefuelAndRepair to category OnTarget
14.08.2024 07:50:04 [ZomBerryCmdAPI]: INFO: Added category ==
14.08.2024 07:50:04 [ZomBerryCmdAPI]: INFO: Added function KillTarget to category ==
14.08.2024 07:50:04 [ZomBerryCmdAPI]: INFO: Added function BiteTarget to category ==
14.08.2024 07:50:04 [ZomBerryCmdAPI]: INFO: Added function StripTarget to category ==
14.08.2024 07:50:04 [ZomBerryCmdAPI]: INFO: Added function RejectBellyTarget to category ==
14.08.2024 07:50:04 [ZomBerryCmdAPI]: INFO: Added function PsycoTarget to category ==
14.08.2024 07:50:04 [ZomBerryCmdAPI]: INFO: Added function SneezeTarget to category ==
14.08.2024 07:50:04 [ZomBerryCmdAPI]: INFO: Added function SetHealthTarget to category ==
14.08.2024 07:50:04 [ZomBerryCmdAPI]: INFO: Added function SetBloodTarget to category ==
14.08.2024 07:50:04 [ZomBerryCmdAPI]: INFO: Added category OnServer
14.08.2024 07:50:04 [ZomBerryCmdAPI]: INFO: Added function FreeCamAdm to category OnServer
14.08.2024 07:50:04 [ZomBerryCmdAPI]: INFO: Added function TimeDay to category OnServer
14.08.2024 07:50:04 [ZomBerryCmdAPI]: INFO: Added function TimeNight to category OnServer
14.08.2024 07:50:04 [ZomBerryCmdAPI]: INFO: Added function SetTime to category OnServer
14.08.2024 07:50:04 [ZomBerryCmdAPI]: INFO: Added function SetDate to category OnServer
14.08.2024 07:50:04 [ZomBerryCmdAPI]: INFO: Added function SetWeather to category OnServer
14.08.2024 07:50:04 [ZomBerryCmdAPI]: INFO: Added function DeleteObj to category OnServer
14.08.2024 07:50:04 [ZomBerryConfig]: INFO: Using admins.cfg from Profile directory
14.08.2024 07:50:04 [ZomBerryDbg]: Server ready, loading admin list from: $profile:ZomBerry\admins.cfg
14.08.2024 07:50:04 [ZomBerryConfig]: admins.cfg loaded
14.08.2024 07:50:04 [ZomBerryConfig]: Added admin: 76561198089301277
14.08.2024 08:03:56 [ZomBerryDbg]: Auth respond to admin NOVAKILLSFORYOU (_i471QtP-cQO7LGlvQxSkkb6U2OdaENSi4dYAnCjv04=)
14.08.2024 08:09:24 [ZomBerryDbg]: NOVAKILLSFORYOU (_i471QtP-cQO7LGlvQxSkkb6U2OdaENSi4dYAnCjv04=) - player list sync
14.08.2024 08:09:24 [ZomBerryDbg]: NOVAKILLSFORYOU (_i471QtP-cQO7LGlvQxSkkb6U2OdaENSi4dYAnCjv04=) - function list sync
14.08.2024 08:09:43 [ZomBerryAdmin]: NOVAKILLSFORYOU (_i471QtP-cQO7LGlvQxSkkb6U2OdaENSi4dYAnCjv04=) teleported to position <10449.105469, 1.526528, 5663.298828>
14.08.2024 17:34:31 [ZomBerryDbg]: Auth Request ignored (not an admin) Major Loo (EdUtHoz7RvdC6FQiZqYS7wLTRJsMr8Ls7MVvb9HcjjQ=)
15.08.2024 06:32:39 [ZomBerryDbg]: Auth Request ignored (not an admin) Major Loo (EdUtHoz7RvdC6FQiZqYS7wLTRJsMr8Ls7MVvb9HcjjQ=)
15.08.2024 15:19:46 [ZomBerryDbg]: Auth Request ignored (not an admin) Major Loo (EdUtHoz7RvdC6FQiZqYS7wLTRJsMr8Ls7MVvb9HcjjQ=)
15.08.2024 15:36:06 [ZomBerryDbg]: Auth Request ignored (not an admin) Major Loo (EdUtHoz7RvdC6FQiZqYS7wLTRJsMr8Ls7MVvb9HcjjQ=)
15.08.2024 16:28:06 [ZomBerryDbg]: Auth respond to admin NOVAKILLSFORYOU (_i471QtP-cQO7LGlvQxSkkb6U2OdaENSi4dYAnCjv04=)
15.08.2024 16:30:06 [ZomBerryDbg]: NOVAKILLSFORYOU (_i471QtP-cQO7LGlvQxSkkb6U2OdaENSi4dYAnCjv04=) - player list sync
15.08.2024 16:30:06 [ZomBerryDbg]: NOVAKILLSFORYOU (_i471QtP-cQO7LGlvQxSkkb6U2OdaENSi4dYAnCjv04=) - function list sync
15.08.2024 17:55:03 [ZomBerryDbg]: Auth Request ignored (not an admin) Major Loo (EdUtHoz7RvdC6FQiZqYS7wLTRJsMr8Ls7MVvb9HcjjQ=)
15.08.2024 19:06:40 [ZomBerryDbg]: Auth Request ignored (not an admin) Major Loo (EdUtHoz7RvdC6FQiZqYS7wLTRJsMr8Ls7MVvb9HcjjQ=)
15.08.2024 21:31:36 [ZomBerryDbg]: Auth Request ignored (not an admin) Major Loo (EdUtHoz7RvdC6FQiZqYS7wLTRJsMr8Ls7MVvb9HcjjQ=)
