---------------------------------------------
ZomBerry v0.6.4 log started at 29.06.2024 08:33:16

29.06.2024 08:33:16 [ZomBerryCmdAPI]: INFO: Added category OnTarget
29.06.2024 08:33:16 [ZomBerryCmdAPI]: INFO: Added function TPCur to category OnTarget
29.06.2024 08:33:16 [ZomBerryCmdAPI]: INFO: Added function TPForward to category OnTarget
29.06.2024 08:33:16 [ZomBerryCmdAPI]: INFO: Added function TPToTarget to category OnTarget
29.06.2024 08:33:16 [ZomBerryCmdAPI]: INFO: Added function TPToAdmin to category OnTarget
29.06.2024 08:33:16 [ZomBerryCmdAPI]: INFO: Added function HealTarget to category OnTarget
29.06.2024 08:33:16 [ZomBerryCmdAPI]: INFO: Added function HealTargetPart to category OnTarget
29.06.2024 08:33:16 [ZomBerryCmdAPI]: INFO: Added function GodTarget to category OnTarget
29.06.2024 08:33:16 [ZomBerryCmdAPI]: INFO: Added function RepairTargetHands to category OnTarget
29.06.2024 08:33:16 [ZomBerryCmdAPI]: INFO: Added function RefuelAndRepair to category OnTarget
29.06.2024 08:33:16 [ZomBerryCmdAPI]: INFO: Added category ==
29.06.2024 08:33:16 [ZomBerryCmdAPI]: INFO: Added function KillTarget to category ==
29.06.2024 08:33:16 [ZomBerryCmdAPI]: INFO: Added function BiteTarget to category ==
29.06.2024 08:33:16 [ZomBerryCmdAPI]: INFO: Added function StripTarget to category ==
29.06.2024 08:33:16 [ZomBerryCmdAPI]: INFO: Added function RejectBellyTarget to category ==
29.06.2024 08:33:16 [ZomBerryCmdAPI]: INFO: Added function PsycoTarget to category ==
29.06.2024 08:33:16 [ZomBerryCmdAPI]: INFO: Added function SneezeTarget to category ==
29.06.2024 08:33:16 [ZomBerryCmdAPI]: INFO: Added function SetHealthTarget to category ==
29.06.2024 08:33:16 [ZomBerryCmdAPI]: INFO: Added function SetBloodTarget to category ==
29.06.2024 08:33:16 [ZomBerryCmdAPI]: INFO: Added category OnServer
29.06.2024 08:33:16 [ZomBerryCmdAPI]: INFO: Added function FreeCamAdm to category OnServer
29.06.2024 08:33:16 [ZomBerryCmdAPI]: INFO: Added function TimeDay to category OnServer
29.06.2024 08:33:16 [ZomBerryCmdAPI]: INFO: Added function TimeNight to category OnServer
29.06.2024 08:33:16 [ZomBerryCmdAPI]: INFO: Added function SetTime to category OnServer
29.06.2024 08:33:16 [ZomBerryCmdAPI]: INFO: Added function SetDate to category OnServer
29.06.2024 08:33:16 [ZomBerryCmdAPI]: INFO: Added function SetWeather to category OnServer
29.06.2024 08:33:16 [ZomBerryCmdAPI]: INFO: Added function DeleteObj to category OnServer
29.06.2024 08:33:16 [ZomBerryConfig]: INFO: Using admins.cfg from Profile directory
29.06.2024 08:33:16 [ZomBerryDbg]: Server ready, loading admin list from: $profile:ZomBerry\admins.cfg
29.06.2024 08:33:16 [ZomBerryConfig]: admins.cfg loaded
29.06.2024 08:33:16 [ZomBerryConfig]: Added admin: 76561198089301277
29.06.2024 08:35:50 [ZomBerryDbg]: Auth respond to admin NOVAKILLSFORYOU (_i471QtP-cQO7LGlvQxSkkb6U2OdaENSi4dYAnCjv04=)
29.06.2024 08:47:28 [ZomBerryDbg]: Auth Request ignored (not an admin) 1DEADMANWALKIN (zvk4zPulP_yUuFMB-icYMa26l-1hJKZFlbgWP-FPOcg=)
29.06.2024 09:02:01 [ZomBerryDbg]: Auth Request ignored (not an admin) 1DEADMANWALKIN (zvk4zPulP_yUuFMB-icYMa26l-1hJKZFlbgWP-FPOcg=)
29.06.2024 09:23:04 [ZomBerryDbg]: Auth Request ignored (not an admin) 1DEADMANWALKIN (zvk4zPulP_yUuFMB-icYMa26l-1hJKZFlbgWP-FPOcg=)
29.06.2024 09:37:14 [ZomBerryDbg]: Auth Request ignored (not an admin) 1DEADMANWALKIN (zvk4zPulP_yUuFMB-icYMa26l-1hJKZFlbgWP-FPOcg=)
29.06.2024 09:51:50 [ZomBerryDbg]: Auth Request ignored (not an admin) 1DEADMANWALKIN (zvk4zPulP_yUuFMB-icYMa26l-1hJKZFlbgWP-FPOcg=)
29.06.2024 10:12:59 [ZomBerryDbg]: NOVAKILLSFORYOU (_i471QtP-cQO7LGlvQxSkkb6U2OdaENSi4dYAnCjv04=) - player list sync
29.06.2024 10:12:59 [ZomBerryDbg]: NOVAKILLSFORYOU (_i471QtP-cQO7LGlvQxSkkb6U2OdaENSi4dYAnCjv04=) - function list sync
29.06.2024 10:13:03 [ZomBerryAdmin]: NOVAKILLSFORYOU (_i471QtP-cQO7LGlvQxSkkb6U2OdaENSi4dYAnCjv04=) executed RepairTargetHands
29.06.2024 10:13:38 [ZomBerryDbg]: NOVAKILLSFORYOU (_i471QtP-cQO7LGlvQxSkkb6U2OdaENSi4dYAnCjv04=) - player list sync
29.06.2024 10:13:38 [ZomBerryDbg]: NOVAKILLSFORYOU (_i471QtP-cQO7LGlvQxSkkb6U2OdaENSi4dYAnCjv04=) - function list sync
29.06.2024 10:13:41 [ZomBerryAdmin]: NOVAKILLSFORYOU (_i471QtP-cQO7LGlvQxSkkb6U2OdaENSi4dYAnCjv04=) executed RepairTargetHands
29.06.2024 10:14:25 [ZomBerryDbg]: NOVAKILLSFORYOU (_i471QtP-cQO7LGlvQxSkkb6U2OdaENSi4dYAnCjv04=) - player list sync
29.06.2024 10:14:25 [ZomBerryDbg]: NOVAKILLSFORYOU (_i471QtP-cQO7LGlvQxSkkb6U2OdaENSi4dYAnCjv04=) - function list sync
29.06.2024 10:14:30 [ZomBerryAdmin]: NOVAKILLSFORYOU (_i471QtP-cQO7LGlvQxSkkb6U2OdaENSi4dYAnCjv04=) executed RepairTargetHands
29.06.2024 10:14:41 [ZomBerryDbg]: NOVAKILLSFORYOU (_i471QtP-cQO7LGlvQxSkkb6U2OdaENSi4dYAnCjv04=) - player list sync
29.06.2024 10:14:41 [ZomBerryDbg]: NOVAKILLSFORYOU (_i471QtP-cQO7LGlvQxSkkb6U2OdaENSi4dYAnCjv04=) - function list sync
29.06.2024 10:14:44 [ZomBerryAdmin]: NOVAKILLSFORYOU (_i471QtP-cQO7LGlvQxSkkb6U2OdaENSi4dYAnCjv04=) executed RepairTargetHands
29.06.2024 11:17:31 [ZomBerryDbg]: Auth respond to admin NOVAKILLSFORYOU (_i471QtP-cQO7LGlvQxSkkb6U2OdaENSi4dYAnCjv04=)
29.06.2024 11:23:24 [ZomBerryDbg]: Auth Request ignored (not an admin) MGM_762 (6CBOabJUM7Qqd7NEG4Do-ueQ7Uqvietj4ODcWmz64j4=)
29.06.2024 11:36:27 [ZomBerryDbg]: Auth respond to admin NOVAKILLSFORYOU (_i471QtP-cQO7LGlvQxSkkb6U2OdaENSi4dYAnCjv04=)
29.06.2024 11:53:46 [ZomBerryDbg]: NOVAKILLSFORYOU (_i471QtP-cQO7LGlvQxSkkb6U2OdaENSi4dYAnCjv04=) - player list sync
29.06.2024 11:53:46 [ZomBerryDbg]: NOVAKILLSFORYOU (_i471QtP-cQO7LGlvQxSkkb6U2OdaENSi4dYAnCjv04=) - function list sync
29.06.2024 11:53:49 [ZomBerryAdmin]: NOVAKILLSFORYOU (_i471QtP-cQO7LGlvQxSkkb6U2OdaENSi4dYAnCjv04=) executed RepairTargetHands
29.06.2024 12:09:40 [ZomBerryDbg]: NOVAKILLSFORYOU (_i471QtP-cQO7LGlvQxSkkb6U2OdaENSi4dYAnCjv04=) - player list sync
29.06.2024 12:09:40 [ZomBerryDbg]: NOVAKILLSFORYOU (_i471QtP-cQO7LGlvQxSkkb6U2OdaENSi4dYAnCjv04=) - function list sync
29.06.2024 12:09:46 [ZomBerryAdmin]: NOVAKILLSFORYOU (_i471QtP-cQO7LGlvQxSkkb6U2OdaENSi4dYAnCjv04=) executed RepairTargetHands
