---------------------------------------------
ZomBerry v0.6.4 log started at 13.07.2024 20:57:17

13.07.2024 20:57:17 [ZomBerryCmdAPI]: INFO: Added category OnTarget
13.07.2024 20:57:17 [ZomBerryCmdAPI]: INFO: Added function TPCur to category OnTarget
13.07.2024 20:57:17 [ZomBerryCmdAPI]: INFO: Added function TPForward to category OnTarget
13.07.2024 20:57:17 [ZomBerryCmdAPI]: INFO: Added function TPToTarget to category OnTarget
13.07.2024 20:57:17 [ZomBerryCmdAPI]: INFO: Added function TPToAdmin to category OnTarget
13.07.2024 20:57:17 [ZomBerryCmdAPI]: INFO: Added function HealTarget to category OnTarget
13.07.2024 20:57:17 [ZomBerryCmdAPI]: INFO: Added function HealTargetPart to category OnTarget
13.07.2024 20:57:17 [ZomBerryCmdAPI]: INFO: Added function GodTarget to category OnTarget
13.07.2024 20:57:17 [ZomBerryCmdAPI]: INFO: Added function RepairTargetHands to category OnTarget
13.07.2024 20:57:17 [ZomBerryCmdAPI]: INFO: Added function RefuelAndRepair to category OnTarget
13.07.2024 20:57:17 [ZomBerryCmdAPI]: INFO: Added category ==
13.07.2024 20:57:17 [ZomBerryCmdAPI]: INFO: Added function KillTarget to category ==
13.07.2024 20:57:17 [ZomBerryCmdAPI]: INFO: Added function BiteTarget to category ==
13.07.2024 20:57:17 [ZomBerryCmdAPI]: INFO: Added function StripTarget to category ==
13.07.2024 20:57:17 [ZomBerryCmdAPI]: INFO: Added function RejectBellyTarget to category ==
13.07.2024 20:57:17 [ZomBerryCmdAPI]: INFO: Added function PsycoTarget to category ==
13.07.2024 20:57:17 [ZomBerryCmdAPI]: INFO: Added function SneezeTarget to category ==
13.07.2024 20:57:17 [ZomBerryCmdAPI]: INFO: Added function SetHealthTarget to category ==
13.07.2024 20:57:17 [ZomBerryCmdAPI]: INFO: Added function SetBloodTarget to category ==
13.07.2024 20:57:17 [ZomBerryCmdAPI]: INFO: Added category OnServer
13.07.2024 20:57:17 [ZomBerryCmdAPI]: INFO: Added function FreeCamAdm to category OnServer
13.07.2024 20:57:17 [ZomBerryCmdAPI]: INFO: Added function TimeDay to category OnServer
13.07.2024 20:57:17 [ZomBerryCmdAPI]: INFO: Added function TimeNight to category OnServer
13.07.2024 20:57:17 [ZomBerryCmdAPI]: INFO: Added function SetTime to category OnServer
13.07.2024 20:57:17 [ZomBerryCmdAPI]: INFO: Added function SetDate to category OnServer
13.07.2024 20:57:17 [ZomBerryCmdAPI]: INFO: Added function SetWeather to category OnServer
13.07.2024 20:57:17 [ZomBerryCmdAPI]: INFO: Added function DeleteObj to category OnServer
13.07.2024 20:57:17 [ZomBerryConfig]: INFO: Using admins.cfg from Profile directory
13.07.2024 20:57:17 [ZomBerryDbg]: Server ready, loading admin list from: $profile:ZomBerry\admins.cfg
13.07.2024 20:57:17 [ZomBerryConfig]: admins.cfg loaded
13.07.2024 20:57:17 [ZomBerryConfig]: Added admin: 76561198089301277
13.07.2024 21:01:00 [ZomBerryDbg]: Auth respond to admin NOVAKILLSFORYOU (_i471QtP-cQO7LGlvQxSkkb6U2OdaENSi4dYAnCjv04=)
13.07.2024 21:02:24 [ZomBerryDbg]: NOVAKILLSFORYOU (_i471QtP-cQO7LGlvQxSkkb6U2OdaENSi4dYAnCjv04=) - player list sync
13.07.2024 21:02:24 [ZomBerryDbg]: NOVAKILLSFORYOU (_i471QtP-cQO7LGlvQxSkkb6U2OdaENSi4dYAnCjv04=) - function list sync
13.07.2024 21:02:38 [ZomBerryAdmin]: NOVAKILLSFORYOU (_i471QtP-cQO7LGlvQxSkkb6U2OdaENSi4dYAnCjv04=) executed SetTime
13.07.2024 21:03:10 [ZomBerryDbg]: Auth Request ignored (not an admin) MGM_762 (6CBOabJUM7Qqd7NEG4Do-ueQ7Uqvietj4ODcWmz64j4=)
14.07.2024 10:58:26 [ZomBerryDbg]: Auth Request ignored (not an admin) 1DEADMANWALKIN (zvk4zPulP_yUuFMB-icYMa26l-1hJKZFlbgWP-FPOcg=)
14.07.2024 12:25:50 [ZomBerryDbg]: Auth Request ignored (not an admin) MGM_762 (6CBOabJUM7Qqd7NEG4Do-ueQ7Uqvietj4ODcWmz64j4=)
14.07.2024 12:36:24 [ZomBerryDbg]: Auth Request ignored (not an admin) Grimmz (ogD3gPxnuI6W0lnz42QmxgqZNfkTvt49acpB_MXeMQY=)
14.07.2024 13:45:41 [ZomBerryDbg]: Auth Request ignored (not an admin) suskov (2k0fyB9VpnmPwEHTWVQzm8EAArXb-FINTAN94Jo30dc=)
14.07.2024 13:56:38 [ZomBerryDbg]: Auth Request ignored (not an admin) Grimmz (ogD3gPxnuI6W0lnz42QmxgqZNfkTvt49acpB_MXeMQY=)
14.07.2024 14:48:05 [ZomBerryDbg]: Auth Request ignored (not an admin) Grimmz (ogD3gPxnuI6W0lnz42QmxgqZNfkTvt49acpB_MXeMQY=)
14.07.2024 14:54:24 [ZomBerryDbg]: Auth Request ignored (not an admin) Grimmz (ogD3gPxnuI6W0lnz42QmxgqZNfkTvt49acpB_MXeMQY=)
14.07.2024 17:59:05 [ZomBerryDbg]: Auth Request ignored (not an admin) 1DEADMANWALKIN (zvk4zPulP_yUuFMB-icYMa26l-1hJKZFlbgWP-FPOcg=)
15.07.2024 00:51:15 [ZomBerryDbg]: Auth Request ignored (not an admin) suskov (2k0fyB9VpnmPwEHTWVQzm8EAArXb-FINTAN94Jo30dc=)
15.07.2024 03:40:06 [ZomBerryDbg]: Auth Request ignored (not an admin) suskov (2k0fyB9VpnmPwEHTWVQzm8EAArXb-FINTAN94Jo30dc=)
15.07.2024 05:30:06 [ZomBerryDbg]: Auth Request ignored (not an admin) suskov (2k0fyB9VpnmPwEHTWVQzm8EAArXb-FINTAN94Jo30dc=)
15.07.2024 08:43:58 [ZomBerryDbg]: Auth Request ignored (not an admin) suskov (2k0fyB9VpnmPwEHTWVQzm8EAArXb-FINTAN94Jo30dc=)
15.07.2024 16:53:23 [ZomBerryDbg]: Auth Request ignored (not an admin) 1DEADMANWALKIN (zvk4zPulP_yUuFMB-icYMa26l-1hJKZFlbgWP-FPOcg=)
15.07.2024 17:39:25 [ZomBerryDbg]: Auth Request ignored (not an admin) MGM_762 (6CBOabJUM7Qqd7NEG4Do-ueQ7Uqvietj4ODcWmz64j4=)
15.07.2024 18:16:43 [ZomBerryDbg]: Auth respond to admin NOVAKILLSFORYOU (_i471QtP-cQO7LGlvQxSkkb6U2OdaENSi4dYAnCjv04=)
15.07.2024 18:22:41 [ZomBerryDbg]: NOVAKILLSFORYOU (_i471QtP-cQO7LGlvQxSkkb6U2OdaENSi4dYAnCjv04=) - player list sync
15.07.2024 18:22:41 [ZomBerryDbg]: NOVAKILLSFORYOU (_i471QtP-cQO7LGlvQxSkkb6U2OdaENSi4dYAnCjv04=) - function list sync
