---------------------------------------------
ZomBerry v0.6.4 log started at 30.06.2024 12:34:20

30.06.2024 12:34:20 [ZomBerryCmdAPI]: INFO: Added category OnTarget
30.06.2024 12:34:20 [ZomBerryCmdAPI]: INFO: Added function TPCur to category OnTarget
30.06.2024 12:34:20 [ZomBerryCmdAPI]: INFO: Added function TPForward to category OnTarget
30.06.2024 12:34:20 [ZomBerryCmdAPI]: INFO: Added function TPToTarget to category OnTarget
30.06.2024 12:34:20 [ZomBerryCmdAPI]: INFO: Added function TPToAdmin to category OnTarget
30.06.2024 12:34:20 [ZomBerryCmdAPI]: INFO: Added function HealTarget to category OnTarget
30.06.2024 12:34:20 [ZomBerryCmdAPI]: INFO: Added function HealTargetPart to category OnTarget
30.06.2024 12:34:20 [ZomBerryCmdAPI]: INFO: Added function GodTarget to category OnTarget
30.06.2024 12:34:20 [ZomBerryCmdAPI]: INFO: Added function RepairTargetHands to category OnTarget
30.06.2024 12:34:20 [ZomBerryCmdAPI]: INFO: Added function RefuelAndRepair to category OnTarget
30.06.2024 12:34:20 [ZomBerryCmdAPI]: INFO: Added category ==
30.06.2024 12:34:20 [ZomBerryCmdAPI]: INFO: Added function KillTarget to category ==
30.06.2024 12:34:20 [ZomBerryCmdAPI]: INFO: Added function BiteTarget to category ==
30.06.2024 12:34:20 [ZomBerryCmdAPI]: INFO: Added function StripTarget to category ==
30.06.2024 12:34:20 [ZomBerryCmdAPI]: INFO: Added function RejectBellyTarget to category ==
30.06.2024 12:34:20 [ZomBerryCmdAPI]: INFO: Added function PsycoTarget to category ==
30.06.2024 12:34:20 [ZomBerryCmdAPI]: INFO: Added function SneezeTarget to category ==
30.06.2024 12:34:20 [ZomBerryCmdAPI]: INFO: Added function SetHealthTarget to category ==
30.06.2024 12:34:20 [ZomBerryCmdAPI]: INFO: Added function SetBloodTarget to category ==
30.06.2024 12:34:20 [ZomBerryCmdAPI]: INFO: Added category OnServer
30.06.2024 12:34:20 [ZomBerryCmdAPI]: INFO: Added function FreeCamAdm to category OnServer
30.06.2024 12:34:20 [ZomBerryCmdAPI]: INFO: Added function TimeDay to category OnServer
30.06.2024 12:34:20 [ZomBerryCmdAPI]: INFO: Added function TimeNight to category OnServer
30.06.2024 12:34:20 [ZomBerryCmdAPI]: INFO: Added function SetTime to category OnServer
30.06.2024 12:34:20 [ZomBerryCmdAPI]: INFO: Added function SetDate to category OnServer
30.06.2024 12:34:20 [ZomBerryCmdAPI]: INFO: Added function SetWeather to category OnServer
30.06.2024 12:34:20 [ZomBerryCmdAPI]: INFO: Added function DeleteObj to category OnServer
30.06.2024 12:34:20 [ZomBerryConfig]: INFO: Using admins.cfg from Profile directory
30.06.2024 12:34:20 [ZomBerryDbg]: Server ready, loading admin list from: $profile:ZomBerry\admins.cfg
30.06.2024 12:34:20 [ZomBerryConfig]: admins.cfg loaded
30.06.2024 12:34:20 [ZomBerryConfig]: Added admin: 76561198089301277
30.06.2024 12:37:14 [ZomBerryDbg]: Auth respond to admin NOVAKILLSFORYOU (_i471QtP-cQO7LGlvQxSkkb6U2OdaENSi4dYAnCjv04=)
30.06.2024 12:44:20 [ZomBerryDbg]: NOVAKILLSFORYOU (_i471QtP-cQO7LGlvQxSkkb6U2OdaENSi4dYAnCjv04=) - player list sync
30.06.2024 12:44:20 [ZomBerryDbg]: NOVAKILLSFORYOU (_i471QtP-cQO7LGlvQxSkkb6U2OdaENSi4dYAnCjv04=) - function list sync
30.06.2024 12:44:27 [ZomBerryAdmin]: NOVAKILLSFORYOU (_i471QtP-cQO7LGlvQxSkkb6U2OdaENSi4dYAnCjv04=) executed RefuelAndRepair
30.06.2024 12:44:40 [ZomBerryDbg]: NOVAKILLSFORYOU (_i471QtP-cQO7LGlvQxSkkb6U2OdaENSi4dYAnCjv04=) - player list sync
30.06.2024 12:44:40 [ZomBerryDbg]: NOVAKILLSFORYOU (_i471QtP-cQO7LGlvQxSkkb6U2OdaENSi4dYAnCjv04=) - function list sync
30.06.2024 12:47:05 [ZomBerryDbg]: NOVAKILLSFORYOU (_i471QtP-cQO7LGlvQxSkkb6U2OdaENSi4dYAnCjv04=) - player list sync
30.06.2024 12:47:05 [ZomBerryDbg]: NOVAKILLSFORYOU (_i471QtP-cQO7LGlvQxSkkb6U2OdaENSi4dYAnCjv04=) - function list sync
30.06.2024 12:47:09 [ZomBerryAdmin]: NOVAKILLSFORYOU (_i471QtP-cQO7LGlvQxSkkb6U2OdaENSi4dYAnCjv04=) executed DeleteObj
30.06.2024 12:47:09 [ZomBerryAdmin]: NOVAKILLSFORYOU (_i471QtP-cQO7LGlvQxSkkb6U2OdaENSi4dYAnCjv04=) executed DeleteObj
30.06.2024 12:47:09 [ZomBerryAdmin]: NOVAKILLSFORYOU (_i471QtP-cQO7LGlvQxSkkb6U2OdaENSi4dYAnCjv04=) executed DeleteObj
30.06.2024 12:47:10 [ZomBerryAdmin]: NOVAKILLSFORYOU (_i471QtP-cQO7LGlvQxSkkb6U2OdaENSi4dYAnCjv04=) executed DeleteObj
30.06.2024 12:47:10 [ZomBerryAdmin]: NOVAKILLSFORYOU (_i471QtP-cQO7LGlvQxSkkb6U2OdaENSi4dYAnCjv04=) executed DeleteObj
30.06.2024 12:47:58 [ZomBerryDbg]: NOVAKILLSFORYOU (_i471QtP-cQO7LGlvQxSkkb6U2OdaENSi4dYAnCjv04=) - player list sync
30.06.2024 12:47:58 [ZomBerryDbg]: NOVAKILLSFORYOU (_i471QtP-cQO7LGlvQxSkkb6U2OdaENSi4dYAnCjv04=) - function list sync
30.06.2024 12:48:01 [ZomBerryAdmin]: NOVAKILLSFORYOU (_i471QtP-cQO7LGlvQxSkkb6U2OdaENSi4dYAnCjv04=) executed DeleteObj
30.06.2024 12:48:03 [ZomBerryAdmin]: NOVAKILLSFORYOU (_i471QtP-cQO7LGlvQxSkkb6U2OdaENSi4dYAnCjv04=) executed DeleteObj
30.06.2024 12:55:30 [ZomBerryDbg]: Auth respond to admin NOVAKILLSFORYOU (_i471QtP-cQO7LGlvQxSkkb6U2OdaENSi4dYAnCjv04=)
30.06.2024 13:17:28 [ZomBerryDbg]: Auth Request ignored (not an admin) MGM_762 (6CBOabJUM7Qqd7NEG4Do-ueQ7Uqvietj4ODcWmz64j4=)
30.06.2024 13:23:58 [ZomBerryDbg]: NOVAKILLSFORYOU (_i471QtP-cQO7LGlvQxSkkb6U2OdaENSi4dYAnCjv04=) - player list sync
30.06.2024 13:23:58 [ZomBerryDbg]: NOVAKILLSFORYOU (_i471QtP-cQO7LGlvQxSkkb6U2OdaENSi4dYAnCjv04=) - function list sync
30.06.2024 13:41:10 [ZomBerryAdmin]: NOVAKILLSFORYOU (_i471QtP-cQO7LGlvQxSkkb6U2OdaENSi4dYAnCjv04=) executed DeleteObj
30.06.2024 13:41:16 [ZomBerryAdmin]: NOVAKILLSFORYOU (_i471QtP-cQO7LGlvQxSkkb6U2OdaENSi4dYAnCjv04=) executed DeleteObj
30.06.2024 13:42:09 [ZomBerryDbg]: NOVAKILLSFORYOU (_i471QtP-cQO7LGlvQxSkkb6U2OdaENSi4dYAnCjv04=) - player list sync
30.06.2024 13:42:09 [ZomBerryDbg]: NOVAKILLSFORYOU (_i471QtP-cQO7LGlvQxSkkb6U2OdaENSi4dYAnCjv04=) - function list sync
30.06.2024 13:42:12 [ZomBerryAdmin]: NOVAKILLSFORYOU (_i471QtP-cQO7LGlvQxSkkb6U2OdaENSi4dYAnCjv04=) executed DeleteObj
30.06.2024 13:42:13 [ZomBerryAdmin]: NOVAKILLSFORYOU (_i471QtP-cQO7LGlvQxSkkb6U2OdaENSi4dYAnCjv04=) executed DeleteObj
30.06.2024 13:59:30 [ZomBerryDbg]: Auth respond to admin NOVAKILLSFORYOU (_i471QtP-cQO7LGlvQxSkkb6U2OdaENSi4dYAnCjv04=)
30.06.2024 14:19:20 [ZomBerryDbg]: Auth respond to admin NOVAKILLSFORYOU (_i471QtP-cQO7LGlvQxSkkb6U2OdaENSi4dYAnCjv04=)
