---------------------------------------------
ZomBerry v0.6.4 log started at 29.07.2024 05:33:04

29.07.2024 05:33:04 [ZomBerryCmdAPI]: INFO: Added category OnTarget
29.07.2024 05:33:04 [ZomBerryCmdAPI]: INFO: Added function TPCur to category OnTarget
29.07.2024 05:33:04 [ZomBerryCmdAPI]: INFO: Added function TPForward to category OnTarget
29.07.2024 05:33:04 [ZomBerryCmdAPI]: INFO: Added function TPToTarget to category OnTarget
29.07.2024 05:33:04 [ZomBerryCmdAPI]: INFO: Added function TPToAdmin to category OnTarget
29.07.2024 05:33:04 [ZomBerryCmdAPI]: INFO: Added function HealTarget to category OnTarget
29.07.2024 05:33:04 [ZomBerryCmdAPI]: INFO: Added function HealTargetPart to category OnTarget
29.07.2024 05:33:04 [ZomBerryCmdAPI]: INFO: Added function GodTarget to category OnTarget
29.07.2024 05:33:04 [ZomBerryCmdAPI]: INFO: Added function RepairTargetHands to category OnTarget
29.07.2024 05:33:04 [ZomBerryCmdAPI]: INFO: Added function RefuelAndRepair to category OnTarget
29.07.2024 05:33:04 [ZomBerryCmdAPI]: INFO: Added category ==
29.07.2024 05:33:04 [ZomBerryCmdAPI]: INFO: Added function KillTarget to category ==
29.07.2024 05:33:04 [ZomBerryCmdAPI]: INFO: Added function BiteTarget to category ==
29.07.2024 05:33:04 [ZomBerryCmdAPI]: INFO: Added function StripTarget to category ==
29.07.2024 05:33:04 [ZomBerryCmdAPI]: INFO: Added function RejectBellyTarget to category ==
29.07.2024 05:33:04 [ZomBerryCmdAPI]: INFO: Added function PsycoTarget to category ==
29.07.2024 05:33:04 [ZomBerryCmdAPI]: INFO: Added function SneezeTarget to category ==
29.07.2024 05:33:04 [ZomBerryCmdAPI]: INFO: Added function SetHealthTarget to category ==
29.07.2024 05:33:04 [ZomBerryCmdAPI]: INFO: Added function SetBloodTarget to category ==
29.07.2024 05:33:04 [ZomBerryCmdAPI]: INFO: Added category OnServer
29.07.2024 05:33:04 [ZomBerryCmdAPI]: INFO: Added function FreeCamAdm to category OnServer
29.07.2024 05:33:04 [ZomBerryCmdAPI]: INFO: Added function TimeDay to category OnServer
29.07.2024 05:33:04 [ZomBerryCmdAPI]: INFO: Added function TimeNight to category OnServer
29.07.2024 05:33:04 [ZomBerryCmdAPI]: INFO: Added function SetTime to category OnServer
29.07.2024 05:33:04 [ZomBerryCmdAPI]: INFO: Added function SetDate to category OnServer
29.07.2024 05:33:04 [ZomBerryCmdAPI]: INFO: Added function SetWeather to category OnServer
29.07.2024 05:33:04 [ZomBerryCmdAPI]: INFO: Added function DeleteObj to category OnServer
29.07.2024 05:33:04 [ZomBerryConfig]: INFO: Using admins.cfg from Profile directory
29.07.2024 05:33:04 [ZomBerryDbg]: Server ready, loading admin list from: $profile:ZomBerry\admins.cfg
29.07.2024 05:33:04 [ZomBerryConfig]: admins.cfg loaded
29.07.2024 05:33:04 [ZomBerryConfig]: Added admin: 76561198089301277
30.07.2024 09:27:18 [ZomBerryDbg]: Auth respond to admin NOVAKILLSFORYOU (_i471QtP-cQO7LGlvQxSkkb6U2OdaENSi4dYAnCjv04=)
30.07.2024 09:27:40 [ZomBerryDbg]: NOVAKILLSFORYOU (_i471QtP-cQO7LGlvQxSkkb6U2OdaENSi4dYAnCjv04=) - player list sync
30.07.2024 09:27:40 [ZomBerryDbg]: NOVAKILLSFORYOU (_i471QtP-cQO7LGlvQxSkkb6U2OdaENSi4dYAnCjv04=) - function list sync
30.07.2024 09:28:03 [ZomBerryAdmin]: NOVAKILLSFORYOU (_i471QtP-cQO7LGlvQxSkkb6U2OdaENSi4dYAnCjv04=) teleported to position <2146.405029, -19.860001, 14615.776367>
