---------------------------------------------
ZomBerry v0.6.4 log started at 17.08.2024 16:32:55

17.08.2024 16:32:55 [ZomBerryCmdAPI]: INFO: Added category OnTarget
17.08.2024 16:32:55 [ZomBerryCmdAPI]: INFO: Added function TPCur to category OnTarget
17.08.2024 16:32:55 [ZomBerryCmdAPI]: INFO: Added function TPForward to category OnTarget
17.08.2024 16:32:55 [ZomBerryCmdAPI]: INFO: Added function TPToTarget to category OnTarget
17.08.2024 16:32:55 [ZomBerryCmdAPI]: INFO: Added function TPToAdmin to category OnTarget
17.08.2024 16:32:55 [ZomBerryCmdAPI]: INFO: Added function HealTarget to category OnTarget
17.08.2024 16:32:55 [ZomBerryCmdAPI]: INFO: Added function HealTargetPart to category OnTarget
17.08.2024 16:32:55 [ZomBerryCmdAPI]: INFO: Added function GodTarget to category OnTarget
17.08.2024 16:32:55 [ZomBerryCmdAPI]: INFO: Added function RepairTargetHands to category OnTarget
17.08.2024 16:32:55 [ZomBerryCmdAPI]: INFO: Added function RefuelAndRepair to category OnTarget
17.08.2024 16:32:55 [ZomBerryCmdAPI]: INFO: Added category ==
17.08.2024 16:32:55 [ZomBerryCmdAPI]: INFO: Added function KillTarget to category ==
17.08.2024 16:32:55 [ZomBerryCmdAPI]: INFO: Added function BiteTarget to category ==
17.08.2024 16:32:55 [ZomBerryCmdAPI]: INFO: Added function StripTarget to category ==
17.08.2024 16:32:55 [ZomBerryCmdAPI]: INFO: Added function RejectBellyTarget to category ==
17.08.2024 16:32:55 [ZomBerryCmdAPI]: INFO: Added function PsycoTarget to category ==
17.08.2024 16:32:55 [ZomBerryCmdAPI]: INFO: Added function SneezeTarget to category ==
17.08.2024 16:32:55 [ZomBerryCmdAPI]: INFO: Added function SetHealthTarget to category ==
17.08.2024 16:32:55 [ZomBerryCmdAPI]: INFO: Added function SetBloodTarget to category ==
17.08.2024 16:32:55 [ZomBerryCmdAPI]: INFO: Added category OnServer
17.08.2024 16:32:55 [ZomBerryCmdAPI]: INFO: Added function FreeCamAdm to category OnServer
17.08.2024 16:32:55 [ZomBerryCmdAPI]: INFO: Added function TimeDay to category OnServer
17.08.2024 16:32:55 [ZomBerryCmdAPI]: INFO: Added function TimeNight to category OnServer
17.08.2024 16:32:55 [ZomBerryCmdAPI]: INFO: Added function SetTime to category OnServer
17.08.2024 16:32:55 [ZomBerryCmdAPI]: INFO: Added function SetDate to category OnServer
17.08.2024 16:32:55 [ZomBerryCmdAPI]: INFO: Added function SetWeather to category OnServer
17.08.2024 16:32:55 [ZomBerryCmdAPI]: INFO: Added function DeleteObj to category OnServer
17.08.2024 16:32:55 [ZomBerryConfig]: INFO: Using admins.cfg from Profile directory
17.08.2024 16:32:55 [ZomBerryDbg]: Server ready, loading admin list from: $profile:ZomBerry\admins.cfg
17.08.2024 16:32:55 [ZomBerryConfig]: admins.cfg loaded
17.08.2024 16:32:55 [ZomBerryConfig]: Added admin: 76561198089301277
17.08.2024 19:46:30 [ZomBerryDbg]: Auth Request ignored (not an admin) Major Loo (EdUtHoz7RvdC6FQiZqYS7wLTRJsMr8Ls7MVvb9HcjjQ=)
17.08.2024 21:38:45 [ZomBerryDbg]: Auth respond to admin NOVAKILLSFORYOU (_i471QtP-cQO7LGlvQxSkkb6U2OdaENSi4dYAnCjv04=)
