---------------------------------------------
ZomBerry v0.6.4 log started at 29.06.2024 13:23:09

29.06.2024 13:23:09 [ZomBerryCmdAPI]: INFO: Added category OnTarget
29.06.2024 13:23:09 [ZomBerryCmdAPI]: INFO: Added function TPCur to category OnTarget
29.06.2024 13:23:09 [ZomBerryCmdAPI]: INFO: Added function TPForward to category OnTarget
29.06.2024 13:23:09 [ZomBerryCmdAPI]: INFO: Added function TPToTarget to category OnTarget
29.06.2024 13:23:09 [ZomBerryCmdAPI]: INFO: Added function TPToAdmin to category OnTarget
29.06.2024 13:23:09 [ZomBerryCmdAPI]: INFO: Added function HealTarget to category OnTarget
29.06.2024 13:23:09 [ZomBerryCmdAPI]: INFO: Added function HealTargetPart to category OnTarget
29.06.2024 13:23:09 [ZomBerryCmdAPI]: INFO: Added function GodTarget to category OnTarget
29.06.2024 13:23:09 [ZomBerryCmdAPI]: INFO: Added function RepairTargetHands to category OnTarget
29.06.2024 13:23:09 [ZomBerryCmdAPI]: INFO: Added function RefuelAndRepair to category OnTarget
29.06.2024 13:23:09 [ZomBerryCmdAPI]: INFO: Added category ==
29.06.2024 13:23:09 [ZomBerryCmdAPI]: INFO: Added function KillTarget to category ==
29.06.2024 13:23:09 [ZomBerryCmdAPI]: INFO: Added function BiteTarget to category ==
29.06.2024 13:23:09 [ZomBerryCmdAPI]: INFO: Added function StripTarget to category ==
29.06.2024 13:23:09 [ZomBerryCmdAPI]: INFO: Added function RejectBellyTarget to category ==
29.06.2024 13:23:09 [ZomBerryCmdAPI]: INFO: Added function PsycoTarget to category ==
29.06.2024 13:23:09 [ZomBerryCmdAPI]: INFO: Added function SneezeTarget to category ==
29.06.2024 13:23:09 [ZomBerryCmdAPI]: INFO: Added function SetHealthTarget to category ==
29.06.2024 13:23:09 [ZomBerryCmdAPI]: INFO: Added function SetBloodTarget to category ==
29.06.2024 13:23:09 [ZomBerryCmdAPI]: INFO: Added category OnServer
29.06.2024 13:23:09 [ZomBerryCmdAPI]: INFO: Added function FreeCamAdm to category OnServer
29.06.2024 13:23:09 [ZomBerryCmdAPI]: INFO: Added function TimeDay to category OnServer
29.06.2024 13:23:09 [ZomBerryCmdAPI]: INFO: Added function TimeNight to category OnServer
29.06.2024 13:23:09 [ZomBerryCmdAPI]: INFO: Added function SetTime to category OnServer
29.06.2024 13:23:09 [ZomBerryCmdAPI]: INFO: Added function SetDate to category OnServer
29.06.2024 13:23:09 [ZomBerryCmdAPI]: INFO: Added function SetWeather to category OnServer
29.06.2024 13:23:09 [ZomBerryCmdAPI]: INFO: Added function DeleteObj to category OnServer
29.06.2024 13:23:09 [ZomBerryConfig]: INFO: Using admins.cfg from Profile directory
29.06.2024 13:23:09 [ZomBerryDbg]: Server ready, loading admin list from: $profile:ZomBerry\admins.cfg
29.06.2024 13:23:09 [ZomBerryConfig]: admins.cfg loaded
29.06.2024 13:23:09 [ZomBerryConfig]: Added admin: 76561198089301277
29.06.2024 13:24:48 [ZomBerryDbg]: Auth Request ignored (not an admin) MGM_762 (6CBOabJUM7Qqd7NEG4Do-ueQ7Uqvietj4ODcWmz64j4=)
29.06.2024 13:24:58 [ZomBerryDbg]: Auth respond to admin NOVAKILLSFORYOU (_i471QtP-cQO7LGlvQxSkkb6U2OdaENSi4dYAnCjv04=)
29.06.2024 13:45:37 [ZomBerryDbg]: NOVAKILLSFORYOU (_i471QtP-cQO7LGlvQxSkkb6U2OdaENSi4dYAnCjv04=) - player list sync
29.06.2024 13:45:37 [ZomBerryDbg]: NOVAKILLSFORYOU (_i471QtP-cQO7LGlvQxSkkb6U2OdaENSi4dYAnCjv04=) - function list sync
29.06.2024 13:45:47 [ZomBerryDbg]: NOVAKILLSFORYOU (_i471QtP-cQO7LGlvQxSkkb6U2OdaENSi4dYAnCjv04=) - player list sync
29.06.2024 13:45:47 [ZomBerryDbg]: NOVAKILLSFORYOU (_i471QtP-cQO7LGlvQxSkkb6U2OdaENSi4dYAnCjv04=) - function list sync
29.06.2024 13:45:51 [ZomBerryAdmin]: NOVAKILLSFORYOU (_i471QtP-cQO7LGlvQxSkkb6U2OdaENSi4dYAnCjv04=) executed DeleteObj
29.06.2024 13:45:52 [ZomBerryAdmin]: NOVAKILLSFORYOU (_i471QtP-cQO7LGlvQxSkkb6U2OdaENSi4dYAnCjv04=) executed DeleteObj
29.06.2024 13:45:53 [ZomBerryAdmin]: NOVAKILLSFORYOU (_i471QtP-cQO7LGlvQxSkkb6U2OdaENSi4dYAnCjv04=) executed DeleteObj
29.06.2024 13:45:53 [ZomBerryAdmin]: NOVAKILLSFORYOU (_i471QtP-cQO7LGlvQxSkkb6U2OdaENSi4dYAnCjv04=) executed DeleteObj
29.06.2024 13:45:53 [ZomBerryAdmin]: NOVAKILLSFORYOU (_i471QtP-cQO7LGlvQxSkkb6U2OdaENSi4dYAnCjv04=) executed DeleteObj
29.06.2024 13:45:53 [ZomBerryAdmin]: NOVAKILLSFORYOU (_i471QtP-cQO7LGlvQxSkkb6U2OdaENSi4dYAnCjv04=) executed DeleteObj
29.06.2024 13:46:01 [ZomBerryDbg]: NOVAKILLSFORYOU (_i471QtP-cQO7LGlvQxSkkb6U2OdaENSi4dYAnCjv04=) - player list sync
29.06.2024 13:46:01 [ZomBerryDbg]: NOVAKILLSFORYOU (_i471QtP-cQO7LGlvQxSkkb6U2OdaENSi4dYAnCjv04=) - function list sync
29.06.2024 13:46:07 [ZomBerryAdmin]: NOVAKILLSFORYOU (_i471QtP-cQO7LGlvQxSkkb6U2OdaENSi4dYAnCjv04=) executed DeleteObj
29.06.2024 13:46:08 [ZomBerryAdmin]: NOVAKILLSFORYOU (_i471QtP-cQO7LGlvQxSkkb6U2OdaENSi4dYAnCjv04=) executed DeleteObj
29.06.2024 13:46:17 [ZomBerryAdmin]: NOVAKILLSFORYOU (_i471QtP-cQO7LGlvQxSkkb6U2OdaENSi4dYAnCjv04=) executed DeleteObj
29.06.2024 13:53:32 [ZomBerryDbg]: NOVAKILLSFORYOU (_i471QtP-cQO7LGlvQxSkkb6U2OdaENSi4dYAnCjv04=) - player list sync
29.06.2024 13:53:32 [ZomBerryDbg]: NOVAKILLSFORYOU (_i471QtP-cQO7LGlvQxSkkb6U2OdaENSi4dYAnCjv04=) - function list sync
29.06.2024 13:53:35 [ZomBerryAdmin]: NOVAKILLSFORYOU (_i471QtP-cQO7LGlvQxSkkb6U2OdaENSi4dYAnCjv04=) executed DeleteObj
29.06.2024 13:53:37 [ZomBerryAdmin]: NOVAKILLSFORYOU (_i471QtP-cQO7LGlvQxSkkb6U2OdaENSi4dYAnCjv04=) executed DeleteObj
29.06.2024 13:53:37 [ZomBerryAdmin]: NOVAKILLSFORYOU (_i471QtP-cQO7LGlvQxSkkb6U2OdaENSi4dYAnCjv04=) executed DeleteObj
29.06.2024 14:18:02 [ZomBerryDbg]: NOVAKILLSFORYOU (_i471QtP-cQO7LGlvQxSkkb6U2OdaENSi4dYAnCjv04=) - player list sync
29.06.2024 14:18:02 [ZomBerryDbg]: NOVAKILLSFORYOU (_i471QtP-cQO7LGlvQxSkkb6U2OdaENSi4dYAnCjv04=) - function list sync
29.06.2024 14:18:14 [ZomBerryAdmin]: NOVAKILLSFORYOU (_i471QtP-cQO7LGlvQxSkkb6U2OdaENSi4dYAnCjv04=) executed RepairTargetHands on target MGM_762 (6CBOabJUM7Qqd7NEG4Do-ueQ7Uqvietj4ODcWmz64j4=)
29.06.2024 14:21:04 [ZomBerryDbg]: NOVAKILLSFORYOU (_i471QtP-cQO7LGlvQxSkkb6U2OdaENSi4dYAnCjv04=) - player list sync
29.06.2024 14:21:04 [ZomBerryDbg]: NOVAKILLSFORYOU (_i471QtP-cQO7LGlvQxSkkb6U2OdaENSi4dYAnCjv04=) - function list sync
29.06.2024 14:21:22 [ZomBerryDbg]: NOVAKILLSFORYOU (_i471QtP-cQO7LGlvQxSkkb6U2OdaENSi4dYAnCjv04=) - player list sync
29.06.2024 14:21:22 [ZomBerryDbg]: NOVAKILLSFORYOU (_i471QtP-cQO7LGlvQxSkkb6U2OdaENSi4dYAnCjv04=) - function list sync
29.06.2024 14:21:25 [ZomBerryAdmin]: NOVAKILLSFORYOU (_i471QtP-cQO7LGlvQxSkkb6U2OdaENSi4dYAnCjv04=) executed DeleteObj
29.06.2024 14:21:44 [ZomBerryDbg]: NOVAKILLSFORYOU (_i471QtP-cQO7LGlvQxSkkb6U2OdaENSi4dYAnCjv04=) - player list sync
29.06.2024 14:21:44 [ZomBerryDbg]: NOVAKILLSFORYOU (_i471QtP-cQO7LGlvQxSkkb6U2OdaENSi4dYAnCjv04=) - function list sync
29.06.2024 14:21:47 [ZomBerryAdmin]: NOVAKILLSFORYOU (_i471QtP-cQO7LGlvQxSkkb6U2OdaENSi4dYAnCjv04=) executed DeleteObj
29.06.2024 14:21:50 [ZomBerryAdmin]: NOVAKILLSFORYOU (_i471QtP-cQO7LGlvQxSkkb6U2OdaENSi4dYAnCjv04=) executed DeleteObj
29.06.2024 14:52:20 [ZomBerryDbg]: NOVAKILLSFORYOU (_i471QtP-cQO7LGlvQxSkkb6U2OdaENSi4dYAnCjv04=) - player list sync
29.06.2024 14:52:20 [ZomBerryDbg]: NOVAKILLSFORYOU (_i471QtP-cQO7LGlvQxSkkb6U2OdaENSi4dYAnCjv04=) - function list sync
29.06.2024 14:52:24 [ZomBerryAdmin]: NOVAKILLSFORYOU (_i471QtP-cQO7LGlvQxSkkb6U2OdaENSi4dYAnCjv04=) executed RepairTargetHands
29.06.2024 14:55:22 [ZomBerryDbg]: NOVAKILLSFORYOU (_i471QtP-cQO7LGlvQxSkkb6U2OdaENSi4dYAnCjv04=) - player list sync
29.06.2024 14:55:22 [ZomBerryDbg]: NOVAKILLSFORYOU (_i471QtP-cQO7LGlvQxSkkb6U2OdaENSi4dYAnCjv04=) - function list sync
29.06.2024 14:55:25 [ZomBerryAdmin]: NOVAKILLSFORYOU (_i471QtP-cQO7LGlvQxSkkb6U2OdaENSi4dYAnCjv04=) executed DeleteObj
29.06.2024 14:55:28 [ZomBerryAdmin]: NOVAKILLSFORYOU (_i471QtP-cQO7LGlvQxSkkb6U2OdaENSi4dYAnCjv04=) executed DeleteObj
29.06.2024 14:55:30 [ZomBerryAdmin]: NOVAKILLSFORYOU (_i471QtP-cQO7LGlvQxSkkb6U2OdaENSi4dYAnCjv04=) executed DeleteObj
29.06.2024 14:55:30 [ZomBerryAdmin]: NOVAKILLSFORYOU (_i471QtP-cQO7LGlvQxSkkb6U2OdaENSi4dYAnCjv04=) executed DeleteObj
29.06.2024 14:55:31 [ZomBerryAdmin]: NOVAKILLSFORYOU (_i471QtP-cQO7LGlvQxSkkb6U2OdaENSi4dYAnCjv04=) executed DeleteObj
29.06.2024 14:55:31 [ZomBerryAdmin]: NOVAKILLSFORYOU (_i471QtP-cQO7LGlvQxSkkb6U2OdaENSi4dYAnCjv04=) executed DeleteObj
29.06.2024 14:55:31 [ZomBerryAdmin]: NOVAKILLSFORYOU (_i471QtP-cQO7LGlvQxSkkb6U2OdaENSi4dYAnCjv04=) executed DeleteObj
29.06.2024 14:55:31 [ZomBerryAdmin]: NOVAKILLSFORYOU (_i471QtP-cQO7LGlvQxSkkb6U2OdaENSi4dYAnCjv04=) executed DeleteObj
29.06.2024 14:55:31 [ZomBerryAdmin]: NOVAKILLSFORYOU (_i471QtP-cQO7LGlvQxSkkb6U2OdaENSi4dYAnCjv04=) executed DeleteObj
29.06.2024 14:55:32 [ZomBerryAdmin]: NOVAKILLSFORYOU (_i471QtP-cQO7LGlvQxSkkb6U2OdaENSi4dYAnCjv04=) executed DeleteObj
29.06.2024 14:55:32 [ZomBerryAdmin]: NOVAKILLSFORYOU (_i471QtP-cQO7LGlvQxSkkb6U2OdaENSi4dYAnCjv04=) executed DeleteObj
29.06.2024 14:55:32 [ZomBerryAdmin]: NOVAKILLSFORYOU (_i471QtP-cQO7LGlvQxSkkb6U2OdaENSi4dYAnCjv04=) executed DeleteObj
29.06.2024 14:55:32 [ZomBerryAdmin]: NOVAKILLSFORYOU (_i471QtP-cQO7LGlvQxSkkb6U2OdaENSi4dYAnCjv04=) executed DeleteObj
29.06.2024 14:55:33 [ZomBerryAdmin]: NOVAKILLSFORYOU (_i471QtP-cQO7LGlvQxSkkb6U2OdaENSi4dYAnCjv04=) executed DeleteObj
29.06.2024 14:55:33 [ZomBerryAdmin]: NOVAKILLSFORYOU (_i471QtP-cQO7LGlvQxSkkb6U2OdaENSi4dYAnCjv04=) executed DeleteObj
29.06.2024 14:55:37 [ZomBerryDbg]: NOVAKILLSFORYOU (_i471QtP-cQO7LGlvQxSkkb6U2OdaENSi4dYAnCjv04=) - player list sync
29.06.2024 14:55:37 [ZomBerryDbg]: NOVAKILLSFORYOU (_i471QtP-cQO7LGlvQxSkkb6U2OdaENSi4dYAnCjv04=) - function list sync
29.06.2024 14:55:42 [ZomBerryAdmin]: NOVAKILLSFORYOU (_i471QtP-cQO7LGlvQxSkkb6U2OdaENSi4dYAnCjv04=) executed DeleteObj
29.06.2024 14:55:43 [ZomBerryAdmin]: NOVAKILLSFORYOU (_i471QtP-cQO7LGlvQxSkkb6U2OdaENSi4dYAnCjv04=) executed DeleteObj
29.06.2024 14:55:44 [ZomBerryAdmin]: NOVAKILLSFORYOU (_i471QtP-cQO7LGlvQxSkkb6U2OdaENSi4dYAnCjv04=) executed DeleteObj
29.06.2024 14:55:44 [ZomBerryAdmin]: NOVAKILLSFORYOU (_i471QtP-cQO7LGlvQxSkkb6U2OdaENSi4dYAnCjv04=) executed DeleteObj
29.06.2024 14:55:44 [ZomBerryAdmin]: NOVAKILLSFORYOU (_i471QtP-cQO7LGlvQxSkkb6U2OdaENSi4dYAnCjv04=) executed DeleteObj
29.06.2024 14:55:44 [ZomBerryAdmin]: NOVAKILLSFORYOU (_i471QtP-cQO7LGlvQxSkkb6U2OdaENSi4dYAnCjv04=) executed DeleteObj
29.06.2024 14:55:45 [ZomBerryAdmin]: NOVAKILLSFORYOU (_i471QtP-cQO7LGlvQxSkkb6U2OdaENSi4dYAnCjv04=) executed DeleteObj
29.06.2024 14:55:45 [ZomBerryAdmin]: NOVAKILLSFORYOU (_i471QtP-cQO7LGlvQxSkkb6U2OdaENSi4dYAnCjv04=) executed DeleteObj
29.06.2024 14:55:45 [ZomBerryAdmin]: NOVAKILLSFORYOU (_i471QtP-cQO7LGlvQxSkkb6U2OdaENSi4dYAnCjv04=) executed DeleteObj
29.06.2024 14:55:45 [ZomBerryAdmin]: NOVAKILLSFORYOU (_i471QtP-cQO7LGlvQxSkkb6U2OdaENSi4dYAnCjv04=) executed DeleteObj
29.06.2024 14:55:45 [ZomBerryAdmin]: NOVAKILLSFORYOU (_i471QtP-cQO7LGlvQxSkkb6U2OdaENSi4dYAnCjv04=) executed DeleteObj
29.06.2024 14:55:49 [ZomBerryDbg]: NOVAKILLSFORYOU (_i471QtP-cQO7LGlvQxSkkb6U2OdaENSi4dYAnCjv04=) - player list sync
29.06.2024 14:55:49 [ZomBerryDbg]: NOVAKILLSFORYOU (_i471QtP-cQO7LGlvQxSkkb6U2OdaENSi4dYAnCjv04=) - function list sync
29.06.2024 14:55:51 [ZomBerryAdmin]: NOVAKILLSFORYOU (_i471QtP-cQO7LGlvQxSkkb6U2OdaENSi4dYAnCjv04=) executed DeleteObj
29.06.2024 14:55:52 [ZomBerryAdmin]: NOVAKILLSFORYOU (_i471QtP-cQO7LGlvQxSkkb6U2OdaENSi4dYAnCjv04=) executed DeleteObj
29.06.2024 14:55:54 [ZomBerryAdmin]: NOVAKILLSFORYOU (_i471QtP-cQO7LGlvQxSkkb6U2OdaENSi4dYAnCjv04=) executed DeleteObj
29.06.2024 14:55:54 [ZomBerryAdmin]: NOVAKILLSFORYOU (_i471QtP-cQO7LGlvQxSkkb6U2OdaENSi4dYAnCjv04=) executed DeleteObj
29.06.2024 14:55:54 [ZomBerryAdmin]: NOVAKILLSFORYOU (_i471QtP-cQO7LGlvQxSkkb6U2OdaENSi4dYAnCjv04=) executed DeleteObj
29.06.2024 14:55:55 [ZomBerryAdmin]: NOVAKILLSFORYOU (_i471QtP-cQO7LGlvQxSkkb6U2OdaENSi4dYAnCjv04=) executed DeleteObj
29.06.2024 14:56:01 [ZomBerryDbg]: NOVAKILLSFORYOU (_i471QtP-cQO7LGlvQxSkkb6U2OdaENSi4dYAnCjv04=) - player list sync
29.06.2024 14:56:01 [ZomBerryDbg]: NOVAKILLSFORYOU (_i471QtP-cQO7LGlvQxSkkb6U2OdaENSi4dYAnCjv04=) - function list sync
29.06.2024 14:56:04 [ZomBerryAdmin]: NOVAKILLSFORYOU (_i471QtP-cQO7LGlvQxSkkb6U2OdaENSi4dYAnCjv04=) executed DeleteObj
29.06.2024 14:56:05 [ZomBerryAdmin]: NOVAKILLSFORYOU (_i471QtP-cQO7LGlvQxSkkb6U2OdaENSi4dYAnCjv04=) executed DeleteObj
29.06.2024 14:56:05 [ZomBerryAdmin]: NOVAKILLSFORYOU (_i471QtP-cQO7LGlvQxSkkb6U2OdaENSi4dYAnCjv04=) executed DeleteObj
29.06.2024 14:56:05 [ZomBerryAdmin]: NOVAKILLSFORYOU (_i471QtP-cQO7LGlvQxSkkb6U2OdaENSi4dYAnCjv04=) executed DeleteObj
29.06.2024 14:56:06 [ZomBerryAdmin]: NOVAKILLSFORYOU (_i471QtP-cQO7LGlvQxSkkb6U2OdaENSi4dYAnCjv04=) executed DeleteObj
29.06.2024 14:56:06 [ZomBerryAdmin]: NOVAKILLSFORYOU (_i471QtP-cQO7LGlvQxSkkb6U2OdaENSi4dYAnCjv04=) executed DeleteObj
29.06.2024 14:56:06 [ZomBerryAdmin]: NOVAKILLSFORYOU (_i471QtP-cQO7LGlvQxSkkb6U2OdaENSi4dYAnCjv04=) executed DeleteObj
29.06.2024 14:56:06 [ZomBerryAdmin]: NOVAKILLSFORYOU (_i471QtP-cQO7LGlvQxSkkb6U2OdaENSi4dYAnCjv04=) executed DeleteObj
29.06.2024 14:56:06 [ZomBerryAdmin]: NOVAKILLSFORYOU (_i471QtP-cQO7LGlvQxSkkb6U2OdaENSi4dYAnCjv04=) executed DeleteObj
29.06.2024 14:56:06 [ZomBerryAdmin]: NOVAKILLSFORYOU (_i471QtP-cQO7LGlvQxSkkb6U2OdaENSi4dYAnCjv04=) executed DeleteObj
29.06.2024 14:56:07 [ZomBerryAdmin]: NOVAKILLSFORYOU (_i471QtP-cQO7LGlvQxSkkb6U2OdaENSi4dYAnCjv04=) executed DeleteObj
29.06.2024 14:56:07 [ZomBerryAdmin]: NOVAKILLSFORYOU (_i471QtP-cQO7LGlvQxSkkb6U2OdaENSi4dYAnCjv04=) executed DeleteObj
29.06.2024 14:56:07 [ZomBerryAdmin]: NOVAKILLSFORYOU (_i471QtP-cQO7LGlvQxSkkb6U2OdaENSi4dYAnCjv04=) executed DeleteObj
29.06.2024 14:56:07 [ZomBerryAdmin]: NOVAKILLSFORYOU (_i471QtP-cQO7LGlvQxSkkb6U2OdaENSi4dYAnCjv04=) executed DeleteObj
29.06.2024 14:56:07 [ZomBerryAdmin]: NOVAKILLSFORYOU (_i471QtP-cQO7LGlvQxSkkb6U2OdaENSi4dYAnCjv04=) executed DeleteObj
29.06.2024 14:56:13 [ZomBerryDbg]: NOVAKILLSFORYOU (_i471QtP-cQO7LGlvQxSkkb6U2OdaENSi4dYAnCjv04=) - player list sync
29.06.2024 14:56:13 [ZomBerryDbg]: NOVAKILLSFORYOU (_i471QtP-cQO7LGlvQxSkkb6U2OdaENSi4dYAnCjv04=) - function list sync
29.06.2024 14:56:16 [ZomBerryAdmin]: NOVAKILLSFORYOU (_i471QtP-cQO7LGlvQxSkkb6U2OdaENSi4dYAnCjv04=) executed DeleteObj
29.06.2024 14:56:16 [ZomBerryAdmin]: NOVAKILLSFORYOU (_i471QtP-cQO7LGlvQxSkkb6U2OdaENSi4dYAnCjv04=) executed DeleteObj
29.06.2024 14:56:17 [ZomBerryAdmin]: NOVAKILLSFORYOU (_i471QtP-cQO7LGlvQxSkkb6U2OdaENSi4dYAnCjv04=) executed DeleteObj
29.06.2024 14:56:17 [ZomBerryAdmin]: NOVAKILLSFORYOU (_i471QtP-cQO7LGlvQxSkkb6U2OdaENSi4dYAnCjv04=) executed DeleteObj
29.06.2024 14:56:17 [ZomBerryAdmin]: NOVAKILLSFORYOU (_i471QtP-cQO7LGlvQxSkkb6U2OdaENSi4dYAnCjv04=) executed DeleteObj
29.06.2024 14:56:17 [ZomBerryAdmin]: NOVAKILLSFORYOU (_i471QtP-cQO7LGlvQxSkkb6U2OdaENSi4dYAnCjv04=) executed DeleteObj
29.06.2024 14:56:17 [ZomBerryAdmin]: NOVAKILLSFORYOU (_i471QtP-cQO7LGlvQxSkkb6U2OdaENSi4dYAnCjv04=) executed DeleteObj
29.06.2024 14:56:17 [ZomBerryAdmin]: NOVAKILLSFORYOU (_i471QtP-cQO7LGlvQxSkkb6U2OdaENSi4dYAnCjv04=) executed DeleteObj
29.06.2024 14:56:18 [ZomBerryAdmin]: NOVAKILLSFORYOU (_i471QtP-cQO7LGlvQxSkkb6U2OdaENSi4dYAnCjv04=) executed DeleteObj
29.06.2024 14:56:18 [ZomBerryAdmin]: NOVAKILLSFORYOU (_i471QtP-cQO7LGlvQxSkkb6U2OdaENSi4dYAnCjv04=) executed DeleteObj
29.06.2024 14:56:18 [ZomBerryAdmin]: NOVAKILLSFORYOU (_i471QtP-cQO7LGlvQxSkkb6U2OdaENSi4dYAnCjv04=) executed DeleteObj
29.06.2024 14:56:18 [ZomBerryAdmin]: NOVAKILLSFORYOU (_i471QtP-cQO7LGlvQxSkkb6U2OdaENSi4dYAnCjv04=) executed DeleteObj
29.06.2024 14:56:18 [ZomBerryAdmin]: NOVAKILLSFORYOU (_i471QtP-cQO7LGlvQxSkkb6U2OdaENSi4dYAnCjv04=) executed DeleteObj
29.06.2024 14:56:18 [ZomBerryAdmin]: NOVAKILLSFORYOU (_i471QtP-cQO7LGlvQxSkkb6U2OdaENSi4dYAnCjv04=) executed DeleteObj
29.06.2024 14:56:19 [ZomBerryAdmin]: NOVAKILLSFORYOU (_i471QtP-cQO7LGlvQxSkkb6U2OdaENSi4dYAnCjv04=) executed DeleteObj
29.06.2024 14:56:27 [ZomBerryDbg]: NOVAKILLSFORYOU (_i471QtP-cQO7LGlvQxSkkb6U2OdaENSi4dYAnCjv04=) - player list sync
29.06.2024 14:56:27 [ZomBerryDbg]: NOVAKILLSFORYOU (_i471QtP-cQO7LGlvQxSkkb6U2OdaENSi4dYAnCjv04=) - function list sync
29.06.2024 14:56:31 [ZomBerryAdmin]: NOVAKILLSFORYOU (_i471QtP-cQO7LGlvQxSkkb6U2OdaENSi4dYAnCjv04=) executed DeleteObj
29.06.2024 14:56:31 [ZomBerryAdmin]: NOVAKILLSFORYOU (_i471QtP-cQO7LGlvQxSkkb6U2OdaENSi4dYAnCjv04=) executed DeleteObj
29.06.2024 14:56:32 [ZomBerryAdmin]: NOVAKILLSFORYOU (_i471QtP-cQO7LGlvQxSkkb6U2OdaENSi4dYAnCjv04=) executed DeleteObj
29.06.2024 14:56:32 [ZomBerryAdmin]: NOVAKILLSFORYOU (_i471QtP-cQO7LGlvQxSkkb6U2OdaENSi4dYAnCjv04=) executed DeleteObj
29.06.2024 14:56:32 [ZomBerryAdmin]: NOVAKILLSFORYOU (_i471QtP-cQO7LGlvQxSkkb6U2OdaENSi4dYAnCjv04=) executed DeleteObj
29.06.2024 14:56:32 [ZomBerryAdmin]: NOVAKILLSFORYOU (_i471QtP-cQO7LGlvQxSkkb6U2OdaENSi4dYAnCjv04=) executed DeleteObj
29.06.2024 14:56:32 [ZomBerryAdmin]: NOVAKILLSFORYOU (_i471QtP-cQO7LGlvQxSkkb6U2OdaENSi4dYAnCjv04=) executed DeleteObj
29.06.2024 14:56:32 [ZomBerryAdmin]: NOVAKILLSFORYOU (_i471QtP-cQO7LGlvQxSkkb6U2OdaENSi4dYAnCjv04=) executed DeleteObj
29.06.2024 14:56:33 [ZomBerryAdmin]: NOVAKILLSFORYOU (_i471QtP-cQO7LGlvQxSkkb6U2OdaENSi4dYAnCjv04=) executed DeleteObj
29.06.2024 14:56:33 [ZomBerryAdmin]: NOVAKILLSFORYOU (_i471QtP-cQO7LGlvQxSkkb6U2OdaENSi4dYAnCjv04=) executed DeleteObj
29.06.2024 14:56:33 [ZomBerryAdmin]: NOVAKILLSFORYOU (_i471QtP-cQO7LGlvQxSkkb6U2OdaENSi4dYAnCjv04=) executed DeleteObj
29.06.2024 14:56:33 [ZomBerryAdmin]: NOVAKILLSFORYOU (_i471QtP-cQO7LGlvQxSkkb6U2OdaENSi4dYAnCjv04=) executed DeleteObj
29.06.2024 14:56:33 [ZomBerryAdmin]: NOVAKILLSFORYOU (_i471QtP-cQO7LGlvQxSkkb6U2OdaENSi4dYAnCjv04=) executed DeleteObj
29.06.2024 14:56:33 [ZomBerryAdmin]: NOVAKILLSFORYOU (_i471QtP-cQO7LGlvQxSkkb6U2OdaENSi4dYAnCjv04=) executed DeleteObj
29.06.2024 14:56:34 [ZomBerryAdmin]: NOVAKILLSFORYOU (_i471QtP-cQO7LGlvQxSkkb6U2OdaENSi4dYAnCjv04=) executed DeleteObj
29.06.2024 14:56:34 [ZomBerryAdmin]: NOVAKILLSFORYOU (_i471QtP-cQO7LGlvQxSkkb6U2OdaENSi4dYAnCjv04=) executed DeleteObj
29.06.2024 14:56:34 [ZomBerryAdmin]: NOVAKILLSFORYOU (_i471QtP-cQO7LGlvQxSkkb6U2OdaENSi4dYAnCjv04=) executed DeleteObj
29.06.2024 14:56:34 [ZomBerryAdmin]: NOVAKILLSFORYOU (_i471QtP-cQO7LGlvQxSkkb6U2OdaENSi4dYAnCjv04=) executed DeleteObj
29.06.2024 14:56:35 [ZomBerryAdmin]: NOVAKILLSFORYOU (_i471QtP-cQO7LGlvQxSkkb6U2OdaENSi4dYAnCjv04=) executed DeleteObj
29.06.2024 14:56:35 [ZomBerryAdmin]: NOVAKILLSFORYOU (_i471QtP-cQO7LGlvQxSkkb6U2OdaENSi4dYAnCjv04=) executed DeleteObj
29.06.2024 14:56:35 [ZomBerryAdmin]: NOVAKILLSFORYOU (_i471QtP-cQO7LGlvQxSkkb6U2OdaENSi4dYAnCjv04=) executed DeleteObj
29.06.2024 14:56:35 [ZomBerryAdmin]: NOVAKILLSFORYOU (_i471QtP-cQO7LGlvQxSkkb6U2OdaENSi4dYAnCjv04=) executed DeleteObj
29.06.2024 14:56:35 [ZomBerryAdmin]: NOVAKILLSFORYOU (_i471QtP-cQO7LGlvQxSkkb6U2OdaENSi4dYAnCjv04=) executed DeleteObj
29.06.2024 14:56:35 [ZomBerryAdmin]: NOVAKILLSFORYOU (_i471QtP-cQO7LGlvQxSkkb6U2OdaENSi4dYAnCjv04=) executed DeleteObj
29.06.2024 14:56:35 [ZomBerryAdmin]: NOVAKILLSFORYOU (_i471QtP-cQO7LGlvQxSkkb6U2OdaENSi4dYAnCjv04=) executed DeleteObj
29.06.2024 14:56:42 [ZomBerryDbg]: NOVAKILLSFORYOU (_i471QtP-cQO7LGlvQxSkkb6U2OdaENSi4dYAnCjv04=) - player list sync
29.06.2024 14:56:42 [ZomBerryDbg]: NOVAKILLSFORYOU (_i471QtP-cQO7LGlvQxSkkb6U2OdaENSi4dYAnCjv04=) - function list sync
29.06.2024 14:56:44 [ZomBerryAdmin]: NOVAKILLSFORYOU (_i471QtP-cQO7LGlvQxSkkb6U2OdaENSi4dYAnCjv04=) executed DeleteObj
29.06.2024 14:56:45 [ZomBerryAdmin]: NOVAKILLSFORYOU (_i471QtP-cQO7LGlvQxSkkb6U2OdaENSi4dYAnCjv04=) executed DeleteObj
29.06.2024 14:56:45 [ZomBerryAdmin]: NOVAKILLSFORYOU (_i471QtP-cQO7LGlvQxSkkb6U2OdaENSi4dYAnCjv04=) executed DeleteObj
29.06.2024 14:56:45 [ZomBerryAdmin]: NOVAKILLSFORYOU (_i471QtP-cQO7LGlvQxSkkb6U2OdaENSi4dYAnCjv04=) executed DeleteObj
29.06.2024 14:56:45 [ZomBerryAdmin]: NOVAKILLSFORYOU (_i471QtP-cQO7LGlvQxSkkb6U2OdaENSi4dYAnCjv04=) executed DeleteObj
29.06.2024 14:56:45 [ZomBerryAdmin]: NOVAKILLSFORYOU (_i471QtP-cQO7LGlvQxSkkb6U2OdaENSi4dYAnCjv04=) executed DeleteObj
29.06.2024 14:56:45 [ZomBerryAdmin]: NOVAKILLSFORYOU (_i471QtP-cQO7LGlvQxSkkb6U2OdaENSi4dYAnCjv04=) executed DeleteObj
29.06.2024 14:56:46 [ZomBerryAdmin]: NOVAKILLSFORYOU (_i471QtP-cQO7LGlvQxSkkb6U2OdaENSi4dYAnCjv04=) executed DeleteObj
29.06.2024 14:56:46 [ZomBerryAdmin]: NOVAKILLSFORYOU (_i471QtP-cQO7LGlvQxSkkb6U2OdaENSi4dYAnCjv04=) executed DeleteObj
29.06.2024 14:56:46 [ZomBerryAdmin]: NOVAKILLSFORYOU (_i471QtP-cQO7LGlvQxSkkb6U2OdaENSi4dYAnCjv04=) executed DeleteObj
29.06.2024 14:56:46 [ZomBerryAdmin]: NOVAKILLSFORYOU (_i471QtP-cQO7LGlvQxSkkb6U2OdaENSi4dYAnCjv04=) executed DeleteObj
29.06.2024 14:56:46 [ZomBerryAdmin]: NOVAKILLSFORYOU (_i471QtP-cQO7LGlvQxSkkb6U2OdaENSi4dYAnCjv04=) executed DeleteObj
29.06.2024 14:56:46 [ZomBerryAdmin]: NOVAKILLSFORYOU (_i471QtP-cQO7LGlvQxSkkb6U2OdaENSi4dYAnCjv04=) executed DeleteObj
29.06.2024 14:56:47 [ZomBerryAdmin]: NOVAKILLSFORYOU (_i471QtP-cQO7LGlvQxSkkb6U2OdaENSi4dYAnCjv04=) executed DeleteObj
29.06.2024 14:56:53 [ZomBerryDbg]: NOVAKILLSFORYOU (_i471QtP-cQO7LGlvQxSkkb6U2OdaENSi4dYAnCjv04=) - player list sync
29.06.2024 14:56:53 [ZomBerryDbg]: NOVAKILLSFORYOU (_i471QtP-cQO7LGlvQxSkkb6U2OdaENSi4dYAnCjv04=) - function list sync
29.06.2024 14:56:56 [ZomBerryAdmin]: NOVAKILLSFORYOU (_i471QtP-cQO7LGlvQxSkkb6U2OdaENSi4dYAnCjv04=) executed DeleteObj
29.06.2024 14:56:56 [ZomBerryAdmin]: NOVAKILLSFORYOU (_i471QtP-cQO7LGlvQxSkkb6U2OdaENSi4dYAnCjv04=) executed DeleteObj
29.06.2024 14:56:56 [ZomBerryAdmin]: NOVAKILLSFORYOU (_i471QtP-cQO7LGlvQxSkkb6U2OdaENSi4dYAnCjv04=) executed DeleteObj
29.06.2024 14:56:56 [ZomBerryAdmin]: NOVAKILLSFORYOU (_i471QtP-cQO7LGlvQxSkkb6U2OdaENSi4dYAnCjv04=) executed DeleteObj
29.06.2024 14:56:57 [ZomBerryAdmin]: NOVAKILLSFORYOU (_i471QtP-cQO7LGlvQxSkkb6U2OdaENSi4dYAnCjv04=) executed DeleteObj
29.06.2024 14:56:57 [ZomBerryAdmin]: NOVAKILLSFORYOU (_i471QtP-cQO7LGlvQxSkkb6U2OdaENSi4dYAnCjv04=) executed DeleteObj
29.06.2024 14:56:57 [ZomBerryAdmin]: NOVAKILLSFORYOU (_i471QtP-cQO7LGlvQxSkkb6U2OdaENSi4dYAnCjv04=) executed DeleteObj
29.06.2024 14:56:57 [ZomBerryAdmin]: NOVAKILLSFORYOU (_i471QtP-cQO7LGlvQxSkkb6U2OdaENSi4dYAnCjv04=) executed DeleteObj
29.06.2024 14:56:58 [ZomBerryAdmin]: NOVAKILLSFORYOU (_i471QtP-cQO7LGlvQxSkkb6U2OdaENSi4dYAnCjv04=) executed DeleteObj
29.06.2024 14:56:59 [ZomBerryAdmin]: NOVAKILLSFORYOU (_i471QtP-cQO7LGlvQxSkkb6U2OdaENSi4dYAnCjv04=) executed DeleteObj
29.06.2024 14:56:59 [ZomBerryAdmin]: NOVAKILLSFORYOU (_i471QtP-cQO7LGlvQxSkkb6U2OdaENSi4dYAnCjv04=) executed DeleteObj
29.06.2024 14:57:03 [ZomBerryDbg]: NOVAKILLSFORYOU (_i471QtP-cQO7LGlvQxSkkb6U2OdaENSi4dYAnCjv04=) - player list sync
29.06.2024 14:57:03 [ZomBerryDbg]: NOVAKILLSFORYOU (_i471QtP-cQO7LGlvQxSkkb6U2OdaENSi4dYAnCjv04=) - function list sync
29.06.2024 14:57:05 [ZomBerryAdmin]: NOVAKILLSFORYOU (_i471QtP-cQO7LGlvQxSkkb6U2OdaENSi4dYAnCjv04=) executed DeleteObj
29.06.2024 14:57:05 [ZomBerryAdmin]: NOVAKILLSFORYOU (_i471QtP-cQO7LGlvQxSkkb6U2OdaENSi4dYAnCjv04=) executed DeleteObj
29.06.2024 14:57:06 [ZomBerryAdmin]: NOVAKILLSFORYOU (_i471QtP-cQO7LGlvQxSkkb6U2OdaENSi4dYAnCjv04=) executed DeleteObj
29.06.2024 14:57:06 [ZomBerryAdmin]: NOVAKILLSFORYOU (_i471QtP-cQO7LGlvQxSkkb6U2OdaENSi4dYAnCjv04=) executed DeleteObj
29.06.2024 14:57:07 [ZomBerryAdmin]: NOVAKILLSFORYOU (_i471QtP-cQO7LGlvQxSkkb6U2OdaENSi4dYAnCjv04=) executed DeleteObj
29.06.2024 14:57:07 [ZomBerryAdmin]: NOVAKILLSFORYOU (_i471QtP-cQO7LGlvQxSkkb6U2OdaENSi4dYAnCjv04=) executed DeleteObj
29.06.2024 14:57:07 [ZomBerryAdmin]: NOVAKILLSFORYOU (_i471QtP-cQO7LGlvQxSkkb6U2OdaENSi4dYAnCjv04=) executed DeleteObj
29.06.2024 14:57:07 [ZomBerryAdmin]: NOVAKILLSFORYOU (_i471QtP-cQO7LGlvQxSkkb6U2OdaENSi4dYAnCjv04=) executed DeleteObj
29.06.2024 14:57:08 [ZomBerryAdmin]: NOVAKILLSFORYOU (_i471QtP-cQO7LGlvQxSkkb6U2OdaENSi4dYAnCjv04=) executed DeleteObj
29.06.2024 14:57:08 [ZomBerryAdmin]: NOVAKILLSFORYOU (_i471QtP-cQO7LGlvQxSkkb6U2OdaENSi4dYAnCjv04=) executed DeleteObj
29.06.2024 14:57:13 [ZomBerryDbg]: NOVAKILLSFORYOU (_i471QtP-cQO7LGlvQxSkkb6U2OdaENSi4dYAnCjv04=) - player list sync
29.06.2024 14:57:13 [ZomBerryDbg]: NOVAKILLSFORYOU (_i471QtP-cQO7LGlvQxSkkb6U2OdaENSi4dYAnCjv04=) - function list sync
29.06.2024 14:57:16 [ZomBerryAdmin]: NOVAKILLSFORYOU (_i471QtP-cQO7LGlvQxSkkb6U2OdaENSi4dYAnCjv04=) executed DeleteObj
29.06.2024 14:57:16 [ZomBerryAdmin]: NOVAKILLSFORYOU (_i471QtP-cQO7LGlvQxSkkb6U2OdaENSi4dYAnCjv04=) executed DeleteObj
29.06.2024 14:57:16 [ZomBerryAdmin]: NOVAKILLSFORYOU (_i471QtP-cQO7LGlvQxSkkb6U2OdaENSi4dYAnCjv04=) executed DeleteObj
29.06.2024 14:57:17 [ZomBerryAdmin]: NOVAKILLSFORYOU (_i471QtP-cQO7LGlvQxSkkb6U2OdaENSi4dYAnCjv04=) executed DeleteObj
29.06.2024 14:57:17 [ZomBerryAdmin]: NOVAKILLSFORYOU (_i471QtP-cQO7LGlvQxSkkb6U2OdaENSi4dYAnCjv04=) executed DeleteObj
29.06.2024 14:57:17 [ZomBerryAdmin]: NOVAKILLSFORYOU (_i471QtP-cQO7LGlvQxSkkb6U2OdaENSi4dYAnCjv04=) executed DeleteObj
29.06.2024 14:57:17 [ZomBerryAdmin]: NOVAKILLSFORYOU (_i471QtP-cQO7LGlvQxSkkb6U2OdaENSi4dYAnCjv04=) executed DeleteObj
29.06.2024 14:57:17 [ZomBerryAdmin]: NOVAKILLSFORYOU (_i471QtP-cQO7LGlvQxSkkb6U2OdaENSi4dYAnCjv04=) executed DeleteObj
29.06.2024 14:57:17 [ZomBerryAdmin]: NOVAKILLSFORYOU (_i471QtP-cQO7LGlvQxSkkb6U2OdaENSi4dYAnCjv04=) executed DeleteObj
29.06.2024 14:57:18 [ZomBerryAdmin]: NOVAKILLSFORYOU (_i471QtP-cQO7LGlvQxSkkb6U2OdaENSi4dYAnCjv04=) executed DeleteObj
29.06.2024 14:57:18 [ZomBerryAdmin]: NOVAKILLSFORYOU (_i471QtP-cQO7LGlvQxSkkb6U2OdaENSi4dYAnCjv04=) executed DeleteObj
29.06.2024 14:57:18 [ZomBerryAdmin]: NOVAKILLSFORYOU (_i471QtP-cQO7LGlvQxSkkb6U2OdaENSi4dYAnCjv04=) executed DeleteObj
29.06.2024 14:57:18 [ZomBerryAdmin]: NOVAKILLSFORYOU (_i471QtP-cQO7LGlvQxSkkb6U2OdaENSi4dYAnCjv04=) executed DeleteObj
29.06.2024 14:57:19 [ZomBerryAdmin]: NOVAKILLSFORYOU (_i471QtP-cQO7LGlvQxSkkb6U2OdaENSi4dYAnCjv04=) executed DeleteObj
29.06.2024 14:57:19 [ZomBerryAdmin]: NOVAKILLSFORYOU (_i471QtP-cQO7LGlvQxSkkb6U2OdaENSi4dYAnCjv04=) executed DeleteObj
29.06.2024 14:57:19 [ZomBerryAdmin]: NOVAKILLSFORYOU (_i471QtP-cQO7LGlvQxSkkb6U2OdaENSi4dYAnCjv04=) executed DeleteObj
29.06.2024 14:57:20 [ZomBerryAdmin]: NOVAKILLSFORYOU (_i471QtP-cQO7LGlvQxSkkb6U2OdaENSi4dYAnCjv04=) executed DeleteObj
29.06.2024 14:57:20 [ZomBerryAdmin]: NOVAKILLSFORYOU (_i471QtP-cQO7LGlvQxSkkb6U2OdaENSi4dYAnCjv04=) executed DeleteObj
29.06.2024 14:57:20 [ZomBerryAdmin]: NOVAKILLSFORYOU (_i471QtP-cQO7LGlvQxSkkb6U2OdaENSi4dYAnCjv04=) executed DeleteObj
29.06.2024 14:57:20 [ZomBerryAdmin]: NOVAKILLSFORYOU (_i471QtP-cQO7LGlvQxSkkb6U2OdaENSi4dYAnCjv04=) executed DeleteObj
29.06.2024 14:57:21 [ZomBerryAdmin]: NOVAKILLSFORYOU (_i471QtP-cQO7LGlvQxSkkb6U2OdaENSi4dYAnCjv04=) executed DeleteObj
29.06.2024 14:57:21 [ZomBerryAdmin]: NOVAKILLSFORYOU (_i471QtP-cQO7LGlvQxSkkb6U2OdaENSi4dYAnCjv04=) executed DeleteObj
29.06.2024 14:57:21 [ZomBerryAdmin]: NOVAKILLSFORYOU (_i471QtP-cQO7LGlvQxSkkb6U2OdaENSi4dYAnCjv04=) executed DeleteObj
29.06.2024 14:57:22 [ZomBerryAdmin]: NOVAKILLSFORYOU (_i471QtP-cQO7LGlvQxSkkb6U2OdaENSi4dYAnCjv04=) executed DeleteObj
29.06.2024 14:57:22 [ZomBerryAdmin]: NOVAKILLSFORYOU (_i471QtP-cQO7LGlvQxSkkb6U2OdaENSi4dYAnCjv04=) executed DeleteObj
29.06.2024 14:57:22 [ZomBerryAdmin]: NOVAKILLSFORYOU (_i471QtP-cQO7LGlvQxSkkb6U2OdaENSi4dYAnCjv04=) executed DeleteObj
29.06.2024 14:57:22 [ZomBerryAdmin]: NOVAKILLSFORYOU (_i471QtP-cQO7LGlvQxSkkb6U2OdaENSi4dYAnCjv04=) executed DeleteObj
29.06.2024 14:57:23 [ZomBerryAdmin]: NOVAKILLSFORYOU (_i471QtP-cQO7LGlvQxSkkb6U2OdaENSi4dYAnCjv04=) executed DeleteObj
29.06.2024 14:57:23 [ZomBerryAdmin]: NOVAKILLSFORYOU (_i471QtP-cQO7LGlvQxSkkb6U2OdaENSi4dYAnCjv04=) executed DeleteObj
29.06.2024 14:57:23 [ZomBerryAdmin]: NOVAKILLSFORYOU (_i471QtP-cQO7LGlvQxSkkb6U2OdaENSi4dYAnCjv04=) executed DeleteObj
29.06.2024 14:57:24 [ZomBerryAdmin]: NOVAKILLSFORYOU (_i471QtP-cQO7LGlvQxSkkb6U2OdaENSi4dYAnCjv04=) executed DeleteObj
29.06.2024 14:57:24 [ZomBerryAdmin]: NOVAKILLSFORYOU (_i471QtP-cQO7LGlvQxSkkb6U2OdaENSi4dYAnCjv04=) executed DeleteObj
29.06.2024 14:57:24 [ZomBerryAdmin]: NOVAKILLSFORYOU (_i471QtP-cQO7LGlvQxSkkb6U2OdaENSi4dYAnCjv04=) executed DeleteObj
29.06.2024 14:57:24 [ZomBerryAdmin]: NOVAKILLSFORYOU (_i471QtP-cQO7LGlvQxSkkb6U2OdaENSi4dYAnCjv04=) executed DeleteObj
29.06.2024 14:57:25 [ZomBerryAdmin]: NOVAKILLSFORYOU (_i471QtP-cQO7LGlvQxSkkb6U2OdaENSi4dYAnCjv04=) executed DeleteObj
29.06.2024 14:57:25 [ZomBerryAdmin]: NOVAKILLSFORYOU (_i471QtP-cQO7LGlvQxSkkb6U2OdaENSi4dYAnCjv04=) executed DeleteObj
29.06.2024 14:57:25 [ZomBerryAdmin]: NOVAKILLSFORYOU (_i471QtP-cQO7LGlvQxSkkb6U2OdaENSi4dYAnCjv04=) executed DeleteObj
29.06.2024 14:57:26 [ZomBerryAdmin]: NOVAKILLSFORYOU (_i471QtP-cQO7LGlvQxSkkb6U2OdaENSi4dYAnCjv04=) executed DeleteObj
29.06.2024 14:57:26 [ZomBerryAdmin]: NOVAKILLSFORYOU (_i471QtP-cQO7LGlvQxSkkb6U2OdaENSi4dYAnCjv04=) executed DeleteObj
29.06.2024 14:57:26 [ZomBerryAdmin]: NOVAKILLSFORYOU (_i471QtP-cQO7LGlvQxSkkb6U2OdaENSi4dYAnCjv04=) executed DeleteObj
29.06.2024 14:57:26 [ZomBerryAdmin]: NOVAKILLSFORYOU (_i471QtP-cQO7LGlvQxSkkb6U2OdaENSi4dYAnCjv04=) executed DeleteObj
29.06.2024 14:57:26 [ZomBerryAdmin]: NOVAKILLSFORYOU (_i471QtP-cQO7LGlvQxSkkb6U2OdaENSi4dYAnCjv04=) executed DeleteObj
29.06.2024 14:57:27 [ZomBerryAdmin]: NOVAKILLSFORYOU (_i471QtP-cQO7LGlvQxSkkb6U2OdaENSi4dYAnCjv04=) executed DeleteObj
29.06.2024 14:57:27 [ZomBerryAdmin]: NOVAKILLSFORYOU (_i471QtP-cQO7LGlvQxSkkb6U2OdaENSi4dYAnCjv04=) executed DeleteObj
29.06.2024 14:57:27 [ZomBerryAdmin]: NOVAKILLSFORYOU (_i471QtP-cQO7LGlvQxSkkb6U2OdaENSi4dYAnCjv04=) executed DeleteObj
29.06.2024 14:57:27 [ZomBerryAdmin]: NOVAKILLSFORYOU (_i471QtP-cQO7LGlvQxSkkb6U2OdaENSi4dYAnCjv04=) executed DeleteObj
29.06.2024 14:57:42 [ZomBerryDbg]: NOVAKILLSFORYOU (_i471QtP-cQO7LGlvQxSkkb6U2OdaENSi4dYAnCjv04=) - player list sync
29.06.2024 14:57:42 [ZomBerryDbg]: NOVAKILLSFORYOU (_i471QtP-cQO7LGlvQxSkkb6U2OdaENSi4dYAnCjv04=) - function list sync
29.06.2024 14:57:46 [ZomBerryAdmin]: NOVAKILLSFORYOU (_i471QtP-cQO7LGlvQxSkkb6U2OdaENSi4dYAnCjv04=) executed DeleteObj
29.06.2024 14:57:49 [ZomBerryAdmin]: NOVAKILLSFORYOU (_i471QtP-cQO7LGlvQxSkkb6U2OdaENSi4dYAnCjv04=) executed DeleteObj
29.06.2024 14:57:50 [ZomBerryAdmin]: NOVAKILLSFORYOU (_i471QtP-cQO7LGlvQxSkkb6U2OdaENSi4dYAnCjv04=) executed DeleteObj
29.06.2024 14:57:52 [ZomBerryAdmin]: NOVAKILLSFORYOU (_i471QtP-cQO7LGlvQxSkkb6U2OdaENSi4dYAnCjv04=) executed DeleteObj
29.06.2024 14:57:54 [ZomBerryAdmin]: NOVAKILLSFORYOU (_i471QtP-cQO7LGlvQxSkkb6U2OdaENSi4dYAnCjv04=) executed DeleteObj
29.06.2024 14:57:57 [ZomBerryAdmin]: NOVAKILLSFORYOU (_i471QtP-cQO7LGlvQxSkkb6U2OdaENSi4dYAnCjv04=) executed DeleteObj
29.06.2024 14:57:58 [ZomBerryAdmin]: NOVAKILLSFORYOU (_i471QtP-cQO7LGlvQxSkkb6U2OdaENSi4dYAnCjv04=) executed DeleteObj
29.06.2024 14:58:01 [ZomBerryAdmin]: NOVAKILLSFORYOU (_i471QtP-cQO7LGlvQxSkkb6U2OdaENSi4dYAnCjv04=) executed DeleteObj
29.06.2024 14:58:02 [ZomBerryAdmin]: NOVAKILLSFORYOU (_i471QtP-cQO7LGlvQxSkkb6U2OdaENSi4dYAnCjv04=) executed DeleteObj
29.06.2024 14:58:05 [ZomBerryAdmin]: NOVAKILLSFORYOU (_i471QtP-cQO7LGlvQxSkkb6U2OdaENSi4dYAnCjv04=) executed DeleteObj
29.06.2024 14:58:11 [ZomBerryDbg]: NOVAKILLSFORYOU (_i471QtP-cQO7LGlvQxSkkb6U2OdaENSi4dYAnCjv04=) - player list sync
29.06.2024 14:58:11 [ZomBerryDbg]: NOVAKILLSFORYOU (_i471QtP-cQO7LGlvQxSkkb6U2OdaENSi4dYAnCjv04=) - function list sync
29.06.2024 14:58:14 [ZomBerryAdmin]: NOVAKILLSFORYOU (_i471QtP-cQO7LGlvQxSkkb6U2OdaENSi4dYAnCjv04=) executed DeleteObj
29.06.2024 14:58:14 [ZomBerryAdmin]: NOVAKILLSFORYOU (_i471QtP-cQO7LGlvQxSkkb6U2OdaENSi4dYAnCjv04=) executed DeleteObj
29.06.2024 14:58:14 [ZomBerryAdmin]: NOVAKILLSFORYOU (_i471QtP-cQO7LGlvQxSkkb6U2OdaENSi4dYAnCjv04=) executed DeleteObj
29.06.2024 14:58:15 [ZomBerryAdmin]: NOVAKILLSFORYOU (_i471QtP-cQO7LGlvQxSkkb6U2OdaENSi4dYAnCjv04=) executed DeleteObj
29.06.2024 14:58:15 [ZomBerryAdmin]: NOVAKILLSFORYOU (_i471QtP-cQO7LGlvQxSkkb6U2OdaENSi4dYAnCjv04=) executed DeleteObj
29.06.2024 14:58:15 [ZomBerryAdmin]: NOVAKILLSFORYOU (_i471QtP-cQO7LGlvQxSkkb6U2OdaENSi4dYAnCjv04=) executed DeleteObj
29.06.2024 14:58:15 [ZomBerryAdmin]: NOVAKILLSFORYOU (_i471QtP-cQO7LGlvQxSkkb6U2OdaENSi4dYAnCjv04=) executed DeleteObj
29.06.2024 14:58:16 [ZomBerryAdmin]: NOVAKILLSFORYOU (_i471QtP-cQO7LGlvQxSkkb6U2OdaENSi4dYAnCjv04=) executed DeleteObj
29.06.2024 14:58:19 [ZomBerryDbg]: NOVAKILLSFORYOU (_i471QtP-cQO7LGlvQxSkkb6U2OdaENSi4dYAnCjv04=) - player list sync
29.06.2024 14:58:19 [ZomBerryDbg]: NOVAKILLSFORYOU (_i471QtP-cQO7LGlvQxSkkb6U2OdaENSi4dYAnCjv04=) - function list sync
29.06.2024 14:58:22 [ZomBerryAdmin]: NOVAKILLSFORYOU (_i471QtP-cQO7LGlvQxSkkb6U2OdaENSi4dYAnCjv04=) executed DeleteObj
29.06.2024 14:58:23 [ZomBerryAdmin]: NOVAKILLSFORYOU (_i471QtP-cQO7LGlvQxSkkb6U2OdaENSi4dYAnCjv04=) executed DeleteObj
29.06.2024 14:58:31 [ZomBerryDbg]: NOVAKILLSFORYOU (_i471QtP-cQO7LGlvQxSkkb6U2OdaENSi4dYAnCjv04=) - player list sync
29.06.2024 14:58:31 [ZomBerryDbg]: NOVAKILLSFORYOU (_i471QtP-cQO7LGlvQxSkkb6U2OdaENSi4dYAnCjv04=) - function list sync
29.06.2024 14:58:34 [ZomBerryAdmin]: NOVAKILLSFORYOU (_i471QtP-cQO7LGlvQxSkkb6U2OdaENSi4dYAnCjv04=) executed DeleteObj
29.06.2024 14:58:35 [ZomBerryAdmin]: NOVAKILLSFORYOU (_i471QtP-cQO7LGlvQxSkkb6U2OdaENSi4dYAnCjv04=) executed DeleteObj
29.06.2024 14:58:39 [ZomBerryDbg]: NOVAKILLSFORYOU (_i471QtP-cQO7LGlvQxSkkb6U2OdaENSi4dYAnCjv04=) - player list sync
29.06.2024 14:58:39 [ZomBerryDbg]: NOVAKILLSFORYOU (_i471QtP-cQO7LGlvQxSkkb6U2OdaENSi4dYAnCjv04=) - function list sync
29.06.2024 14:58:41 [ZomBerryAdmin]: NOVAKILLSFORYOU (_i471QtP-cQO7LGlvQxSkkb6U2OdaENSi4dYAnCjv04=) executed DeleteObj
29.06.2024 14:58:51 [ZomBerryDbg]: NOVAKILLSFORYOU (_i471QtP-cQO7LGlvQxSkkb6U2OdaENSi4dYAnCjv04=) - player list sync
29.06.2024 14:58:51 [ZomBerryDbg]: NOVAKILLSFORYOU (_i471QtP-cQO7LGlvQxSkkb6U2OdaENSi4dYAnCjv04=) - function list sync
29.06.2024 14:58:53 [ZomBerryAdmin]: NOVAKILLSFORYOU (_i471QtP-cQO7LGlvQxSkkb6U2OdaENSi4dYAnCjv04=) executed DeleteObj
29.06.2024 14:59:00 [ZomBerryAdmin]: NOVAKILLSFORYOU (_i471QtP-cQO7LGlvQxSkkb6U2OdaENSi4dYAnCjv04=) executed DeleteObj
29.06.2024 14:59:01 [ZomBerryAdmin]: NOVAKILLSFORYOU (_i471QtP-cQO7LGlvQxSkkb6U2OdaENSi4dYAnCjv04=) executed DeleteObj
29.06.2024 14:59:01 [ZomBerryAdmin]: NOVAKILLSFORYOU (_i471QtP-cQO7LGlvQxSkkb6U2OdaENSi4dYAnCjv04=) executed DeleteObj
29.06.2024 14:59:02 [ZomBerryAdmin]: NOVAKILLSFORYOU (_i471QtP-cQO7LGlvQxSkkb6U2OdaENSi4dYAnCjv04=) executed DeleteObj
29.06.2024 14:59:02 [ZomBerryAdmin]: NOVAKILLSFORYOU (_i471QtP-cQO7LGlvQxSkkb6U2OdaENSi4dYAnCjv04=) executed DeleteObj
29.06.2024 14:59:03 [ZomBerryAdmin]: NOVAKILLSFORYOU (_i471QtP-cQO7LGlvQxSkkb6U2OdaENSi4dYAnCjv04=) executed DeleteObj
29.06.2024 14:59:03 [ZomBerryAdmin]: NOVAKILLSFORYOU (_i471QtP-cQO7LGlvQxSkkb6U2OdaENSi4dYAnCjv04=) executed DeleteObj
29.06.2024 14:59:03 [ZomBerryAdmin]: NOVAKILLSFORYOU (_i471QtP-cQO7LGlvQxSkkb6U2OdaENSi4dYAnCjv04=) executed DeleteObj
29.06.2024 14:59:04 [ZomBerryAdmin]: NOVAKILLSFORYOU (_i471QtP-cQO7LGlvQxSkkb6U2OdaENSi4dYAnCjv04=) executed DeleteObj
29.06.2024 14:59:05 [ZomBerryAdmin]: NOVAKILLSFORYOU (_i471QtP-cQO7LGlvQxSkkb6U2OdaENSi4dYAnCjv04=) executed DeleteObj
29.06.2024 14:59:06 [ZomBerryAdmin]: NOVAKILLSFORYOU (_i471QtP-cQO7LGlvQxSkkb6U2OdaENSi4dYAnCjv04=) executed DeleteObj
29.06.2024 14:59:06 [ZomBerryAdmin]: NOVAKILLSFORYOU (_i471QtP-cQO7LGlvQxSkkb6U2OdaENSi4dYAnCjv04=) executed DeleteObj
29.06.2024 15:17:47 [ZomBerryDbg]: NOVAKILLSFORYOU (_i471QtP-cQO7LGlvQxSkkb6U2OdaENSi4dYAnCjv04=) - player list sync
29.06.2024 15:17:47 [ZomBerryDbg]: NOVAKILLSFORYOU (_i471QtP-cQO7LGlvQxSkkb6U2OdaENSi4dYAnCjv04=) - function list sync
29.06.2024 15:17:53 [ZomBerryAdmin]: NOVAKILLSFORYOU (_i471QtP-cQO7LGlvQxSkkb6U2OdaENSi4dYAnCjv04=) executed RepairTargetHands
29.06.2024 15:25:39 [ZomBerryDbg]: NOVAKILLSFORYOU (_i471QtP-cQO7LGlvQxSkkb6U2OdaENSi4dYAnCjv04=) - player list sync
29.06.2024 15:25:39 [ZomBerryDbg]: NOVAKILLSFORYOU (_i471QtP-cQO7LGlvQxSkkb6U2OdaENSi4dYAnCjv04=) - function list sync
29.06.2024 15:25:43 [ZomBerryAdmin]: NOVAKILLSFORYOU (_i471QtP-cQO7LGlvQxSkkb6U2OdaENSi4dYAnCjv04=) executed DeleteObj
29.06.2024 15:25:43 [ZomBerryAdmin]: NOVAKILLSFORYOU (_i471QtP-cQO7LGlvQxSkkb6U2OdaENSi4dYAnCjv04=) executed DeleteObj
29.06.2024 15:25:44 [ZomBerryAdmin]: NOVAKILLSFORYOU (_i471QtP-cQO7LGlvQxSkkb6U2OdaENSi4dYAnCjv04=) executed DeleteObj
29.06.2024 15:25:44 [ZomBerryAdmin]: NOVAKILLSFORYOU (_i471QtP-cQO7LGlvQxSkkb6U2OdaENSi4dYAnCjv04=) executed DeleteObj
29.06.2024 15:25:44 [ZomBerryAdmin]: NOVAKILLSFORYOU (_i471QtP-cQO7LGlvQxSkkb6U2OdaENSi4dYAnCjv04=) executed DeleteObj
29.06.2024 15:25:45 [ZomBerryAdmin]: NOVAKILLSFORYOU (_i471QtP-cQO7LGlvQxSkkb6U2OdaENSi4dYAnCjv04=) executed DeleteObj
29.06.2024 15:25:45 [ZomBerryAdmin]: NOVAKILLSFORYOU (_i471QtP-cQO7LGlvQxSkkb6U2OdaENSi4dYAnCjv04=) executed DeleteObj
29.06.2024 15:25:46 [ZomBerryAdmin]: NOVAKILLSFORYOU (_i471QtP-cQO7LGlvQxSkkb6U2OdaENSi4dYAnCjv04=) executed DeleteObj
29.06.2024 15:25:46 [ZomBerryAdmin]: NOVAKILLSFORYOU (_i471QtP-cQO7LGlvQxSkkb6U2OdaENSi4dYAnCjv04=) executed DeleteObj
29.06.2024 15:25:46 [ZomBerryAdmin]: NOVAKILLSFORYOU (_i471QtP-cQO7LGlvQxSkkb6U2OdaENSi4dYAnCjv04=) executed DeleteObj
29.06.2024 15:25:47 [ZomBerryAdmin]: NOVAKILLSFORYOU (_i471QtP-cQO7LGlvQxSkkb6U2OdaENSi4dYAnCjv04=) executed DeleteObj
29.06.2024 15:25:53 [ZomBerryDbg]: NOVAKILLSFORYOU (_i471QtP-cQO7LGlvQxSkkb6U2OdaENSi4dYAnCjv04=) - player list sync
29.06.2024 15:25:53 [ZomBerryDbg]: NOVAKILLSFORYOU (_i471QtP-cQO7LGlvQxSkkb6U2OdaENSi4dYAnCjv04=) - function list sync
29.06.2024 15:25:56 [ZomBerryAdmin]: NOVAKILLSFORYOU (_i471QtP-cQO7LGlvQxSkkb6U2OdaENSi4dYAnCjv04=) executed DeleteObj
29.06.2024 15:25:56 [ZomBerryAdmin]: NOVAKILLSFORYOU (_i471QtP-cQO7LGlvQxSkkb6U2OdaENSi4dYAnCjv04=) executed DeleteObj
29.06.2024 15:25:56 [ZomBerryAdmin]: NOVAKILLSFORYOU (_i471QtP-cQO7LGlvQxSkkb6U2OdaENSi4dYAnCjv04=) executed DeleteObj
29.06.2024 15:25:57 [ZomBerryAdmin]: NOVAKILLSFORYOU (_i471QtP-cQO7LGlvQxSkkb6U2OdaENSi4dYAnCjv04=) executed DeleteObj
29.06.2024 15:25:57 [ZomBerryAdmin]: NOVAKILLSFORYOU (_i471QtP-cQO7LGlvQxSkkb6U2OdaENSi4dYAnCjv04=) executed DeleteObj
29.06.2024 15:25:58 [ZomBerryAdmin]: NOVAKILLSFORYOU (_i471QtP-cQO7LGlvQxSkkb6U2OdaENSi4dYAnCjv04=) executed DeleteObj
29.06.2024 15:25:58 [ZomBerryAdmin]: NOVAKILLSFORYOU (_i471QtP-cQO7LGlvQxSkkb6U2OdaENSi4dYAnCjv04=) executed DeleteObj
29.06.2024 15:25:58 [ZomBerryAdmin]: NOVAKILLSFORYOU (_i471QtP-cQO7LGlvQxSkkb6U2OdaENSi4dYAnCjv04=) executed DeleteObj
29.06.2024 15:25:58 [ZomBerryAdmin]: NOVAKILLSFORYOU (_i471QtP-cQO7LGlvQxSkkb6U2OdaENSi4dYAnCjv04=) executed DeleteObj
29.06.2024 15:25:58 [ZomBerryAdmin]: NOVAKILLSFORYOU (_i471QtP-cQO7LGlvQxSkkb6U2OdaENSi4dYAnCjv04=) executed DeleteObj
29.06.2024 15:25:59 [ZomBerryAdmin]: NOVAKILLSFORYOU (_i471QtP-cQO7LGlvQxSkkb6U2OdaENSi4dYAnCjv04=) executed DeleteObj
29.06.2024 15:26:00 [ZomBerryAdmin]: NOVAKILLSFORYOU (_i471QtP-cQO7LGlvQxSkkb6U2OdaENSi4dYAnCjv04=) executed DeleteObj
29.06.2024 15:26:00 [ZomBerryAdmin]: NOVAKILLSFORYOU (_i471QtP-cQO7LGlvQxSkkb6U2OdaENSi4dYAnCjv04=) executed DeleteObj
29.06.2024 15:26:16 [ZomBerryDbg]: NOVAKILLSFORYOU (_i471QtP-cQO7LGlvQxSkkb6U2OdaENSi4dYAnCjv04=) - player list sync
29.06.2024 15:26:16 [ZomBerryDbg]: NOVAKILLSFORYOU (_i471QtP-cQO7LGlvQxSkkb6U2OdaENSi4dYAnCjv04=) - function list sync
29.06.2024 15:26:25 [ZomBerryAdmin]: NOVAKILLSFORYOU (_i471QtP-cQO7LGlvQxSkkb6U2OdaENSi4dYAnCjv04=) executed DeleteObj
29.06.2024 15:26:26 [ZomBerryAdmin]: NOVAKILLSFORYOU (_i471QtP-cQO7LGlvQxSkkb6U2OdaENSi4dYAnCjv04=) executed DeleteObj
29.06.2024 15:26:26 [ZomBerryAdmin]: NOVAKILLSFORYOU (_i471QtP-cQO7LGlvQxSkkb6U2OdaENSi4dYAnCjv04=) executed DeleteObj
29.06.2024 15:26:27 [ZomBerryAdmin]: NOVAKILLSFORYOU (_i471QtP-cQO7LGlvQxSkkb6U2OdaENSi4dYAnCjv04=) executed DeleteObj
29.06.2024 15:26:28 [ZomBerryAdmin]: NOVAKILLSFORYOU (_i471QtP-cQO7LGlvQxSkkb6U2OdaENSi4dYAnCjv04=) executed DeleteObj
29.06.2024 15:26:28 [ZomBerryAdmin]: NOVAKILLSFORYOU (_i471QtP-cQO7LGlvQxSkkb6U2OdaENSi4dYAnCjv04=) executed DeleteObj
29.06.2024 15:26:29 [ZomBerryAdmin]: NOVAKILLSFORYOU (_i471QtP-cQO7LGlvQxSkkb6U2OdaENSi4dYAnCjv04=) executed DeleteObj
29.06.2024 15:26:29 [ZomBerryAdmin]: NOVAKILLSFORYOU (_i471QtP-cQO7LGlvQxSkkb6U2OdaENSi4dYAnCjv04=) executed DeleteObj
29.06.2024 15:26:29 [ZomBerryAdmin]: NOVAKILLSFORYOU (_i471QtP-cQO7LGlvQxSkkb6U2OdaENSi4dYAnCjv04=) executed DeleteObj
29.06.2024 15:26:29 [ZomBerryAdmin]: NOVAKILLSFORYOU (_i471QtP-cQO7LGlvQxSkkb6U2OdaENSi4dYAnCjv04=) executed DeleteObj
29.06.2024 15:26:40 [ZomBerryDbg]: NOVAKILLSFORYOU (_i471QtP-cQO7LGlvQxSkkb6U2OdaENSi4dYAnCjv04=) - player list sync
29.06.2024 15:26:40 [ZomBerryDbg]: NOVAKILLSFORYOU (_i471QtP-cQO7LGlvQxSkkb6U2OdaENSi4dYAnCjv04=) - function list sync
29.06.2024 15:26:43 [ZomBerryAdmin]: NOVAKILLSFORYOU (_i471QtP-cQO7LGlvQxSkkb6U2OdaENSi4dYAnCjv04=) executed DeleteObj
29.06.2024 15:26:43 [ZomBerryAdmin]: NOVAKILLSFORYOU (_i471QtP-cQO7LGlvQxSkkb6U2OdaENSi4dYAnCjv04=) executed DeleteObj
29.06.2024 15:26:44 [ZomBerryAdmin]: NOVAKILLSFORYOU (_i471QtP-cQO7LGlvQxSkkb6U2OdaENSi4dYAnCjv04=) executed DeleteObj
29.06.2024 15:26:44 [ZomBerryAdmin]: NOVAKILLSFORYOU (_i471QtP-cQO7LGlvQxSkkb6U2OdaENSi4dYAnCjv04=) executed DeleteObj
29.06.2024 15:26:44 [ZomBerryAdmin]: NOVAKILLSFORYOU (_i471QtP-cQO7LGlvQxSkkb6U2OdaENSi4dYAnCjv04=) executed DeleteObj
29.06.2024 15:26:44 [ZomBerryAdmin]: NOVAKILLSFORYOU (_i471QtP-cQO7LGlvQxSkkb6U2OdaENSi4dYAnCjv04=) executed DeleteObj
29.06.2024 15:26:44 [ZomBerryAdmin]: NOVAKILLSFORYOU (_i471QtP-cQO7LGlvQxSkkb6U2OdaENSi4dYAnCjv04=) executed DeleteObj
29.06.2024 15:26:45 [ZomBerryAdmin]: NOVAKILLSFORYOU (_i471QtP-cQO7LGlvQxSkkb6U2OdaENSi4dYAnCjv04=) executed DeleteObj
29.06.2024 15:26:45 [ZomBerryAdmin]: NOVAKILLSFORYOU (_i471QtP-cQO7LGlvQxSkkb6U2OdaENSi4dYAnCjv04=) executed DeleteObj
29.06.2024 15:26:45 [ZomBerryAdmin]: NOVAKILLSFORYOU (_i471QtP-cQO7LGlvQxSkkb6U2OdaENSi4dYAnCjv04=) executed DeleteObj
29.06.2024 15:26:45 [ZomBerryAdmin]: NOVAKILLSFORYOU (_i471QtP-cQO7LGlvQxSkkb6U2OdaENSi4dYAnCjv04=) executed DeleteObj
29.06.2024 15:26:46 [ZomBerryAdmin]: NOVAKILLSFORYOU (_i471QtP-cQO7LGlvQxSkkb6U2OdaENSi4dYAnCjv04=) executed DeleteObj
29.06.2024 15:26:46 [ZomBerryAdmin]: NOVAKILLSFORYOU (_i471QtP-cQO7LGlvQxSkkb6U2OdaENSi4dYAnCjv04=) executed DeleteObj
29.06.2024 15:26:47 [ZomBerryAdmin]: NOVAKILLSFORYOU (_i471QtP-cQO7LGlvQxSkkb6U2OdaENSi4dYAnCjv04=) executed DeleteObj
29.06.2024 15:26:58 [ZomBerryDbg]: NOVAKILLSFORYOU (_i471QtP-cQO7LGlvQxSkkb6U2OdaENSi4dYAnCjv04=) - player list sync
29.06.2024 15:26:58 [ZomBerryDbg]: NOVAKILLSFORYOU (_i471QtP-cQO7LGlvQxSkkb6U2OdaENSi4dYAnCjv04=) - function list sync
29.06.2024 15:27:00 [ZomBerryAdmin]: NOVAKILLSFORYOU (_i471QtP-cQO7LGlvQxSkkb6U2OdaENSi4dYAnCjv04=) executed DeleteObj
29.06.2024 15:27:01 [ZomBerryAdmin]: NOVAKILLSFORYOU (_i471QtP-cQO7LGlvQxSkkb6U2OdaENSi4dYAnCjv04=) executed DeleteObj
29.06.2024 15:27:02 [ZomBerryAdmin]: NOVAKILLSFORYOU (_i471QtP-cQO7LGlvQxSkkb6U2OdaENSi4dYAnCjv04=) executed DeleteObj
29.06.2024 15:44:23 [ZomBerryDbg]: NOVAKILLSFORYOU (_i471QtP-cQO7LGlvQxSkkb6U2OdaENSi4dYAnCjv04=) - player list sync
29.06.2024 15:44:23 [ZomBerryDbg]: NOVAKILLSFORYOU (_i471QtP-cQO7LGlvQxSkkb6U2OdaENSi4dYAnCjv04=) - function list sync
29.06.2024 15:44:25 [ZomBerryAdmin]: NOVAKILLSFORYOU (_i471QtP-cQO7LGlvQxSkkb6U2OdaENSi4dYAnCjv04=) executed DeleteObj
29.06.2024 15:44:25 [ZomBerryAdmin]: NOVAKILLSFORYOU (_i471QtP-cQO7LGlvQxSkkb6U2OdaENSi4dYAnCjv04=) executed DeleteObj
29.06.2024 15:44:26 [ZomBerryAdmin]: NOVAKILLSFORYOU (_i471QtP-cQO7LGlvQxSkkb6U2OdaENSi4dYAnCjv04=) executed DeleteObj
29.06.2024 15:44:26 [ZomBerryAdmin]: NOVAKILLSFORYOU (_i471QtP-cQO7LGlvQxSkkb6U2OdaENSi4dYAnCjv04=) executed DeleteObj
29.06.2024 15:44:26 [ZomBerryAdmin]: NOVAKILLSFORYOU (_i471QtP-cQO7LGlvQxSkkb6U2OdaENSi4dYAnCjv04=) executed DeleteObj
29.06.2024 15:44:27 [ZomBerryAdmin]: NOVAKILLSFORYOU (_i471QtP-cQO7LGlvQxSkkb6U2OdaENSi4dYAnCjv04=) executed DeleteObj
29.06.2024 15:44:27 [ZomBerryAdmin]: NOVAKILLSFORYOU (_i471QtP-cQO7LGlvQxSkkb6U2OdaENSi4dYAnCjv04=) executed DeleteObj
29.06.2024 15:44:27 [ZomBerryAdmin]: NOVAKILLSFORYOU (_i471QtP-cQO7LGlvQxSkkb6U2OdaENSi4dYAnCjv04=) executed DeleteObj
29.06.2024 15:44:28 [ZomBerryAdmin]: NOVAKILLSFORYOU (_i471QtP-cQO7LGlvQxSkkb6U2OdaENSi4dYAnCjv04=) executed DeleteObj
29.06.2024 15:44:28 [ZomBerryAdmin]: NOVAKILLSFORYOU (_i471QtP-cQO7LGlvQxSkkb6U2OdaENSi4dYAnCjv04=) executed DeleteObj
29.06.2024 15:44:28 [ZomBerryAdmin]: NOVAKILLSFORYOU (_i471QtP-cQO7LGlvQxSkkb6U2OdaENSi4dYAnCjv04=) executed DeleteObj
29.06.2024 15:44:28 [ZomBerryAdmin]: NOVAKILLSFORYOU (_i471QtP-cQO7LGlvQxSkkb6U2OdaENSi4dYAnCjv04=) executed DeleteObj
29.06.2024 15:44:28 [ZomBerryAdmin]: NOVAKILLSFORYOU (_i471QtP-cQO7LGlvQxSkkb6U2OdaENSi4dYAnCjv04=) executed DeleteObj
29.06.2024 15:44:29 [ZomBerryAdmin]: NOVAKILLSFORYOU (_i471QtP-cQO7LGlvQxSkkb6U2OdaENSi4dYAnCjv04=) executed DeleteObj
29.06.2024 15:44:29 [ZomBerryAdmin]: NOVAKILLSFORYOU (_i471QtP-cQO7LGlvQxSkkb6U2OdaENSi4dYAnCjv04=) executed DeleteObj
29.06.2024 15:44:29 [ZomBerryAdmin]: NOVAKILLSFORYOU (_i471QtP-cQO7LGlvQxSkkb6U2OdaENSi4dYAnCjv04=) executed DeleteObj
29.06.2024 15:44:29 [ZomBerryAdmin]: NOVAKILLSFORYOU (_i471QtP-cQO7LGlvQxSkkb6U2OdaENSi4dYAnCjv04=) executed DeleteObj
29.06.2024 15:44:30 [ZomBerryAdmin]: NOVAKILLSFORYOU (_i471QtP-cQO7LGlvQxSkkb6U2OdaENSi4dYAnCjv04=) executed DeleteObj
29.06.2024 15:44:30 [ZomBerryAdmin]: NOVAKILLSFORYOU (_i471QtP-cQO7LGlvQxSkkb6U2OdaENSi4dYAnCjv04=) executed DeleteObj
29.06.2024 15:44:30 [ZomBerryAdmin]: NOVAKILLSFORYOU (_i471QtP-cQO7LGlvQxSkkb6U2OdaENSi4dYAnCjv04=) executed DeleteObj
29.06.2024 15:44:30 [ZomBerryAdmin]: NOVAKILLSFORYOU (_i471QtP-cQO7LGlvQxSkkb6U2OdaENSi4dYAnCjv04=) executed DeleteObj
29.06.2024 15:44:31 [ZomBerryAdmin]: NOVAKILLSFORYOU (_i471QtP-cQO7LGlvQxSkkb6U2OdaENSi4dYAnCjv04=) executed DeleteObj
29.06.2024 15:44:31 [ZomBerryAdmin]: NOVAKILLSFORYOU (_i471QtP-cQO7LGlvQxSkkb6U2OdaENSi4dYAnCjv04=) executed DeleteObj
29.06.2024 15:44:31 [ZomBerryAdmin]: NOVAKILLSFORYOU (_i471QtP-cQO7LGlvQxSkkb6U2OdaENSi4dYAnCjv04=) executed DeleteObj
29.06.2024 15:44:31 [ZomBerryAdmin]: NOVAKILLSFORYOU (_i471QtP-cQO7LGlvQxSkkb6U2OdaENSi4dYAnCjv04=) executed DeleteObj
29.06.2024 15:44:32 [ZomBerryAdmin]: NOVAKILLSFORYOU (_i471QtP-cQO7LGlvQxSkkb6U2OdaENSi4dYAnCjv04=) executed DeleteObj
29.06.2024 15:44:32 [ZomBerryAdmin]: NOVAKILLSFORYOU (_i471QtP-cQO7LGlvQxSkkb6U2OdaENSi4dYAnCjv04=) executed DeleteObj
29.06.2024 15:44:33 [ZomBerryAdmin]: NOVAKILLSFORYOU (_i471QtP-cQO7LGlvQxSkkb6U2OdaENSi4dYAnCjv04=) executed DeleteObj
29.06.2024 15:44:33 [ZomBerryAdmin]: NOVAKILLSFORYOU (_i471QtP-cQO7LGlvQxSkkb6U2OdaENSi4dYAnCjv04=) executed DeleteObj
29.06.2024 15:44:33 [ZomBerryAdmin]: NOVAKILLSFORYOU (_i471QtP-cQO7LGlvQxSkkb6U2OdaENSi4dYAnCjv04=) executed DeleteObj
29.06.2024 15:44:33 [ZomBerryAdmin]: NOVAKILLSFORYOU (_i471QtP-cQO7LGlvQxSkkb6U2OdaENSi4dYAnCjv04=) executed DeleteObj
29.06.2024 15:44:34 [ZomBerryAdmin]: NOVAKILLSFORYOU (_i471QtP-cQO7LGlvQxSkkb6U2OdaENSi4dYAnCjv04=) executed DeleteObj
29.06.2024 15:44:34 [ZomBerryAdmin]: NOVAKILLSFORYOU (_i471QtP-cQO7LGlvQxSkkb6U2OdaENSi4dYAnCjv04=) executed DeleteObj
29.06.2024 15:44:34 [ZomBerryAdmin]: NOVAKILLSFORYOU (_i471QtP-cQO7LGlvQxSkkb6U2OdaENSi4dYAnCjv04=) executed DeleteObj
29.06.2024 15:44:34 [ZomBerryAdmin]: NOVAKILLSFORYOU (_i471QtP-cQO7LGlvQxSkkb6U2OdaENSi4dYAnCjv04=) executed DeleteObj
29.06.2024 15:44:34 [ZomBerryAdmin]: NOVAKILLSFORYOU (_i471QtP-cQO7LGlvQxSkkb6U2OdaENSi4dYAnCjv04=) executed DeleteObj
29.06.2024 15:44:35 [ZomBerryAdmin]: NOVAKILLSFORYOU (_i471QtP-cQO7LGlvQxSkkb6U2OdaENSi4dYAnCjv04=) executed DeleteObj
29.06.2024 15:44:35 [ZomBerryAdmin]: NOVAKILLSFORYOU (_i471QtP-cQO7LGlvQxSkkb6U2OdaENSi4dYAnCjv04=) executed DeleteObj
29.06.2024 15:44:36 [ZomBerryAdmin]: NOVAKILLSFORYOU (_i471QtP-cQO7LGlvQxSkkb6U2OdaENSi4dYAnCjv04=) executed DeleteObj
29.06.2024 15:44:36 [ZomBerryAdmin]: NOVAKILLSFORYOU (_i471QtP-cQO7LGlvQxSkkb6U2OdaENSi4dYAnCjv04=) executed DeleteObj
29.06.2024 15:44:36 [ZomBerryAdmin]: NOVAKILLSFORYOU (_i471QtP-cQO7LGlvQxSkkb6U2OdaENSi4dYAnCjv04=) executed DeleteObj
29.06.2024 15:44:37 [ZomBerryAdmin]: NOVAKILLSFORYOU (_i471QtP-cQO7LGlvQxSkkb6U2OdaENSi4dYAnCjv04=) executed DeleteObj
29.06.2024 15:44:37 [ZomBerryAdmin]: NOVAKILLSFORYOU (_i471QtP-cQO7LGlvQxSkkb6U2OdaENSi4dYAnCjv04=) executed DeleteObj
29.06.2024 15:44:38 [ZomBerryAdmin]: NOVAKILLSFORYOU (_i471QtP-cQO7LGlvQxSkkb6U2OdaENSi4dYAnCjv04=) executed DeleteObj
29.06.2024 15:44:39 [ZomBerryAdmin]: NOVAKILLSFORYOU (_i471QtP-cQO7LGlvQxSkkb6U2OdaENSi4dYAnCjv04=) executed DeleteObj
29.06.2024 15:44:40 [ZomBerryAdmin]: NOVAKILLSFORYOU (_i471QtP-cQO7LGlvQxSkkb6U2OdaENSi4dYAnCjv04=) executed DeleteObj
29.06.2024 15:44:40 [ZomBerryAdmin]: NOVAKILLSFORYOU (_i471QtP-cQO7LGlvQxSkkb6U2OdaENSi4dYAnCjv04=) executed DeleteObj
29.06.2024 15:44:41 [ZomBerryAdmin]: NOVAKILLSFORYOU (_i471QtP-cQO7LGlvQxSkkb6U2OdaENSi4dYAnCjv04=) executed DeleteObj
29.06.2024 15:44:41 [ZomBerryAdmin]: NOVAKILLSFORYOU (_i471QtP-cQO7LGlvQxSkkb6U2OdaENSi4dYAnCjv04=) executed DeleteObj
29.06.2024 15:45:03 [ZomBerryDbg]: NOVAKILLSFORYOU (_i471QtP-cQO7LGlvQxSkkb6U2OdaENSi4dYAnCjv04=) - player list sync
29.06.2024 15:45:03 [ZomBerryDbg]: NOVAKILLSFORYOU (_i471QtP-cQO7LGlvQxSkkb6U2OdaENSi4dYAnCjv04=) - function list sync
29.06.2024 15:45:06 [ZomBerryAdmin]: NOVAKILLSFORYOU (_i471QtP-cQO7LGlvQxSkkb6U2OdaENSi4dYAnCjv04=) executed DeleteObj
29.06.2024 15:45:06 [ZomBerryAdmin]: NOVAKILLSFORYOU (_i471QtP-cQO7LGlvQxSkkb6U2OdaENSi4dYAnCjv04=) executed DeleteObj
29.06.2024 15:45:06 [ZomBerryAdmin]: NOVAKILLSFORYOU (_i471QtP-cQO7LGlvQxSkkb6U2OdaENSi4dYAnCjv04=) executed DeleteObj
29.06.2024 15:45:06 [ZomBerryAdmin]: NOVAKILLSFORYOU (_i471QtP-cQO7LGlvQxSkkb6U2OdaENSi4dYAnCjv04=) executed DeleteObj
29.06.2024 15:45:07 [ZomBerryAdmin]: NOVAKILLSFORYOU (_i471QtP-cQO7LGlvQxSkkb6U2OdaENSi4dYAnCjv04=) executed DeleteObj
29.06.2024 15:45:07 [ZomBerryAdmin]: NOVAKILLSFORYOU (_i471QtP-cQO7LGlvQxSkkb6U2OdaENSi4dYAnCjv04=) executed DeleteObj
29.06.2024 15:45:07 [ZomBerryAdmin]: NOVAKILLSFORYOU (_i471QtP-cQO7LGlvQxSkkb6U2OdaENSi4dYAnCjv04=) executed DeleteObj
29.06.2024 15:45:08 [ZomBerryAdmin]: NOVAKILLSFORYOU (_i471QtP-cQO7LGlvQxSkkb6U2OdaENSi4dYAnCjv04=) executed DeleteObj
29.06.2024 15:45:08 [ZomBerryAdmin]: NOVAKILLSFORYOU (_i471QtP-cQO7LGlvQxSkkb6U2OdaENSi4dYAnCjv04=) executed DeleteObj
29.06.2024 15:45:08 [ZomBerryAdmin]: NOVAKILLSFORYOU (_i471QtP-cQO7LGlvQxSkkb6U2OdaENSi4dYAnCjv04=) executed DeleteObj
29.06.2024 15:45:09 [ZomBerryAdmin]: NOVAKILLSFORYOU (_i471QtP-cQO7LGlvQxSkkb6U2OdaENSi4dYAnCjv04=) executed DeleteObj
29.06.2024 15:45:09 [ZomBerryAdmin]: NOVAKILLSFORYOU (_i471QtP-cQO7LGlvQxSkkb6U2OdaENSi4dYAnCjv04=) executed DeleteObj
29.06.2024 15:45:09 [ZomBerryAdmin]: NOVAKILLSFORYOU (_i471QtP-cQO7LGlvQxSkkb6U2OdaENSi4dYAnCjv04=) executed DeleteObj
29.06.2024 15:45:10 [ZomBerryAdmin]: NOVAKILLSFORYOU (_i471QtP-cQO7LGlvQxSkkb6U2OdaENSi4dYAnCjv04=) executed DeleteObj
29.06.2024 15:45:10 [ZomBerryAdmin]: NOVAKILLSFORYOU (_i471QtP-cQO7LGlvQxSkkb6U2OdaENSi4dYAnCjv04=) executed DeleteObj
29.06.2024 15:45:10 [ZomBerryAdmin]: NOVAKILLSFORYOU (_i471QtP-cQO7LGlvQxSkkb6U2OdaENSi4dYAnCjv04=) executed DeleteObj
29.06.2024 15:45:10 [ZomBerryAdmin]: NOVAKILLSFORYOU (_i471QtP-cQO7LGlvQxSkkb6U2OdaENSi4dYAnCjv04=) executed DeleteObj
29.06.2024 15:45:11 [ZomBerryAdmin]: NOVAKILLSFORYOU (_i471QtP-cQO7LGlvQxSkkb6U2OdaENSi4dYAnCjv04=) executed DeleteObj
29.06.2024 15:45:11 [ZomBerryAdmin]: NOVAKILLSFORYOU (_i471QtP-cQO7LGlvQxSkkb6U2OdaENSi4dYAnCjv04=) executed DeleteObj
29.06.2024 15:45:11 [ZomBerryAdmin]: NOVAKILLSFORYOU (_i471QtP-cQO7LGlvQxSkkb6U2OdaENSi4dYAnCjv04=) executed DeleteObj
29.06.2024 15:45:11 [ZomBerryAdmin]: NOVAKILLSFORYOU (_i471QtP-cQO7LGlvQxSkkb6U2OdaENSi4dYAnCjv04=) executed DeleteObj
29.06.2024 15:45:12 [ZomBerryAdmin]: NOVAKILLSFORYOU (_i471QtP-cQO7LGlvQxSkkb6U2OdaENSi4dYAnCjv04=) executed DeleteObj
29.06.2024 15:46:59 [ZomBerryDbg]: NOVAKILLSFORYOU (_i471QtP-cQO7LGlvQxSkkb6U2OdaENSi4dYAnCjv04=) - player list sync
29.06.2024 15:46:59 [ZomBerryDbg]: NOVAKILLSFORYOU (_i471QtP-cQO7LGlvQxSkkb6U2OdaENSi4dYAnCjv04=) - function list sync
29.06.2024 15:47:06 [ZomBerryAdmin]: NOVAKILLSFORYOU (_i471QtP-cQO7LGlvQxSkkb6U2OdaENSi4dYAnCjv04=) executed DeleteObj
29.06.2024 15:47:06 [ZomBerryAdmin]: NOVAKILLSFORYOU (_i471QtP-cQO7LGlvQxSkkb6U2OdaENSi4dYAnCjv04=) executed DeleteObj
29.06.2024 15:47:07 [ZomBerryAdmin]: NOVAKILLSFORYOU (_i471QtP-cQO7LGlvQxSkkb6U2OdaENSi4dYAnCjv04=) executed DeleteObj
29.06.2024 16:18:53 [ZomBerryDbg]: Auth Request ignored (not an admin) 1DEADMANWALKIN (zvk4zPulP_yUuFMB-icYMa26l-1hJKZFlbgWP-FPOcg=)
29.06.2024 17:30:43 [ZomBerryDbg]: NOVAKILLSFORYOU (_i471QtP-cQO7LGlvQxSkkb6U2OdaENSi4dYAnCjv04=) - player list sync
29.06.2024 17:30:43 [ZomBerryDbg]: NOVAKILLSFORYOU (_i471QtP-cQO7LGlvQxSkkb6U2OdaENSi4dYAnCjv04=) - function list sync
29.06.2024 17:30:52 [ZomBerryAdmin]: NOVAKILLSFORYOU (_i471QtP-cQO7LGlvQxSkkb6U2OdaENSi4dYAnCjv04=) executed RepairTargetHands on target MGM_762 (6CBOabJUM7Qqd7NEG4Do-ueQ7Uqvietj4ODcWmz64j4=)
29.06.2024 17:31:13 [ZomBerryAdmin]: NOVAKILLSFORYOU (_i471QtP-cQO7LGlvQxSkkb6U2OdaENSi4dYAnCjv04=) executed RepairTargetHands on target MGM_762 (6CBOabJUM7Qqd7NEG4Do-ueQ7Uqvietj4ODcWmz64j4=)
29.06.2024 17:31:19 [ZomBerryAdmin]: NOVAKILLSFORYOU (_i471QtP-cQO7LGlvQxSkkb6U2OdaENSi4dYAnCjv04=) executed RepairTargetHands on target 1DEADMANWALKIN (zvk4zPulP_yUuFMB-icYMa26l-1hJKZFlbgWP-FPOcg=)
