---------------------------------------------
ZomBerry v0.6.4 log started at 20.07.2024 19:59:13

20.07.2024 19:59:13 [ZomBerryCmdAPI]: INFO: Added category OnTarget
20.07.2024 19:59:13 [ZomBerryCmdAPI]: INFO: Added function TPCur to category OnTarget
20.07.2024 19:59:13 [ZomBerryCmdAPI]: INFO: Added function TPForward to category OnTarget
20.07.2024 19:59:13 [ZomBerryCmdAPI]: INFO: Added function TPToTarget to category OnTarget
20.07.2024 19:59:13 [ZomBerryCmdAPI]: INFO: Added function TPToAdmin to category OnTarget
20.07.2024 19:59:13 [ZomBerryCmdAPI]: INFO: Added function HealTarget to category OnTarget
20.07.2024 19:59:13 [ZomBerryCmdAPI]: INFO: Added function HealTargetPart to category OnTarget
20.07.2024 19:59:13 [ZomBerryCmdAPI]: INFO: Added function GodTarget to category OnTarget
20.07.2024 19:59:13 [ZomBerryCmdAPI]: INFO: Added function RepairTargetHands to category OnTarget
20.07.2024 19:59:13 [ZomBerryCmdAPI]: INFO: Added function RefuelAndRepair to category OnTarget
20.07.2024 19:59:13 [ZomBerryCmdAPI]: INFO: Added category ==
20.07.2024 19:59:13 [ZomBerryCmdAPI]: INFO: Added function KillTarget to category ==
20.07.2024 19:59:13 [ZomBerryCmdAPI]: INFO: Added function BiteTarget to category ==
20.07.2024 19:59:13 [ZomBerryCmdAPI]: INFO: Added function StripTarget to category ==
20.07.2024 19:59:13 [ZomBerryCmdAPI]: INFO: Added function RejectBellyTarget to category ==
20.07.2024 19:59:13 [ZomBerryCmdAPI]: INFO: Added function PsycoTarget to category ==
20.07.2024 19:59:13 [ZomBerryCmdAPI]: INFO: Added function SneezeTarget to category ==
20.07.2024 19:59:13 [ZomBerryCmdAPI]: INFO: Added function SetHealthTarget to category ==
20.07.2024 19:59:13 [ZomBerryCmdAPI]: INFO: Added function SetBloodTarget to category ==
20.07.2024 19:59:13 [ZomBerryCmdAPI]: INFO: Added category OnServer
20.07.2024 19:59:13 [ZomBerryCmdAPI]: INFO: Added function FreeCamAdm to category OnServer
20.07.2024 19:59:13 [ZomBerryCmdAPI]: INFO: Added function TimeDay to category OnServer
20.07.2024 19:59:13 [ZomBerryCmdAPI]: INFO: Added function TimeNight to category OnServer
20.07.2024 19:59:13 [ZomBerryCmdAPI]: INFO: Added function SetTime to category OnServer
20.07.2024 19:59:13 [ZomBerryCmdAPI]: INFO: Added function SetDate to category OnServer
20.07.2024 19:59:13 [ZomBerryCmdAPI]: INFO: Added function SetWeather to category OnServer
20.07.2024 19:59:13 [ZomBerryCmdAPI]: INFO: Added function DeleteObj to category OnServer
20.07.2024 19:59:13 [ZomBerryConfig]: INFO: Using admins.cfg from Profile directory
20.07.2024 19:59:13 [ZomBerryDbg]: Server ready, loading admin list from: $profile:ZomBerry\admins.cfg
20.07.2024 19:59:13 [ZomBerryConfig]: admins.cfg loaded
20.07.2024 19:59:13 [ZomBerryConfig]: Added admin: 76561198089301277
20.07.2024 20:00:53 [ZomBerryDbg]: Auth Request ignored (not an admin) MGM_762 (6CBOabJUM7Qqd7NEG4Do-ueQ7Uqvietj4ODcWmz64j4=)
20.07.2024 20:02:37 [ZomBerryDbg]: Auth respond to admin NOVAKILLSFORYOU (_i471QtP-cQO7LGlvQxSkkb6U2OdaENSi4dYAnCjv04=)
20.07.2024 20:06:13 [ZomBerryDbg]: NOVAKILLSFORYOU (_i471QtP-cQO7LGlvQxSkkb6U2OdaENSi4dYAnCjv04=) - player list sync
20.07.2024 20:06:13 [ZomBerryDbg]: NOVAKILLSFORYOU (_i471QtP-cQO7LGlvQxSkkb6U2OdaENSi4dYAnCjv04=) - function list sync
20.07.2024 20:06:29 [ZomBerryAdmin]: NOVAKILLSFORYOU (_i471QtP-cQO7LGlvQxSkkb6U2OdaENSi4dYAnCjv04=) spawned ExpansionFloorKit at <3212.483398, 1.294968, 1612.043213>
20.07.2024 20:06:29 [ZomBerryAdmin]: NOVAKILLSFORYOU (_i471QtP-cQO7LGlvQxSkkb6U2OdaENSi4dYAnCjv04=) spawned ExpansionFloorKit at <3212.483643, 1.294968, 1612.043945>
20.07.2024 20:06:29 [ZomBerryAdmin]: NOVAKILLSFORYOU (_i471QtP-cQO7LGlvQxSkkb6U2OdaENSi4dYAnCjv04=) spawned ExpansionFloorKit at <3212.484863, 1.294968, 1612.044800>
20.07.2024 20:06:29 [ZomBerryAdmin]: NOVAKILLSFORYOU (_i471QtP-cQO7LGlvQxSkkb6U2OdaENSi4dYAnCjv04=) spawned ExpansionFloorKit at <3212.448975, 1.338655, 1612.127197>
20.07.2024 20:06:30 [ZomBerryAdmin]: NOVAKILLSFORYOU (_i471QtP-cQO7LGlvQxSkkb6U2OdaENSi4dYAnCjv04=) spawned ExpansionFloorKit at <3212.449463, 1.338519, 1612.127197>
20.07.2024 20:06:44 [ZomBerryAdmin]: NOVAKILLSFORYOU (_i471QtP-cQO7LGlvQxSkkb6U2OdaENSi4dYAnCjv04=) spawned ExpansionStairKit at <3212.445313, 1.339390, 1612.126343>
20.07.2024 20:06:45 [ZomBerryAdmin]: NOVAKILLSFORYOU (_i471QtP-cQO7LGlvQxSkkb6U2OdaENSi4dYAnCjv04=) spawned ExpansionStairKit at <3212.446045, 1.339248, 1612.126465>
20.07.2024 20:06:45 [ZomBerryAdmin]: NOVAKILLSFORYOU (_i471QtP-cQO7LGlvQxSkkb6U2OdaENSi4dYAnCjv04=) spawned ExpansionStairKit at <3212.446777, 1.339035, 1612.126587>
20.07.2024 20:06:45 [ZomBerryAdmin]: NOVAKILLSFORYOU (_i471QtP-cQO7LGlvQxSkkb6U2OdaENSi4dYAnCjv04=) spawned ExpansionStairKit at <3212.447998, 1.338778, 1612.126953>
20.07.2024 20:06:45 [ZomBerryAdmin]: NOVAKILLSFORYOU (_i471QtP-cQO7LGlvQxSkkb6U2OdaENSi4dYAnCjv04=) spawned ExpansionStairKit at <3212.448975, 1.338581, 1612.127197>
20.07.2024 20:30:13 [ZomBerryDbg]: NOVAKILLSFORYOU (_i471QtP-cQO7LGlvQxSkkb6U2OdaENSi4dYAnCjv04=) - player list sync
20.07.2024 20:30:13 [ZomBerryDbg]: NOVAKILLSFORYOU (_i471QtP-cQO7LGlvQxSkkb6U2OdaENSi4dYAnCjv04=) - function list sync
20.07.2024 21:17:54 [ZomBerryDbg]: NOVAKILLSFORYOU (_i471QtP-cQO7LGlvQxSkkb6U2OdaENSi4dYAnCjv04=) - player list sync
20.07.2024 21:17:54 [ZomBerryDbg]: NOVAKILLSFORYOU (_i471QtP-cQO7LGlvQxSkkb6U2OdaENSi4dYAnCjv04=) - function list sync
20.07.2024 21:18:05 [ZomBerryAdmin]: NOVAKILLSFORYOU (_i471QtP-cQO7LGlvQxSkkb6U2OdaENSi4dYAnCjv04=) executed SetWeather
20.07.2024 21:27:26 [ZomBerryDbg]: NOVAKILLSFORYOU (_i471QtP-cQO7LGlvQxSkkb6U2OdaENSi4dYAnCjv04=) - player list sync
20.07.2024 21:27:26 [ZomBerryDbg]: NOVAKILLSFORYOU (_i471QtP-cQO7LGlvQxSkkb6U2OdaENSi4dYAnCjv04=) - function list sync
20.07.2024 21:27:32 [ZomBerryAdmin]: NOVAKILLSFORYOU (_i471QtP-cQO7LGlvQxSkkb6U2OdaENSi4dYAnCjv04=) executed SetWeather
20.07.2024 21:41:39 [ZomBerryDbg]: NOVAKILLSFORYOU (_i471QtP-cQO7LGlvQxSkkb6U2OdaENSi4dYAnCjv04=) - player list sync
20.07.2024 21:41:39 [ZomBerryDbg]: NOVAKILLSFORYOU (_i471QtP-cQO7LGlvQxSkkb6U2OdaENSi4dYAnCjv04=) - function list sync
20.07.2024 21:41:42 [ZomBerryAdmin]: NOVAKILLSFORYOU (_i471QtP-cQO7LGlvQxSkkb6U2OdaENSi4dYAnCjv04=) executed SetWeather
20.07.2024 22:22:55 [ZomBerryDbg]: NOVAKILLSFORYOU (_i471QtP-cQO7LGlvQxSkkb6U2OdaENSi4dYAnCjv04=) - player list sync
20.07.2024 22:22:55 [ZomBerryDbg]: NOVAKILLSFORYOU (_i471QtP-cQO7LGlvQxSkkb6U2OdaENSi4dYAnCjv04=) - function list sync
20.07.2024 22:22:58 [ZomBerryAdmin]: NOVAKILLSFORYOU (_i471QtP-cQO7LGlvQxSkkb6U2OdaENSi4dYAnCjv04=) executed SetWeather
21.07.2024 10:18:31 [ZomBerryDbg]: Auth Request ignored (not an admin) 1DEADMANWALKIN (zvk4zPulP_yUuFMB-icYMa26l-1hJKZFlbgWP-FPOcg=)
21.07.2024 13:26:38 [ZomBerryDbg]: Auth Request ignored (not an admin) MGM_762 (6CBOabJUM7Qqd7NEG4Do-ueQ7Uqvietj4ODcWmz64j4=)
21.07.2024 13:31:21 [ZomBerryDbg]: Auth Request ignored (not an admin) 1DEADMANWALKIN (zvk4zPulP_yUuFMB-icYMa26l-1hJKZFlbgWP-FPOcg=)
21.07.2024 13:41:05 [ZomBerryDbg]: Auth Request ignored (not an admin) MGM_762 (6CBOabJUM7Qqd7NEG4Do-ueQ7Uqvietj4ODcWmz64j4=)
21.07.2024 16:18:21 [ZomBerryDbg]: Auth Request ignored (not an admin) 1DEADMANWALKIN (zvk4zPulP_yUuFMB-icYMa26l-1hJKZFlbgWP-FPOcg=)
21.07.2024 19:40:04 [ZomBerryDbg]: Auth Request ignored (not an admin) MrCoin (l3NweLHvA17FEI6mOnHZNkggzIuDRbywHKHMA0jZnQk=)
21.07.2024 19:50:38 [ZomBerryDbg]: Auth Request ignored (not an admin) MrCoin (l3NweLHvA17FEI6mOnHZNkggzIuDRbywHKHMA0jZnQk=)
