---------------------------------------------
ZomBerry v0.6.4 log started at 15.06.2024 14:06:36

15.06.2024 14:06:36 [ZomBerryCmdAPI]: INFO: Added category OnTarget
15.06.2024 14:06:36 [ZomBerryCmdAPI]: INFO: Added function TPCur to category OnTarget
15.06.2024 14:06:36 [ZomBerryCmdAPI]: INFO: Added function TPForward to category OnTarget
15.06.2024 14:06:36 [ZomBerryCmdAPI]: INFO: Added function TPToTarget to category OnTarget
15.06.2024 14:06:36 [ZomBerryCmdAPI]: INFO: Added function TPToAdmin to category OnTarget
15.06.2024 14:06:36 [ZomBerryCmdAPI]: INFO: Added function HealTarget to category OnTarget
15.06.2024 14:06:36 [ZomBerryCmdAPI]: INFO: Added function HealTargetPart to category OnTarget
15.06.2024 14:06:36 [ZomBerryCmdAPI]: INFO: Added function GodTarget to category OnTarget
15.06.2024 14:06:36 [ZomBerryCmdAPI]: INFO: Added function RepairTargetHands to category OnTarget
15.06.2024 14:06:36 [ZomBerryCmdAPI]: INFO: Added function RefuelAndRepair to category OnTarget
15.06.2024 14:06:36 [ZomBerryCmdAPI]: INFO: Added category ==
15.06.2024 14:06:36 [ZomBerryCmdAPI]: INFO: Added function KillTarget to category ==
15.06.2024 14:06:36 [ZomBerryCmdAPI]: INFO: Added function BiteTarget to category ==
15.06.2024 14:06:36 [ZomBerryCmdAPI]: INFO: Added function StripTarget to category ==
15.06.2024 14:06:36 [ZomBerryCmdAPI]: INFO: Added function RejectBellyTarget to category ==
15.06.2024 14:06:36 [ZomBerryCmdAPI]: INFO: Added function PsycoTarget to category ==
15.06.2024 14:06:36 [ZomBerryCmdAPI]: INFO: Added function SneezeTarget to category ==
15.06.2024 14:06:36 [ZomBerryCmdAPI]: INFO: Added function SetHealthTarget to category ==
15.06.2024 14:06:36 [ZomBerryCmdAPI]: INFO: Added function SetBloodTarget to category ==
15.06.2024 14:06:36 [ZomBerryCmdAPI]: INFO: Added category OnServer
15.06.2024 14:06:36 [ZomBerryCmdAPI]: INFO: Added function FreeCamAdm to category OnServer
15.06.2024 14:06:36 [ZomBerryCmdAPI]: INFO: Added function TimeDay to category OnServer
15.06.2024 14:06:36 [ZomBerryCmdAPI]: INFO: Added function TimeNight to category OnServer
15.06.2024 14:06:36 [ZomBerryCmdAPI]: INFO: Added function SetTime to category OnServer
15.06.2024 14:06:36 [ZomBerryCmdAPI]: INFO: Added function SetDate to category OnServer
15.06.2024 14:06:36 [ZomBerryCmdAPI]: INFO: Added function SetWeather to category OnServer
15.06.2024 14:06:36 [ZomBerryCmdAPI]: INFO: Added function DeleteObj to category OnServer
15.06.2024 14:06:36 [ZomBerryConfig]: INFO: Using admins.cfg from Profile directory
15.06.2024 14:06:36 [ZomBerryDbg]: Server ready, loading admin list from: $profile:ZomBerry\admins.cfg
15.06.2024 14:06:36 [ZomBerryConfig]: admins.cfg loaded
15.06.2024 14:06:36 [ZomBerryConfig]: Added admin: 76561198089301277
15.06.2024 14:23:10 [ZomBerryDbg]: Auth respond to admin NOVAKILLSFORYOU (_i471QtP-cQO7LGlvQxSkkb6U2OdaENSi4dYAnCjv04=)
15.06.2024 14:24:58 [ZomBerryDbg]: NOVAKILLSFORYOU (_i471QtP-cQO7LGlvQxSkkb6U2OdaENSi4dYAnCjv04=) - player list sync
15.06.2024 14:24:58 [ZomBerryDbg]: NOVAKILLSFORYOU (_i471QtP-cQO7LGlvQxSkkb6U2OdaENSi4dYAnCjv04=) - function list sync
15.06.2024 14:25:36 [ZomBerryDbg]: Auth Request ignored (not an admin) MGM_762 (6CBOabJUM7Qqd7NEG4Do-ueQ7Uqvietj4ODcWmz64j4=)
15.06.2024 14:26:36 [ZomBerryDbg]: NOVAKILLSFORYOU (_i471QtP-cQO7LGlvQxSkkb6U2OdaENSi4dYAnCjv04=) - player list sync
15.06.2024 14:26:36 [ZomBerryDbg]: NOVAKILLSFORYOU (_i471QtP-cQO7LGlvQxSkkb6U2OdaENSi4dYAnCjv04=) - function list sync
15.06.2024 14:35:05 [ZomBerryDbg]: NOVAKILLSFORYOU (_i471QtP-cQO7LGlvQxSkkb6U2OdaENSi4dYAnCjv04=) - player list sync
15.06.2024 14:35:05 [ZomBerryDbg]: NOVAKILLSFORYOU (_i471QtP-cQO7LGlvQxSkkb6U2OdaENSi4dYAnCjv04=) - function list sync
15.06.2024 14:35:48 [ZomBerryAdmin]: NOVAKILLSFORYOU (_i471QtP-cQO7LGlvQxSkkb6U2OdaENSi4dYAnCjv04=) executed RejectBellyTarget
15.06.2024 14:36:15 [ZomBerryDbg]: NOVAKILLSFORYOU (_i471QtP-cQO7LGlvQxSkkb6U2OdaENSi4dYAnCjv04=) - player list sync
15.06.2024 14:36:15 [ZomBerryDbg]: NOVAKILLSFORYOU (_i471QtP-cQO7LGlvQxSkkb6U2OdaENSi4dYAnCjv04=) - function list sync
15.06.2024 14:36:29 [ZomBerryAdmin]: NOVAKILLSFORYOU (_i471QtP-cQO7LGlvQxSkkb6U2OdaENSi4dYAnCjv04=) executed HealTarget on target MGM_762 (6CBOabJUM7Qqd7NEG4Do-ueQ7Uqvietj4ODcWmz64j4=)
15.06.2024 14:36:36 [ZomBerryAdmin]: NOVAKILLSFORYOU (_i471QtP-cQO7LGlvQxSkkb6U2OdaENSi4dYAnCjv04=) executed HealTarget
15.06.2024 14:44:50 [ZomBerryDbg]: NOVAKILLSFORYOU (_i471QtP-cQO7LGlvQxSkkb6U2OdaENSi4dYAnCjv04=) - player list sync
15.06.2024 14:44:50 [ZomBerryDbg]: NOVAKILLSFORYOU (_i471QtP-cQO7LGlvQxSkkb6U2OdaENSi4dYAnCjv04=) - function list sync
15.06.2024 14:49:46 [ZomBerryDbg]: NOVAKILLSFORYOU (_i471QtP-cQO7LGlvQxSkkb6U2OdaENSi4dYAnCjv04=) - player list sync
15.06.2024 14:49:46 [ZomBerryDbg]: NOVAKILLSFORYOU (_i471QtP-cQO7LGlvQxSkkb6U2OdaENSi4dYAnCjv04=) - function list sync
15.06.2024 14:49:59 [ZomBerryAdmin]: NOVAKILLSFORYOU (_i471QtP-cQO7LGlvQxSkkb6U2OdaENSi4dYAnCjv04=) executed RepairTargetHands
15.06.2024 14:51:46 [ZomBerryDbg]: NOVAKILLSFORYOU (_i471QtP-cQO7LGlvQxSkkb6U2OdaENSi4dYAnCjv04=) - player list sync
15.06.2024 14:51:46 [ZomBerryDbg]: NOVAKILLSFORYOU (_i471QtP-cQO7LGlvQxSkkb6U2OdaENSi4dYAnCjv04=) - function list sync
15.06.2024 14:53:00 [ZomBerryDbg]: NOVAKILLSFORYOU (_i471QtP-cQO7LGlvQxSkkb6U2OdaENSi4dYAnCjv04=) - player list sync
15.06.2024 14:53:00 [ZomBerryDbg]: NOVAKILLSFORYOU (_i471QtP-cQO7LGlvQxSkkb6U2OdaENSi4dYAnCjv04=) - function list sync
15.06.2024 14:53:30 [ZomBerryDbg]: NOVAKILLSFORYOU (_i471QtP-cQO7LGlvQxSkkb6U2OdaENSi4dYAnCjv04=) - player list sync
15.06.2024 14:53:30 [ZomBerryDbg]: NOVAKILLSFORYOU (_i471QtP-cQO7LGlvQxSkkb6U2OdaENSi4dYAnCjv04=) - function list sync
15.06.2024 14:55:57 [ZomBerryDbg]: Auth respond to admin NOVAKILLSFORYOU (_i471QtP-cQO7LGlvQxSkkb6U2OdaENSi4dYAnCjv04=)
15.06.2024 15:06:28 [ZomBerryDbg]: Auth respond to admin NOVAKILLSFORYOU (_i471QtP-cQO7LGlvQxSkkb6U2OdaENSi4dYAnCjv04=)
15.06.2024 15:15:34 [ZomBerryDbg]: Auth respond to admin NOVAKILLSFORYOU (_i471QtP-cQO7LGlvQxSkkb6U2OdaENSi4dYAnCjv04=)
