---------------------------------------------
ZomBerry v0.6.4 log started at 02.07.2024 07:15:28

02.07.2024 07:15:28 [ZomBerryCmdAPI]: INFO: Added category OnTarget
02.07.2024 07:15:28 [ZomBerryCmdAPI]: INFO: Added function TPCur to category OnTarget
02.07.2024 07:15:28 [ZomBerryCmdAPI]: INFO: Added function TPForward to category OnTarget
02.07.2024 07:15:28 [ZomBerryCmdAPI]: INFO: Added function TPToTarget to category OnTarget
02.07.2024 07:15:28 [ZomBerryCmdAPI]: INFO: Added function TPToAdmin to category OnTarget
02.07.2024 07:15:28 [ZomBerryCmdAPI]: INFO: Added function HealTarget to category OnTarget
02.07.2024 07:15:28 [ZomBerryCmdAPI]: INFO: Added function HealTargetPart to category OnTarget
02.07.2024 07:15:28 [ZomBerryCmdAPI]: INFO: Added function GodTarget to category OnTarget
02.07.2024 07:15:28 [ZomBerryCmdAPI]: INFO: Added function RepairTargetHands to category OnTarget
02.07.2024 07:15:28 [ZomBerryCmdAPI]: INFO: Added function RefuelAndRepair to category OnTarget
02.07.2024 07:15:28 [ZomBerryCmdAPI]: INFO: Added category ==
02.07.2024 07:15:28 [ZomBerryCmdAPI]: INFO: Added function KillTarget to category ==
02.07.2024 07:15:28 [ZomBerryCmdAPI]: INFO: Added function BiteTarget to category ==
02.07.2024 07:15:28 [ZomBerryCmdAPI]: INFO: Added function StripTarget to category ==
02.07.2024 07:15:28 [ZomBerryCmdAPI]: INFO: Added function RejectBellyTarget to category ==
02.07.2024 07:15:28 [ZomBerryCmdAPI]: INFO: Added function PsycoTarget to category ==
02.07.2024 07:15:28 [ZomBerryCmdAPI]: INFO: Added function SneezeTarget to category ==
02.07.2024 07:15:28 [ZomBerryCmdAPI]: INFO: Added function SetHealthTarget to category ==
02.07.2024 07:15:28 [ZomBerryCmdAPI]: INFO: Added function SetBloodTarget to category ==
02.07.2024 07:15:28 [ZomBerryCmdAPI]: INFO: Added category OnServer
02.07.2024 07:15:28 [ZomBerryCmdAPI]: INFO: Added function FreeCamAdm to category OnServer
02.07.2024 07:15:28 [ZomBerryCmdAPI]: INFO: Added function TimeDay to category OnServer
02.07.2024 07:15:28 [ZomBerryCmdAPI]: INFO: Added function TimeNight to category OnServer
02.07.2024 07:15:28 [ZomBerryCmdAPI]: INFO: Added function SetTime to category OnServer
02.07.2024 07:15:28 [ZomBerryCmdAPI]: INFO: Added function SetDate to category OnServer
02.07.2024 07:15:28 [ZomBerryCmdAPI]: INFO: Added function SetWeather to category OnServer
02.07.2024 07:15:28 [ZomBerryCmdAPI]: INFO: Added function DeleteObj to category OnServer
02.07.2024 07:15:28 [ZomBerryConfig]: INFO: Using admins.cfg from Profile directory
02.07.2024 07:15:28 [ZomBerryDbg]: Server ready, loading admin list from: $profile:ZomBerry\admins.cfg
02.07.2024 07:15:28 [ZomBerryConfig]: admins.cfg loaded
02.07.2024 07:15:28 [ZomBerryConfig]: Added admin: 76561198089301277
02.07.2024 16:20:18 [ZomBerryDbg]: Auth Request ignored (not an admin) Survivor (U2dMJLHj8Bi0gAwyulDAzg7Uoba2tnUiPV220dUvz88=)
02.07.2024 16:33:35 [ZomBerryDbg]: Auth Request ignored (not an admin) 1DEADMANWALKIN (zvk4zPulP_yUuFMB-icYMa26l-1hJKZFlbgWP-FPOcg=)
02.07.2024 16:45:52 [ZomBerryDbg]: Auth Request ignored (not an admin) 1DEADMANWALKIN (zvk4zPulP_yUuFMB-icYMa26l-1hJKZFlbgWP-FPOcg=)
02.07.2024 17:09:55 [ZomBerryDbg]: Auth respond to admin NOVAKILLSFORYOU (_i471QtP-cQO7LGlvQxSkkb6U2OdaENSi4dYAnCjv04=)
02.07.2024 17:15:22 [ZomBerryDbg]: NOVAKILLSFORYOU (_i471QtP-cQO7LGlvQxSkkb6U2OdaENSi4dYAnCjv04=) - player list sync
02.07.2024 17:15:22 [ZomBerryDbg]: NOVAKILLSFORYOU (_i471QtP-cQO7LGlvQxSkkb6U2OdaENSi4dYAnCjv04=) - function list sync
02.07.2024 17:15:35 [ZomBerryAdmin]: NOVAKILLSFORYOU (_i471QtP-cQO7LGlvQxSkkb6U2OdaENSi4dYAnCjv04=) executed FreeCamAdm
02.07.2024 17:15:53 [ZomBerryDbg]: NOVAKILLSFORYOU (_i471QtP-cQO7LGlvQxSkkb6U2OdaENSi4dYAnCjv04=) - player list sync
02.07.2024 17:15:53 [ZomBerryDbg]: NOVAKILLSFORYOU (_i471QtP-cQO7LGlvQxSkkb6U2OdaENSi4dYAnCjv04=) - function list sync
02.07.2024 17:15:58 [ZomBerryAdmin]: NOVAKILLSFORYOU (_i471QtP-cQO7LGlvQxSkkb6U2OdaENSi4dYAnCjv04=) executed FreeCamAdm
02.07.2024 17:15:59 [ZomBerryDbg]: NOVAKILLSFORYOU (_i471QtP-cQO7LGlvQxSkkb6U2OdaENSi4dYAnCjv04=) - player list sync
02.07.2024 17:15:59 [ZomBerryDbg]: NOVAKILLSFORYOU (_i471QtP-cQO7LGlvQxSkkb6U2OdaENSi4dYAnCjv04=) - function list sync
02.07.2024 17:16:08 [ZomBerryDbg]: NOVAKILLSFORYOU (_i471QtP-cQO7LGlvQxSkkb6U2OdaENSi4dYAnCjv04=) - player list sync
02.07.2024 17:16:08 [ZomBerryDbg]: NOVAKILLSFORYOU (_i471QtP-cQO7LGlvQxSkkb6U2OdaENSi4dYAnCjv04=) - function list sync
02.07.2024 17:41:42 [ZomBerryDbg]: Auth respond to admin NOVAKILLSFORYOU (_i471QtP-cQO7LGlvQxSkkb6U2OdaENSi4dYAnCjv04=)
02.07.2024 19:17:46 [ZomBerryDbg]: Auth Request ignored (not an admin) MGM_762 (6CBOabJUM7Qqd7NEG4Do-ueQ7Uqvietj4ODcWmz64j4=)
02.07.2024 19:20:18 [ZomBerryDbg]: NOVAKILLSFORYOU (_i471QtP-cQO7LGlvQxSkkb6U2OdaENSi4dYAnCjv04=) - player list sync
02.07.2024 19:20:18 [ZomBerryDbg]: NOVAKILLSFORYOU (_i471QtP-cQO7LGlvQxSkkb6U2OdaENSi4dYAnCjv04=) - function list sync
02.07.2024 19:20:21 [ZomBerryAdmin]: NOVAKILLSFORYOU (_i471QtP-cQO7LGlvQxSkkb6U2OdaENSi4dYAnCjv04=) executed DeleteObj
02.07.2024 19:20:25 [ZomBerryAdmin]: NOVAKILLSFORYOU (_i471QtP-cQO7LGlvQxSkkb6U2OdaENSi4dYAnCjv04=) executed DeleteObj
02.07.2024 19:24:16 [ZomBerryAdmin]: NOVAKILLSFORYOU (_i471QtP-cQO7LGlvQxSkkb6U2OdaENSi4dYAnCjv04=) executed DeleteObj
02.07.2024 19:24:29 [ZomBerryDbg]: NOVAKILLSFORYOU (_i471QtP-cQO7LGlvQxSkkb6U2OdaENSi4dYAnCjv04=) - player list sync
02.07.2024 19:24:29 [ZomBerryDbg]: NOVAKILLSFORYOU (_i471QtP-cQO7LGlvQxSkkb6U2OdaENSi4dYAnCjv04=) - function list sync
02.07.2024 19:51:35 [ZomBerryDbg]: NOVAKILLSFORYOU (_i471QtP-cQO7LGlvQxSkkb6U2OdaENSi4dYAnCjv04=) - player list sync
02.07.2024 19:51:35 [ZomBerryDbg]: NOVAKILLSFORYOU (_i471QtP-cQO7LGlvQxSkkb6U2OdaENSi4dYAnCjv04=) - function list sync
02.07.2024 19:51:44 [ZomBerryAdmin]: NOVAKILLSFORYOU (_i471QtP-cQO7LGlvQxSkkb6U2OdaENSi4dYAnCjv04=) executed RepairTargetHands
02.07.2024 20:16:10 [ZomBerryDbg]: Auth Request ignored (not an admin) 1DEADMANWALKIN (zvk4zPulP_yUuFMB-icYMa26l-1hJKZFlbgWP-FPOcg=)
02.07.2024 22:25:45 [ZomBerryDbg]: Auth Request ignored (not an admin) Reapskie (hx4KLs__vN5RyM_Afu-G5rhncBn2UUHcjWd0WP75y7c=)
03.07.2024 01:24:21 [ZomBerryDbg]: Auth Request ignored (not an admin) Reapskie (hx4KLs__vN5RyM_Afu-G5rhncBn2UUHcjWd0WP75y7c=)
03.07.2024 07:54:24 [ZomBerryDbg]: Auth respond to admin NOVAKILLSFORYOU (_i471QtP-cQO7LGlvQxSkkb6U2OdaENSi4dYAnCjv04=)
03.07.2024 07:56:21 [ZomBerryDbg]: NOVAKILLSFORYOU (_i471QtP-cQO7LGlvQxSkkb6U2OdaENSi4dYAnCjv04=) - player list sync
03.07.2024 07:56:21 [ZomBerryDbg]: NOVAKILLSFORYOU (_i471QtP-cQO7LGlvQxSkkb6U2OdaENSi4dYAnCjv04=) - function list sync
03.07.2024 07:57:39 [ZomBerryDbg]: NOVAKILLSFORYOU (_i471QtP-cQO7LGlvQxSkkb6U2OdaENSi4dYAnCjv04=) - player list sync
03.07.2024 07:57:39 [ZomBerryDbg]: NOVAKILLSFORYOU (_i471QtP-cQO7LGlvQxSkkb6U2OdaENSi4dYAnCjv04=) - function list sync
03.07.2024 07:57:49 [ZomBerryAdmin]: NOVAKILLSFORYOU (_i471QtP-cQO7LGlvQxSkkb6U2OdaENSi4dYAnCjv04=) executed FreeCamAdm
03.07.2024 07:57:55 [ZomBerryAdmin]: NOVAKILLSFORYOU (_i471QtP-cQO7LGlvQxSkkb6U2OdaENSi4dYAnCjv04=) executed FreeCamAdm
03.07.2024 07:57:55 [ZomBerryDbg]: NOVAKILLSFORYOU (_i471QtP-cQO7LGlvQxSkkb6U2OdaENSi4dYAnCjv04=) - player list sync
03.07.2024 07:57:55 [ZomBerryDbg]: NOVAKILLSFORYOU (_i471QtP-cQO7LGlvQxSkkb6U2OdaENSi4dYAnCjv04=) - function list sync
03.07.2024 07:59:21 [ZomBerryDbg]: NOVAKILLSFORYOU (_i471QtP-cQO7LGlvQxSkkb6U2OdaENSi4dYAnCjv04=) - player list sync
03.07.2024 07:59:21 [ZomBerryDbg]: NOVAKILLSFORYOU (_i471QtP-cQO7LGlvQxSkkb6U2OdaENSi4dYAnCjv04=) - function list sync
03.07.2024 07:59:23 [ZomBerryDbg]: NOVAKILLSFORYOU (_i471QtP-cQO7LGlvQxSkkb6U2OdaENSi4dYAnCjv04=) - player list sync
03.07.2024 07:59:23 [ZomBerryDbg]: NOVAKILLSFORYOU (_i471QtP-cQO7LGlvQxSkkb6U2OdaENSi4dYAnCjv04=) - function list sync
