---------------------------------------------
ZomBerry v0.6.4 log started at 15.06.2024 15:28:33

15.06.2024 15:28:33 [ZomBerryCmdAPI]: INFO: Added category OnTarget
15.06.2024 15:28:33 [ZomBerryCmdAPI]: INFO: Added function TPCur to category OnTarget
15.06.2024 15:28:33 [ZomBerryCmdAPI]: INFO: Added function TPForward to category OnTarget
15.06.2024 15:28:33 [ZomBerryCmdAPI]: INFO: Added function TPToTarget to category OnTarget
15.06.2024 15:28:33 [ZomBerryCmdAPI]: INFO: Added function TPToAdmin to category OnTarget
15.06.2024 15:28:33 [ZomBerryCmdAPI]: INFO: Added function HealTarget to category OnTarget
15.06.2024 15:28:33 [ZomBerryCmdAPI]: INFO: Added function HealTargetPart to category OnTarget
15.06.2024 15:28:33 [ZomBerryCmdAPI]: INFO: Added function GodTarget to category OnTarget
15.06.2024 15:28:33 [ZomBerryCmdAPI]: INFO: Added function RepairTargetHands to category OnTarget
15.06.2024 15:28:33 [ZomBerryCmdAPI]: INFO: Added function RefuelAndRepair to category OnTarget
15.06.2024 15:28:33 [ZomBerryCmdAPI]: INFO: Added category ==
15.06.2024 15:28:33 [ZomBerryCmdAPI]: INFO: Added function KillTarget to category ==
15.06.2024 15:28:33 [ZomBerryCmdAPI]: INFO: Added function BiteTarget to category ==
15.06.2024 15:28:33 [ZomBerryCmdAPI]: INFO: Added function StripTarget to category ==
15.06.2024 15:28:33 [ZomBerryCmdAPI]: INFO: Added function RejectBellyTarget to category ==
15.06.2024 15:28:33 [ZomBerryCmdAPI]: INFO: Added function PsycoTarget to category ==
15.06.2024 15:28:33 [ZomBerryCmdAPI]: INFO: Added function SneezeTarget to category ==
15.06.2024 15:28:33 [ZomBerryCmdAPI]: INFO: Added function SetHealthTarget to category ==
15.06.2024 15:28:33 [ZomBerryCmdAPI]: INFO: Added function SetBloodTarget to category ==
15.06.2024 15:28:33 [ZomBerryCmdAPI]: INFO: Added category OnServer
15.06.2024 15:28:33 [ZomBerryCmdAPI]: INFO: Added function FreeCamAdm to category OnServer
15.06.2024 15:28:33 [ZomBerryCmdAPI]: INFO: Added function TimeDay to category OnServer
15.06.2024 15:28:33 [ZomBerryCmdAPI]: INFO: Added function TimeNight to category OnServer
15.06.2024 15:28:33 [ZomBerryCmdAPI]: INFO: Added function SetTime to category OnServer
15.06.2024 15:28:33 [ZomBerryCmdAPI]: INFO: Added function SetDate to category OnServer
15.06.2024 15:28:33 [ZomBerryCmdAPI]: INFO: Added function SetWeather to category OnServer
15.06.2024 15:28:33 [ZomBerryCmdAPI]: INFO: Added function DeleteObj to category OnServer
15.06.2024 15:28:33 [ZomBerryConfig]: INFO: Using admins.cfg from Profile directory
15.06.2024 15:28:33 [ZomBerryDbg]: Server ready, loading admin list from: $profile:ZomBerry\admins.cfg
15.06.2024 15:28:33 [ZomBerryConfig]: admins.cfg loaded
15.06.2024 15:28:33 [ZomBerryConfig]: Added admin: 76561198089301277
15.06.2024 15:29:32 [ZomBerryDbg]: Auth Request ignored (not an admin) MGM_762 (6CBOabJUM7Qqd7NEG4Do-ueQ7Uqvietj4ODcWmz64j4=)
15.06.2024 15:30:00 [ZomBerryDbg]: Auth respond to admin NOVAKILLSFORYOU (_i471QtP-cQO7LGlvQxSkkb6U2OdaENSi4dYAnCjv04=)
