---------------------------------------------
ZomBerry v0.6.4 log started at 04.07.2024 14:43:47

04.07.2024 14:43:47 [ZomBerryCmdAPI]: INFO: Added category OnTarget
04.07.2024 14:43:47 [ZomBerryCmdAPI]: INFO: Added function TPCur to category OnTarget
04.07.2024 14:43:47 [ZomBerryCmdAPI]: INFO: Added function TPForward to category OnTarget
04.07.2024 14:43:47 [ZomBerryCmdAPI]: INFO: Added function TPToTarget to category OnTarget
04.07.2024 14:43:47 [ZomBerryCmdAPI]: INFO: Added function TPToAdmin to category OnTarget
04.07.2024 14:43:47 [ZomBerryCmdAPI]: INFO: Added function HealTarget to category OnTarget
04.07.2024 14:43:47 [ZomBerryCmdAPI]: INFO: Added function HealTargetPart to category OnTarget
04.07.2024 14:43:47 [ZomBerryCmdAPI]: INFO: Added function GodTarget to category OnTarget
04.07.2024 14:43:47 [ZomBerryCmdAPI]: INFO: Added function RepairTargetHands to category OnTarget
04.07.2024 14:43:47 [ZomBerryCmdAPI]: INFO: Added function RefuelAndRepair to category OnTarget
04.07.2024 14:43:47 [ZomBerryCmdAPI]: INFO: Added category ==
04.07.2024 14:43:47 [ZomBerryCmdAPI]: INFO: Added function KillTarget to category ==
04.07.2024 14:43:47 [ZomBerryCmdAPI]: INFO: Added function BiteTarget to category ==
04.07.2024 14:43:47 [ZomBerryCmdAPI]: INFO: Added function StripTarget to category ==
04.07.2024 14:43:47 [ZomBerryCmdAPI]: INFO: Added function RejectBellyTarget to category ==
04.07.2024 14:43:47 [ZomBerryCmdAPI]: INFO: Added function PsycoTarget to category ==
04.07.2024 14:43:47 [ZomBerryCmdAPI]: INFO: Added function SneezeTarget to category ==
04.07.2024 14:43:47 [ZomBerryCmdAPI]: INFO: Added function SetHealthTarget to category ==
04.07.2024 14:43:47 [ZomBerryCmdAPI]: INFO: Added function SetBloodTarget to category ==
04.07.2024 14:43:47 [ZomBerryCmdAPI]: INFO: Added category OnServer
04.07.2024 14:43:47 [ZomBerryCmdAPI]: INFO: Added function FreeCamAdm to category OnServer
04.07.2024 14:43:47 [ZomBerryCmdAPI]: INFO: Added function TimeDay to category OnServer
04.07.2024 14:43:47 [ZomBerryCmdAPI]: INFO: Added function TimeNight to category OnServer
04.07.2024 14:43:47 [ZomBerryCmdAPI]: INFO: Added function SetTime to category OnServer
04.07.2024 14:43:47 [ZomBerryCmdAPI]: INFO: Added function SetDate to category OnServer
04.07.2024 14:43:47 [ZomBerryCmdAPI]: INFO: Added function SetWeather to category OnServer
04.07.2024 14:43:47 [ZomBerryCmdAPI]: INFO: Added function DeleteObj to category OnServer
04.07.2024 14:43:47 [ZomBerryConfig]: INFO: Using admins.cfg from Profile directory
04.07.2024 14:43:47 [ZomBerryDbg]: Server ready, loading admin list from: $profile:ZomBerry\admins.cfg
04.07.2024 14:43:47 [ZomBerryConfig]: admins.cfg loaded
04.07.2024 14:43:47 [ZomBerryConfig]: Added admin: 76561198089301277
04.07.2024 14:45:32 [ZomBerryDbg]: Auth respond to admin NOVAKILLSFORYOU (_i471QtP-cQO7LGlvQxSkkb6U2OdaENSi4dYAnCjv04=)
04.07.2024 14:55:18 [ZomBerryDbg]: Auth Request ignored (not an admin) 1DEADMANWALKIN (zvk4zPulP_yUuFMB-icYMa26l-1hJKZFlbgWP-FPOcg=)
04.07.2024 14:59:25 [ZomBerryDbg]: Auth Request ignored (not an admin) MGM_762 (6CBOabJUM7Qqd7NEG4Do-ueQ7Uqvietj4ODcWmz64j4=)
04.07.2024 15:10:06 [ZomBerryDbg]: NOVAKILLSFORYOU (_i471QtP-cQO7LGlvQxSkkb6U2OdaENSi4dYAnCjv04=) - player list sync
04.07.2024 15:10:06 [ZomBerryDbg]: NOVAKILLSFORYOU (_i471QtP-cQO7LGlvQxSkkb6U2OdaENSi4dYAnCjv04=) - function list sync
04.07.2024 17:42:33 [ZomBerryDbg]: Auth Request ignored (not an admin) 1DEADMANWALKIN (zvk4zPulP_yUuFMB-icYMa26l-1hJKZFlbgWP-FPOcg=)
04.07.2024 18:16:48 [ZomBerryDbg]: NOVAKILLSFORYOU (_i471QtP-cQO7LGlvQxSkkb6U2OdaENSi4dYAnCjv04=) - player list sync
04.07.2024 18:16:48 [ZomBerryDbg]: NOVAKILLSFORYOU (_i471QtP-cQO7LGlvQxSkkb6U2OdaENSi4dYAnCjv04=) - function list sync
04.07.2024 18:16:51 [ZomBerryAdmin]: NOVAKILLSFORYOU (_i471QtP-cQO7LGlvQxSkkb6U2OdaENSi4dYAnCjv04=) executed RepairTargetHands
04.07.2024 18:17:11 [ZomBerryDbg]: NOVAKILLSFORYOU (_i471QtP-cQO7LGlvQxSkkb6U2OdaENSi4dYAnCjv04=) - player list sync
04.07.2024 18:17:11 [ZomBerryDbg]: NOVAKILLSFORYOU (_i471QtP-cQO7LGlvQxSkkb6U2OdaENSi4dYAnCjv04=) - function list sync
04.07.2024 18:17:14 [ZomBerryAdmin]: NOVAKILLSFORYOU (_i471QtP-cQO7LGlvQxSkkb6U2OdaENSi4dYAnCjv04=) executed RepairTargetHands
04.07.2024 18:21:04 [ZomBerryDbg]: NOVAKILLSFORYOU (_i471QtP-cQO7LGlvQxSkkb6U2OdaENSi4dYAnCjv04=) - player list sync
04.07.2024 18:21:04 [ZomBerryDbg]: NOVAKILLSFORYOU (_i471QtP-cQO7LGlvQxSkkb6U2OdaENSi4dYAnCjv04=) - function list sync
04.07.2024 18:21:15 [ZomBerryAdmin]: NOVAKILLSFORYOU (_i471QtP-cQO7LGlvQxSkkb6U2OdaENSi4dYAnCjv04=) executed RefuelAndRepair
04.07.2024 18:21:28 [ZomBerryDbg]: NOVAKILLSFORYOU (_i471QtP-cQO7LGlvQxSkkb6U2OdaENSi4dYAnCjv04=) - player list sync
04.07.2024 18:21:28 [ZomBerryDbg]: NOVAKILLSFORYOU (_i471QtP-cQO7LGlvQxSkkb6U2OdaENSi4dYAnCjv04=) - function list sync
04.07.2024 18:21:42 [ZomBerryAdmin]: NOVAKILLSFORYOU (_i471QtP-cQO7LGlvQxSkkb6U2OdaENSi4dYAnCjv04=) executed RefuelAndRepair
04.07.2024 18:21:43 [ZomBerryAdmin]: NOVAKILLSFORYOU (_i471QtP-cQO7LGlvQxSkkb6U2OdaENSi4dYAnCjv04=) executed RefuelAndRepair
04.07.2024 18:46:30 [ZomBerryDbg]: Auth respond to admin NOVAKILLSFORYOU (_i471QtP-cQO7LGlvQxSkkb6U2OdaENSi4dYAnCjv04=)
