---------------------------------------------
ZomBerry v0.6.4 log started at 18.08.2024 15:43:16

18.08.2024 15:43:16 [ZomBerryCmdAPI]: INFO: Added category OnTarget
18.08.2024 15:43:16 [ZomBerryCmdAPI]: INFO: Added function TPCur to category OnTarget
18.08.2024 15:43:16 [ZomBerryCmdAPI]: INFO: Added function TPForward to category OnTarget
18.08.2024 15:43:16 [ZomBerryCmdAPI]: INFO: Added function TPToTarget to category OnTarget
18.08.2024 15:43:16 [ZomBerryCmdAPI]: INFO: Added function TPToAdmin to category OnTarget
18.08.2024 15:43:16 [ZomBerryCmdAPI]: INFO: Added function HealTarget to category OnTarget
18.08.2024 15:43:16 [ZomBerryCmdAPI]: INFO: Added function HealTargetPart to category OnTarget
18.08.2024 15:43:16 [ZomBerryCmdAPI]: INFO: Added function GodTarget to category OnTarget
18.08.2024 15:43:16 [ZomBerryCmdAPI]: INFO: Added function RepairTargetHands to category OnTarget
18.08.2024 15:43:16 [ZomBerryCmdAPI]: INFO: Added function RefuelAndRepair to category OnTarget
18.08.2024 15:43:16 [ZomBerryCmdAPI]: INFO: Added category ==
18.08.2024 15:43:16 [ZomBerryCmdAPI]: INFO: Added function KillTarget to category ==
18.08.2024 15:43:16 [ZomBerryCmdAPI]: INFO: Added function BiteTarget to category ==
18.08.2024 15:43:16 [ZomBerryCmdAPI]: INFO: Added function StripTarget to category ==
18.08.2024 15:43:16 [ZomBerryCmdAPI]: INFO: Added function RejectBellyTarget to category ==
18.08.2024 15:43:16 [ZomBerryCmdAPI]: INFO: Added function PsycoTarget to category ==
18.08.2024 15:43:16 [ZomBerryCmdAPI]: INFO: Added function SneezeTarget to category ==
18.08.2024 15:43:16 [ZomBerryCmdAPI]: INFO: Added function SetHealthTarget to category ==
18.08.2024 15:43:16 [ZomBerryCmdAPI]: INFO: Added function SetBloodTarget to category ==
18.08.2024 15:43:16 [ZomBerryCmdAPI]: INFO: Added category OnServer
18.08.2024 15:43:16 [ZomBerryCmdAPI]: INFO: Added function FreeCamAdm to category OnServer
18.08.2024 15:43:16 [ZomBerryCmdAPI]: INFO: Added function TimeDay to category OnServer
18.08.2024 15:43:16 [ZomBerryCmdAPI]: INFO: Added function TimeNight to category OnServer
18.08.2024 15:43:16 [ZomBerryCmdAPI]: INFO: Added function SetTime to category OnServer
18.08.2024 15:43:16 [ZomBerryCmdAPI]: INFO: Added function SetDate to category OnServer
18.08.2024 15:43:16 [ZomBerryCmdAPI]: INFO: Added function SetWeather to category OnServer
18.08.2024 15:43:16 [ZomBerryCmdAPI]: INFO: Added function DeleteObj to category OnServer
18.08.2024 15:43:16 [ZomBerryConfig]: INFO: Using admins.cfg from Profile directory
18.08.2024 15:43:16 [ZomBerryDbg]: Server ready, loading admin list from: $profile:ZomBerry\admins.cfg
18.08.2024 15:43:16 [ZomBerryConfig]: admins.cfg loaded
18.08.2024 15:43:16 [ZomBerryConfig]: Added admin: 76561198089301277
18.08.2024 15:45:16 [ZomBerryDbg]: Auth Request ignored (not an admin) MGM_762 (6CBOabJUM7Qqd7NEG4Do-ueQ7Uqvietj4ODcWmz64j4=)
18.08.2024 15:45:23 [ZomBerryDbg]: Auth respond to admin NOVAKILLSFORYOU (_i471QtP-cQO7LGlvQxSkkb6U2OdaENSi4dYAnCjv04=)
18.08.2024 16:21:38 [ZomBerryDbg]: NOVAKILLSFORYOU (_i471QtP-cQO7LGlvQxSkkb6U2OdaENSi4dYAnCjv04=) - player list sync
18.08.2024 16:21:38 [ZomBerryDbg]: NOVAKILLSFORYOU (_i471QtP-cQO7LGlvQxSkkb6U2OdaENSi4dYAnCjv04=) - function list sync
18.08.2024 16:21:47 [ZomBerryAdmin]: NOVAKILLSFORYOU (_i471QtP-cQO7LGlvQxSkkb6U2OdaENSi4dYAnCjv04=) spawned PipeWrench at <3209.379150, 1.494025, 1616.945557>
