---------------------------------------------
ZomBerry v0.6.4 log started at 31.07.2024 19:50:17

31.07.2024 19:50:17 [ZomBerryCmdAPI]: INFO: Added category OnTarget
31.07.2024 19:50:17 [ZomBerryCmdAPI]: INFO: Added function TPCur to category OnTarget
31.07.2024 19:50:17 [ZomBerryCmdAPI]: INFO: Added function TPForward to category OnTarget
31.07.2024 19:50:17 [ZomBerryCmdAPI]: INFO: Added function TPToTarget to category OnTarget
31.07.2024 19:50:17 [ZomBerryCmdAPI]: INFO: Added function TPToAdmin to category OnTarget
31.07.2024 19:50:17 [ZomBerryCmdAPI]: INFO: Added function HealTarget to category OnTarget
31.07.2024 19:50:17 [ZomBerryCmdAPI]: INFO: Added function HealTargetPart to category OnTarget
31.07.2024 19:50:17 [ZomBerryCmdAPI]: INFO: Added function GodTarget to category OnTarget
31.07.2024 19:50:17 [ZomBerryCmdAPI]: INFO: Added function RepairTargetHands to category OnTarget
31.07.2024 19:50:17 [ZomBerryCmdAPI]: INFO: Added function RefuelAndRepair to category OnTarget
31.07.2024 19:50:17 [ZomBerryCmdAPI]: INFO: Added category ==
31.07.2024 19:50:17 [ZomBerryCmdAPI]: INFO: Added function KillTarget to category ==
31.07.2024 19:50:17 [ZomBerryCmdAPI]: INFO: Added function BiteTarget to category ==
31.07.2024 19:50:17 [ZomBerryCmdAPI]: INFO: Added function StripTarget to category ==
31.07.2024 19:50:17 [ZomBerryCmdAPI]: INFO: Added function RejectBellyTarget to category ==
31.07.2024 19:50:17 [ZomBerryCmdAPI]: INFO: Added function PsycoTarget to category ==
31.07.2024 19:50:17 [ZomBerryCmdAPI]: INFO: Added function SneezeTarget to category ==
31.07.2024 19:50:17 [ZomBerryCmdAPI]: INFO: Added function SetHealthTarget to category ==
31.07.2024 19:50:17 [ZomBerryCmdAPI]: INFO: Added function SetBloodTarget to category ==
31.07.2024 19:50:17 [ZomBerryCmdAPI]: INFO: Added category OnServer
31.07.2024 19:50:17 [ZomBerryCmdAPI]: INFO: Added function FreeCamAdm to category OnServer
31.07.2024 19:50:17 [ZomBerryCmdAPI]: INFO: Added function TimeDay to category OnServer
31.07.2024 19:50:17 [ZomBerryCmdAPI]: INFO: Added function TimeNight to category OnServer
31.07.2024 19:50:17 [ZomBerryCmdAPI]: INFO: Added function SetTime to category OnServer
31.07.2024 19:50:17 [ZomBerryCmdAPI]: INFO: Added function SetDate to category OnServer
31.07.2024 19:50:17 [ZomBerryCmdAPI]: INFO: Added function SetWeather to category OnServer
31.07.2024 19:50:17 [ZomBerryCmdAPI]: INFO: Added function DeleteObj to category OnServer
31.07.2024 19:50:17 [ZomBerryConfig]: INFO: Using admins.cfg from Profile directory
31.07.2024 19:50:17 [ZomBerryDbg]: Server ready, loading admin list from: $profile:ZomBerry\admins.cfg
31.07.2024 19:50:17 [ZomBerryConfig]: admins.cfg loaded
31.07.2024 19:50:17 [ZomBerryConfig]: Added admin: 76561198089301277
31.07.2024 19:52:27 [ZomBerryDbg]: Auth Request ignored (not an admin) 1DEADMANWALKIN (zvk4zPulP_yUuFMB-icYMa26l-1hJKZFlbgWP-FPOcg=)
31.07.2024 19:53:30 [ZomBerryDbg]: Auth respond to admin NOVAKILLSFORYOU (_i471QtP-cQO7LGlvQxSkkb6U2OdaENSi4dYAnCjv04=)
31.07.2024 19:56:42 [ZomBerryDbg]: NOVAKILLSFORYOU (_i471QtP-cQO7LGlvQxSkkb6U2OdaENSi4dYAnCjv04=) - player list sync
31.07.2024 19:56:42 [ZomBerryDbg]: NOVAKILLSFORYOU (_i471QtP-cQO7LGlvQxSkkb6U2OdaENSi4dYAnCjv04=) - function list sync
31.07.2024 19:56:46 [ZomBerryAdmin]: NOVAKILLSFORYOU (_i471QtP-cQO7LGlvQxSkkb6U2OdaENSi4dYAnCjv04=) executed TimeDay
31.07.2024 19:57:58 [ZomBerryDbg]: NOVAKILLSFORYOU (_i471QtP-cQO7LGlvQxSkkb6U2OdaENSi4dYAnCjv04=) - player list sync
31.07.2024 19:57:58 [ZomBerryDbg]: NOVAKILLSFORYOU (_i471QtP-cQO7LGlvQxSkkb6U2OdaENSi4dYAnCjv04=) - function list sync
