---------------------------------------------
ZomBerry v0.6.4 log started at 28.06.2024 07:58:35

28.06.2024 07:58:35 [ZomBerryCmdAPI]: INFO: Added category OnTarget
28.06.2024 07:58:35 [ZomBerryCmdAPI]: INFO: Added function TPCur to category OnTarget
28.06.2024 07:58:35 [ZomBerryCmdAPI]: INFO: Added function TPForward to category OnTarget
28.06.2024 07:58:35 [ZomBerryCmdAPI]: INFO: Added function TPToTarget to category OnTarget
28.06.2024 07:58:35 [ZomBerryCmdAPI]: INFO: Added function TPToAdmin to category OnTarget
28.06.2024 07:58:35 [ZomBerryCmdAPI]: INFO: Added function HealTarget to category OnTarget
28.06.2024 07:58:35 [ZomBerryCmdAPI]: INFO: Added function HealTargetPart to category OnTarget
28.06.2024 07:58:35 [ZomBerryCmdAPI]: INFO: Added function GodTarget to category OnTarget
28.06.2024 07:58:35 [ZomBerryCmdAPI]: INFO: Added function RepairTargetHands to category OnTarget
28.06.2024 07:58:35 [ZomBerryCmdAPI]: INFO: Added function RefuelAndRepair to category OnTarget
28.06.2024 07:58:35 [ZomBerryCmdAPI]: INFO: Added category ==
28.06.2024 07:58:35 [ZomBerryCmdAPI]: INFO: Added function KillTarget to category ==
28.06.2024 07:58:35 [ZomBerryCmdAPI]: INFO: Added function BiteTarget to category ==
28.06.2024 07:58:35 [ZomBerryCmdAPI]: INFO: Added function StripTarget to category ==
28.06.2024 07:58:35 [ZomBerryCmdAPI]: INFO: Added function RejectBellyTarget to category ==
28.06.2024 07:58:35 [ZomBerryCmdAPI]: INFO: Added function PsycoTarget to category ==
28.06.2024 07:58:35 [ZomBerryCmdAPI]: INFO: Added function SneezeTarget to category ==
28.06.2024 07:58:35 [ZomBerryCmdAPI]: INFO: Added function SetHealthTarget to category ==
28.06.2024 07:58:35 [ZomBerryCmdAPI]: INFO: Added function SetBloodTarget to category ==
28.06.2024 07:58:35 [ZomBerryCmdAPI]: INFO: Added category OnServer
28.06.2024 07:58:35 [ZomBerryCmdAPI]: INFO: Added function FreeCamAdm to category OnServer
28.06.2024 07:58:35 [ZomBerryCmdAPI]: INFO: Added function TimeDay to category OnServer
28.06.2024 07:58:35 [ZomBerryCmdAPI]: INFO: Added function TimeNight to category OnServer
28.06.2024 07:58:35 [ZomBerryCmdAPI]: INFO: Added function SetTime to category OnServer
28.06.2024 07:58:35 [ZomBerryCmdAPI]: INFO: Added function SetDate to category OnServer
28.06.2024 07:58:35 [ZomBerryCmdAPI]: INFO: Added function SetWeather to category OnServer
28.06.2024 07:58:35 [ZomBerryCmdAPI]: INFO: Added function DeleteObj to category OnServer
28.06.2024 07:58:35 [ZomBerryConfig]: INFO: Using admins.cfg from Profile directory
28.06.2024 07:58:35 [ZomBerryDbg]: Server ready, loading admin list from: $profile:ZomBerry\admins.cfg
28.06.2024 07:58:35 [ZomBerryConfig]: admins.cfg loaded
28.06.2024 07:58:35 [ZomBerryConfig]: Added admin: 76561198089301277
28.06.2024 14:22:04 [ZomBerryDbg]: Auth Request ignored (not an admin) MGM_762 (6CBOabJUM7Qqd7NEG4Do-ueQ7Uqvietj4ODcWmz64j4=)
28.06.2024 14:22:55 [ZomBerryDbg]: Auth Request ignored (not an admin) 1DEADMANWALKIN (zvk4zPulP_yUuFMB-icYMa26l-1hJKZFlbgWP-FPOcg=)
28.06.2024 14:37:44 [ZomBerryDbg]: Auth Request ignored (not an admin) 1DEADMANWALKIN (zvk4zPulP_yUuFMB-icYMa26l-1hJKZFlbgWP-FPOcg=)
28.06.2024 14:51:54 [ZomBerryDbg]: Auth Request ignored (not an admin) 1DEADMANWALKIN (zvk4zPulP_yUuFMB-icYMa26l-1hJKZFlbgWP-FPOcg=)
28.06.2024 15:06:11 [ZomBerryDbg]: Auth Request ignored (not an admin) 1DEADMANWALKIN (zvk4zPulP_yUuFMB-icYMa26l-1hJKZFlbgWP-FPOcg=)
28.06.2024 17:34:55 [ZomBerryDbg]: Auth respond to admin NOVAKILLSFORYOU (_i471QtP-cQO7LGlvQxSkkb6U2OdaENSi4dYAnCjv04=)
28.06.2024 18:48:00 [ZomBerryDbg]: NOVAKILLSFORYOU (_i471QtP-cQO7LGlvQxSkkb6U2OdaENSi4dYAnCjv04=) - player list sync
28.06.2024 18:48:00 [ZomBerryDbg]: NOVAKILLSFORYOU (_i471QtP-cQO7LGlvQxSkkb6U2OdaENSi4dYAnCjv04=) - function list sync
28.06.2024 18:48:09 [ZomBerryAdmin]: NOVAKILLSFORYOU (_i471QtP-cQO7LGlvQxSkkb6U2OdaENSi4dYAnCjv04=) executed RepairTargetHands
