---------------------------------------------
ZomBerry v0.6.4 log started at 16.08.2024 12:46:43

16.08.2024 12:46:43 [ZomBerryCmdAPI]: INFO: Added category OnTarget
16.08.2024 12:46:43 [ZomBerryCmdAPI]: INFO: Added function TPCur to category OnTarget
16.08.2024 12:46:43 [ZomBerryCmdAPI]: INFO: Added function TPForward to category OnTarget
16.08.2024 12:46:43 [ZomBerryCmdAPI]: INFO: Added function TPToTarget to category OnTarget
16.08.2024 12:46:43 [ZomBerryCmdAPI]: INFO: Added function TPToAdmin to category OnTarget
16.08.2024 12:46:43 [ZomBerryCmdAPI]: INFO: Added function HealTarget to category OnTarget
16.08.2024 12:46:43 [ZomBerryCmdAPI]: INFO: Added function HealTargetPart to category OnTarget
16.08.2024 12:46:43 [ZomBerryCmdAPI]: INFO: Added function GodTarget to category OnTarget
16.08.2024 12:46:43 [ZomBerryCmdAPI]: INFO: Added function RepairTargetHands to category OnTarget
16.08.2024 12:46:43 [ZomBerryCmdAPI]: INFO: Added function RefuelAndRepair to category OnTarget
16.08.2024 12:46:43 [ZomBerryCmdAPI]: INFO: Added category ==
16.08.2024 12:46:43 [ZomBerryCmdAPI]: INFO: Added function KillTarget to category ==
16.08.2024 12:46:43 [ZomBerryCmdAPI]: INFO: Added function BiteTarget to category ==
16.08.2024 12:46:43 [ZomBerryCmdAPI]: INFO: Added function StripTarget to category ==
16.08.2024 12:46:43 [ZomBerryCmdAPI]: INFO: Added function RejectBellyTarget to category ==
16.08.2024 12:46:43 [ZomBerryCmdAPI]: INFO: Added function PsycoTarget to category ==
16.08.2024 12:46:43 [ZomBerryCmdAPI]: INFO: Added function SneezeTarget to category ==
16.08.2024 12:46:43 [ZomBerryCmdAPI]: INFO: Added function SetHealthTarget to category ==
16.08.2024 12:46:43 [ZomBerryCmdAPI]: INFO: Added function SetBloodTarget to category ==
16.08.2024 12:46:43 [ZomBerryCmdAPI]: INFO: Added category OnServer
16.08.2024 12:46:43 [ZomBerryCmdAPI]: INFO: Added function FreeCamAdm to category OnServer
16.08.2024 12:46:43 [ZomBerryCmdAPI]: INFO: Added function TimeDay to category OnServer
16.08.2024 12:46:43 [ZomBerryCmdAPI]: INFO: Added function TimeNight to category OnServer
16.08.2024 12:46:43 [ZomBerryCmdAPI]: INFO: Added function SetTime to category OnServer
16.08.2024 12:46:43 [ZomBerryCmdAPI]: INFO: Added function SetDate to category OnServer
16.08.2024 12:46:43 [ZomBerryCmdAPI]: INFO: Added function SetWeather to category OnServer
16.08.2024 12:46:43 [ZomBerryCmdAPI]: INFO: Added function DeleteObj to category OnServer
16.08.2024 12:46:43 [ZomBerryConfig]: INFO: Using admins.cfg from Profile directory
16.08.2024 12:46:43 [ZomBerryDbg]: Server ready, loading admin list from: $profile:ZomBerry\admins.cfg
16.08.2024 12:46:43 [ZomBerryConfig]: admins.cfg loaded
16.08.2024 12:46:43 [ZomBerryConfig]: Added admin: 76561198089301277
16.08.2024 15:11:30 [ZomBerryDbg]: Auth Request ignored (not an admin) Major Loo (EdUtHoz7RvdC6FQiZqYS7wLTRJsMr8Ls7MVvb9HcjjQ=)
16.08.2024 15:21:58 [ZomBerryDbg]: Auth Request ignored (not an admin) Major Loo (EdUtHoz7RvdC6FQiZqYS7wLTRJsMr8Ls7MVvb9HcjjQ=)
16.08.2024 15:38:46 [ZomBerryDbg]: Auth respond to admin NOVAKILLSFORYOU (_i471QtP-cQO7LGlvQxSkkb6U2OdaENSi4dYAnCjv04=)
16.08.2024 15:39:16 [ZomBerryDbg]: NOVAKILLSFORYOU (_i471QtP-cQO7LGlvQxSkkb6U2OdaENSi4dYAnCjv04=) - player list sync
16.08.2024 15:39:16 [ZomBerryDbg]: NOVAKILLSFORYOU (_i471QtP-cQO7LGlvQxSkkb6U2OdaENSi4dYAnCjv04=) - function list sync
16.08.2024 15:40:59 [ZomBerryDbg]: NOVAKILLSFORYOU (_i471QtP-cQO7LGlvQxSkkb6U2OdaENSi4dYAnCjv04=) - player list sync
16.08.2024 15:40:59 [ZomBerryDbg]: NOVAKILLSFORYOU (_i471QtP-cQO7LGlvQxSkkb6U2OdaENSi4dYAnCjv04=) - function list sync
16.08.2024 15:41:10 [ZomBerryAdmin]: NOVAKILLSFORYOU (_i471QtP-cQO7LGlvQxSkkb6U2OdaENSi4dYAnCjv04=) teleported to position <6025.035156, 72.389191, 3875.563477>
16.08.2024 15:42:20 [ZomBerryDbg]: Auth Request ignored (not an admin) Major Loo (EdUtHoz7RvdC6FQiZqYS7wLTRJsMr8Ls7MVvb9HcjjQ=)
16.08.2024 16:50:19 [ZomBerryDbg]: Auth respond to admin NOVAKILLSFORYOU (_i471QtP-cQO7LGlvQxSkkb6U2OdaENSi4dYAnCjv04=)
16.08.2024 16:50:44 [ZomBerryDbg]: NOVAKILLSFORYOU (_i471QtP-cQO7LGlvQxSkkb6U2OdaENSi4dYAnCjv04=) - player list sync
16.08.2024 16:50:44 [ZomBerryDbg]: NOVAKILLSFORYOU (_i471QtP-cQO7LGlvQxSkkb6U2OdaENSi4dYAnCjv04=) - function list sync
16.08.2024 16:51:04 [ZomBerryDbg]: NOVAKILLSFORYOU (_i471QtP-cQO7LGlvQxSkkb6U2OdaENSi4dYAnCjv04=) - player list sync
16.08.2024 16:51:04 [ZomBerryDbg]: NOVAKILLSFORYOU (_i471QtP-cQO7LGlvQxSkkb6U2OdaENSi4dYAnCjv04=) - function list sync
16.08.2024 16:51:11 [ZomBerryAdmin]: NOVAKILLSFORYOU (_i471QtP-cQO7LGlvQxSkkb6U2OdaENSi4dYAnCjv04=) teleported to position <7533.262695, 87.669998, 4615.832031>
16.08.2024 16:52:51 [ZomBerryDbg]: NOVAKILLSFORYOU (_i471QtP-cQO7LGlvQxSkkb6U2OdaENSi4dYAnCjv04=) - player list sync
16.08.2024 16:52:51 [ZomBerryDbg]: NOVAKILLSFORYOU (_i471QtP-cQO7LGlvQxSkkb6U2OdaENSi4dYAnCjv04=) - function list sync
16.08.2024 16:53:05 [ZomBerryAdmin]: NOVAKILLSFORYOU (_i471QtP-cQO7LGlvQxSkkb6U2OdaENSi4dYAnCjv04=) teleported to position <3173.404053, 1.153554, 1681.352539>
16.08.2024 16:57:35 [ZomBerryDbg]: NOVAKILLSFORYOU (_i471QtP-cQO7LGlvQxSkkb6U2OdaENSi4dYAnCjv04=) - player list sync
16.08.2024 16:57:35 [ZomBerryDbg]: NOVAKILLSFORYOU (_i471QtP-cQO7LGlvQxSkkb6U2OdaENSi4dYAnCjv04=) - function list sync
16.08.2024 16:57:50 [ZomBerryAdmin]: NOVAKILLSFORYOU (_i471QtP-cQO7LGlvQxSkkb6U2OdaENSi4dYAnCjv04=) spawned BandageDressing at <3212.713867, 1.494204, 1617.864258>
16.08.2024 17:07:31 [ZomBerryDbg]: Auth Request ignored (not an admin) 1DEADMANWALKIN (zvk4zPulP_yUuFMB-icYMa26l-1hJKZFlbgWP-FPOcg=)
16.08.2024 17:18:11 [ZomBerryAdmin]: NOVAKILLSFORYOU (_i471QtP-cQO7LGlvQxSkkb6U2OdaENSi4dYAnCjv04=) spawned ADM_ParaMotor_ADM at <3212.636963, 1.531737, 1617.810425>
16.08.2024 17:27:28 [ZomBerryDbg]: NOVAKILLSFORYOU (_i471QtP-cQO7LGlvQxSkkb6U2OdaENSi4dYAnCjv04=) - player list sync
16.08.2024 17:27:28 [ZomBerryDbg]: NOVAKILLSFORYOU (_i471QtP-cQO7LGlvQxSkkb6U2OdaENSi4dYAnCjv04=) - function list sync
16.08.2024 17:27:45 [ZomBerryAdmin]: NOVAKILLSFORYOU (_i471QtP-cQO7LGlvQxSkkb6U2OdaENSi4dYAnCjv04=) spawned ADM_ParaMotor_Fabric at <3209.766846, 1.337928, 1619.634155>
16.08.2024 17:27:58 [ZomBerryAdmin]: NOVAKILLSFORYOU (_i471QtP-cQO7LGlvQxSkkb6U2OdaENSi4dYAnCjv04=) spawned ADM_TactiParaBag_Camo_Speed at <3210.084961, 1.668935, 1619.196045>
16.08.2024 17:28:09 [ZomBerryDbg]: NOVAKILLSFORYOU (_i471QtP-cQO7LGlvQxSkkb6U2OdaENSi4dYAnCjv04=) - player list sync
16.08.2024 17:28:09 [ZomBerryDbg]: NOVAKILLSFORYOU (_i471QtP-cQO7LGlvQxSkkb6U2OdaENSi4dYAnCjv04=) - function list sync
16.08.2024 17:28:22 [ZomBerryAdmin]: NOVAKILLSFORYOU (_i471QtP-cQO7LGlvQxSkkb6U2OdaENSi4dYAnCjv04=) spawned ADM_ParachuteBag_ADM at <3210.240479, 2.626574, 1619.073730>
16.08.2024 17:35:01 [ZomBerryDbg]: Auth Request ignored (not an admin) Survivor (EdUtHoz7RvdC6FQiZqYS7wLTRJsMr8Ls7MVvb9HcjjQ=)
16.08.2024 17:47:30 [ZomBerryDbg]: Auth Request ignored (not an admin) MGM_762 (6CBOabJUM7Qqd7NEG4Do-ueQ7Uqvietj4ODcWmz64j4=)
16.08.2024 17:51:36 [ZomBerryDbg]: NOVAKILLSFORYOU (_i471QtP-cQO7LGlvQxSkkb6U2OdaENSi4dYAnCjv04=) - player list sync
16.08.2024 17:51:36 [ZomBerryDbg]: NOVAKILLSFORYOU (_i471QtP-cQO7LGlvQxSkkb6U2OdaENSi4dYAnCjv04=) - function list sync
16.08.2024 17:51:47 [ZomBerryAdmin]: NOVAKILLSFORYOU (_i471QtP-cQO7LGlvQxSkkb6U2OdaENSi4dYAnCjv04=) spawned ADM_Zepplin at <3210.634277, 1.494675, 1621.704102>
16.08.2024 17:53:23 [ZomBerryDbg]: NOVAKILLSFORYOU (_i471QtP-cQO7LGlvQxSkkb6U2OdaENSi4dYAnCjv04=) - player list sync
16.08.2024 17:53:23 [ZomBerryDbg]: NOVAKILLSFORYOU (_i471QtP-cQO7LGlvQxSkkb6U2OdaENSi4dYAnCjv04=) - function list sync
16.08.2024 17:53:53 [ZomBerryAdmin]: NOVAKILLSFORYOU (_i471QtP-cQO7LGlvQxSkkb6U2OdaENSi4dYAnCjv04=) spawned ADM_MagicBroom at <3207.098145, 1.494204, 1617.095825>
16.08.2024 17:54:16 [ZomBerryDbg]: Auth Request ignored (not an admin) Survivor (EdUtHoz7RvdC6FQiZqYS7wLTRJsMr8Ls7MVvb9HcjjQ=)
16.08.2024 17:56:58 [ZomBerryDbg]: NOVAKILLSFORYOU (_i471QtP-cQO7LGlvQxSkkb6U2OdaENSi4dYAnCjv04=) - player list sync
16.08.2024 17:56:58 [ZomBerryDbg]: NOVAKILLSFORYOU (_i471QtP-cQO7LGlvQxSkkb6U2OdaENSi4dYAnCjv04=) - function list sync
16.08.2024 18:10:03 [ZomBerryDbg]: NOVAKILLSFORYOU (_i471QtP-cQO7LGlvQxSkkb6U2OdaENSi4dYAnCjv04=) - player list sync
16.08.2024 18:10:03 [ZomBerryDbg]: NOVAKILLSFORYOU (_i471QtP-cQO7LGlvQxSkkb6U2OdaENSi4dYAnCjv04=) - function list sync
16.08.2024 18:13:38 [ZomBerryDbg]: Auth Request ignored (not an admin) Survivor (EdUtHoz7RvdC6FQiZqYS7wLTRJsMr8Ls7MVvb9HcjjQ=)
16.08.2024 18:28:49 [ZomBerryDbg]: NOVAKILLSFORYOU (_i471QtP-cQO7LGlvQxSkkb6U2OdaENSi4dYAnCjv04=) - player list sync
16.08.2024 18:28:49 [ZomBerryDbg]: NOVAKILLSFORYOU (_i471QtP-cQO7LGlvQxSkkb6U2OdaENSi4dYAnCjv04=) - function list sync
16.08.2024 18:29:00 [ZomBerryAdmin]: NOVAKILLSFORYOU (_i471QtP-cQO7LGlvQxSkkb6U2OdaENSi4dYAnCjv04=) executed GodTarget
16.08.2024 18:29:07 [ZomBerryAdmin]: NOVAKILLSFORYOU (_i471QtP-cQO7LGlvQxSkkb6U2OdaENSi4dYAnCjv04=) executed TPToTarget on target MGM_762 (6CBOabJUM7Qqd7NEG4Do-ueQ7Uqvietj4ODcWmz64j4=)
16.08.2024 18:32:07 [ZomBerryDbg]: NOVAKILLSFORYOU (_i471QtP-cQO7LGlvQxSkkb6U2OdaENSi4dYAnCjv04=) - player list sync
16.08.2024 18:32:07 [ZomBerryDbg]: NOVAKILLSFORYOU (_i471QtP-cQO7LGlvQxSkkb6U2OdaENSi4dYAnCjv04=) - function list sync
16.08.2024 18:32:21 [ZomBerryAdmin]: NOVAKILLSFORYOU (_i471QtP-cQO7LGlvQxSkkb6U2OdaENSi4dYAnCjv04=) spawned NBCPantsGray at <13985.417969, 1.850004, 2163.312256>
16.08.2024 18:32:39 [ZomBerryDbg]: NOVAKILLSFORYOU (_i471QtP-cQO7LGlvQxSkkb6U2OdaENSi4dYAnCjv04=) - player list sync
16.08.2024 18:32:39 [ZomBerryDbg]: NOVAKILLSFORYOU (_i471QtP-cQO7LGlvQxSkkb6U2OdaENSi4dYAnCjv04=) - function list sync
16.08.2024 18:32:59 [ZomBerryAdmin]: NOVAKILLSFORYOU (_i471QtP-cQO7LGlvQxSkkb6U2OdaENSi4dYAnCjv04=) spawned NBCPantsYellow at <13986.690430, 1.849980, 2163.026367>
16.08.2024 18:33:00 [ZomBerryAdmin]: NOVAKILLSFORYOU (_i471QtP-cQO7LGlvQxSkkb6U2OdaENSi4dYAnCjv04=) spawned NBCPantsYellow at <13986.725586, 2.003456, 2163.238281>
16.08.2024 18:33:08 [ZomBerryAdmin]: NOVAKILLSFORYOU (_i471QtP-cQO7LGlvQxSkkb6U2OdaENSi4dYAnCjv04=) spawned NBCPantsYellow at <13986.761719, 2.156932, 2163.446533>
16.08.2024 18:34:24 [ZomBerryDbg]: NOVAKILLSFORYOU (_i471QtP-cQO7LGlvQxSkkb6U2OdaENSi4dYAnCjv04=) - player list sync
16.08.2024 18:34:24 [ZomBerryDbg]: NOVAKILLSFORYOU (_i471QtP-cQO7LGlvQxSkkb6U2OdaENSi4dYAnCjv04=) - function list sync
16.08.2024 18:34:36 [ZomBerryAdmin]: NOVAKILLSFORYOU (_i471QtP-cQO7LGlvQxSkkb6U2OdaENSi4dYAnCjv04=) executed GodTarget
16.08.2024 18:41:47 [ZomBerryDbg]: NOVAKILLSFORYOU (_i471QtP-cQO7LGlvQxSkkb6U2OdaENSi4dYAnCjv04=) - player list sync
16.08.2024 18:41:47 [ZomBerryDbg]: NOVAKILLSFORYOU (_i471QtP-cQO7LGlvQxSkkb6U2OdaENSi4dYAnCjv04=) - function list sync
16.08.2024 18:42:54 [ZomBerryDbg]: NOVAKILLSFORYOU (_i471QtP-cQO7LGlvQxSkkb6U2OdaENSi4dYAnCjv04=) - player list sync
16.08.2024 18:42:54 [ZomBerryDbg]: NOVAKILLSFORYOU (_i471QtP-cQO7LGlvQxSkkb6U2OdaENSi4dYAnCjv04=) - function list sync
16.08.2024 18:43:32 [ZomBerryAdmin]: NOVAKILLSFORYOU (_i471QtP-cQO7LGlvQxSkkb6U2OdaENSi4dYAnCjv04=) executed GodTarget
16.08.2024 18:44:11 [ZomBerryDbg]: NOVAKILLSFORYOU (_i471QtP-cQO7LGlvQxSkkb6U2OdaENSi4dYAnCjv04=) - player list sync
16.08.2024 18:44:11 [ZomBerryDbg]: NOVAKILLSFORYOU (_i471QtP-cQO7LGlvQxSkkb6U2OdaENSi4dYAnCjv04=) - function list sync
16.08.2024 18:44:23 [ZomBerryDbg]: NOVAKILLSFORYOU (_i471QtP-cQO7LGlvQxSkkb6U2OdaENSi4dYAnCjv04=) - player list sync
16.08.2024 18:44:23 [ZomBerryDbg]: NOVAKILLSFORYOU (_i471QtP-cQO7LGlvQxSkkb6U2OdaENSi4dYAnCjv04=) - function list sync
16.08.2024 18:44:50 [ZomBerryDbg]: NOVAKILLSFORYOU (_i471QtP-cQO7LGlvQxSkkb6U2OdaENSi4dYAnCjv04=) - player list sync
16.08.2024 18:44:50 [ZomBerryDbg]: NOVAKILLSFORYOU (_i471QtP-cQO7LGlvQxSkkb6U2OdaENSi4dYAnCjv04=) - function list sync
