---------------------------------------------
ZomBerry v0.6.4 log started at 25.07.2024 10:56:24

25.07.2024 10:56:24 [ZomBerryCmdAPI]: INFO: Added category OnTarget
25.07.2024 10:56:24 [ZomBerryCmdAPI]: INFO: Added function TPCur to category OnTarget
25.07.2024 10:56:24 [ZomBerryCmdAPI]: INFO: Added function TPForward to category OnTarget
25.07.2024 10:56:24 [ZomBerryCmdAPI]: INFO: Added function TPToTarget to category OnTarget
25.07.2024 10:56:24 [ZomBerryCmdAPI]: INFO: Added function TPToAdmin to category OnTarget
25.07.2024 10:56:24 [ZomBerryCmdAPI]: INFO: Added function HealTarget to category OnTarget
25.07.2024 10:56:24 [ZomBerryCmdAPI]: INFO: Added function HealTargetPart to category OnTarget
25.07.2024 10:56:24 [ZomBerryCmdAPI]: INFO: Added function GodTarget to category OnTarget
25.07.2024 10:56:24 [ZomBerryCmdAPI]: INFO: Added function RepairTargetHands to category OnTarget
25.07.2024 10:56:24 [ZomBerryCmdAPI]: INFO: Added function RefuelAndRepair to category OnTarget
25.07.2024 10:56:24 [ZomBerryCmdAPI]: INFO: Added category ==
25.07.2024 10:56:24 [ZomBerryCmdAPI]: INFO: Added function KillTarget to category ==
25.07.2024 10:56:24 [ZomBerryCmdAPI]: INFO: Added function BiteTarget to category ==
25.07.2024 10:56:24 [ZomBerryCmdAPI]: INFO: Added function StripTarget to category ==
25.07.2024 10:56:24 [ZomBerryCmdAPI]: INFO: Added function RejectBellyTarget to category ==
25.07.2024 10:56:24 [ZomBerryCmdAPI]: INFO: Added function PsycoTarget to category ==
25.07.2024 10:56:24 [ZomBerryCmdAPI]: INFO: Added function SneezeTarget to category ==
25.07.2024 10:56:24 [ZomBerryCmdAPI]: INFO: Added function SetHealthTarget to category ==
25.07.2024 10:56:24 [ZomBerryCmdAPI]: INFO: Added function SetBloodTarget to category ==
25.07.2024 10:56:24 [ZomBerryCmdAPI]: INFO: Added category OnServer
25.07.2024 10:56:24 [ZomBerryCmdAPI]: INFO: Added function FreeCamAdm to category OnServer
25.07.2024 10:56:24 [ZomBerryCmdAPI]: INFO: Added function TimeDay to category OnServer
25.07.2024 10:56:24 [ZomBerryCmdAPI]: INFO: Added function TimeNight to category OnServer
25.07.2024 10:56:24 [ZomBerryCmdAPI]: INFO: Added function SetTime to category OnServer
25.07.2024 10:56:24 [ZomBerryCmdAPI]: INFO: Added function SetDate to category OnServer
25.07.2024 10:56:24 [ZomBerryCmdAPI]: INFO: Added function SetWeather to category OnServer
25.07.2024 10:56:24 [ZomBerryCmdAPI]: INFO: Added function DeleteObj to category OnServer
25.07.2024 10:56:24 [ZomBerryConfig]: INFO: Using admins.cfg from Profile directory
25.07.2024 10:56:24 [ZomBerryDbg]: Server ready, loading admin list from: $profile:ZomBerry\admins.cfg
25.07.2024 10:56:24 [ZomBerryConfig]: admins.cfg loaded
25.07.2024 10:56:24 [ZomBerryConfig]: Added admin: 76561198089301277
