---------------------------------------------
ZomBerry v0.6.4 log started at 06.07.2024 18:41:32

06.07.2024 18:41:32 [ZomBerryCmdAPI]: INFO: Added category OnTarget
06.07.2024 18:41:32 [ZomBerryCmdAPI]: INFO: Added function TPCur to category OnTarget
06.07.2024 18:41:32 [ZomBerryCmdAPI]: INFO: Added function TPForward to category OnTarget
06.07.2024 18:41:32 [ZomBerryCmdAPI]: INFO: Added function TPToTarget to category OnTarget
06.07.2024 18:41:32 [ZomBerryCmdAPI]: INFO: Added function TPToAdmin to category OnTarget
06.07.2024 18:41:32 [ZomBerryCmdAPI]: INFO: Added function HealTarget to category OnTarget
06.07.2024 18:41:32 [ZomBerryCmdAPI]: INFO: Added function HealTargetPart to category OnTarget
06.07.2024 18:41:32 [ZomBerryCmdAPI]: INFO: Added function GodTarget to category OnTarget
06.07.2024 18:41:32 [ZomBerryCmdAPI]: INFO: Added function RepairTargetHands to category OnTarget
06.07.2024 18:41:32 [ZomBerryCmdAPI]: INFO: Added function RefuelAndRepair to category OnTarget
06.07.2024 18:41:32 [ZomBerryCmdAPI]: INFO: Added category ==
06.07.2024 18:41:32 [ZomBerryCmdAPI]: INFO: Added function KillTarget to category ==
06.07.2024 18:41:32 [ZomBerryCmdAPI]: INFO: Added function BiteTarget to category ==
06.07.2024 18:41:32 [ZomBerryCmdAPI]: INFO: Added function StripTarget to category ==
06.07.2024 18:41:32 [ZomBerryCmdAPI]: INFO: Added function RejectBellyTarget to category ==
06.07.2024 18:41:32 [ZomBerryCmdAPI]: INFO: Added function PsycoTarget to category ==
06.07.2024 18:41:32 [ZomBerryCmdAPI]: INFO: Added function SneezeTarget to category ==
06.07.2024 18:41:32 [ZomBerryCmdAPI]: INFO: Added function SetHealthTarget to category ==
06.07.2024 18:41:32 [ZomBerryCmdAPI]: INFO: Added function SetBloodTarget to category ==
06.07.2024 18:41:32 [ZomBerryCmdAPI]: INFO: Added category OnServer
06.07.2024 18:41:32 [ZomBerryCmdAPI]: INFO: Added function FreeCamAdm to category OnServer
06.07.2024 18:41:32 [ZomBerryCmdAPI]: INFO: Added function TimeDay to category OnServer
06.07.2024 18:41:32 [ZomBerryCmdAPI]: INFO: Added function TimeNight to category OnServer
06.07.2024 18:41:32 [ZomBerryCmdAPI]: INFO: Added function SetTime to category OnServer
06.07.2024 18:41:32 [ZomBerryCmdAPI]: INFO: Added function SetDate to category OnServer
06.07.2024 18:41:32 [ZomBerryCmdAPI]: INFO: Added function SetWeather to category OnServer
06.07.2024 18:41:32 [ZomBerryCmdAPI]: INFO: Added function DeleteObj to category OnServer
06.07.2024 18:41:32 [ZomBerryConfig]: INFO: Using admins.cfg from Profile directory
06.07.2024 18:41:32 [ZomBerryDbg]: Server ready, loading admin list from: $profile:ZomBerry\admins.cfg
06.07.2024 18:41:32 [ZomBerryConfig]: admins.cfg loaded
06.07.2024 18:41:32 [ZomBerryConfig]: Added admin: 76561198089301277
06.07.2024 18:48:14 [ZomBerryDbg]: Auth respond to admin NOVAKILLSFORYOU (_i471QtP-cQO7LGlvQxSkkb6U2OdaENSi4dYAnCjv04=)
06.07.2024 18:50:02 [ZomBerryDbg]: Auth Request ignored (not an admin) MGM_762 (6CBOabJUM7Qqd7NEG4Do-ueQ7Uqvietj4ODcWmz64j4=)
06.07.2024 18:50:47 [ZomBerryDbg]: NOVAKILLSFORYOU (_i471QtP-cQO7LGlvQxSkkb6U2OdaENSi4dYAnCjv04=) - player list sync
06.07.2024 18:50:47 [ZomBerryDbg]: NOVAKILLSFORYOU (_i471QtP-cQO7LGlvQxSkkb6U2OdaENSi4dYAnCjv04=) - function list sync
06.07.2024 18:52:54 [ZomBerryDbg]: NOVAKILLSFORYOU (_i471QtP-cQO7LGlvQxSkkb6U2OdaENSi4dYAnCjv04=) - player list sync
06.07.2024 18:52:54 [ZomBerryDbg]: NOVAKILLSFORYOU (_i471QtP-cQO7LGlvQxSkkb6U2OdaENSi4dYAnCjv04=) - function list sync
06.07.2024 18:53:07 [ZomBerryAdmin]: NOVAKILLSFORYOU (_i471QtP-cQO7LGlvQxSkkb6U2OdaENSi4dYAnCjv04=) executed SetTime
06.07.2024 19:22:40 [ZomBerryDbg]: NOVAKILLSFORYOU (_i471QtP-cQO7LGlvQxSkkb6U2OdaENSi4dYAnCjv04=) - player list sync
06.07.2024 19:22:40 [ZomBerryDbg]: NOVAKILLSFORYOU (_i471QtP-cQO7LGlvQxSkkb6U2OdaENSi4dYAnCjv04=) - function list sync
06.07.2024 20:05:57 [ZomBerryAdmin]: NOVAKILLSFORYOU (_i471QtP-cQO7LGlvQxSkkb6U2OdaENSi4dYAnCjv04=) executed DeleteObj
06.07.2024 20:19:13 [ZomBerryAdmin]: NOVAKILLSFORYOU (_i471QtP-cQO7LGlvQxSkkb6U2OdaENSi4dYAnCjv04=) executed DeleteObj
06.07.2024 21:16:40 [ZomBerryDbg]: NOVAKILLSFORYOU (_i471QtP-cQO7LGlvQxSkkb6U2OdaENSi4dYAnCjv04=) - player list sync
06.07.2024 21:16:40 [ZomBerryDbg]: NOVAKILLSFORYOU (_i471QtP-cQO7LGlvQxSkkb6U2OdaENSi4dYAnCjv04=) - function list sync
