---------------------------------------------
ZomBerry v0.6.4 log started at 15.06.2024 13:45:23

15.06.2024 13:45:23 [ZomBerryCmdAPI]: INFO: Added category OnTarget
15.06.2024 13:45:23 [ZomBerryCmdAPI]: INFO: Added function TPCur to category OnTarget
15.06.2024 13:45:23 [ZomBerryCmdAPI]: INFO: Added function TPForward to category OnTarget
15.06.2024 13:45:23 [ZomBerryCmdAPI]: INFO: Added function TPToTarget to category OnTarget
15.06.2024 13:45:23 [ZomBerryCmdAPI]: INFO: Added function TPToAdmin to category OnTarget
15.06.2024 13:45:23 [ZomBerryCmdAPI]: INFO: Added function HealTarget to category OnTarget
15.06.2024 13:45:23 [ZomBerryCmdAPI]: INFO: Added function HealTargetPart to category OnTarget
15.06.2024 13:45:23 [ZomBerryCmdAPI]: INFO: Added function GodTarget to category OnTarget
15.06.2024 13:45:23 [ZomBerryCmdAPI]: INFO: Added function RepairTargetHands to category OnTarget
15.06.2024 13:45:23 [ZomBerryCmdAPI]: INFO: Added function RefuelAndRepair to category OnTarget
15.06.2024 13:45:23 [ZomBerryCmdAPI]: INFO: Added category ==
15.06.2024 13:45:23 [ZomBerryCmdAPI]: INFO: Added function KillTarget to category ==
15.06.2024 13:45:23 [ZomBerryCmdAPI]: INFO: Added function BiteTarget to category ==
15.06.2024 13:45:23 [ZomBerryCmdAPI]: INFO: Added function StripTarget to category ==
15.06.2024 13:45:23 [ZomBerryCmdAPI]: INFO: Added function RejectBellyTarget to category ==
15.06.2024 13:45:23 [ZomBerryCmdAPI]: INFO: Added function PsycoTarget to category ==
15.06.2024 13:45:23 [ZomBerryCmdAPI]: INFO: Added function SneezeTarget to category ==
15.06.2024 13:45:23 [ZomBerryCmdAPI]: INFO: Added function SetHealthTarget to category ==
15.06.2024 13:45:23 [ZomBerryCmdAPI]: INFO: Added function SetBloodTarget to category ==
15.06.2024 13:45:23 [ZomBerryCmdAPI]: INFO: Added category OnServer
15.06.2024 13:45:23 [ZomBerryCmdAPI]: INFO: Added function FreeCamAdm to category OnServer
15.06.2024 13:45:23 [ZomBerryCmdAPI]: INFO: Added function TimeDay to category OnServer
15.06.2024 13:45:23 [ZomBerryCmdAPI]: INFO: Added function TimeNight to category OnServer
15.06.2024 13:45:23 [ZomBerryCmdAPI]: INFO: Added function SetTime to category OnServer
15.06.2024 13:45:23 [ZomBerryCmdAPI]: INFO: Added function SetDate to category OnServer
15.06.2024 13:45:23 [ZomBerryCmdAPI]: INFO: Added function SetWeather to category OnServer
15.06.2024 13:45:23 [ZomBerryCmdAPI]: INFO: Added function DeleteObj to category OnServer
15.06.2024 13:45:23 [ZomBerryConfig]: INFO: Using admins.cfg from Profile directory
15.06.2024 13:45:23 [ZomBerryDbg]: Server ready, loading admin list from: $profile:ZomBerry\admins.cfg
15.06.2024 13:45:23 [ZomBerryConfig]: admins.cfg loaded
15.06.2024 13:45:23 [ZomBerryConfig]: Added admin: 76561198089301277
15.06.2024 13:47:08 [ZomBerryDbg]: Auth respond to admin NOVAKILLSFORYOU (_i471QtP-cQO7LGlvQxSkkb6U2OdaENSi4dYAnCjv04=)
15.06.2024 13:47:55 [ZomBerryDbg]: NOVAKILLSFORYOU (_i471QtP-cQO7LGlvQxSkkb6U2OdaENSi4dYAnCjv04=) - player list sync
15.06.2024 13:47:55 [ZomBerryDbg]: NOVAKILLSFORYOU (_i471QtP-cQO7LGlvQxSkkb6U2OdaENSi4dYAnCjv04=) - function list sync
15.06.2024 13:48:55 [ZomBerryDbg]: NOVAKILLSFORYOU (_i471QtP-cQO7LGlvQxSkkb6U2OdaENSi4dYAnCjv04=) - player list sync
15.06.2024 13:48:55 [ZomBerryDbg]: NOVAKILLSFORYOU (_i471QtP-cQO7LGlvQxSkkb6U2OdaENSi4dYAnCjv04=) - function list sync
