---------------------------------------------
ZomBerry v0.6.4 log started at 22.07.2024 18:46:51

22.07.2024 18:46:51 [ZomBerryCmdAPI]: INFO: Added category OnTarget
22.07.2024 18:46:51 [ZomBerryCmdAPI]: INFO: Added function TPCur to category OnTarget
22.07.2024 18:46:51 [ZomBerryCmdAPI]: INFO: Added function TPForward to category OnTarget
22.07.2024 18:46:51 [ZomBerryCmdAPI]: INFO: Added function TPToTarget to category OnTarget
22.07.2024 18:46:51 [ZomBerryCmdAPI]: INFO: Added function TPToAdmin to category OnTarget
22.07.2024 18:46:51 [ZomBerryCmdAPI]: INFO: Added function HealTarget to category OnTarget
22.07.2024 18:46:51 [ZomBerryCmdAPI]: INFO: Added function HealTargetPart to category OnTarget
22.07.2024 18:46:51 [ZomBerryCmdAPI]: INFO: Added function GodTarget to category OnTarget
22.07.2024 18:46:51 [ZomBerryCmdAPI]: INFO: Added function RepairTargetHands to category OnTarget
22.07.2024 18:46:51 [ZomBerryCmdAPI]: INFO: Added function RefuelAndRepair to category OnTarget
22.07.2024 18:46:51 [ZomBerryCmdAPI]: INFO: Added category ==
22.07.2024 18:46:51 [ZomBerryCmdAPI]: INFO: Added function KillTarget to category ==
22.07.2024 18:46:51 [ZomBerryCmdAPI]: INFO: Added function BiteTarget to category ==
22.07.2024 18:46:51 [ZomBerryCmdAPI]: INFO: Added function StripTarget to category ==
22.07.2024 18:46:51 [ZomBerryCmdAPI]: INFO: Added function RejectBellyTarget to category ==
22.07.2024 18:46:51 [ZomBerryCmdAPI]: INFO: Added function PsycoTarget to category ==
22.07.2024 18:46:51 [ZomBerryCmdAPI]: INFO: Added function SneezeTarget to category ==
22.07.2024 18:46:51 [ZomBerryCmdAPI]: INFO: Added function SetHealthTarget to category ==
22.07.2024 18:46:51 [ZomBerryCmdAPI]: INFO: Added function SetBloodTarget to category ==
22.07.2024 18:46:51 [ZomBerryCmdAPI]: INFO: Added category OnServer
22.07.2024 18:46:51 [ZomBerryCmdAPI]: INFO: Added function FreeCamAdm to category OnServer
22.07.2024 18:46:51 [ZomBerryCmdAPI]: INFO: Added function TimeDay to category OnServer
22.07.2024 18:46:51 [ZomBerryCmdAPI]: INFO: Added function TimeNight to category OnServer
22.07.2024 18:46:51 [ZomBerryCmdAPI]: INFO: Added function SetTime to category OnServer
22.07.2024 18:46:51 [ZomBerryCmdAPI]: INFO: Added function SetDate to category OnServer
22.07.2024 18:46:51 [ZomBerryCmdAPI]: INFO: Added function SetWeather to category OnServer
22.07.2024 18:46:51 [ZomBerryCmdAPI]: INFO: Added function DeleteObj to category OnServer
22.07.2024 18:46:51 [ZomBerryConfig]: INFO: Using admins.cfg from Profile directory
22.07.2024 18:46:51 [ZomBerryDbg]: Server ready, loading admin list from: $profile:ZomBerry\admins.cfg
22.07.2024 18:46:51 [ZomBerryConfig]: admins.cfg loaded
22.07.2024 18:46:51 [ZomBerryConfig]: Added admin: 76561198089301277
22.07.2024 18:48:29 [ZomBerryDbg]: Auth Request ignored (not an admin) Morningstar1980 (83imqfZkH-LpiTXHx7j8zism8xnbt8wuFtwNyuJW7Fw=)
22.07.2024 18:48:35 [ZomBerryDbg]: Auth respond to admin NOVAKILLSFORYOU (_i471QtP-cQO7LGlvQxSkkb6U2OdaENSi4dYAnCjv04=)
22.07.2024 18:49:16 [ZomBerryDbg]: Auth Request ignored (not an admin) 1DEADMANWALKIN (zvk4zPulP_yUuFMB-icYMa26l-1hJKZFlbgWP-FPOcg=)
22.07.2024 18:50:12 [ZomBerryDbg]: Auth Request ignored (not an admin) MGM_762 (6CBOabJUM7Qqd7NEG4Do-ueQ7Uqvietj4ODcWmz64j4=)
22.07.2024 18:51:01 [ZomBerryDbg]: NOVAKILLSFORYOU (_i471QtP-cQO7LGlvQxSkkb6U2OdaENSi4dYAnCjv04=) - player list sync
22.07.2024 18:51:01 [ZomBerryDbg]: NOVAKILLSFORYOU (_i471QtP-cQO7LGlvQxSkkb6U2OdaENSi4dYAnCjv04=) - function list sync
22.07.2024 18:59:39 [ZomBerryDbg]: NOVAKILLSFORYOU (_i471QtP-cQO7LGlvQxSkkb6U2OdaENSi4dYAnCjv04=) - player list sync
22.07.2024 18:59:39 [ZomBerryDbg]: NOVAKILLSFORYOU (_i471QtP-cQO7LGlvQxSkkb6U2OdaENSi4dYAnCjv04=) - function list sync
22.07.2024 19:13:56 [ZomBerryDbg]: NOVAKILLSFORYOU (_i471QtP-cQO7LGlvQxSkkb6U2OdaENSi4dYAnCjv04=) - player list sync
22.07.2024 19:13:56 [ZomBerryDbg]: NOVAKILLSFORYOU (_i471QtP-cQO7LGlvQxSkkb6U2OdaENSi4dYAnCjv04=) - function list sync
22.07.2024 19:14:12 [ZomBerryAdmin]: NOVAKILLSFORYOU (_i471QtP-cQO7LGlvQxSkkb6U2OdaENSi4dYAnCjv04=) executed TPToTarget on target 1DEADMANWALKIN (zvk4zPulP_yUuFMB-icYMa26l-1hJKZFlbgWP-FPOcg=)
22.07.2024 20:07:17 [ZomBerryDbg]: NOVAKILLSFORYOU (_i471QtP-cQO7LGlvQxSkkb6U2OdaENSi4dYAnCjv04=) - player list sync
22.07.2024 20:07:17 [ZomBerryDbg]: NOVAKILLSFORYOU (_i471QtP-cQO7LGlvQxSkkb6U2OdaENSi4dYAnCjv04=) - function list sync
22.07.2024 20:08:29 [ZomBerryAdmin]: NOVAKILLSFORYOU (_i471QtP-cQO7LGlvQxSkkb6U2OdaENSi4dYAnCjv04=) executed RepairTargetHands on target Morningstar1980 (83imqfZkH-LpiTXHx7j8zism8xnbt8wuFtwNyuJW7Fw=)
22.07.2024 20:28:58 [ZomBerryDbg]: NOVAKILLSFORYOU (_i471QtP-cQO7LGlvQxSkkb6U2OdaENSi4dYAnCjv04=) - player list sync
22.07.2024 20:28:58 [ZomBerryDbg]: NOVAKILLSFORYOU (_i471QtP-cQO7LGlvQxSkkb6U2OdaENSi4dYAnCjv04=) - function list sync
22.07.2024 20:29:06 [ZomBerryAdmin]: NOVAKILLSFORYOU (_i471QtP-cQO7LGlvQxSkkb6U2OdaENSi4dYAnCjv04=) teleported to position <10517.501953, 2.530178, 5645.083008>
22.07.2024 20:29:40 [ZomBerryDbg]: NOVAKILLSFORYOU (_i471QtP-cQO7LGlvQxSkkb6U2OdaENSi4dYAnCjv04=) - player list sync
22.07.2024 20:29:40 [ZomBerryDbg]: NOVAKILLSFORYOU (_i471QtP-cQO7LGlvQxSkkb6U2OdaENSi4dYAnCjv04=) - function list sync
22.07.2024 20:30:01 [ZomBerryAdmin]: NOVAKILLSFORYOU (_i471QtP-cQO7LGlvQxSkkb6U2OdaENSi4dYAnCjv04=) teleported to position <3166.843018, -6.618601, 1609.615234>
22.07.2024 20:30:31 [ZomBerryDbg]: NOVAKILLSFORYOU (_i471QtP-cQO7LGlvQxSkkb6U2OdaENSi4dYAnCjv04=) - player list sync
22.07.2024 20:30:31 [ZomBerryDbg]: NOVAKILLSFORYOU (_i471QtP-cQO7LGlvQxSkkb6U2OdaENSi4dYAnCjv04=) - function list sync
22.07.2024 20:30:38 [ZomBerryAdmin]: NOVAKILLSFORYOU (_i471QtP-cQO7LGlvQxSkkb6U2OdaENSi4dYAnCjv04=) teleported to position <3202.574219, 2.727051, 1672.246094>
22.07.2024 20:30:46 [ZomBerryAdmin]: NOVAKILLSFORYOU (_i471QtP-cQO7LGlvQxSkkb6U2OdaENSi4dYAnCjv04=) teleported to position <3237.617188, 2.740000, 1738.616211>
23.07.2024 17:54:32 [ZomBerryDbg]: Auth Request ignored (not an admin) MGM_762 (6CBOabJUM7Qqd7NEG4Do-ueQ7Uqvietj4ODcWmz64j4=)
23.07.2024 18:28:48 [ZomBerryDbg]: Auth Request ignored (not an admin) MGM_762 (6CBOabJUM7Qqd7NEG4Do-ueQ7Uqvietj4ODcWmz64j4=)
23.07.2024 18:36:43 [ZomBerryDbg]: Auth Request ignored (not an admin) Morningstar1980 (83imqfZkH-LpiTXHx7j8zism8xnbt8wuFtwNyuJW7Fw=)
