---------------------------------------------
ZomBerry v0.6.4 log started at 03.07.2024 08:03:46

03.07.2024 08:03:46 [ZomBerryCmdAPI]: INFO: Added category OnTarget
03.07.2024 08:03:46 [ZomBerryCmdAPI]: INFO: Added function TPCur to category OnTarget
03.07.2024 08:03:46 [ZomBerryCmdAPI]: INFO: Added function TPForward to category OnTarget
03.07.2024 08:03:46 [ZomBerryCmdAPI]: INFO: Added function TPToTarget to category OnTarget
03.07.2024 08:03:46 [ZomBerryCmdAPI]: INFO: Added function TPToAdmin to category OnTarget
03.07.2024 08:03:46 [ZomBerryCmdAPI]: INFO: Added function HealTarget to category OnTarget
03.07.2024 08:03:46 [ZomBerryCmdAPI]: INFO: Added function HealTargetPart to category OnTarget
03.07.2024 08:03:46 [ZomBerryCmdAPI]: INFO: Added function GodTarget to category OnTarget
03.07.2024 08:03:46 [ZomBerryCmdAPI]: INFO: Added function RepairTargetHands to category OnTarget
03.07.2024 08:03:46 [ZomBerryCmdAPI]: INFO: Added function RefuelAndRepair to category OnTarget
03.07.2024 08:03:46 [ZomBerryCmdAPI]: INFO: Added category ==
03.07.2024 08:03:46 [ZomBerryCmdAPI]: INFO: Added function KillTarget to category ==
03.07.2024 08:03:46 [ZomBerryCmdAPI]: INFO: Added function BiteTarget to category ==
03.07.2024 08:03:46 [ZomBerryCmdAPI]: INFO: Added function StripTarget to category ==
03.07.2024 08:03:46 [ZomBerryCmdAPI]: INFO: Added function RejectBellyTarget to category ==
03.07.2024 08:03:46 [ZomBerryCmdAPI]: INFO: Added function PsycoTarget to category ==
03.07.2024 08:03:46 [ZomBerryCmdAPI]: INFO: Added function SneezeTarget to category ==
03.07.2024 08:03:46 [ZomBerryCmdAPI]: INFO: Added function SetHealthTarget to category ==
03.07.2024 08:03:46 [ZomBerryCmdAPI]: INFO: Added function SetBloodTarget to category ==
03.07.2024 08:03:46 [ZomBerryCmdAPI]: INFO: Added category OnServer
03.07.2024 08:03:46 [ZomBerryCmdAPI]: INFO: Added function FreeCamAdm to category OnServer
03.07.2024 08:03:46 [ZomBerryCmdAPI]: INFO: Added function TimeDay to category OnServer
03.07.2024 08:03:46 [ZomBerryCmdAPI]: INFO: Added function TimeNight to category OnServer
03.07.2024 08:03:46 [ZomBerryCmdAPI]: INFO: Added function SetTime to category OnServer
03.07.2024 08:03:46 [ZomBerryCmdAPI]: INFO: Added function SetDate to category OnServer
03.07.2024 08:03:46 [ZomBerryCmdAPI]: INFO: Added function SetWeather to category OnServer
03.07.2024 08:03:46 [ZomBerryCmdAPI]: INFO: Added function DeleteObj to category OnServer
03.07.2024 08:03:46 [ZomBerryConfig]: INFO: Using admins.cfg from Profile directory
03.07.2024 08:03:46 [ZomBerryDbg]: Server ready, loading admin list from: $profile:ZomBerry\admins.cfg
03.07.2024 08:03:46 [ZomBerryConfig]: admins.cfg loaded
03.07.2024 08:03:46 [ZomBerryConfig]: Added admin: 76561198089301277
03.07.2024 11:15:01 [ZomBerryDbg]: Auth Request ignored (not an admin) MGM_762 (6CBOabJUM7Qqd7NEG4Do-ueQ7Uqvietj4ODcWmz64j4=)
03.07.2024 11:56:42 [ZomBerryDbg]: Auth Request ignored (not an admin) MGM_762 (6CBOabJUM7Qqd7NEG4Do-ueQ7Uqvietj4ODcWmz64j4=)
03.07.2024 12:30:54 [ZomBerryDbg]: Auth Request ignored (not an admin) MGM_762 (6CBOabJUM7Qqd7NEG4Do-ueQ7Uqvietj4ODcWmz64j4=)
03.07.2024 16:54:52 [ZomBerryDbg]: Auth Request ignored (not an admin) MGM_762 (6CBOabJUM7Qqd7NEG4Do-ueQ7Uqvietj4ODcWmz64j4=)
03.07.2024 17:02:54 [ZomBerryDbg]: Auth Request ignored (not an admin) 1DEADMANWALKIN (zvk4zPulP_yUuFMB-icYMa26l-1hJKZFlbgWP-FPOcg=)
03.07.2024 17:17:30 [ZomBerryDbg]: Auth Request ignored (not an admin) 1DEADMANWALKIN (zvk4zPulP_yUuFMB-icYMa26l-1hJKZFlbgWP-FPOcg=)
03.07.2024 17:32:10 [ZomBerryDbg]: Auth Request ignored (not an admin) 1DEADMANWALKIN (zvk4zPulP_yUuFMB-icYMa26l-1hJKZFlbgWP-FPOcg=)
