---------------------------------------------
ZomBerry v0.6.4 log started at 11.08.2024 19:04:24

11.08.2024 19:04:24 [ZomBerryCmdAPI]: INFO: Added category OnTarget
11.08.2024 19:04:24 [ZomBerryCmdAPI]: INFO: Added function TPCur to category OnTarget
11.08.2024 19:04:24 [ZomBerryCmdAPI]: INFO: Added function TPForward to category OnTarget
11.08.2024 19:04:24 [ZomBerryCmdAPI]: INFO: Added function TPToTarget to category OnTarget
11.08.2024 19:04:24 [ZomBerryCmdAPI]: INFO: Added function TPToAdmin to category OnTarget
11.08.2024 19:04:24 [ZomBerryCmdAPI]: INFO: Added function HealTarget to category OnTarget
11.08.2024 19:04:24 [ZomBerryCmdAPI]: INFO: Added function HealTargetPart to category OnTarget
11.08.2024 19:04:24 [ZomBerryCmdAPI]: INFO: Added function GodTarget to category OnTarget
11.08.2024 19:04:24 [ZomBerryCmdAPI]: INFO: Added function RepairTargetHands to category OnTarget
11.08.2024 19:04:24 [ZomBerryCmdAPI]: INFO: Added function RefuelAndRepair to category OnTarget
11.08.2024 19:04:24 [ZomBerryCmdAPI]: INFO: Added category ==
11.08.2024 19:04:24 [ZomBerryCmdAPI]: INFO: Added function KillTarget to category ==
11.08.2024 19:04:24 [ZomBerryCmdAPI]: INFO: Added function BiteTarget to category ==
11.08.2024 19:04:24 [ZomBerryCmdAPI]: INFO: Added function StripTarget to category ==
11.08.2024 19:04:24 [ZomBerryCmdAPI]: INFO: Added function RejectBellyTarget to category ==
11.08.2024 19:04:24 [ZomBerryCmdAPI]: INFO: Added function PsycoTarget to category ==
11.08.2024 19:04:24 [ZomBerryCmdAPI]: INFO: Added function SneezeTarget to category ==
11.08.2024 19:04:24 [ZomBerryCmdAPI]: INFO: Added function SetHealthTarget to category ==
11.08.2024 19:04:24 [ZomBerryCmdAPI]: INFO: Added function SetBloodTarget to category ==
11.08.2024 19:04:24 [ZomBerryCmdAPI]: INFO: Added category OnServer
11.08.2024 19:04:24 [ZomBerryCmdAPI]: INFO: Added function FreeCamAdm to category OnServer
11.08.2024 19:04:24 [ZomBerryCmdAPI]: INFO: Added function TimeDay to category OnServer
11.08.2024 19:04:24 [ZomBerryCmdAPI]: INFO: Added function TimeNight to category OnServer
11.08.2024 19:04:24 [ZomBerryCmdAPI]: INFO: Added function SetTime to category OnServer
11.08.2024 19:04:24 [ZomBerryCmdAPI]: INFO: Added function SetDate to category OnServer
11.08.2024 19:04:24 [ZomBerryCmdAPI]: INFO: Added function SetWeather to category OnServer
11.08.2024 19:04:24 [ZomBerryCmdAPI]: INFO: Added function DeleteObj to category OnServer
11.08.2024 19:04:24 [ZomBerryConfig]: INFO: Using admins.cfg from Profile directory
11.08.2024 19:04:24 [ZomBerryDbg]: Server ready, loading admin list from: $profile:ZomBerry\admins.cfg
11.08.2024 19:04:24 [ZomBerryConfig]: admins.cfg loaded
11.08.2024 19:04:24 [ZomBerryConfig]: Added admin: 76561198089301277
11.08.2024 19:06:24 [ZomBerryDbg]: Auth Request ignored (not an admin) MGM_762 (6CBOabJUM7Qqd7NEG4Do-ueQ7Uqvietj4ODcWmz64j4=)
11.08.2024 19:07:49 [ZomBerryDbg]: Auth respond to admin NOVAKILLSFORYOU (_i471QtP-cQO7LGlvQxSkkb6U2OdaENSi4dYAnCjv04=)
11.08.2024 20:43:58 [ZomBerryDbg]: Auth Request ignored (not an admin) PsiTom (985Y4OnrPF97smqLkzdXIQc0BKnxHTTL8e-fkhwd1tE=)
12.08.2024 09:29:28 [ZomBerryDbg]: Auth Request ignored (not an admin) PsiTom (985Y4OnrPF97smqLkzdXIQc0BKnxHTTL8e-fkhwd1tE=)
