---------------------------------------------
ZomBerry v0.6.4 log started at 20.07.2024 13:43:37

20.07.2024 13:43:37 [ZomBerryCmdAPI]: INFO: Added category OnTarget
20.07.2024 13:43:37 [ZomBerryCmdAPI]: INFO: Added function TPCur to category OnTarget
20.07.2024 13:43:37 [ZomBerryCmdAPI]: INFO: Added function TPForward to category OnTarget
20.07.2024 13:43:37 [ZomBerryCmdAPI]: INFO: Added function TPToTarget to category OnTarget
20.07.2024 13:43:37 [ZomBerryCmdAPI]: INFO: Added function TPToAdmin to category OnTarget
20.07.2024 13:43:37 [ZomBerryCmdAPI]: INFO: Added function HealTarget to category OnTarget
20.07.2024 13:43:37 [ZomBerryCmdAPI]: INFO: Added function HealTargetPart to category OnTarget
20.07.2024 13:43:37 [ZomBerryCmdAPI]: INFO: Added function GodTarget to category OnTarget
20.07.2024 13:43:37 [ZomBerryCmdAPI]: INFO: Added function RepairTargetHands to category OnTarget
20.07.2024 13:43:37 [ZomBerryCmdAPI]: INFO: Added function RefuelAndRepair to category OnTarget
20.07.2024 13:43:37 [ZomBerryCmdAPI]: INFO: Added category ==
20.07.2024 13:43:37 [ZomBerryCmdAPI]: INFO: Added function KillTarget to category ==
20.07.2024 13:43:37 [ZomBerryCmdAPI]: INFO: Added function BiteTarget to category ==
20.07.2024 13:43:37 [ZomBerryCmdAPI]: INFO: Added function StripTarget to category ==
20.07.2024 13:43:37 [ZomBerryCmdAPI]: INFO: Added function RejectBellyTarget to category ==
20.07.2024 13:43:37 [ZomBerryCmdAPI]: INFO: Added function PsycoTarget to category ==
20.07.2024 13:43:37 [ZomBerryCmdAPI]: INFO: Added function SneezeTarget to category ==
20.07.2024 13:43:37 [ZomBerryCmdAPI]: INFO: Added function SetHealthTarget to category ==
20.07.2024 13:43:37 [ZomBerryCmdAPI]: INFO: Added function SetBloodTarget to category ==
20.07.2024 13:43:37 [ZomBerryCmdAPI]: INFO: Added category OnServer
20.07.2024 13:43:37 [ZomBerryCmdAPI]: INFO: Added function FreeCamAdm to category OnServer
20.07.2024 13:43:37 [ZomBerryCmdAPI]: INFO: Added function TimeDay to category OnServer
20.07.2024 13:43:37 [ZomBerryCmdAPI]: INFO: Added function TimeNight to category OnServer
20.07.2024 13:43:37 [ZomBerryCmdAPI]: INFO: Added function SetTime to category OnServer
20.07.2024 13:43:37 [ZomBerryCmdAPI]: INFO: Added function SetDate to category OnServer
20.07.2024 13:43:37 [ZomBerryCmdAPI]: INFO: Added function SetWeather to category OnServer
20.07.2024 13:43:37 [ZomBerryCmdAPI]: INFO: Added function DeleteObj to category OnServer
20.07.2024 13:43:37 [ZomBerryConfig]: INFO: Using admins.cfg from Profile directory
20.07.2024 13:43:37 [ZomBerryDbg]: Server ready, loading admin list from: $profile:ZomBerry\admins.cfg
20.07.2024 13:43:37 [ZomBerryConfig]: admins.cfg loaded
20.07.2024 13:43:37 [ZomBerryConfig]: Added admin: 76561198089301277
20.07.2024 13:58:14 [ZomBerryDbg]: Auth Request ignored (not an admin) MGM_762 (6CBOabJUM7Qqd7NEG4Do-ueQ7Uqvietj4ODcWmz64j4=)
20.07.2024 15:02:07 [ZomBerryDbg]: Auth Request ignored (not an admin) 1DEADMANWALKIN (zvk4zPulP_yUuFMB-icYMa26l-1hJKZFlbgWP-FPOcg=)
20.07.2024 16:39:28 [ZomBerryDbg]: Auth Request ignored (not an admin) 1DEADMANWALKIN (zvk4zPulP_yUuFMB-icYMa26l-1hJKZFlbgWP-FPOcg=)
