---------------------------------------------
ZomBerry v0.6.4 log started at 05.07.2024 22:01:09

05.07.2024 22:01:09 [ZomBerryCmdAPI]: INFO: Added category OnTarget
05.07.2024 22:01:09 [ZomBerryCmdAPI]: INFO: Added function TPCur to category OnTarget
05.07.2024 22:01:09 [ZomBerryCmdAPI]: INFO: Added function TPForward to category OnTarget
05.07.2024 22:01:09 [ZomBerryCmdAPI]: INFO: Added function TPToTarget to category OnTarget
05.07.2024 22:01:09 [ZomBerryCmdAPI]: INFO: Added function TPToAdmin to category OnTarget
05.07.2024 22:01:09 [ZomBerryCmdAPI]: INFO: Added function HealTarget to category OnTarget
05.07.2024 22:01:09 [ZomBerryCmdAPI]: INFO: Added function HealTargetPart to category OnTarget
05.07.2024 22:01:09 [ZomBerryCmdAPI]: INFO: Added function GodTarget to category OnTarget
05.07.2024 22:01:09 [ZomBerryCmdAPI]: INFO: Added function RepairTargetHands to category OnTarget
05.07.2024 22:01:09 [ZomBerryCmdAPI]: INFO: Added function RefuelAndRepair to category OnTarget
05.07.2024 22:01:09 [ZomBerryCmdAPI]: INFO: Added category ==
05.07.2024 22:01:09 [ZomBerryCmdAPI]: INFO: Added function KillTarget to category ==
05.07.2024 22:01:09 [ZomBerryCmdAPI]: INFO: Added function BiteTarget to category ==
05.07.2024 22:01:09 [ZomBerryCmdAPI]: INFO: Added function StripTarget to category ==
05.07.2024 22:01:09 [ZomBerryCmdAPI]: INFO: Added function RejectBellyTarget to category ==
05.07.2024 22:01:09 [ZomBerryCmdAPI]: INFO: Added function PsycoTarget to category ==
05.07.2024 22:01:09 [ZomBerryCmdAPI]: INFO: Added function SneezeTarget to category ==
05.07.2024 22:01:09 [ZomBerryCmdAPI]: INFO: Added function SetHealthTarget to category ==
05.07.2024 22:01:09 [ZomBerryCmdAPI]: INFO: Added function SetBloodTarget to category ==
05.07.2024 22:01:09 [ZomBerryCmdAPI]: INFO: Added category OnServer
05.07.2024 22:01:09 [ZomBerryCmdAPI]: INFO: Added function FreeCamAdm to category OnServer
05.07.2024 22:01:09 [ZomBerryCmdAPI]: INFO: Added function TimeDay to category OnServer
05.07.2024 22:01:09 [ZomBerryCmdAPI]: INFO: Added function TimeNight to category OnServer
05.07.2024 22:01:09 [ZomBerryCmdAPI]: INFO: Added function SetTime to category OnServer
05.07.2024 22:01:09 [ZomBerryCmdAPI]: INFO: Added function SetDate to category OnServer
05.07.2024 22:01:09 [ZomBerryCmdAPI]: INFO: Added function SetWeather to category OnServer
05.07.2024 22:01:09 [ZomBerryCmdAPI]: INFO: Added function DeleteObj to category OnServer
05.07.2024 22:01:09 [ZomBerryConfig]: INFO: Using admins.cfg from Profile directory
05.07.2024 22:01:09 [ZomBerryDbg]: Server ready, loading admin list from: $profile:ZomBerry\admins.cfg
05.07.2024 22:01:09 [ZomBerryConfig]: admins.cfg loaded
05.07.2024 22:01:09 [ZomBerryConfig]: Added admin: 76561198089301277
06.07.2024 10:00:26 [ZomBerryDbg]: Auth Request ignored (not an admin) 1DEADMANWALKIN (zvk4zPulP_yUuFMB-icYMa26l-1hJKZFlbgWP-FPOcg=)
06.07.2024 10:11:05 [ZomBerryDbg]: Auth Request ignored (not an admin) StubbyChimp (BkqlyDLl3IhO5fLGK7eIAGTBmi0fKsMCKRll1LVZB0E=)
06.07.2024 12:01:13 [ZomBerryDbg]: Auth Request ignored (not an admin) StubbyChimp (BkqlyDLl3IhO5fLGK7eIAGTBmi0fKsMCKRll1LVZB0E=)
06.07.2024 12:13:06 [ZomBerryDbg]: Auth Request ignored (not an admin) MGM_762 (6CBOabJUM7Qqd7NEG4Do-ueQ7Uqvietj4ODcWmz64j4=)
06.07.2024 12:19:10 [ZomBerryDbg]: Auth Request ignored (not an admin) MGM_762 (6CBOabJUM7Qqd7NEG4Do-ueQ7Uqvietj4ODcWmz64j4=)
06.07.2024 18:02:11 [ZomBerryDbg]: Auth Request ignored (not an admin) MGM_762 (6CBOabJUM7Qqd7NEG4Do-ueQ7Uqvietj4ODcWmz64j4=)
