---------------------------------------------
ZomBerry v0.6.4 log started at 02.08.2024 19:51:04

02.08.2024 19:51:04 [ZomBerryCmdAPI]: INFO: Added category OnTarget
02.08.2024 19:51:04 [ZomBerryCmdAPI]: INFO: Added function TPCur to category OnTarget
02.08.2024 19:51:04 [ZomBerryCmdAPI]: INFO: Added function TPForward to category OnTarget
02.08.2024 19:51:04 [ZomBerryCmdAPI]: INFO: Added function TPToTarget to category OnTarget
02.08.2024 19:51:04 [ZomBerryCmdAPI]: INFO: Added function TPToAdmin to category OnTarget
02.08.2024 19:51:04 [ZomBerryCmdAPI]: INFO: Added function HealTarget to category OnTarget
02.08.2024 19:51:04 [ZomBerryCmdAPI]: INFO: Added function HealTargetPart to category OnTarget
02.08.2024 19:51:04 [ZomBerryCmdAPI]: INFO: Added function GodTarget to category OnTarget
02.08.2024 19:51:04 [ZomBerryCmdAPI]: INFO: Added function RepairTargetHands to category OnTarget
02.08.2024 19:51:04 [ZomBerryCmdAPI]: INFO: Added function RefuelAndRepair to category OnTarget
02.08.2024 19:51:04 [ZomBerryCmdAPI]: INFO: Added category ==
02.08.2024 19:51:04 [ZomBerryCmdAPI]: INFO: Added function KillTarget to category ==
02.08.2024 19:51:04 [ZomBerryCmdAPI]: INFO: Added function BiteTarget to category ==
02.08.2024 19:51:04 [ZomBerryCmdAPI]: INFO: Added function StripTarget to category ==
02.08.2024 19:51:04 [ZomBerryCmdAPI]: INFO: Added function RejectBellyTarget to category ==
02.08.2024 19:51:04 [ZomBerryCmdAPI]: INFO: Added function PsycoTarget to category ==
02.08.2024 19:51:04 [ZomBerryCmdAPI]: INFO: Added function SneezeTarget to category ==
02.08.2024 19:51:04 [ZomBerryCmdAPI]: INFO: Added function SetHealthTarget to category ==
02.08.2024 19:51:04 [ZomBerryCmdAPI]: INFO: Added function SetBloodTarget to category ==
02.08.2024 19:51:04 [ZomBerryCmdAPI]: INFO: Added category OnServer
02.08.2024 19:51:04 [ZomBerryCmdAPI]: INFO: Added function FreeCamAdm to category OnServer
02.08.2024 19:51:04 [ZomBerryCmdAPI]: INFO: Added function TimeDay to category OnServer
02.08.2024 19:51:04 [ZomBerryCmdAPI]: INFO: Added function TimeNight to category OnServer
02.08.2024 19:51:04 [ZomBerryCmdAPI]: INFO: Added function SetTime to category OnServer
02.08.2024 19:51:04 [ZomBerryCmdAPI]: INFO: Added function SetDate to category OnServer
02.08.2024 19:51:04 [ZomBerryCmdAPI]: INFO: Added function SetWeather to category OnServer
02.08.2024 19:51:04 [ZomBerryCmdAPI]: INFO: Added function DeleteObj to category OnServer
02.08.2024 19:51:04 [ZomBerryConfig]: INFO: Using admins.cfg from Profile directory
02.08.2024 19:51:04 [ZomBerryDbg]: Server ready, loading admin list from: $profile:ZomBerry\admins.cfg
02.08.2024 19:51:04 [ZomBerryConfig]: admins.cfg loaded
02.08.2024 19:51:04 [ZomBerryConfig]: Added admin: 76561198089301277
02.08.2024 20:23:49 [ZomBerryDbg]: Auth respond to admin NOVAKILLSFORYOU (_i471QtP-cQO7LGlvQxSkkb6U2OdaENSi4dYAnCjv04=)
02.08.2024 20:25:34 [ZomBerryDbg]: Auth Request ignored (not an admin) MGM_762 (6CBOabJUM7Qqd7NEG4Do-ueQ7Uqvietj4ODcWmz64j4=)
02.08.2024 20:47:31 [ZomBerryDbg]: NOVAKILLSFORYOU (_i471QtP-cQO7LGlvQxSkkb6U2OdaENSi4dYAnCjv04=) - player list sync
02.08.2024 20:47:31 [ZomBerryDbg]: NOVAKILLSFORYOU (_i471QtP-cQO7LGlvQxSkkb6U2OdaENSi4dYAnCjv04=) - function list sync
02.08.2024 20:47:45 [ZomBerryAdmin]: NOVAKILLSFORYOU (_i471QtP-cQO7LGlvQxSkkb6U2OdaENSi4dYAnCjv04=) executed SetTime
02.08.2024 20:47:55 [ZomBerryDbg]: NOVAKILLSFORYOU (_i471QtP-cQO7LGlvQxSkkb6U2OdaENSi4dYAnCjv04=) - player list sync
02.08.2024 20:47:55 [ZomBerryDbg]: NOVAKILLSFORYOU (_i471QtP-cQO7LGlvQxSkkb6U2OdaENSi4dYAnCjv04=) - function list sync
02.08.2024 20:48:09 [ZomBerryAdmin]: NOVAKILLSFORYOU (_i471QtP-cQO7LGlvQxSkkb6U2OdaENSi4dYAnCjv04=) executed SetTime
02.08.2024 20:48:31 [ZomBerryDbg]: NOVAKILLSFORYOU (_i471QtP-cQO7LGlvQxSkkb6U2OdaENSi4dYAnCjv04=) - player list sync
02.08.2024 20:48:31 [ZomBerryDbg]: NOVAKILLSFORYOU (_i471QtP-cQO7LGlvQxSkkb6U2OdaENSi4dYAnCjv04=) - function list sync
02.08.2024 20:48:46 [ZomBerryAdmin]: NOVAKILLSFORYOU (_i471QtP-cQO7LGlvQxSkkb6U2OdaENSi4dYAnCjv04=) executed SetTime
02.08.2024 20:57:26 [ZomBerryDbg]: NOVAKILLSFORYOU (_i471QtP-cQO7LGlvQxSkkb6U2OdaENSi4dYAnCjv04=) - player list sync
02.08.2024 20:57:26 [ZomBerryDbg]: NOVAKILLSFORYOU (_i471QtP-cQO7LGlvQxSkkb6U2OdaENSi4dYAnCjv04=) - function list sync
02.08.2024 20:57:38 [ZomBerryAdmin]: NOVAKILLSFORYOU (_i471QtP-cQO7LGlvQxSkkb6U2OdaENSi4dYAnCjv04=) executed TimeNight
