[COT 2024-06-30 19:28:45] 76561198089301277: Activated Community Online Tools [guid=_i471QtP-cQO7LGlvQxSkkb6U2OdaENSi4dYAnCjv04=]
[COT 2024-06-30 19:49:53] 76561198089301277: Teleported to position <3176.023926, 1.798536, 1682.638672>
[COT 2024-06-30 19:57:05] 76561198089301277: Spawned Entity BLR_House5 (BLR_House5_Kit<68b0bab0>, 100, 1e+06, 0) at <3195.789063, 2.649914, 1668.871948>
[COT 2024-06-30 19:57:27] 76561198089301277: Spawned Entity Flag Pole Kit (TerritoryFlagKit<9e321130>, 500, 200, 0) at <3195.790283, 2.649941, 1668.872070>
[COT 2024-06-30 20:00:08] 76561198089301277: Spawned Entity BLR_House2 (BLR_House2_Kit<81146110>, 100, 1e+06, 0) at <3198.029297, 2.670742, 1668.358276>
[COT 2024-06-30 20:00:10] 76561198089301277: Spawned Entity BLR_House1 (BLR_House1_Kit<811434d0>, 100, 1e+06, 0) at <3198.098145, 2.745887, 1667.955200>
[COT 2024-06-30 20:06:23] 76561198089301277: Spawned Entity Parking Meter Construction-Kit (ExpansionParkingMeterKit<9f151410>, 100, 200, 0) at <3202.919189, 2.344559, 1657.983643>
[COT 2024-06-30 20:07:01] 76561198089301277: Spawned Entity Circuit Board - MK3 (ExpansionCircuitBoard_MK3<9f03bfb0>, 100, 20, 0) at <3202.920654, 2.344601, 1657.983887>
[COT 2024-06-30 20:07:13] 76561198089301277: Spawned Entity BallerZ Extreme Vehicle Battery (CarBattery<9ef975d0>, 50, 200, 0) at <3202.899658, 2.355011, 1657.939209>
[COT 2024-06-30 20:43:06] 76561198089301277: Teleported [guid=6CBOabJUM7Qqd7NEG4Do-ueQ7Uqvietj4ODcWmz64j4=] to <2004.744995, 15.918644, 9021.332031>
[COT 2024-06-30 21:54:12] 76561198089301277: Deactivated Community Online Tools [guid=_i471QtP-cQO7LGlvQxSkkb6U2OdaENSi4dYAnCjv04=]
[COT 2024-06-30 22:03:43] 76561198089301277: Activated Community Online Tools [guid=_i471QtP-cQO7LGlvQxSkkb6U2OdaENSi4dYAnCjv04=]
[COT 2024-06-30 22:04:44] 76561198089301277: Teleported [guid=6CBOabJUM7Qqd7NEG4Do-ueQ7Uqvietj4ODcWmz64j4=] to <4847.624023, 75.191833, 3165.686523>
[COT 2024-06-30 22:39:29] 76561198089301277: Spawned Entity Old Soviet Oka Fridge Kit (Msp_Kit<80be35d0>, 200000, 100, 0) at <3202.379639, 6.897882, 1676.147705>
[COT 2024-06-30 22:40:24] 76561198089301277: Spawned Entity 4 Door Military Locker Kit (Msp_Kit<d9d8a3a0>, 200000, 100, 0) at <3202.280273, 6.910214, 1675.947876>
[COT 2024-06-30 22:40:26] 76561198089301277: Spawned Entity 4 Door Military Locker Kit (Msp_Kit<d9d8af30>, 200000, 100, 0) at <3202.093506, 6.937680, 1675.624268>
[COT 2024-06-30 22:40:27] 76561198089301277: Spawned Entity 4 Door Military Locker Green Kit (Msp_Kit<d9d8d1e0>, 200000, 100, 0) at <3201.878418, 6.967444, 1675.227051>
[COT 2024-06-30 22:40:27] 76561198089301277: Spawned Entity 4 Door Military Locker Green Kit (Msp_Kit<d9d90020>, 200000, 100, 0) at <3201.720947, 6.988253, 1674.931763>
[COT 2024-06-30 22:40:27] 76561198089301277: Spawned Entity 4 Door Military Locker Green Kit (Msp_Kit<d9d8f490>, 200000, 100, 0) at <3201.644043, 6.998662, 1674.788940>
[COT 2024-06-30 22:40:37] 76561198089301277: Spawned Entity Rifle Safe Kit (Msp_Kit<27907960>, 200000, 100, 0) at <3201.440918, 7.028300, 1674.409302>
[COT 2024-06-30 22:40:38] 76561198089301277: Spawned Entity Rifle Safe - Grey Kit (Msp_Kit<27909c10>, 200000, 100, 0) at <3201.363770, 7.039639, 1674.275024>
[COT 2024-06-30 22:40:39] 76561198089301277: Spawned Entity Rifle Safe - Green Kit (Msp_Kit<279084f0>, 200000, 100, 0) at <3201.159424, 7.066210, 1673.901978>
[COT 2024-06-30 22:40:46] 76561198089301277: Spawned Entity Tools Bench Blue Kit (Msp_ToolsBench_Blue_Kit<27909080>, 200000, 100, 0) at <3201.085938, 7.076478, 1673.764771>
[COT 2024-06-30 22:41:22] 76561198089301277: Spawned Entity Brown Wardrobe Kit (Msp_Kit<3d1c66e0>, 200000, 100, 0) at <3200.846924, 7.110869, 1673.326660>
[COT 2024-06-30 22:41:23] 76561198089301277: Spawned Entity Brown Wardrobe Kit (Msp_Kit<3d1b0c00>, 200000, 100, 0) at <3200.596436, 7.144948, 1672.873047>
[COT 2024-06-30 22:41:31] 76561198089301277: Spawned Entity Mannequin Kit (Msp_Mannequin_Kit<8c2db6c0>, 200000, 100, 0) at <3200.515381, 7.157812, 1672.735718>
[COT 2024-06-30 22:41:31] 76561198089301277: Spawned Entity Mannequin Kit (Msp_Mannequin_Kit<8c2d65d0>, 200000, 100, 0) at <3200.409424, 7.172264, 1672.540283>
[COT 2024-06-30 22:41:32] 76561198089301277: Spawned Entity Mannequin Kit (Msp_Mannequin_Kit<8c2e1ed0>, 200000, 100, 0) at <3200.253662, 7.193181, 1672.250366>
[COT 2024-06-30 22:41:32] 76561198089301277: Spawned Entity Mannequin Kit (Msp_Mannequin_Kit<8c2e7b50>, 200000, 100, 0) at <3200.062012, 7.219584, 1671.897339>
[COT 2024-06-30 22:41:32] 76561198089301277: Spawned Entity Mannequin Kit (Msp_Mannequin_Kit<8c2e35f0>, 200000, 100, 0) at <3199.987793, 7.229764, 1671.760132>
[COT 2024-06-30 22:41:32] 76561198089301277: Spawned Entity Mannequin Kit (Msp_Mannequin_Kit<8c2eb520>, 200000, 100, 0) at <3199.908203, 7.240889, 1671.614014>
[COT 2024-06-30 22:41:32] 76561198089301277: Spawned Entity Mannequin Kit (Msp_Mannequin_Kit<8c2fe1c0>, 200000, 100, 0) at <3199.735107, 7.265215, 1671.297729>
[COT 2024-06-30 22:41:33] 76561198089301277: Spawned Entity Mannequin Kit (Msp_Mannequin_Kit<8c2f79b0>, 200000, 100, 0) at <3199.585693, 7.286486, 1671.026367>
[COT 2024-06-30 22:41:37] 76561198089301277: Spawned Entity Gun Cabinet Kit (Msp_Kit<8c308f30>, 200000, 100, 0) at <3199.507324, 7.297618, 1670.885254>
[COT 2024-06-30 22:41:38] 76561198089301277: Spawned Entity Gun Cabinet Kit (Msp_Kit<8c2e58a0>, 200000, 100, 0) at <3199.285889, 7.329626, 1670.490967>
[COT 2024-06-30 22:41:38] 76561198089301277: Spawned Entity Gun Cabinet Kit (Msp_Kit<8c2fed50>, 200000, 100, 0) at <3199.124512, 7.352336, 1670.197632>
[COT 2024-06-30 22:42:02] 76561198089301277: Spawned Entity Gun Wall Kit (Msp_Gunwall_Kit<9ea71a10>, 200000, 100, 0) at <3199.051025, 7.361922, 1670.045776>
[COT 2024-06-30 22:42:03] 76561198089301277: Spawned Entity Gun Wall Kit (Msp_Gunwall_Kit<9ea9f280>, 200000, 100, 0) at <3198.915771, 7.380794, 1669.795410>
[COT 2024-06-30 22:42:03] 76561198089301277: Spawned Entity Gun Wall Kit (Msp_Gunwall_Kit<9eaa09a0>, 200000, 100, 0) at <3198.705078, 7.410290, 1669.408691>
[COT 2024-06-30 22:42:03] 76561198089301277: Spawned Entity Gun Wall Kit (Msp_Gunwall_Kit<9ea9c440>, 200000, 100, 0) at <3198.605225, 7.424031, 1669.225952>
[COT 2024-06-30 22:42:21] 76561198089301277: Spawned Entity Stone Fireplace Kit (Msp_Kit<8cb86c70>, 60000, 100, 0) at <3198.445801, 7.447102, 1668.956055>
[COT 2024-06-30 22:42:21] 76561198089301277: Spawned Entity Stone Fireplace Kit (Msp_Kit<8cb80460>, 60000, 100, 0) at <3198.240479, 7.475677, 1668.579712>
[COT 2024-06-30 22:42:31] 76561198089301277: Spawned Entity Stove Kit (Msp_Kit<8cb5ab20>, 60000, 100, 0) at <3198.142090, 7.488759, 1668.383545>
[COT 2024-06-30 22:43:18] 76561198089301277: Spawned Entity Gazebo Kit (Msp_Kit<8a852c0>, 100, 100, 0) at <3197.981445, 7.511112, 1668.101440>
[COT 2024-06-30 22:43:44] 76561198089301277: Spawned Entity Large Safe (ExpansionSafeLarge<3f8f7d50>, 2000, 20000, 0) at <3197.840332, 7.530954, 1667.825562>
[COT 2024-06-30 22:43:46] 76561198089301277: Spawned Entity Large Safe (ExpansionSafeLarge<3f8fa000>, 2000, 20000, 0) at <3197.729004, 7.546587, 1667.626953>
[COT 2024-06-30 22:55:54] 76561198089301277: Spawned Entity Screwdriver (Screwdriver<76053870>, 100, 100, 0) at <3201.343994, 5.992949, 1671.691772>
[COT 2024-06-30 22:55:54] 76561198089301277: Spawned Entity Screwdriver (Screwdriver<7604fea0>, 100, 100, 0) at <3201.316895, 6.035287, 1671.791748>
[COT 2024-06-30 22:55:54] 76561198089301277: Spawned Entity Screwdriver (Screwdriver<76050a30>, 100, 100, 0) at <3201.283691, 6.086615, 1671.911133>
[COT 2024-06-30 22:55:55] 76561198089301277: Spawned Entity Screwdriver (Screwdriver<7605da50>, 100, 100, 0) at <3201.251709, 6.136089, 1672.026123>
[COT 2024-06-30 22:56:42] 76561198089301277: Spawned Entity The Art of War (ExpansionQuestItemBook<49ac8500>, 100, 100, 0) at <3201.337646, 5.992922, 1671.688843>
[COT 2024-07-01 21:16:17] 76561198089301277: Activated Community Online Tools [guid=_i471QtP-cQO7LGlvQxSkkb6U2OdaENSi4dYAnCjv04=]
[COT 2024-07-01 21:33:47] 76561198089301277: Spawned Entity Screwdriver (Screwdriver<3d9c2880>, 100, 100, 0) at <3200.854248, 5.991901, 1672.032959>
[COT 2024-07-01 21:33:47] 76561198089301277: Spawned Entity Screwdriver (Screwdriver<3d9bc070>, 100, 100, 0) at <3200.842285, 6.049725, 1671.924194>
[COT 2024-07-01 21:41:44] 76561198089301277: Spawned Entity BLR_House2 (BLR_House2_Kit<4edb1430>, 100, 1e+06, 0) at <3179.073730, 2.137731, 1680.904419>
[COT 2024-07-01 21:42:20] 76561198089301277: Spawned Entity BLR_House1 (BLR_House1_Kit<4edb4b80>, 100, 1e+06, 0) at <3176.611572, 1.835391, 1681.786743>
[COT 2024-07-01 21:42:21] 76561198089301277: Spawned Entity BLR_House5 (BLR_House5_Kit<4edafe10>, 100, 1e+06, 0) at <3176.884521, 2.124004, 1681.432495>
[COT 2024-07-01 21:45:08] 76561198089301277: Teleported [guid=zvk4zPulP_yUuFMB-icYMa26l-1hJKZFlbgWP-FPOcg=] to <3199.114502, 2.298842, 1658.688354>
[COT 2024-07-01 21:46:49] 76561198089301277: Spawned Entity BLR Portable Hammer (BLR_Hammer<5b5af570>, 100, 1000, 0) at <3197.172607, 2.844996, 1664.813232>
[COT 2024-07-01 22:01:04] 76561198089301277: Spawned Entity BLR Portable Hammer (BLR_Hammer<fa9ef5f0>, 100, 1000, 0) at <3211.395508, 1.902594, 1651.368408>
[COT 2024-07-01 22:05:09] 76561198089301277: Deactivated Community Online Tools [guid=_i471QtP-cQO7LGlvQxSkkb6U2OdaENSi4dYAnCjv04=]
[COT 2024-07-01 22:35:19] 76561198089301277: Activated Community Online Tools [guid=_i471QtP-cQO7LGlvQxSkkb6U2OdaENSi4dYAnCjv04=]
[COT 2024-07-01 22:35:27] 76561198089301277: Spawned Entity BLR_House3 (BLR_House3_Kit<f8c94ce0>, 100, 1e+06, 0) at <3206.716309, 2.186095, 1654.922607>
[COT 2024-07-01 22:35:27] 76561198089301277: Spawned Entity BLR_House4 (BLR_House4_Kit<f8ca3530>, 100, 1e+06, 0) at <3206.415283, 2.321089, 1654.754395>
[COT 2024-07-01 22:57:02] 76561198089301277: Deactivated Community Online Tools [guid=_i471QtP-cQO7LGlvQxSkkb6U2OdaENSi4dYAnCjv04=]
[COT 2024-07-01 22:58:49] 76561198089301277: Activated Community Online Tools [guid=_i471QtP-cQO7LGlvQxSkkb6U2OdaENSi4dYAnCjv04=]
[COT 2024-07-01 22:59:08] 76561198089301277: Spawned Entity Floor Kit (ExpansionFloorKit<a49e9b80>, 100, 100, 0) at <3200.947998, 1.153770, 1648.271851>
[COT 2024-07-01 22:59:08] 76561198089301277: Spawned Entity Floor Kit (ExpansionFloorKit<a49eb2a0>, 100, 100, 0) at <3201.102295, 1.314710, 1648.058838>
[COT 2024-07-01 22:59:09] 76561198089301277: Spawned Entity Floor Kit (ExpansionFloorKit<a49f8e50>, 100, 100, 0) at <3201.163818, 1.378255, 1647.975952>
[COT 2024-07-01 22:59:09] 76561198089301277: Spawned Entity Floor Kit (ExpansionFloorKit<a49fa570>, 100, 100, 0) at <3201.221924, 1.438670, 1647.895630>
[COT 2024-07-01 22:59:09] 76561198089301277: Spawned Entity Floor Kit (ExpansionFloorKit<a4a05e70>, 100, 100, 0) at <3201.287842, 1.507481, 1647.803467>
[COT 2024-07-01 23:02:16] 76561198089301277: Spawned Entity Floor Kit (ExpansionFloorKit<713da4f0>, 100, 100, 0) at <3199.985596, 1.493732, 1620.837891>
[COT 2024-07-01 23:02:16] 76561198089301277: Spawned Entity Floor Kit (ExpansionFloorKit<713d8dd0>, 100, 100, 0) at <3199.930664, 1.601131, 1620.686401>
[COT 2024-07-01 23:02:17] 76561198089301277: Spawned Entity Floor Kit (ExpansionFloorKit<713ddec0>, 100, 100, 0) at <3199.852539, 1.756372, 1620.467651>
[COT 2024-07-01 23:02:31] 76561198089301277: Spawned Entity Ramp Kit (ExpansionRampKit<713e5260>, 100, 100, 0) at <3199.814941, 1.836682, 1620.355103>
[COT 2024-07-01 23:02:31] 76561198089301277: Spawned Entity Ramp Kit (ExpansionRampKit<713ed190>, 100, 100, 0) at <3199.771729, 1.922489, 1620.233765>
[COT 2024-07-01 23:02:31] 76561198089301277: Spawned Entity Ramp Kit (ExpansionRampKit<713fb8d0>, 100, 100, 0) at <3199.660156, 2.143616, 1619.921997>
[COT 2024-07-01 23:04:45] 76561198089301277: Spawned Entity The Whaler (RFWC_Whaler<3fd97f90>, 100, 1000, 0) at <3199.030273, 0.332608, 1613.322632>
[COT 2024-07-01 23:16:57] 76561198089301277: Spawned Entity BallerZ Admin Hatchet (Hatchet<46844c00>, 100, 500000, 0) at <3201.786865, 1.493732, 1617.114014>
[COT 2024-07-01 23:17:16] 76561198089301277: Spawned Entity Ramp Kit (ExpansionRampKit<27075c00>, 100, 100, 0) at <3201.807617, 1.563091, 1617.047363>
