[COT 2024-07-31 23:15:52] 76561198089301277: Activated Community Online Tools [guid=_i471QtP-cQO7LGlvQxSkkb6U2OdaENSi4dYAnCjv04=]
[COT 2024-07-31 23:16:00] 76561198089301277: Set GodMode To true [guid=_i471QtP-cQO7LGlvQxSkkb6U2OdaENSi4dYAnCjv04=]
[COT 2024-07-31 23:16:17] 76561198089301277: Date 2024/9/4 20:18
[COT 2024-07-31 23:16:17] 76561198089301277: Fog 0, 1675, 240
[COT 2024-07-31 23:16:17] 76561198089301277: Wind <0.997559, 0.000000, 0.069829>, 11.2, 20
[COT 2024-07-31 23:16:17] 76561198089301277: WindFunction 0.1, 1, 20
[COT 2024-07-31 23:16:17] 76561198089301277: Overcast 0.165, 1347.92, 240
[COT 2024-07-31 23:16:17] 76561198089301277: Storm 1, 0.7, 25
[COT 2024-07-31 23:16:17] 76561198089301277: Rain 0, 117.959, 240
[COT 2024-07-31 23:16:17] 76561198089301277: RainThreshold 0.5, 1, 120
[COT 2024-07-31 23:16:45] 76561198089301277: Date 2024/9/7 20:18
[COT 2024-07-31 23:16:45] 76561198089301277: Fog 0, 1675, 240
[COT 2024-07-31 23:16:45] 76561198089301277: Wind <0.997559, 0.000000, 0.069829>, 11.2, 20
[COT 2024-07-31 23:16:45] 76561198089301277: WindFunction 0.1, 1, 20
[COT 2024-07-31 23:16:45] 76561198089301277: Overcast 0.165, 1347.92, 240
[COT 2024-07-31 23:16:45] 76561198089301277: Storm 1, 0.7, 25
[COT 2024-07-31 23:16:45] 76561198089301277: Rain 0, 117.959, 240
[COT 2024-07-31 23:16:45] 76561198089301277: RainThreshold 0.5, 1, 120
[COT 2024-07-31 23:16:50] 76561198089301277: Date 2024/9/10 20:18
[COT 2024-07-31 23:16:50] 76561198089301277: Fog 0, 1675, 240
[COT 2024-07-31 23:16:50] 76561198089301277: Wind <0.997559, 0.000000, 0.069829>, 11.2, 20
[COT 2024-07-31 23:16:50] 76561198089301277: WindFunction 0.1, 1, 20
[COT 2024-07-31 23:16:50] 76561198089301277: Overcast 0.165, 1347.92, 240
[COT 2024-07-31 23:16:50] 76561198089301277: Storm 1, 0.7, 25
[COT 2024-07-31 23:16:50] 76561198089301277: Rain 0, 117.959, 240
[COT 2024-07-31 23:16:50] 76561198089301277: RainThreshold 0.5, 1, 120
[COT 2024-07-31 23:16:57] 76561198089301277: Date 2024/9/10 4:18
[COT 2024-07-31 23:16:57] 76561198089301277: Fog 0, 1675, 240
[COT 2024-07-31 23:16:57] 76561198089301277: Wind <0.997559, 0.000000, 0.069829>, 11.2, 20
[COT 2024-07-31 23:16:57] 76561198089301277: WindFunction 0.1, 1, 20
[COT 2024-07-31 23:16:57] 76561198089301277: Overcast 0.165, 1347.92, 240
[COT 2024-07-31 23:16:57] 76561198089301277: Storm 1, 0.7, 25
[COT 2024-07-31 23:16:57] 76561198089301277: Rain 0, 117.959, 240
[COT 2024-07-31 23:16:57] 76561198089301277: RainThreshold 0.5, 1, 120
[COT 2024-07-31 23:17:49] 76561198089301277: Teleported to position <2150.678711, 29.315531, 14622.154297>
