[COT 2024-6M-25 21:52:54] 76561198089301277: Activated Community Online Tools [guid=_i471QtP-cQO7LGlvQxSkkb6U2OdaENSi4dYAnCjv04=]
[COT 2024-6M-25 21:53:30] 76561198089301277: Teleported to <7202.788574, 425.006714, 12682.162109> [guid=zvk4zPulP_yUuFMB-icYMa26l-1hJKZFlbgWP-FPOcg=]
[COT 2024-6M-25 21:53:53] 76561198089301277: Teleported [guid=6CBOabJUM7Qqd7NEG4Do-ueQ7Uqvietj4ODcWmz64j4=] to <7202.788574, 425.006714, 12682.162109>
[COT 2024-6M-25 21:57:44] 76561198089301277: Teleported to position <5684.307129, -11.060000, 14713.771484>
[COT 2024-6M-25 21:57:47] 76561198089301277: Teleported to position <5683.310547, -11.060000, 14705.798828>
[COT 2024-6M-25 21:57:49] 76561198089301277: Teleported to position <5670.913574, -11.060000, 14710.781250>
[COT 2024-6M-25 22:7m:14] 76561198089301277: Spawned Entity Ka26 Hoodlum Helicopter (RFFSHeli_Ka26<c2577510>, 100, 8000, 0) at <5796.642090, 5.957075, 14719.387695>
[COT 2024-6M-25 22:13:22] 76561198089301277: Spawned Entity MH-6M Little Bird - Desert (RFFSHeli_LittleBird<c7a521e0>, 100, 8000, 0) at <6166.958496, 10.339331, 13537.473633>
[COT 2024-6M-25 22:22:53] 76561198089301277: Healed [guid=_i471QtP-cQO7LGlvQxSkkb6U2OdaENSi4dYAnCjv04=]
[COT 2024-6M-25 22:26:35] 76561198089301277: Spawned Entity AH-46 Apache Longbow - Desert (RFFSHeli_Apache_Desert<c7a4a3b0>, 100, 8000, 0) at <2177.095459, 32.409431, 14613.922852>
[COT 2024-6M-25 22:46:13] 76561198089301277: Spawned Entity Purple Security Keycard (Jmc_Keycard<387a9450>, 100, 20, 0) at <13207.246094, 14.194357, 15492.764648>
[COT 2024-6M-25 22:46:13] 76561198089301277: Spawned Entity Purple Security Keycard (Jmc_Keycard<387ad740>, 100, 20, 0) at <13207.214844, 14.218767, 15492.739258>
[COT 2024-6M-25 22:46:14] 76561198089301277: Spawned Entity Purple Security Keycard (Jmc_Keycard<387b23c0>, 100, 20, 0) at <13207.182617, 14.244280, 15492.711914>
[COT 2024-6M-25 22:46:14] 76561198089301277: Spawned Entity Purple Security Keycard (Jmc_Keycard<387b36e0>, 100, 20, 0) at <13207.150391, 14.271138, 15492.683594>
[COT 2024-6M-25 22:46:14] 76561198089301277: Spawned Entity Purple Security Keycard (Jmc_Keycard<387acdb0>, 100, 20, 0) at <13207.122070, 14.296642, 15492.654297>
[COT 2024-6M-25 22:46:14] 76561198089301277: Spawned Entity Purple Security Keycard (Jmc_Keycard<387b8360>, 100, 20, 0) at <13207.049805, 14.356899, 15492.588867>
[COT 2024-6M-25 22:46:14] 76561198089301277: Spawned Entity Purple Security Keycard (Jmc_Keycard<387ba010>, 100, 20, 0) at <13207.018555, 14.383113, 15492.560547>
[COT 2024-6M-25 22:46:16] 76561198089301277: Spawned Entity Green Security Keycard (Jmc_Keycard2<387ba9a0>, 100, 20, 0) at <13207.005859, 14.369683, 15492.519531>
[COT 2024-6M-25 22:46:16] 76561198089301277: Spawned Entity Green Security Keycard (Jmc_Keycard2<387b4070>, 100, 20, 0) at <13206.976563, 14.390308, 15492.483398>
[COT 2024-6M-25 22:46:16] 76561198089301277: Spawned Entity Green Security Keycard (Jmc_Keycard2<387bb330>, 100, 20, 0) at <13206.933594, 14.427555, 15492.460938>
[COT 2024-6M-25 22:46:16] 76561198089301277: Spawned Entity Green Security Keycard (Jmc_Keycard2<387bec90>, 100, 20, 0) at <13206.903320, 14.443094, 15492.425781>
[COT 2024-6M-25 22:46:23] 76561198089301277: Spawned Entity  (JMC_Smokey<3ee4f100>, 100, 20, 0) at <13206.865234, 14.473286, 15492.413086>
[COT 2024-6M-25 22:46:23] 76561198089301277: Spawned Entity  (JMC_Smokey<3ee51740>, 100, 20, 0) at <13206.877930, 14.482676, 15492.443359>
[COT 2024-6M-25 22:46:25] 76561198089301277: Spawned Entity  (JMC_SmokeyOrb<3ee63620>, 100, 20, 0) at <13206.869141, 14.470044, 15492.403320>
[COT 2024-6M-25 22:46:51] 76561198089301277: Teleported to <13206.057617, 14.194402, 15523.935547> [guid=6CBOabJUM7Qqd7NEG4Do-ueQ7Uqvietj4ODcWmz64j4=]
[COT 2024-6M-25 22:47:31] 76561198089301277: Teleported to <13249.651367, 14.216513, 15620.787109> [guid=6CBOabJUM7Qqd7NEG4Do-ueQ7Uqvietj4ODcWmz64j4=]
[COT 2024-6M-25 22:49:10] 76561198089301277: Teleported to <15125.475586, 4.843727, 3864.393311> [guid=6CBOabJUM7Qqd7NEG4Do-ueQ7Uqvietj4ODcWmz64j4=]
[COT 2024-6M-25 22:49:35] 76561198089301277: Healed [guid=_i471QtP-cQO7LGlvQxSkkb6U2OdaENSi4dYAnCjv04=]
[COT 2024-6M-25 22:51:3s] 76561198089301277: Healed [guid=_i471QtP-cQO7LGlvQxSkkb6U2OdaENSi4dYAnCjv04=]
[COT 2024-6M-25 22:51:4s] 76561198089301277: Healed [guid=_i471QtP-cQO7LGlvQxSkkb6U2OdaENSi4dYAnCjv04=]
[COT 2024-6M-25 22:51:4s] 76561198089301277: Healed [guid=_i471QtP-cQO7LGlvQxSkkb6U2OdaENSi4dYAnCjv04=]
[COT 2024-6M-25 22:51:6s] 76561198089301277: Healed [guid=_i471QtP-cQO7LGlvQxSkkb6U2OdaENSi4dYAnCjv04=]
[COT 2024-6M-25 22:51:6s] 76561198089301277: Healed [guid=_i471QtP-cQO7LGlvQxSkkb6U2OdaENSi4dYAnCjv04=]
[COT 2024-6M-25 22:51:9s] 76561198089301277: Bleeding stopped [guid=_i471QtP-cQO7LGlvQxSkkb6U2OdaENSi4dYAnCjv04=]
[COT 2024-6M-25 22:51:10] 76561198089301277: Bleeding stopped [guid=_i471QtP-cQO7LGlvQxSkkb6U2OdaENSi4dYAnCjv04=]
[COT 2024-6M-25 22:52:42] 76561198089301277: Teleported to position <10931.350586, 46.730000, 2297.386719>
[COT 2024-6M-25 22:52:53] 76561198089301277: Teleported [guid=6CBOabJUM7Qqd7NEG4Do-ueQ7Uqvietj4ODcWmz64j4=] to <10931.350586, 46.730000, 2297.386719>
[COT 2024-6M-25 22:55:14] 76561198089301277: Teleported to <11147.415039, 39.775982, 2275.884521> [guid=6CBOabJUM7Qqd7NEG4Do-ueQ7Uqvietj4ODcWmz64j4=]
[COT 2024-6M-25 23:3m:27] 76561198089301277: Spawned Entity BallerZ Health Injector (BZ_HealthInjector<35889270>, 100, 50, 0) at <10660.455078, 25.344244, 2427.038574>
[COT 2024-6M-25 23:3m:27] 76561198089301277: Spawned Entity BallerZ Health Injector (BZ_HealthInjector<358862a0>, 100, 50, 0) at <10660.509766, 25.367022, 2427.009521>
[COT 2024-6M-25 23:3m:28] 76561198089301277: Spawned Entity PO-X Antidote (AntiChemInjector<35890530>, 100, 50, 0) at <10660.580078, 25.396767, 2426.971436>
[COT 2024-6M-25 23:3m:28] 76561198089301277: Spawned Entity PO-X Antidote (AntiChemInjector<3588e880>, 100, 50, 0) at <10660.632813, 25.419363, 2426.942871>
[COT 2024-6M-25 23:3m:28] 76561198089301277: Spawned Entity PO-X Antidote (AntiChemInjector<35889c00>, 100, 50, 0) at <10660.687500, 25.442636, 2426.914307>
[COT 2024-6M-25 23:3m:28] 76561198089301277: Spawned Entity PO-X Antidote (AntiChemInjector<35896e60>, 100, 50, 0) at <10660.809570, 25.493792, 2426.849854>
[COT 2024-6M-25 23:3m:29] 76561198089301277: Spawned Entity PO-X Antidote (AntiChemInjector<358951b0>, 100, 50, 0) at <10660.864258, 25.517574, 2426.820313>
[COT 2024-6M-25 23:18:51] 76561198089301277: Spawned Entity Spark Plug (SparkPlug<facd5c70>, 100, 20, 0) at <10841.356445, 0.216983, 3206.094482>
[COT 2024-6M-25 23:18:52] 76561198089301277: Spawned Entity Spark Plug (SparkPlug<faccfcd0>, 100, 20, 0) at <10841.332031, 0.191101, 3206.092529>
[COT 2024-6M-25 23:18:52] 76561198089301277: Spawned Entity Spark Plug (SparkPlug<face1220>, 100, 20, 0) at <10841.329102, 0.194268, 3206.093994>
[COT 2024-6M-25 23:18:52] 76561198089301277: Spawned Entity Spark Plug (SparkPlug<facdc5a0>, 100, 20, 0) at <10841.323242, 0.196217, 3206.093994>
[COT 2024-6M-25 23:18:52] 76561198089301277: Spawned Entity Spark Plug (SparkPlug<facde250>, 100, 20, 0) at <10841.324219, 0.197424, 3206.094971>
[COT 2024-6M-25 23:18:52] 76561198089301277: Spawned Entity Spark Plug (SparkPlug<face8e70>, 100, 20, 0) at <10841.321289, 0.199118, 3206.094971>
[COT 2024-6M-25 23:18:52] 76561198089301277: Spawned Entity Spark Plug (SparkPlug<face4b80>, 100, 20, 0) at <10841.317383, 0.202065, 3206.096680>
[COT 2024-6M-25 23:18:53] 76561198089301277: Spawned Entity Spark Plug (SparkPlug<face2540>, 100, 20, 0) at <10841.318359, 0.206580, 3206.097900>
[COT 2024-6M-25 23:18:53] 76561198089301277: Spawned Entity Spark Plug (SparkPlug<facf2770>, 100, 20, 0) at <10841.327148, 0.209958, 3206.098877>
[COT 2024-6M-25 23:18:53] 76561198089301277: Spawned Entity Spark Plug (SparkPlug<facf0130>, 100, 20, 0) at <10841.334961, 0.217651, 3206.098877>
[COT 2024-6M-25 23:18:53] 76561198089301277: Spawned Entity Spark Plug (SparkPlug<facf3a90>, 100, 20, 0) at <10841.340820, 0.222700, 3206.098145>
