[COT 2024-07-02 21:10:18] 76561198089301277: Activated Community Online Tools [guid=_i471QtP-cQO7LGlvQxSkkb6U2OdaENSi4dYAnCjv04=]
[COT 2024-07-02 23:05:18] 76561198089301277: Activated Community Online Tools [guid=_i471QtP-cQO7LGlvQxSkkb6U2OdaENSi4dYAnCjv04=]
[COT 2024-07-02 23:05:32] 76561198089301277: Spawned Entity Stair Kit (ExpansionStairKit<50bef9a0>, 100, 100, 0) at <3203.181152, 1.494025, 1616.939453>
[COT 2024-07-02 23:05:32] 76561198089301277: Spawned Entity Stair Kit (ExpansionStairKit<50c02640>, 100, 100, 0) at <3203.403564, 1.609513, 1616.877563>
[COT 2024-07-02 23:05:33] 76561198089301277: Spawned Entity Stair Kit (ExpansionStairKit<50c07730>, 100, 100, 0) at <3203.544678, 1.681997, 1616.834595>
[COT 2024-07-02 23:05:44] 76561198089301277: Spawned Entity Floor Kit (ExpansionFloorKit<1e1238e0>, 100, 100, 0) at <3203.843506, 1.839095, 1616.748413>
[COT 2024-07-02 23:05:44] 76561198089301277: Spawned Entity Floor Kit (ExpansionFloorKit<6062e3a0>, 100, 100, 0) at <3204.130127, 1.988079, 1616.669556>
[COT 2024-07-02 23:05:44] 76561198089301277: Spawned Entity Floor Kit (ExpansionFloorKit<605f8c00>, 100, 100, 0) at <3204.248779, 2.049578, 1616.636353>
[COT 2024-07-02 23:12:09] 76561198089301277: Spawned Entity Wall Kit (ExpansionWallKit<1972370>, 100, 100, 0) at <3202.195313, 1.493732, 1619.874634>
[COT 2024-07-02 23:12:09] 76561198089301277: Spawned Entity Wall Kit (ExpansionWallKit<686af800>, 100, 100, 0) at <3202.155518, 1.702401, 1620.112061>
[COT 2024-07-02 23:12:09] 76561198089301277: Spawned Entity Wall Kit (ExpansionWallKit<686ac9c0>, 100, 100, 0) at <3202.134277, 1.814089, 1620.238159>
[COT 2024-07-02 23:12:09] 76561198089301277: Spawned Entity Wall Kit (ExpansionWallKit<686ad550>, 100, 100, 0) at <3202.111084, 1.941345, 1620.382202>
[COT 2024-07-02 23:12:10] 76561198089301277: Spawned Entity Wall Kit (ExpansionWallKit<686b5480>, 100, 100, 0) at <3202.084473, 2.092252, 1620.552368>
[COT 2024-07-02 23:12:10] 76561198089301277: Spawned Entity Wall Kit (ExpansionWallKit<6867abf0>, 100, 100, 0) at <3202.065430, 2.198442, 1620.672974>
[COT 2024-07-02 23:12:10] 76561198089301277: Spawned Entity Wall Kit (ExpansionWallKit<6868c170>, 100, 100, 0) at <3202.037598, 2.347926, 1620.843506>
[COT 2024-07-02 23:12:11] 76561198089301277: Spawned Entity Wall Kit (ExpansionWallKit<68687c10>, 100, 100, 0) at <3202.009521, 2.508866, 1621.036011>
[COT 2024-07-02 23:12:11] 76561198089301277: Spawned Entity Wall Kit (ExpansionWallKit<686940a0>, 100, 100, 0) at <3201.978760, 2.669806, 1621.220093>
[COT 2024-07-02 23:22:11] 76561198089301277: Spawned Entity Barrel (Barrel_Green<bb5116d0>, 200000, 1300, 512) at <3197.449707, 1.493732, 1617.150269>
[COT 2024-07-03 00:29:42] 76561198089301277: Teleported [guid=zvk4zPulP_yUuFMB-icYMa26l-1hJKZFlbgWP-FPOcg=] to <8614.399414, 4.066178, 3974.432373>
[COT 2024-07-03 00:31:13] 76561198089301277: Deactivated Community Online Tools [guid=_i471QtP-cQO7LGlvQxSkkb6U2OdaENSi4dYAnCjv04=]
