[COT 2024-07-02 01:32:01] 76561198089301277: Activated Community Online Tools [guid=_i471QtP-cQO7LGlvQxSkkb6U2OdaENSi4dYAnCjv04=]
[COT 2024-07-02 01:32:57] 76561198089301277: Spawned Entity Old Soviet Oka Fridge Kit (Msp_Kit<31b39bf0>, 200000, 100, 0) at <3208.600342, 6.216739, 1663.207397>
[COT 2024-07-02 01:33:12] 76561198089301277: Spawned Entity Military Crate (Msp_MilitaryCrate_Base<cec9c950>, 200000, 100, 0) at <3208.195068, 6.424270, 1663.038452>
[COT 2024-07-02 01:33:13] 76561198089301277: Spawned Entity Military Crate (Msp_MilitaryCrate_Base<cecaead0>, 200000, 100, 0) at <3207.479004, 6.793874, 1662.733887>
[COT 2024-07-02 01:33:14] 76561198089301277: Spawned Entity Military Crate (Msp_MilitaryCrate_Base<cecb0f00>, 200000, 100, 0) at <3207.230469, 6.919674, 1662.627441>
[COT 2024-07-02 01:33:57] 76561198089301277: Spawned Entity Solo Locker White Kit (Msp_Kit<77390ef0>, 200000, 100, 0) at <3206.852051, 7.114035, 1662.468018>
[COT 2024-07-02 01:34:06] 76561198089301277: Spawned Entity Old Locker Kit (Msp_Kit<773948c0>, 200000, 100, 0) at <3206.561768, 7.261847, 1662.353516>
[COT 2024-07-02 01:34:33] 76561198089301277: Spawned Entity Brown Wardrobe Kit (Msp_Kit<2d6e13a0>, 200000, 100, 0) at <3206.398438, 7.346125, 1662.278198>
[COT 2024-07-02 01:34:34] 76561198089301277: Spawned Entity Brown Wardrobe Kit (Msp_Kit<2d6db720>, 200000, 100, 0) at <3206.093506, 7.502425, 1662.150635>
[COT 2024-07-02 01:35:12] 76561198089301277: Spawned Entity Wooden Gun Rack Kit (Msp_Kit<6adcb310>, 200000, 100, 0) at <3205.680420, 7.711617, 1661.983276>
[COT 2024-07-02 01:35:13] 76561198089301277: Spawned Entity Gun Wall Kit (Msp_Gunwall_Kit<6add1b20>, 200000, 100, 0) at <3205.655273, 7.725934, 1661.971924>
[COT 2024-07-02 01:43:36] 76561198089301277: Spawned Entity Pliers (Pliers<e4333410>, 100, 100, 0) at <3207.940186, 6.148520, 1662.136108>
[COT 2024-07-02 01:43:37] 76561198089301277: Spawned Entity Pliers (Pliers<e432fa40>, 100, 100, 0) at <3207.853516, 6.261997, 1662.115234>
[COT 2024-07-02 01:48:18] 76561198089301277: Spawned Entity Philodendron (Msp_Storage_Base<da219260>, 350, 100, 0) at <3213.325195, 2.498877, 1656.057739>
[COT 2024-07-02 01:48:19] 76561198089301277: Spawned Entity Philodendron (Msp_Storage_Base<da21a980>, 350, 100, 0) at <3213.355713, 2.654409, 1655.853394>
[COT 2024-07-02 01:48:19] 76561198089301277: Spawned Entity Ficus Tree (Msp_Storage_Base<da214170>, 350, 100, 0) at <3213.383057, 2.767466, 1655.710815>
[COT 2024-07-02 01:48:20] 76561198089301277: Spawned Entity Ficus Tree (Msp_Storage_Base<da223440>, 350, 100, 0) at <3213.414551, 2.942955, 1655.479004>
[COT 2024-07-02 01:48:21] 76561198089301277: Spawned Entity Rubber Fig (Msp_Storage_Base<da21d7c0>, 350, 100, 0) at <3213.464844, 3.165627, 1655.192871>
[COT 2024-07-02 01:48:23] 76561198089301277: Spawned Entity Rubber Fig (Msp_Storage_Base<da22b370>, 350, 100, 0) at <3213.491455, 3.304386, 1655.007813>
[COT 2024-07-02 01:48:24] 76561198089301277: Spawned Entity Succulent (Msp_Storage_Base<da22f8d0>, 350, 100, 0) at <3213.511230, 3.408455, 1654.872314>
[COT 2024-07-02 01:48:24] 76561198089301277: Spawned Entity Succulent (Msp_Storage_Base<da237800>, 350, 100, 0) at <3213.534180, 3.534241, 1654.711670>
[COT 2024-07-02 01:48:24] 76561198089301277: Spawned Entity Succulent (Msp_Storage_Base<da231b80>, 350, 100, 0) at <3213.555420, 3.648806, 1654.562256>
