[COT 2024-06-15 22:37:19] 76561198089301277: Activated Community Online Tools [guid=_i471QtP-cQO7LGlvQxSkkb6U2OdaENSi4dYAnCjv04=]
[COT 2024-06-15 22:41:14] 76561198089301277: Spawned Entity Mh-6 Little Bird (ExpansionMh6<99be68c0>, 100, 5000, 0) at <10267.623047, 32.770142, 4703.871094>
[COT 2024-06-15 22:44:30] 76561198089301277: Set GodMode To true [guid=_i471QtP-cQO7LGlvQxSkkb6U2OdaENSi4dYAnCjv04=]
[COT 2024-06-15 22:55:56] 76561198089301277: Set GodMode To false [guid=_i471QtP-cQO7LGlvQxSkkb6U2OdaENSi4dYAnCjv04=]
[COT 2024-06-15 22:57:49] 76561198089301277: Set Health To 100 [guid=6CBOabJUM7Qqd7NEG4Do-ueQ7Uqvietj4ODcWmz64j4=]
[COT 2024-06-15 23:05:19] 76561198089301277: Spawned Entity The DragBoat - Punisher (RFWC_DragBoat_Punisher<1ab598a0>, 100, 1000, 0) at <11650.621094, 0.188453, 2333.288086>
[COT 2024-06-15 23:14:50] 76561198089301277: Set UnlimitedStamina To true [guid=_i471QtP-cQO7LGlvQxSkkb6U2OdaENSi4dYAnCjv04=]
[COT 2024-06-15 23:14:51] 76561198089301277: Set UnlimitedAmmo To true [guid=_i471QtP-cQO7LGlvQxSkkb6U2OdaENSi4dYAnCjv04=]
[COT 2024-06-15 23:14:52] 76561198089301277: Set UnlimitedAmmo To false [guid=_i471QtP-cQO7LGlvQxSkkb6U2OdaENSi4dYAnCjv04=]
[COT 2024-06-15 23:15:24] 76561198089301277: Set UnlimitedStamina To true [guid=6CBOabJUM7Qqd7NEG4Do-ueQ7Uqvietj4ODcWmz64j4=]
[COT 2024-06-15 23:33:00] 76561198089301277: Set Health To 100 [guid=6CBOabJUM7Qqd7NEG4Do-ueQ7Uqvietj4ODcWmz64j4=]
[COT 2024-06-15 23:33:00] 76561198089301277: Set Blood To 5000 [guid=6CBOabJUM7Qqd7NEG4Do-ueQ7Uqvietj4ODcWmz64j4=]
[COT 2024-06-15 23:33:00] 76561198089301277: Set Energy To 5000 [guid=6CBOabJUM7Qqd7NEG4Do-ueQ7Uqvietj4ODcWmz64j4=]
[COT 2024-06-15 23:33:00] 76561198089301277: Set Water To 5000 [guid=6CBOabJUM7Qqd7NEG4Do-ueQ7Uqvietj4ODcWmz64j4=]
[COT 2024-06-15 23:33:00] 76561198089301277: Set Shock To 100 [guid=6CBOabJUM7Qqd7NEG4Do-ueQ7Uqvietj4ODcWmz64j4=]
[COT 2024-06-15 23:33:09] 76561198089301277: Set Health To 100 [guid=_i471QtP-cQO7LGlvQxSkkb6U2OdaENSi4dYAnCjv04=]
[COT 2024-06-15 23:33:09] 76561198089301277: Set Blood To 5000 [guid=_i471QtP-cQO7LGlvQxSkkb6U2OdaENSi4dYAnCjv04=]
[COT 2024-06-15 23:33:09] 76561198089301277: Set Energy To 5000 [guid=_i471QtP-cQO7LGlvQxSkkb6U2OdaENSi4dYAnCjv04=]
[COT 2024-06-15 23:33:09] 76561198089301277: Set Water To 5000 [guid=_i471QtP-cQO7LGlvQxSkkb6U2OdaENSi4dYAnCjv04=]
[COT 2024-06-15 23:33:57] 76561198089301277: Spawned Entity SNAFU Scar-H Snow (Snafu_ScarH_Snow_GUN<ceb24620>, 100, 200, 0) at <15715.630859, 21.151609, 4511.917480>
[COT 2024-06-15 23:33:57] 76561198089301277: Spawned Entity SNAFU Scar-H Snow (Snafu_ScarH_Snow_GUN<ceb26bd0>, 100, 200, 0) at <15715.630859, 21.151609, 4511.917480>
[COT 2024-06-15 23:34:04] 76561198089301277: Spawned Entity Snafu Scar-H 100rnd drum mag Black (SNAFU_ScarH_100RND_Mag_Black<9ecf82b0>, 100, 100, 0) at <15715.630859, 21.151609, 4511.917480>
[COT 2024-06-15 23:34:05] 76561198089301277: Spawned Entity Snafu Scar-H 100rnd drum mag Black (SNAFU_ScarH_100RND_Mag_Black<9ed052d0>, 100, 100, 0) at <15715.630859, 21.151609, 4511.917480>
[COT 2024-06-15 23:34:05] 76561198089301277: Spawned Entity Snafu Scar-H 100rnd drum mag Black (SNAFU_ScarH_100RND_Mag_Black<9ecff650>, 100, 100, 0) at <15715.630859, 21.151609, 4511.917480>
[COT 2024-06-15 23:34:05] 76561198089301277: Spawned Entity Snafu Scar-H 100rnd drum mag Black (SNAFU_ScarH_100RND_Mag_Black<c1b28720>, 100, 100, 0) at <15715.630859, 21.151609, 4511.917480>
[COT 2024-06-15 23:34:25] 76561198089301277: Spawned Entity Tango6T Snow 6X (SNAFU_Tango6T_Snow<95df34f0>, 100, 150, 0) at <15715.630859, 21.151609, 4511.917480>
[COT 2024-06-15 23:34:25] 76561198089301277: Spawned Entity Tango6T Snow 6X (SNAFU_Tango6T_Snow<95df2960>, 100, 150, 0) at <15715.630859, 21.151609, 4511.917480>
[COT 2024-06-15 23:34:49] 76561198089301277: Spawned Entity Universal MPX SUP BK (SNAFU_MPX_Suppressor_Black<169a3b40>, 100, 20, 0) at <15715.630859, 21.151609, 4511.917480>
[COT 2024-06-15 23:34:49] 76561198089301277: Spawned Entity Universal MPX SUP BK (SNAFU_MPX_Suppressor_Black<169a6980>, 100, 20, 0) at <15715.630859, 21.151609, 4511.917480>
[COT 2024-06-15 23:36:08] 76561198089301277: Spawned Entity Bandage (BandageDressing<8fe378e0>, 4, 50, 0) at <15715.630859, 21.151609, 4511.917480>
[COT 2024-06-15 23:36:08] 76561198089301277: Spawned Entity Bandage (BandageDressing<8fe34ca0>, 4, 50, 0) at <15715.630859, 21.151609, 4511.917480>
[COT 2024-06-15 23:36:08] 76561198089301277: Spawned Entity Bandage (BandageDressing<8fe383f0>, 4, 50, 0) at <15715.630859, 21.151609, 4511.917480>
[COT 2024-06-15 23:36:09] 76561198089301277: Spawned Entity Bandage (BandageDressing<8fe3d160>, 4, 50, 0) at <15715.630859, 21.151609, 4511.917480>
[COT 2024-06-16 00:04:57] 76561198089301277: ESP: Viewing ESP
[COT 2024-06-16 00:04:58] 76561198089301277: ESP: Clearing ESP
[COT 2024-06-16 00:08:16] 76561198089301277: Spawned Entity Mh-6 Little Bird (ExpansionMh6<194585c0>, 100, 5000, 0) at <15623.419922, 12.657027, 4999.448242>
[COT 2024-06-16 00:18:19] 76561198089301277: Set the date to 2024/9/21 18:0
[COT 2024-06-16 00:18:21] 76561198089301277: Set rain to 0 0 0
[COT 2024-06-16 00:18:21] 76561198089301277: Set storm to 0 0.8 4000
[COT 2024-06-16 00:18:21] 76561198089301277: Set fog to 0 0 0
[COT 2024-06-16 00:18:21] 76561198089301277: Set overcast to 0.0329051 0 0
[COT 2024-06-16 00:18:21] 76561198089301277: Set the date to 2024/9/21 18:0
[COT 2024-06-16 00:18:21] 76561198089301277: Set wind to 11.4372 11.4372 1
