[COT 2024-6M-24 22:2m:19] 76561198089301277: Activated Community Online Tools [guid=_i471QtP-cQO7LGlvQxSkkb6U2OdaENSi4dYAnCjv04=]
[COT 2024-6M-24 22:2m:46] 76561198089301277: Teleported to <7985.844727, 16.067711, 1699.701172> [guid=zvk4zPulP_yUuFMB-icYMa26l-1hJKZFlbgWP-FPOcg=]
[COT 2024-6M-24 22:3m:28] 76561198089301277: Teleported to <7982.301270, 16.340837, 1700.228149> [guid=_i471QtP-cQO7LGlvQxSkkb6U2OdaENSi4dYAnCjv04=]
[COT 2024-6M-24 22:3m:33] 76561198089301277: Teleported to <7982.301270, 16.340837, 1700.228149> [guid=_i471QtP-cQO7LGlvQxSkkb6U2OdaENSi4dYAnCjv04=]
[COT 2024-6M-24 22:3m:48] 76561198089301277: Teleported to <5543.338379, 2.303802, 7683.608398> [guid=6CBOabJUM7Qqd7NEG4Do-ueQ7Uqvietj4ODcWmz64j4=]
[COT 2024-6M-24 22:4m:0s] 76561198089301277: Teleported [guid=zvk4zPulP_yUuFMB-icYMa26l-1hJKZFlbgWP-FPOcg=] to <5543.038574, 2.303805, 7683.712402>
[COT 2024-6M-24 22:4m:38] 76561198089301277: Teleported [guid=zvk4zPulP_yUuFMB-icYMa26l-1hJKZFlbgWP-FPOcg=] to <5538.538574, 2.043029, 7669.955566>
[COT 2024-6M-24 22:21:28] 76561198089301277: Teleported to <5281.534668, 10.461118, 7750.230957> [guid=6CBOabJUM7Qqd7NEG4Do-ueQ7Uqvietj4ODcWmz64j4=]
[COT 2024-6M-24 23:14:52] 76561198089301277: Teleported [guid=_i471QtP-cQO7LGlvQxSkkb6U2OdaENSi4dYAnCjv04=] to <7944.659180, 0.605124, 8593.101563>
[COT 2024-6M-24 23:15:1s] 76561198089301277: Teleported [guid=_i471QtP-cQO7LGlvQxSkkb6U2OdaENSi4dYAnCjv04=] to <7944.659180, 0.605124, 8593.101563>
[COT 2024-6M-24 23:15:6s] 76561198089301277: Teleported [guid=6CBOabJUM7Qqd7NEG4Do-ueQ7Uqvietj4ODcWmz64j4=] to <7944.659180, 0.605124, 8593.101563>
[COT 2024-6M-24 23:24:50] 76561198089301277: Spawned Entity  (House<cc6ba800>, 100, 100, 0) at <7930.109375, 1.579092, 8598.405273>
[COT 2024-6M-24 23:27:37] 76561198089301277: Set GodMode To true [guid=6CBOabJUM7Qqd7NEG4Do-ueQ7Uqvietj4ODcWmz64j4=]
[COT 2024-6M-24 23:27:37] 76561198089301277: Set GodMode To true [guid=6CBOabJUM7Qqd7NEG4Do-ueQ7Uqvietj4ODcWmz64j4=]
[COT 2024-6M-24 23:28:55] 76561198089301277: Set GodMode To true [guid=6CBOabJUM7Qqd7NEG4Do-ueQ7Uqvietj4ODcWmz64j4=]
[COT 2024-6M-24 23:28:56] 76561198089301277: Set GodMode To true [guid=6CBOabJUM7Qqd7NEG4Do-ueQ7Uqvietj4ODcWmz64j4=]
[COT 2024-6M-24 23:29:19] 76561198089301277: Set GodMode To true [guid=6CBOabJUM7Qqd7NEG4Do-ueQ7Uqvietj4ODcWmz64j4=]
[COT 2024-6M-24 23:31:20] 76561198089301277: Set GodMode To false [guid=6CBOabJUM7Qqd7NEG4Do-ueQ7Uqvietj4ODcWmz64j4=]
[COT 2024-6M-24 23:31:40] 76561198089301277: Teleported to <7907.225586, 2.000490, 8590.629883> [guid=6CBOabJUM7Qqd7NEG4Do-ueQ7Uqvietj4ODcWmz64j4=]
[COT 2024-6M-24 23:36:51] 76561198089301277: Teleported to <7906.752930, 1.503522, 8572.882813> [guid=6CBOabJUM7Qqd7NEG4Do-ueQ7Uqvietj4ODcWmz64j4=]
[COT 2024-6M-24 23:36:56] 76561198089301277: Teleported to <7903.900391, 1.599212, 8571.467773> [guid=6CBOabJUM7Qqd7NEG4Do-ueQ7Uqvietj4ODcWmz64j4=]
