[COT 2024-06-29 23:12:36] 76561198089301277: Activated Community Online Tools [guid=_i471QtP-cQO7LGlvQxSkkb6U2OdaENSi4dYAnCjv04=]
[COT 2024-06-29 23:12:42] 76561198089301277: Set the date to 2024/9/20 18:0
[COT 2024-06-29 23:15:07] 76561198089301277: Spawned Entity Floatie Wheel (Msp_Floaties<1d2d5430>, 200000, 100, 0) at <3200.080078, 2.271371, 1658.051147>
[COT 2024-06-29 23:15:07] 76561198089301277: Spawned Entity Floatie Wheel (Msp_Floaties<1d2d3d10>, 200000, 100, 0) at <3200.622070, 2.577199, 1658.122681>
[COT 2024-06-29 23:15:08] 76561198089301277: Spawned Entity Floatie Unicorn (Msp_Floaties<1d2e69b0>, 200000, 100, 0) at <3201.165771, 2.883026, 1658.194946>
[COT 2024-06-29 23:15:18] 76561198089301277: Spawned Entity Beach Chair Kit (Msp_Kit<1d2f4560>, 200000, 100, 0) at <3201.660645, 3.158777, 1658.245850>
[COT 2024-06-29 23:15:23] 76561198089301277: Spawned Entity Beach Chair (Msp_Item<1d2f1720>, 200000, 100, 0) at <3202.096436, 3.406251, 1658.313232>
[COT 2024-06-29 23:15:23] 76561198089301277: Spawned Entity Beach Chair (Msp_Item<1d2f39d0>, 200000, 100, 0) at <3202.098145, 3.406340, 1658.311035>
[COT 2024-06-29 23:15:26] 76561198089301277: Spawned Entity Beach Umbrella (ItemBase<2e731770>, 200000, 100, 0) at <3202.530029, 3.648222, 1658.357422>
[COT 2024-06-29 23:15:32] 76561198089301277: Spawned Entity Kiddie Pool (Msp_KiddiePool<13a1d3b0>, 200000, 100, 0) at <3202.578369, 3.679112, 1658.371338>
[COT 2024-06-29 23:19:06] 76561198089301277: Spawned Entity Kiddie Pool Blue Kit (Msp_Kit<23168810>, 200000, 100, 0) at <3211.672852, 8.970082, 1671.337036>
[COT 2024-06-29 23:19:14] 76561198089301277: Spawned Entity VolleyBall Net Kit (Msp_Kit<2a5641e0>, 200000, 100, 0) at <3211.926758, 9.133104, 1671.533936>
[COT 2024-06-29 23:19:22] 76561198089301277: Spawned Entity Volley Ball (ItemBase<258f6440>, 200000, 100, 0) at <3212.184082, 9.292486, 1671.723633>
[COT 2024-06-29 23:19:52] 76561198089301277: Spawned Entity Red Moskva Fridge Kit (Msp_Kit<29988890>, 200000, 100, 0) at <3212.256592, 9.339674, 1671.784912>
[COT 2024-06-29 23:20:28] 76561198089301277: Spawned Entity Military Crate (Msp_MilitaryCrate_Base<e5d451a0>, 200000, 100, 0) at <3212.260498, 9.340611, 1671.784058>
[COT 2024-06-29 23:21:31] 76561198089301277: Spawned Entity Military Locker Kit (Msp_Kit<3091f880>, 100, 100, 0) at <3211.607910, 8.970083, 1672.906250>
[COT 2024-06-29 23:22:12] 76561198089301277: Spawned Entity 4 Door Military Locker Kit (Msp_Kit<249c8220>, 100, 100, 0) at <3211.601074, 8.970083, 1672.909302>
[COT 2024-06-29 23:22:13] 76561198089301277: Spawned Entity 4 Door Military Locker Green Kit (Msp_Kit<249c3cc0>, 100, 100, 0) at <3211.805908, 9.226498, 1673.161133>
[COT 2024-06-29 23:22:43] 76561198089301277: Spawned Entity Bookcase Kit (Msp_Kit<31eb1a60>, 100, 100, 0) at <3211.609375, 8.970082, 1672.908936>
[COT 2024-06-29 23:23:07] 76561198089301277: Spawned Entity Brown Wardrobe Kit (Msp_Kit<31ed73a0>, 100, 100, 0) at <3211.607422, 8.970083, 1672.905396>
[COT 2024-06-29 23:23:14] 76561198089301277: Spawned Entity Wardrobe (Msp_Openable_Base<db3b29c0>, 100, 100, 0) at <3211.607178, 8.970083, 1672.906372>
[COT 2024-06-29 23:23:16] 76561198089301277: Spawned Entity White Wardrobe Kit (Msp_Kit<300576f0>, 100, 100, 0) at <3211.911621, 9.363663, 1673.298340>
[COT 2024-06-29 23:24:50] 76561198089301277: Spawned Entity Gun Wall Kit (Msp_Gunwall_Kit<3497f060>, 100, 100, 0) at <3212.317871, 8.970083, 1672.781738>
[COT 2024-06-29 23:24:51] 76561198089301277: Spawned Entity Gun Wall Kit (Msp_Gunwall_Kit<3497e4d0>, 100, 100, 0) at <3212.564209, 9.239556, 1673.137329>
[COT 2024-06-29 23:25:22] 76561198089301277: Spawned Entity Gun Cabinet Kit (Msp_Kit<30fb5ef0>, 100, 100, 0) at <3212.322021, 8.970083, 1672.777710>
[COT 2024-06-29 23:25:33] 76561198089301277: Spawned Entity Mannequin Kit (Msp_Mannequin_Kit<25b77d00>, 100, 100, 0) at <3212.565430, 9.241339, 1673.144043>
[COT 2024-06-29 23:25:38] 76561198089301277: Spawned Entity Mannequin Kit (Msp_Mannequin_Kit<25b79420>, 100, 100, 0) at <3212.767822, 9.462587, 1673.436035>
[COT 2024-06-29 23:26:12] 76561198089301277: Spawned Entity Stone Fireplace Kit (Msp_Kit<29d4fde0>, 60000, 100, 0) at <3212.319580, 8.970082, 1672.777710>
[COT 2024-06-29 23:26:18] 76561198089301277: Spawned Entity Stove Kit (Msp_Kit<29d4e6c0>, 60000, 100, 0) at <3212.528320, 9.190746, 1673.074097>
[COT 2024-06-29 23:26:28] 76561198089301277: Spawned Entity Mesh Shelf Kit (Msp_Kit<3a27c320>, 60000, 100, 0) at <3212.651611, 9.335644, 1673.266602>
[COT 2024-06-29 23:26:43] 76561198089301277: Spawned Entity Wooden Table Kit (Msp_Kit<3a280880>, 60000, 100, 0) at <3212.314209, 8.970083, 1672.778442>
[COT 2024-06-29 23:27:15] 76561198089301277: Spawned Entity Philodendron (Msp_Storage_Base<3b3d9b50>, 60000, 100, 0) at <3212.321045, 8.970083, 1672.776489>
[COT 2024-06-29 23:27:16] 76561198089301277: Spawned Entity Rubber Fig (Msp_Storage_Base<3b3e0360>, 60000, 100, 0) at <3212.411621, 9.063431, 1672.904053>
[COT 2024-06-29 23:27:16] 76561198089301277: Spawned Entity Ficus Tree (Msp_Storage_Base<3b3ef630>, 60000, 100, 0) at <3212.507568, 9.173176, 1673.048828>
[COT 2024-06-29 23:28:00] 76561198089301277: Spawned Entity Gazebo Kit (Msp_Kit<392f3ce0>, 100, 100, 0) at <3212.319580, 8.970082, 1672.777710>
[COT 2024-06-29 23:40:25] 76561198089301277: Set the date to 2024/9/20 18:0
[COT 2024-06-29 23:49:04] 76561198089301277: Spawned Entity Rubber Fig (Msp_Storage_Base<bea84990>, 60000, 100, 0) at <3212.073975, 2.601495, 1660.845093>
[COT 2024-06-29 23:49:08] 76561198089301277: Spawned Entity Ficus Tree (Msp_Storage_Base<beaa4650>, 60000, 100, 0) at <3211.971680, 2.626595, 1660.736938>
[COT 2024-06-29 23:49:14] 76561198089301277: Spawned Entity Standing Wood Lamp Kit (Msp_Lamp_Standing_Wood_Kit<beaab9f0>, 60000, 100, 0) at <3211.801758, 2.670774, 1660.553589>
[COT 2024-06-29 23:49:19] 76561198089301277: Spawned Entity Ceiling Mosaic Lamp Kit (Msp_Lamp_Ceiling_Mosaic_Kit<beaadca0>, 60000, 100, 0) at <3211.697510, 2.698963, 1660.426392>
[COT 2024-06-29 23:51:53] 76561198089301277: Spawned Entity Greenhouse Kit (Msp_Greenhouse_Kit<c2cee810>, 2000, 100, 0) at <3211.692871, 2.699175, 1660.428101>
[COT 2024-06-29 23:51:53] 76561198089301277: Spawned Entity Greenhouse Kit (Msp_Greenhouse_Kit<c2ce8000>, 2000, 100, 0) at <3211.589600, 2.725961, 1660.312134>
[COT 2024-06-29 23:51:53] 76561198089301277: Spawned Entity Greenhouse Kit (Msp_Greenhouse_Kit<c2cf4490>, 2000, 100, 0) at <3211.465820, 2.758246, 1660.171631>
[COT 2024-06-29 23:51:54] 76561198089301277: Spawned Entity Greenhouse Kit (Msp_Greenhouse_Kit<c2cf7e60>, 2000, 100, 0) at <3211.167969, 2.836292, 1659.832153>
[COT 2024-06-29 23:51:54] 76561198089301277: Spawned Entity Greenhouse Kit (Msp_Greenhouse_Kit<c2cf89f0>, 2000, 100, 0) at <3210.903564, 2.905573, 1659.530518>
[COT 2024-06-30 00:42:43] 76561198089301277: Activated Community Online Tools [guid=_i471QtP-cQO7LGlvQxSkkb6U2OdaENSi4dYAnCjv04=]
[COT 2024-06-30 00:43:00] 76561198089301277: Spawned Entity CodeLock (CodeLock<89651d20>, 100, 1500, 0) at <3195.480469, 2.597041, 1667.144165>
[COT 2024-06-30 00:43:01] 76561198089301277: Spawned Entity CodeLock (CodeLock<8964eee0>, 100, 1500, 0) at <3195.541992, 2.630931, 1667.152954>
[COT 2024-06-30 00:43:01] 76561198089301277: Spawned Entity Code Lock (ExpansionCodeLock<89656e10>, 100, 100, 0) at <3195.543213, 2.634177, 1667.154175>
[COT 2024-06-30 00:43:02] 76561198089301277: Spawned Entity Code Lock (ExpansionCodeLock<8965f8d0>, 100, 100, 0) at <3195.579346, 2.654484, 1667.156250>
[COT 2024-06-30 00:43:02] 76561198089301277: Spawned Entity Code Lock (ExpansionCodeLock<89659c50>, 100, 100, 0) at <3195.616455, 2.674790, 1667.160156>
[COT 2024-06-30 00:45:52] 76561198089301277: Deactivated Community Online Tools [guid=_i471QtP-cQO7LGlvQxSkkb6U2OdaENSi4dYAnCjv04=]
[COT 2024-06-30 01:42:12] 76561198089301277: Activated Community Online Tools [guid=_i471QtP-cQO7LGlvQxSkkb6U2OdaENSi4dYAnCjv04=]
[COT 2024-06-30 01:42:27] 76561198089301277: Spawned Entity The DragBoat - Black (RFWC_DragBoat_Black<85886e30>, 100, 1000, 0) at <7925.999512, -0.104737, 3783.276123>
[COT 2024-06-30 01:44:14] 76561198089301277: Deactivated Community Online Tools [guid=_i471QtP-cQO7LGlvQxSkkb6U2OdaENSi4dYAnCjv04=]
