[COT 2024-06-30 16:38:17] 76561198089301277: Activated Community Online Tools [guid=_i471QtP-cQO7LGlvQxSkkb6U2OdaENSi4dYAnCjv04=]
[COT 2024-06-30 16:38:34] 76561198089301277: Teleported to position <5119.104980, 59.613739, 8004.656250>
[COT 2024-06-30 16:39:36] 76561198089301277: Teleported to position <9957.516602, 1.563792, 9638.826172>
[COT 2024-06-30 16:40:01] 76561198089301277: Teleported to position <10159.059570, 23.799999, 9944.826172>
[COT 2024-06-30 16:41:17] 76561198089301277: Teleported to position <3180.505127, 2.437838, 1685.780273>
[COT 2024-06-30 16:41:53] 76561198089301277: Set rain to 0 0 0
[COT 2024-06-30 16:41:53] 76561198089301277: Set storm to 0 0.8 4000
[COT 2024-06-30 16:41:53] 76561198089301277: Set fog to 0 0 0
[COT 2024-06-30 16:41:53] 76561198089301277: Set overcast to 0.323846 0 0
[COT 2024-06-30 16:41:53] 76561198089301277: Set the date to 2024/9/20 14:23
[COT 2024-06-30 16:41:53] 76561198089301277: Set wind to 12.6782 12.6782 1
[COT 2024-06-30 16:42:34] 76561198089301277: Spawned Entity BallerZ Extreme Vehicle Battery (CarBattery<70f2c000>, 50, 200, 0) at <3199.066895, 1.827710, 1653.994629>
[COT 2024-06-30 16:42:37] 76561198089301277: Spawned Entity Car Battery (CarBattery<70f2cb90>, 50, 200, 0) at <3199.182617, 1.901498, 1654.124023>
[COT 2024-06-30 16:46:40] 76561198089301277: Spawned Entity Planter Box (Msp_PlanterBox<7454d5f0>, 100, 1000, 0) at <3193.635254, 1.371813, 1653.299805>
[COT 2024-06-30 16:46:44] 76561198089301277: Spawned Entity Square Planter Box (Msp_SquarePlanterBox<74522bc0>, 100, 1000, 0) at <3193.231689, 1.558148, 1653.466309>
[COT 2024-06-30 16:47:38] 76561198089301277: Spawned Entity Planter Box (Msp_PlanterBox<744a72d0>, 100, 1000, 0) at <3200.946045, 2.499267, 1661.287964>
[COT 2024-06-30 16:48:20] 76561198089301277: Spawned Entity Empty planter box (Msp_EmptyPlanterBox<73ec8020>, 100, 100, 0) at <3202.042480, 1.942348, 1653.790771>
[COT 2024-06-30 16:49:00] 76561198089301277: Spawned Entity Empty planter box (Msp_EmptyPlanterBox<73ed8980>, 100, 100, 0) at <3202.918457, 1.847517, 1652.648438>
[COT 2024-06-30 16:49:01] 76561198089301277: Spawned Entity Empty planter box (Msp_EmptyPlanterBox<73ed9590>, 100, 100, 0) at <3203.880615, 2.338349, 1652.672241>
[COT 2024-06-30 16:49:01] 76561198089301277: Spawned Entity Empty planter box (Msp_EmptyPlanterBox<73ed2900>, 100, 100, 0) at <3204.267578, 2.535764, 1652.685303>
[COT 2024-06-30 16:49:03] 76561198089301277: Spawned Entity Empty square planter box (Msp_EmptySquarePlanterBox<73edc5d0>, 100, 100, 0) at <3204.779053, 2.795610, 1652.700562>
[COT 2024-06-30 16:49:04] 76561198089301277: Spawned Entity Empty square planter box (Msp_EmptySquarePlanterBox<73ed6550>, 100, 100, 0) at <3205.043213, 2.930566, 1652.708984>
[COT 2024-06-30 16:49:04] 76561198089301277: Spawned Entity Empty square planter box (Msp_EmptySquarePlanterBox<73eda1a0>, 100, 100, 0) at <3205.354492, 3.089772, 1652.718750>
[COT 2024-06-30 16:49:04] 76561198089301277: Spawned Entity Empty square planter box (Msp_EmptySquarePlanterBox<73edadb0>, 100, 100, 0) at <3205.625000, 3.228405, 1652.726318>
[COT 2024-06-30 16:58:27] 76561198089301277: Activated Community Online Tools [guid=_i471QtP-cQO7LGlvQxSkkb6U2OdaENSi4dYAnCjv04=]
[COT 2024-06-30 16:59:02] 76561198089301277: Spawned Entity Empty planter box (Msp_EmptyPlanterBox<7b83f080>, 100, 100, 0) at <3194.358643, 2.921316, 1696.660889>
[COT 2024-06-30 16:59:02] 76561198089301277: Spawned Entity Empty planter box (Msp_EmptyPlanterBox<7b846920>, 100, 100, 0) at <3194.239990, 3.274326, 1696.335449>
[COT 2024-06-30 16:59:02] 76561198089301277: Spawned Entity Empty planter box (Msp_EmptyPlanterBox<7b84bd90>, 100, 100, 0) at <3194.112061, 3.657010, 1695.984375>
[COT 2024-06-30 16:59:04] 76561198089301277: Spawned Entity Empty planter box (Msp_EmptyPlanterBox<7b84d5b0>, 100, 100, 0) at <3193.926270, 4.214943, 1695.473022>
[COT 2024-06-30 17:01:04] 76561198089301277: Spawned Entity Future Cannabis Seeds (SeedBase<9428f4f0>, 20, 5, 0) at <3193.202148, 2.918488, 1694.264282>
[COT 2024-06-30 17:01:04] 76561198089301277: Spawned Entity Future Cannabis Seeds (SeedBase<9428a400>, 20, 5, 0) at <3193.253418, 2.972973, 1694.292236>
[COT 2024-06-30 17:01:04] 76561198089301277: Spawned Entity Future Cannabis Seeds (SeedBase<9428c6b0>, 20, 5, 0) at <3193.302979, 3.025575, 1694.318726>
[COT 2024-06-30 17:01:04] 76561198089301277: Spawned Entity Future Cannabis Seeds (SeedBase<94292ec0>, 20, 5, 0) at <3193.352051, 3.076985, 1694.344971>
[COT 2024-06-30 17:01:05] 76561198089301277: Spawned Entity Future Cannabis Seeds (SeedBase<9429a260>, 20, 5, 0) at <3193.401611, 3.126795, 1694.370850>
[COT 2024-06-30 17:01:05] 76561198089301277: Spawned Entity Future Cannabis Seeds (SeedBase<9429dc30>, 20, 5, 0) at <3193.456543, 3.180645, 1694.399048>
[COT 2024-06-30 17:01:55] 76561198089301277: Spawned Entity Plastic Bottle (WaterBottle<9858d990>, 1000, 50, 512) at <3193.505371, 3.233624, 1694.428345>
[COT 2024-06-30 17:01:55] 76561198089301277: Spawned Entity Plastic Bottle (WaterBottle<98592e00>, 1000, 50, 512) at <3193.580811, 3.309032, 1694.468384>
[COT 2024-06-30 17:01:55] 76561198089301277: Spawned Entity Plastic Bottle (WaterBottle<98598270>, 1000, 50, 512) at <3193.650879, 3.377815, 1694.505859>
[COT 2024-06-30 17:01:55] 76561198089301277: Spawned Entity Plastic Bottle (WaterBottle<985915e0>, 1000, 50, 512) at <3193.734131, 3.462373, 1694.551758>
[COT 2024-06-30 17:01:56] 76561198089301277: Spawned Entity Plastic Bottle (WaterBottle<9858a950>, 1000, 50, 512) at <3193.811523, 3.542868, 1694.595459>
[COT 2024-06-30 17:01:56] 76561198089301277: Spawned Entity Plastic Bottle (WaterBottle<985921f0>, 1000, 50, 512) at <3193.887207, 3.623179, 1694.638794>
[COT 2024-06-30 17:01:56] 76561198089301277: Spawned Entity Plastic Bottle (WaterBottle<98594620>, 1000, 50, 512) at <3193.970215, 3.711752, 1694.686523>
[COT 2024-06-30 17:01:57] 76561198089301277: Spawned Entity Plastic Bottle (WaterBottle<98599a90>, 1000, 50, 512) at <3194.042236, 3.788197, 1694.727905>
[COT 2024-06-30 17:01:57] 76561198089301277: Spawned Entity Plastic Bottle (WaterBottle<98598e80>, 1000, 50, 512) at <3194.124512, 3.875790, 1694.775635>
[COT 2024-06-30 17:01:57] 76561198089301277: Spawned Entity Plastic Bottle (WaterBottle<9859a6a0>, 1000, 50, 512) at <3194.196289, 3.950365, 1694.816406>
[COT 2024-06-30 17:02:19] 76561198089301277: Spawned Entity Garden Lime (GardenLime<96992d80>, 5000, 100, 0) at <3192.412842, 2.916562, 1694.932007>
[COT 2024-06-30 17:02:20] 76561198089301277: Spawned Entity Garden Lime (GardenLime<9698ae50>, 5000, 100, 0) at <3192.504639, 2.996619, 1694.975830>
[COT 2024-06-30 17:02:20] 76561198089301277: Spawned Entity Garden Lime (GardenLime<9698d100>, 5000, 100, 0) at <3192.608887, 3.088392, 1695.028198>
[COT 2024-06-30 17:02:20] 76561198089301277: Spawned Entity Garden Lime (GardenLime<969944a0>, 5000, 100, 0) at <3192.738525, 3.202015, 1695.091797>
[COT 2024-06-30 17:40:23] 76561198089301277: Spawned Entity Survivor (ExpansionNPCElias<ac84a130>, 100, 100, 0) at <5119.240723, 59.463097, 7981.996094>
[COT 2024-06-30 17:41:09] 76561198089301277: Spawned Entity Cyril (ExpansionQuestNPCAICyril<ddad2030>, 100, 100, 0) at <5120.963379, 59.460320, 7980.130859>
[COT 2024-06-30 17:41:48] 76561198089301277: Spawned Entity Survivor (ExpansionNPCJudy<ac84e140>, 100, 100, 0) at <5120.899414, 60.529030, 7980.444336>
[COT 2024-06-30 17:43:29] 76561198089301277: Deleted Entity ExpansionNPCJudy:30:INSTANCETYPE_AI_SERVER at <5120.899414, 60.529030, 7980.444336>
[COT 2024-06-30 17:44:00] 76561198089301277: Deleted Entity ExpansionNPCElias:28:INSTANCETYPE_AI_SERVER at <5119.240723, 59.463097, 7981.996094>
[COT 2024-06-30 17:58:37] 76561198089301277: Deactivated Community Online Tools [guid=_i471QtP-cQO7LGlvQxSkkb6U2OdaENSi4dYAnCjv04=]
[COT 2024-06-30 17:58:51] 76561198089301277: Activated Community Online Tools [guid=_i471QtP-cQO7LGlvQxSkkb6U2OdaENSi4dYAnCjv04=]
[COT 2024-06-30 17:58:53] 76561198089301277: Deactivated Community Online Tools [guid=_i471QtP-cQO7LGlvQxSkkb6U2OdaENSi4dYAnCjv04=]
