[COT 2024-07-12 21:38:16] 76561198089301277: Activated Community Online Tools [guid=_i471QtP-cQO7LGlvQxSkkb6U2OdaENSi4dYAnCjv04=]
[COT 2024-07-12 21:38:28] 76561198089301277: Spawned Entity BLR_House1 (BLR_House1_Kit<305f91e0>, 100, 1e+06, 0) at <3188.906250, 2.523812, 1671.075684>
[COT 2024-07-12 21:38:29] 76561198089301277: Spawned Entity BLR_House2 (BLR_House2_Kit<30602cc0>, 100, 1e+06, 0) at <3188.932617, 2.600610, 1670.793701>
[COT 2024-07-12 21:38:30] 76561198089301277: Spawned Entity BLR_House3 (BLR_House3_Kit<305f9cf0>, 100, 1e+06, 0) at <3188.975098, 2.717142, 1670.364746>
[COT 2024-07-12 21:38:31] 76561198089301277: Spawned Entity BLR_House4 (BLR_House4_Kit<305f70b0>, 100, 1e+06, 0) at <3188.998535, 2.782997, 1670.118530>
[COT 2024-07-12 21:38:31] 76561198089301277: Spawned Entity BLR_House5 (BLR_House5_Kit<305fa800>, 100, 1e+06, 0) at <3189.037598, 2.892463, 1669.711426>
[COT 2024-07-12 21:39:44] 76561198089301277: Spawned Entity RWB Parachute (ADM_ParachuteBag_RWB_Speed<3649dd40>, 6000, 150, 0) at <3189.061035, 2.954355, 1669.482422>
[COT 2024-07-12 21:39:45] 76561198089301277: Spawned Entity Target Parachute (ADM_ParachuteBag_Target_Speed<3649ba90>, 6000, 150, 0) at <3189.073242, 2.987200, 1669.363892>
[COT 2024-07-12 21:40:38] 76561198089301277: Deactivated Community Online Tools [guid=_i471QtP-cQO7LGlvQxSkkb6U2OdaENSi4dYAnCjv04=]
[COT 2024-07-12 21:41:42] 76561198089301277: Activated Community Online Tools [guid=_i471QtP-cQO7LGlvQxSkkb6U2OdaENSi4dYAnCjv04=]
[COT 2024-07-12 21:41:51] 76561198089301277: Set GodMode To true [guid=_i471QtP-cQO7LGlvQxSkkb6U2OdaENSi4dYAnCjv04=]
[COT 2024-07-12 21:41:51] 76561198089301277: Set GodMode To true [guid=6CBOabJUM7Qqd7NEG4Do-ueQ7Uqvietj4ODcWmz64j4=]
[COT 2024-07-12 21:52:16] 76561198089301277: Spawned Entity Fabric Parachute (ADM_ParachuteBag_Fabric<42b88000>, 100, 150, 0) at <3198.819824, 1.583302, 1652.110718>
[COT 2024-07-12 21:52:38] 76561198089301277: Teleported to <3143.411865, 229.096863, 1385.447388> [guid=6CBOabJUM7Qqd7NEG4Do-ueQ7Uqvietj4ODcWmz64j4=]
[COT 2024-07-12 21:57:00] 76561198089301277: Set GodMode To false [guid=6CBOabJUM7Qqd7NEG4Do-ueQ7Uqvietj4ODcWmz64j4=]
[COT 2024-07-12 21:57:00] 76561198089301277: Set GodMode To false [guid=_i471QtP-cQO7LGlvQxSkkb6U2OdaENSi4dYAnCjv04=]
[COT 2024-07-12 21:57:09] 76561198089301277: Deactivated Community Online Tools [guid=_i471QtP-cQO7LGlvQxSkkb6U2OdaENSi4dYAnCjv04=]
[COT 2024-07-12 22:03:09] 76561198089301277: Activated Community Online Tools [guid=_i471QtP-cQO7LGlvQxSkkb6U2OdaENSi4dYAnCjv04=]
[COT 2024-07-12 22:03:28] 76561198089301277: Spawned Entity BLR Portable Hammer (BLR_Hammer<9cb1c660>, 100, 1000, 0) at <3184.150879, 2.138250, 1669.392090>
[COT 2024-07-12 22:05:17] 76561198089301277: Deactivated Community Online Tools [guid=_i471QtP-cQO7LGlvQxSkkb6U2OdaENSi4dYAnCjv04=]
