[COT 2024-06-29 17:25:12] 76561198089301277: Activated Community Online Tools [guid=_i471QtP-cQO7LGlvQxSkkb6U2OdaENSi4dYAnCjv04=]
[COT 2024-06-29 17:27:05] 76561198089301277: Spawned Entity BLR_House1 (BLR_House1_Kit<9a25c420>, 50, 1e+06, 0) at <3215.690186, 2.552586, 1659.082642>
[COT 2024-06-29 17:27:07] 76561198089301277: Spawned Entity BLR_House2 (BLR_House2_Kit<9a25cf30>, 50, 1e+06, 0) at <3215.398682, 2.634508, 1658.977417>
[COT 2024-06-29 17:27:09] 76561198089301277: Spawned Entity BLR_House3 (BLR_House3_Kit<9a261190>, 50, 1e+06, 0) at <3215.162842, 2.699841, 1658.884277>
[COT 2024-06-29 17:27:12] 76561198089301277: Spawned Entity BLR_House4 (BLR_House4_Kit<9a25ae00>, 50, 1e+06, 0) at <3214.798096, 2.803427, 1658.740723>
[COT 2024-06-29 17:27:14] 76561198089301277: Spawned Entity BLR_House5 (BLR_House5_Kit<9a2632c0>, 50, 1e+06, 0) at <3214.552979, 2.871546, 1658.655884>
[COT 2024-06-29 17:27:21] 76561198089301277: Spawned Entity BallerZ 9V Extreme Battery (Battery9V<9be06060>, 172800, 20, 0) at <3214.142578, 2.985873, 1658.494751>
[COT 2024-06-29 17:27:21] 76561198089301277: Spawned Entity BallerZ 9V Extreme Battery (Battery9V<9be0b150>, 172800, 20, 0) at <3214.069336, 3.006831, 1658.467896>
[COT 2024-06-29 17:27:22] 76561198089301277: Spawned Entity BallerZ 9V Extreme Battery (Battery9V<9be08ea0>, 172800, 20, 0) at <3214.015137, 3.022193, 1658.452759>
[COT 2024-06-29 17:27:22] 76561198089301277: Spawned Entity BallerZ 9V Extreme Battery (Battery9V<9be07780>, 172800, 20, 0) at <3213.959229, 3.037531, 1658.434448>
[COT 2024-06-29 17:31:46] 76561198089301277: Spawned Entity #mcp_parkingbay_namekit (MCP_ParkingBay_Kit<9b648d70>, 100, 100, 0) at <3202.172119, 2.723242, 1671.562500>
[COT 2024-06-29 17:31:46] 76561198089301277: Spawned Entity #mcp_parkingbay_namekit (MCP_ParkingBay_Kit<9b6453a0>, 100, 100, 0) at <3202.342285, 2.774532, 1671.556519>
[COT 2024-06-29 17:31:50] 76561198089301277: Spawned Entity #mcp_parkingmeter_namekit (MCP_ParkingMeter_Kit<9b64a490>, 100, 100, 0) at <3202.713379, 2.886422, 1671.543579>
[COT 2024-06-29 17:44:46] 76561198089301277: Spawned Entity Splitting Axe (WoodAxe<a9fdba00>, 100, 250, 0) at <3202.457764, 4.022314, 1672.748413>
[COT 2024-06-29 17:44:56] 76561198089301277: Spawned Entity Splitting Axe (WoodAxe<a9fddcb0>, 100, 250, 0) at <3202.671143, 4.128695, 1672.834717>
[COT 2024-06-29 17:44:58] 76561198089301277: Spawned Entity Splitting Axe (WoodAxe<a9fd9750>, 100, 250, 0) at <3202.752441, 4.169185, 1672.867554>
[COT 2024-06-29 17:48:12] 76561198089301277: Spawned Entity BLR Portable Hammer (BLR_Hammer<c22a1140>, 100, 1000, 0) at <3199.979980, 2.990166, 1680.620361>
[COT 2024-06-29 17:48:12] 76561198089301277: Spawned Entity BLR Portable Hammer (BLR_Hammer<c22a3270>, 100, 1000, 0) at <3199.925293, 3.089577, 1680.811646>
[COT 2024-06-29 17:48:13] 76561198089301277: Spawned Entity BLR Portable Hammer (BLR_Hammer<c229e500>, 100, 1000, 0) at <3199.869385, 3.191598, 1681.007935>
[COT 2024-06-29 17:51:38] 76561198089301277: Spawned Entity Blue #mck_name_carkey (MCK_CarKey_Blue<80a6ddd0>, 100, 100, 0) at <3219.957764, 2.739999, 1701.613525>
[COT 2024-06-29 17:51:39] 76561198089301277: Spawned Entity Green #mck_name_carkey (MCK_CarKey_Green<80a6f4f0>, 100, 100, 0) at <3219.990234, 2.766338, 1701.654419>
[COT 2024-06-29 17:51:40] 76561198089301277: Spawned Entity Red #mck_name_carkey (MCK_CarKey_Red<80a70080>, 100, 100, 0) at <3220.034912, 2.796276, 1701.699097>
[COT 2024-06-29 17:51:40] 76561198089301277: Spawned Entity White #mck_name_carkey (MCK_CarKey_White<80a70c10>, 100, 100, 0) at <3220.069336, 2.820941, 1701.736206>
[COT 2024-06-29 17:58:34] 76561198089301277: Spawned Entity The DragBoat - Punisher (RFWC_DragBoat_Punisher<8dc608a0>, 100, 1000, 0) at <3192.121826, 0.600749, 1646.950562>
[COT 2024-06-29 18:08:56] 76561198089301277: Spawned Entity #mcp_parkingmeter_namekit (MCP_ParkingMeter_Kit<5b618ea0>, 100, 100, 0) at <3194.762451, 1.636651, 1654.608276>
[COT 2024-06-29 18:08:57] 76561198089301277: Spawned Entity #mcp_parkingmeter_namekit (MCP_ParkingMeter_Kit<5b617780>, 100, 100, 0) at <3194.781494, 1.708726, 1654.271118>
[COT 2024-06-29 18:08:57] 76561198089301277: Spawned Entity #mcp_parkingmeter_namekit (MCP_ParkingMeter_Kit<5b621960>, 100, 100, 0) at <3194.813965, 1.817347, 1653.766968>
[COT 2024-06-29 18:09:19] 76561198089301277: Spawned Entity Parking Meter Construction-Kit (ExpansionParkingMeterKit<1d814ff0>, 100, 200, 0) at <3194.839355, 1.896737, 1653.402588>
[COT 2024-06-29 18:09:20] 76561198089301277: Spawned Entity Parking Meter Construction-Kit (ExpansionParkingMeterKit<1d8172a0>, 100, 200, 0) at <3194.878906, 2.028894, 1652.790771>
[COT 2024-06-29 18:10:53] 76561198089301277: Spawned Entity Circuit Board - MK3 (ExpansionCircuitBoard_MK3<fa18df10>, 100, 20, 0) at <3194.224854, 2.182925, 1648.750244>
[COT 2024-06-29 18:10:53] 76561198089301277: Spawned Entity Circuit Board - MK3 (ExpansionCircuitBoard_MK3<fa18a7c0>, 100, 20, 0) at <3194.257080, 2.199315, 1648.788574>
[COT 2024-06-29 18:10:54] 76561198089301277: Spawned Entity Circuit Board - MK3 (ExpansionCircuitBoard_MK3<fa192c80>, 100, 20, 0) at <3194.287598, 2.214361, 1648.824951>
[COT 2024-06-29 18:10:54] 76561198089301277: Spawned Entity Circuit Board - MK3 (ExpansionCircuitBoard_MK3<fa192170>, 100, 20, 0) at <3194.319580, 2.229784, 1648.861450>
[COT 2024-06-29 18:11:08] 76561198089301277: Spawned Entity BallerZ Extended Vehicle Battery (CarBattery<1f6a9f70>, 50, 200, 0) at <3194.354980, 2.246821, 1648.901367>
[COT 2024-06-29 18:11:51] 76561198089301277: Spawned Entity Truck Battery (TruckBattery<1d031d20>, 50, 240, 0) at <3194.254883, 2.314924, 1648.702515>
[COT 2024-06-29 18:11:54] 76561198089301277: Spawned Entity Car Battery (CarBattery<1d039c50>, 50, 200, 0) at <3194.246338, 2.365036, 1648.920166>
[COT 2024-06-29 18:13:53] 76561198089301277: Spawned Entity #STR_EXPANSION_ADMIN #STR_EXPANSION_CAR_KEYS (ExpansionCarAdminKey<26ecd550>, 100, 100, 0) at <3195.001953, 0.958941, 1649.484253>
[COT 2024-06-29 18:13:54] 76561198089301277: Spawned Entity Keys (ExpansionCarKey<39d54450>, 100, 100, 0) at <3195.001953, 0.958941, 1649.484253>
[COT 2024-06-29 18:13:54] 76561198089301277: Spawned Entity Keys (ExpansionCarKey<447e18e0>, 100, 100, 0) at <3195.001953, 0.958941, 1649.484253>
[COT 2024-06-29 18:20:33] 76561198089301277: Spawned Entity Screwdriver (Screwdriver<ffb8b5f0>, 100, 100, 0) at <3192.753174, 2.121241, 1660.412354>
[COT 2024-06-29 18:20:34] 76561198089301277: Spawned Entity Screwdriver (Screwdriver<ffb96ef0>, 100, 100, 0) at <3192.753174, 2.121241, 1660.412354>
[COT 2024-06-29 18:20:34] 76561198089301277: Spawned Entity Screwdriver (Screwdriver<ffb9bfe0>, 100, 100, 0) at <3192.753174, 2.121241, 1660.412354>
[COT 2024-06-29 18:26:12] 76561198089301277: Item set Watchtower Metal spawned on <3215.987305, 2.733741, 1669.496704>
[COT 2024-06-29 18:29:30] 76561198089301277: Item set Platform spawned on <3223.160889, 2.543937, 1658.636597>
[COT 2024-06-29 18:31:10] 76561198089301277: Spawned Entity Floor Kit (ExpansionFloorKit<24550b70>, 100, 100, 0) at <3206.960449, 10.410137, 1667.616577>
[COT 2024-06-29 18:31:11] 76561198089301277: Spawned Entity Floor Kit (ExpansionFloorKit<245620f0>, 100, 100, 0) at <3206.960449, 10.410137, 1667.616577>
[COT 2024-06-29 18:31:11] 76561198089301277: Spawned Entity Floor Kit (ExpansionFloorKit<2455c470>, 100, 100, 0) at <3206.960449, 10.410137, 1667.616577>
[COT 2024-06-29 18:35:08] 76561198089301277: Spawned Entity Stair Kit (ExpansionStairKit<2d3560e0>, 100, 100, 0) at <3215.762207, 8.259788, 1671.778687>
[COT 2024-06-29 18:35:08] 76561198089301277: Spawned Entity Stair Kit (ExpansionStairKit<2d35d480>, 100, 100, 0) at <3215.762207, 8.259788, 1671.778687>
[COT 2024-06-29 18:35:08] 76561198089301277: Spawned Entity Stair Kit (ExpansionStairKit<5e716c70>, 100, 100, 0) at <3215.762207, 8.259788, 1671.778687>
[COT 2024-06-29 18:42:18] 76561198089301277: Spawned Entity Mh-6 Little Bird (ExpansionMh6<72f60900>, 50, 5000, 0) at <3212.294678, 11.048652, 1662.145386>
[COT 2024-06-29 18:42:45] 76561198089301277: Set GodMode To true [guid=_i471QtP-cQO7LGlvQxSkkb6U2OdaENSi4dYAnCjv04=]
[COT 2024-06-29 18:42:45] 76561198089301277: Set GodMode To true [guid=6CBOabJUM7Qqd7NEG4Do-ueQ7Uqvietj4ODcWmz64j4=]
[COT 2024-06-29 18:45:27] 76561198089301277: Spawned Entity Keys (ExpansionCarKey<56689160>, 100, 100, 0) at <3207.364014, 11.048278, 1663.185059>
[COT 2024-06-29 18:45:28] 76561198089301277: Spawned Entity Keys (ExpansionCarKey<5668a880>, 100, 100, 0) at <3207.364014, 11.048278, 1663.185059>
[COT 2024-06-29 18:45:28] 76561198089301277: Spawned Entity Keys (ExpansionCarKey<5668f970>, 100, 100, 0) at <3207.364014, 11.048278, 1663.185059>
[COT 2024-06-29 18:45:28] 76561198089301277: Spawned Entity Keys (ExpansionCarKey<56693ed0>, 100, 100, 0) at <3207.364014, 11.048278, 1663.185059>
[COT 2024-06-29 19:01:27] 76561198089301277: Spawned Entity Floor Kit (ExpansionFloorKit<f1ca99c0>, 100, 100, 0) at <3215.670410, 2.732731, 1667.104858>
[COT 2024-06-29 19:01:28] 76561198089301277: Spawned Entity Floor Kit (ExpansionFloorKit<f1c7c150>, 100, 100, 0) at <3215.670410, 2.732731, 1667.104858>
[COT 2024-06-29 19:01:28] 76561198089301277: Spawned Entity Floor Kit (ExpansionFloorKit<f1c8b420>, 100, 100, 0) at <3215.670410, 2.732731, 1667.104858>
[COT 2024-06-29 19:11:38] 76561198089301277: Spawned Entity Roof Kit (ExpansionRoofKit<3299ce20>, 100, 100, 0) at <3218.426514, 5.966842, 1664.834961>
[COT 2024-06-29 19:11:38] 76561198089301277: Spawned Entity Roof Kit (ExpansionRoofKit<32997d30>, 100, 100, 0) at <3218.426514, 5.966842, 1664.834961>
[COT 2024-06-29 19:11:38] 76561198089301277: Spawned Entity Roof Kit (ExpansionRoofKit<329a7000>, 100, 100, 0) at <3218.426514, 5.966842, 1664.834961>
[COT 2024-06-29 19:16:21] 76561198089301277: Spawned Entity Wall Kit (ExpansionWallKit<1732c070>, 100, 100, 0) at <3223.955078, 8.962160, 1660.296875>
[COT 2024-06-29 19:16:21] 76561198089301277: Spawned Entity Wall Kit (ExpansionWallKit<1733e180>, 100, 100, 0) at <3223.955078, 8.962160, 1660.296875>
[COT 2024-06-29 19:16:21] 76561198089301277: Spawned Entity Wall Kit (ExpansionWallKit<17337970>, 100, 100, 0) at <3223.955078, 8.962160, 1660.296875>
[COT 2024-06-29 19:16:22] 76561198089301277: Spawned Entity Wall Kit (ExpansionWallKit<17339c20>, 100, 100, 0) at <3223.955078, 8.962160, 1660.296875>
[COT 2024-06-29 19:16:23] 76561198089301277: Spawned Entity Wall Kit (ExpansionWallKit<17345520>, 100, 100, 0) at <3223.955078, 8.962160, 1660.296875>
[COT 2024-06-29 19:16:31] 76561198089301277: Spawned Entity Floor Kit (ExpansionFloorKit<1734bd30>, 100, 100, 0) at <3223.955078, 8.962160, 1660.296875>
[COT 2024-06-29 19:16:31] 76561198089301277: Spawned Entity Floor Kit (ExpansionFloorKit<1734a610>, 100, 100, 0) at <3223.955078, 8.962160, 1660.296875>
[COT 2024-06-29 19:16:31] 76561198089301277: Spawned Entity Floor Kit (ExpansionFloorKit<17355f10>, 100, 100, 0) at <3223.955078, 8.962160, 1660.296875>
[COT 2024-06-29 19:16:31] 76561198089301277: Spawned Entity Floor Kit (ExpansionFloorKit<1735a470>, 100, 100, 0) at <3223.955078, 8.962160, 1660.296875>
[COT 2024-06-29 19:19:45] 76561198089301277: Spawned Entity Floor Kit (ExpansionFloorKit<d2ea61d0>, 100, 100, 0) at <3230.108154, 8.957193, 1650.960693>
[COT 2024-06-29 19:19:46] 76561198089301277: Spawned Entity Floor Kit (ExpansionFloorKit<d2e91280>, 100, 100, 0) at <3230.108154, 8.957193, 1650.960693>
[COT 2024-06-29 19:19:46] 76561198089301277: Spawned Entity Floor Kit (ExpansionFloorKit<d2e8cd20>, 100, 100, 0) at <3230.108154, 8.957193, 1650.960693>
[COT 2024-06-29 19:48:21] 76561198089301277: Spawned Entity The DragBoat - Punisher (RFWC_DragBoat_Punisher<8dc608a0>, 100, 1000, 0) at <3193.460205, 0.107672, 1642.823364>
[COT 2024-06-29 20:30:05] 76561198089301277: Spawned Entity The DragBoat - Punisher (RFWC_DragBoat_Punisher<8dc6eef0>, 100, 1000, 0) at <3439.466309, 0.118605, 4195.064453>
[COT 2024-06-29 20:43:26] 76561198089301277: Set GodMode To false [guid=_i471QtP-cQO7LGlvQxSkkb6U2OdaENSi4dYAnCjv04=]
[COT 2024-06-29 20:43:31] 76561198089301277: Set GodMode To false [guid=6CBOabJUM7Qqd7NEG4Do-ueQ7Uqvietj4ODcWmz64j4=]
[COT 2024-06-29 21:15:31] 76561198089301277: Spawned Entity BLR_House3 (BLR_House3_Kit<2fc035c0>, 1, 1e+06, 0) at <3203.445313, 2.518895, 1660.474731>
[COT 2024-06-29 21:15:33] 76561198089301277: Spawned Entity BLR_House4 (BLR_House4_Kit<2fbfd230>, 1, 1e+06, 0) at <3203.218262, 2.575451, 1660.382690>
[COT 2024-06-29 21:25:10] 76561198089301277: Spawned Entity #STR_EXPANSION_ADMIN #STR_EXPANSION_CAR_KEYS (ExpansionCarAdminKey<248936c0>, 100, 100, 0) at <3214.597656, 5.966305, 1668.205200>
[COT 2024-06-29 21:25:10] 76561198089301277: Spawned Entity #STR_EXPANSION_ADMIN #STR_EXPANSION_CAR_KEYS (ExpansionCarAdminKey<2489aa60>, 100, 100, 0) at <3214.597656, 5.966305, 1668.205200>
[COT 2024-06-29 21:25:10] 76561198089301277: Spawned Entity #STR_EXPANSION_ADMIN #STR_EXPANSION_CAR_KEYS (ExpansionCarAdminKey<4da1c360>, 100, 100, 0) at <3214.597656, 5.966305, 1668.205200>
[COT 2024-06-29 21:34:59] 76561198089301277: Teleported to position <3093.312012, 4.990924, 1413.296875>
[COT 2024-06-29 21:39:24] 76561198089301277: Teleported to position <3185.481445, 2.707908, 1693.877930>
[COT 2024-06-29 21:39:40] 76561198089301277: Deactivated Community Online Tools [guid=_i471QtP-cQO7LGlvQxSkkb6U2OdaENSi4dYAnCjv04=]
[COT 2024-06-29 21:39:48] 76561198089301277: Activated Community Online Tools [guid=_i471QtP-cQO7LGlvQxSkkb6U2OdaENSi4dYAnCjv04=]
[COT 2024-06-29 21:39:53] 76561198089301277: Deactivated Community Online Tools [guid=_i471QtP-cQO7LGlvQxSkkb6U2OdaENSi4dYAnCjv04=]
[COT 2024-06-29 21:41:35] 76561198089301277: Activated Community Online Tools [guid=_i471QtP-cQO7LGlvQxSkkb6U2OdaENSi4dYAnCjv04=]
[COT 2024-06-29 21:41:47] 76561198089301277: Deactivated Community Online Tools [guid=_i471QtP-cQO7LGlvQxSkkb6U2OdaENSi4dYAnCjv04=]
[COT 2024-06-29 21:41:48] 76561198089301277: Activated Community Online Tools [guid=_i471QtP-cQO7LGlvQxSkkb6U2OdaENSi4dYAnCjv04=]
[COT 2024-06-29 21:42:07] 76561198089301277: Deactivated Community Online Tools [guid=_i471QtP-cQO7LGlvQxSkkb6U2OdaENSi4dYAnCjv04=]
[COT 2024-06-29 21:42:07] 76561198089301277: Activated Community Online Tools [guid=_i471QtP-cQO7LGlvQxSkkb6U2OdaENSi4dYAnCjv04=]
[COT 2024-06-29 21:42:08] 76561198089301277: Deactivated Community Online Tools [guid=_i471QtP-cQO7LGlvQxSkkb6U2OdaENSi4dYAnCjv04=]
[COT 2024-06-29 21:42:27] 76561198089301277: Activated Community Online Tools [guid=_i471QtP-cQO7LGlvQxSkkb6U2OdaENSi4dYAnCjv04=]
[COT 2024-06-29 21:43:32] 76561198089301277: Deactivated Community Online Tools [guid=_i471QtP-cQO7LGlvQxSkkb6U2OdaENSi4dYAnCjv04=]
