[COT 2024-06-30 02:21:58] 76561198089301277: Activated Community Online Tools [guid=_i471QtP-cQO7LGlvQxSkkb6U2OdaENSi4dYAnCjv04=]
[COT 2024-06-30 02:22:02] 76561198089301277: Set the date to 2024/9/21 18:0
[COT 2024-06-30 02:22:04] 76561198089301277: Set rain to 0 0 0
[COT 2024-06-30 02:22:04] 76561198089301277: Set storm to 0 0.8 4000
[COT 2024-06-30 02:22:04] 76561198089301277: Set fog to 0 0 0
[COT 2024-06-30 02:22:04] 76561198089301277: Set overcast to 0.163769 0 0
[COT 2024-06-30 02:22:04] 76561198089301277: Set the date to 2024/9/21 18:0
[COT 2024-06-30 02:22:04] 76561198089301277: Set wind to 8.52323 8.52323 1
[COT 2024-06-30 02:24:53] 76561198089301277: Spawned Entity BLR_House4 (BLR_House4_Kit<33b64850>, 50, 1e+06, 0) at <3198.833496, 1.884281, 1654.575439>
[COT 2024-06-30 02:24:54] 76561198089301277: Spawned Entity BLR_House3 (BLR_House3_Kit<33b6e330>, 50, 1e+06, 0) at <3198.554199, 2.185148, 1654.299561>
[COT 2024-06-30 02:29:29] 76561198089301277: Spawned Entity BLR Portable Hammer (BLR_Hammer<bea7ab40>, 3000, 1000, 0) at <3201.163086, 2.151939, 1656.090820>
[COT 2024-06-30 02:29:30] 76561198089301277: Spawned Entity BLR Portable Hammer (BLR_Hammer<bea819e0>, 3000, 1000, 0) at <3201.261963, 2.201566, 1656.031738>
[COT 2024-06-30 02:33:40] 76561198089301277: Spawned Entity BLR_House5 (BLR_House5_Kit<3cfc5190>, 100, 1e+06, 0) at <3215.038574, 1.700160, 1649.553833>
[COT 2024-06-30 02:33:41] 76561198089301277: Spawned Entity BLR_House1 (BLR_House1_Kit<3cfcec70>, 100, 1e+06, 0) at <3214.849609, 1.729213, 1649.386475>
[COT 2024-06-30 02:33:42] 76561198089301277: Spawned Entity BLR_House2 (BLR_House2_Kit<3cfc5ca0>, 100, 1e+06, 0) at <3214.556641, 1.774149, 1649.126953>
[COT 2024-06-30 02:36:11] 76561198089301277: Set the date to 2024/9/21 18:0
[COT 2024-06-30 02:39:18] 76561198089301277: Set rain to 0 0 0
[COT 2024-06-30 02:39:18] 76561198089301277: Set storm to 0 0.8 4000
[COT 2024-06-30 02:39:18] 76561198089301277: Set fog to 0 0 0
[COT 2024-06-30 02:39:18] 76561198089301277: Set overcast to 0.03 0 0
[COT 2024-06-30 02:39:18] 76561198089301277: Set the date to 2024/9/21 3:21
[COT 2024-06-30 02:39:18] 76561198089301277: Set wind to 0.1 0.1 1
[COT 2024-06-30 02:39:22] 76561198089301277: Set rain to 0 0 0
[COT 2024-06-30 02:39:22] 76561198089301277: Set storm to 0 0.8 4000
[COT 2024-06-30 02:39:22] 76561198089301277: Set fog to 0 0 0
[COT 2024-06-30 02:39:22] 76561198089301277: Set overcast to 0.03 0 0
[COT 2024-06-30 02:39:22] 76561198089301277: Set the date to 2024/9/21 6:14
[COT 2024-06-30 02:39:22] 76561198089301277: Set wind to 0.1 0.1 1
[COT 2024-06-30 02:40:35] 76561198089301277: Spawned Entity RF Solar Panel Power System Kit (RFSolarPanelKit<2a97c160>, 500, 200, 0) at <3200.742432, 2.109198, 1655.774902>
[COT 2024-06-30 02:40:41] 76561198089301277: Spawned Entity RF Solar Panel Power System Kit (RFSolarPanelKit<31048c80>, 500, 200, 0) at <3200.442871, 2.244611, 1655.792847>
[COT 2024-06-30 02:40:42] 76561198089301277: Spawned Entity RF Solar Panel Power System Kit (RFSolarPanelKit<31042470>, 500, 200, 0) at <3200.227539, 2.343251, 1655.802368>
[COT 2024-06-30 02:44:26] 76561198089301277: Spawned Entity Cable Reel (CableReel<83da6310>, 100, 90, 0) at <3212.511963, 8.970082, 1672.648071>
[COT 2024-06-30 02:44:26] 76561198089301277: Spawned Entity Cable Reel (CableReel<83da5780>, 100, 90, 0) at <3212.363037, 9.164225, 1672.761963>
[COT 2024-06-30 02:44:27] 76561198089301277: Spawned Entity Cable Reel (CableReel<83da9150>, 100, 90, 0) at <3212.189453, 9.390488, 1672.894775>
[COT 2024-06-30 02:44:47] 76561198089301277: Spawned Entity Construction Light (Spotlight<83dd8c70>, 100, 80, 0) at <3212.189453, 9.390488, 1672.894775>
[COT 2024-06-30 02:44:48] 76561198089301277: Spawned Entity Construction Light (Spotlight<83de0ba0>, 100, 80, 0) at <3212.116211, 9.486164, 1672.950928>
[COT 2024-06-30 02:44:48] 76561198089301277: Spawned Entity Construction Light (Spotlight<83dde8f0>, 100, 80, 0) at <3212.052734, 9.568885, 1672.999390>
[COT 2024-06-30 02:44:48] 76561198089301277: Spawned Entity Construction Light (Spotlight<83de0010>, 100, 80, 0) at <3211.981934, 9.661029, 1673.053467>
[COT 2024-06-30 02:44:49] 76561198089301277: Spawned Entity Xmas Lights (XmasLights<83dd2460>, 100, 40, 0) at <3211.893311, 9.776769, 1673.121460>
[COT 2024-06-30 02:44:50] 76561198089301277: Spawned Entity Xmas Lights (XmasLights<83de22c0>, 100, 40, 0) at <3211.827637, 9.862406, 1673.171631>
[COT 2024-06-30 02:45:25] 76561198089301277: Deactivated Community Online Tools [guid=_i471QtP-cQO7LGlvQxSkkb6U2OdaENSi4dYAnCjv04=]
[COT 2024-06-30 02:46:49] 76561198089301277: Activated Community Online Tools [guid=_i471QtP-cQO7LGlvQxSkkb6U2OdaENSi4dYAnCjv04=]
[COT 2024-06-30 02:48:32] 76561198089301277: Spawned Entity Old Soviet Oka Fridge Kit (Msp_Kit<6c892be0>, 200000, 100, 0) at <3200.147461, 1.416846, 1650.385010>
[COT 2024-06-30 02:48:44] 76561198089301277: Spawned Entity Snowball Fridge Kit (Msp_Kit<6c8b9c40>, 200000, 100, 0) at <3199.968750, 1.580021, 1650.643799>
[COT 2024-06-30 02:49:45] 76561198089301277: Spawned Entity 4 Door Military Locker Kit (Msp_Kit<f39799b0>, 200000, 100, 0) at <3199.720459, 1.806856, 1651.003540>
[COT 2024-06-30 02:49:46] 76561198089301277: Spawned Entity 4 Door Military Locker Kit (Msp_Kit<f39869d0>, 200000, 100, 0) at <3199.565430, 1.948259, 1651.227783>
[COT 2024-06-30 02:49:47] 76561198089301277: Spawned Entity 4 Door Military Locker Green Kit (Msp_Kit<c5797630>, 200000, 100, 0) at <3199.437012, 2.065448, 1651.413696>
[COT 2024-06-30 02:50:00] 76561198089301277: Spawned Entity Green Safe (Msp_Safe<2d92f130>, 200000, 100, 0) at <3199.254639, 2.232064, 1651.677856>
[COT 2024-06-30 02:50:02] 76561198089301277: Spawned Entity Green Safe (Msp_Safe<2d930950>, 200000, 100, 0) at <3198.977539, 2.485073, 1652.079224>
[COT 2024-06-30 02:50:35] 76561198089301277: Spawned Entity Mannequin Kit (Msp_Mannequin_Kit<82a657d0>, 200000, 100, 0) at <3198.876709, 2.577044, 1652.225098>
[COT 2024-06-30 02:50:36] 76561198089301277: Spawned Entity Mannequin Kit (Msp_Mannequin_Kit<82a83d70>, 200000, 100, 0) at <3198.698975, 2.739406, 1652.482544>
[COT 2024-06-30 02:50:44] 76561198089301277: Spawned Entity Gun Cabinet (Msp_Openable_Base<f3eb70b0>, 200000, 100, 0) at <3198.515625, 2.906845, 1652.748169>
[COT 2024-06-30 02:50:46] 76561198089301277: Spawned Entity Gun Cabinet Kit (Msp_Kit<d15c0ea0>, 200000, 100, 0) at <3198.325684, 3.080007, 1653.022705>
[COT 2024-06-30 02:50:47] 76561198089301277: Spawned Entity Gun Cabinet Kit (Msp_Kit<d15c1a30>, 200000, 100, 0) at <3198.143066, 3.246692, 1653.287109>
[COT 2024-06-30 02:51:08] 76561198089301277: Spawned Entity Gun Wall Kit (Msp_Gunwall_Kit<e0fbcc0>, 200000, 100, 0) at <3198.044922, 3.336311, 1653.429199>
[COT 2024-06-30 02:51:09] 76561198089301277: Spawned Entity Gun Wall Kit (Msp_Gunwall_Kit<e100220>, 200000, 100, 0) at <3197.912354, 3.457477, 1653.621338>
[COT 2024-06-30 02:51:25] 76561198089301277: Spawned Entity Stone Fireplace Kit (Msp_Kit<9c9e5340>, 60000, 100, 0) at <3197.706055, 3.645863, 1653.920166>
[COT 2024-06-30 02:51:26] 76561198089301277: Spawned Entity Stone Fireplace Kit (Msp_Kit<8ac20870>, 60000, 100, 0) at <3197.602295, 3.740428, 1654.070190>
[COT 2024-06-30 02:56:42] 76561198089301277: Spawned Entity Cable Reel (CableReel<baad6610>, 100, 90, 0) at <3203.082764, 6.144131, 1665.343018>
[COT 2024-06-30 02:56:43] 76561198089301277: Spawned Entity Cable Reel (CableReel<baad4360>, 100, 90, 0) at <3203.048584, 6.251750, 1665.132935>
[COT 2024-06-30 02:56:43] 76561198089301277: Spawned Entity Cable Reel (CableReel<baad88c0>, 100, 90, 0) at <3203.012695, 6.363817, 1664.914063>
[COT 2024-06-30 02:56:43] 76561198089301277: Spawned Entity Cable Reel (CableReel<baad37d0>, 100, 90, 0) at <3202.986328, 6.446535, 1664.752441>
[COT 2024-06-30 02:56:43] 76561198089301277: Spawned Entity Cable Reel (CableReel<baadd9b0>, 100, 90, 0) at <3202.949707, 6.561211, 1664.528564>
[COT 2024-06-30 02:56:43] 76561198089301277: Spawned Entity Cable Reel (CableReel<baadc290>, 100, 90, 0) at <3202.913574, 6.674361, 1664.307495>
[COT 2024-06-30 02:56:43] 76561198089301277: Spawned Entity Cable Reel (CableReel<baadfc60>, 100, 90, 0) at <3202.885010, 6.763512, 1664.133423>
[COT 2024-06-30 02:56:44] 76561198089301277: Spawned Entity Cable Reel (CableReel<baae1380>, 100, 90, 0) at <3202.854492, 6.859288, 1663.946411>
[COT 2024-06-30 02:56:44] 76561198089301277: Spawned Entity Cable Reel (CableReel<baadab70>, 100, 90, 0) at <3202.829102, 6.938412, 1663.791870>
[COT 2024-06-30 03:07:58] 76561198089301277: Activated Community Online Tools [guid=_i471QtP-cQO7LGlvQxSkkb6U2OdaENSi4dYAnCjv04=]
[COT 2024-06-30 03:08:24] 76561198089301277: Spawned Entity Truck Battery (TruckBattery<8750b290>, 50, 240, 0) at <3216.359619, 8.968320, 1670.419312>
[COT 2024-06-30 03:08:24] 76561198089301277: Spawned Entity Truck Battery (TruckBattery<8750f7f0>, 50, 240, 0) at <3216.487305, 9.054955, 1670.326172>
[COT 2024-06-30 03:08:24] 76561198089301277: Spawned Entity Truck Battery (TruckBattery<87510380>, 50, 240, 0) at <3216.581055, 9.118302, 1670.257568>
[COT 2024-06-30 03:09:55] 76561198089301277: Deactivated Community Online Tools [guid=_i471QtP-cQO7LGlvQxSkkb6U2OdaENSi4dYAnCjv04=]
[COT 2024-06-30 03:12:25] 76561198089301277: Activated Community Online Tools [guid=_i471QtP-cQO7LGlvQxSkkb6U2OdaENSi4dYAnCjv04=]
[COT 2024-06-30 03:13:14] 76561198089301277: Spawned Entity Blue Fishing Rod (FishingRod<a0f1e400>, 100, 150, 0) at <3203.944824, 1.170349, 1647.464478>
[COT 2024-06-30 03:14:32] 76561198089301277: Spawned Entity Metal Hook & Bobber 3 with Minnow (ItemBase<ddb8c650>, 500, 30, 0) at <3203.899902, 1.285087, 1647.628052>
[COT 2024-06-30 03:16:42] 76561198089301277: Set rain to 0.03 0 0
[COT 2024-06-30 03:16:42] 76561198089301277: Set storm to 0.0009 0.8 4000
[COT 2024-06-30 03:16:42] 76561198089301277: Set fog to 0 0 0
[COT 2024-06-30 03:16:42] 76561198089301277: Set overcast to 0.02 0 0
[COT 2024-06-30 03:16:42] 76561198089301277: Set the date to 2024/9/21 3:35
[COT 2024-06-30 03:16:42] 76561198089301277: Set wind to 0.02 0.02 1
[COT 2024-06-30 03:16:45] 76561198089301277: Set rain to 0.03 0 0
[COT 2024-06-30 03:16:45] 76561198089301277: Set storm to 0.0009 0.8 4000
[COT 2024-06-30 03:16:45] 76561198089301277: Set fog to 0 0 0
[COT 2024-06-30 03:16:45] 76561198089301277: Set overcast to 0.02 0 0
[COT 2024-06-30 03:16:45] 76561198089301277: Set the date to 2024/9/21 6:57
[COT 2024-06-30 03:16:45] 76561198089301277: Set wind to 0.02 0.02 1
[COT 2024-06-30 03:26:55] 76561198089301277: Set rain to 0 0 0
[COT 2024-06-30 03:26:55] 76561198089301277: Set storm to 0 0.8 4000
[COT 2024-06-30 03:26:55] 76561198089301277: Set fog to 0 0 0
[COT 2024-06-30 03:26:55] 76561198089301277: Set overcast to 0.08 0 0
[COT 2024-06-30 03:26:55] 76561198089301277: Set the date to 2024/9/21 7:16
[COT 2024-06-30 03:26:55] 76561198089301277: Set wind to 7.34438 7.34438 1
[COT 2024-06-30 03:32:33] 76561198089301277: Spawned Entity The Seadoo Camo (RFWC_Seadoo_Camo<52018070>, 100, 1000, 0) at <3190.934082, -0.093024, 1639.143677>
[COT 2024-06-30 03:45:12] 76561198089301277: Spawned Entity Military Crate (Msp_MilitaryCrate_Base<bad96d70>, 200000, 100, 0) at <3203.492676, 2.059505, 1654.485107>
[COT 2024-06-30 03:45:55] 76561198089301277: Spawned Entity Bookcase Kit (Msp_Kit<bca57560>, 200000, 100, 0) at <3202.922607, 2.447346, 1654.501831>
[COT 2024-06-30 03:45:56] 76561198089301277: Spawned Entity Bookcase Kit (Msp_Kit<bca58c80>, 200000, 100, 0) at <3202.485596, 2.744814, 1654.514771>
[COT 2024-06-30 03:45:59] 76561198089301277: Spawned Entity Mailbox (Msp_Mailbox<8be54d70>, 200000, 100, 0) at <3202.251465, 2.904191, 1654.521606>
[COT 2024-06-30 03:46:02] 76561198089301277: Spawned Entity Trash Can (Msp_TrashCan<8be4ecf0>, 200000, 100, 0) at <3201.876465, 3.159327, 1654.532593>
[COT 2024-06-30 03:46:13] 76561198089301277: Spawned Entity Medical Box Kit (Msp_MedicalBox_Kit<c9214410>, 200000, 100, 0) at <3201.542969, 3.386319, 1654.542358>
[COT 2024-06-30 03:46:14] 76561198089301277: Spawned Entity Medical Box Kit (Msp_MedicalBox_Kit<c920f320>, 200000, 100, 0) at <3201.210449, 3.612590, 1654.552124>
[COT 2024-06-30 03:46:26] 76561198089301277: Spawned Entity Brown Wardrobe Kit (Msp_Kit<c921f180>, 200000, 100, 0) at <3200.829834, 3.871517, 1654.563354>
[COT 2024-06-30 03:46:27] 76561198089301277: Spawned Entity Brown Wardrobe Kit (Msp_Kit<c921c340>, 200000, 100, 0) at <3200.444580, 4.133663, 1654.574707>
[COT 2024-06-30 03:46:35] 76561198089301277: Spawned Entity Mannequin Kit (Msp_Mannequin_Kit<c92236e0>, 200000, 100, 0) at <3199.943604, 4.474712, 1654.589355>
[COT 2024-06-30 03:46:35] 76561198089301277: Spawned Entity Mannequin Kit (Msp_Mannequin_Kit<c9225990>, 200000, 100, 0) at <3199.786377, 4.581815, 1654.594116>
[COT 2024-06-30 03:46:35] 76561198089301277: Spawned Entity Mannequin Kit (Msp_Mannequin_Kit<c92208a0>, 200000, 100, 0) at <3199.786377, 4.581815, 1654.594116>
[COT 2024-06-30 03:46:47] 76561198089301277: Spawned Entity Fishing Rods Rack Kit (Msp_Kit<ef3da350>, 200000, 100, 0) at <3199.786377, 4.581815, 1654.594116>
[COT 2024-06-30 03:46:47] 76561198089301277: Spawned Entity Fishing Rods Rack Kit (Msp_Kit<ef3d3b40>, 200000, 100, 0) at <3199.786377, 4.581815, 1654.594116>
[COT 2024-06-30 03:47:30] 76561198089301277: Spawned Entity Philodendron (Msp_Storage_Base<bc01c5d0>, 60000, 100, 0) at <3199.786377, 4.581815, 1654.594116>
[COT 2024-06-30 03:47:31] 76561198089301277: Spawned Entity Philodendron (Msp_Storage_Base<bc0337d0>, 60000, 100, 0) at <3199.947266, 4.472153, 1654.589233>
[COT 2024-06-30 03:47:31] 76561198089301277: Spawned Entity Philodendron (Msp_Storage_Base<bc034ef0>, 60000, 100, 0) at <3200.108643, 4.362392, 1654.584351>
[COT 2024-06-30 03:47:35] 76561198089301277: Spawned Entity Rubber Fig (Msp_Storage_Base<bc042aa0>, 60000, 100, 0) at <3200.273682, 4.250148, 1654.579468>
[COT 2024-06-30 03:47:36] 76561198089301277: Spawned Entity Rubber Fig (Msp_Storage_Base<9fab40f0>, 60000, 100, 0) at <3200.830078, 3.871551, 1654.563354>
[COT 2024-06-30 03:57:56] 76561198089301277: Deactivated Community Online Tools [guid=_i471QtP-cQO7LGlvQxSkkb6U2OdaENSi4dYAnCjv04=]
