[COT 2024-06-15 21:25:31] 76561198089301277: Activated Community Online Tools [guid=_i471QtP-cQO7LGlvQxSkkb6U2OdaENSi4dYAnCjv04=]
[COT 2024-06-15 21:25:51] 76561198089301277: Set GodMode To true [guid=_i471QtP-cQO7LGlvQxSkkb6U2OdaENSi4dYAnCjv04=]
[COT 2024-06-15 21:26:43] 76561198089301277: Set GodMode To false [guid=_i471QtP-cQO7LGlvQxSkkb6U2OdaENSi4dYAnCjv04=]
[COT 2024-06-15 21:26:57] 76561198089301277: Teleported to position <10337.938477, 7.675854, 5502.980469>
[COT 2024-06-15 21:29:15] 76561198089301277: Set the date to 2024/9/20 18:0
[COT 2024-06-15 21:29:16] 76561198089301277: Set rain to 0 0 0
[COT 2024-06-15 21:29:16] 76561198089301277: Set storm to 0 0.8 4000
[COT 2024-06-15 21:29:16] 76561198089301277: Set fog to 0 0 0
[COT 2024-06-15 21:29:16] 76561198089301277: Set overcast to 0.0197757 0 0
[COT 2024-06-15 21:29:16] 76561198089301277: Set the date to 2024/9/20 18:0
[COT 2024-06-15 21:29:16] 76561198089301277: Set wind to 10.0335 10.0335 1
[COT 2024-06-15 21:30:22] 76561198089301277: Spawned Entity Tactical Gloves (TacticalGloves_Green<31060b60>, 100, 165, 0) at <10335.066406, 3.029123, 5575.704102>
[COT 2024-06-15 21:30:31] 76561198089301277: Spawned Entity Tactical Gloves (TacticalGloves_Beige<31064530>, 100, 165, 0) at <10335.066406, 3.029123, 5575.704102>
[COT 2024-06-15 21:31:08] 76561198089301277: Spawned Entity Camouflage Helmet (BallisticHelmet_BDU<429826f0>, 100, 75, 0) at <10335.066406, 3.029123, 5575.704102>
[COT 2024-06-15 21:31:11] 76561198089301277: Spawned Entity BDU Pants (BDUPants<4297b350>, 100, 160, 0) at <10335.066406, 3.029123, 5575.704102>
[COT 2024-06-15 21:31:11] 76561198089301277: Spawned Entity BDU Pants (BDUPants<4298a620>, 100, 160, 0) at <10335.066406, 3.029123, 5575.704102>
[COT 2024-06-15 21:31:14] 76561198089301277: Spawned Entity BDU Jacket (BDUJacket<42983e10>, 100, 180, 0) at <10335.066406, 3.029123, 5575.704102>
[COT 2024-06-15 21:31:14] 76561198089301277: Spawned Entity BDU Jacket (BDUJacket<429849a0>, 100, 180, 0) at <10335.066406, 3.029123, 5575.704102>
[COT 2024-06-15 21:31:16] 76561198089301277: Spawned Entity Camouflage Helmet (BallisticHelmet_BDU<42986c50>, 100, 75, 0) at <10335.066406, 3.029123, 5575.704102>
[COT 2024-06-15 21:31:30] 76561198089301277: Spawned Entity S.T.A.G. Army Backpack (MountainBag_ColorBase<23519780>, 100, 300, 0) at <10335.066406, 3.029123, 5575.704102>
[COT 2024-06-15 21:31:32] 76561198089301277: Spawned Entity S.T.A.G. Army Backpack (MountainBag_ColorBase<23523960>, 100, 300, 0) at <10335.066406, 3.029123, 5575.704102>
[COT 2024-06-15 21:31:48] 76561198089301277: Spawned Entity SNAFU Scar-H Snow (Snafu_ScarH_Snow_GUN<2076ff20>, 100, 200, 0) at <10335.066406, 3.029123, 5575.704102>
[COT 2024-06-15 21:31:52] 76561198089301277: Spawned Entity SNAFU Scar-H Snow (Snafu_ScarH_Snow_GUN<2076b3c0>, 100, 200, 0) at <10335.066406, 3.029123, 5575.704102>
[COT 2024-06-15 21:37:21] 76561198089301277: Set the date to 2024/9/20 18:0
[COT 2024-06-15 21:37:22] 76561198089301277: Set rain to 0 0 0
[COT 2024-06-15 21:37:22] 76561198089301277: Set storm to 0 0.8 4000
[COT 2024-06-15 21:37:22] 76561198089301277: Set fog to 0 0 0
[COT 2024-06-15 21:37:22] 76561198089301277: Set overcast to 0.147154 0 0
[COT 2024-06-15 21:37:22] 76561198089301277: Set the date to 2024/9/20 18:0
[COT 2024-06-15 21:37:22] 76561198089301277: Set wind to 8.36957 8.36957 1
[COT 2024-06-15 21:43:36] 76561198089301277: Set Invisibility To 1 [guid=_i471QtP-cQO7LGlvQxSkkb6U2OdaENSi4dYAnCjv04=]
[COT 2024-06-15 21:45:09] 76561198089301277: Spawned Entity Airdrop Flare (AirdropFlare<4b253560>, 20, 100, 0) at <10214.029297, 33.521000, 5313.045898>
[COT 2024-06-15 21:45:09] 76561198089301277: Spawned Entity Airdrop Flare (AirdropFlare<4b2540f0>, 20, 100, 0) at <10214.029297, 33.521000, 5313.045898>
[COT 2024-06-15 21:45:11] 76561198089301277: Spawned Entity Airdrop Flare (AirdropFlare<4b24e470>, 20, 100, 0) at <10214.029297, 33.521000, 5313.045898>
[COT 2024-06-15 21:45:44] 76561198089301277: Spawned Entity Signal Pistol (Flaregun<90b1fac0>, 100, 150, 0) at <10214.029297, 33.521000, 5313.045898>
[COT 2024-06-15 21:47:27] 76561198089301277: Set remove collision to false [guid=_i471QtP-cQO7LGlvQxSkkb6U2OdaENSi4dYAnCjv04=]
[COT 2024-06-15 21:47:29] 76561198089301277: Set Invisibility To 0 [guid=_i471QtP-cQO7LGlvQxSkkb6U2OdaENSi4dYAnCjv04=]
[COT 2024-06-15 21:47:43] 76561198089301277: Set UnlimitedStamina To true [guid=_i471QtP-cQO7LGlvQxSkkb6U2OdaENSi4dYAnCjv04=]
[COT 2024-06-15 21:47:43] 76561198089301277: Set UnlimitedStamina To true [guid=6CBOabJUM7Qqd7NEG4Do-ueQ7Uqvietj4ODcWmz64j4=]
[COT 2024-06-15 21:47:43] 76561198089301277: Set UnlimitedAmmo To true [guid=_i471QtP-cQO7LGlvQxSkkb6U2OdaENSi4dYAnCjv04=]
[COT 2024-06-15 21:47:43] 76561198089301277: Set UnlimitedAmmo To true [guid=6CBOabJUM7Qqd7NEG4Do-ueQ7Uqvietj4ODcWmz64j4=]
[COT 2024-06-15 21:48:26] 76561198089301277: Set Invisibility To 1 [guid=_i471QtP-cQO7LGlvQxSkkb6U2OdaENSi4dYAnCjv04=]
[COT 2024-06-15 21:48:26] 76561198089301277: Set Invisibility To 0 [guid=_i471QtP-cQO7LGlvQxSkkb6U2OdaENSi4dYAnCjv04=]
[COT 2024-06-15 21:48:27] 76561198089301277: Set remove collision to true [guid=_i471QtP-cQO7LGlvQxSkkb6U2OdaENSi4dYAnCjv04=]
[COT 2024-06-15 21:48:28] 76561198089301277: Set remove collision to false [guid=_i471QtP-cQO7LGlvQxSkkb6U2OdaENSi4dYAnCjv04=]
[COT 2024-06-15 21:52:03] 76561198089301277: Set UnlimitedStamina To false [guid=6CBOabJUM7Qqd7NEG4Do-ueQ7Uqvietj4ODcWmz64j4=]
[COT 2024-06-15 21:52:14] 76561198089301277: Set UnlimitedStamina To false [guid=_i471QtP-cQO7LGlvQxSkkb6U2OdaENSi4dYAnCjv04=]
[COT 2024-06-15 21:52:15] 76561198089301277: Set UnlimitedAmmo To false [guid=_i471QtP-cQO7LGlvQxSkkb6U2OdaENSi4dYAnCjv04=]
[COT 2024-06-15 21:52:18] 76561198089301277: Set UnlimitedAmmo To false [guid=6CBOabJUM7Qqd7NEG4Do-ueQ7Uqvietj4ODcWmz64j4=]
[COT 2024-06-15 21:52:50] 76561198089301277: Set Invisibility To 1 [guid=_i471QtP-cQO7LGlvQxSkkb6U2OdaENSi4dYAnCjv04=]
[COT 2024-06-15 21:53:08] 76561198089301277: Set remove collision to false [guid=_i471QtP-cQO7LGlvQxSkkb6U2OdaENSi4dYAnCjv04=]
[COT 2024-06-15 21:53:08] 76561198089301277: Set Invisibility To 0 [guid=_i471QtP-cQO7LGlvQxSkkb6U2OdaENSi4dYAnCjv04=]
[COT 2024-06-15 21:53:09] 76561198089301277: Set cannot be targeted by AI to false [guid=_i471QtP-cQO7LGlvQxSkkb6U2OdaENSi4dYAnCjv04=]
[COT 2024-06-15 21:54:03] 76561198089301277: Updated roles [guid=_i471QtP-cQO7LGlvQxSkkb6U2OdaENSi4dYAnCjv04=]
[COT 2024-06-15 21:54:27] 76561198089301277: Updated roles [guid=_i471QtP-cQO7LGlvQxSkkb6U2OdaENSi4dYAnCjv04=]
[COT 2024-06-15 21:54:27] 76561198089301277: Updated roles [guid=6CBOabJUM7Qqd7NEG4Do-ueQ7Uqvietj4ODcWmz64j4=]
[COT 2024-06-15 21:58:38] 76561198089301277: Activated Community Online Tools [guid=_i471QtP-cQO7LGlvQxSkkb6U2OdaENSi4dYAnCjv04=]
[COT 2024-06-15 22:01:24] 76561198089301277: Set the date to 2024/9/20 18:0
[COT 2024-06-15 22:01:25] 76561198089301277: Set rain to 0 0 0
[COT 2024-06-15 22:01:25] 76561198089301277: Set storm to 0 0.8 4000
[COT 2024-06-15 22:01:25] 76561198089301277: Set fog to 0 0 0
[COT 2024-06-15 22:01:25] 76561198089301277: Set overcast to 0.0748032 0 0
[COT 2024-06-15 22:01:25] 76561198089301277: Set the date to 2024/9/20 18:0
[COT 2024-06-15 22:01:25] 76561198089301277: Set wind to 10.818 10.818 1
[COT 2024-06-15 22:02:42] 76561198089301277: Spawned Entity Mh-6 Little Bird (ExpansionMh6<8d82d120>, 100, 5000, 0) at <10219.562500, 41.654427, 4989.978027>
[COT 2024-06-15 22:13:04] 76561198089301277: Activated Community Online Tools [guid=_i471QtP-cQO7LGlvQxSkkb6U2OdaENSi4dYAnCjv04=]
[COT 2024-06-15 22:13:10] 76561198089301277: Entered the Free Camera
[COT 2024-06-15 22:13:30] 76561198089301277: Left the Free Camera
[COT 2024-06-15 22:15:50] 76561198089301277: Activated Community Online Tools [guid=_i471QtP-cQO7LGlvQxSkkb6U2OdaENSi4dYAnCjv04=]
[COT 2024-06-15 22:16:41] 76561198089301277: Teleported to position <13469.331055, 150.328659, 2277.434570>
[COT 2024-06-15 22:17:23] 76561198089301277: Set the date to 2024/9/20 18:0
[COT 2024-06-15 22:22:49] 76561198089301277: Teleported to position <10230.891602, 41.730000, 4906.277344>
