12:09:12.023 [MissionAirdrop] An airdrop is heading towards "Greenville" (pos=<4658.000000, 0.000000, 1414.000000> type=Random_Greenville) with a ExpansionAirdropContainer
13:41:46.632 [MissionAirdrop] An airdrop is heading towards "Greenville" (pos=<4658.000000, 0.000000, 1414.000000> type=Random_Greenville) with a ExpansionAirdropContainer
15:14:30.687 [MissionAirdrop] An airdrop is heading towards "Oceanville" (pos=<10179.000000, 0.000000, 4722.000000> type=Random_Oceanville) with a ExpansionAirdropContainer_Medical
16:44:13.792 [MissionAirdrop] An airdrop is heading towards "Georgstown" (pos=<4522.000000, 0.000000, 4370.000000> type=Random_Georgstown) with a ExpansionAirdropContainer
18:15:09.812 [MissionAirdrop] An airdrop is heading towards "Stonington" (pos=<6973.000000, 0.000000, 1701.000000> type=Random_Stonington) with a ExpansionAirdropContainer_Military
19:45:38.890 [MissionAirdrop] An airdrop is heading towards "Hazelands" (pos=<4874.000000, 0.000000, 2452.000000> type=Random_Hazelands) with a ExpansionAirdropContainer_Medical
21:17:03.968 [MissionAirdrop] An airdrop is heading towards "Stonington" (pos=<6973.000000, 0.000000, 1701.000000> type=Random_Stonington) with a ExpansionAirdropContainer_Military
22:47:28.984 [MissionAirdrop] An airdrop is heading towards "Kushville" (pos=<7630.000000, 0.000000, 3717.000000> type=Random_Kushville) with a ExpansionAirdropContainer_Basebuilding
00:04:01.515 [Expansion Quests] - InitQuestSystemClient - Created new persistent player quest data for player UID: jagqmAIz6GwKrRXkEuM2bQdbNOSt_dTNH9G45WgigzI=
00:04:01.523 [Expansion Quests] - CompleteQuest - Player with UID jagqmAIz6GwKrRXkEuM2bQdbNOSt_dTNH9G45WgigzI= has completed quest 14
00:04:25.171 [SpawnSelection] Player "Dreadshow" (id=jagqmAIz6GwKrRXkEuM2bQdbNOSt_dTNH9G45WgigzI=) spawned at <10266.131836, 8.428172, 5572.642578>
00:09:21.140 [Safezone] Player "Dreadshow" (id=jagqmAIz6GwKrRXkEuM2bQdbNOSt_dTNH9G45WgigzI= pos=<10319.203125, 1.705798, 5595.168457>) Entered the safezone
00:11:14.156 [Safezone] Player "Dreadshow" (id=jagqmAIz6GwKrRXkEuM2bQdbNOSt_dTNH9G45WgigzI= pos=<10305.178711, 6.373838, 5556.031738>) Left the safezone
00:11:26.304 [Safezone] Player "Dreadshow" (id=jagqmAIz6GwKrRXkEuM2bQdbNOSt_dTNH9G45WgigzI= pos=<10314.654297, 1.502431, 5599.633301>) Entered the safezone
00:11:59.859 [Safezone] Player "Dreadshow" (id=jagqmAIz6GwKrRXkEuM2bQdbNOSt_dTNH9G45WgigzI= pos=<10290.133789, 8.244180, 5555.123047>) Left the safezone
00:15:56.062 [MissionAirdrop] An airdrop is heading towards "Greenville" (pos=<4658.000000, 0.000000, 1414.000000> type=Random_Greenville) with a ExpansionAirdropContainer
01:48:14.156 [MissionAirdrop] An airdrop is heading towards "Stonington" (pos=<6973.000000, 0.000000, 1701.000000> type=Random_Stonington) with a ExpansionAirdropContainer_Military
03:19:27.164 [MissionAirdrop] An airdrop is heading towards "Warren-Cove" (pos=<6924.000000, 0.000000, 5473.000000> type=Random_Warren-Cove) with a ExpansionAirdropContainer_Basebuilding
04:47:56.234 [MissionAirdrop] An airdrop is heading towards "Hazelands" (pos=<4874.000000, 0.000000, 2452.000000> type=Random_Hazelands) with a ExpansionAirdropContainer_Medical
06:19:05.281 [MissionAirdrop] An airdrop is heading towards "Georgstown" (pos=<4522.000000, 0.000000, 4370.000000> type=Random_Georgstown) with a ExpansionAirdropContainer
07:49:32.375 [MissionAirdrop] An airdrop is heading towards "Stonington" (pos=<6973.000000, 0.000000, 1701.000000> type=Random_Stonington) with a ExpansionAirdropContainer_Military
09:19:20.515 [MissionAirdrop] An airdrop is heading towards "Sandy Bay" (pos=<4627.000000, 0.000000, 7507.000000> type=Random_Sandy Bay) with a ExpansionAirdropContainer_Basebuilding
10:47:33.617 [MissionAirdrop] An airdrop is heading towards "Oceanville" (pos=<10179.000000, 0.000000, 4722.000000> type=Random_Oceanville) with a ExpansionAirdropContainer_Medical
12:17:41.648 [MissionAirdrop] An airdrop is heading towards "Georgstown" (pos=<4522.000000, 0.000000, 4370.000000> type=Random_Georgstown) with a ExpansionAirdropContainer
13:15:53.656 [Expansion Quests] - InitQuestSystemClient - Loaded existing player quest data for player with UID: EdUtHoz7RvdC6FQiZqYS7wLTRJsMr8Ls7MVvb9HcjjQ=
13:15:53.656 [Expansion Quests] - Create new quest instance for quest: 8 - Player UID: EdUtHoz7RvdC6FQiZqYS7wLTRJsMr8Ls7MVvb9HcjjQ=
13:15:53.656 [Expansion Quests] - Create new quest instance for quest: 9 - Player UID: EdUtHoz7RvdC6FQiZqYS7wLTRJsMr8Ls7MVvb9HcjjQ=
13:15:53.656 [Expansion Quests] - Create new quest instance for quest: 11 - Player UID: EdUtHoz7RvdC6FQiZqYS7wLTRJsMr8Ls7MVvb9HcjjQ=
13:15:53.671 [AI Patrol] Spawning 3 Mountainville bots at <7143.663086, 4.810005, 8384.131836>
13:20:04.968 [AI Object Patrol] Spawning 2 East bots at <7103.325684, 7.401631, 8735.486328>
13:22:10.703 [Killfeed] AI Gabi (East) got killed by AI Linda (Mountainville) with M4-A1 from a distance of 95 m.
13:25:58.453 [AI Patrol] Spawning 2 Powerplant bots at <4631.759277, 20.430000, 7342.392090>
13:26:01.343 [Safezone] Player "Major Loo" (id=EdUtHoz7RvdC6FQiZqYS7wLTRJsMr8Ls7MVvb9HcjjQ= pos=<5295.338867, 35.706249, 8067.825684>) Entered the safezone
13:27:01.734 [Killfeed] AI Indar (Mountainville) got killed by AI Baty (East) with CR-61 Skorpion from a distance of 1 m.
13:27:36.671 [Market] Player "Major Loo" (id=EdUtHoz7RvdC6FQiZqYS7wLTRJsMr8Ls7MVvb9HcjjQ=) has send a requested to sell battery9v x1 at the trader "Vehicle_Parts (Denis [#STR_EXPANSION_MARKET_TRADER_VEHICLE_PARTS])" in market zone "The Spire" (pos=<5117.533691, 59.589272, 7987.239746>).
13:27:36.671 [Market] Player "Major Loo" (id=EdUtHoz7RvdC6FQiZqYS7wLTRJsMr8Ls7MVvb9HcjjQ=) has sold battery9v x1 at the trader "Vehicle_Parts (Denis [#STR_EXPANSION_MARKET_TRADER_VEHICLE_PARTS])" in market zone "The Spire" (pos=<5117.533691, 59.589272, 7987.239746>) and got 5.
13:27:37.031 [Market] Player "Major Loo" (id=EdUtHoz7RvdC6FQiZqYS7wLTRJsMr8Ls7MVvb9HcjjQ=) has send a requested to sell battery9v x1 at the trader "Vehicle_Parts (Denis [#STR_EXPANSION_MARKET_TRADER_VEHICLE_PARTS])" in market zone "The Spire" (pos=<5117.533691, 59.589272, 7987.239746>).
13:27:37.031 [Market] Player "Major Loo" (id=EdUtHoz7RvdC6FQiZqYS7wLTRJsMr8Ls7MVvb9HcjjQ=) has sold battery9v x1 at the trader "Vehicle_Parts (Denis [#STR_EXPANSION_MARKET_TRADER_VEHICLE_PARTS])" in market zone "The Spire" (pos=<5117.533691, 59.589272, 7987.239746>) and got 1.
13:27:52.031 [Killfeed] AI Baty (East) got killed by AI Maria (Mountainville) with M4-A1 from a distance of 61 m.
13:27:55.000 [AI Object Patrol] East bots were wiped out (spawn position <7103.325684, 7.401631, 8735.486328>, 2/2 deceased)
13:28:25.968 [Market] Player "Major Loo" (id=EdUtHoz7RvdC6FQiZqYS7wLTRJsMr8Ls7MVvb9HcjjQ=) has send a requested to sell nailbox x1 at the trader "Components (Hassan [#STR_EXPANSION_MARKET_TRADER_COMPONENTS])" in market zone "The Spire" (pos=<5117.533691, 59.589272, 7987.239746>).
13:28:25.968 [Market] Player "Major Loo" (id=EdUtHoz7RvdC6FQiZqYS7wLTRJsMr8Ls7MVvb9HcjjQ=) has sold nailbox x1 at the trader "Components (Hassan [#STR_EXPANSION_MARKET_TRADER_COMPONENTS])" in market zone "The Spire" (pos=<5117.533691, 59.589272, 7987.239746>) and got 168.
13:28:26.468 [Market] Player "Major Loo" (id=EdUtHoz7RvdC6FQiZqYS7wLTRJsMr8Ls7MVvb9HcjjQ=) has send a requested to sell nailbox x1 at the trader "Components (Hassan [#STR_EXPANSION_MARKET_TRADER_COMPONENTS])" in market zone "The Spire" (pos=<5117.533691, 59.589272, 7987.239746>).
13:28:26.468 [Market] Player "Major Loo" (id=EdUtHoz7RvdC6FQiZqYS7wLTRJsMr8Ls7MVvb9HcjjQ=) has sold nailbox x1 at the trader "Components (Hassan [#STR_EXPANSION_MARKET_TRADER_COMPONENTS])" in market zone "The Spire" (pos=<5117.533691, 59.589272, 7987.239746>) and got 168.
13:31:31.281 [Market] Player "Major Loo" (id=EdUtHoz7RvdC6FQiZqYS7wLTRJsMr8Ls7MVvb9HcjjQ=) has send a requested to sell hescobox x1 at the trader "Components (Hassan [#STR_EXPANSION_MARKET_TRADER_COMPONENTS])" in market zone "The Spire" (pos=<5117.533691, 59.589272, 7987.239746>).
13:31:31.281 [Market] Player "Major Loo" (id=EdUtHoz7RvdC6FQiZqYS7wLTRJsMr8Ls7MVvb9HcjjQ=) has sold hescobox x1 at the trader "Components (Hassan [#STR_EXPANSION_MARKET_TRADER_COMPONENTS])" in market zone "The Spire" (pos=<5117.533691, 59.589272, 7987.239746>) and got 243.
13:31:31.812 [Market] Player "Major Loo" (id=EdUtHoz7RvdC6FQiZqYS7wLTRJsMr8Ls7MVvb9HcjjQ=) has send a requested to sell hescobox x1 at the trader "Components (Hassan [#STR_EXPANSION_MARKET_TRADER_COMPONENTS])" in market zone "The Spire" (pos=<5117.533691, 59.589272, 7987.239746>).
13:31:31.828 [Market] Player "Major Loo" (id=EdUtHoz7RvdC6FQiZqYS7wLTRJsMr8Ls7MVvb9HcjjQ=) has sold hescobox x1 at the trader "Components (Hassan [#STR_EXPANSION_MARKET_TRADER_COMPONENTS])" in market zone "The Spire" (pos=<5117.533691, 59.589272, 7987.239746>) and got 243.
13:31:53.781 [Market] Player "Major Loo" (id=EdUtHoz7RvdC6FQiZqYS7wLTRJsMr8Ls7MVvb9HcjjQ=) has send a requested to sell saiga x1 at the trader "Weapons (Mirek [#STR_EXPANSION_MARKET_TRADER_WEAPONS])" in market zone "The Spire" (pos=<5117.533691, 59.589272, 7987.239746>).
13:31:53.781 [Market] Player "Major Loo" (id=EdUtHoz7RvdC6FQiZqYS7wLTRJsMr8Ls7MVvb9HcjjQ=) has sold saiga x1 at the trader "Weapons (Mirek [#STR_EXPANSION_MARKET_TRADER_WEAPONS])" in market zone "The Spire" (pos=<5117.533691, 59.589272, 7987.239746>) and got 365.
13:32:36.046 [Market] Player "Major Loo" (id=EdUtHoz7RvdC6FQiZqYS7wLTRJsMr8Ls7MVvb9HcjjQ=) has send a requested to sell expansion_mpx x1 at the trader "Weapons (Mirek [#STR_EXPANSION_MARKET_TRADER_WEAPONS])" in market zone "The Spire" (pos=<5117.533691, 59.589272, 7987.239746>).
13:32:36.062 [Market] Player "Major Loo" (id=EdUtHoz7RvdC6FQiZqYS7wLTRJsMr8Ls7MVvb9HcjjQ=) has sold expansion_mpx x1 at the trader "Weapons (Mirek [#STR_EXPANSION_MARKET_TRADER_WEAPONS])" in market zone "The Spire" (pos=<5117.533691, 59.589272, 7987.239746>) and got 675.
13:32:41.593 [AI Patrol] Despawning 2 Mountainville bots (spawn position <7143.663086, 4.810005, 8384.131836>, 1/3 deceased)
13:34:37.843 [Market] Player "Major Loo" (id=EdUtHoz7RvdC6FQiZqYS7wLTRJsMr8Ls7MVvb9HcjjQ=) has send a requested to purchase snafu_ammo_46x30 x201 from the trader "Attachments (Seth [#STR_EXPANSION_MARKET_TRADER_ATTACHMENTS])" in market zone "The Spire" (pos=<5117.533691, 59.589272, 7987.239746>).
13:34:37.859 [Market] Player "Major Loo" (id=EdUtHoz7RvdC6FQiZqYS7wLTRJsMr8Ls7MVvb9HcjjQ=) has bought snafu_ammo_46x30 x201 from the trader "Attachments (Seth [#STR_EXPANSION_MARKET_TRADER_ATTACHMENTS])" in market zone "The Spire" (pos=<5117.533691, 59.589272, 7987.239746>) for a price of 804.
13:41:21.828 [Market] Player "Major Loo" (id=EdUtHoz7RvdC6FQiZqYS7wLTRJsMr8Ls7MVvb9HcjjQ=) has send a requested to sell bandagedressing x1 at the trader "Medicals (Helga [#STR_EXPANSION_MARKET_TRADER_MEDICALS])" in market zone "The Spire" (pos=<5117.533691, 59.589272, 7987.239746>).
13:41:21.843 [Market] Player "Major Loo" (id=EdUtHoz7RvdC6FQiZqYS7wLTRJsMr8Ls7MVvb9HcjjQ=) has sold bandagedressing x1 at the trader "Medicals (Helga [#STR_EXPANSION_MARKET_TRADER_MEDICALS])" in market zone "The Spire" (pos=<5117.533691, 59.589272, 7987.239746>) and got 2.
13:41:23.406 [Market] Player "Major Loo" (id=EdUtHoz7RvdC6FQiZqYS7wLTRJsMr8Ls7MVvb9HcjjQ=) has send a requested to sell bandagedressing x1 at the trader "Medicals (Helga [#STR_EXPANSION_MARKET_TRADER_MEDICALS])" in market zone "The Spire" (pos=<5117.533691, 59.589272, 7987.239746>).
13:41:23.406 [Market] Player "Major Loo" (id=EdUtHoz7RvdC6FQiZqYS7wLTRJsMr8Ls7MVvb9HcjjQ=) has sold bandagedressing x1 at the trader "Medicals (Helga [#STR_EXPANSION_MARKET_TRADER_MEDICALS])" in market zone "The Spire" (pos=<5117.533691, 59.589272, 7987.239746>) and got 2.
13:41:24.062 [Market] Player "Major Loo" (id=EdUtHoz7RvdC6FQiZqYS7wLTRJsMr8Ls7MVvb9HcjjQ=) has send a requested to sell bandagedressing x1 at the trader "Medicals (Helga [#STR_EXPANSION_MARKET_TRADER_MEDICALS])" in market zone "The Spire" (pos=<5117.533691, 59.589272, 7987.239746>).
13:41:24.062 [Market] Player "Major Loo" (id=EdUtHoz7RvdC6FQiZqYS7wLTRJsMr8Ls7MVvb9HcjjQ=) has sold bandagedressing x1 at the trader "Medicals (Helga [#STR_EXPANSION_MARKET_TRADER_MEDICALS])" in market zone "The Spire" (pos=<5117.533691, 59.589272, 7987.239746>) and got 2.
13:41:24.656 [Market] Player "Major Loo" (id=EdUtHoz7RvdC6FQiZqYS7wLTRJsMr8Ls7MVvb9HcjjQ=) has send a requested to sell bandagedressing x1 at the trader "Medicals (Helga [#STR_EXPANSION_MARKET_TRADER_MEDICALS])" in market zone "The Spire" (pos=<5117.533691, 59.589272, 7987.239746>).
13:41:24.671 [Market] Player "Major Loo" (id=EdUtHoz7RvdC6FQiZqYS7wLTRJsMr8Ls7MVvb9HcjjQ=) has sold bandagedressing x1 at the trader "Medicals (Helga [#STR_EXPANSION_MARKET_TRADER_MEDICALS])" in market zone "The Spire" (pos=<5117.533691, 59.589272, 7987.239746>) and got 2.
13:41:30.968 [Market] Player "Major Loo" (id=EdUtHoz7RvdC6FQiZqYS7wLTRJsMr8Ls7MVvb9HcjjQ=) has send a requested to sell bandagedressing x1 at the trader "Medicals (Helga [#STR_EXPANSION_MARKET_TRADER_MEDICALS])" in market zone "The Spire" (pos=<5117.533691, 59.589272, 7987.239746>).
13:41:30.968 [Market] Player "Major Loo" (id=EdUtHoz7RvdC6FQiZqYS7wLTRJsMr8Ls7MVvb9HcjjQ=) has sold bandagedressing x1 at the trader "Medicals (Helga [#STR_EXPANSION_MARKET_TRADER_MEDICALS])" in market zone "The Spire" (pos=<5117.533691, 59.589272, 7987.239746>) and got 2.
13:41:54.187 [Market] Player "Major Loo" (id=EdUtHoz7RvdC6FQiZqYS7wLTRJsMr8Ls7MVvb9HcjjQ=) has send a requested to purchase snafu_ammo_46x30 x201 from the trader "Attachments (Seth [#STR_EXPANSION_MARKET_TRADER_ATTACHMENTS])" in market zone "The Spire" (pos=<5117.533691, 59.589272, 7987.239746>).
13:41:54.187 [Market] Player "Major Loo" (id=EdUtHoz7RvdC6FQiZqYS7wLTRJsMr8Ls7MVvb9HcjjQ=) has bought snafu_ammo_46x30 x201 from the trader "Attachments (Seth [#STR_EXPANSION_MARKET_TRADER_ATTACHMENTS])" in market zone "The Spire" (pos=<5117.533691, 59.589272, 7987.239746>) for a price of 804.
13:43:20.578 [Market] Player "Major Loo" (id=EdUtHoz7RvdC6FQiZqYS7wLTRJsMr8Ls7MVvb9HcjjQ=) has send a requested to purchase snafu_kahles x1 from the trader "Attachments (Seth [#STR_EXPANSION_MARKET_TRADER_ATTACHMENTS])" in market zone "The Spire" (pos=<5117.533691, 59.589272, 7987.239746>).
13:43:20.578 [Market] Player "Major Loo" (id=EdUtHoz7RvdC6FQiZqYS7wLTRJsMr8Ls7MVvb9HcjjQ=) has bought snafu_kahles x1 from the trader "Attachments (Seth [#STR_EXPANSION_MARKET_TRADER_ATTACHMENTS])" in market zone "The Spire" (pos=<5117.533691, 59.589272, 7987.239746>) for a price of 400.
13:45:26.218 [Market] Player "Major Loo" (id=EdUtHoz7RvdC6FQiZqYS7wLTRJsMr8Ls7MVvb9HcjjQ=) has send a requested to sell bz_alienware_bag x1 at the trader "Clothing_Accessories (Maria [#STR_EXPANSION_MARKET_TRADER_CLOTHING_ACCESSORIES])" in market zone "The Spire" (pos=<5117.533691, 59.589272, 7987.239746>).
13:45:26.234 [Market] Player "Major Loo" (id=EdUtHoz7RvdC6FQiZqYS7wLTRJsMr8Ls7MVvb9HcjjQ=) has sold bz_alienware_bag x1 at the trader "Clothing_Accessories (Maria [#STR_EXPANSION_MARKET_TRADER_CLOTHING_ACCESSORIES])" in market zone "The Spire" (pos=<5117.533691, 59.589272, 7987.239746>) and got 5250.
13:45:26.640 [Market] Player "Major Loo" (id=EdUtHoz7RvdC6FQiZqYS7wLTRJsMr8Ls7MVvb9HcjjQ=) has send a requested to sell bz_phemp_bag3 x1 at the trader "Clothing_Accessories (Maria [#STR_EXPANSION_MARKET_TRADER_CLOTHING_ACCESSORIES])" in market zone "The Spire" (pos=<5117.533691, 59.589272, 7987.239746>).
13:45:26.656 [Market] Player "Major Loo" (id=EdUtHoz7RvdC6FQiZqYS7wLTRJsMr8Ls7MVvb9HcjjQ=) has sold bz_phemp_bag3 x1 at the trader "Clothing_Accessories (Maria [#STR_EXPANSION_MARKET_TRADER_CLOTHING_ACCESSORIES])" in market zone "The Spire" (pos=<5117.533691, 59.589272, 7987.239746>) and got 5250.
13:45:59.421 [Market] Player "Major Loo" (id=EdUtHoz7RvdC6FQiZqYS7wLTRJsMr8Ls7MVvb9HcjjQ=) has send a requested to sell bz_rickandmorty_bag x1 at the trader "Clothing_Accessories (Maria [#STR_EXPANSION_MARKET_TRADER_CLOTHING_ACCESSORIES])" in market zone "The Spire" (pos=<5117.533691, 59.589272, 7987.239746>).
13:45:59.421 [Market] Player "Major Loo" (id=EdUtHoz7RvdC6FQiZqYS7wLTRJsMr8Ls7MVvb9HcjjQ=) has sold bz_rickandmorty_bag x1 at the trader "Clothing_Accessories (Maria [#STR_EXPANSION_MARKET_TRADER_CLOTHING_ACCESSORIES])" in market zone "The Spire" (pos=<5117.533691, 59.589272, 7987.239746>) and got 1750.
13:47:03.828 [Market] Player "Major Loo" (id=EdUtHoz7RvdC6FQiZqYS7wLTRJsMr8Ls7MVvb9HcjjQ=) has send a requested to purchase expansion_awm x1 from the trader "Weapons (Mirek [#STR_EXPANSION_MARKET_TRADER_WEAPONS])" in market zone "The Spire" (pos=<5117.533691, 59.589272, 7987.239746>).
13:47:03.843 [Market] Player "Major Loo" (id=EdUtHoz7RvdC6FQiZqYS7wLTRJsMr8Ls7MVvb9HcjjQ=) has bought expansion_awm x1 from the trader "Weapons (Mirek [#STR_EXPANSION_MARKET_TRADER_WEAPONS])" in market zone "The Spire" (pos=<5117.533691, 59.589272, 7987.239746>) for a price of 5000.
13:48:08.718 [MissionAirdrop] An airdrop is heading towards "Sandy Bay" (pos=<4627.000000, 0.000000, 7507.000000> type=Random_Sandy Bay) with a ExpansionAirdropContainer_Basebuilding
13:49:38.203 [Market] Player "Major Loo" (id=EdUtHoz7RvdC6FQiZqYS7wLTRJsMr8Ls7MVvb9HcjjQ=) has send a requested to purchase snafu_awm_mag x1 from the trader "Attachments (Seth [#STR_EXPANSION_MARKET_TRADER_ATTACHMENTS])" in market zone "The Spire" (pos=<5117.533691, 59.589272, 7987.239746>).
13:49:38.203 [Market] Player "Major Loo" (id=EdUtHoz7RvdC6FQiZqYS7wLTRJsMr8Ls7MVvb9HcjjQ=) has bought snafu_awm_mag x1 from the trader "Attachments (Seth [#STR_EXPANSION_MARKET_TRADER_ATTACHMENTS])" in market zone "The Spire" (pos=<5117.533691, 59.589272, 7987.239746>) for a price of 440.
13:49:41.687 [Market] Player "Major Loo" (id=EdUtHoz7RvdC6FQiZqYS7wLTRJsMr8Ls7MVvb9HcjjQ=) has send a requested to purchase snafu_awm_mag x1 from the trader "Attachments (Seth [#STR_EXPANSION_MARKET_TRADER_ATTACHMENTS])" in market zone "The Spire" (pos=<5117.533691, 59.589272, 7987.239746>).
13:49:41.687 [Market] Player "Major Loo" (id=EdUtHoz7RvdC6FQiZqYS7wLTRJsMr8Ls7MVvb9HcjjQ=) has bought snafu_awm_mag x1 from the trader "Attachments (Seth [#STR_EXPANSION_MARKET_TRADER_ATTACHMENTS])" in market zone "The Spire" (pos=<5117.533691, 59.589272, 7987.239746>) for a price of 440.
13:49:42.375 [Market] Player "Major Loo" (id=EdUtHoz7RvdC6FQiZqYS7wLTRJsMr8Ls7MVvb9HcjjQ=) has send a requested to purchase snafu_awm_mag x1 from the trader "Attachments (Seth [#STR_EXPANSION_MARKET_TRADER_ATTACHMENTS])" in market zone "The Spire" (pos=<5117.533691, 59.589272, 7987.239746>).
13:49:42.375 [Market] Player "Major Loo" (id=EdUtHoz7RvdC6FQiZqYS7wLTRJsMr8Ls7MVvb9HcjjQ=) has bought snafu_awm_mag x1 from the trader "Attachments (Seth [#STR_EXPANSION_MARKET_TRADER_ATTACHMENTS])" in market zone "The Spire" (pos=<5117.533691, 59.589272, 7987.239746>) for a price of 440.
13:49:48.625 [Market] Player "Major Loo" (id=EdUtHoz7RvdC6FQiZqYS7wLTRJsMr8Ls7MVvb9HcjjQ=) has send a requested to purchase snafu_awm_mag x1 from the trader "Attachments (Seth [#STR_EXPANSION_MARKET_TRADER_ATTACHMENTS])" in market zone "The Spire" (pos=<5117.533691, 59.589272, 7987.239746>).
13:49:48.625 [Market] Player "Major Loo" (id=EdUtHoz7RvdC6FQiZqYS7wLTRJsMr8Ls7MVvb9HcjjQ=) has bought snafu_awm_mag x1 from the trader "Attachments (Seth [#STR_EXPANSION_MARKET_TRADER_ATTACHMENTS])" in market zone "The Spire" (pos=<5117.533691, 59.589272, 7987.239746>) for a price of 440.
13:51:29.625 [ATM] Player "Major Loo" (id=EdUtHoz7RvdC6FQiZqYS7wLTRJsMr8Ls7MVvb9HcjjQ=) has deposited 9938 on his ATM account.
13:52:35.937 [Safezone] Player "Major Loo" (id=EdUtHoz7RvdC6FQiZqYS7wLTRJsMr8Ls7MVvb9HcjjQ= pos=<4879.486328, 36.582420, 7855.714355>) Left the safezone
14:02:55.890 [Safezone] Player "Major Loo" (id=EdUtHoz7RvdC6FQiZqYS7wLTRJsMr8Ls7MVvb9HcjjQ= pos=<4995.224609, 46.270988, 7837.235840>) Entered the safezone
14:04:12.250 [Market] Player "Major Loo" (id=EdUtHoz7RvdC6FQiZqYS7wLTRJsMr8Ls7MVvb9HcjjQ=) has send a requested to sell bz_urban_bag2 x1 at the trader "Clothing_Accessories (Maria [#STR_EXPANSION_MARKET_TRADER_CLOTHING_ACCESSORIES])" in market zone "The Spire" (pos=<5117.533691, 59.589272, 7987.239746>).
14:04:12.250 [Market] Player "Major Loo" (id=EdUtHoz7RvdC6FQiZqYS7wLTRJsMr8Ls7MVvb9HcjjQ=) has sold bz_urban_bag2 x1 at the trader "Clothing_Accessories (Maria [#STR_EXPANSION_MARKET_TRADER_CLOTHING_ACCESSORIES])" in market zone "The Spire" (pos=<5117.533691, 59.589272, 7987.239746>) and got 7000.
14:05:14.593 [Market] Player "Major Loo" (id=EdUtHoz7RvdC6FQiZqYS7wLTRJsMr8Ls7MVvb9HcjjQ=) has send a requested to sell ducttape x1 at the trader "Components (Hassan [#STR_EXPANSION_MARKET_TRADER_COMPONENTS])" in market zone "The Spire" (pos=<5117.533691, 59.589272, 7987.239746>).
14:05:14.593 [Market] Player "Major Loo" (id=EdUtHoz7RvdC6FQiZqYS7wLTRJsMr8Ls7MVvb9HcjjQ=) has sold ducttape x1 at the trader "Components (Hassan [#STR_EXPANSION_MARKET_TRADER_COMPONENTS])" in market zone "The Spire" (pos=<5117.533691, 59.589272, 7987.239746>) and got 15.
14:05:16.890 [Market] Player "Major Loo" (id=EdUtHoz7RvdC6FQiZqYS7wLTRJsMr8Ls7MVvb9HcjjQ=) has send a requested to sell fabric x1 at the trader "Components (Hassan [#STR_EXPANSION_MARKET_TRADER_COMPONENTS])" in market zone "The Spire" (pos=<5117.533691, 59.589272, 7987.239746>).
14:05:16.906 [Market] Player "Major Loo" (id=EdUtHoz7RvdC6FQiZqYS7wLTRJsMr8Ls7MVvb9HcjjQ=) has sold fabric x1 at the trader "Components (Hassan [#STR_EXPANSION_MARKET_TRADER_COMPONENTS])" in market zone "The Spire" (pos=<5117.533691, 59.589272, 7987.239746>) and got 450.
14:05:17.250 [Market] Player "Major Loo" (id=EdUtHoz7RvdC6FQiZqYS7wLTRJsMr8Ls7MVvb9HcjjQ=) has send a requested to sell fabric x1 at the trader "Components (Hassan [#STR_EXPANSION_MARKET_TRADER_COMPONENTS])" in market zone "The Spire" (pos=<5117.533691, 59.589272, 7987.239746>).
14:05:17.265 [Market] Player "Major Loo" (id=EdUtHoz7RvdC6FQiZqYS7wLTRJsMr8Ls7MVvb9HcjjQ=) has sold fabric x1 at the trader "Components (Hassan [#STR_EXPANSION_MARKET_TRADER_COMPONENTS])" in market zone "The Spire" (pos=<5117.533691, 59.589272, 7987.239746>) and got 450.
14:05:17.734 [Market] Player "Major Loo" (id=EdUtHoz7RvdC6FQiZqYS7wLTRJsMr8Ls7MVvb9HcjjQ=) has send a requested to sell fabric x1 at the trader "Components (Hassan [#STR_EXPANSION_MARKET_TRADER_COMPONENTS])" in market zone "The Spire" (pos=<5117.533691, 59.589272, 7987.239746>).
14:05:17.750 [Market] Player "Major Loo" (id=EdUtHoz7RvdC6FQiZqYS7wLTRJsMr8Ls7MVvb9HcjjQ=) has sold fabric x1 at the trader "Components (Hassan [#STR_EXPANSION_MARKET_TRADER_COMPONENTS])" in market zone "The Spire" (pos=<5117.533691, 59.589272, 7987.239746>) and got 450.
14:05:18.187 [Market] Player "Major Loo" (id=EdUtHoz7RvdC6FQiZqYS7wLTRJsMr8Ls7MVvb9HcjjQ=) has send a requested to sell fabric x1 at the trader "Components (Hassan [#STR_EXPANSION_MARKET_TRADER_COMPONENTS])" in market zone "The Spire" (pos=<5117.533691, 59.589272, 7987.239746>).
14:05:18.203 [Market] Player "Major Loo" (id=EdUtHoz7RvdC6FQiZqYS7wLTRJsMr8Ls7MVvb9HcjjQ=) has sold fabric x1 at the trader "Components (Hassan [#STR_EXPANSION_MARKET_TRADER_COMPONENTS])" in market zone "The Spire" (pos=<5117.533691, 59.589272, 7987.239746>) and got 450.
14:05:21.218 [Market] Player "Major Loo" (id=EdUtHoz7RvdC6FQiZqYS7wLTRJsMr8Ls7MVvb9HcjjQ=) has send a requested to sell expansioncamoboxkit x1 at the trader "Components (Hassan [#STR_EXPANSION_MARKET_TRADER_COMPONENTS])" in market zone "The Spire" (pos=<5117.533691, 59.589272, 7987.239746>).
14:05:21.218 [Market] Player "Major Loo" (id=EdUtHoz7RvdC6FQiZqYS7wLTRJsMr8Ls7MVvb9HcjjQ=) has sold expansioncamoboxkit x1 at the trader "Components (Hassan [#STR_EXPANSION_MARKET_TRADER_COMPONENTS])" in market zone "The Spire" (pos=<5117.533691, 59.589272, 7987.239746>) and got 1953.
14:06:24.000 [Market] Player "Major Loo" (id=EdUtHoz7RvdC6FQiZqYS7wLTRJsMr8Ls7MVvb9HcjjQ=) has send a requested to sell bz_yellowhemp_bag2 x1 at the trader "Clothing_Accessories (Maria [#STR_EXPANSION_MARKET_TRADER_CLOTHING_ACCESSORIES])" in market zone "The Spire" (pos=<5117.533691, 59.589272, 7987.239746>).
14:06:24.000 [Market] Player "Major Loo" (id=EdUtHoz7RvdC6FQiZqYS7wLTRJsMr8Ls7MVvb9HcjjQ=) has sold bz_yellowhemp_bag2 x1 at the trader "Clothing_Accessories (Maria [#STR_EXPANSION_MARKET_TRADER_CLOTHING_ACCESSORIES])" in market zone "The Spire" (pos=<5117.533691, 59.589272, 7987.239746>) and got 7000.
14:06:29.468 [Market] Player "Major Loo" (id=EdUtHoz7RvdC6FQiZqYS7wLTRJsMr8Ls7MVvb9HcjjQ=) has send a requested to sell bz_vest_ferrari x1 at the trader "Clothing_Accessories (Maria [#STR_EXPANSION_MARKET_TRADER_CLOTHING_ACCESSORIES])" in market zone "The Spire" (pos=<5117.533691, 59.589272, 7987.239746>).
14:06:29.484 [Market] Player "Major Loo" (id=EdUtHoz7RvdC6FQiZqYS7wLTRJsMr8Ls7MVvb9HcjjQ=) has sold bz_vest_ferrari x1 at the trader "Clothing_Accessories (Maria [#STR_EXPANSION_MARKET_TRADER_CLOTHING_ACCESSORIES])" in market zone "The Spire" (pos=<5117.533691, 59.589272, 7987.239746>) and got 8500.
14:07:49.781 [ATM] Player "Major Loo" (id=EdUtHoz7RvdC6FQiZqYS7wLTRJsMr8Ls7MVvb9HcjjQ=) has deposited 26268 on his ATM account.
14:08:35.468 [Safezone] Player "Major Loo" (id=EdUtHoz7RvdC6FQiZqYS7wLTRJsMr8Ls7MVvb9HcjjQ= pos=<4907.064941, 36.117420, 8143.656738>) Left the safezone
14:09:05.515 [AI Object Patrol] Spawning 2 East bots at <5301.047852, 5.661631, 9166.091797>
14:09:57.906 [AI Object Patrol] Despawning 2 East bots (spawn position <5301.047852, 5.661631, 9166.091797>, 0/2 deceased)
14:20:26.921 [AI Patrol] Despawning 2 Powerplant bots (spawn position <4631.759277, 20.430000, 7342.392090>, 0/2 deceased)
15:17:04.125 [MissionAirdrop] An airdrop is heading towards "Oceanville" (pos=<10179.000000, 0.000000, 4722.000000> type=Random_Oceanville) with a ExpansionAirdropContainer_Medical
16:47:18.359 [MissionAirdrop] An airdrop is heading towards "Georgstown" (pos=<4522.000000, 0.000000, 4370.000000> type=Random_Georgstown) with a ExpansionAirdropContainer
18:18:29.468 [MissionAirdrop] An airdrop is heading towards "Hazelands" (pos=<4874.000000, 0.000000, 2452.000000> type=Random_Hazelands) with a ExpansionAirdropContainer_Medical
