12:52:36.984 [MissionAirdrop] An airdrop is heading towards "Oldfield" (pos=<6117.000000, 0.000000, 7004.000000> type=Random_Oldfield) with a ExpansionAirdropContainer_Military
14:21:51.855 [MissionAirdrop] An airdrop is heading towards "Oldfield" (pos=<6117.000000, 0.000000, 7004.000000> type=Random_Oldfield) with a ExpansionAirdropContainer_Military
15:11:38.203 [Expansion Quests] - InitQuestSystemClient - Loaded existing player quest data for player with UID: EdUtHoz7RvdC6FQiZqYS7wLTRJsMr8Ls7MVvb9HcjjQ=
15:11:38.203 [Expansion Quests] - Create new quest instance for quest: 8 - Player UID: EdUtHoz7RvdC6FQiZqYS7wLTRJsMr8Ls7MVvb9HcjjQ=
15:11:38.203 [Expansion Quests] - Create new quest instance for quest: 9 - Player UID: EdUtHoz7RvdC6FQiZqYS7wLTRJsMr8Ls7MVvb9HcjjQ=
15:11:38.203 [Expansion Quests] - Create new quest instance for quest: 11 - Player UID: EdUtHoz7RvdC6FQiZqYS7wLTRJsMr8Ls7MVvb9HcjjQ=
15:22:03.296 [Expansion Quests] - InitQuestSystemClient - Loaded existing player quest data for player with UID: EdUtHoz7RvdC6FQiZqYS7wLTRJsMr8Ls7MVvb9HcjjQ=
15:22:03.296 [Expansion Quests] - Create new quest instance for quest: 8 - Player UID: EdUtHoz7RvdC6FQiZqYS7wLTRJsMr8Ls7MVvb9HcjjQ=
15:22:03.296 [Expansion Quests] - Create new quest instance for quest: 9 - Player UID: EdUtHoz7RvdC6FQiZqYS7wLTRJsMr8Ls7MVvb9HcjjQ=
15:22:03.296 [Expansion Quests] - Create new quest instance for quest: 11 - Player UID: EdUtHoz7RvdC6FQiZqYS7wLTRJsMr8Ls7MVvb9HcjjQ=
15:30:39.546 [AI Patrol] Spawning 3 Airfield bots at <5856.579590, 74.000000, 3552.406494>
15:38:54.171 [Party] Player "NOVAKILLSFORYOU" (id=_i471QtP-cQO7LGlvQxSkkb6U2OdaENSi4dYAnCjv04=) joinded the party "OSS" (id=0 ownerUID=_i471QtP-cQO7LGlvQxSkkb6U2OdaENSi4dYAnCjv04= ownerName=NOVAKILLSFORYOU)
15:38:54.187 [Expansion Quests] - InitQuestSystemClient - Loaded existing player quest data for player with UID: _i471QtP-cQO7LGlvQxSkkb6U2OdaENSi4dYAnCjv04=
15:38:54.187 [Expansion Quests] - LoadGroupQuestData - Loaded existing group quest data for group with ID: 0
15:38:54.187 [Expansion Quests] - Create new quest instance for quest: 8 - Player UID: _i471QtP-cQO7LGlvQxSkkb6U2OdaENSi4dYAnCjv04=
15:38:54.187 [Expansion Quests] - Create new quest instance for quest: 9 - Player UID: _i471QtP-cQO7LGlvQxSkkb6U2OdaENSi4dYAnCjv04=
15:38:54.187 [Expansion Quests] - Create new quest instance for quest: 11 - Player UID: _i471QtP-cQO7LGlvQxSkkb6U2OdaENSi4dYAnCjv04=
15:38:55.011 [Expansion Quests] - LoadGroupQuestData - Got cached group quest data for group with ID: 0
15:42:25.683 [Expansion Quests] - InitQuestSystemClient - Loaded existing player quest data for player with UID: EdUtHoz7RvdC6FQiZqYS7wLTRJsMr8Ls7MVvb9HcjjQ=
15:42:25.683 [Expansion Quests] - Create new quest instance for quest: 8 - Player UID: EdUtHoz7RvdC6FQiZqYS7wLTRJsMr8Ls7MVvb9HcjjQ=
15:42:25.683 [Expansion Quests] - Create new quest instance for quest: 9 - Player UID: EdUtHoz7RvdC6FQiZqYS7wLTRJsMr8Ls7MVvb9HcjjQ=
15:42:25.683 [Expansion Quests] - Create new quest instance for quest: 11 - Player UID: EdUtHoz7RvdC6FQiZqYS7wLTRJsMr8Ls7MVvb9HcjjQ=
15:44:21.742 [Killfeed] AI Linda (Airfield) got killed by NOVAKILLSFORYOU with Snow Owl SSS from a distance of 159 m.
15:44:53.570 [Killfeed] AI Denis (Airfield) got killed by NOVAKILLSFORYOU with Snow Owl SSS from a distance of 147 m.
15:48:37.890 [Party] Player "NOVAKILLSFORYOU" (id=_i471QtP-cQO7LGlvQxSkkb6U2OdaENSi4dYAnCjv04=) left the party "OSS" (id=0 ownerUID=_i471QtP-cQO7LGlvQxSkkb6U2OdaENSi4dYAnCjv04= ownerName=NOVAKILLSFORYOU)
15:49:30.929 [MissionAirdrop] An airdrop is heading towards "Georgstown" (pos=<4522.000000, 0.000000, 4370.000000> type=Random_Georgstown) with a ExpansionAirdropContainer
16:03:01.058 [VehicleEnter] Player Major Loo [uid=EdUtHoz7RvdC6FQiZqYS7wLTRJsMr8Ls7MVvb9HcjjQ=] entered vehicle Mh-6 Little Bird (id=20AE6CF7F442051621CF949EA4158F8B pos=<5524.469238, 74.057671, 3606.213867>) as pilot
16:03:02.519 [VehicleEngine] Player Major Loo [uid=EdUtHoz7RvdC6FQiZqYS7wLTRJsMr8Ls7MVvb9HcjjQ=] started vehicle Mh-6 Little Bird (id=20AE6CF7F442051621CF949EA4158F8B pos=<5524.469238, 74.057587, 3606.213867>)
16:04:31.242 [Safezone] Player "Major Loo" (id=EdUtHoz7RvdC6FQiZqYS7wLTRJsMr8Ls7MVvb9HcjjQ= pos=<7347.139160, 306.142029, 4536.888184>) Entered the safezone
16:05:00.785 [Safezone] Player "Major Loo" (id=EdUtHoz7RvdC6FQiZqYS7wLTRJsMr8Ls7MVvb9HcjjQ= pos=<7593.183594, 541.670776, 4417.182129>) Left the safezone
16:05:01.667 [Safezone] Player "Major Loo" (id=EdUtHoz7RvdC6FQiZqYS7wLTRJsMr8Ls7MVvb9HcjjQ= pos=<7587.488281, 552.351501, 4419.052246>) Entered the safezone
16:05:27.179 [Safezone] Player "Major Loo" (id=EdUtHoz7RvdC6FQiZqYS7wLTRJsMr8Ls7MVvb9HcjjQ= pos=<7624.297363, 606.074402, 4377.551758>) Left the safezone
16:06:14.183 [Killfeed] Major Loo didn't survive flying their Mh-6 Little Bird.
16:07:54.289 [SpawnSelection] Player "Major Loo" (id=EdUtHoz7RvdC6FQiZqYS7wLTRJsMr8Ls7MVvb9HcjjQ=) spawned at <10307.980469, 4.610003, 4283.039551>
16:10:09.339 [AI Patrol] Spawning 2 CampEagle-NE bots at <9449.541992, 81.791672, 3618.190674>
16:10:46.625 [AI Patrol] Spawning 3 SouthOfSmallville bots at <9014.458008, 47.783932, 4030.238770>
16:13:52.535 [AI Patrol] Despawning 1 Airfield bots (spawn position <5856.579590, 74.000000, 3552.406494>, 2/3 deceased)
16:22:08.750 [Safezone] Player "Major Loo" (id=EdUtHoz7RvdC6FQiZqYS7wLTRJsMr8Ls7MVvb9HcjjQ= pos=<7670.823242, 44.108288, 4475.330078>) Entered the safezone
16:22:35.800 [Safezone] Player "Major Loo" (id=EdUtHoz7RvdC6FQiZqYS7wLTRJsMr8Ls7MVvb9HcjjQ= pos=<7617.078125, 59.322552, 4398.612793>) Left the safezone
16:29:43.328 [AI Patrol] Despawning 2 CampEagle-NE bots (spawn position <9449.541992, 81.791672, 3618.190674>, 0/2 deceased)
16:29:44.769 [Safezone] Player "Major Loo" (id=EdUtHoz7RvdC6FQiZqYS7wLTRJsMr8Ls7MVvb9HcjjQ= pos=<7506.368164, 70.230011, 4414.201660>) Entered the safezone
16:31:23.238 [AI Patrol] Despawning 3 SouthOfSmallville bots (spawn position <9014.458008, 47.783932, 4030.238770>, 0/3 deceased)
16:31:28.402 [Market] Player "Major Loo" (id=EdUtHoz7RvdC6FQiZqYS7wLTRJsMr8Ls7MVvb9HcjjQ=) has send a requested to sell expansionhelicopterbattery x1 at the trader "Vehicle_Parts (Oliver [#STR_EXPANSION_MARKET_TRADER_VEHICLE_PARTS])" in market zone "The Hill" (pos=<7529.135742, 89.198120, 4610.044922>).
16:31:28.406 [Market] Player "Major Loo" (id=EdUtHoz7RvdC6FQiZqYS7wLTRJsMr8Ls7MVvb9HcjjQ=) has sold expansionhelicopterbattery x1 at the trader "Vehicle_Parts (Oliver [#STR_EXPANSION_MARKET_TRADER_VEHICLE_PARTS])" in market zone "The Hill" (pos=<7529.135742, 89.198120, 4610.044922>) and got 187.
16:31:29.109 [Market] Player "Major Loo" (id=EdUtHoz7RvdC6FQiZqYS7wLTRJsMr8Ls7MVvb9HcjjQ=) has send a requested to sell expansionhelicopterbattery x1 at the trader "Vehicle_Parts (Oliver [#STR_EXPANSION_MARKET_TRADER_VEHICLE_PARTS])" in market zone "The Hill" (pos=<7529.135742, 89.198120, 4610.044922>).
16:31:29.113 [Market] Player "Major Loo" (id=EdUtHoz7RvdC6FQiZqYS7wLTRJsMr8Ls7MVvb9HcjjQ=) has sold expansionhelicopterbattery x1 at the trader "Vehicle_Parts (Oliver [#STR_EXPANSION_MARKET_TRADER_VEHICLE_PARTS])" in market zone "The Hill" (pos=<7529.135742, 89.198120, 4610.044922>) and got 187.
16:33:00.253 [Market] Player "Major Loo" (id=EdUtHoz7RvdC6FQiZqYS7wLTRJsMr8Ls7MVvb9HcjjQ=) has send a requested to sell apple x1 at the trader "Consumables (Linda [#STR_EXPANSION_MARKET_TRADER_CONSUMABLES])" in market zone "The Hill" (pos=<7529.135742, 89.198120, 4610.044922>).
16:33:00.257 [Market] Player "Major Loo" (id=EdUtHoz7RvdC6FQiZqYS7wLTRJsMr8Ls7MVvb9HcjjQ=) has sold apple x1 at the trader "Consumables (Linda [#STR_EXPANSION_MARKET_TRADER_CONSUMABLES])" in market zone "The Hill" (pos=<7529.135742, 89.198120, 4610.044922>) and got 3.
16:33:03.789 [Market] Player "Major Loo" (id=EdUtHoz7RvdC6FQiZqYS7wLTRJsMr8Ls7MVvb9HcjjQ=) has send a requested to sell honey x1 at the trader "Consumables (Linda [#STR_EXPANSION_MARKET_TRADER_CONSUMABLES])" in market zone "The Hill" (pos=<7529.135742, 89.198120, 4610.044922>).
16:33:03.796 [Market] Player "Major Loo" (id=EdUtHoz7RvdC6FQiZqYS7wLTRJsMr8Ls7MVvb9HcjjQ=) has sold honey x1 at the trader "Consumables (Linda [#STR_EXPANSION_MARKET_TRADER_CONSUMABLES])" in market zone "The Hill" (pos=<7529.135742, 89.198120, 4610.044922>) and got 4.
16:33:06.640 [Market] Player "Major Loo" (id=EdUtHoz7RvdC6FQiZqYS7wLTRJsMr8Ls7MVvb9HcjjQ=) has send a requested to sell bakedbeanscan x1 at the trader "Consumables (Linda [#STR_EXPANSION_MARKET_TRADER_CONSUMABLES])" in market zone "The Hill" (pos=<7529.135742, 89.198120, 4610.044922>).
16:33:06.640 [Market] Player "Major Loo" (id=EdUtHoz7RvdC6FQiZqYS7wLTRJsMr8Ls7MVvb9HcjjQ=) has sold bakedbeanscan x1 at the trader "Consumables (Linda [#STR_EXPANSION_MARKET_TRADER_CONSUMABLES])" in market zone "The Hill" (pos=<7529.135742, 89.198120, 4610.044922>) and got 11.
16:33:06.890 [Market] Player "Major Loo" (id=EdUtHoz7RvdC6FQiZqYS7wLTRJsMr8Ls7MVvb9HcjjQ=) has send a requested to sell bakedbeanscan x1 at the trader "Consumables (Linda [#STR_EXPANSION_MARKET_TRADER_CONSUMABLES])" in market zone "The Hill" (pos=<7529.135742, 89.198120, 4610.044922>).
16:33:06.894 [Market] Player "Major Loo" (id=EdUtHoz7RvdC6FQiZqYS7wLTRJsMr8Ls7MVvb9HcjjQ=) has sold bakedbeanscan x1 at the trader "Consumables (Linda [#STR_EXPANSION_MARKET_TRADER_CONSUMABLES])" in market zone "The Hill" (pos=<7529.135742, 89.198120, 4610.044922>) and got 11.
16:33:09.218 [Market] Player "Major Loo" (id=EdUtHoz7RvdC6FQiZqYS7wLTRJsMr8Ls7MVvb9HcjjQ=) has send a requested to sell tunacan x1 at the trader "Consumables (Linda [#STR_EXPANSION_MARKET_TRADER_CONSUMABLES])" in market zone "The Hill" (pos=<7529.135742, 89.198120, 4610.044922>).
16:33:09.222 [Market] Player "Major Loo" (id=EdUtHoz7RvdC6FQiZqYS7wLTRJsMr8Ls7MVvb9HcjjQ=) has sold tunacan x1 at the trader "Consumables (Linda [#STR_EXPANSION_MARKET_TRADER_CONSUMABLES])" in market zone "The Hill" (pos=<7529.135742, 89.198120, 4610.044922>) and got 2.
16:33:20.664 [Market] Player "Major Loo" (id=EdUtHoz7RvdC6FQiZqYS7wLTRJsMr8Ls7MVvb9HcjjQ=) has send a requested to sell sodacan_fronta x1 at the trader "Consumables (Linda [#STR_EXPANSION_MARKET_TRADER_CONSUMABLES])" in market zone "The Hill" (pos=<7529.135742, 89.198120, 4610.044922>).
16:33:20.664 [Market] Player "Major Loo" (id=EdUtHoz7RvdC6FQiZqYS7wLTRJsMr8Ls7MVvb9HcjjQ=) has sold sodacan_fronta x1 at the trader "Consumables (Linda [#STR_EXPANSION_MARKET_TRADER_CONSUMABLES])" in market zone "The Hill" (pos=<7529.135742, 89.198120, 4610.044922>) and got 7.
16:34:01.750 [Market] Player "Major Loo" (id=EdUtHoz7RvdC6FQiZqYS7wLTRJsMr8Ls7MVvb9HcjjQ=) has send a requested to sell ammo_huntingbolt x1 at the trader "Weapons (Mirek [#STR_EXPANSION_MARKET_TRADER_WEAPONS])" in market zone "The Hill" (pos=<7529.135742, 89.198120, 4610.044922>).
16:34:01.750 [Market] Player "Major Loo" (id=EdUtHoz7RvdC6FQiZqYS7wLTRJsMr8Ls7MVvb9HcjjQ=) has sold ammo_huntingbolt x1 at the trader "Weapons (Mirek [#STR_EXPANSION_MARKET_TRADER_WEAPONS])" in market zone "The Hill" (pos=<7529.135742, 89.198120, 4610.044922>) and got 3.
16:34:02.031 [Market] Player "Major Loo" (id=EdUtHoz7RvdC6FQiZqYS7wLTRJsMr8Ls7MVvb9HcjjQ=) has send a requested to sell ammo_huntingbolt x1 at the trader "Weapons (Mirek [#STR_EXPANSION_MARKET_TRADER_WEAPONS])" in market zone "The Hill" (pos=<7529.135742, 89.198120, 4610.044922>).
16:34:02.031 [Market] Player "Major Loo" (id=EdUtHoz7RvdC6FQiZqYS7wLTRJsMr8Ls7MVvb9HcjjQ=) has sold ammo_huntingbolt x1 at the trader "Weapons (Mirek [#STR_EXPANSION_MARKET_TRADER_WEAPONS])" in market zone "The Hill" (pos=<7529.135742, 89.198120, 4610.044922>) and got 3.
16:34:02.210 [Market] Player "Major Loo" (id=EdUtHoz7RvdC6FQiZqYS7wLTRJsMr8Ls7MVvb9HcjjQ=) has send a requested to sell ammo_huntingbolt x1 at the trader "Weapons (Mirek [#STR_EXPANSION_MARKET_TRADER_WEAPONS])" in market zone "The Hill" (pos=<7529.135742, 89.198120, 4610.044922>).
16:34:02.210 [Market] Player "Major Loo" (id=EdUtHoz7RvdC6FQiZqYS7wLTRJsMr8Ls7MVvb9HcjjQ=) has sold ammo_huntingbolt x1 at the trader "Weapons (Mirek [#STR_EXPANSION_MARKET_TRADER_WEAPONS])" in market zone "The Hill" (pos=<7529.135742, 89.198120, 4610.044922>) and got 3.
16:34:05.976 [Market] Player "Major Loo" (id=EdUtHoz7RvdC6FQiZqYS7wLTRJsMr8Ls7MVvb9HcjjQ=) has send a requested to sell expansion_dt11 x1 at the trader "Weapons (Mirek [#STR_EXPANSION_MARKET_TRADER_WEAPONS])" in market zone "The Hill" (pos=<7529.135742, 89.198120, 4610.044922>).
16:34:05.984 [Market] Player "Major Loo" (id=EdUtHoz7RvdC6FQiZqYS7wLTRJsMr8Ls7MVvb9HcjjQ=) has sold expansion_dt11 x1 at the trader "Weapons (Mirek [#STR_EXPANSION_MARKET_TRADER_WEAPONS])" in market zone "The Hill" (pos=<7529.135742, 89.198120, 4610.044922>) and got 600.
16:34:11.492 [Market] Player "Major Loo" (id=EdUtHoz7RvdC6FQiZqYS7wLTRJsMr8Ls7MVvb9HcjjQ=) has send a requested to sell expansion_benellim4 x1 at the trader "Weapons (Mirek [#STR_EXPANSION_MARKET_TRADER_WEAPONS])" in market zone "The Hill" (pos=<7529.135742, 89.198120, 4610.044922>).
16:34:11.496 [Market] Player "Major Loo" (id=EdUtHoz7RvdC6FQiZqYS7wLTRJsMr8Ls7MVvb9HcjjQ=) has sold expansion_benellim4 x1 at the trader "Weapons (Mirek [#STR_EXPANSION_MARKET_TRADER_WEAPONS])" in market zone "The Hill" (pos=<7529.135742, 89.198120, 4610.044922>) and got 1125.
16:34:17.843 [Market] Player "Major Loo" (id=EdUtHoz7RvdC6FQiZqYS7wLTRJsMr8Ls7MVvb9HcjjQ=) has send a requested to sell expansion_kedr x1 at the trader "Weapons (Mirek [#STR_EXPANSION_MARKET_TRADER_WEAPONS])" in market zone "The Hill" (pos=<7529.135742, 89.198120, 4610.044922>).
16:34:17.847 [Market] Player "Major Loo" (id=EdUtHoz7RvdC6FQiZqYS7wLTRJsMr8Ls7MVvb9HcjjQ=) has sold expansion_kedr x1 at the trader "Weapons (Mirek [#STR_EXPANSION_MARKET_TRADER_WEAPONS])" in market zone "The Hill" (pos=<7529.135742, 89.198120, 4610.044922>) and got 419.
16:34:18.726 [Market] Player "Major Loo" (id=EdUtHoz7RvdC6FQiZqYS7wLTRJsMr8Ls7MVvb9HcjjQ=) has send a requested to sell expansion_kedr x1 at the trader "Weapons (Mirek [#STR_EXPANSION_MARKET_TRADER_WEAPONS])" in market zone "The Hill" (pos=<7529.135742, 89.198120, 4610.044922>).
16:34:18.730 [Market] Player "Major Loo" (id=EdUtHoz7RvdC6FQiZqYS7wLTRJsMr8Ls7MVvb9HcjjQ=) has sold expansion_kedr x1 at the trader "Weapons (Mirek [#STR_EXPANSION_MARKET_TRADER_WEAPONS])" in market zone "The Hill" (pos=<7529.135742, 89.198120, 4610.044922>) and got 262.
16:35:24.378 [Market] Player "Major Loo" (id=EdUtHoz7RvdC6FQiZqYS7wLTRJsMr8Ls7MVvb9HcjjQ=) has send a requested to sell expansion_mp7 x1 at the trader "Weapons (Mirek [#STR_EXPANSION_MARKET_TRADER_WEAPONS])" in market zone "The Hill" (pos=<7529.135742, 89.198120, 4610.044922>).
16:35:24.382 [Market] Player "Major Loo" (id=EdUtHoz7RvdC6FQiZqYS7wLTRJsMr8Ls7MVvb9HcjjQ=) has sold expansion_mp7 x1 at the trader "Weapons (Mirek [#STR_EXPANSION_MARKET_TRADER_WEAPONS])" in market zone "The Hill" (pos=<7529.135742, 89.198120, 4610.044922>) and got 675.
16:39:49.640 [Market] Player "Major Loo" (id=EdUtHoz7RvdC6FQiZqYS7wLTRJsMr8Ls7MVvb9HcjjQ=) has send a requested to sell expansionexps3holooptic x1 at the trader "Attachments (Seth [#STR_EXPANSION_MARKET_TRADER_ATTACHMENTS])" in market zone "The Hill" (pos=<7529.135742, 89.198120, 4610.044922>).
16:39:49.640 [Market] Player "Major Loo" (id=EdUtHoz7RvdC6FQiZqYS7wLTRJsMr8Ls7MVvb9HcjjQ=) has sold expansionexps3holooptic x1 at the trader "Attachments (Seth [#STR_EXPANSION_MARKET_TRADER_ATTACHMENTS])" in market zone "The Hill" (pos=<7529.135742, 89.198120, 4610.044922>) and got 37.
16:39:54.183 [Market] Player "Major Loo" (id=EdUtHoz7RvdC6FQiZqYS7wLTRJsMr8Ls7MVvb9HcjjQ=) has send a requested to sell expansiondeltapointoptic x1 at the trader "Attachments (Seth [#STR_EXPANSION_MARKET_TRADER_ATTACHMENTS])" in market zone "The Hill" (pos=<7529.135742, 89.198120, 4610.044922>).
16:39:54.187 [Market] Player "Major Loo" (id=EdUtHoz7RvdC6FQiZqYS7wLTRJsMr8Ls7MVvb9HcjjQ=) has sold expansiondeltapointoptic x1 at the trader "Attachments (Seth [#STR_EXPANSION_MARKET_TRADER_ATTACHMENTS])" in market zone "The Hill" (pos=<7529.135742, 89.198120, 4610.044922>) and got 84.
16:39:54.566 [Market] Player "Major Loo" (id=EdUtHoz7RvdC6FQiZqYS7wLTRJsMr8Ls7MVvb9HcjjQ=) has send a requested to sell expansiondeltapointoptic x1 at the trader "Attachments (Seth [#STR_EXPANSION_MARKET_TRADER_ATTACHMENTS])" in market zone "The Hill" (pos=<7529.135742, 89.198120, 4610.044922>).
16:39:54.570 [Market] Player "Major Loo" (id=EdUtHoz7RvdC6FQiZqYS7wLTRJsMr8Ls7MVvb9HcjjQ=) has sold expansiondeltapointoptic x1 at the trader "Attachments (Seth [#STR_EXPANSION_MARKET_TRADER_ATTACHMENTS])" in market zone "The Hill" (pos=<7529.135742, 89.198120, 4610.044922>) and got 112.
16:39:56.328 [Market] Player "Major Loo" (id=EdUtHoz7RvdC6FQiZqYS7wLTRJsMr8Ls7MVvb9HcjjQ=) has send a requested to sell expansionhamroptic x1 at the trader "Attachments (Seth [#STR_EXPANSION_MARKET_TRADER_ATTACHMENTS])" in market zone "The Hill" (pos=<7529.135742, 89.198120, 4610.044922>).
16:39:56.332 [Market] Player "Major Loo" (id=EdUtHoz7RvdC6FQiZqYS7wLTRJsMr8Ls7MVvb9HcjjQ=) has sold expansionhamroptic x1 at the trader "Attachments (Seth [#STR_EXPANSION_MARKET_TRADER_ATTACHMENTS])" in market zone "The Hill" (pos=<7529.135742, 89.198120, 4610.044922>) and got 384.
16:40:02.164 [Market] Player "Major Loo" (id=EdUtHoz7RvdC6FQiZqYS7wLTRJsMr8Ls7MVvb9HcjjQ=) has send a requested to sell kashtanoptic x1 at the trader "Attachments (Seth [#STR_EXPANSION_MARKET_TRADER_ATTACHMENTS])" in market zone "The Hill" (pos=<7529.135742, 89.198120, 4610.044922>).
16:40:02.167 [Market] Player "Major Loo" (id=EdUtHoz7RvdC6FQiZqYS7wLTRJsMr8Ls7MVvb9HcjjQ=) has sold kashtanoptic x1 at the trader "Attachments (Seth [#STR_EXPANSION_MARKET_TRADER_ATTACHMENTS])" in market zone "The Hill" (pos=<7529.135742, 89.198120, 4610.044922>) and got 525.
16:40:05.230 [Market] Player "Major Loo" (id=EdUtHoz7RvdC6FQiZqYS7wLTRJsMr8Ls7MVvb9HcjjQ=) has send a requested to sell expansionreflexmrsoptic x1 at the trader "Attachments (Seth [#STR_EXPANSION_MARKET_TRADER_ATTACHMENTS])" in market zone "The Hill" (pos=<7529.135742, 89.198120, 4610.044922>).
16:40:05.234 [Market] Player "Major Loo" (id=EdUtHoz7RvdC6FQiZqYS7wLTRJsMr8Ls7MVvb9HcjjQ=) has sold expansionreflexmrsoptic x1 at the trader "Attachments (Seth [#STR_EXPANSION_MARKET_TRADER_ATTACHMENTS])" in market zone "The Hill" (pos=<7529.135742, 89.198120, 4610.044922>) and got 112.
16:40:11.425 [Market] Player "Major Loo" (id=EdUtHoz7RvdC6FQiZqYS7wLTRJsMr8Ls7MVvb9HcjjQ=) has send a requested to sell expansionreflexmrsoptic x1 at the trader "Attachments (Seth [#STR_EXPANSION_MARKET_TRADER_ATTACHMENTS])" in market zone "The Hill" (pos=<7529.135742, 89.198120, 4610.044922>).
16:40:11.429 [Market] Player "Major Loo" (id=EdUtHoz7RvdC6FQiZqYS7wLTRJsMr8Ls7MVvb9HcjjQ=) has sold expansionreflexmrsoptic x1 at the trader "Attachments (Seth [#STR_EXPANSION_MARKET_TRADER_ATTACHMENTS])" in market zone "The Hill" (pos=<7529.135742, 89.198120, 4610.044922>) and got 28.
16:40:11.992 [Market] Player "Major Loo" (id=EdUtHoz7RvdC6FQiZqYS7wLTRJsMr8Ls7MVvb9HcjjQ=) has send a requested to sell expansionreflexmrsoptic x1 at the trader "Attachments (Seth [#STR_EXPANSION_MARKET_TRADER_ATTACHMENTS])" in market zone "The Hill" (pos=<7529.135742, 89.198120, 4610.044922>).
16:40:11.996 [Market] Player "Major Loo" (id=EdUtHoz7RvdC6FQiZqYS7wLTRJsMr8Ls7MVvb9HcjjQ=) has sold expansionreflexmrsoptic x1 at the trader "Attachments (Seth [#STR_EXPANSION_MARKET_TRADER_ATTACHMENTS])" in market zone "The Hill" (pos=<7529.135742, 89.198120, 4610.044922>) and got 112.
16:43:13.281 [Market] Player "Major Loo" (id=EdUtHoz7RvdC6FQiZqYS7wLTRJsMr8Ls7MVvb9HcjjQ=) has send a requested to sell expansion_vityazsn x1 at the trader "Weapons (Mirek [#STR_EXPANSION_MARKET_TRADER_WEAPONS])" in market zone "The Hill" (pos=<7529.135742, 89.198120, 4610.044922>).
16:43:13.289 [Market] Player "Major Loo" (id=EdUtHoz7RvdC6FQiZqYS7wLTRJsMr8Ls7MVvb9HcjjQ=) has sold expansion_vityazsn x1 at the trader "Weapons (Mirek [#STR_EXPANSION_MARKET_TRADER_WEAPONS])" in market zone "The Hill" (pos=<7529.135742, 89.198120, 4610.044922>) and got 1504.
16:43:32.281 [Market] Player "Major Loo" (id=EdUtHoz7RvdC6FQiZqYS7wLTRJsMr8Ls7MVvb9HcjjQ=) has send a requested to sell nailbox x1 at the trader "Components (Peter [#STR_EXPANSION_MARKET_TRADER_COMPONENTS])" in market zone "The Hill" (pos=<7529.135742, 89.198120, 4610.044922>).
16:43:32.289 [Market] Player "Major Loo" (id=EdUtHoz7RvdC6FQiZqYS7wLTRJsMr8Ls7MVvb9HcjjQ=) has sold nailbox x1 at the trader "Components (Peter [#STR_EXPANSION_MARKET_TRADER_COMPONENTS])" in market zone "The Hill" (pos=<7529.135742, 89.198120, 4610.044922>) and got 56.
16:43:33.132 [Market] Player "Major Loo" (id=EdUtHoz7RvdC6FQiZqYS7wLTRJsMr8Ls7MVvb9HcjjQ=) has send a requested to sell ducttape x1 at the trader "Components (Peter [#STR_EXPANSION_MARKET_TRADER_COMPONENTS])" in market zone "The Hill" (pos=<7529.135742, 89.198120, 4610.044922>).
16:43:33.140 [Market] Player "Major Loo" (id=EdUtHoz7RvdC6FQiZqYS7wLTRJsMr8Ls7MVvb9HcjjQ=) has sold ducttape x1 at the trader "Components (Peter [#STR_EXPANSION_MARKET_TRADER_COMPONENTS])" in market zone "The Hill" (pos=<7529.135742, 89.198120, 4610.044922>) and got 3.
16:43:33.734 [Market] Player "Major Loo" (id=EdUtHoz7RvdC6FQiZqYS7wLTRJsMr8Ls7MVvb9HcjjQ=) has send a requested to sell rope x1 at the trader "Components (Peter [#STR_EXPANSION_MARKET_TRADER_COMPONENTS])" in market zone "The Hill" (pos=<7529.135742, 89.198120, 4610.044922>).
16:43:33.734 [Market] Player "Major Loo" (id=EdUtHoz7RvdC6FQiZqYS7wLTRJsMr8Ls7MVvb9HcjjQ=) has sold rope x1 at the trader "Components (Peter [#STR_EXPANSION_MARKET_TRADER_COMPONENTS])" in market zone "The Hill" (pos=<7529.135742, 89.198120, 4610.044922>) and got 0.
16:43:36.433 [Market] Player "Major Loo" (id=EdUtHoz7RvdC6FQiZqYS7wLTRJsMr8Ls7MVvb9HcjjQ=) has send a requested to sell mediumtent_green x1 at the trader "Components (Peter [#STR_EXPANSION_MARKET_TRADER_COMPONENTS])" in market zone "The Hill" (pos=<7529.135742, 89.198120, 4610.044922>).
16:43:36.437 [Market] Player "Major Loo" (id=EdUtHoz7RvdC6FQiZqYS7wLTRJsMr8Ls7MVvb9HcjjQ=) has sold mediumtent_green x1 at the trader "Components (Peter [#STR_EXPANSION_MARKET_TRADER_COMPONENTS])" in market zone "The Hill" (pos=<7529.135742, 89.198120, 4610.044922>) and got 1125.
16:43:36.984 [Market] Player "Major Loo" (id=EdUtHoz7RvdC6FQiZqYS7wLTRJsMr8Ls7MVvb9HcjjQ=) has send a requested to sell mediumtent_green x1 at the trader "Components (Peter [#STR_EXPANSION_MARKET_TRADER_COMPONENTS])" in market zone "The Hill" (pos=<7529.135742, 89.198120, 4610.044922>).
16:43:36.988 [Market] Player "Major Loo" (id=EdUtHoz7RvdC6FQiZqYS7wLTRJsMr8Ls7MVvb9HcjjQ=) has sold mediumtent_green x1 at the trader "Components (Peter [#STR_EXPANSION_MARKET_TRADER_COMPONENTS])" in market zone "The Hill" (pos=<7529.135742, 89.198120, 4610.044922>) and got 1687.
16:44:49.207 [Safezone] Player "Major Loo" (id=EdUtHoz7RvdC6FQiZqYS7wLTRJsMr8Ls7MVvb9HcjjQ= pos=<7471.846680, 45.102291, 4344.305176>) Left the safezone
16:50:33.562 [Party] Player "NOVAKILLSFORYOU" (id=_i471QtP-cQO7LGlvQxSkkb6U2OdaENSi4dYAnCjv04=) joinded the party "OSS" (id=0 ownerUID=_i471QtP-cQO7LGlvQxSkkb6U2OdaENSi4dYAnCjv04= ownerName=NOVAKILLSFORYOU)
16:50:33.578 [Expansion Quests] - InitQuestSystemClient - Loaded existing player quest data for player with UID: _i471QtP-cQO7LGlvQxSkkb6U2OdaENSi4dYAnCjv04=
16:50:33.578 [Expansion Quests] - LoadGroupQuestData - Got cached group quest data for group with ID: 0
16:50:33.578 [Expansion Quests] - Create new quest instance for quest: 8 - Player UID: _i471QtP-cQO7LGlvQxSkkb6U2OdaENSi4dYAnCjv04=
16:50:33.582 [Expansion Quests] - Create new quest instance for quest: 9 - Player UID: _i471QtP-cQO7LGlvQxSkkb6U2OdaENSi4dYAnCjv04=
16:50:33.582 [Expansion Quests] - Create new quest instance for quest: 11 - Player UID: _i471QtP-cQO7LGlvQxSkkb6U2OdaENSi4dYAnCjv04=
16:50:34.441 [Expansion Quests] - LoadGroupQuestData - Got cached group quest data for group with ID: 0
16:51:12.750 [Safezone] Player "NOVAKILLSFORYOU" (id=_i471QtP-cQO7LGlvQxSkkb6U2OdaENSi4dYAnCjv04= pos=<7533.262695, 87.669998, 4615.832031>) Entered the safezone
16:53:16.417 [Safezone] Player "NOVAKILLSFORYOU" (id=_i471QtP-cQO7LGlvQxSkkb6U2OdaENSi4dYAnCjv04= pos=<3205.023193, 1.493657, 1639.331909>) Left the safezone
17:07:46.250 [Party] Player "1DEADMANWALKIN" (id=zvk4zPulP_yUuFMB-icYMa26l-1hJKZFlbgWP-FPOcg=) joinded the party "OSS" (id=0 ownerUID=_i471QtP-cQO7LGlvQxSkkb6U2OdaENSi4dYAnCjv04= ownerName=NOVAKILLSFORYOU)
17:07:46.308 [Expansion Quests] - InitQuestSystemClient - Loaded existing player quest data for player with UID: zvk4zPulP_yUuFMB-icYMa26l-1hJKZFlbgWP-FPOcg=
17:07:46.308 [Expansion Quests] - LoadGroupQuestData - Got cached group quest data for group with ID: 0
17:07:46.312 [Expansion Quests] - Create new quest instance for quest: 8 - Player UID: zvk4zPulP_yUuFMB-icYMa26l-1hJKZFlbgWP-FPOcg=
17:07:46.312 [Expansion Quests] - Create new quest instance for quest: 9 - Player UID: zvk4zPulP_yUuFMB-icYMa26l-1hJKZFlbgWP-FPOcg=
17:07:46.312 [Expansion Quests] - Create new quest instance for quest: 11 - Player UID: zvk4zPulP_yUuFMB-icYMa26l-1hJKZFlbgWP-FPOcg=
17:07:47.070 [Expansion Quests] - LoadGroupQuestData - Got cached group quest data for group with ID: 0
17:10:57.816 [Market] Player "1DEADMANWALKIN" (id=zvk4zPulP_yUuFMB-icYMa26l-1hJKZFlbgWP-FPOcg=) has send a requested to sell bz_pinkhemp_bag2 x1 at the trader "Ballerz (Maria [#BallerZ])" in market zone "World Trader Zone" (pos=<7500.000000, 0.000000, 7500.000000>).
17:10:57.832 [Market] Player "1DEADMANWALKIN" (id=zvk4zPulP_yUuFMB-icYMa26l-1hJKZFlbgWP-FPOcg=) has sold bz_pinkhemp_bag2 x1 at the trader "Ballerz (Maria [#BallerZ])" in market zone "World Trader Zone" (pos=<7500.000000, 0.000000, 7500.000000>) and got 7000.
17:11:02.828 [Market] Player "1DEADMANWALKIN" (id=zvk4zPulP_yUuFMB-icYMa26l-1hJKZFlbgWP-FPOcg=) has send a requested to sell bz_beaniehat_razor x1 at the trader "Ballerz (Maria [#BallerZ])" in market zone "World Trader Zone" (pos=<7500.000000, 0.000000, 7500.000000>).
17:11:02.828 [Market] Player "1DEADMANWALKIN" (id=zvk4zPulP_yUuFMB-icYMa26l-1hJKZFlbgWP-FPOcg=) has sold bz_beaniehat_razor x1 at the trader "Ballerz (Maria [#BallerZ])" in market zone "World Trader Zone" (pos=<7500.000000, 0.000000, 7500.000000>) and got 3000.
17:11:04.316 [Market] Player "1DEADMANWALKIN" (id=zvk4zPulP_yUuFMB-icYMa26l-1hJKZFlbgWP-FPOcg=) has send a requested to sell bz_beaniehat_razor x1 at the trader "Ballerz (Maria [#BallerZ])" in market zone "World Trader Zone" (pos=<7500.000000, 0.000000, 7500.000000>).
17:11:04.320 [Market] Player "1DEADMANWALKIN" (id=zvk4zPulP_yUuFMB-icYMa26l-1hJKZFlbgWP-FPOcg=) has sold bz_beaniehat_razor x1 at the trader "Ballerz (Maria [#BallerZ])" in market zone "World Trader Zone" (pos=<7500.000000, 0.000000, 7500.000000>) and got 3000.
17:11:05.242 [Market] Player "1DEADMANWALKIN" (id=zvk4zPulP_yUuFMB-icYMa26l-1hJKZFlbgWP-FPOcg=) has send a requested to sell bz_beaniehat_urban x1 at the trader "Ballerz (Maria [#BallerZ])" in market zone "World Trader Zone" (pos=<7500.000000, 0.000000, 7500.000000>).
17:11:05.246 [Market] Player "1DEADMANWALKIN" (id=zvk4zPulP_yUuFMB-icYMa26l-1hJKZFlbgWP-FPOcg=) has sold bz_beaniehat_urban x1 at the trader "Ballerz (Maria [#BallerZ])" in market zone "World Trader Zone" (pos=<7500.000000, 0.000000, 7500.000000>) and got 3000.
17:11:08.375 [Market] Player "1DEADMANWALKIN" (id=zvk4zPulP_yUuFMB-icYMa26l-1hJKZFlbgWP-FPOcg=) has send a requested to sell bz_leggings_alien x1 at the trader "Ballerz (Maria [#BallerZ])" in market zone "World Trader Zone" (pos=<7500.000000, 0.000000, 7500.000000>).
17:11:08.375 [Market] Player "1DEADMANWALKIN" (id=zvk4zPulP_yUuFMB-icYMa26l-1hJKZFlbgWP-FPOcg=) has sold bz_leggings_alien x1 at the trader "Ballerz (Maria [#BallerZ])" in market zone "World Trader Zone" (pos=<7500.000000, 0.000000, 7500.000000>) and got 8500.
17:11:15.035 [Market] Player "1DEADMANWALKIN" (id=zvk4zPulP_yUuFMB-icYMa26l-1hJKZFlbgWP-FPOcg=) has send a requested to sell bz_cosmic_pants x1 at the trader "Ballerz (Maria [#BallerZ])" in market zone "World Trader Zone" (pos=<7500.000000, 0.000000, 7500.000000>).
17:11:15.039 [Market] Player "1DEADMANWALKIN" (id=zvk4zPulP_yUuFMB-icYMa26l-1hJKZFlbgWP-FPOcg=) has sold bz_cosmic_pants x1 at the trader "Ballerz (Maria [#BallerZ])" in market zone "World Trader Zone" (pos=<7500.000000, 0.000000, 7500.000000>) and got 7000.
17:11:18.750 [Market] Player "1DEADMANWALKIN" (id=zvk4zPulP_yUuFMB-icYMa26l-1hJKZFlbgWP-FPOcg=) has send a requested to sell bz_shirt_mountaindew x1 at the trader "Ballerz (Maria [#BallerZ])" in market zone "World Trader Zone" (pos=<7500.000000, 0.000000, 7500.000000>).
17:11:18.753 [Market] Player "1DEADMANWALKIN" (id=zvk4zPulP_yUuFMB-icYMa26l-1hJKZFlbgWP-FPOcg=) has sold bz_shirt_mountaindew x1 at the trader "Ballerz (Maria [#BallerZ])" in market zone "World Trader Zone" (pos=<7500.000000, 0.000000, 7500.000000>) and got 8500.
17:11:24.742 [Market] Player "1DEADMANWALKIN" (id=zvk4zPulP_yUuFMB-icYMa26l-1hJKZFlbgWP-FPOcg=) has send a requested to sell bz_pa_sneakers x1 at the trader "Ballerz (Maria [#BallerZ])" in market zone "World Trader Zone" (pos=<7500.000000, 0.000000, 7500.000000>).
17:11:24.746 [Market] Player "1DEADMANWALKIN" (id=zvk4zPulP_yUuFMB-icYMa26l-1hJKZFlbgWP-FPOcg=) has sold bz_pa_sneakers x1 at the trader "Ballerz (Maria [#BallerZ])" in market zone "World Trader Zone" (pos=<7500.000000, 0.000000, 7500.000000>) and got 7000.
17:11:30.082 [Market] Player "1DEADMANWALKIN" (id=zvk4zPulP_yUuFMB-icYMa26l-1hJKZFlbgWP-FPOcg=) has send a requested to sell bz_shirt_black x1 at the trader "Ballerz (Maria [#BallerZ])" in market zone "World Trader Zone" (pos=<7500.000000, 0.000000, 7500.000000>).
17:11:30.085 [Market] Player "1DEADMANWALKIN" (id=zvk4zPulP_yUuFMB-icYMa26l-1hJKZFlbgWP-FPOcg=) has sold bz_shirt_black x1 at the trader "Ballerz (Maria [#BallerZ])" in market zone "World Trader Zone" (pos=<7500.000000, 0.000000, 7500.000000>) and got 8500.
17:11:45.265 [Market] Player "1DEADMANWALKIN" (id=zvk4zPulP_yUuFMB-icYMa26l-1hJKZFlbgWP-FPOcg=) has send a requested to sell bz_cosmic_top x1 at the trader "Ballerz (Maria [#BallerZ])" in market zone "World Trader Zone" (pos=<7500.000000, 0.000000, 7500.000000>).
17:11:45.265 [Market] Player "1DEADMANWALKIN" (id=zvk4zPulP_yUuFMB-icYMa26l-1hJKZFlbgWP-FPOcg=) has sold bz_cosmic_top x1 at the trader "Ballerz (Maria [#BallerZ])" in market zone "World Trader Zone" (pos=<7500.000000, 0.000000, 7500.000000>) and got 7000.
17:11:46.964 [Market] Player "1DEADMANWALKIN" (id=zvk4zPulP_yUuFMB-icYMa26l-1hJKZFlbgWP-FPOcg=) has send a requested to sell bz_money_top x1 at the trader "Ballerz (Maria [#BallerZ])" in market zone "World Trader Zone" (pos=<7500.000000, 0.000000, 7500.000000>).
17:11:46.968 [Market] Player "1DEADMANWALKIN" (id=zvk4zPulP_yUuFMB-icYMa26l-1hJKZFlbgWP-FPOcg=) has sold bz_money_top x1 at the trader "Ballerz (Maria [#BallerZ])" in market zone "World Trader Zone" (pos=<7500.000000, 0.000000, 7500.000000>) and got 7000.
17:12:19.617 [Market] Player "1DEADMANWALKIN" (id=zvk4zPulP_yUuFMB-icYMa26l-1hJKZFlbgWP-FPOcg=) has send a requested to sell bz_sw_top x1 at the trader "Ballerz (Maria [#BallerZ])" in market zone "World Trader Zone" (pos=<7500.000000, 0.000000, 7500.000000>).
17:12:19.621 [Market] Player "1DEADMANWALKIN" (id=zvk4zPulP_yUuFMB-icYMa26l-1hJKZFlbgWP-FPOcg=) has sold bz_sw_top x1 at the trader "Ballerz (Maria [#BallerZ])" in market zone "World Trader Zone" (pos=<7500.000000, 0.000000, 7500.000000>) and got 7000.
17:16:29.312 [VehicleAttachments] Player 1DEADMANWALKIN (uid=zvk4zPulP_yUuFMB-icYMa26l-1hJKZFlbgWP-FPOcg=) detached Land Rover Defender Hood (type=Expansion_Landrover_Hood_Red) from vehicle Land Rover Defender(id=A4B6B435A943D78D574986B2A15F2E75 pos=<3183.054932, 2.841005, 1699.958862>)
17:19:59.070 [MissionAirdrop] An airdrop is heading towards "Warren-Cove" (pos=<6924.000000, 0.000000, 5473.000000> type=Random_Warren-Cove) with a ExpansionAirdropContainer
17:22:34.292 [Party] Player "1DEADMANWALKIN" (id=zvk4zPulP_yUuFMB-icYMa26l-1hJKZFlbgWP-FPOcg=) left the party "OSS" (id=0 ownerUID=_i471QtP-cQO7LGlvQxSkkb6U2OdaENSi4dYAnCjv04= ownerName=NOVAKILLSFORYOU)
17:35:12.929 [Expansion Quests] - InitQuestSystemClient - Loaded existing player quest data for player with UID: EdUtHoz7RvdC6FQiZqYS7wLTRJsMr8Ls7MVvb9HcjjQ=
17:35:12.929 [Expansion Quests] - Create new quest instance for quest: 8 - Player UID: EdUtHoz7RvdC6FQiZqYS7wLTRJsMr8Ls7MVvb9HcjjQ=
17:35:12.929 [Expansion Quests] - Create new quest instance for quest: 9 - Player UID: EdUtHoz7RvdC6FQiZqYS7wLTRJsMr8Ls7MVvb9HcjjQ=
17:35:12.929 [Expansion Quests] - Create new quest instance for quest: 11 - Player UID: EdUtHoz7RvdC6FQiZqYS7wLTRJsMr8Ls7MVvb9HcjjQ=
17:35:35.562 [Safezone] Player "Survivor" (id=EdUtHoz7RvdC6FQiZqYS7wLTRJsMr8Ls7MVvb9HcjjQ= pos=<7504.818848, 70.021370, 4414.003906>) Entered the safezone
17:37:09.109 [Market] Player "Survivor" (id=EdUtHoz7RvdC6FQiZqYS7wLTRJsMr8Ls7MVvb9HcjjQ=) has send a requested to purchase expansionigniterplug x1 from the trader "Vehicle_Parts (Oliver [#STR_EXPANSION_MARKET_TRADER_VEHICLE_PARTS])" in market zone "The Hill" (pos=<7529.135742, 89.198120, 4610.044922>).
17:37:09.109 [Market] Player "Survivor" (id=EdUtHoz7RvdC6FQiZqYS7wLTRJsMr8Ls7MVvb9HcjjQ=) has bought expansionigniterplug x1 from the trader "Vehicle_Parts (Oliver [#STR_EXPANSION_MARKET_TRADER_VEHICLE_PARTS])" in market zone "The Hill" (pos=<7529.135742, 89.198120, 4610.044922>) for a price of 60.
17:37:15.824 [Market] Player "Survivor" (id=EdUtHoz7RvdC6FQiZqYS7wLTRJsMr8Ls7MVvb9HcjjQ=) has send a requested to purchase glowplug x1 from the trader "Vehicle_Parts (Oliver [#STR_EXPANSION_MARKET_TRADER_VEHICLE_PARTS])" in market zone "The Hill" (pos=<7529.135742, 89.198120, 4610.044922>).
17:37:15.828 [Market] Player "Survivor" (id=EdUtHoz7RvdC6FQiZqYS7wLTRJsMr8Ls7MVvb9HcjjQ=) has bought glowplug x1 from the trader "Vehicle_Parts (Oliver [#STR_EXPANSION_MARKET_TRADER_VEHICLE_PARTS])" in market zone "The Hill" (pos=<7529.135742, 89.198120, 4610.044922>) for a price of 60.
17:37:27.472 [Market] Player "Survivor" (id=EdUtHoz7RvdC6FQiZqYS7wLTRJsMr8Ls7MVvb9HcjjQ=) has send a requested to purchase expansioncarkey x1 from the trader "Vehicle_Parts (Oliver [#STR_EXPANSION_MARKET_TRADER_VEHICLE_PARTS])" in market zone "The Hill" (pos=<7529.135742, 89.198120, 4610.044922>).
17:37:27.476 [Market] Player "Survivor" (id=EdUtHoz7RvdC6FQiZqYS7wLTRJsMr8Ls7MVvb9HcjjQ=) has bought expansioncarkey x1 from the trader "Vehicle_Parts (Oliver [#STR_EXPANSION_MARKET_TRADER_VEHICLE_PARTS])" in market zone "The Hill" (pos=<7529.135742, 89.198120, 4610.044922>) for a price of 250.
17:37:43.929 [Market] Player "Survivor" (id=EdUtHoz7RvdC6FQiZqYS7wLTRJsMr8Ls7MVvb9HcjjQ=) has send a requested to purchase hatchback_02_wheel x1 from the trader "Vehicle_Parts (Oliver [#STR_EXPANSION_MARKET_TRADER_VEHICLE_PARTS])" in market zone "The Hill" (pos=<7529.135742, 89.198120, 4610.044922>).
17:37:43.933 [Market] Player "Survivor" (id=EdUtHoz7RvdC6FQiZqYS7wLTRJsMr8Ls7MVvb9HcjjQ=) has bought hatchback_02_wheel x1 from the trader "Vehicle_Parts (Oliver [#STR_EXPANSION_MARKET_TRADER_VEHICLE_PARTS])" in market zone "The Hill" (pos=<7529.135742, 89.198120, 4610.044922>) for a price of 500.
17:38:34.843 [Market] Player "Survivor" (id=EdUtHoz7RvdC6FQiZqYS7wLTRJsMr8Ls7MVvb9HcjjQ=) has send a requested to sell hatchback_02_wheel x1 at the trader "Vehicle_Parts (Oliver [#STR_EXPANSION_MARKET_TRADER_VEHICLE_PARTS])" in market zone "The Hill" (pos=<7529.135742, 89.198120, 4610.044922>).
17:38:34.851 [Market] Player "Survivor" (id=EdUtHoz7RvdC6FQiZqYS7wLTRJsMr8Ls7MVvb9HcjjQ=) has sold hatchback_02_wheel x1 at the trader "Vehicle_Parts (Oliver [#STR_EXPANSION_MARKET_TRADER_VEHICLE_PARTS])" in market zone "The Hill" (pos=<7529.135742, 89.198120, 4610.044922>) and got 375.
17:41:04.593 [Market] Player "Survivor" (id=EdUtHoz7RvdC6FQiZqYS7wLTRJsMr8Ls7MVvb9HcjjQ=) has send a requested to purchase snafut5000_mag x1 from the trader "Attachments (Seth [#STR_EXPANSION_MARKET_TRADER_ATTACHMENTS])" in market zone "The Hill" (pos=<7529.135742, 89.198120, 4610.044922>).
17:41:04.593 [Market] Player "Survivor" (id=EdUtHoz7RvdC6FQiZqYS7wLTRJsMr8Ls7MVvb9HcjjQ=) has bought snafut5000_mag x1 from the trader "Attachments (Seth [#STR_EXPANSION_MARKET_TRADER_ATTACHMENTS])" in market zone "The Hill" (pos=<7529.135742, 89.198120, 4610.044922>) for a price of 420.
17:41:58.601 [Market] Player "Survivor" (id=EdUtHoz7RvdC6FQiZqYS7wLTRJsMr8Ls7MVvb9HcjjQ=) has send a requested to purchase snafut5000_mag x1 from the trader "Attachments (Seth [#STR_EXPANSION_MARKET_TRADER_ATTACHMENTS])" in market zone "The Hill" (pos=<7529.135742, 89.198120, 4610.044922>).
17:41:58.601 [Market] Player "Survivor" (id=EdUtHoz7RvdC6FQiZqYS7wLTRJsMr8Ls7MVvb9HcjjQ=) has bought snafut5000_mag x1 from the trader "Attachments (Seth [#STR_EXPANSION_MARKET_TRADER_ATTACHMENTS])" in market zone "The Hill" (pos=<7529.135742, 89.198120, 4610.044922>) for a price of 420.
17:42:11.593 [Market] Player "Survivor" (id=EdUtHoz7RvdC6FQiZqYS7wLTRJsMr8Ls7MVvb9HcjjQ=) has send a requested to purchase snafukivaari_338_supp x1 from the trader "Attachments (Seth [#STR_EXPANSION_MARKET_TRADER_ATTACHMENTS])" in market zone "The Hill" (pos=<7529.135742, 89.198120, 4610.044922>).
17:42:11.597 [Market] Player "Survivor" (id=EdUtHoz7RvdC6FQiZqYS7wLTRJsMr8Ls7MVvb9HcjjQ=) has bought snafukivaari_338_supp x1 from the trader "Attachments (Seth [#STR_EXPANSION_MARKET_TRADER_ATTACHMENTS])" in market zone "The Hill" (pos=<7529.135742, 89.198120, 4610.044922>) for a price of 400.
17:47:13.445 [ATM] Player "Survivor" (id=EdUtHoz7RvdC6FQiZqYS7wLTRJsMr8Ls7MVvb9HcjjQ=) has deposited 7536 on his ATM account.
17:47:35.492 [Party] Player "MGM_762" (id=6CBOabJUM7Qqd7NEG4Do-ueQ7Uqvietj4ODcWmz64j4=) joinded the party "OSS" (id=0 ownerUID=_i471QtP-cQO7LGlvQxSkkb6U2OdaENSi4dYAnCjv04= ownerName=NOVAKILLSFORYOU)
17:47:35.523 [Expansion Quests] - InitQuestSystemClient - Loaded existing player quest data for player with UID: 6CBOabJUM7Qqd7NEG4Do-ueQ7Uqvietj4ODcWmz64j4=
17:47:35.523 [Expansion Quests] - LoadGroupQuestData - Got cached group quest data for group with ID: 0
17:47:35.523 [Expansion Quests] - Create new quest instance for quest: 8 - Player UID: 6CBOabJUM7Qqd7NEG4Do-ueQ7Uqvietj4ODcWmz64j4=
17:47:35.523 [Expansion Quests] - Create new quest instance for quest: 9 - Player UID: 6CBOabJUM7Qqd7NEG4Do-ueQ7Uqvietj4ODcWmz64j4=
17:47:35.527 [Expansion Quests] - Create new quest instance for quest: 11 - Player UID: 6CBOabJUM7Qqd7NEG4Do-ueQ7Uqvietj4ODcWmz64j4=
17:47:36.269 [Expansion Quests] - LoadGroupQuestData - Got cached group quest data for group with ID: 0
17:48:03.859 [Safezone] Player "Survivor" (id=EdUtHoz7RvdC6FQiZqYS7wLTRJsMr8Ls7MVvb9HcjjQ= pos=<7424.133789, 51.808022, 4860.979980>) Left the safezone
17:50:54.851 [Market] Player "MGM_762" (id=6CBOabJUM7Qqd7NEG4Do-ueQ7Uqvietj4ODcWmz64j4=) has send a requested to sell bz_anime_sneakers x1 at the trader "Ballerz (Maria [#BallerZ])" in market zone "World Trader Zone" (pos=<7500.000000, 0.000000, 7500.000000>).
17:50:54.851 [Market] Player "MGM_762" (id=6CBOabJUM7Qqd7NEG4Do-ueQ7Uqvietj4ODcWmz64j4=) has sold bz_anime_sneakers x1 at the trader "Ballerz (Maria [#BallerZ])" in market zone "World Trader Zone" (pos=<7500.000000, 0.000000, 7500.000000>) and got 7000.
17:54:21.218 [Expansion Quests] - InitQuestSystemClient - Loaded existing player quest data for player with UID: EdUtHoz7RvdC6FQiZqYS7wLTRJsMr8Ls7MVvb9HcjjQ=
17:54:21.218 [Expansion Quests] - Create new quest instance for quest: 8 - Player UID: EdUtHoz7RvdC6FQiZqYS7wLTRJsMr8Ls7MVvb9HcjjQ=
17:54:21.218 [Expansion Quests] - Create new quest instance for quest: 9 - Player UID: EdUtHoz7RvdC6FQiZqYS7wLTRJsMr8Ls7MVvb9HcjjQ=
17:54:21.218 [Expansion Quests] - Create new quest instance for quest: 11 - Player UID: EdUtHoz7RvdC6FQiZqYS7wLTRJsMr8Ls7MVvb9HcjjQ=
17:58:20.875 [Market] Player "MGM_762" (id=6CBOabJUM7Qqd7NEG4Do-ueQ7Uqvietj4ODcWmz64j4=) has send a requested to purchase gcgn_ammo_50cal x50 from the trader "Personal (Linda [])" in market zone "World Trader Zone" (pos=<7500.000000, 0.000000, 7500.000000>).
17:58:20.875 [Market] Player "MGM_762" (id=6CBOabJUM7Qqd7NEG4Do-ueQ7Uqvietj4ODcWmz64j4=) has bought gcgn_ammo_50cal x50 from the trader "Personal (Linda [])" in market zone "World Trader Zone" (pos=<7500.000000, 0.000000, 7500.000000>) for a price of 200.
18:01:34.414 [VehicleCarKey] Player "MGM_762" (id=6CBOabJUM7Qqd7NEG4Do-ueQ7Uqvietj4ODcWmz64j4= pos=<3206.383545, 1.494675, 1612.057617>) used the  ExpansionCarKey to unlock ExpansionMh6 (id=499FE3913144D91C947263A0B96B9FF0 pos=<3208.001221, 1.556901, 1611.161255>)
18:01:45.585 [VehicleEnter] Player MGM_762 [uid=6CBOabJUM7Qqd7NEG4Do-ueQ7Uqvietj4ODcWmz64j4=] entered vehicle Mh-6 Little Bird (id=499FE3913144D91C947263A0B96B9FF0 pos=<3208.001221, 1.556901, 1611.161255>) as pilot
18:01:48.046 [VehicleEnter] Player NOVAKILLSFORYOU [uid=_i471QtP-cQO7LGlvQxSkkb6U2OdaENSi4dYAnCjv04=] entered vehicle Mh-6 Little Bird (id=499FE3913144D91C947263A0B96B9FF0 pos=<3208.001221, 1.556901, 1611.161255>) as passenger
18:01:51.179 [VehicleEngine] Player MGM_762 [uid=6CBOabJUM7Qqd7NEG4Do-ueQ7Uqvietj4ODcWmz64j4=] started vehicle Mh-6 Little Bird (id=499FE3913144D91C947263A0B96B9FF0 pos=<3208.001221, 1.556900, 1611.161255>)
18:02:43.375 [AI Object Patrol] Spawning 1 East bots at <4501.915039, 30.850286, 1895.833862>
18:02:48.808 [AI Patrol] Spawning 2 Greenville bots at <4838.911133, 6.022657, 1207.315186>
18:06:01.800 [AI Object Patrol] Spawning 3 East bots at <12360.416016, 25.631105, 2046.017456>
18:06:13.390 [AI Object Patrol] Spawning 3 West bots at <12538.876953, 69.140373, 2373.376465>
18:06:48.308 [AI Object Patrol] Spawning 1 West bots at <13999.000000, 50.000000, 2157.000000>
18:07:27.292 [VehicleEngine] Player MGM_762 [uid=6CBOabJUM7Qqd7NEG4Do-ueQ7Uqvietj4ODcWmz64j4=] stopped vehicle Mh-6 Little Bird (id=499FE3913144D91C947263A0B96B9FF0 pos=<13378.113281, 129.126663, 2078.274170>)
18:07:29.296 [VehicleLeave] Player NOVAKILLSFORYOU [uid=_i471QtP-cQO7LGlvQxSkkb6U2OdaENSi4dYAnCjv04=] left vehicle Mh-6 Little Bird (id=499FE3913144D91C947263A0B96B9FF0 pos=<13378.144531, 127.563644, 2078.226318>)
18:07:38.144 [VehicleLeave] Player MGM_762 [uid=6CBOabJUM7Qqd7NEG4Do-ueQ7Uqvietj4ODcWmz64j4=] left vehicle Mh-6 Little Bird (id=499FE3913144D91C947263A0B96B9FF0 pos=<13378.151367, 127.553352, 2078.223389>)
18:09:00.789 [Killfeed] AI Elias (East) got killed by AI Frida (West) with AUR AX from a distance of 3 m.
18:11:52.398 [Killfeed] AI Gabi (West) got killed by AI Maria (West) with M16-A2 from a distance of 6 m.
18:11:54.433 [Killfeed] AI Jose (East) got killed by AI Maria (West) with M16-A2 from a distance of 23 m.
18:12:21.906 [Killfeed] AI Baty (East) got beaten to a pulp by AI Frida (West) with bare hands.
18:12:25.140 [AI Object Patrol] East bots were wiped out (spawn position <12360.416016, 25.631105, 2046.017456>, 3/3 deceased)
18:13:09.281 [AI Object Patrol] Despawning 1 East bots (spawn position <4501.915039, 30.850286, 1895.833862>, 0/1 deceased)
18:13:28.468 [AI Patrol] Despawning 2 Greenville bots (spawn position <4838.911133, 6.022657, 1207.315186>, 0/2 deceased)
18:13:42.718 [Expansion Quests] - InitQuestSystemClient - Loaded existing player quest data for player with UID: EdUtHoz7RvdC6FQiZqYS7wLTRJsMr8Ls7MVvb9HcjjQ=
18:13:42.718 [Expansion Quests] - Create new quest instance for quest: 8 - Player UID: EdUtHoz7RvdC6FQiZqYS7wLTRJsMr8Ls7MVvb9HcjjQ=
18:13:42.718 [Expansion Quests] - Create new quest instance for quest: 9 - Player UID: EdUtHoz7RvdC6FQiZqYS7wLTRJsMr8Ls7MVvb9HcjjQ=
18:13:42.718 [Expansion Quests] - Create new quest instance for quest: 11 - Player UID: EdUtHoz7RvdC6FQiZqYS7wLTRJsMr8Ls7MVvb9HcjjQ=
18:18:35.265 [AI Object Patrol] Spawning 2 West bots at <13774.007813, 96.740753, 3157.764404>
18:26:33.281 [AI Object Patrol] Despawning 2 West bots (spawn position <12538.876953, 69.140373, 2373.376465>, 1/3 deceased)
18:27:29.031 [AI Object Patrol] Despawning 2 West bots (spawn position <13774.007813, 96.740753, 3157.764404>, 0/2 deceased)
18:28:03.335 [Killfeed] NOVAKILLSFORYOU fell to their death.
18:28:39.140 [Party] Player "NOVAKILLSFORYOU" (id=_i471QtP-cQO7LGlvQxSkkb6U2OdaENSi4dYAnCjv04=) joinded the party "OSS" (id=0 ownerUID=_i471QtP-cQO7LGlvQxSkkb6U2OdaENSi4dYAnCjv04= ownerName=NOVAKILLSFORYOU)
18:28:40.125 [Expansion Quests] - LoadGroupQuestData - Got cached group quest data for group with ID: 0
18:28:44.828 [SpawnSelection] Player "NOVAKILLSFORYOU" (id=_i471QtP-cQO7LGlvQxSkkb6U2OdaENSi4dYAnCjv04=) spawned at <3233.246338, 2.739967, 1677.017334>
18:35:19.179 [AI Object Patrol] Spawning 3 West bots at <12899.680664, 44.786922, 2279.416504>
18:35:39.406 [Killfeed] AI Helga (West) fell to their death.
18:35:43.218 [AI Object Patrol] West bots were wiped out (spawn position <13999.000000, 50.000000, 2157.000000>, 1/1 deceased)
18:40:57.562 [VehicleEnter] Player MGM_762 [uid=6CBOabJUM7Qqd7NEG4Do-ueQ7Uqvietj4ODcWmz64j4=] entered vehicle Mh-6 Little Bird (id=499FE3913144D91C947263A0B96B9FF0 pos=<13378.289063, 127.567337, 2077.989990>) as pilot
18:41:04.359 [VehicleEnter] Player NOVAKILLSFORYOU [uid=_i471QtP-cQO7LGlvQxSkkb6U2OdaENSi4dYAnCjv04=] entered vehicle Mh-6 Little Bird (id=499FE3913144D91C947263A0B96B9FF0 pos=<13378.289063, 127.567825, 2077.989502>) as passenger
18:41:07.296 [VehicleEngine] Player MGM_762 [uid=6CBOabJUM7Qqd7NEG4Do-ueQ7Uqvietj4ODcWmz64j4=] started vehicle Mh-6 Little Bird (id=499FE3913144D91C947263A0B96B9FF0 pos=<13378.289063, 127.568062, 2077.989502>)
18:42:07.656 [AI Object Patrol] Spawning 1 East bots at <11284.197266, 4.244347, 1735.133667>
18:43:28.007 [AI Object Patrol] Spawning 2 East bots at <9770.666016, 7.013412, 4344.996094>
18:45:03.757 [VehicleLeave] Player NOVAKILLSFORYOU [uid=_i471QtP-cQO7LGlvQxSkkb6U2OdaENSi4dYAnCjv04=] left vehicle Mh-6 Little Bird (id=499FE3913144D91C947263A0B96B9FF0 pos=<6349.033691, 273.765717, 6864.770020>)
18:45:03.937 [AI Object Patrol] Spawning 1 East bots at <5389.531738, 3.141980, 7553.063477>
18:46:50.000 [VehicleEngine] Player MGM_762 [uid=6CBOabJUM7Qqd7NEG4Do-ueQ7Uqvietj4ODcWmz64j4=] stopped vehicle Mh-6 Little Bird (id=499FE3913144D91C947263A0B96B9FF0 pos=<6147.066406, 39.231358, 7083.425781>)
18:47:02.312 [VehicleLeave] Player MGM_762 [uid=6CBOabJUM7Qqd7NEG4Do-ueQ7Uqvietj4ODcWmz64j4=] left vehicle Mh-6 Little Bird (id=499FE3913144D91C947263A0B96B9FF0 pos=<6147.067383, 38.948208, 7083.460938>)
18:51:16.500 [Party] Player "NOVAKILLSFORYOU" (id=_i471QtP-cQO7LGlvQxSkkb6U2OdaENSi4dYAnCjv04=) left the party "OSS" (id=0 ownerUID=_i471QtP-cQO7LGlvQxSkkb6U2OdaENSi4dYAnCjv04= ownerName=NOVAKILLSFORYOU)
18:51:20.460 [Party] Player "MGM_762" (id=6CBOabJUM7Qqd7NEG4Do-ueQ7Uqvietj4ODcWmz64j4=) left the party "OSS" (id=0 ownerUID=_i471QtP-cQO7LGlvQxSkkb6U2OdaENSi4dYAnCjv04= ownerName=NOVAKILLSFORYOU)
