18:49:10.312 [Party] Player "NOVAKILLSFORYOU" (id=_i471QtP-cQO7LGlvQxSkkb6U2OdaENSi4dYAnCjv04=) joinded the party "OSS" (id=0 ownerUID=_i471QtP-cQO7LGlvQxSkkb6U2OdaENSi4dYAnCjv04= ownerName=NOVAKILLSFORYOU)
18:49:10.335 [Expansion Quests] - InitQuestSystemClient - Loaded existing player quest data for player with UID: _i471QtP-cQO7LGlvQxSkkb6U2OdaENSi4dYAnCjv04=
18:49:10.335 [Expansion Quests] - LoadGroupQuestData - Loaded existing group quest data for group with ID: 0
18:49:10.335 [Expansion Quests] - Create new quest instance for quest: 8 - Player UID: _i471QtP-cQO7LGlvQxSkkb6U2OdaENSi4dYAnCjv04=
18:49:10.335 [Expansion Quests] - Create new quest instance for quest: 9 - Player UID: _i471QtP-cQO7LGlvQxSkkb6U2OdaENSi4dYAnCjv04=
18:49:10.335 [Expansion Quests] - Create new quest instance for quest: 11 - Player UID: _i471QtP-cQO7LGlvQxSkkb6U2OdaENSi4dYAnCjv04=
18:49:11.109 [Expansion Quests] - LoadGroupQuestData - Got cached group quest data for group with ID: 0
18:50:44.765 [Party] Player "MGM_762" (id=6CBOabJUM7Qqd7NEG4Do-ueQ7Uqvietj4ODcWmz64j4=) joinded the party "OSS" (id=0 ownerUID=_i471QtP-cQO7LGlvQxSkkb6U2OdaENSi4dYAnCjv04= ownerName=NOVAKILLSFORYOU)
18:50:44.781 [Expansion Quests] - InitQuestSystemClient - Loaded existing player quest data for player with UID: 6CBOabJUM7Qqd7NEG4Do-ueQ7Uqvietj4ODcWmz64j4=
18:50:44.781 [Expansion Quests] - LoadGroupQuestData - Got cached group quest data for group with ID: 0
18:50:44.781 [Expansion Quests] - Create new quest instance for quest: 8 - Player UID: 6CBOabJUM7Qqd7NEG4Do-ueQ7Uqvietj4ODcWmz64j4=
18:50:44.781 [Expansion Quests] - Create new quest instance for quest: 9 - Player UID: 6CBOabJUM7Qqd7NEG4Do-ueQ7Uqvietj4ODcWmz64j4=
18:50:44.781 [Expansion Quests] - Create new quest instance for quest: 11 - Player UID: 6CBOabJUM7Qqd7NEG4Do-ueQ7Uqvietj4ODcWmz64j4=
18:50:45.500 [Expansion Quests] - LoadGroupQuestData - Got cached group quest data for group with ID: 0
18:53:25.492 [MissionAirdrop] An airdrop is heading towards "Warren-Cove" (pos=<6924.000000, 0.000000, 5473.000000> type=Random_Warren-Cove) with a ExpansionAirdropContainer_Basebuilding
18:54:17.218 [VehicleEnter] Player NOVAKILLSFORYOU [uid=_i471QtP-cQO7LGlvQxSkkb6U2OdaENSi4dYAnCjv04=] entered vehicle The DragBoat - Black (id=CF8DE53FB240926985A689B4DB5E8C7B pos=<3195.804932, 0.355859, 1605.963989>) as driver
18:54:36.109 [VehicleEnter] Player MGM_762 [uid=6CBOabJUM7Qqd7NEG4Do-ueQ7Uqvietj4ODcWmz64j4=] entered vehicle The DragBoat - Black (id=CF8DE53FB240926985A689B4DB5E8C7B pos=<3195.804932, -0.041311, 1605.963989>) as passenger
18:55:33.742 [AI Patrol] Spawning 3 ParisIsland2 bots at <2622.215332, 22.084246, 4231.475098>
18:56:45.171 [AI Patrol] Spawning 3 OldTown bots at <1944.398804, 9.190000, 8991.467773>
18:56:46.187 [AI Patrol] Spawning 2 East bots at <1975.627075, 9.190000, 8984.262695>
18:57:38.421 [VehicleLeave] Player MGM_762 [uid=6CBOabJUM7Qqd7NEG4Do-ueQ7Uqvietj4ODcWmz64j4=] left vehicle The DragBoat - Black (id=CF8DE53FB240926985A689B4DB5E8C7B pos=<1476.713135, 0.624179, 9225.962891>)
18:57:42.484 [VehicleLeave] Player NOVAKILLSFORYOU [uid=_i471QtP-cQO7LGlvQxSkkb6U2OdaENSi4dYAnCjv04=] left vehicle The DragBoat - Black (id=CF8DE53FB240926985A689B4DB5E8C7B pos=<1476.713135, 0.248974, 9225.962891>)
19:13:42.523 [Party] Player "NOVAKILLSFORYOU" (id=_i471QtP-cQO7LGlvQxSkkb6U2OdaENSi4dYAnCjv04=) left the party "OSS" (id=0 ownerUID=_i471QtP-cQO7LGlvQxSkkb6U2OdaENSi4dYAnCjv04= ownerName=NOVAKILLSFORYOU)
19:14:32.062 [Party] Player "NOVAKILLSFORYOU" (id=_i471QtP-cQO7LGlvQxSkkb6U2OdaENSi4dYAnCjv04=) joinded the party "OSS" (id=0 ownerUID=_i471QtP-cQO7LGlvQxSkkb6U2OdaENSi4dYAnCjv04= ownerName=NOVAKILLSFORYOU)
19:14:32.078 [Expansion Quests] - InitQuestSystemClient - Loaded existing player quest data for player with UID: _i471QtP-cQO7LGlvQxSkkb6U2OdaENSi4dYAnCjv04=
19:14:32.078 [Expansion Quests] - LoadGroupQuestData - Got cached group quest data for group with ID: 0
19:14:32.078 [Expansion Quests] - Create new quest instance for quest: 8 - Player UID: _i471QtP-cQO7LGlvQxSkkb6U2OdaENSi4dYAnCjv04=
19:14:32.078 [Expansion Quests] - Create new quest instance for quest: 9 - Player UID: _i471QtP-cQO7LGlvQxSkkb6U2OdaENSi4dYAnCjv04=
19:14:32.078 [Expansion Quests] - Create new quest instance for quest: 11 - Player UID: _i471QtP-cQO7LGlvQxSkkb6U2OdaENSi4dYAnCjv04=
19:14:32.789 [Expansion Quests] - LoadGroupQuestData - Got cached group quest data for group with ID: 0
19:27:46.625 [VehicleEnter] Player NOVAKILLSFORYOU [uid=_i471QtP-cQO7LGlvQxSkkb6U2OdaENSi4dYAnCjv04=] entered vehicle The DragBoat - Black (id=CF8DE53FB240926985A689B4DB5E8C7B pos=<1474.437134, -0.207877, 9227.051758>) as driver
19:27:49.968 [VehicleEnter] Player MGM_762 [uid=6CBOabJUM7Qqd7NEG4Do-ueQ7Uqvietj4ODcWmz64j4=] entered vehicle The DragBoat - Black (id=CF8DE53FB240926985A689B4DB5E8C7B pos=<1474.437134, 0.143366, 9227.051758>) as passenger
19:28:55.796 [AI Patrol] Spawning 2 West bots at <2851.259033, 1.027196, 11003.645508>
19:30:04.398 [VehicleLeave] Player MGM_762 [uid=6CBOabJUM7Qqd7NEG4Do-ueQ7Uqvietj4ODcWmz64j4=] left vehicle The DragBoat - Black (id=CF8DE53FB240926985A689B4DB5E8C7B pos=<2954.643799, -0.191782, 11293.553711>)
19:30:04.828 [VehicleLeave] Player NOVAKILLSFORYOU [uid=_i471QtP-cQO7LGlvQxSkkb6U2OdaENSi4dYAnCjv04=] left vehicle The DragBoat - Black (id=CF8DE53FB240926985A689B4DB5E8C7B pos=<2954.643799, -0.164734, 11293.553711>)
19:31:06.140 [VehicleEnter] Player NOVAKILLSFORYOU [uid=_i471QtP-cQO7LGlvQxSkkb6U2OdaENSi4dYAnCjv04=] entered vehicle The DragBoat - Black (id=CF8DE53FB240926985A689B4DB5E8C7B pos=<2954.643799, -0.224734, 11293.553711>) as driver
19:31:21.304 [VehicleEnter] Player MGM_762 [uid=6CBOabJUM7Qqd7NEG4Do-ueQ7Uqvietj4ODcWmz64j4=] entered vehicle The DragBoat - Black (id=CF8DE53FB240926985A689B4DB5E8C7B pos=<2954.645752, 0.003167, 11293.548828>) as passenger
19:31:53.750 [VehicleLeave] Player NOVAKILLSFORYOU [uid=_i471QtP-cQO7LGlvQxSkkb6U2OdaENSi4dYAnCjv04=] left vehicle The DragBoat - Black (id=CF8DE53FB240926985A689B4DB5E8C7B pos=<2927.303711, -0.120560, 11124.790039>)
19:31:53.937 [VehicleLeave] Player MGM_762 [uid=6CBOabJUM7Qqd7NEG4Do-ueQ7Uqvietj4ODcWmz64j4=] left vehicle The DragBoat - Black (id=CF8DE53FB240926985A689B4DB5E8C7B pos=<2927.303711, -0.125347, 11124.790039>)
19:32:30.257 [VehicleEnter] Player NOVAKILLSFORYOU [uid=_i471QtP-cQO7LGlvQxSkkb6U2OdaENSi4dYAnCjv04=] entered vehicle The DragBoat - Black (id=CF8DE53FB240926985A689B4DB5E8C7B pos=<2927.303711, 0.005679, 11124.790039>) as driver
19:32:36.500 [VehicleEnter] Player MGM_762 [uid=6CBOabJUM7Qqd7NEG4Do-ueQ7Uqvietj4ODcWmz64j4=] entered vehicle The DragBoat - Black (id=CF8DE53FB240926985A689B4DB5E8C7B pos=<2927.303711, 0.021068, 11124.790039>) as passenger
19:33:03.234 [VehicleLeave] Player NOVAKILLSFORYOU [uid=_i471QtP-cQO7LGlvQxSkkb6U2OdaENSi4dYAnCjv04=] left vehicle The DragBoat - Black (id=CF8DE53FB240926985A689B4DB5E8C7B pos=<2878.646729, 0.217898, 11027.493164>)
19:33:03.265 [VehicleLeave] Player MGM_762 [uid=6CBOabJUM7Qqd7NEG4Do-ueQ7Uqvietj4ODcWmz64j4=] left vehicle The DragBoat - Black (id=CF8DE53FB240926985A689B4DB5E8C7B pos=<2878.646729, 0.223048, 11027.493164>)
19:47:02.617 [VehicleEnter] Player NOVAKILLSFORYOU [uid=_i471QtP-cQO7LGlvQxSkkb6U2OdaENSi4dYAnCjv04=] entered vehicle The DragBoat - Black (id=CF8DE53FB240926985A689B4DB5E8C7B pos=<2878.646973, 0.264231, 11027.493164>) as driver
19:47:19.328 [VehicleEnter] Player MGM_762 [uid=6CBOabJUM7Qqd7NEG4Do-ueQ7Uqvietj4ODcWmz64j4=] entered vehicle The DragBoat - Black (id=CF8DE53FB240926985A689B4DB5E8C7B pos=<2878.646973, -0.150796, 11027.493164>) as passenger
19:53:50.562 [VehicleLeave] Player NOVAKILLSFORYOU [uid=_i471QtP-cQO7LGlvQxSkkb6U2OdaENSi4dYAnCjv04=] left vehicle The DragBoat - Black (id=CF8DE53FB240926985A689B4DB5E8C7B pos=<3197.596436, -0.061454, 1606.478149>)
19:53:52.492 [VehicleLeave] Player MGM_762 [uid=6CBOabJUM7Qqd7NEG4Do-ueQ7Uqvietj4ODcWmz64j4=] left vehicle The DragBoat - Black (id=CF8DE53FB240926985A689B4DB5E8C7B pos=<3197.583984, 0.169374, 1606.485474>)
19:54:11.585 [Market] Player "MGM_762" (id=6CBOabJUM7Qqd7NEG4Do-ueQ7Uqvietj4ODcWmz64j4=) has send a requested to sell bz_abstract2_bag x1 at the trader "Ballerz (Maria [#BallerZ])" in market zone "World Trader Zone" (pos=<7500.000000, 0.000000, 7500.000000>).
19:54:11.679 [Market] Player "MGM_762" (id=6CBOabJUM7Qqd7NEG4Do-ueQ7Uqvietj4ODcWmz64j4=) has sold bz_abstract2_bag x1 at the trader "Ballerz (Maria [#BallerZ])" in market zone "World Trader Zone" (pos=<7500.000000, 0.000000, 7500.000000>) and got 5250.
19:54:12.820 [Market] Player "MGM_762" (id=6CBOabJUM7Qqd7NEG4Do-ueQ7Uqvietj4ODcWmz64j4=) has send a requested to sell bz_redcamo_bag x1 at the trader "Ballerz (Maria [#BallerZ])" in market zone "World Trader Zone" (pos=<7500.000000, 0.000000, 7500.000000>).
19:54:12.945 [Market] Player "MGM_762" (id=6CBOabJUM7Qqd7NEG4Do-ueQ7Uqvietj4ODcWmz64j4=) has sold bz_redcamo_bag x1 at the trader "Ballerz (Maria [#BallerZ])" in market zone "World Trader Zone" (pos=<7500.000000, 0.000000, 7500.000000>) and got 7000.
19:54:16.171 [Market] Player "MGM_762" (id=6CBOabJUM7Qqd7NEG4Do-ueQ7Uqvietj4ODcWmz64j4=) has send a requested to sell bz_beaniehat_pa x1 at the trader "Ballerz (Maria [#BallerZ])" in market zone "World Trader Zone" (pos=<7500.000000, 0.000000, 7500.000000>).
19:54:16.265 [Market] Player "MGM_762" (id=6CBOabJUM7Qqd7NEG4Do-ueQ7Uqvietj4ODcWmz64j4=) has sold bz_beaniehat_pa x1 at the trader "Ballerz (Maria [#BallerZ])" in market zone "World Trader Zone" (pos=<7500.000000, 0.000000, 7500.000000>) and got 3000.
19:54:23.929 [Market] Player "MGM_762" (id=6CBOabJUM7Qqd7NEG4Do-ueQ7Uqvietj4ODcWmz64j4=) has send a requested to sell bz_thai_pants x1 at the trader "Ballerz (Maria [#BallerZ])" in market zone "World Trader Zone" (pos=<7500.000000, 0.000000, 7500.000000>).
19:54:24.046 [Market] Player "MGM_762" (id=6CBOabJUM7Qqd7NEG4Do-ueQ7Uqvietj4ODcWmz64j4=) has sold bz_thai_pants x1 at the trader "Ballerz (Maria [#BallerZ])" in market zone "World Trader Zone" (pos=<7500.000000, 0.000000, 7500.000000>) and got 7000.
19:54:28.953 [Market] Player "NOVAKILLSFORYOU" (id=_i471QtP-cQO7LGlvQxSkkb6U2OdaENSi4dYAnCjv04=) has send a requested to sell bz_pa_bag x1 at the trader "Ballerz (Maria [#BallerZ])" in market zone "World Trader Zone" (pos=<7500.000000, 0.000000, 7500.000000>).
19:54:29.031 [Market] Player "NOVAKILLSFORYOU" (id=_i471QtP-cQO7LGlvQxSkkb6U2OdaENSi4dYAnCjv04=) has sold bz_pa_bag x1 at the trader "Ballerz (Maria [#BallerZ])" in market zone "World Trader Zone" (pos=<7500.000000, 0.000000, 7500.000000>) and got 1750.
19:54:29.789 [Market] Player "MGM_762" (id=6CBOabJUM7Qqd7NEG4Do-ueQ7Uqvietj4ODcWmz64j4=) has send a requested to sell bz_hex2_sneakers x1 at the trader "Ballerz (Maria [#BallerZ])" in market zone "World Trader Zone" (pos=<7500.000000, 0.000000, 7500.000000>).
19:54:29.882 [Market] Player "MGM_762" (id=6CBOabJUM7Qqd7NEG4Do-ueQ7Uqvietj4ODcWmz64j4=) has sold bz_hex2_sneakers x1 at the trader "Ballerz (Maria [#BallerZ])" in market zone "World Trader Zone" (pos=<7500.000000, 0.000000, 7500.000000>) and got 7000.
19:54:33.945 [Market] Player "NOVAKILLSFORYOU" (id=_i471QtP-cQO7LGlvQxSkkb6U2OdaENSi4dYAnCjv04=) has send a requested to sell bz_pinkhemp_bag2 x1 at the trader "Ballerz (Maria [#BallerZ])" in market zone "World Trader Zone" (pos=<7500.000000, 0.000000, 7500.000000>).
19:54:34.000 [Market] Player "NOVAKILLSFORYOU" (id=_i471QtP-cQO7LGlvQxSkkb6U2OdaENSi4dYAnCjv04=) has sold bz_pinkhemp_bag2 x1 at the trader "Ballerz (Maria [#BallerZ])" in market zone "World Trader Zone" (pos=<7500.000000, 0.000000, 7500.000000>) and got 5250.
19:54:35.304 [Market] Player "NOVAKILLSFORYOU" (id=_i471QtP-cQO7LGlvQxSkkb6U2OdaENSi4dYAnCjv04=) has send a requested to sell bz_leggings_monster x1 at the trader "Ballerz (Maria [#BallerZ])" in market zone "World Trader Zone" (pos=<7500.000000, 0.000000, 7500.000000>).
19:54:35.359 [Market] Player "NOVAKILLSFORYOU" (id=_i471QtP-cQO7LGlvQxSkkb6U2OdaENSi4dYAnCjv04=) has sold bz_leggings_monster x1 at the trader "Ballerz (Maria [#BallerZ])" in market zone "World Trader Zone" (pos=<7500.000000, 0.000000, 7500.000000>) and got 8500.
19:54:36.617 [Market] Player "MGM_762" (id=6CBOabJUM7Qqd7NEG4Do-ueQ7Uqvietj4ODcWmz64j4=) has send a requested to sell bz_redcamo_top x1 at the trader "Ballerz (Maria [#BallerZ])" in market zone "World Trader Zone" (pos=<7500.000000, 0.000000, 7500.000000>).
19:54:36.718 [Market] Player "MGM_762" (id=6CBOabJUM7Qqd7NEG4Do-ueQ7Uqvietj4ODcWmz64j4=) has sold bz_redcamo_top x1 at the trader "Ballerz (Maria [#BallerZ])" in market zone "World Trader Zone" (pos=<7500.000000, 0.000000, 7500.000000>) and got 7000.
19:54:38.351 [Market] Player "NOVAKILLSFORYOU" (id=_i471QtP-cQO7LGlvQxSkkb6U2OdaENSi4dYAnCjv04=) has send a requested to sell bz_ucp_mask x1 at the trader "Ballerz (Maria [#BallerZ])" in market zone "World Trader Zone" (pos=<7500.000000, 0.000000, 7500.000000>).
19:54:38.429 [Market] Player "NOVAKILLSFORYOU" (id=_i471QtP-cQO7LGlvQxSkkb6U2OdaENSi4dYAnCjv04=) has sold bz_ucp_mask x1 at the trader "Ballerz (Maria [#BallerZ])" in market zone "World Trader Zone" (pos=<7500.000000, 0.000000, 7500.000000>) and got 3500.
19:54:40.992 [Market] Player "MGM_762" (id=6CBOabJUM7Qqd7NEG4Do-ueQ7Uqvietj4ODcWmz64j4=) has send a requested to sell bz_vest_purple x1 at the trader "Ballerz (Maria [#BallerZ])" in market zone "World Trader Zone" (pos=<7500.000000, 0.000000, 7500.000000>).
19:54:41.117 [Market] Player "MGM_762" (id=6CBOabJUM7Qqd7NEG4Do-ueQ7Uqvietj4ODcWmz64j4=) has sold bz_vest_purple x1 at the trader "Ballerz (Maria [#BallerZ])" in market zone "World Trader Zone" (pos=<7500.000000, 0.000000, 7500.000000>) and got 2125.
19:54:41.875 [Market] Player "NOVAKILLSFORYOU" (id=_i471QtP-cQO7LGlvQxSkkb6U2OdaENSi4dYAnCjv04=) has send a requested to sell bz_heineken_nvgs x1 at the trader "Ballerz (Maria [#BallerZ])" in market zone "World Trader Zone" (pos=<7500.000000, 0.000000, 7500.000000>).
19:54:41.929 [Market] Player "NOVAKILLSFORYOU" (id=_i471QtP-cQO7LGlvQxSkkb6U2OdaENSi4dYAnCjv04=) has sold bz_heineken_nvgs x1 at the trader "Ballerz (Maria [#BallerZ])" in market zone "World Trader Zone" (pos=<7500.000000, 0.000000, 7500.000000>) and got 7000.
19:54:45.312 [Market] Player "NOVAKILLSFORYOU" (id=_i471QtP-cQO7LGlvQxSkkb6U2OdaENSi4dYAnCjv04=) has send a requested to sell bz_cocacola_pants x1 at the trader "Ballerz (Maria [#BallerZ])" in market zone "World Trader Zone" (pos=<7500.000000, 0.000000, 7500.000000>).
19:54:45.492 [Market] Player "NOVAKILLSFORYOU" (id=_i471QtP-cQO7LGlvQxSkkb6U2OdaENSi4dYAnCjv04=) has sold bz_cocacola_pants x1 at the trader "Ballerz (Maria [#BallerZ])" in market zone "World Trader Zone" (pos=<7500.000000, 0.000000, 7500.000000>) and got 7000.
19:54:46.453 [Market] Player "NOVAKILLSFORYOU" (id=_i471QtP-cQO7LGlvQxSkkb6U2OdaENSi4dYAnCjv04=) has send a requested to sell bz_hex2_pants x1 at the trader "Ballerz (Maria [#BallerZ])" in market zone "World Trader Zone" (pos=<7500.000000, 0.000000, 7500.000000>).
19:54:46.507 [Market] Player "NOVAKILLSFORYOU" (id=_i471QtP-cQO7LGlvQxSkkb6U2OdaENSi4dYAnCjv04=) has sold bz_hex2_pants x1 at the trader "Ballerz (Maria [#BallerZ])" in market zone "World Trader Zone" (pos=<7500.000000, 0.000000, 7500.000000>) and got 7000.
19:54:47.601 [Market] Player "NOVAKILLSFORYOU" (id=_i471QtP-cQO7LGlvQxSkkb6U2OdaENSi4dYAnCjv04=) has send a requested to sell bz_strangerthings_pants x1 at the trader "Ballerz (Maria [#BallerZ])" in market zone "World Trader Zone" (pos=<7500.000000, 0.000000, 7500.000000>).
19:54:47.695 [Market] Player "NOVAKILLSFORYOU" (id=_i471QtP-cQO7LGlvQxSkkb6U2OdaENSi4dYAnCjv04=) has sold bz_strangerthings_pants x1 at the trader "Ballerz (Maria [#BallerZ])" in market zone "World Trader Zone" (pos=<7500.000000, 0.000000, 7500.000000>) and got 7000.
19:54:53.781 [Market] Player "NOVAKILLSFORYOU" (id=_i471QtP-cQO7LGlvQxSkkb6U2OdaENSi4dYAnCjv04=) has send a requested to sell bz_shirt_world x1 at the trader "Ballerz (Maria [#BallerZ])" in market zone "World Trader Zone" (pos=<7500.000000, 0.000000, 7500.000000>).
19:54:53.875 [Market] Player "NOVAKILLSFORYOU" (id=_i471QtP-cQO7LGlvQxSkkb6U2OdaENSi4dYAnCjv04=) has sold bz_shirt_world x1 at the trader "Ballerz (Maria [#BallerZ])" in market zone "World Trader Zone" (pos=<7500.000000, 0.000000, 7500.000000>) and got 8500.
19:54:57.179 [Market] Player "NOVAKILLSFORYOU" (id=_i471QtP-cQO7LGlvQxSkkb6U2OdaENSi4dYAnCjv04=) has send a requested to sell bz_tropic_sneakers x1 at the trader "Ballerz (Maria [#BallerZ])" in market zone "World Trader Zone" (pos=<7500.000000, 0.000000, 7500.000000>).
19:54:57.257 [Market] Player "NOVAKILLSFORYOU" (id=_i471QtP-cQO7LGlvQxSkkb6U2OdaENSi4dYAnCjv04=) has sold bz_tropic_sneakers x1 at the trader "Ballerz (Maria [#BallerZ])" in market zone "World Trader Zone" (pos=<7500.000000, 0.000000, 7500.000000>) and got 7000.
19:55:04.812 [Market] Player "NOVAKILLSFORYOU" (id=_i471QtP-cQO7LGlvQxSkkb6U2OdaENSi4dYAnCjv04=) has send a requested to sell bz_anime_top x1 at the trader "Ballerz (Maria [#BallerZ])" in market zone "World Trader Zone" (pos=<7500.000000, 0.000000, 7500.000000>).
19:55:04.898 [Market] Player "NOVAKILLSFORYOU" (id=_i471QtP-cQO7LGlvQxSkkb6U2OdaENSi4dYAnCjv04=) has sold bz_anime_top x1 at the trader "Ballerz (Maria [#BallerZ])" in market zone "World Trader Zone" (pos=<7500.000000, 0.000000, 7500.000000>) and got 7000.
19:55:08.375 [Market] Player "NOVAKILLSFORYOU" (id=_i471QtP-cQO7LGlvQxSkkb6U2OdaENSi4dYAnCjv04=) has send a requested to sell bz_vest_alpine x1 at the trader "Ballerz (Maria [#BallerZ])" in market zone "World Trader Zone" (pos=<7500.000000, 0.000000, 7500.000000>).
19:55:08.406 [Market] Player "NOVAKILLSFORYOU" (id=_i471QtP-cQO7LGlvQxSkkb6U2OdaENSi4dYAnCjv04=) has sold bz_vest_alpine x1 at the trader "Ballerz (Maria [#BallerZ])" in market zone "World Trader Zone" (pos=<7500.000000, 0.000000, 7500.000000>) and got 2125.
19:55:09.781 [Market] Player "NOVAKILLSFORYOU" (id=_i471QtP-cQO7LGlvQxSkkb6U2OdaENSi4dYAnCjv04=) has send a requested to sell bz_vest_beetlejuice x1 at the trader "Ballerz (Maria [#BallerZ])" in market zone "World Trader Zone" (pos=<7500.000000, 0.000000, 7500.000000>).
19:55:09.828 [Market] Player "NOVAKILLSFORYOU" (id=_i471QtP-cQO7LGlvQxSkkb6U2OdaENSi4dYAnCjv04=) has sold bz_vest_beetlejuice x1 at the trader "Ballerz (Maria [#BallerZ])" in market zone "World Trader Zone" (pos=<7500.000000, 0.000000, 7500.000000>) and got 6375.
19:55:15.265 [Market] Player "NOVAKILLSFORYOU" (id=_i471QtP-cQO7LGlvQxSkkb6U2OdaENSi4dYAnCjv04=) has send a requested to sell bz_wings_orange x1 at the trader "Ballerz (Maria [#BallerZ])" in market zone "World Trader Zone" (pos=<7500.000000, 0.000000, 7500.000000>).
19:55:15.359 [Market] Player "NOVAKILLSFORYOU" (id=_i471QtP-cQO7LGlvQxSkkb6U2OdaENSi4dYAnCjv04=) has sold bz_wings_orange x1 at the trader "Ballerz (Maria [#BallerZ])" in market zone "World Trader Zone" (pos=<7500.000000, 0.000000, 7500.000000>) and got 7000.
19:55:39.750 [Market] Player "NOVAKILLSFORYOU" (id=_i471QtP-cQO7LGlvQxSkkb6U2OdaENSi4dYAnCjv04=) has send a requested to sell snafualligator x1 at the trader "Personal (Linda [])" in market zone "World Trader Zone" (pos=<7500.000000, 0.000000, 7500.000000>).
19:55:39.781 [Market] Player "NOVAKILLSFORYOU" (id=_i471QtP-cQO7LGlvQxSkkb6U2OdaENSi4dYAnCjv04=) has sold snafualligator x1 at the trader "Personal (Linda [])" in market zone "World Trader Zone" (pos=<7500.000000, 0.000000, 7500.000000>) and got 2812.
19:55:52.132 [VehicleCarKey] Player "MGM_762" (id=6CBOabJUM7Qqd7NEG4Do-ueQ7Uqvietj4ODcWmz64j4= pos=<3219.967529, 2.573749, 1656.526123>) used the  ExpansionCarKey to lock Expansion_Landrover_Red (id=A22BB08C1E4A29215A1D6897C6CB291E pos=<3219.030273, 2.647123, 1658.655029>)
19:56:39.062 [Market] Player "NOVAKILLSFORYOU" (id=_i471QtP-cQO7LGlvQxSkkb6U2OdaENSi4dYAnCjv04=) has send a requested to purchase snafu_akwalther x1 from the trader "Personal (Linda [])" in market zone "World Trader Zone" (pos=<7500.000000, 0.000000, 7500.000000>).
19:56:39.117 [Market] Player "NOVAKILLSFORYOU" (id=_i471QtP-cQO7LGlvQxSkkb6U2OdaENSi4dYAnCjv04=) has bought snafu_akwalther x1 from the trader "Personal (Linda [])" in market zone "World Trader Zone" (pos=<7500.000000, 0.000000, 7500.000000>) for a price of 400.
19:57:21.781 [ATM] Player "NOVAKILLSFORYOU" (id=_i471QtP-cQO7LGlvQxSkkb6U2OdaENSi4dYAnCjv04=) has deposited 87412 on his ATM account.
19:57:33.656 [ATM] Player "MGM_762" (id=6CBOabJUM7Qqd7NEG4Do-ueQ7Uqvietj4ODcWmz64j4=) has deposited 182625 on his ATM account.
19:57:42.070 [ATM] Player "MGM_762" (id=6CBOabJUM7Qqd7NEG4Do-ueQ7Uqvietj4ODcWmz64j4=) has withdrawn 25000 from his ATM account.
20:03:24.734 [Party] Player "NOVAKILLSFORYOU" (id=_i471QtP-cQO7LGlvQxSkkb6U2OdaENSi4dYAnCjv04=) left the party "OSS" (id=0 ownerUID=_i471QtP-cQO7LGlvQxSkkb6U2OdaENSi4dYAnCjv04= ownerName=NOVAKILLSFORYOU)
20:22:33.242 [MissionAirdrop] An airdrop is heading towards "Warren-Cove" (pos=<6924.000000, 0.000000, 5473.000000> type=Random_Warren-Cove) with a ExpansionAirdropContainer_Basebuilding
20:25:12.000 [Market] Player "MGM_762" (id=6CBOabJUM7Qqd7NEG4Do-ueQ7Uqvietj4ODcWmz64j4=) has send a requested to sell snafuax50_gun x1 at the trader "Personal (Linda [])" in market zone "World Trader Zone" (pos=<7500.000000, 0.000000, 7500.000000>).
20:25:12.085 [Market] Player "MGM_762" (id=6CBOabJUM7Qqd7NEG4Do-ueQ7Uqvietj4ODcWmz64j4=) has sold snafuax50_gun x1 at the trader "Personal (Linda [])" in market zone "World Trader Zone" (pos=<7500.000000, 0.000000, 7500.000000>) and got 11250.
20:52:12.687 [Party] Player "MGM_762" (id=6CBOabJUM7Qqd7NEG4Do-ueQ7Uqvietj4ODcWmz64j4=) left the party "OSS" (id=0 ownerUID=_i471QtP-cQO7LGlvQxSkkb6U2OdaENSi4dYAnCjv04= ownerName=NOVAKILLSFORYOU)
21:51:29.367 [MissionAirdrop] An airdrop is heading towards "Oceanville" (pos=<10179.000000, 0.000000, 4722.000000> type=Random_Oceanville) with a ExpansionAirdropContainer_Medical
23:21:26.406 [MissionAirdrop] An airdrop is heading towards "Stonington" (pos=<6973.000000, 0.000000, 1701.000000> type=Random_Stonington) with a ExpansionAirdropContainer_Medical
00:50:55.593 [MissionAirdrop] An airdrop is heading towards "Stonington" (pos=<6973.000000, 0.000000, 1701.000000> type=Random_Stonington) with a ExpansionAirdropContainer_Medical
02:21:28.804 [MissionAirdrop] An airdrop is heading towards "Hazelands" (pos=<4539.000000, 0.000000, 2317.000000> type=Random_Hazelands) with a ExpansionAirdropContainer
03:53:30.976 [MissionAirdrop] An airdrop is heading towards "Georgstown" (pos=<4522.000000, 0.000000, 4370.000000> type=Random_Georgstown) with a ExpansionAirdropContainer
05:24:44.343 [MissionAirdrop] An airdrop is heading towards "Kushville" (pos=<7630.000000, 0.000000, 3717.000000> type=Random_Kushville) with a ExpansionAirdropContainer_Medical
06:53:55.554 [MissionAirdrop] An airdrop is heading towards "Georgstown" (pos=<4522.000000, 0.000000, 4370.000000> type=Random_Georgstown) with a ExpansionAirdropContainer
07:28:42.914 [Party] Player "NOVAKILLSFORYOU" (id=_i471QtP-cQO7LGlvQxSkkb6U2OdaENSi4dYAnCjv04=) joinded the party "OSS" (id=0 ownerUID=_i471QtP-cQO7LGlvQxSkkb6U2OdaENSi4dYAnCjv04= ownerName=NOVAKILLSFORYOU)
07:28:42.937 [Expansion Quests] - InitQuestSystemClient - Loaded existing player quest data for player with UID: _i471QtP-cQO7LGlvQxSkkb6U2OdaENSi4dYAnCjv04=
07:28:42.937 [Expansion Quests] - LoadGroupQuestData - Got cached group quest data for group with ID: 0
07:28:42.937 [Expansion Quests] - Create new quest instance for quest: 8 - Player UID: _i471QtP-cQO7LGlvQxSkkb6U2OdaENSi4dYAnCjv04=
07:28:42.937 [Expansion Quests] - Create new quest instance for quest: 9 - Player UID: _i471QtP-cQO7LGlvQxSkkb6U2OdaENSi4dYAnCjv04=
07:28:42.937 [Expansion Quests] - Create new quest instance for quest: 11 - Player UID: _i471QtP-cQO7LGlvQxSkkb6U2OdaENSi4dYAnCjv04=
07:28:43.640 [Expansion Quests] - LoadGroupQuestData - Got cached group quest data for group with ID: 0
08:06:37.468 [Party] Player "NOVAKILLSFORYOU" (id=_i471QtP-cQO7LGlvQxSkkb6U2OdaENSi4dYAnCjv04=) left the party "OSS" (id=0 ownerUID=_i471QtP-cQO7LGlvQxSkkb6U2OdaENSi4dYAnCjv04= ownerName=NOVAKILLSFORYOU)
08:24:08.875 [MissionAirdrop] An airdrop is heading towards "Hazelands" (pos=<4539.000000, 0.000000, 2317.000000> type=Random_Hazelands) with a ExpansionAirdropContainer
09:55:47.000 [MissionAirdrop] An airdrop is heading towards "Oceanville" (pos=<10179.000000, 0.000000, 4722.000000> type=Random_Oceanville) with a ExpansionAirdropContainer_Medical
11:25:09.187 [MissionAirdrop] An airdrop is heading towards "Oceanville" (pos=<10179.000000, 0.000000, 4722.000000> type=Random_Oceanville) with a ExpansionAirdropContainer_Medical
12:54:42.421 [MissionAirdrop] An airdrop is heading towards "Greenville" (pos=<4658.000000, 0.000000, 1414.000000> type=Random_Greenville) with a ExpansionAirdropContainer_Military
14:26:13.531 [MissionAirdrop] An airdrop is heading towards "Kushville" (pos=<7630.000000, 0.000000, 3717.000000> type=Random_Kushville) with a ExpansionAirdropContainer_Medical
