22:59:23.828 [Safezone] Player "MGM_762" (id=6CBOabJUM7Qqd7NEG4Do-ueQ7Uqvietj4ODcWmz64j4= pos=<2161.183105, 20.369959, 14621.122070>) Entered the safezone
22:59:23.828 [Party] Player "MGM_762" (id=6CBOabJUM7Qqd7NEG4Do-ueQ7Uqvietj4ODcWmz64j4=) joinded the party "OSS" (id=0 ownerUID=_i471QtP-cQO7LGlvQxSkkb6U2OdaENSi4dYAnCjv04= ownerName=NOVAKILLSFORYOU)
22:59:23.835 [Expansion Quests] - InitQuestSystemClient - Loaded existing player quest data for player with UID: 6CBOabJUM7Qqd7NEG4Do-ueQ7Uqvietj4ODcWmz64j4=
22:59:23.835 [Expansion Quests] - LoadGroupQuestData - Loaded existing group quest data for group with ID: 0
22:59:23.843 [Expansion Quests] - Create new quest instance for quest: 8 - Player UID: 6CBOabJUM7Qqd7NEG4Do-ueQ7Uqvietj4ODcWmz64j4=
22:59:23.843 [Expansion Quests] - Create new quest instance for quest: 9 - Player UID: 6CBOabJUM7Qqd7NEG4Do-ueQ7Uqvietj4ODcWmz64j4=
22:59:23.843 [Expansion Quests] - Create new quest instance for quest: 11 - Player UID: 6CBOabJUM7Qqd7NEG4Do-ueQ7Uqvietj4ODcWmz64j4=
22:59:24.585 [Expansion Quests] - LoadGroupQuestData - Got cached group quest data for group with ID: 0
23:00:18.820 [Safezone] Player "NOVAKILLSFORYOU" (id=_i471QtP-cQO7LGlvQxSkkb6U2OdaENSi4dYAnCjv04= pos=<2160.472900, 20.369967, 14623.800781>) Entered the safezone
23:00:18.820 [Party] Player "NOVAKILLSFORYOU" (id=_i471QtP-cQO7LGlvQxSkkb6U2OdaENSi4dYAnCjv04=) joinded the party "OSS" (id=0 ownerUID=_i471QtP-cQO7LGlvQxSkkb6U2OdaENSi4dYAnCjv04= ownerName=NOVAKILLSFORYOU)
23:00:18.835 [Expansion Quests] - InitQuestSystemClient - Loaded existing player quest data for player with UID: _i471QtP-cQO7LGlvQxSkkb6U2OdaENSi4dYAnCjv04=
23:00:18.835 [Expansion Quests] - LoadGroupQuestData - Got cached group quest data for group with ID: 0
23:00:18.835 [Expansion Quests] - Create new quest instance for quest: 8 - Player UID: _i471QtP-cQO7LGlvQxSkkb6U2OdaENSi4dYAnCjv04=
23:00:18.835 [Expansion Quests] - Create new quest instance for quest: 9 - Player UID: _i471QtP-cQO7LGlvQxSkkb6U2OdaENSi4dYAnCjv04=
23:00:18.835 [Expansion Quests] - Create new quest instance for quest: 11 - Player UID: _i471QtP-cQO7LGlvQxSkkb6U2OdaENSi4dYAnCjv04=
23:00:19.781 [Expansion Quests] - LoadGroupQuestData - Got cached group quest data for group with ID: 0
23:03:33.054 [MissionAirdrop] An airdrop is heading towards "Oceanville" (pos=<10179.000000, 0.000000, 4722.000000> type=Random_Oceanville) with a ExpansionAirdropContainer_Basebuilding
23:05:22.218 [Market] Player "MGM_762" (id=6CBOabJUM7Qqd7NEG4Do-ueQ7Uqvietj4ODcWmz64j4=) has send a requested to sell bz_firstaid_kit x1 at the trader "MEDS (Naomi [MEDS])" in market zone "The Rig" (pos=<2154.000000, 30.000000, 14620.000000>).
23:05:22.218 [Market] Player "MGM_762" (id=6CBOabJUM7Qqd7NEG4Do-ueQ7Uqvietj4ODcWmz64j4=) has sold bz_firstaid_kit x1 at the trader "MEDS (Naomi [MEDS])" in market zone "The Rig" (pos=<2154.000000, 30.000000, 14620.000000>) and got 1875.
23:05:24.007 [Market] Player "MGM_762" (id=6CBOabJUM7Qqd7NEG4Do-ueQ7Uqvietj4ODcWmz64j4=) has send a requested to purchase bz_firstaid_kit x1 from the trader "MEDS (Naomi [MEDS])" in market zone "The Rig" (pos=<2154.000000, 30.000000, 14620.000000>).
23:05:24.007 [Market] Player "MGM_762" (id=6CBOabJUM7Qqd7NEG4Do-ueQ7Uqvietj4ODcWmz64j4=) has bought bz_firstaid_kit x1 from the trader "MEDS (Naomi [MEDS])" in market zone "The Rig" (pos=<2154.000000, 30.000000, 14620.000000>) for a price of 5000.
23:09:19.710 [Market] Player "MGM_762" (id=6CBOabJUM7Qqd7NEG4Do-ueQ7Uqvietj4ODcWmz64j4=) has send a requested to sell bz_hemp_bag x1 at the trader "Ballerz (Helga [#BallerZ])" in market zone "The Rig" (pos=<2154.000000, 30.000000, 14620.000000>).
23:09:19.718 [Market] Player "MGM_762" (id=6CBOabJUM7Qqd7NEG4Do-ueQ7Uqvietj4ODcWmz64j4=) has sold bz_hemp_bag x1 at the trader "Ballerz (Helga [#BallerZ])" in market zone "The Rig" (pos=<2154.000000, 30.000000, 14620.000000>) and got 7000.
23:09:22.140 [Market] Player "MGM_762" (id=6CBOabJUM7Qqd7NEG4Do-ueQ7Uqvietj4ODcWmz64j4=) has send a requested to sell bz_purple_bag2 x1 at the trader "Ballerz (Helga [#BallerZ])" in market zone "The Rig" (pos=<2154.000000, 30.000000, 14620.000000>).
23:09:22.140 [Market] Player "MGM_762" (id=6CBOabJUM7Qqd7NEG4Do-ueQ7Uqvietj4ODcWmz64j4=) has sold bz_purple_bag2 x1 at the trader "Ballerz (Helga [#BallerZ])" in market zone "The Rig" (pos=<2154.000000, 30.000000, 14620.000000>) and got 7000.
23:09:24.265 [Market] Player "MGM_762" (id=6CBOabJUM7Qqd7NEG4Do-ueQ7Uqvietj4ODcWmz64j4=) has send a requested to sell bz_tropic_bag x1 at the trader "Ballerz (Helga [#BallerZ])" in market zone "The Rig" (pos=<2154.000000, 30.000000, 14620.000000>).
23:09:24.265 [Market] Player "MGM_762" (id=6CBOabJUM7Qqd7NEG4Do-ueQ7Uqvietj4ODcWmz64j4=) has sold bz_tropic_bag x1 at the trader "Ballerz (Helga [#BallerZ])" in market zone "The Rig" (pos=<2154.000000, 30.000000, 14620.000000>) and got 7000.
23:09:29.703 [Market] Player "MGM_762" (id=6CBOabJUM7Qqd7NEG4Do-ueQ7Uqvietj4ODcWmz64j4=) has send a requested to sell bz_leggings_desert x1 at the trader "Ballerz (Helga [#BallerZ])" in market zone "The Rig" (pos=<2154.000000, 30.000000, 14620.000000>).
23:09:29.703 [Market] Player "MGM_762" (id=6CBOabJUM7Qqd7NEG4Do-ueQ7Uqvietj4ODcWmz64j4=) has sold bz_leggings_desert x1 at the trader "Ballerz (Helga [#BallerZ])" in market zone "The Rig" (pos=<2154.000000, 30.000000, 14620.000000>) and got 8500.
23:09:30.914 [Market] Player "MGM_762" (id=6CBOabJUM7Qqd7NEG4Do-ueQ7Uqvietj4ODcWmz64j4=) has send a requested to sell bz_leggings_hex3 x1 at the trader "Ballerz (Helga [#BallerZ])" in market zone "The Rig" (pos=<2154.000000, 30.000000, 14620.000000>).
23:09:30.914 [Market] Player "MGM_762" (id=6CBOabJUM7Qqd7NEG4Do-ueQ7Uqvietj4ODcWmz64j4=) has sold bz_leggings_hex3 x1 at the trader "Ballerz (Helga [#BallerZ])" in market zone "The Rig" (pos=<2154.000000, 30.000000, 14620.000000>) and got 8500.
23:09:35.812 [Market] Player "MGM_762" (id=6CBOabJUM7Qqd7NEG4Do-ueQ7Uqvietj4ODcWmz64j4=) has send a requested to sell bz_circuit_mask x1 at the trader "Ballerz (Helga [#BallerZ])" in market zone "The Rig" (pos=<2154.000000, 30.000000, 14620.000000>).
23:09:35.812 [Market] Player "MGM_762" (id=6CBOabJUM7Qqd7NEG4Do-ueQ7Uqvietj4ODcWmz64j4=) has sold bz_circuit_mask x1 at the trader "Ballerz (Helga [#BallerZ])" in market zone "The Rig" (pos=<2154.000000, 30.000000, 14620.000000>) and got 7000.
23:09:40.750 [Market] Player "MGM_762" (id=6CBOabJUM7Qqd7NEG4Do-ueQ7Uqvietj4ODcWmz64j4=) has send a requested to sell bz_pa_nvgs x1 at the trader "Ballerz (Helga [#BallerZ])" in market zone "The Rig" (pos=<2154.000000, 30.000000, 14620.000000>).
23:09:40.757 [Market] Player "MGM_762" (id=6CBOabJUM7Qqd7NEG4Do-ueQ7Uqvietj4ODcWmz64j4=) has sold bz_pa_nvgs x1 at the trader "Ballerz (Helga [#BallerZ])" in market zone "The Rig" (pos=<2154.000000, 30.000000, 14620.000000>) and got 5250.
23:09:45.398 [Market] Player "MGM_762" (id=6CBOabJUM7Qqd7NEG4Do-ueQ7Uqvietj4ODcWmz64j4=) has send a requested to sell bz_alienware_pants x1 at the trader "Ballerz (Helga [#BallerZ])" in market zone "The Rig" (pos=<2154.000000, 30.000000, 14620.000000>).
23:09:45.398 [Market] Player "MGM_762" (id=6CBOabJUM7Qqd7NEG4Do-ueQ7Uqvietj4ODcWmz64j4=) has sold bz_alienware_pants x1 at the trader "Ballerz (Helga [#BallerZ])" in market zone "The Rig" (pos=<2154.000000, 30.000000, 14620.000000>) and got 7000.
23:09:47.164 [Market] Player "MGM_762" (id=6CBOabJUM7Qqd7NEG4Do-ueQ7Uqvietj4ODcWmz64j4=) has send a requested to sell bz_snake_pants x1 at the trader "Ballerz (Helga [#BallerZ])" in market zone "The Rig" (pos=<2154.000000, 30.000000, 14620.000000>).
23:09:47.164 [Market] Player "MGM_762" (id=6CBOabJUM7Qqd7NEG4Do-ueQ7Uqvietj4ODcWmz64j4=) has sold bz_snake_pants x1 at the trader "Ballerz (Helga [#BallerZ])" in market zone "The Rig" (pos=<2154.000000, 30.000000, 14620.000000>) and got 7000.
23:09:47.929 [Market] Player "MGM_762" (id=6CBOabJUM7Qqd7NEG4Do-ueQ7Uqvietj4ODcWmz64j4=) has send a requested to sell bz_ucp_pants x1 at the trader "Ballerz (Helga [#BallerZ])" in market zone "The Rig" (pos=<2154.000000, 30.000000, 14620.000000>).
23:09:47.929 [Market] Player "MGM_762" (id=6CBOabJUM7Qqd7NEG4Do-ueQ7Uqvietj4ODcWmz64j4=) has sold bz_ucp_pants x1 at the trader "Ballerz (Helga [#BallerZ])" in market zone "The Rig" (pos=<2154.000000, 30.000000, 14620.000000>) and got 7000.
23:09:48.812 [Market] Player "MGM_762" (id=6CBOabJUM7Qqd7NEG4Do-ueQ7Uqvietj4ODcWmz64j4=) has send a requested to sell bz_urban_pants x1 at the trader "Ballerz (Helga [#BallerZ])" in market zone "The Rig" (pos=<2154.000000, 30.000000, 14620.000000>).
23:09:48.820 [Market] Player "MGM_762" (id=6CBOabJUM7Qqd7NEG4Do-ueQ7Uqvietj4ODcWmz64j4=) has sold bz_urban_pants x1 at the trader "Ballerz (Helga [#BallerZ])" in market zone "The Rig" (pos=<2154.000000, 30.000000, 14620.000000>) and got 7000.
23:09:49.695 [Market] Player "MGM_762" (id=6CBOabJUM7Qqd7NEG4Do-ueQ7Uqvietj4ODcWmz64j4=) has send a requested to sell bz_yellowhemp_pants x1 at the trader "Ballerz (Helga [#BallerZ])" in market zone "The Rig" (pos=<2154.000000, 30.000000, 14620.000000>).
23:09:49.695 [Market] Player "MGM_762" (id=6CBOabJUM7Qqd7NEG4Do-ueQ7Uqvietj4ODcWmz64j4=) has sold bz_yellowhemp_pants x1 at the trader "Ballerz (Helga [#BallerZ])" in market zone "The Rig" (pos=<2154.000000, 30.000000, 14620.000000>) and got 7000.
23:09:54.296 [Market] Player "MGM_762" (id=6CBOabJUM7Qqd7NEG4Do-ueQ7Uqvietj4ODcWmz64j4=) has send a requested to sell bz_shirt_dbz x1 at the trader "Ballerz (Helga [#BallerZ])" in market zone "The Rig" (pos=<2154.000000, 30.000000, 14620.000000>).
23:09:54.304 [Market] Player "MGM_762" (id=6CBOabJUM7Qqd7NEG4Do-ueQ7Uqvietj4ODcWmz64j4=) has sold bz_shirt_dbz x1 at the trader "Ballerz (Helga [#BallerZ])" in market zone "The Rig" (pos=<2154.000000, 30.000000, 14620.000000>) and got 8500.
23:09:58.226 [Market] Player "MGM_762" (id=6CBOabJUM7Qqd7NEG4Do-ueQ7Uqvietj4ODcWmz64j4=) has send a requested to sell bz_alien_sneakers x1 at the trader "Ballerz (Helga [#BallerZ])" in market zone "The Rig" (pos=<2154.000000, 30.000000, 14620.000000>).
23:09:58.226 [Market] Player "MGM_762" (id=6CBOabJUM7Qqd7NEG4Do-ueQ7Uqvietj4ODcWmz64j4=) has sold bz_alien_sneakers x1 at the trader "Ballerz (Helga [#BallerZ])" in market zone "The Rig" (pos=<2154.000000, 30.000000, 14620.000000>) and got 7000.
23:10:00.328 [Market] Player "MGM_762" (id=6CBOabJUM7Qqd7NEG4Do-ueQ7Uqvietj4ODcWmz64j4=) has send a requested to sell bz_simpsons_sneakers x1 at the trader "Ballerz (Helga [#BallerZ])" in market zone "The Rig" (pos=<2154.000000, 30.000000, 14620.000000>).
23:10:00.335 [Market] Player "MGM_762" (id=6CBOabJUM7Qqd7NEG4Do-ueQ7Uqvietj4ODcWmz64j4=) has sold bz_simpsons_sneakers x1 at the trader "Ballerz (Helga [#BallerZ])" in market zone "The Rig" (pos=<2154.000000, 30.000000, 14620.000000>) and got 7000.
23:10:01.273 [Market] Player "MGM_762" (id=6CBOabJUM7Qqd7NEG4Do-ueQ7Uqvietj4ODcWmz64j4=) has send a requested to sell bz_urban_sneakers x1 at the trader "Ballerz (Helga [#BallerZ])" in market zone "The Rig" (pos=<2154.000000, 30.000000, 14620.000000>).
23:10:01.273 [Market] Player "MGM_762" (id=6CBOabJUM7Qqd7NEG4Do-ueQ7Uqvietj4ODcWmz64j4=) has sold bz_urban_sneakers x1 at the trader "Ballerz (Helga [#BallerZ])" in market zone "The Rig" (pos=<2154.000000, 30.000000, 14620.000000>) and got 7000.
23:10:05.851 [Market] Player "MGM_762" (id=6CBOabJUM7Qqd7NEG4Do-ueQ7Uqvietj4ODcWmz64j4=) has send a requested to sell bz_tacthelmet_aquacamo x1 at the trader "Ballerz (Helga [#BallerZ])" in market zone "The Rig" (pos=<2154.000000, 30.000000, 14620.000000>).
23:10:05.859 [Market] Player "MGM_762" (id=6CBOabJUM7Qqd7NEG4Do-ueQ7Uqvietj4ODcWmz64j4=) has sold bz_tacthelmet_aquacamo x1 at the trader "Ballerz (Helga [#BallerZ])" in market zone "The Rig" (pos=<2154.000000, 30.000000, 14620.000000>) and got 3000.
23:10:07.015 [Market] Player "MGM_762" (id=6CBOabJUM7Qqd7NEG4Do-ueQ7Uqvietj4ODcWmz64j4=) has send a requested to sell bz_tacthelmet_ferrari x1 at the trader "Ballerz (Helga [#BallerZ])" in market zone "The Rig" (pos=<2154.000000, 30.000000, 14620.000000>).
23:10:07.015 [Market] Player "MGM_762" (id=6CBOabJUM7Qqd7NEG4Do-ueQ7Uqvietj4ODcWmz64j4=) has sold bz_tacthelmet_ferrari x1 at the trader "Ballerz (Helga [#BallerZ])" in market zone "The Rig" (pos=<2154.000000, 30.000000, 14620.000000>) and got 3000.
23:10:08.273 [Market] Player "MGM_762" (id=6CBOabJUM7Qqd7NEG4Do-ueQ7Uqvietj4ODcWmz64j4=) has send a requested to sell bz_tacthelmet_hk x1 at the trader "Ballerz (Helga [#BallerZ])" in market zone "The Rig" (pos=<2154.000000, 30.000000, 14620.000000>).
23:10:08.281 [Market] Player "MGM_762" (id=6CBOabJUM7Qqd7NEG4Do-ueQ7Uqvietj4ODcWmz64j4=) has sold bz_tacthelmet_hk x1 at the trader "Ballerz (Helga [#BallerZ])" in market zone "The Rig" (pos=<2154.000000, 30.000000, 14620.000000>) and got 3000.
23:10:10.273 [Market] Player "MGM_762" (id=6CBOabJUM7Qqd7NEG4Do-ueQ7Uqvietj4ODcWmz64j4=) has send a requested to sell bz_tacthelmet_matrix x1 at the trader "Ballerz (Helga [#BallerZ])" in market zone "The Rig" (pos=<2154.000000, 30.000000, 14620.000000>).
23:10:10.281 [Market] Player "MGM_762" (id=6CBOabJUM7Qqd7NEG4Do-ueQ7Uqvietj4ODcWmz64j4=) has sold bz_tacthelmet_matrix x1 at the trader "Ballerz (Helga [#BallerZ])" in market zone "The Rig" (pos=<2154.000000, 30.000000, 14620.000000>) and got 3000.
23:10:11.398 [Market] Player "MGM_762" (id=6CBOabJUM7Qqd7NEG4Do-ueQ7Uqvietj4ODcWmz64j4=) has send a requested to sell bz_tacthelmet_simpsons x1 at the trader "Ballerz (Helga [#BallerZ])" in market zone "The Rig" (pos=<2154.000000, 30.000000, 14620.000000>).
23:10:11.398 [Market] Player "MGM_762" (id=6CBOabJUM7Qqd7NEG4Do-ueQ7Uqvietj4ODcWmz64j4=) has sold bz_tacthelmet_simpsons x1 at the trader "Ballerz (Helga [#BallerZ])" in market zone "The Rig" (pos=<2154.000000, 30.000000, 14620.000000>) and got 3000.
23:10:16.921 [Market] Player "MGM_762" (id=6CBOabJUM7Qqd7NEG4Do-ueQ7Uqvietj4ODcWmz64j4=) has send a requested to sell bz_tactgloves_anime x1 at the trader "Ballerz (Helga [#BallerZ])" in market zone "The Rig" (pos=<2154.000000, 30.000000, 14620.000000>).
23:10:16.921 [Market] Player "MGM_762" (id=6CBOabJUM7Qqd7NEG4Do-ueQ7Uqvietj4ODcWmz64j4=) has sold bz_tactgloves_anime x1 at the trader "Ballerz (Helga [#BallerZ])" in market zone "The Rig" (pos=<2154.000000, 30.000000, 14620.000000>) and got 3000.
23:10:23.992 [Market] Player "MGM_762" (id=6CBOabJUM7Qqd7NEG4Do-ueQ7Uqvietj4ODcWmz64j4=) has send a requested to sell bz_alpine_top x1 at the trader "Ballerz (Helga [#BallerZ])" in market zone "The Rig" (pos=<2154.000000, 30.000000, 14620.000000>).
23:10:23.992 [Market] Player "MGM_762" (id=6CBOabJUM7Qqd7NEG4Do-ueQ7Uqvietj4ODcWmz64j4=) has sold bz_alpine_top x1 at the trader "Ballerz (Helga [#BallerZ])" in market zone "The Rig" (pos=<2154.000000, 30.000000, 14620.000000>) and got 7000.
23:10:24.992 [Market] Player "MGM_762" (id=6CBOabJUM7Qqd7NEG4Do-ueQ7Uqvietj4ODcWmz64j4=) has send a requested to sell bz_cb_top x1 at the trader "Ballerz (Helga [#BallerZ])" in market zone "The Rig" (pos=<2154.000000, 30.000000, 14620.000000>).
23:10:25.000 [Market] Player "MGM_762" (id=6CBOabJUM7Qqd7NEG4Do-ueQ7Uqvietj4ODcWmz64j4=) has sold bz_cb_top x1 at the trader "Ballerz (Helga [#BallerZ])" in market zone "The Rig" (pos=<2154.000000, 30.000000, 14620.000000>) and got 7000.
23:10:25.984 [Market] Player "MGM_762" (id=6CBOabJUM7Qqd7NEG4Do-ueQ7Uqvietj4ODcWmz64j4=) has send a requested to sell bz_cosmic_top x1 at the trader "Ballerz (Helga [#BallerZ])" in market zone "The Rig" (pos=<2154.000000, 30.000000, 14620.000000>).
23:10:25.984 [Market] Player "MGM_762" (id=6CBOabJUM7Qqd7NEG4Do-ueQ7Uqvietj4ODcWmz64j4=) has sold bz_cosmic_top x1 at the trader "Ballerz (Helga [#BallerZ])" in market zone "The Rig" (pos=<2154.000000, 30.000000, 14620.000000>) and got 7000.
23:10:27.031 [Market] Player "MGM_762" (id=6CBOabJUM7Qqd7NEG4Do-ueQ7Uqvietj4ODcWmz64j4=) has send a requested to sell bz_pokemon_top x1 at the trader "Ballerz (Helga [#BallerZ])" in market zone "The Rig" (pos=<2154.000000, 30.000000, 14620.000000>).
23:10:27.039 [Market] Player "MGM_762" (id=6CBOabJUM7Qqd7NEG4Do-ueQ7Uqvietj4ODcWmz64j4=) has sold bz_pokemon_top x1 at the trader "Ballerz (Helga [#BallerZ])" in market zone "The Rig" (pos=<2154.000000, 30.000000, 14620.000000>) and got 7000.
23:10:28.320 [Market] Player "MGM_762" (id=6CBOabJUM7Qqd7NEG4Do-ueQ7Uqvietj4ODcWmz64j4=) has send a requested to sell bz_spongebob_top x1 at the trader "Ballerz (Helga [#BallerZ])" in market zone "The Rig" (pos=<2154.000000, 30.000000, 14620.000000>).
23:10:28.328 [Market] Player "MGM_762" (id=6CBOabJUM7Qqd7NEG4Do-ueQ7Uqvietj4ODcWmz64j4=) has sold bz_spongebob_top x1 at the trader "Ballerz (Helga [#BallerZ])" in market zone "The Rig" (pos=<2154.000000, 30.000000, 14620.000000>) and got 7000.
23:10:31.828 [Market] Player "MGM_762" (id=6CBOabJUM7Qqd7NEG4Do-ueQ7Uqvietj4ODcWmz64j4=) has send a requested to sell bz_vest_bluehemp x1 at the trader "Ballerz (Helga [#BallerZ])" in market zone "The Rig" (pos=<2154.000000, 30.000000, 14620.000000>).
23:10:31.828 [Market] Player "MGM_762" (id=6CBOabJUM7Qqd7NEG4Do-ueQ7Uqvietj4ODcWmz64j4=) has sold bz_vest_bluehemp x1 at the trader "Ballerz (Helga [#BallerZ])" in market zone "The Rig" (pos=<2154.000000, 30.000000, 14620.000000>) and got 2125.
23:11:07.734 [ATM] Player "MGM_762" (id=6CBOabJUM7Qqd7NEG4Do-ueQ7Uqvietj4ODcWmz64j4=) has deposited 50000 on his ATM account.
23:11:08.609 [ATM] Player "MGM_762" (id=6CBOabJUM7Qqd7NEG4Do-ueQ7Uqvietj4ODcWmz64j4=) has deposited 50000 on his ATM account.
23:11:09.679 [ATM] Player "MGM_762" (id=6CBOabJUM7Qqd7NEG4Do-ueQ7Uqvietj4ODcWmz64j4=) has deposited 50000 on his ATM account.
23:14:30.085 [Party] Player "NOVAKILLSFORYOU" (id=_i471QtP-cQO7LGlvQxSkkb6U2OdaENSi4dYAnCjv04=) left the party "OSS" (id=0 ownerUID=_i471QtP-cQO7LGlvQxSkkb6U2OdaENSi4dYAnCjv04= ownerName=NOVAKILLSFORYOU)
23:15:04.031 [Party] Player "MGM_762" (id=6CBOabJUM7Qqd7NEG4Do-ueQ7Uqvietj4ODcWmz64j4=) left the party "OSS" (id=0 ownerUID=_i471QtP-cQO7LGlvQxSkkb6U2OdaENSi4dYAnCjv04= ownerName=NOVAKILLSFORYOU)
23:20:05.835 [Safezone] Player "MGM_762" (id=6CBOabJUM7Qqd7NEG4Do-ueQ7Uqvietj4ODcWmz64j4= pos=<2160.707031, 20.369970, 14622.045898>) Entered the safezone
23:20:05.835 [Party] Player "MGM_762" (id=6CBOabJUM7Qqd7NEG4Do-ueQ7Uqvietj4ODcWmz64j4=) joinded the party "OSS" (id=0 ownerUID=_i471QtP-cQO7LGlvQxSkkb6U2OdaENSi4dYAnCjv04= ownerName=NOVAKILLSFORYOU)
23:20:05.843 [Expansion Quests] - InitQuestSystemClient - Loaded existing player quest data for player with UID: 6CBOabJUM7Qqd7NEG4Do-ueQ7Uqvietj4ODcWmz64j4=
23:20:05.843 [Expansion Quests] - LoadGroupQuestData - Got cached group quest data for group with ID: 0
23:20:05.843 [Expansion Quests] - Create new quest instance for quest: 8 - Player UID: 6CBOabJUM7Qqd7NEG4Do-ueQ7Uqvietj4ODcWmz64j4=
23:20:05.843 [Expansion Quests] - Create new quest instance for quest: 9 - Player UID: 6CBOabJUM7Qqd7NEG4Do-ueQ7Uqvietj4ODcWmz64j4=
23:20:05.843 [Expansion Quests] - Create new quest instance for quest: 11 - Player UID: 6CBOabJUM7Qqd7NEG4Do-ueQ7Uqvietj4ODcWmz64j4=
23:20:06.609 [Expansion Quests] - LoadGroupQuestData - Got cached group quest data for group with ID: 0
23:20:30.132 [Party] Player "MGM_762" (id=6CBOabJUM7Qqd7NEG4Do-ueQ7Uqvietj4ODcWmz64j4=) left the party "OSS" (id=0 ownerUID=_i471QtP-cQO7LGlvQxSkkb6U2OdaENSi4dYAnCjv04= ownerName=NOVAKILLSFORYOU)
