07:56:00.025 [MissionAirdrop] An airdrop is heading towards "Oceanville" (pos=<10179.000000, 0.000000, 4722.000000> type=Random_Oceanville) with a ExpansionAirdropContainer_Basebuilding
08:04:01.451 [Party] Player "NOVAKILLSFORYOU" (id=_i471QtP-cQO7LGlvQxSkkb6U2OdaENSi4dYAnCjv04=) joinded the party "OSS" (id=0 ownerUID=_i471QtP-cQO7LGlvQxSkkb6U2OdaENSi4dYAnCjv04= ownerName=NOVAKILLSFORYOU)
08:04:01.486 [Expansion Quests] - InitQuestSystemClient - Loaded existing player quest data for player with UID: _i471QtP-cQO7LGlvQxSkkb6U2OdaENSi4dYAnCjv04=
08:04:01.488 [Expansion Quests] - LoadGroupQuestData - Loaded existing group quest data for group with ID: 0
08:04:01.488 [Expansion Quests] - Create new quest instance for quest: 8 - Player UID: _i471QtP-cQO7LGlvQxSkkb6U2OdaENSi4dYAnCjv04=
08:04:01.488 [Expansion Quests] - Create new quest instance for quest: 9 - Player UID: _i471QtP-cQO7LGlvQxSkkb6U2OdaENSi4dYAnCjv04=
08:04:01.490 [Expansion Quests] - Create new quest instance for quest: 11 - Player UID: _i471QtP-cQO7LGlvQxSkkb6U2OdaENSi4dYAnCjv04=
08:04:02.322 [Expansion Quests] - LoadGroupQuestData - Got cached group quest data for group with ID: 0
08:09:55.177 [Safezone] Player "NOVAKILLSFORYOU" (id=_i471QtP-cQO7LGlvQxSkkb6U2OdaENSi4dYAnCjv04= pos=<10498.460938, 1.692518, 5676.057129>) Entered the safezone
08:10:37.082 [Party] Player "NOVAKILLSFORYOU" (id=_i471QtP-cQO7LGlvQxSkkb6U2OdaENSi4dYAnCjv04=) left the party "OSS" (id=0 ownerUID=_i471QtP-cQO7LGlvQxSkkb6U2OdaENSi4dYAnCjv04= ownerName=NOVAKILLSFORYOU)
09:24:56.953 [MissionAirdrop] An airdrop is heading towards "Georgstown" (pos=<4522.000000, 0.000000, 4370.000000> type=Random_Georgstown) with a ExpansionAirdropContainer_Military
10:54:50.984 [MissionAirdrop] An airdrop is heading towards "Westbrook" (pos=<3614.000000, 0.000000, 6360.000000> type=Random_Westbrook) with a ExpansionAirdropContainer_Military
12:25:14.070 [MissionAirdrop] An airdrop is heading towards "Greenville" (pos=<4658.000000, 0.000000, 1414.000000> type=Random_Greenville) with a ExpansionAirdropContainer_Basebuilding
13:56:08.148 [MissionAirdrop] An airdrop is heading towards "Oldfield" (pos=<6117.000000, 0.000000, 7004.000000> type=Random_Oldfield) with a ExpansionAirdropContainer_Military
15:25:06.218 [MissionAirdrop] An airdrop is heading towards "Kushville" (pos=<7630.000000, 0.000000, 3717.000000> type=Random_Kushville) with a ExpansionAirdropContainer_Basebuilding
16:53:25.234 [MissionAirdrop] An airdrop is heading towards "Oceanville" (pos=<10179.000000, 0.000000, 4722.000000> type=Random_Oceanville) with a ExpansionAirdropContainer_Basebuilding
17:34:38.867 [Expansion Quests] - InitQuestSystemClient - Created new persistent player quest data for player UID: EdUtHoz7RvdC6FQiZqYS7wLTRJsMr8Ls7MVvb9HcjjQ=
17:34:38.878 [Expansion Quests] - CompleteQuest - Player with UID EdUtHoz7RvdC6FQiZqYS7wLTRJsMr8Ls7MVvb9HcjjQ= has completed quest 14
17:35:30.773 [SpawnSelection] Player "Major Loo" (id=EdUtHoz7RvdC6FQiZqYS7wLTRJsMr8Ls7MVvb9HcjjQ=) spawned at <10027.609375, 46.279781, 5010.659668>
17:35:30.773 [AI Patrol] Spawning 3 SouthOfSmallville bots at <10122.327148, 5.665258, 4026.779541>
18:22:35.296 [MissionAirdrop] An airdrop is heading towards "Georgstown" (pos=<4522.000000, 0.000000, 4370.000000> type=Random_Georgstown) with a ExpansionAirdropContainer_Military
18:25:37.109 [AI Patrol] Spawning 2 CampEagle-NE bots at <9196.389648, 46.870495, 3649.109863>
18:57:26.437 [AI Patrol] Despawning 3 SouthOfSmallville bots (spawn position <10122.327148, 5.665258, 4026.779541>, 0/3 deceased)
19:03:31.421 [Safezone] Player "Major Loo" (id=EdUtHoz7RvdC6FQiZqYS7wLTRJsMr8Ls7MVvb9HcjjQ= pos=<7699.901367, 43.718109, 4508.208008>) Entered the safezone
19:04:58.539 [AI Object Patrol] Spawning 1 East bots at <7105.304199, 9.097386, 5452.201172>
19:08:22.046 [AI Patrol] Despawning 2 CampEagle-NE bots (spawn position <9196.389648, 46.870495, 3649.109863>, 0/2 deceased)
19:10:23.000 [Safezone] Player "Major Loo" (id=EdUtHoz7RvdC6FQiZqYS7wLTRJsMr8Ls7MVvb9HcjjQ= pos=<7282.292969, 28.311800, 4523.098633>) Left the safezone
19:25:21.906 [AI Object Patrol] Despawning 1 East bots (spawn position <7105.304199, 9.097386, 5452.201172>, 0/1 deceased)
19:52:46.406 [MissionAirdrop] An airdrop is heading towards "Georgstown" (pos=<4522.000000, 0.000000, 4370.000000> type=Random_Georgstown) with a ExpansionAirdropContainer_Military
21:29:43.468 [MissionAirdrop] An airdrop is heading towards "Oceanville" (pos=<10179.000000, 0.000000, 4722.000000> type=Random_Oceanville) with a ExpansionAirdropContainer_Basebuilding
22:59:53.515 [MissionAirdrop] An airdrop is heading towards "Hazelands" (pos=<4539.000000, 0.000000, 2317.000000> type=Random_Hazelands) with a ExpansionAirdropContainer
00:30:50.531 [MissionAirdrop] An airdrop is heading towards "Greenville" (pos=<4658.000000, 0.000000, 1414.000000> type=Random_Greenville) with a ExpansionAirdropContainer_Basebuilding
02:02:56.539 [MissionAirdrop] An airdrop is heading towards "Hazelands" (pos=<4539.000000, 0.000000, 2317.000000> type=Random_Hazelands) with a ExpansionAirdropContainer
03:33:26.593 [MissionAirdrop] An airdrop is heading towards "Oceanville" (pos=<10179.000000, 0.000000, 4722.000000> type=Random_Oceanville) with a ExpansionAirdropContainer_Basebuilding
05:02:57.718 [MissionAirdrop] An airdrop is heading towards "Westbrook" (pos=<3614.000000, 0.000000, 6360.000000> type=Random_Westbrook) with a ExpansionAirdropContainer_Military
06:32:27.835 [MissionAirdrop] An airdrop is heading towards "Greenville" (pos=<4658.000000, 0.000000, 1414.000000> type=Random_Greenville) with a ExpansionAirdropContainer_Basebuilding
06:32:47.632 [Expansion Quests] - InitQuestSystemClient - Loaded existing player quest data for player with UID: EdUtHoz7RvdC6FQiZqYS7wLTRJsMr8Ls7MVvb9HcjjQ=
06:32:47.640 [Expansion Quests] - Create new quest instance for quest: 8 - Player UID: EdUtHoz7RvdC6FQiZqYS7wLTRJsMr8Ls7MVvb9HcjjQ=
06:32:47.640 [Expansion Quests] - Create new quest instance for quest: 9 - Player UID: EdUtHoz7RvdC6FQiZqYS7wLTRJsMr8Ls7MVvb9HcjjQ=
06:32:47.640 [Expansion Quests] - Create new quest instance for quest: 11 - Player UID: EdUtHoz7RvdC6FQiZqYS7wLTRJsMr8Ls7MVvb9HcjjQ=
06:48:59.085 [AI Patrol] Spawning 3 Airfield bots at <5728.349121, 74.000000, 3822.647217>
07:03:16.078 [Killfeed] AI Maria (Airfield) got killed by AI Frida (Airfield) with LAR from a distance of 24 m.
07:08:51.367 [Killfeed] AI Mirek (Airfield) died from Chemical Poisoning.
07:20:57.882 [AI Patrol] Despawning 1 Airfield bots (spawn position <5728.349121, 74.000000, 3822.647217>, 2/3 deceased)
08:04:39.867 [MissionAirdrop] An airdrop is heading towards "Oceanville" (pos=<10179.000000, 0.000000, 4722.000000> type=Random_Oceanville) with a ExpansionAirdropContainer_Basebuilding
09:34:44.976 [MissionAirdrop] An airdrop is heading towards "Greenville" (pos=<4658.000000, 0.000000, 1414.000000> type=Random_Greenville) with a ExpansionAirdropContainer_Basebuilding
11:07:07.000 [MissionAirdrop] An airdrop is heading towards "Oceanville" (pos=<10179.000000, 0.000000, 4722.000000> type=Random_Oceanville) with a ExpansionAirdropContainer_Basebuilding
12:36:33.046 [MissionAirdrop] An airdrop is heading towards "Georgstown" (pos=<4522.000000, 0.000000, 4370.000000> type=Random_Georgstown) with a ExpansionAirdropContainer_Military
14:07:45.062 [MissionAirdrop] An airdrop is heading towards "Oceanville" (pos=<10179.000000, 0.000000, 4722.000000> type=Random_Oceanville) with a ExpansionAirdropContainer_Basebuilding
15:20:02.484 [Expansion Quests] - InitQuestSystemClient - Loaded existing player quest data for player with UID: EdUtHoz7RvdC6FQiZqYS7wLTRJsMr8Ls7MVvb9HcjjQ=
15:20:02.484 [Expansion Quests] - Create new quest instance for quest: 8 - Player UID: EdUtHoz7RvdC6FQiZqYS7wLTRJsMr8Ls7MVvb9HcjjQ=
15:20:02.484 [Expansion Quests] - Create new quest instance for quest: 9 - Player UID: EdUtHoz7RvdC6FQiZqYS7wLTRJsMr8Ls7MVvb9HcjjQ=
15:20:02.484 [Expansion Quests] - Create new quest instance for quest: 11 - Player UID: EdUtHoz7RvdC6FQiZqYS7wLTRJsMr8Ls7MVvb9HcjjQ=
15:36:11.406 [Expansion Quests] - InitQuestSystemClient - Loaded existing player quest data for player with UID: EdUtHoz7RvdC6FQiZqYS7wLTRJsMr8Ls7MVvb9HcjjQ=
15:36:11.406 [Expansion Quests] - Create new quest instance for quest: 8 - Player UID: EdUtHoz7RvdC6FQiZqYS7wLTRJsMr8Ls7MVvb9HcjjQ=
15:36:11.406 [Expansion Quests] - Create new quest instance for quest: 9 - Player UID: EdUtHoz7RvdC6FQiZqYS7wLTRJsMr8Ls7MVvb9HcjjQ=
15:36:11.406 [Expansion Quests] - Create new quest instance for quest: 11 - Player UID: EdUtHoz7RvdC6FQiZqYS7wLTRJsMr8Ls7MVvb9HcjjQ=
15:37:45.234 [VehicleEnter] Player Major Loo [uid=EdUtHoz7RvdC6FQiZqYS7wLTRJsMr8Ls7MVvb9HcjjQ=] entered vehicle Mh-6 Little Bird (id=95537E993B480BE336A1D1A137847738 pos=<5448.340332, 74.058456, 3721.179199>) as pilot
15:37:46.171 [MissionAirdrop] An airdrop is heading towards "Warren-Cove" (pos=<6924.000000, 0.000000, 5473.000000> type=Random_Warren-Cove) with a ExpansionAirdropContainer_Military
15:37:59.156 [VehicleEngine] Player Major Loo [uid=EdUtHoz7RvdC6FQiZqYS7wLTRJsMr8Ls7MVvb9HcjjQ=] started vehicle Mh-6 Little Bird (id=95537E993B480BE336A1D1A137847738 pos=<5448.340332, 74.058037, 3721.179443>)
15:38:02.781 [VehicleEngine] Player Major Loo [uid=EdUtHoz7RvdC6FQiZqYS7wLTRJsMr8Ls7MVvb9HcjjQ=] started vehicle Mh-6 Little Bird (id=95537E993B480BE336A1D1A137847738 pos=<5448.340332, 74.058029, 3721.179443>)
15:38:15.812 [VehicleLeave] Player Major Loo [uid=EdUtHoz7RvdC6FQiZqYS7wLTRJsMr8Ls7MVvb9HcjjQ=] left vehicle Mh-6 Little Bird (id=95537E993B480BE336A1D1A137847738 pos=<5448.340332, 74.058044, 3721.179443>)
16:28:21.812 [Safezone] Player "NOVAKILLSFORYOU" (id=_i471QtP-cQO7LGlvQxSkkb6U2OdaENSi4dYAnCjv04= pos=<10511.743164, 1.707448, 5723.463867>) Entered the safezone
16:28:21.812 [Party] Player "NOVAKILLSFORYOU" (id=_i471QtP-cQO7LGlvQxSkkb6U2OdaENSi4dYAnCjv04=) joinded the party "OSS" (id=0 ownerUID=_i471QtP-cQO7LGlvQxSkkb6U2OdaENSi4dYAnCjv04= ownerName=NOVAKILLSFORYOU)
16:28:21.843 [Expansion Quests] - InitQuestSystemClient - Loaded existing player quest data for player with UID: _i471QtP-cQO7LGlvQxSkkb6U2OdaENSi4dYAnCjv04=
16:28:21.843 [Expansion Quests] - LoadGroupQuestData - Got cached group quest data for group with ID: 0
16:28:21.843 [Expansion Quests] - Create new quest instance for quest: 8 - Player UID: _i471QtP-cQO7LGlvQxSkkb6U2OdaENSi4dYAnCjv04=
16:28:21.843 [Expansion Quests] - Create new quest instance for quest: 9 - Player UID: _i471QtP-cQO7LGlvQxSkkb6U2OdaENSi4dYAnCjv04=
16:28:21.843 [Expansion Quests] - Create new quest instance for quest: 11 - Player UID: _i471QtP-cQO7LGlvQxSkkb6U2OdaENSi4dYAnCjv04=
16:28:22.703 [Expansion Quests] - LoadGroupQuestData - Got cached group quest data for group with ID: 0
16:30:51.031 [Party] Player "NOVAKILLSFORYOU" (id=_i471QtP-cQO7LGlvQxSkkb6U2OdaENSi4dYAnCjv04=) left the party "OSS" (id=0 ownerUID=_i471QtP-cQO7LGlvQxSkkb6U2OdaENSi4dYAnCjv04= ownerName=NOVAKILLSFORYOU)
16:44:35.875 [VehicleEnter] Player Major Loo [uid=EdUtHoz7RvdC6FQiZqYS7wLTRJsMr8Ls7MVvb9HcjjQ=] entered vehicle Mh-6 Little Bird (id=95537E993B480BE336A1D1A137847738 pos=<5448.342285, 74.058044, 3721.176025>) as pilot
16:44:37.500 [VehicleEngine] Player Major Loo [uid=EdUtHoz7RvdC6FQiZqYS7wLTRJsMr8Ls7MVvb9HcjjQ=] started vehicle Mh-6 Little Bird (id=95537E993B480BE336A1D1A137847738 pos=<5448.342285, 74.058044, 3721.176025>)
16:46:54.968 [VehicleLeave] Player Major Loo [uid=EdUtHoz7RvdC6FQiZqYS7wLTRJsMr8Ls7MVvb9HcjjQ=] left vehicle Mh-6 Little Bird (id=95537E993B480BE336A1D1A137847738 pos=<5584.442383, 33.755623, 4896.273438>)
16:49:21.000 [VehicleEnter] Player Major Loo [uid=EdUtHoz7RvdC6FQiZqYS7wLTRJsMr8Ls7MVvb9HcjjQ=] entered vehicle Mh-6 Little Bird (id=95537E993B480BE336A1D1A137847738 pos=<5567.299805, 19.917421, 4893.935059>) as passenger
16:49:22.937 [VehicleLeave] Player Major Loo [uid=EdUtHoz7RvdC6FQiZqYS7wLTRJsMr8Ls7MVvb9HcjjQ=] left vehicle Mh-6 Little Bird (id=95537E993B480BE336A1D1A137847738 pos=<5567.185059, 19.880180, 4893.991211>)
16:54:00.968 [AI Object Patrol] Spawning 2 East bots at <4417.289063, 9.853975, 4433.299316>
17:06:47.296 [MissionAirdrop] An airdrop is heading towards "Westbrook" (pos=<3614.000000, 0.000000, 6360.000000> type=Random_Westbrook) with a ExpansionAirdropContainer_Military
17:16:37.843 [AI Object Patrol] Despawning 2 East bots (spawn position <4417.289063, 9.853975, 4433.299316>, 0/2 deceased)
17:55:12.437 [Expansion Quests] - InitQuestSystemClient - Loaded existing player quest data for player with UID: EdUtHoz7RvdC6FQiZqYS7wLTRJsMr8Ls7MVvb9HcjjQ=
17:55:12.437 [Expansion Quests] - Create new quest instance for quest: 8 - Player UID: EdUtHoz7RvdC6FQiZqYS7wLTRJsMr8Ls7MVvb9HcjjQ=
17:55:12.437 [Expansion Quests] - Create new quest instance for quest: 9 - Player UID: EdUtHoz7RvdC6FQiZqYS7wLTRJsMr8Ls7MVvb9HcjjQ=
17:55:12.437 [Expansion Quests] - Create new quest instance for quest: 11 - Player UID: EdUtHoz7RvdC6FQiZqYS7wLTRJsMr8Ls7MVvb9HcjjQ=
18:36:29.437 [MissionAirdrop] An airdrop is heading towards "Westbrook" (pos=<3614.000000, 0.000000, 6360.000000> type=Random_Westbrook) with a ExpansionAirdropContainer_Military
19:06:45.125 [Expansion Quests] - InitQuestSystemClient - Loaded existing player quest data for player with UID: EdUtHoz7RvdC6FQiZqYS7wLTRJsMr8Ls7MVvb9HcjjQ=
19:06:45.125 [Expansion Quests] - Create new quest instance for quest: 8 - Player UID: EdUtHoz7RvdC6FQiZqYS7wLTRJsMr8Ls7MVvb9HcjjQ=
19:06:45.125 [Expansion Quests] - Create new quest instance for quest: 9 - Player UID: EdUtHoz7RvdC6FQiZqYS7wLTRJsMr8Ls7MVvb9HcjjQ=
19:06:45.125 [Expansion Quests] - Create new quest instance for quest: 11 - Player UID: EdUtHoz7RvdC6FQiZqYS7wLTRJsMr8Ls7MVvb9HcjjQ=
19:40:23.343 [AI Patrol] Spawning 2 Powerplant bots at <4952.054199, 11.722790, 7277.250488>
19:59:26.593 [Safezone] Player "Major Loo" (id=EdUtHoz7RvdC6FQiZqYS7wLTRJsMr8Ls7MVvb9HcjjQ= pos=<5034.958496, 41.617439, 7807.584961>) Entered the safezone
20:02:32.343 [Market] Player "Major Loo" (id=EdUtHoz7RvdC6FQiZqYS7wLTRJsMr8Ls7MVvb9HcjjQ=) has send a requested to sell honey x1 at the trader "Consumables (Maria [#STR_EXPANSION_MARKET_TRADER_CONSUMABLES])" in market zone "The Spire" (pos=<5117.533691, 59.589272, 7987.239746>).
20:02:32.359 [Market] Player "Major Loo" (id=EdUtHoz7RvdC6FQiZqYS7wLTRJsMr8Ls7MVvb9HcjjQ=) has sold honey x1 at the trader "Consumables (Maria [#STR_EXPANSION_MARKET_TRADER_CONSUMABLES])" in market zone "The Spire" (pos=<5117.533691, 59.589272, 7987.239746>) and got 9.
20:02:32.750 [Market] Player "Major Loo" (id=EdUtHoz7RvdC6FQiZqYS7wLTRJsMr8Ls7MVvb9HcjjQ=) has send a requested to sell honey x1 at the trader "Consumables (Maria [#STR_EXPANSION_MARKET_TRADER_CONSUMABLES])" in market zone "The Spire" (pos=<5117.533691, 59.589272, 7987.239746>).
20:02:32.750 [Market] Player "Major Loo" (id=EdUtHoz7RvdC6FQiZqYS7wLTRJsMr8Ls7MVvb9HcjjQ=) has sold honey x1 at the trader "Consumables (Maria [#STR_EXPANSION_MARKET_TRADER_CONSUMABLES])" in market zone "The Spire" (pos=<5117.533691, 59.589272, 7987.239746>) and got 7.
20:02:37.796 [Market] Player "Major Loo" (id=EdUtHoz7RvdC6FQiZqYS7wLTRJsMr8Ls7MVvb9HcjjQ=) has send a requested to sell dogfoodcan x1 at the trader "Consumables (Maria [#STR_EXPANSION_MARKET_TRADER_CONSUMABLES])" in market zone "The Spire" (pos=<5117.533691, 59.589272, 7987.239746>).
20:02:37.812 [Market] Player "Major Loo" (id=EdUtHoz7RvdC6FQiZqYS7wLTRJsMr8Ls7MVvb9HcjjQ=) has sold dogfoodcan x1 at the trader "Consumables (Maria [#STR_EXPANSION_MARKET_TRADER_CONSUMABLES])" in market zone "The Spire" (pos=<5117.533691, 59.589272, 7987.239746>) and got 5.
20:02:47.921 [Market] Player "Major Loo" (id=EdUtHoz7RvdC6FQiZqYS7wLTRJsMr8Ls7MVvb9HcjjQ=) has send a requested to purchase waterbottle x1 from the trader "Consumables (Maria [#STR_EXPANSION_MARKET_TRADER_CONSUMABLES])" in market zone "The Spire" (pos=<5117.533691, 59.589272, 7987.239746>).
20:02:47.937 [Market] Player "Major Loo" (id=EdUtHoz7RvdC6FQiZqYS7wLTRJsMr8Ls7MVvb9HcjjQ=) has bought waterbottle x1 from the trader "Consumables (Maria [#STR_EXPANSION_MARKET_TRADER_CONSUMABLES])" in market zone "The Spire" (pos=<5117.533691, 59.589272, 7987.239746>) for a price of 15.
20:03:05.343 [ATM] Player "Major Loo" (id=EdUtHoz7RvdC6FQiZqYS7wLTRJsMr8Ls7MVvb9HcjjQ=) has deposited 6 on his ATM account.
20:05:16.484 [Market] Player "Major Loo" (id=EdUtHoz7RvdC6FQiZqYS7wLTRJsMr8Ls7MVvb9HcjjQ=) has send a requested to sell mace x1 at the trader "Weapons (Mirek [#STR_EXPANSION_MARKET_TRADER_WEAPONS])" in market zone "The Spire" (pos=<5117.533691, 59.589272, 7987.239746>).
20:05:16.500 [Market] Player "Major Loo" (id=EdUtHoz7RvdC6FQiZqYS7wLTRJsMr8Ls7MVvb9HcjjQ=) has sold mace x1 at the trader "Weapons (Mirek [#STR_EXPANSION_MARKET_TRADER_WEAPONS])" in market zone "The Spire" (pos=<5117.533691, 59.589272, 7987.239746>) and got 18.
20:05:21.156 [Market] Player "Major Loo" (id=EdUtHoz7RvdC6FQiZqYS7wLTRJsMr8Ls7MVvb9HcjjQ=) has send a requested to sell crossbow_wood x1 at the trader "Weapons (Mirek [#STR_EXPANSION_MARKET_TRADER_WEAPONS])" in market zone "The Spire" (pos=<5117.533691, 59.589272, 7987.239746>).
20:05:21.156 [Market] Player "Major Loo" (id=EdUtHoz7RvdC6FQiZqYS7wLTRJsMr8Ls7MVvb9HcjjQ=) has sold crossbow_wood x1 at the trader "Weapons (Mirek [#STR_EXPANSION_MARKET_TRADER_WEAPONS])" in market zone "The Spire" (pos=<5117.533691, 59.589272, 7987.239746>) and got 600.
20:05:24.312 [Market] Player "Major Loo" (id=EdUtHoz7RvdC6FQiZqYS7wLTRJsMr8Ls7MVvb9HcjjQ=) has send a requested to sell ammo_huntingbolt x1 at the trader "Weapons (Mirek [#STR_EXPANSION_MARKET_TRADER_WEAPONS])" in market zone "The Spire" (pos=<5117.533691, 59.589272, 7987.239746>).
20:05:24.328 [Market] Player "Major Loo" (id=EdUtHoz7RvdC6FQiZqYS7wLTRJsMr8Ls7MVvb9HcjjQ=) has sold ammo_huntingbolt x1 at the trader "Weapons (Mirek [#STR_EXPANSION_MARKET_TRADER_WEAPONS])" in market zone "The Spire" (pos=<5117.533691, 59.589272, 7987.239746>) and got 1.
20:05:24.562 [Market] Player "Major Loo" (id=EdUtHoz7RvdC6FQiZqYS7wLTRJsMr8Ls7MVvb9HcjjQ=) has send a requested to sell ammo_huntingbolt x1 at the trader "Weapons (Mirek [#STR_EXPANSION_MARKET_TRADER_WEAPONS])" in market zone "The Spire" (pos=<5117.533691, 59.589272, 7987.239746>).
20:05:24.562 [Market] Player "Major Loo" (id=EdUtHoz7RvdC6FQiZqYS7wLTRJsMr8Ls7MVvb9HcjjQ=) has sold ammo_huntingbolt x1 at the trader "Weapons (Mirek [#STR_EXPANSION_MARKET_TRADER_WEAPONS])" in market zone "The Spire" (pos=<5117.533691, 59.589272, 7987.239746>) and got 1.
20:06:09.781 [MissionAirdrop] An airdrop is heading towards "Kushville" (pos=<7630.000000, 0.000000, 3717.000000> type=Random_Kushville) with a ExpansionAirdropContainer_Basebuilding
20:07:29.343 [Market] Player "Major Loo" (id=EdUtHoz7RvdC6FQiZqYS7wLTRJsMr8Ls7MVvb9HcjjQ=) has send a requested to sell hacksaw x1 at the trader "Components (Hassan [#STR_EXPANSION_MARKET_TRADER_COMPONENTS])" in market zone "The Spire" (pos=<5117.533691, 59.589272, 7987.239746>).
20:07:29.343 [Market] Player "Major Loo" (id=EdUtHoz7RvdC6FQiZqYS7wLTRJsMr8Ls7MVvb9HcjjQ=) has sold hacksaw x1 at the trader "Components (Hassan [#STR_EXPANSION_MARKET_TRADER_COMPONENTS])" in market zone "The Spire" (pos=<5117.533691, 59.589272, 7987.239746>) and got 1.
20:07:35.765 [Market] Player "Major Loo" (id=EdUtHoz7RvdC6FQiZqYS7wLTRJsMr8Ls7MVvb9HcjjQ=) has send a requested to sell nailbox x1 at the trader "Components (Hassan [#STR_EXPANSION_MARKET_TRADER_COMPONENTS])" in market zone "The Spire" (pos=<5117.533691, 59.589272, 7987.239746>).
20:07:35.781 [Market] Player "Major Loo" (id=EdUtHoz7RvdC6FQiZqYS7wLTRJsMr8Ls7MVvb9HcjjQ=) has sold nailbox x1 at the trader "Components (Hassan [#STR_EXPANSION_MARKET_TRADER_COMPONENTS])" in market zone "The Spire" (pos=<5117.533691, 59.589272, 7987.239746>) and got 56.
20:07:36.062 [Market] Player "Major Loo" (id=EdUtHoz7RvdC6FQiZqYS7wLTRJsMr8Ls7MVvb9HcjjQ=) has send a requested to sell nailbox x1 at the trader "Components (Hassan [#STR_EXPANSION_MARKET_TRADER_COMPONENTS])" in market zone "The Spire" (pos=<5117.533691, 59.589272, 7987.239746>).
20:07:36.078 [Market] Player "Major Loo" (id=EdUtHoz7RvdC6FQiZqYS7wLTRJsMr8Ls7MVvb9HcjjQ=) has sold nailbox x1 at the trader "Components (Hassan [#STR_EXPANSION_MARKET_TRADER_COMPONENTS])" in market zone "The Spire" (pos=<5117.533691, 59.589272, 7987.239746>) and got 112.
20:07:36.718 [Market] Player "Major Loo" (id=EdUtHoz7RvdC6FQiZqYS7wLTRJsMr8Ls7MVvb9HcjjQ=) has send a requested to sell nailbox x1 at the trader "Components (Hassan [#STR_EXPANSION_MARKET_TRADER_COMPONENTS])" in market zone "The Spire" (pos=<5117.533691, 59.589272, 7987.239746>).
20:07:36.718 [Market] Player "Major Loo" (id=EdUtHoz7RvdC6FQiZqYS7wLTRJsMr8Ls7MVvb9HcjjQ=) has sold nailbox x1 at the trader "Components (Hassan [#STR_EXPANSION_MARKET_TRADER_COMPONENTS])" in market zone "The Spire" (pos=<5117.533691, 59.589272, 7987.239746>) and got 168.
20:07:38.125 [Market] Player "Major Loo" (id=EdUtHoz7RvdC6FQiZqYS7wLTRJsMr8Ls7MVvb9HcjjQ=) has send a requested to sell epoxyputty x1 at the trader "Components (Hassan [#STR_EXPANSION_MARKET_TRADER_COMPONENTS])" in market zone "The Spire" (pos=<5117.533691, 59.589272, 7987.239746>).
20:07:38.125 [Market] Player "Major Loo" (id=EdUtHoz7RvdC6FQiZqYS7wLTRJsMr8Ls7MVvb9HcjjQ=) has sold epoxyputty x1 at the trader "Components (Hassan [#STR_EXPANSION_MARKET_TRADER_COMPONENTS])" in market zone "The Spire" (pos=<5117.533691, 59.589272, 7987.239746>) and got 2.
20:07:43.281 [Market] Player "Major Loo" (id=EdUtHoz7RvdC6FQiZqYS7wLTRJsMr8Ls7MVvb9HcjjQ=) has send a requested to sell expansiongps x1 at the trader "Components (Hassan [#STR_EXPANSION_MARKET_TRADER_COMPONENTS])" in market zone "The Spire" (pos=<5117.533691, 59.589272, 7987.239746>).
20:07:43.281 [Market] Player "Major Loo" (id=EdUtHoz7RvdC6FQiZqYS7wLTRJsMr8Ls7MVvb9HcjjQ=) has sold expansiongps x1 at the trader "Components (Hassan [#STR_EXPANSION_MARKET_TRADER_COMPONENTS])" in market zone "The Spire" (pos=<5117.533691, 59.589272, 7987.239746>) and got 225.
20:07:43.703 [Market] Player "Major Loo" (id=EdUtHoz7RvdC6FQiZqYS7wLTRJsMr8Ls7MVvb9HcjjQ=) has send a requested to sell expansiongps x1 at the trader "Components (Hassan [#STR_EXPANSION_MARKET_TRADER_COMPONENTS])" in market zone "The Spire" (pos=<5117.533691, 59.589272, 7987.239746>).
20:07:43.718 [Market] Player "Major Loo" (id=EdUtHoz7RvdC6FQiZqYS7wLTRJsMr8Ls7MVvb9HcjjQ=) has sold expansiongps x1 at the trader "Components (Hassan [#STR_EXPANSION_MARKET_TRADER_COMPONENTS])" in market zone "The Spire" (pos=<5117.533691, 59.589272, 7987.239746>) and got 225.
20:07:44.406 [Market] Player "Major Loo" (id=EdUtHoz7RvdC6FQiZqYS7wLTRJsMr8Ls7MVvb9HcjjQ=) has send a requested to sell expansiongps x1 at the trader "Components (Hassan [#STR_EXPANSION_MARKET_TRADER_COMPONENTS])" in market zone "The Spire" (pos=<5117.533691, 59.589272, 7987.239746>).
20:07:44.406 [Market] Player "Major Loo" (id=EdUtHoz7RvdC6FQiZqYS7wLTRJsMr8Ls7MVvb9HcjjQ=) has sold expansiongps x1 at the trader "Components (Hassan [#STR_EXPANSION_MARKET_TRADER_COMPONENTS])" in market zone "The Spire" (pos=<5117.533691, 59.589272, 7987.239746>) and got 225.
20:11:31.843 [Market] Player "Major Loo" (id=EdUtHoz7RvdC6FQiZqYS7wLTRJsMr8Ls7MVvb9HcjjQ=) has send a requested to sell expansion_m1a x1 at the trader "Weapons (Mirek [#STR_EXPANSION_MARKET_TRADER_WEAPONS])" in market zone "The Spire" (pos=<5117.533691, 59.589272, 7987.239746>).
20:11:31.843 [Market] Player "Major Loo" (id=EdUtHoz7RvdC6FQiZqYS7wLTRJsMr8Ls7MVvb9HcjjQ=) has sold expansion_m1a x1 at the trader "Weapons (Mirek [#STR_EXPANSION_MARKET_TRADER_WEAPONS])" in market zone "The Spire" (pos=<5117.533691, 59.589272, 7987.239746>) and got 1423.
20:12:19.578 [Market] Player "Major Loo" (id=EdUtHoz7RvdC6FQiZqYS7wLTRJsMr8Ls7MVvb9HcjjQ=) has send a requested to sell expansion_benellim4 x1 at the trader "Weapons (Mirek [#STR_EXPANSION_MARKET_TRADER_WEAPONS])" in market zone "The Spire" (pos=<5117.533691, 59.589272, 7987.239746>).
20:12:19.578 [Market] Player "Major Loo" (id=EdUtHoz7RvdC6FQiZqYS7wLTRJsMr8Ls7MVvb9HcjjQ=) has sold expansion_benellim4 x1 at the trader "Weapons (Mirek [#STR_EXPANSION_MARKET_TRADER_WEAPONS])" in market zone "The Spire" (pos=<5117.533691, 59.589272, 7987.239746>) and got 281.
20:13:22.187 [Market] Player "Major Loo" (id=EdUtHoz7RvdC6FQiZqYS7wLTRJsMr8Ls7MVvb9HcjjQ=) has send a requested to sell expansion_mp5sd x1 at the trader "Weapons (Mirek [#STR_EXPANSION_MARKET_TRADER_WEAPONS])" in market zone "The Spire" (pos=<5117.533691, 59.589272, 7987.239746>).
20:13:22.187 [Market] Player "Major Loo" (id=EdUtHoz7RvdC6FQiZqYS7wLTRJsMr8Ls7MVvb9HcjjQ=) has sold expansion_mp5sd x1 at the trader "Weapons (Mirek [#STR_EXPANSION_MARKET_TRADER_WEAPONS])" in market zone "The Spire" (pos=<5117.533691, 59.589272, 7987.239746>) and got 975.
20:14:03.156 [Market] Player "Major Loo" (id=EdUtHoz7RvdC6FQiZqYS7wLTRJsMr8Ls7MVvb9HcjjQ=) has send a requested to sell expansion_kedr x1 at the trader "Weapons (Mirek [#STR_EXPANSION_MARKET_TRADER_WEAPONS])" in market zone "The Spire" (pos=<5117.533691, 59.589272, 7987.239746>).
20:14:03.156 [Market] Player "Major Loo" (id=EdUtHoz7RvdC6FQiZqYS7wLTRJsMr8Ls7MVvb9HcjjQ=) has sold expansion_kedr x1 at the trader "Weapons (Mirek [#STR_EXPANSION_MARKET_TRADER_WEAPONS])" in market zone "The Spire" (pos=<5117.533691, 59.589272, 7987.239746>) and got 312.
20:14:53.125 [Market] Player "Major Loo" (id=EdUtHoz7RvdC6FQiZqYS7wLTRJsMr8Ls7MVvb9HcjjQ=) has send a requested to sell expansion_mp5 x1 at the trader "Weapons (Mirek [#STR_EXPANSION_MARKET_TRADER_WEAPONS])" in market zone "The Spire" (pos=<5117.533691, 59.589272, 7987.239746>).
20:14:53.125 [Market] Player "Major Loo" (id=EdUtHoz7RvdC6FQiZqYS7wLTRJsMr8Ls7MVvb9HcjjQ=) has sold expansion_mp5 x1 at the trader "Weapons (Mirek [#STR_EXPANSION_MARKET_TRADER_WEAPONS])" in market zone "The Spire" (pos=<5117.533691, 59.589272, 7987.239746>) and got 618.
20:18:02.359 [Market] Player "Major Loo" (id=EdUtHoz7RvdC6FQiZqYS7wLTRJsMr8Ls7MVvb9HcjjQ=) has send a requested to purchase gcgn_hk416_mag x1 from the trader "Attachments (Seth [#STR_EXPANSION_MARKET_TRADER_ATTACHMENTS])" in market zone "The Spire" (pos=<5117.533691, 59.589272, 7987.239746>).
20:18:02.359 [Market] Player "Major Loo" (id=EdUtHoz7RvdC6FQiZqYS7wLTRJsMr8Ls7MVvb9HcjjQ=) has bought gcgn_hk416_mag x1 from the trader "Attachments (Seth [#STR_EXPANSION_MARKET_TRADER_ATTACHMENTS])" in market zone "The Spire" (pos=<5117.533691, 59.589272, 7987.239746>) for a price of 400.
20:18:02.812 [Market] Player "Major Loo" (id=EdUtHoz7RvdC6FQiZqYS7wLTRJsMr8Ls7MVvb9HcjjQ=) has send a requested to purchase gcgn_hk416_mag x1 from the trader "Attachments (Seth [#STR_EXPANSION_MARKET_TRADER_ATTACHMENTS])" in market zone "The Spire" (pos=<5117.533691, 59.589272, 7987.239746>).
20:18:02.812 [Market] Player "Major Loo" (id=EdUtHoz7RvdC6FQiZqYS7wLTRJsMr8Ls7MVvb9HcjjQ=) has bought gcgn_hk416_mag x1 from the trader "Attachments (Seth [#STR_EXPANSION_MARKET_TRADER_ATTACHMENTS])" in market zone "The Spire" (pos=<5117.533691, 59.589272, 7987.239746>) for a price of 400.
20:18:50.265 [Market] Player "Major Loo" (id=EdUtHoz7RvdC6FQiZqYS7wLTRJsMr8Ls7MVvb9HcjjQ=) has send a requested to purchase expansiondeltapointoptic x1 from the trader "Attachments (Seth [#STR_EXPANSION_MARKET_TRADER_ATTACHMENTS])" in market zone "The Spire" (pos=<5117.533691, 59.589272, 7987.239746>).
20:18:50.265 [Market] Player "Major Loo" (id=EdUtHoz7RvdC6FQiZqYS7wLTRJsMr8Ls7MVvb9HcjjQ=) has bought expansiondeltapointoptic x1 from the trader "Attachments (Seth [#STR_EXPANSION_MARKET_TRADER_ATTACHMENTS])" in market zone "The Spire" (pos=<5117.533691, 59.589272, 7987.239746>) for a price of 150.
20:18:56.500 [Market] Player "Major Loo" (id=EdUtHoz7RvdC6FQiZqYS7wLTRJsMr8Ls7MVvb9HcjjQ=) has send a requested to sell expansionexps3holooptic x1 at the trader "Attachments (Seth [#STR_EXPANSION_MARKET_TRADER_ATTACHMENTS])" in market zone "The Spire" (pos=<5117.533691, 59.589272, 7987.239746>).
20:18:56.500 [Market] Player "Major Loo" (id=EdUtHoz7RvdC6FQiZqYS7wLTRJsMr8Ls7MVvb9HcjjQ=) has sold expansionexps3holooptic x1 at the trader "Attachments (Seth [#STR_EXPANSION_MARKET_TRADER_ATTACHMENTS])" in market zone "The Spire" (pos=<5117.533691, 59.589272, 7987.239746>) and got 112.
20:18:56.984 [Market] Player "Major Loo" (id=EdUtHoz7RvdC6FQiZqYS7wLTRJsMr8Ls7MVvb9HcjjQ=) has send a requested to sell expansionexps3holooptic x1 at the trader "Attachments (Seth [#STR_EXPANSION_MARKET_TRADER_ATTACHMENTS])" in market zone "The Spire" (pos=<5117.533691, 59.589272, 7987.239746>).
20:18:57.000 [Market] Player "Major Loo" (id=EdUtHoz7RvdC6FQiZqYS7wLTRJsMr8Ls7MVvb9HcjjQ=) has sold expansionexps3holooptic x1 at the trader "Attachments (Seth [#STR_EXPANSION_MARKET_TRADER_ATTACHMENTS])" in market zone "The Spire" (pos=<5117.533691, 59.589272, 7987.239746>) and got 37.
20:18:57.750 [Market] Player "Major Loo" (id=EdUtHoz7RvdC6FQiZqYS7wLTRJsMr8Ls7MVvb9HcjjQ=) has send a requested to sell expansionexps3holooptic x1 at the trader "Attachments (Seth [#STR_EXPANSION_MARKET_TRADER_ATTACHMENTS])" in market zone "The Spire" (pos=<5117.533691, 59.589272, 7987.239746>).
20:18:57.750 [Market] Player "Major Loo" (id=EdUtHoz7RvdC6FQiZqYS7wLTRJsMr8Ls7MVvb9HcjjQ=) has sold expansionexps3holooptic x1 at the trader "Attachments (Seth [#STR_EXPANSION_MARKET_TRADER_ATTACHMENTS])" in market zone "The Spire" (pos=<5117.533691, 59.589272, 7987.239746>) and got 150.
20:18:58.796 [Market] Player "Major Loo" (id=EdUtHoz7RvdC6FQiZqYS7wLTRJsMr8Ls7MVvb9HcjjQ=) has send a requested to sell expansionexps3holooptic x1 at the trader "Attachments (Seth [#STR_EXPANSION_MARKET_TRADER_ATTACHMENTS])" in market zone "The Spire" (pos=<5117.533691, 59.589272, 7987.239746>).
20:18:58.796 [Market] Player "Major Loo" (id=EdUtHoz7RvdC6FQiZqYS7wLTRJsMr8Ls7MVvb9HcjjQ=) has sold expansionexps3holooptic x1 at the trader "Attachments (Seth [#STR_EXPANSION_MARKET_TRADER_ATTACHMENTS])" in market zone "The Spire" (pos=<5117.533691, 59.589272, 7987.239746>) and got 150.
20:19:58.343 [Market] Player "Major Loo" (id=EdUtHoz7RvdC6FQiZqYS7wLTRJsMr8Ls7MVvb9HcjjQ=) has send a requested to purchase snafu_tango6t_black x1 from the trader "Attachments (Seth [#STR_EXPANSION_MARKET_TRADER_ATTACHMENTS])" in market zone "The Spire" (pos=<5117.533691, 59.589272, 7987.239746>).
20:19:58.343 [Market] Player "Major Loo" (id=EdUtHoz7RvdC6FQiZqYS7wLTRJsMr8Ls7MVvb9HcjjQ=) has bought snafu_tango6t_black x1 from the trader "Attachments (Seth [#STR_EXPANSION_MARKET_TRADER_ATTACHMENTS])" in market zone "The Spire" (pos=<5117.533691, 59.589272, 7987.239746>) for a price of 400.
20:20:12.640 [Market] Player "Major Loo" (id=EdUtHoz7RvdC6FQiZqYS7wLTRJsMr8Ls7MVvb9HcjjQ=) has send a requested to purchase snafu_lnormalized_suppressor_black x1 from the trader "Attachments (Seth [#STR_EXPANSION_MARKET_TRADER_ATTACHMENTS])" in market zone "The Spire" (pos=<5117.533691, 59.589272, 7987.239746>).
20:20:12.640 [Market] Player "Major Loo" (id=EdUtHoz7RvdC6FQiZqYS7wLTRJsMr8Ls7MVvb9HcjjQ=) has bought snafu_lnormalized_suppressor_black x1 from the trader "Attachments (Seth [#STR_EXPANSION_MARKET_TRADER_ATTACHMENTS])" in market zone "The Spire" (pos=<5117.533691, 59.589272, 7987.239746>) for a price of 400.
20:22:18.343 [Market] Player "Major Loo" (id=EdUtHoz7RvdC6FQiZqYS7wLTRJsMr8Ls7MVvb9HcjjQ=) has send a requested to sell snafu_lnormalized_suppressor_black x1 at the trader "Attachments (Seth [#STR_EXPANSION_MARKET_TRADER_ATTACHMENTS])" in market zone "The Spire" (pos=<5117.533691, 59.589272, 7987.239746>).
20:22:18.343 [Market] Player "Major Loo" (id=EdUtHoz7RvdC6FQiZqYS7wLTRJsMr8Ls7MVvb9HcjjQ=) has sold snafu_lnormalized_suppressor_black x1 at the trader "Attachments (Seth [#STR_EXPANSION_MARKET_TRADER_ATTACHMENTS])" in market zone "The Spire" (pos=<5117.533691, 59.589272, 7987.239746>) and got 300.
20:22:27.171 [Market] Player "Major Loo" (id=EdUtHoz7RvdC6FQiZqYS7wLTRJsMr8Ls7MVvb9HcjjQ=) has send a requested to purchase snafu_standardized_suppressor_black x1 from the trader "Attachments (Seth [#STR_EXPANSION_MARKET_TRADER_ATTACHMENTS])" in market zone "The Spire" (pos=<5117.533691, 59.589272, 7987.239746>).
20:22:27.171 [Market] Player "Major Loo" (id=EdUtHoz7RvdC6FQiZqYS7wLTRJsMr8Ls7MVvb9HcjjQ=) has bought snafu_standardized_suppressor_black x1 from the trader "Attachments (Seth [#STR_EXPANSION_MARKET_TRADER_ATTACHMENTS])" in market zone "The Spire" (pos=<5117.533691, 59.589272, 7987.239746>) for a price of 400.
20:23:42.609 [Market] Player "Major Loo" (id=EdUtHoz7RvdC6FQiZqYS7wLTRJsMr8Ls7MVvb9HcjjQ=) has send a requested to sell gcgn_hk416_mag x1 at the trader "Attachments (Seth [#STR_EXPANSION_MARKET_TRADER_ATTACHMENTS])" in market zone "The Spire" (pos=<5117.533691, 59.589272, 7987.239746>).
20:23:42.625 [Market] Player "Major Loo" (id=EdUtHoz7RvdC6FQiZqYS7wLTRJsMr8Ls7MVvb9HcjjQ=) has sold gcgn_hk416_mag x1 at the trader "Attachments (Seth [#STR_EXPANSION_MARKET_TRADER_ATTACHMENTS])" in market zone "The Spire" (pos=<5117.533691, 59.589272, 7987.239746>) and got 300.
20:23:42.984 [Market] Player "Major Loo" (id=EdUtHoz7RvdC6FQiZqYS7wLTRJsMr8Ls7MVvb9HcjjQ=) has send a requested to sell gcgn_hk416_mag x1 at the trader "Attachments (Seth [#STR_EXPANSION_MARKET_TRADER_ATTACHMENTS])" in market zone "The Spire" (pos=<5117.533691, 59.589272, 7987.239746>).
20:23:42.984 [Market] Player "Major Loo" (id=EdUtHoz7RvdC6FQiZqYS7wLTRJsMr8Ls7MVvb9HcjjQ=) has sold gcgn_hk416_mag x1 at the trader "Attachments (Seth [#STR_EXPANSION_MARKET_TRADER_ATTACHMENTS])" in market zone "The Spire" (pos=<5117.533691, 59.589272, 7987.239746>) and got 300.
20:24:27.296 [Market] Player "Major Loo" (id=EdUtHoz7RvdC6FQiZqYS7wLTRJsMr8Ls7MVvb9HcjjQ=) has send a requested to purchase snafu_pmag556_black x1 from the trader "Attachments (Seth [#STR_EXPANSION_MARKET_TRADER_ATTACHMENTS])" in market zone "The Spire" (pos=<5117.533691, 59.589272, 7987.239746>).
20:24:27.296 [Market] Player "Major Loo" (id=EdUtHoz7RvdC6FQiZqYS7wLTRJsMr8Ls7MVvb9HcjjQ=) has bought snafu_pmag556_black x1 from the trader "Attachments (Seth [#STR_EXPANSION_MARKET_TRADER_ATTACHMENTS])" in market zone "The Spire" (pos=<5117.533691, 59.589272, 7987.239746>) for a price of 400.
20:26:26.375 [Market] Player "Major Loo" (id=EdUtHoz7RvdC6FQiZqYS7wLTRJsMr8Ls7MVvb9HcjjQ=) has send a requested to purchase snafu_md_ammo_556x45mm_m855a1 x71 from the trader "Attachments (Seth [#STR_EXPANSION_MARKET_TRADER_ATTACHMENTS])" in market zone "The Spire" (pos=<5117.533691, 59.589272, 7987.239746>).
20:26:26.375 [Market] Player "Major Loo" (id=EdUtHoz7RvdC6FQiZqYS7wLTRJsMr8Ls7MVvb9HcjjQ=) has bought snafu_md_ammo_556x45mm_m855a1 x71 from the trader "Attachments (Seth [#STR_EXPANSION_MARKET_TRADER_ATTACHMENTS])" in market zone "The Spire" (pos=<5117.533691, 59.589272, 7987.239746>) for a price of 284.
20:30:44.406 [AI Patrol] Despawning 2 Powerplant bots (spawn position <4952.054199, 11.722790, 7277.250488>, 0/2 deceased)
20:32:51.171 [Market] Player "Major Loo" (id=EdUtHoz7RvdC6FQiZqYS7wLTRJsMr8Ls7MVvb9HcjjQ=) has send a requested to purchase snafu_tango6t_black x1 from the trader "Attachments (Seth [#STR_EXPANSION_MARKET_TRADER_ATTACHMENTS])" in market zone "The Spire" (pos=<5117.533691, 59.589272, 7987.239746>).
20:32:51.171 [Market] Player "Major Loo" (id=EdUtHoz7RvdC6FQiZqYS7wLTRJsMr8Ls7MVvb9HcjjQ=) has bought snafu_tango6t_black x1 from the trader "Attachments (Seth [#STR_EXPANSION_MARKET_TRADER_ATTACHMENTS])" in market zone "The Spire" (pos=<5117.533691, 59.589272, 7987.239746>) for a price of 400.
20:33:01.390 [Market] Player "Major Loo" (id=EdUtHoz7RvdC6FQiZqYS7wLTRJsMr8Ls7MVvb9HcjjQ=) has send a requested to purchase snafu_mtango6t_black x1 from the trader "Attachments (Seth [#STR_EXPANSION_MARKET_TRADER_ATTACHMENTS])" in market zone "The Spire" (pos=<5117.533691, 59.589272, 7987.239746>).
20:33:01.390 [Market] Player "Major Loo" (id=EdUtHoz7RvdC6FQiZqYS7wLTRJsMr8Ls7MVvb9HcjjQ=) has bought snafu_mtango6t_black x1 from the trader "Attachments (Seth [#STR_EXPANSION_MARKET_TRADER_ATTACHMENTS])" in market zone "The Spire" (pos=<5117.533691, 59.589272, 7987.239746>) for a price of 400.
20:33:02.796 [Market] Player "Major Loo" (id=EdUtHoz7RvdC6FQiZqYS7wLTRJsMr8Ls7MVvb9HcjjQ=) has send a requested to sell snafu_mtango6t_black x1 at the trader "Attachments (Seth [#STR_EXPANSION_MARKET_TRADER_ATTACHMENTS])" in market zone "The Spire" (pos=<5117.533691, 59.589272, 7987.239746>).
20:33:02.796 [Market] Player "Major Loo" (id=EdUtHoz7RvdC6FQiZqYS7wLTRJsMr8Ls7MVvb9HcjjQ=) has sold snafu_mtango6t_black x1 at the trader "Attachments (Seth [#STR_EXPANSION_MARKET_TRADER_ATTACHMENTS])" in market zone "The Spire" (pos=<5117.533691, 59.589272, 7987.239746>) and got 300.
20:33:07.015 [Market] Player "Major Loo" (id=EdUtHoz7RvdC6FQiZqYS7wLTRJsMr8Ls7MVvb9HcjjQ=) has send a requested to purchase snafu_tango6t_black x1 from the trader "Attachments (Seth [#STR_EXPANSION_MARKET_TRADER_ATTACHMENTS])" in market zone "The Spire" (pos=<5117.533691, 59.589272, 7987.239746>).
20:33:07.031 [Market] Player "Major Loo" (id=EdUtHoz7RvdC6FQiZqYS7wLTRJsMr8Ls7MVvb9HcjjQ=) has bought snafu_tango6t_black x1 from the trader "Attachments (Seth [#STR_EXPANSION_MARKET_TRADER_ATTACHMENTS])" in market zone "The Spire" (pos=<5117.533691, 59.589272, 7987.239746>) for a price of 400.
20:34:38.031 [Market] Player "Major Loo" (id=EdUtHoz7RvdC6FQiZqYS7wLTRJsMr8Ls7MVvb9HcjjQ=) has send a requested to purchase expansion_benellim4 x1 from the trader "Weapons (Mirek [#STR_EXPANSION_MARKET_TRADER_WEAPONS])" in market zone "The Spire" (pos=<5117.533691, 59.589272, 7987.239746>).
20:34:38.031 [Market] Player "Major Loo" (id=EdUtHoz7RvdC6FQiZqYS7wLTRJsMr8Ls7MVvb9HcjjQ=) has bought expansion_benellim4 x1 from the trader "Weapons (Mirek [#STR_EXPANSION_MARKET_TRADER_WEAPONS])" in market zone "The Spire" (pos=<5117.533691, 59.589272, 7987.239746>) for a price of 1500.
20:35:54.156 [Market] Player "Major Loo" (id=EdUtHoz7RvdC6FQiZqYS7wLTRJsMr8Ls7MVvb9HcjjQ=) has send a requested to purchase militarybelt x1 from the trader "Clothing_Accessories (Maria [#STR_EXPANSION_MARKET_TRADER_CLOTHING_ACCESSORIES])" in market zone "The Spire" (pos=<5117.533691, 59.589272, 7987.239746>).
20:35:54.156 [Market] Player "Major Loo" (id=EdUtHoz7RvdC6FQiZqYS7wLTRJsMr8Ls7MVvb9HcjjQ=) has bought militarybelt x1 from the trader "Clothing_Accessories (Maria [#STR_EXPANSION_MARKET_TRADER_CLOTHING_ACCESSORIES])" in market zone "The Spire" (pos=<5117.533691, 59.589272, 7987.239746>) for a price of 100.
20:36:31.546 [Market] Player "Major Loo" (id=EdUtHoz7RvdC6FQiZqYS7wLTRJsMr8Ls7MVvb9HcjjQ=) has send a requested to purchase canteen x1 from the trader "Consumables (Maria [#STR_EXPANSION_MARKET_TRADER_CONSUMABLES])" in market zone "The Spire" (pos=<5117.533691, 59.589272, 7987.239746>).
20:36:31.546 [Market] Player "Major Loo" (id=EdUtHoz7RvdC6FQiZqYS7wLTRJsMr8Ls7MVvb9HcjjQ=) has bought canteen x1 from the trader "Consumables (Maria [#STR_EXPANSION_MARKET_TRADER_CONSUMABLES])" in market zone "The Spire" (pos=<5117.533691, 59.589272, 7987.239746>) for a price of 18.
20:39:30.468 [ATM] Player "Major Loo" (id=EdUtHoz7RvdC6FQiZqYS7wLTRJsMr8Ls7MVvb9HcjjQ=) has deposited 1240 on his ATM account.
20:41:02.640 [ATM] Player "Major Loo" (id=EdUtHoz7RvdC6FQiZqYS7wLTRJsMr8Ls7MVvb9HcjjQ=) has withdrawn 200 from his ATM account.
20:41:19.421 [Market] Player "Major Loo" (id=EdUtHoz7RvdC6FQiZqYS7wLTRJsMr8Ls7MVvb9HcjjQ=) has send a requested to purchase battery9v x1 from the trader "Vehicle_Parts (Denis [#STR_EXPANSION_MARKET_TRADER_VEHICLE_PARTS])" in market zone "The Spire" (pos=<5117.533691, 59.589272, 7987.239746>).
20:41:19.437 [Market] Player "Major Loo" (id=EdUtHoz7RvdC6FQiZqYS7wLTRJsMr8Ls7MVvb9HcjjQ=) has bought battery9v x1 from the trader "Vehicle_Parts (Denis [#STR_EXPANSION_MARKET_TRADER_VEHICLE_PARTS])" in market zone "The Spire" (pos=<5117.533691, 59.589272, 7987.239746>) for a price of 10.
20:41:19.968 [Market] Player "Major Loo" (id=EdUtHoz7RvdC6FQiZqYS7wLTRJsMr8Ls7MVvb9HcjjQ=) has send a requested to purchase battery9v x1 from the trader "Vehicle_Parts (Denis [#STR_EXPANSION_MARKET_TRADER_VEHICLE_PARTS])" in market zone "The Spire" (pos=<5117.533691, 59.589272, 7987.239746>).
20:41:19.968 [Market] Player "Major Loo" (id=EdUtHoz7RvdC6FQiZqYS7wLTRJsMr8Ls7MVvb9HcjjQ=) has bought battery9v x1 from the trader "Vehicle_Parts (Denis [#STR_EXPANSION_MARKET_TRADER_VEHICLE_PARTS])" in market zone "The Spire" (pos=<5117.533691, 59.589272, 7987.239746>) for a price of 10.
20:41:20.515 [Market] Player "Major Loo" (id=EdUtHoz7RvdC6FQiZqYS7wLTRJsMr8Ls7MVvb9HcjjQ=) has send a requested to purchase battery9v x1 from the trader "Vehicle_Parts (Denis [#STR_EXPANSION_MARKET_TRADER_VEHICLE_PARTS])" in market zone "The Spire" (pos=<5117.533691, 59.589272, 7987.239746>).
20:41:20.515 [Market] Player "Major Loo" (id=EdUtHoz7RvdC6FQiZqYS7wLTRJsMr8Ls7MVvb9HcjjQ=) has bought battery9v x1 from the trader "Vehicle_Parts (Denis [#STR_EXPANSION_MARKET_TRADER_VEHICLE_PARTS])" in market zone "The Spire" (pos=<5117.533691, 59.589272, 7987.239746>) for a price of 10.
20:41:34.125 [Market] Player "Major Loo" (id=EdUtHoz7RvdC6FQiZqYS7wLTRJsMr8Ls7MVvb9HcjjQ=) has send a requested to purchase sparkplug x1 from the trader "Vehicle_Parts (Denis [#STR_EXPANSION_MARKET_TRADER_VEHICLE_PARTS])" in market zone "The Spire" (pos=<5117.533691, 59.589272, 7987.239746>).
20:41:34.125 [Market] Player "Major Loo" (id=EdUtHoz7RvdC6FQiZqYS7wLTRJsMr8Ls7MVvb9HcjjQ=) has bought sparkplug x1 from the trader "Vehicle_Parts (Denis [#STR_EXPANSION_MARKET_TRADER_VEHICLE_PARTS])" in market zone "The Spire" (pos=<5117.533691, 59.589272, 7987.239746>) for a price of 60.
20:41:45.796 [ATM] Player "Major Loo" (id=EdUtHoz7RvdC6FQiZqYS7wLTRJsMr8Ls7MVvb9HcjjQ=) has deposited 110 on his ATM account.
20:42:56.171 [Safezone] Player "Major Loo" (id=EdUtHoz7RvdC6FQiZqYS7wLTRJsMr8Ls7MVvb9HcjjQ= pos=<4870.689453, 36.976437, 7872.862793>) Left the safezone
20:45:13.390 [AI Object Patrol] Spawning 1 East bots at <5154.442383, 6.202693, 9083.892578>
20:46:48.500 [AI Patrol] Spawning 2 SwampAltar bots at <3440.789795, 11.408039, 8577.653320>
20:55:21.843 [AI Object Patrol] Spawning 2 East bots at <3255.903564, 21.183317, 6512.147461>
20:56:26.390 [AI Object Patrol] Despawning 1 East bots (spawn position <5154.442383, 6.202693, 9083.892578>, 0/1 deceased)
20:57:39.687 [AI Patrol] Despawning 2 SwampAltar bots (spawn position <3440.789795, 11.408039, 8577.653320>, 0/2 deceased)
21:13:15.421 [AI Object Patrol] Spawning 2 East bots at <3441.969238, 31.033318, 4829.837402>
21:25:56.468 [AI Object Patrol] Despawning 2 East bots (spawn position <3441.969238, 31.033318, 4829.837402>, 0/2 deceased)
21:25:56.890 [AI Object Patrol] Despawning 2 East bots (spawn position <3255.903564, 21.183317, 6512.147461>, 0/2 deceased)
21:31:45.421 [Expansion Quests] - InitQuestSystemClient - Loaded existing player quest data for player with UID: EdUtHoz7RvdC6FQiZqYS7wLTRJsMr8Ls7MVvb9HcjjQ=
21:31:45.421 [Expansion Quests] - Create new quest instance for quest: 8 - Player UID: EdUtHoz7RvdC6FQiZqYS7wLTRJsMr8Ls7MVvb9HcjjQ=
21:31:45.421 [Expansion Quests] - Create new quest instance for quest: 9 - Player UID: EdUtHoz7RvdC6FQiZqYS7wLTRJsMr8Ls7MVvb9HcjjQ=
21:31:45.421 [Expansion Quests] - Create new quest instance for quest: 11 - Player UID: EdUtHoz7RvdC6FQiZqYS7wLTRJsMr8Ls7MVvb9HcjjQ=
21:35:51.875 [MissionAirdrop] An airdrop is heading towards "Oceanville" (pos=<10179.000000, 0.000000, 4722.000000> type=Random_Oceanville) with a ExpansionAirdropContainer_Basebuilding
21:41:29.937 [AI Patrol] Spawning 3 ParisIsland bots at <3041.274658, 22.450001, 3905.736572>
21:44:06.328 [AI Patrol] Spawning 3 ParisIsland2 bots at <2891.223389, 22.450001, 3917.975342>
21:58:14.625 [AI Patrol] Despawning 3 ParisIsland bots (spawn position <3041.274658, 22.450001, 3905.736572>, 0/3 deceased)
21:58:50.406 [AI Patrol] Despawning 3 ParisIsland2 bots (spawn position <2891.223389, 22.450001, 3917.975342>, 0/3 deceased)
23:05:42.328 [MissionAirdrop] An airdrop is heading towards "Georgstown" (pos=<4522.000000, 0.000000, 4370.000000> type=Random_Georgstown) with a ExpansionAirdropContainer_Military
00:35:52.484 [MissionAirdrop] An airdrop is heading towards "Kushville" (pos=<7630.000000, 0.000000, 3717.000000> type=Random_Kushville) with a ExpansionAirdropContainer_Basebuilding
02:05:26.734 [MissionAirdrop] An airdrop is heading towards "Old-Town" (pos=<1849.000000, 0.000000, 8830.000000> type=Random_Old-Town) with a ExpansionAirdropContainer_Military
03:36:08.156 [MissionAirdrop] An airdrop is heading towards "Greenville" (pos=<4658.000000, 0.000000, 1414.000000> type=Random_Greenville) with a ExpansionAirdropContainer_Basebuilding
05:06:52.578 [MissionAirdrop] An airdrop is heading towards "Oceanville" (pos=<10179.000000, 0.000000, 4722.000000> type=Random_Oceanville) with a ExpansionAirdropContainer_Basebuilding
06:35:20.906 [MissionAirdrop] An airdrop is heading towards "Oceanville" (pos=<10179.000000, 0.000000, 4722.000000> type=Random_Oceanville) with a ExpansionAirdropContainer_Basebuilding
