12:58:25.218 [VehicleDestroyed] Sedan_02_Red (id=5F7EED17F24B5770396CD7B3CF3E3F12 pos=<-16.186819, -21.366716, -4.094112>)
12:58:25.265 [VehicleDestroyed] CivilianSedan (id=1D4B17A3644E05CCDD20B580F024F591 pos=<-16.095005, -22.227299, -4.079613>)
12:58:25.265 [VehicleDestroyed] Hatchback_02_Blue (id=9948F02E72492DC14BA669894E5E5D9D pos=<-16.035685, -22.246889, -4.141756>)
12:58:25.269 [VehicleDestroyed] Sedan_02_Red (id=FD72AB1E874CD83277F6C4B6C50BEFF3 pos=<-16.010511, -22.015535, -4.330961>)
12:58:25.292 [VehicleDestroyed] CivilianSedan_Black (id=DA309597AF41B0A25B13C59E86FD511B pos=<-16.211872, -22.449322, -4.301786>)
12:58:25.292 [VehicleDestroyed] Hatchback_02_Black (id=40442C0E484D8F35E47A34BF494AA718 pos=<-16.201136, -22.539877, -4.186443>)
12:58:25.292 [VehicleDestroyed] OffroadHatchback (id=E41D29A7404CC7C77CEC2DB689EDBBCB pos=<-16.332102, -22.520798, -4.132660>)
12:58:25.292 [VehicleDestroyed] OffroadHatchback_Blue (id=4B63BFFC21400545A1B40290F617153A pos=<-16.275684, -22.574984, -4.134511>)
12:58:26.691 [VehicleDestroyed] Truck_01_Covered (id=02835F195046A23B2F47D9B3F1254165 pos=<-24.101179, -41.375195, -4.954991>)
12:58:26.867 [VehicleDestroyed] Truck_01_Covered_Orange (id=E205D892874D13C907A350AB92E1C03D pos=<-24.848900, -45.299988, -5.509807>)
12:59:10.882 [VehicleDeleted] CivilianSedan_Black (id=DA309597AF41B0A25B13C59E86FD511B pos=<-2171.745361, -1402.125488, 288.682831>)
12:59:10.882 [VehicleDeleted] CivilianSedan (id=1D4B17A3644E05CCDD20B580F024F591 pos=<-2171.669189, -1402.248291, 289.303345>)
12:59:10.882 [VehicleDeleted] Hatchback_02_Blue (id=9948F02E72492DC14BA669894E5E5D9D pos=<-2171.432373, -1402.188232, 288.739807>)
12:59:10.882 [VehicleDeleted] Hatchback_02_Black (id=40442C0E484D8F35E47A34BF494AA718 pos=<-2171.700439, -1402.854370, 288.285278>)
12:59:10.882 [VehicleDeleted] OffroadHatchback (id=E41D29A7404CC7C77CEC2DB689EDBBCB pos=<-2171.454102, -1402.084473, 289.127625>)
12:59:10.886 [VehicleDeleted] OffroadHatchback_Blue (id=4B63BFFC21400545A1B40290F617153A pos=<-2171.618164, -1402.815308, 288.364258>)
12:59:10.886 [VehicleDeleted] Sedan_02_Red (id=FD72AB1E874CD83277F6C4B6C50BEFF3 pos=<-2172.582520, -1402.113525, 289.230286>)
12:59:10.886 [VehicleDeleted] Sedan_02_Red (id=5F7EED17F24B5770396CD7B3CF3E3F12 pos=<-2171.670898, -1402.153320, 289.465576>)
12:59:28.644 [Expansion Quests] - InitQuestSystemClient - Created new persistent player quest data for player UID: _i471QtP-cQO7LGlvQxSkkb6U2OdaENSi4dYAnCjv04=
12:59:28.656 [Expansion Quests] - CompleteQuest - Player with UID _i471QtP-cQO7LGlvQxSkkb6U2OdaENSi4dYAnCjv04= has completed quest 14
12:59:37.792 [VehicleDeleted] Truck_01_Covered (id=02835F195046A23B2F47D9B3F1254165 pos=<-203.496170, -10224.861328, -68.562057>)
12:59:37.792 [VehicleDeleted] Truck_01_Covered_Orange (id=E205D892874D13C907A350AB92E1C03D pos=<-176.075348, -10225.453125, -45.919849>)
13:03:15.945 [MissionAirdrop] An airdrop is heading towards "Georgstown" (pos=<4522.000000, 0.000000, 4370.000000> type=Random_Georgstown) with a ExpansionAirdropContainer_Military
