14:12:19.753 [MissionAirdrop] An airdrop is heading towards "Stonington" (pos=<6973.000000, 0.000000, 1701.000000> type=Random_Stonington) with a ExpansionAirdropContainer_Medical
14:23:16.890 [Expansion Quests] - InitQuestSystemClient - Loaded existing player quest data for player with UID: _i471QtP-cQO7LGlvQxSkkb6U2OdaENSi4dYAnCjv04=
14:23:16.890 [Expansion Quests] - Create new quest instance for quest: 8 - Player UID: _i471QtP-cQO7LGlvQxSkkb6U2OdaENSi4dYAnCjv04=
14:23:16.890 [Expansion Quests] - Create new quest instance for quest: 9 - Player UID: _i471QtP-cQO7LGlvQxSkkb6U2OdaENSi4dYAnCjv04=
14:23:16.894 [Expansion Quests] - Create new quest instance for quest: 11 - Player UID: _i471QtP-cQO7LGlvQxSkkb6U2OdaENSi4dYAnCjv04=
14:25:41.128 [Expansion Quests] - InitQuestSystemClient - Created new persistent player quest data for player UID: 6CBOabJUM7Qqd7NEG4Do-ueQ7Uqvietj4ODcWmz64j4=
14:25:41.156 [Expansion Quests] - CompleteQuest - Player with UID 6CBOabJUM7Qqd7NEG4Do-ueQ7Uqvietj4ODcWmz64j4= has completed quest 14
14:26:26.304 [SpawnSelection] Player "MGM_762" (id=6CBOabJUM7Qqd7NEG4Do-ueQ7Uqvietj4ODcWmz64j4=) spawned at <10339.783203, 7.476208, 5502.157227>
14:42:07.597 [VehicleDeleted] RFWC_DragBoat_Blue (id=E7147B741F41AE0892701E81F9761C16 pos=<9542.867188, 14.474053, 5883.091797>)
14:56:02.722 [Expansion Quests] - InitQuestSystemClient - Loaded existing player quest data for player with UID: _i471QtP-cQO7LGlvQxSkkb6U2OdaENSi4dYAnCjv04=
14:56:02.722 [Expansion Quests] - Create new quest instance for quest: 8 - Player UID: _i471QtP-cQO7LGlvQxSkkb6U2OdaENSi4dYAnCjv04=
14:56:02.722 [Expansion Quests] - Create new quest instance for quest: 9 - Player UID: _i471QtP-cQO7LGlvQxSkkb6U2OdaENSi4dYAnCjv04=
14:56:02.726 [Expansion Quests] - Create new quest instance for quest: 11 - Player UID: _i471QtP-cQO7LGlvQxSkkb6U2OdaENSi4dYAnCjv04=
15:02:31.269 [AI Patrol] Spawning 2 East bots at <10132.430664, 5.636526, 3987.824219>
15:04:40.187 [AI Patrol] Spawning 2 East bots at <390.832672, 25.437771, 898.982666>
15:04:41.875 [VehicleEnter] Player MGM_762 [uid=6CBOabJUM7Qqd7NEG4Do-ueQ7Uqvietj4ODcWmz64j4=] entered vehicle Mh-6 Little Bird (id=BB93CF36CD47B96691B1198D5C3CC0CF pos=<10219.559570, 41.711590, 4989.975098>) as pilot
15:06:34.070 [Expansion Quests] - InitQuestSystemClient - Loaded existing player quest data for player with UID: _i471QtP-cQO7LGlvQxSkkb6U2OdaENSi4dYAnCjv04=
15:06:34.070 [Expansion Quests] - Create new quest instance for quest: 8 - Player UID: _i471QtP-cQO7LGlvQxSkkb6U2OdaENSi4dYAnCjv04=
15:06:34.070 [Expansion Quests] - Create new quest instance for quest: 9 - Player UID: _i471QtP-cQO7LGlvQxSkkb6U2OdaENSi4dYAnCjv04=
15:06:34.070 [Expansion Quests] - Create new quest instance for quest: 11 - Player UID: _i471QtP-cQO7LGlvQxSkkb6U2OdaENSi4dYAnCjv04=
15:07:24.597 [VehicleEnter] Player NOVAKILLSFORYOU [uid=_i471QtP-cQO7LGlvQxSkkb6U2OdaENSi4dYAnCjv04=] entered vehicle Mh-6 Little Bird (id=BB93CF36CD47B96691B1198D5C3CC0CF pos=<10219.559570, 41.711590, 4989.975098>) as passenger
15:08:05.367 [VehicleEngine] Player MGM_762 [uid=6CBOabJUM7Qqd7NEG4Do-ueQ7Uqvietj4ODcWmz64j4=] started vehicle Mh-6 Little Bird (id=BB93CF36CD47B96691B1198D5C3CC0CF pos=<10219.559570, 41.711594, 4989.975098>)
15:11:29.949 [AI Patrol] Spawning 3 West bots at <14132.666016, 7.863872, 2152.769531>
15:11:33.652 [Killfeed] MGM_762 and passengers NOVAKILLSFORYOU didn't survive flying in their Mh-6 Little Bird.
15:12:30.925 [SpawnSelection] Player "NOVAKILLSFORYOU" (id=_i471QtP-cQO7LGlvQxSkkb6U2OdaENSi4dYAnCjv04=) spawned at <10299.725586, 43.082348, 5171.118652>
15:12:50.648 [SpawnSelection] Player "MGM_762" (id=6CBOabJUM7Qqd7NEG4Do-ueQ7Uqvietj4ODcWmz64j4=) spawned at <10171.602539, 33.866161, 4771.109863>
15:15:40.238 [Expansion Quests] - InitQuestSystemClient - Loaded existing player quest data for player with UID: _i471QtP-cQO7LGlvQxSkkb6U2OdaENSi4dYAnCjv04=
15:15:40.242 [Expansion Quests] - Create new quest instance for quest: 8 - Player UID: _i471QtP-cQO7LGlvQxSkkb6U2OdaENSi4dYAnCjv04=
15:15:40.242 [Expansion Quests] - Create new quest instance for quest: 9 - Player UID: _i471QtP-cQO7LGlvQxSkkb6U2OdaENSi4dYAnCjv04=
15:15:40.242 [Expansion Quests] - Create new quest instance for quest: 11 - Player UID: _i471QtP-cQO7LGlvQxSkkb6U2OdaENSi4dYAnCjv04=
15:24:32.023 [VehicleDeleted] ExpansionMh6_Jeans (id=BB93CF36CD47B96691B1198D5C3CC0CF pos=<13310.924805, 114.563339, 2243.806885>)
