20:06:59.750 [MissionAirdrop] An airdrop is heading towards "Greenville" (pos=<4658.000000, 0.000000, 1414.000000> type=Random_Greenville) with a ExpansionAirdropContainer_Military
20:27:38.632 [Party] Player "NOVAKILLSFORYOU" (id=_i471QtP-cQO7LGlvQxSkkb6U2OdaENSi4dYAnCjv04=) joinded the party "OSS" (id=0 ownerUID=_i471QtP-cQO7LGlvQxSkkb6U2OdaENSi4dYAnCjv04= ownerName=NOVAKILLSFORYOU)
20:27:38.679 [Expansion Quests] - InitQuestSystemClient - Loaded existing player quest data for player with UID: _i471QtP-cQO7LGlvQxSkkb6U2OdaENSi4dYAnCjv04=
20:27:38.687 [Expansion Quests] - LoadGroupQuestData - Loaded existing group quest data for group with ID: 0
20:27:38.687 [Expansion Quests] - Create new quest instance for quest: 8 - Player UID: _i471QtP-cQO7LGlvQxSkkb6U2OdaENSi4dYAnCjv04=
20:27:38.687 [Expansion Quests] - Create new quest instance for quest: 9 - Player UID: _i471QtP-cQO7LGlvQxSkkb6U2OdaENSi4dYAnCjv04=
20:27:38.687 [Expansion Quests] - Create new quest instance for quest: 11 - Player UID: _i471QtP-cQO7LGlvQxSkkb6U2OdaENSi4dYAnCjv04=
20:27:39.460 [Expansion Quests] - LoadGroupQuestData - Got cached group quest data for group with ID: 0
20:34:08.804 [Party] Player "MGM_762" (id=6CBOabJUM7Qqd7NEG4Do-ueQ7Uqvietj4ODcWmz64j4=) joinded the party "OSS" (id=0 ownerUID=_i471QtP-cQO7LGlvQxSkkb6U2OdaENSi4dYAnCjv04= ownerName=NOVAKILLSFORYOU)
20:34:08.835 [Expansion Quests] - InitQuestSystemClient - Loaded existing player quest data for player with UID: 6CBOabJUM7Qqd7NEG4Do-ueQ7Uqvietj4ODcWmz64j4=
20:34:08.835 [Expansion Quests] - LoadGroupQuestData - Got cached group quest data for group with ID: 0
20:34:08.835 [Expansion Quests] - Create new quest instance for quest: 8 - Player UID: 6CBOabJUM7Qqd7NEG4Do-ueQ7Uqvietj4ODcWmz64j4=
20:34:08.835 [Expansion Quests] - Create new quest instance for quest: 9 - Player UID: 6CBOabJUM7Qqd7NEG4Do-ueQ7Uqvietj4ODcWmz64j4=
20:34:08.835 [Expansion Quests] - Create new quest instance for quest: 11 - Player UID: 6CBOabJUM7Qqd7NEG4Do-ueQ7Uqvietj4ODcWmz64j4=
20:34:09.578 [Expansion Quests] - LoadGroupQuestData - Got cached group quest data for group with ID: 0
20:40:38.921 [VehicleDeleted] ExpansionUAZCargoRoofless (id=68100331454C6E2BD93132AA12C37231 pos=<-0.016775, 0.677601, 0.025196>)
20:40:38.984 [VirtualGarage] Player "NOVAKILLSFORYOU" (id=_i471QtP-cQO7LGlvQxSkkb6U2OdaENSi4dYAnCjv04= pos=<3206.722412, 1.651617, 1650.149170>) retrieved a vehicle "ExpansionUAZCargoRoofless" (GlobalID=80000000800000008000000080004455 pos=<3179.893799, 2.024769, 1676.432739>)
20:40:51.765 [VehicleEnter] Player NOVAKILLSFORYOU [uid=_i471QtP-cQO7LGlvQxSkkb6U2OdaENSi4dYAnCjv04=] entered vehicle UAZ 469 Cargo Roofless (id=213D0AB39D439D10FB5B52940135E77C pos=<3179.892822, 2.024585, 1676.431274>) as driver
20:40:57.960 [VehicleEngine] Player NOVAKILLSFORYOU [uid=_i471QtP-cQO7LGlvQxSkkb6U2OdaENSi4dYAnCjv04=] started vehicle UAZ 469 Cargo Roofless (id=213D0AB39D439D10FB5B52940135E77C pos=<3179.892822, 2.024633, 1676.432129>)
20:41:05.031 [VehicleEnter] Player MGM_762 [uid=6CBOabJUM7Qqd7NEG4Do-ueQ7Uqvietj4ODcWmz64j4=] entered vehicle UAZ 469 Cargo Roofless (id=213D0AB39D439D10FB5B52940135E77C pos=<3179.892822, 2.024703, 1676.432861>) as passenger
20:42:58.789 [AI Patrol] Spawning 3 Airfield bots at <5119.470215, 74.000000, 3133.944580>
20:49:27.218 [Safezone] Player "NOVAKILLSFORYOU" (id=_i471QtP-cQO7LGlvQxSkkb6U2OdaENSi4dYAnCjv04= pos=<7718.959473, 43.832325, 4548.677734>) Entered the safezone
20:49:27.820 [Safezone] Player "MGM_762" (id=6CBOabJUM7Qqd7NEG4Do-ueQ7Uqvietj4ODcWmz64j4= pos=<7716.303711, 44.278118, 4558.380859>) Entered the safezone
20:50:36.976 [VehicleEngine] Player NOVAKILLSFORYOU [uid=_i471QtP-cQO7LGlvQxSkkb6U2OdaENSi4dYAnCjv04=] stopped vehicle UAZ 469 Cargo Roofless (id=213D0AB39D439D10FB5B52940135E77C pos=<7549.223145, 87.674965, 4572.057129>)
20:50:38.140 [VehicleLeave] Player MGM_762 [uid=6CBOabJUM7Qqd7NEG4Do-ueQ7Uqvietj4ODcWmz64j4=] left vehicle UAZ 469 Cargo Roofless (id=213D0AB39D439D10FB5B52940135E77C pos=<7549.223633, 87.674957, 4572.057129>)
20:50:39.984 [VehicleEngine] Player NOVAKILLSFORYOU [uid=_i471QtP-cQO7LGlvQxSkkb6U2OdaENSi4dYAnCjv04=] started vehicle UAZ 469 Cargo Roofless (id=213D0AB39D439D10FB5B52940135E77C pos=<7549.223633, 87.674950, 4572.057129>)
20:50:44.257 [VehicleEngine] Player NOVAKILLSFORYOU [uid=_i471QtP-cQO7LGlvQxSkkb6U2OdaENSi4dYAnCjv04=] stopped vehicle UAZ 469 Cargo Roofless (id=213D0AB39D439D10FB5B52940135E77C pos=<7549.223633, 87.674957, 4572.057129>)
20:50:47.406 [VehicleLeave] Player NOVAKILLSFORYOU [uid=_i471QtP-cQO7LGlvQxSkkb6U2OdaENSi4dYAnCjv04=] left vehicle UAZ 469 Cargo Roofless (id=213D0AB39D439D10FB5B52940135E77C pos=<7549.223633, 87.674957, 4572.057129>)
20:50:55.789 [VehicleEnter] Player NOVAKILLSFORYOU [uid=_i471QtP-cQO7LGlvQxSkkb6U2OdaENSi4dYAnCjv04=] entered vehicle UAZ 469 Cargo Roofless (id=213D0AB39D439D10FB5B52940135E77C pos=<7549.223145, 87.674957, 4572.057129>) as driver
20:50:59.406 [VehicleLeave] Player NOVAKILLSFORYOU [uid=_i471QtP-cQO7LGlvQxSkkb6U2OdaENSi4dYAnCjv04=] left vehicle UAZ 469 Cargo Roofless (id=213D0AB39D439D10FB5B52940135E77C pos=<7549.223145, 87.674957, 4572.057129>)
20:54:51.453 [Market] Player "MGM_762" (id=6CBOabJUM7Qqd7NEG4Do-ueQ7Uqvietj4ODcWmz64j4=) has send a requested to sell bz_thai_sneakers x1 at the trader "Clothing (Quinn [#STR_EXPANSION_MARKET_TRADER_CLOTHING])" in market zone "The Hill" (pos=<7529.135742, 89.198120, 4610.044922>).
20:54:51.554 [Market] Player "MGM_762" (id=6CBOabJUM7Qqd7NEG4Do-ueQ7Uqvietj4ODcWmz64j4=) has sold bz_thai_sneakers x1 at the trader "Clothing (Quinn [#STR_EXPANSION_MARKET_TRADER_CLOTHING])" in market zone "The Hill" (pos=<7529.135742, 89.198120, 4610.044922>) and got 7000.
20:55:00.664 [Market] Player "MGM_762" (id=6CBOabJUM7Qqd7NEG4Do-ueQ7Uqvietj4ODcWmz64j4=) has send a requested to sell bz_thai_sneakers x1 at the trader "Clothing (Quinn [#STR_EXPANSION_MARKET_TRADER_CLOTHING])" in market zone "The Hill" (pos=<7529.135742, 89.198120, 4610.044922>).
20:55:00.773 [Market] Player "MGM_762" (id=6CBOabJUM7Qqd7NEG4Do-ueQ7Uqvietj4ODcWmz64j4=) has sold bz_thai_sneakers x1 at the trader "Clothing (Quinn [#STR_EXPANSION_MARKET_TRADER_CLOTHING])" in market zone "The Hill" (pos=<7529.135742, 89.198120, 4610.044922>) and got 7000.
20:55:05.695 [Market] Player "MGM_762" (id=6CBOabJUM7Qqd7NEG4Do-ueQ7Uqvietj4ODcWmz64j4=) has send a requested to sell bz_leggings_alien x1 at the trader "Clothing (Quinn [#STR_EXPANSION_MARKET_TRADER_CLOTHING])" in market zone "The Hill" (pos=<7529.135742, 89.198120, 4610.044922>).
20:55:05.820 [Market] Player "MGM_762" (id=6CBOabJUM7Qqd7NEG4Do-ueQ7Uqvietj4ODcWmz64j4=) has sold bz_leggings_alien x1 at the trader "Clothing (Quinn [#STR_EXPANSION_MARKET_TRADER_CLOTHING])" in market zone "The Hill" (pos=<7529.135742, 89.198120, 4610.044922>) and got 2125.
20:55:06.906 [Market] Player "MGM_762" (id=6CBOabJUM7Qqd7NEG4Do-ueQ7Uqvietj4ODcWmz64j4=) has send a requested to sell bz_leggings_tiger x1 at the trader "Clothing (Quinn [#STR_EXPANSION_MARKET_TRADER_CLOTHING])" in market zone "The Hill" (pos=<7529.135742, 89.198120, 4610.044922>).
20:55:07.015 [Market] Player "MGM_762" (id=6CBOabJUM7Qqd7NEG4Do-ueQ7Uqvietj4ODcWmz64j4=) has sold bz_leggings_tiger x1 at the trader "Clothing (Quinn [#STR_EXPANSION_MARKET_TRADER_CLOTHING])" in market zone "The Hill" (pos=<7529.135742, 89.198120, 4610.044922>) and got 8500.
20:55:25.140 [Market] Player "MGM_762" (id=6CBOabJUM7Qqd7NEG4Do-ueQ7Uqvietj4ODcWmz64j4=) has send a requested to sell bz_tacthelmet_bubbles x1 at the trader "Clothing_Accessories (Maria [#STR_EXPANSION_MARKET_TRADER_CLOTHING_ACCESSORIES])" in market zone "The Hill" (pos=<7529.135742, 89.198120, 4610.044922>).
20:55:25.257 [Market] Player "MGM_762" (id=6CBOabJUM7Qqd7NEG4Do-ueQ7Uqvietj4ODcWmz64j4=) has sold bz_tacthelmet_bubbles x1 at the trader "Clothing_Accessories (Maria [#STR_EXPANSION_MARKET_TRADER_CLOTHING_ACCESSORIES])" in market zone "The Hill" (pos=<7529.135742, 89.198120, 4610.044922>) and got 1500.
20:55:35.726 [Market] Player "MGM_762" (id=6CBOabJUM7Qqd7NEG4Do-ueQ7Uqvietj4ODcWmz64j4=) has send a requested to sell bz_gold_pants x1 at the trader "Clothing_Accessories (Maria [#STR_EXPANSION_MARKET_TRADER_CLOTHING_ACCESSORIES])" in market zone "The Hill" (pos=<7529.135742, 89.198120, 4610.044922>).
20:55:35.867 [Market] Player "MGM_762" (id=6CBOabJUM7Qqd7NEG4Do-ueQ7Uqvietj4ODcWmz64j4=) has sold bz_gold_pants x1 at the trader "Clothing_Accessories (Maria [#STR_EXPANSION_MARKET_TRADER_CLOTHING_ACCESSORIES])" in market zone "The Hill" (pos=<7529.135742, 89.198120, 4610.044922>) and got 7000.
20:55:41.468 [Market] Player "MGM_762" (id=6CBOabJUM7Qqd7NEG4Do-ueQ7Uqvietj4ODcWmz64j4=) has send a requested to sell bz_tacthelmet_bubbles x1 at the trader "Clothing_Accessories (Maria [#STR_EXPANSION_MARKET_TRADER_CLOTHING_ACCESSORIES])" in market zone "The Hill" (pos=<7529.135742, 89.198120, 4610.044922>).
20:55:41.585 [Market] Player "MGM_762" (id=6CBOabJUM7Qqd7NEG4Do-ueQ7Uqvietj4ODcWmz64j4=) has sold bz_tacthelmet_bubbles x1 at the trader "Clothing_Accessories (Maria [#STR_EXPANSION_MARKET_TRADER_CLOTHING_ACCESSORIES])" in market zone "The Hill" (pos=<7529.135742, 89.198120, 4610.044922>) and got 3000.
20:55:48.000 [Market] Player "MGM_762" (id=6CBOabJUM7Qqd7NEG4Do-ueQ7Uqvietj4ODcWmz64j4=) has send a requested to sell bz_vest_alienware x1 at the trader "Clothing_Accessories (Maria [#STR_EXPANSION_MARKET_TRADER_CLOTHING_ACCESSORIES])" in market zone "The Hill" (pos=<7529.135742, 89.198120, 4610.044922>).
20:55:48.093 [Market] Player "MGM_762" (id=6CBOabJUM7Qqd7NEG4Do-ueQ7Uqvietj4ODcWmz64j4=) has sold bz_vest_alienware x1 at the trader "Clothing_Accessories (Maria [#STR_EXPANSION_MARKET_TRADER_CLOTHING_ACCESSORIES])" in market zone "The Hill" (pos=<7529.135742, 89.198120, 4610.044922>) and got 6375.
20:56:47.648 [Market] Player "MGM_762" (id=6CBOabJUM7Qqd7NEG4Do-ueQ7Uqvietj4ODcWmz64j4=) has send a requested to purchase expansioncodelock x1 from the trader "Components (Peter [#STR_EXPANSION_MARKET_TRADER_COMPONENTS])" in market zone "The Hill" (pos=<7529.135742, 89.198120, 4610.044922>).
20:56:47.796 [Market] Player "MGM_762" (id=6CBOabJUM7Qqd7NEG4Do-ueQ7Uqvietj4ODcWmz64j4=) has bought expansioncodelock x1 from the trader "Components (Peter [#STR_EXPANSION_MARKET_TRADER_COMPONENTS])" in market zone "The Hill" (pos=<7529.135742, 89.198120, 4610.044922>) for a price of 1500.
20:56:48.585 [Market] Player "MGM_762" (id=6CBOabJUM7Qqd7NEG4Do-ueQ7Uqvietj4ODcWmz64j4=) has send a requested to purchase expansioncodelock x1 from the trader "Components (Peter [#STR_EXPANSION_MARKET_TRADER_COMPONENTS])" in market zone "The Hill" (pos=<7529.135742, 89.198120, 4610.044922>).
20:56:48.679 [Market] Player "MGM_762" (id=6CBOabJUM7Qqd7NEG4Do-ueQ7Uqvietj4ODcWmz64j4=) has bought expansioncodelock x1 from the trader "Components (Peter [#STR_EXPANSION_MARKET_TRADER_COMPONENTS])" in market zone "The Hill" (pos=<7529.135742, 89.198120, 4610.044922>) for a price of 1500.
20:56:49.515 [Market] Player "MGM_762" (id=6CBOabJUM7Qqd7NEG4Do-ueQ7Uqvietj4ODcWmz64j4=) has send a requested to purchase expansioncodelock x1 from the trader "Components (Peter [#STR_EXPANSION_MARKET_TRADER_COMPONENTS])" in market zone "The Hill" (pos=<7529.135742, 89.198120, 4610.044922>).
20:56:49.632 [Market] Player "MGM_762" (id=6CBOabJUM7Qqd7NEG4Do-ueQ7Uqvietj4ODcWmz64j4=) has bought expansioncodelock x1 from the trader "Components (Peter [#STR_EXPANSION_MARKET_TRADER_COMPONENTS])" in market zone "The Hill" (pos=<7529.135742, 89.198120, 4610.044922>) for a price of 1500.
20:57:46.421 [Market] Player "NOVAKILLSFORYOU" (id=_i471QtP-cQO7LGlvQxSkkb6U2OdaENSi4dYAnCjv04=) has send a requested to sell snafut5000_snow_gun x1 at the trader "Weapons (Mirek [#STR_EXPANSION_MARKET_TRADER_WEAPONS])" in market zone "The Hill" (pos=<7529.135742, 89.198120, 4610.044922>).
20:57:46.484 [Market] Player "NOVAKILLSFORYOU" (id=_i471QtP-cQO7LGlvQxSkkb6U2OdaENSi4dYAnCjv04=) has sold snafut5000_snow_gun x1 at the trader "Weapons (Mirek [#STR_EXPANSION_MARKET_TRADER_WEAPONS])" in market zone "The Hill" (pos=<7529.135742, 89.198120, 4610.044922>) and got 2812.
20:57:51.960 [Market] Player "MGM_762" (id=6CBOabJUM7Qqd7NEG4Do-ueQ7Uqvietj4ODcWmz64j4=) has send a requested to sell wrench x1 at the trader "Components (Peter [#STR_EXPANSION_MARKET_TRADER_COMPONENTS])" in market zone "The Hill" (pos=<7529.135742, 89.198120, 4610.044922>).
20:57:52.093 [Market] Player "MGM_762" (id=6CBOabJUM7Qqd7NEG4Do-ueQ7Uqvietj4ODcWmz64j4=) has sold wrench x1 at the trader "Components (Peter [#STR_EXPANSION_MARKET_TRADER_COMPONENTS])" in market zone "The Hill" (pos=<7529.135742, 89.198120, 4610.044922>) and got 0.
20:57:53.992 [Market] Player "MGM_762" (id=6CBOabJUM7Qqd7NEG4Do-ueQ7Uqvietj4ODcWmz64j4=) has send a requested to purchase wrench x1 from the trader "Components (Peter [#STR_EXPANSION_MARKET_TRADER_COMPONENTS])" in market zone "The Hill" (pos=<7529.135742, 89.198120, 4610.044922>).
20:57:54.109 [Market] Player "MGM_762" (id=6CBOabJUM7Qqd7NEG4Do-ueQ7Uqvietj4ODcWmz64j4=) has bought wrench x1 from the trader "Components (Peter [#STR_EXPANSION_MARKET_TRADER_COMPONENTS])" in market zone "The Hill" (pos=<7529.135742, 89.198120, 4610.044922>) for a price of 3.
21:00:41.265 [Party] Player "NOVAKILLSFORYOU" (id=_i471QtP-cQO7LGlvQxSkkb6U2OdaENSi4dYAnCjv04=) left the party "OSS" (id=0 ownerUID=_i471QtP-cQO7LGlvQxSkkb6U2OdaENSi4dYAnCjv04= ownerName=NOVAKILLSFORYOU)
21:00:42.437 [Party] Player "MGM_762" (id=6CBOabJUM7Qqd7NEG4Do-ueQ7Uqvietj4ODcWmz64j4=) left the party "OSS" (id=0 ownerUID=_i471QtP-cQO7LGlvQxSkkb6U2OdaENSi4dYAnCjv04= ownerName=NOVAKILLSFORYOU)
