21:05:22.976 [Safezone] Player "NOVAKILLSFORYOU" (id=_i471QtP-cQO7LGlvQxSkkb6U2OdaENSi4dYAnCjv04= pos=<7558.708008, 87.682465, 4604.717773>) Entered the safezone
21:05:22.976 [Party] Player "NOVAKILLSFORYOU" (id=_i471QtP-cQO7LGlvQxSkkb6U2OdaENSi4dYAnCjv04=) joinded the party "OSS" (id=0 ownerUID=_i471QtP-cQO7LGlvQxSkkb6U2OdaENSi4dYAnCjv04= ownerName=NOVAKILLSFORYOU)
21:05:22.992 [Expansion Quests] - InitQuestSystemClient - Loaded existing player quest data for player with UID: _i471QtP-cQO7LGlvQxSkkb6U2OdaENSi4dYAnCjv04=
21:05:22.992 [Expansion Quests] - LoadGroupQuestData - Loaded existing group quest data for group with ID: 0
21:05:22.992 [Expansion Quests] - Create new quest instance for quest: 8 - Player UID: _i471QtP-cQO7LGlvQxSkkb6U2OdaENSi4dYAnCjv04=
21:05:22.992 [Expansion Quests] - Create new quest instance for quest: 9 - Player UID: _i471QtP-cQO7LGlvQxSkkb6U2OdaENSi4dYAnCjv04=
21:05:22.992 [Expansion Quests] - Create new quest instance for quest: 11 - Player UID: _i471QtP-cQO7LGlvQxSkkb6U2OdaENSi4dYAnCjv04=
21:05:23.820 [Expansion Quests] - LoadGroupQuestData - Got cached group quest data for group with ID: 0
21:05:39.421 [AI Patrol] Spawning 2 Milo-Ashville bots at <6876.789551, 57.483711, 3850.308350>
21:08:00.242 [Safezone] Player "MGM_762" (id=6CBOabJUM7Qqd7NEG4Do-ueQ7Uqvietj4ODcWmz64j4= pos=<7555.005859, 87.682503, 4599.698730>) Entered the safezone
21:08:00.242 [Party] Player "MGM_762" (id=6CBOabJUM7Qqd7NEG4Do-ueQ7Uqvietj4ODcWmz64j4=) joinded the party "OSS" (id=0 ownerUID=_i471QtP-cQO7LGlvQxSkkb6U2OdaENSi4dYAnCjv04= ownerName=NOVAKILLSFORYOU)
21:08:00.257 [Expansion Quests] - InitQuestSystemClient - Loaded existing player quest data for player with UID: 6CBOabJUM7Qqd7NEG4Do-ueQ7Uqvietj4ODcWmz64j4=
21:08:00.257 [Expansion Quests] - LoadGroupQuestData - Got cached group quest data for group with ID: 0
21:08:00.257 [Expansion Quests] - Create new quest instance for quest: 8 - Player UID: 6CBOabJUM7Qqd7NEG4Do-ueQ7Uqvietj4ODcWmz64j4=
21:08:00.257 [Expansion Quests] - Create new quest instance for quest: 9 - Player UID: 6CBOabJUM7Qqd7NEG4Do-ueQ7Uqvietj4ODcWmz64j4=
21:08:00.257 [Expansion Quests] - Create new quest instance for quest: 11 - Player UID: 6CBOabJUM7Qqd7NEG4Do-ueQ7Uqvietj4ODcWmz64j4=
21:08:01.007 [Expansion Quests] - LoadGroupQuestData - Got cached group quest data for group with ID: 0
21:09:08.671 [MissionAirdrop] An airdrop is heading towards "Sandy Bay" (pos=<4627.000000, 0.000000, 7507.000000> type=Random_Sandy Bay) with a ExpansionAirdropContainer
21:11:14.867 [ATM] Player "NOVAKILLSFORYOU" (id=_i471QtP-cQO7LGlvQxSkkb6U2OdaENSi4dYAnCjv04=) has withdrawn 503564 from his ATM account.
21:11:34.859 [Market] Player "MGM_762" (id=6CBOabJUM7Qqd7NEG4Do-ueQ7Uqvietj4ODcWmz64j4=) has send a requested to sell bz_tacthelmet_sman x1 at the trader "Clothing_Accessories (Maria [#STR_EXPANSION_MARKET_TRADER_CLOTHING_ACCESSORIES])" in market zone "The Hill" (pos=<7529.135742, 89.198120, 4610.044922>).
21:11:34.937 [Market] Player "MGM_762" (id=6CBOabJUM7Qqd7NEG4Do-ueQ7Uqvietj4ODcWmz64j4=) has sold bz_tacthelmet_sman x1 at the trader "Clothing_Accessories (Maria [#STR_EXPANSION_MARKET_TRADER_CLOTHING_ACCESSORIES])" in market zone "The Hill" (pos=<7529.135742, 89.198120, 4610.044922>) and got 2250.
21:11:44.320 [Market] Player "NOVAKILLSFORYOU" (id=_i471QtP-cQO7LGlvQxSkkb6U2OdaENSi4dYAnCjv04=) has send a requested to purchase snafu_md_ammo_556x45mm_m855a1 x1000 from the trader "Attachments (Seth [#STR_EXPANSION_MARKET_TRADER_ATTACHMENTS])" in market zone "The Hill" (pos=<7529.135742, 89.198120, 4610.044922>).
21:11:44.437 [Market] Player "NOVAKILLSFORYOU" (id=_i471QtP-cQO7LGlvQxSkkb6U2OdaENSi4dYAnCjv04=) has bought snafu_md_ammo_556x45mm_m855a1 x1000 from the trader "Attachments (Seth [#STR_EXPANSION_MARKET_TRADER_ATTACHMENTS])" in market zone "The Hill" (pos=<7529.135742, 89.198120, 4610.044922>) for a price of 4000.
21:15:26.726 [Market] Player "NOVAKILLSFORYOU" (id=_i471QtP-cQO7LGlvQxSkkb6U2OdaENSi4dYAnCjv04=) has send a requested to purchase snafu_md_ammo_556x45mm_m855a1 x1000 from the trader "Attachments (Seth [#STR_EXPANSION_MARKET_TRADER_ATTACHMENTS])" in market zone "The Hill" (pos=<7529.135742, 89.198120, 4610.044922>).
21:15:26.796 [Market] Player "NOVAKILLSFORYOU" (id=_i471QtP-cQO7LGlvQxSkkb6U2OdaENSi4dYAnCjv04=) has bought snafu_md_ammo_556x45mm_m855a1 x1000 from the trader "Attachments (Seth [#STR_EXPANSION_MARKET_TRADER_ATTACHMENTS])" in market zone "The Hill" (pos=<7529.135742, 89.198120, 4610.044922>) for a price of 4000.
21:17:04.570 [VehicleEnter] Player NOVAKILLSFORYOU [uid=_i471QtP-cQO7LGlvQxSkkb6U2OdaENSi4dYAnCjv04=] entered vehicle UAZ 469 Cargo Roofless (id=213D0AB39D439D10FB5B52940135E77C pos=<7549.223633, 87.674957, 4572.057129>) as driver
21:17:06.679 [VehicleEngine] Player NOVAKILLSFORYOU [uid=_i471QtP-cQO7LGlvQxSkkb6U2OdaENSi4dYAnCjv04=] started vehicle UAZ 469 Cargo Roofless (id=213D0AB39D439D10FB5B52940135E77C pos=<7549.223633, 87.674957, 4572.057129>)
21:17:06.945 [VehicleEnter] Player MGM_762 [uid=6CBOabJUM7Qqd7NEG4Do-ueQ7Uqvietj4ODcWmz64j4=] entered vehicle UAZ 469 Cargo Roofless (id=213D0AB39D439D10FB5B52940135E77C pos=<7549.223633, 87.674957, 4572.057129>) as passenger
21:18:17.468 [AI Patrol] Spawning 3 SouthOfSmallville bots at <8570.839844, 5.369581, 3781.668213>
21:18:18.773 [Safezone] Player "MGM_762" (id=6CBOabJUM7Qqd7NEG4Do-ueQ7Uqvietj4ODcWmz64j4= pos=<7858.288086, 28.203835, 4456.296875>) Left the safezone
21:18:18.781 [Safezone] Player "NOVAKILLSFORYOU" (id=_i471QtP-cQO7LGlvQxSkkb6U2OdaENSi4dYAnCjv04= pos=<7859.132813, 28.115156, 4456.473633>) Left the safezone
21:21:38.421 [AI Patrol] Spawning 3 Airfield bots at <5656.548340, 74.027985, 3138.238770>
21:22:21.734 [AI Patrol] Spawning 2 East bots at <4421.902344, 9.080818, 4424.063477>
21:23:49.023 [AI Patrol] Spawning 2 East bots at <4493.430664, 29.671656, 1879.669678>
21:26:08.015 [VehicleEngine] Player NOVAKILLSFORYOU [uid=_i471QtP-cQO7LGlvQxSkkb6U2OdaENSi4dYAnCjv04=] stopped vehicle UAZ 469 Cargo Roofless (id=213D0AB39D439D10FB5B52940135E77C pos=<3201.548584, 1.498689, 1620.298828>)
21:26:08.906 [VehicleLeave] Player MGM_762 [uid=6CBOabJUM7Qqd7NEG4Do-ueQ7Uqvietj4ODcWmz64j4=] left vehicle UAZ 469 Cargo Roofless (id=213D0AB39D439D10FB5B52940135E77C pos=<3201.548584, 1.498690, 1620.298828>)
21:26:10.718 [VehicleLeave] Player NOVAKILLSFORYOU [uid=_i471QtP-cQO7LGlvQxSkkb6U2OdaENSi4dYAnCjv04=] left vehicle UAZ 469 Cargo Roofless (id=213D0AB39D439D10FB5B52940135E77C pos=<3201.548584, 1.498689, 1620.298828>)
21:27:30.773 [VehicleDeleted] ExpansionUAZCargoRoofless (id=213D0AB39D439D10FB5B52940135E77C pos=<3201.548584, 1.498689, 1620.298828>)
21:27:30.773 [VehicleCover] Player "NOVAKILLSFORYOU" (id=_i471QtP-cQO7LGlvQxSkkb6U2OdaENSi4dYAnCjv04= pos=<3199.423096, 1.493731, 1619.846313>) covered vehicle "ExpansionUAZCargoRoofless" (GlobalID=80000000800000008000000080004455 pos=<3201.548584, 1.498689, 1620.298828>)!
21:28:12.515 [BaseRaiding] Land_BLR_House3 (<3215.831299, 2.402505, 1656.071777>) Code set by player "MGM_762" (ID = "6CBOabJUM7Qqd7NEG4Do-ueQ7Uqvietj4ODcWmz64j4=" at <3215.664307, 2.465980, 1655.088135>) and the code is 1911
21:29:10.937 [BaseRaiding] ExpansionSafeMini (<3207.022217, 1.861621, 1651.703613>) Code set by player "NOVAKILLSFORYOU" (ID = "_i471QtP-cQO7LGlvQxSkkb6U2OdaENSi4dYAnCjv04=" at <3206.341309, 1.701515, 1650.580444>) and the code is 1911
21:51:08.359 [VehicleCover] Player "NOVAKILLSFORYOU" (id=_i471QtP-cQO7LGlvQxSkkb6U2OdaENSi4dYAnCjv04= pos=<3198.919678, 1.493731, 1619.903931>) uncovered vehicle "ExpansionUAZCargoRoofless" (GlobalID=80000000800000008000000080004455 pos=<3201.548584, 1.498689, 1620.298828>)!
21:53:18.210 [VehicleEnter] Player NOVAKILLSFORYOU [uid=_i471QtP-cQO7LGlvQxSkkb6U2OdaENSi4dYAnCjv04=] entered vehicle UAZ 469 Cargo Roofless (id=FD167C71974F7EA10E3C379A0DF61C85 pos=<3201.549072, 1.498690, 1620.298828>) as driver
21:53:23.507 [VehicleLeave] Player NOVAKILLSFORYOU [uid=_i471QtP-cQO7LGlvQxSkkb6U2OdaENSi4dYAnCjv04=] left vehicle UAZ 469 Cargo Roofless (id=FD167C71974F7EA10E3C379A0DF61C85 pos=<3201.548828, 1.498691, 1620.298828>)
21:53:43.734 [Party] Player "NOVAKILLSFORYOU" (id=_i471QtP-cQO7LGlvQxSkkb6U2OdaENSi4dYAnCjv04=) left the party "OSS" (id=0 ownerUID=_i471QtP-cQO7LGlvQxSkkb6U2OdaENSi4dYAnCjv04= ownerName=NOVAKILLSFORYOU)
22:07:32.109 [BaseRaiding] ExpansionSafeLarge (<3212.238281, 2.636343, 1657.416504>) Code set by player "MGM_762" (ID = "6CBOabJUM7Qqd7NEG4Do-ueQ7Uqvietj4ODcWmz64j4=" at <3211.754883, 2.502597, 1656.344482>) and the code is 1911
22:19:33.523 [BaseRaiding] ExpansionSafeLarge (<3213.452148, 5.699777, 1652.116577>) Code set by player "MGM_762" (ID = "6CBOabJUM7Qqd7NEG4Do-ueQ7Uqvietj4ODcWmz64j4=" at <3212.540771, 5.665025, 1652.481689>) and the code is 1911
22:37:52.546 [MissionAirdrop] An airdrop is heading towards "Oldfield" (pos=<6117.000000, 0.000000, 7004.000000> type=Random_Oldfield) with a ExpansionAirdropContainer
22:59:41.242 [Expansion Quests] - InitQuestSystemClient - Loaded existing player quest data for player with UID: BUvXWPetCaeBPvtjVC7tRQL9wVItLemT7K5_k3jBzIo=
22:59:41.242 [Expansion Quests] - Create new quest instance for quest: 8 - Player UID: BUvXWPetCaeBPvtjVC7tRQL9wVItLemT7K5_k3jBzIo=
22:59:41.242 [Expansion Quests] - Create new quest instance for quest: 9 - Player UID: BUvXWPetCaeBPvtjVC7tRQL9wVItLemT7K5_k3jBzIo=
22:59:41.242 [Expansion Quests] - Create new quest instance for quest: 11 - Player UID: BUvXWPetCaeBPvtjVC7tRQL9wVItLemT7K5_k3jBzIo=
23:02:15.398 [VehicleDeleted] ExpansionUAZ (id=616A9F497E4DE4104B4BAAAE9BEAE5C2 pos=<-0.001685, 0.798157, 0.148879>)
23:02:15.468 [VirtualGarage] Player "MGM_762" (id=6CBOabJUM7Qqd7NEG4Do-ueQ7Uqvietj4ODcWmz64j4= pos=<3206.998779, 1.740952, 1650.733276>) retrieved a vehicle "ExpansionUAZ" (GlobalID=80000000800000008000000080002A87 pos=<3185.835205, 2.520579, 1676.051025>)
23:02:28.132 [VehicleEnter] Player MGM_762 [uid=6CBOabJUM7Qqd7NEG4Do-ueQ7Uqvietj4ODcWmz64j4=] entered vehicle UAZ 469 (id=FDF02025AD49BC2C0DFADF9166123C4D pos=<3185.836182, 2.520611, 1676.051636>) as driver
23:02:30.585 [VehicleEngine] Player MGM_762 [uid=6CBOabJUM7Qqd7NEG4Do-ueQ7Uqvietj4ODcWmz64j4=] started vehicle UAZ 469 (id=FDF02025AD49BC2C0DFADF9166123C4D pos=<3185.836182, 2.520622, 1676.051636>)
23:03:34.179 [VehicleEngine] Player MGM_762 [uid=6CBOabJUM7Qqd7NEG4Do-ueQ7Uqvietj4ODcWmz64j4=] stopped vehicle UAZ 469 (id=FDF02025AD49BC2C0DFADF9166123C4D pos=<3191.426270, 2.159664, 1662.103760>)
23:03:37.414 [VehicleLeave] Player MGM_762 [uid=6CBOabJUM7Qqd7NEG4Do-ueQ7Uqvietj4ODcWmz64j4=] left vehicle UAZ 469 (id=FDF02025AD49BC2C0DFADF9166123C4D pos=<3191.426270, 2.159644, 1662.103882>)
23:13:54.843 [VehicleEnter] Player MGM_762 [uid=6CBOabJUM7Qqd7NEG4Do-ueQ7Uqvietj4ODcWmz64j4=] entered vehicle UAZ 469 (id=FDF02025AD49BC2C0DFADF9166123C4D pos=<3191.426514, 2.159675, 1662.103760>) as driver
23:13:56.710 [VehicleEngine] Player MGM_762 [uid=6CBOabJUM7Qqd7NEG4Do-ueQ7Uqvietj4ODcWmz64j4=] started vehicle UAZ 469 (id=FDF02025AD49BC2C0DFADF9166123C4D pos=<3191.426514, 2.159669, 1662.103760>)
23:16:33.625 [VehicleEngine] Player MGM_762 [uid=6CBOabJUM7Qqd7NEG4Do-ueQ7Uqvietj4ODcWmz64j4=] stopped vehicle UAZ 469 (id=FDF02025AD49BC2C0DFADF9166123C4D pos=<4682.091309, 9.262119, 1492.073364>)
23:16:36.710 [VehicleLeave] Player MGM_762 [uid=6CBOabJUM7Qqd7NEG4Do-ueQ7Uqvietj4ODcWmz64j4=] left vehicle UAZ 469 (id=FDF02025AD49BC2C0DFADF9166123C4D pos=<4682.091309, 9.262121, 1492.073364>)
23:16:50.742 [AI Patrol] Spawning 2 Greenville bots at <5542.241211, 31.803865, 2057.692383>
23:32:38.023 [VehicleEnter] Player MGM_762 [uid=6CBOabJUM7Qqd7NEG4Do-ueQ7Uqvietj4ODcWmz64j4=] entered vehicle UAZ 469 (id=FDF02025AD49BC2C0DFADF9166123C4D pos=<4682.091797, 9.262120, 1492.073364>) as driver
23:32:40.445 [VehicleEngine] Player MGM_762 [uid=6CBOabJUM7Qqd7NEG4Do-ueQ7Uqvietj4ODcWmz64j4=] started vehicle UAZ 469 (id=FDF02025AD49BC2C0DFADF9166123C4D pos=<4682.091797, 9.262116, 1492.073242>)
23:34:54.820 [VehicleEngine] Player MGM_762 [uid=6CBOabJUM7Qqd7NEG4Do-ueQ7Uqvietj4ODcWmz64j4=] stopped vehicle UAZ 469 (id=FDF02025AD49BC2C0DFADF9166123C4D pos=<5007.912109, 16.864939, 1228.735229>)
23:34:58.296 [VehicleLeave] Player MGM_762 [uid=6CBOabJUM7Qqd7NEG4Do-ueQ7Uqvietj4ODcWmz64j4=] left vehicle UAZ 469 (id=FDF02025AD49BC2C0DFADF9166123C4D pos=<5007.912109, 16.864939, 1228.735352>)
23:35:48.367 [VehicleEnter] Player MGM_762 [uid=6CBOabJUM7Qqd7NEG4Do-ueQ7Uqvietj4ODcWmz64j4=] entered vehicle UAZ 469 (id=FDF02025AD49BC2C0DFADF9166123C4D pos=<5007.912109, 16.864937, 1228.735107>) as driver
23:35:50.625 [VehicleEngine] Player MGM_762 [uid=6CBOabJUM7Qqd7NEG4Do-ueQ7Uqvietj4ODcWmz64j4=] started vehicle UAZ 469 (id=FDF02025AD49BC2C0DFADF9166123C4D pos=<5007.912109, 16.864935, 1228.734863>)
23:36:23.421 [VehicleLeave] Player MGM_762 [uid=6CBOabJUM7Qqd7NEG4Do-ueQ7Uqvietj4ODcWmz64j4=] left vehicle UAZ 469 (id=FDF02025AD49BC2C0DFADF9166123C4D pos=<5166.078125, 21.068533, 1138.930176>)
23:37:07.281 [VehicleEnter] Player MGM_762 [uid=6CBOabJUM7Qqd7NEG4Do-ueQ7Uqvietj4ODcWmz64j4=] entered vehicle UAZ 469 (id=FDF02025AD49BC2C0DFADF9166123C4D pos=<5166.078125, 21.068567, 1138.930420>) as driver
23:37:40.500 [VehicleLeave] Player MGM_762 [uid=6CBOabJUM7Qqd7NEG4Do-ueQ7Uqvietj4ODcWmz64j4=] left vehicle UAZ 469 (id=FDF02025AD49BC2C0DFADF9166123C4D pos=<5283.847168, 9.529243, 1064.259277>)
23:38:39.320 [VehicleEnter] Player MGM_762 [uid=6CBOabJUM7Qqd7NEG4Do-ueQ7Uqvietj4ODcWmz64j4=] entered vehicle UAZ 469 (id=FDF02025AD49BC2C0DFADF9166123C4D pos=<5283.847168, 9.529144, 1064.258057>) as driver
23:39:19.250 [VehicleEngine] Player MGM_762 [uid=6CBOabJUM7Qqd7NEG4Do-ueQ7Uqvietj4ODcWmz64j4=] stopped vehicle UAZ 469 (id=FDF02025AD49BC2C0DFADF9166123C4D pos=<5468.388672, 6.510197, 1011.379822>)
23:39:22.609 [VehicleLeave] Player MGM_762 [uid=6CBOabJUM7Qqd7NEG4Do-ueQ7Uqvietj4ODcWmz64j4=] left vehicle UAZ 469 (id=FDF02025AD49BC2C0DFADF9166123C4D pos=<5468.388184, 6.510195, 1011.380188>)
23:59:51.203 [VehicleEnter] Player MGM_762 [uid=6CBOabJUM7Qqd7NEG4Do-ueQ7Uqvietj4ODcWmz64j4=] entered vehicle UAZ 469 (id=FDF02025AD49BC2C0DFADF9166123C4D pos=<5468.388184, 6.510195, 1011.379883>) as driver
00:00:17.484 [VehicleEngine] Player MGM_762 [uid=6CBOabJUM7Qqd7NEG4Do-ueQ7Uqvietj4ODcWmz64j4=] started vehicle UAZ 469 (id=FDF02025AD49BC2C0DFADF9166123C4D pos=<5468.388672, 6.510197, 1011.379700>)
00:01:02.617 [AI Patrol] Spawning 2 East bots at <7022.204590, 8.148108, 1502.325317>
00:01:57.406 [VehicleLeave] Player MGM_762 [uid=6CBOabJUM7Qqd7NEG4Do-ueQ7Uqvietj4ODcWmz64j4=] left vehicle UAZ 469 (id=FDF02025AD49BC2C0DFADF9166123C4D pos=<6611.642090, 2.765177, 1401.401978>)
00:02:50.226 [VehicleEnter] Player MGM_762 [uid=6CBOabJUM7Qqd7NEG4Do-ueQ7Uqvietj4ODcWmz64j4=] entered vehicle UAZ 469 (id=FDF02025AD49BC2C0DFADF9166123C4D pos=<6611.642090, 2.765177, 1401.401855>) as driver
00:04:10.867 [VehicleLeave] Player MGM_762 [uid=6CBOabJUM7Qqd7NEG4Do-ueQ7Uqvietj4ODcWmz64j4=] left vehicle UAZ 469 (id=FDF02025AD49BC2C0DFADF9166123C4D pos=<7107.125977, 7.935175, 1584.505371>)
00:06:55.148 [MissionAirdrop] An airdrop is heading towards "Georgstown" (pos=<4522.000000, 0.000000, 4370.000000> type=Random_Georgstown) with a ExpansionAirdropContainer
00:17:27.406 [VehicleEnter] Player MGM_762 [uid=6CBOabJUM7Qqd7NEG4Do-ueQ7Uqvietj4ODcWmz64j4=] entered vehicle UAZ 469 (id=FDF02025AD49BC2C0DFADF9166123C4D pos=<7107.125977, 7.935176, 1584.505493>) as driver
00:17:39.781 [VehicleEngine] Player MGM_762 [uid=6CBOabJUM7Qqd7NEG4Do-ueQ7Uqvietj4ODcWmz64j4=] started vehicle UAZ 469 (id=FDF02025AD49BC2C0DFADF9166123C4D pos=<7107.125977, 7.935176, 1584.505737>)
00:19:46.421 [AI Patrol] Spawning 2 East bots at <7509.501465, 23.830000, 3927.217773>
00:20:35.531 [VehicleEngine] Player MGM_762 [uid=6CBOabJUM7Qqd7NEG4Do-ueQ7Uqvietj4ODcWmz64j4=] stopped vehicle UAZ 469 (id=FDF02025AD49BC2C0DFADF9166123C4D pos=<7471.668945, 25.512726, 3771.530762>)
00:20:37.968 [VehicleLeave] Player MGM_762 [uid=6CBOabJUM7Qqd7NEG4Do-ueQ7Uqvietj4ODcWmz64j4=] left vehicle UAZ 469 (id=FDF02025AD49BC2C0DFADF9166123C4D pos=<7471.668945, 25.512726, 3771.531006>)
00:24:21.671 [VehicleEnter] Player MGM_762 [uid=6CBOabJUM7Qqd7NEG4Do-ueQ7Uqvietj4ODcWmz64j4=] entered vehicle UAZ 469 (id=FDF02025AD49BC2C0DFADF9166123C4D pos=<7471.668945, 25.512722, 3771.530762>) as driver
00:24:24.492 [VehicleEngine] Player MGM_762 [uid=6CBOabJUM7Qqd7NEG4Do-ueQ7Uqvietj4ODcWmz64j4=] started vehicle UAZ 469 (id=FDF02025AD49BC2C0DFADF9166123C4D pos=<7471.668945, 25.512726, 3771.531006>)
00:26:44.789 [Safezone] Player "MGM_762" (id=6CBOabJUM7Qqd7NEG4Do-ueQ7Uqvietj4ODcWmz64j4= pos=<7717.956055, 43.684727, 4544.723145>) Entered the safezone
00:28:05.125 [VehicleLeave] Player MGM_762 [uid=6CBOabJUM7Qqd7NEG4Do-ueQ7Uqvietj4ODcWmz64j4=] left vehicle UAZ 469 (id=FDF02025AD49BC2C0DFADF9166123C4D pos=<7579.780762, 86.453606, 4546.149414>)
00:28:56.304 [VehicleEnter] Player MGM_762 [uid=6CBOabJUM7Qqd7NEG4Do-ueQ7Uqvietj4ODcWmz64j4=] entered vehicle UAZ 469 (id=FDF02025AD49BC2C0DFADF9166123C4D pos=<7579.780762, 86.453598, 4546.149414>) as driver
00:29:17.976 [VehicleEngine] Player MGM_762 [uid=6CBOabJUM7Qqd7NEG4Do-ueQ7Uqvietj4ODcWmz64j4=] stopped vehicle UAZ 469 (id=FDF02025AD49BC2C0DFADF9166123C4D pos=<7561.017090, 87.675179, 4598.174316>)
00:29:20.812 [VehicleLeave] Player MGM_762 [uid=6CBOabJUM7Qqd7NEG4Do-ueQ7Uqvietj4ODcWmz64j4=] left vehicle UAZ 469 (id=FDF02025AD49BC2C0DFADF9166123C4D pos=<7561.017090, 87.675171, 4598.174316>)
00:29:52.960 [Market] Player "MGM_762" (id=6CBOabJUM7Qqd7NEG4Do-ueQ7Uqvietj4ODcWmz64j4=) has send a requested to purchase expansionuazwheel x1 from the trader "Vehicle_Parts (Oliver [#STR_EXPANSION_MARKET_TRADER_VEHICLE_PARTS])" in market zone "The Hill" (pos=<7529.135742, 89.198120, 4610.044922>).
00:29:53.070 [Market] Player "MGM_762" (id=6CBOabJUM7Qqd7NEG4Do-ueQ7Uqvietj4ODcWmz64j4=) has bought expansionuazwheel x1 from the trader "Vehicle_Parts (Oliver [#STR_EXPANSION_MARKET_TRADER_VEHICLE_PARTS])" in market zone "The Hill" (pos=<7529.135742, 89.198120, 4610.044922>) for a price of 600.
00:29:56.218 [Market] Player "MGM_762" (id=6CBOabJUM7Qqd7NEG4Do-ueQ7Uqvietj4ODcWmz64j4=) has send a requested to purchase expansionuazwheel x1 from the trader "Vehicle_Parts (Oliver [#STR_EXPANSION_MARKET_TRADER_VEHICLE_PARTS])" in market zone "The Hill" (pos=<7529.135742, 89.198120, 4610.044922>).
00:29:56.335 [Market] Player "MGM_762" (id=6CBOabJUM7Qqd7NEG4Do-ueQ7Uqvietj4ODcWmz64j4=) has bought expansionuazwheel x1 from the trader "Vehicle_Parts (Oliver [#STR_EXPANSION_MARKET_TRADER_VEHICLE_PARTS])" in market zone "The Hill" (pos=<7529.135742, 89.198120, 4610.044922>) for a price of 600.
00:34:48.921 [Market] Player "MGM_762" (id=6CBOabJUM7Qqd7NEG4Do-ueQ7Uqvietj4ODcWmz64j4=) has send a requested to purchase tirerepairkit x1 from the trader "Vehicle_Parts (Oliver [#STR_EXPANSION_MARKET_TRADER_VEHICLE_PARTS])" in market zone "The Hill" (pos=<7529.135742, 89.198120, 4610.044922>).
00:34:49.054 [Market] Player "MGM_762" (id=6CBOabJUM7Qqd7NEG4Do-ueQ7Uqvietj4ODcWmz64j4=) has bought tirerepairkit x1 from the trader "Vehicle_Parts (Oliver [#STR_EXPANSION_MARKET_TRADER_VEHICLE_PARTS])" in market zone "The Hill" (pos=<7529.135742, 89.198120, 4610.044922>) for a price of 220.
00:35:52.187 [VehicleAttachments] Player MGM_762 (uid=6CBOabJUM7Qqd7NEG4Do-ueQ7Uqvietj4ODcWmz64j4=) detached Car Battery (type=CarBattery) from vehicle UAZ 469(id=FDF02025AD49BC2C0DFADF9166123C4D pos=<7561.017090, 87.675179, 4598.174316>)
00:36:45.742 [Market] Player "MGM_762" (id=6CBOabJUM7Qqd7NEG4Do-ueQ7Uqvietj4ODcWmz64j4=) has send a requested to purchase electronicrepairkit x1 from the trader "Components (Peter [#STR_EXPANSION_MARKET_TRADER_COMPONENTS])" in market zone "The Hill" (pos=<7529.135742, 89.198120, 4610.044922>).
00:36:45.843 [Market] Player "MGM_762" (id=6CBOabJUM7Qqd7NEG4Do-ueQ7Uqvietj4ODcWmz64j4=) has bought electronicrepairkit x1 from the trader "Components (Peter [#STR_EXPANSION_MARKET_TRADER_COMPONENTS])" in market zone "The Hill" (pos=<7529.135742, 89.198120, 4610.044922>) for a price of 35.
00:36:51.648 [Market] Player "MGM_762" (id=6CBOabJUM7Qqd7NEG4Do-ueQ7Uqvietj4ODcWmz64j4=) has send a requested to purchase weaponcleaningkit x1 from the trader "Components (Peter [#STR_EXPANSION_MARKET_TRADER_COMPONENTS])" in market zone "The Hill" (pos=<7529.135742, 89.198120, 4610.044922>).
00:36:51.734 [Market] Player "MGM_762" (id=6CBOabJUM7Qqd7NEG4Do-ueQ7Uqvietj4ODcWmz64j4=) has bought weaponcleaningkit x1 from the trader "Components (Peter [#STR_EXPANSION_MARKET_TRADER_COMPONENTS])" in market zone "The Hill" (pos=<7529.135742, 89.198120, 4610.044922>) for a price of 8.
00:37:11.414 [Market] Player "MGM_762" (id=6CBOabJUM7Qqd7NEG4Do-ueQ7Uqvietj4ODcWmz64j4=) has send a requested to purchase largegascanister x1 from the trader "Components (Peter [#STR_EXPANSION_MARKET_TRADER_COMPONENTS])" in market zone "The Hill" (pos=<7529.135742, 89.198120, 4610.044922>).
00:37:11.500 [Market] Player "MGM_762" (id=6CBOabJUM7Qqd7NEG4Do-ueQ7Uqvietj4ODcWmz64j4=) has bought largegascanister x1 from the trader "Components (Peter [#STR_EXPANSION_MARKET_TRADER_COMPONENTS])" in market zone "The Hill" (pos=<7529.135742, 89.198120, 4610.044922>) for a price of 200.
00:39:29.882 [Market] Player "MGM_762" (id=6CBOabJUM7Qqd7NEG4Do-ueQ7Uqvietj4ODcWmz64j4=) has send a requested to sell bz_hatchet x1 at the trader "Special (Indar [#STR_EXPANSION_MARKET_TRADER_SPECIAL])" in market zone "The Hill" (pos=<7529.135742, 89.198120, 4610.044922>).
00:39:30.007 [Market] Player "MGM_762" (id=6CBOabJUM7Qqd7NEG4Do-ueQ7Uqvietj4ODcWmz64j4=) has sold bz_hatchet x1 at the trader "Special (Indar [#STR_EXPANSION_MARKET_TRADER_SPECIAL])" in market zone "The Hill" (pos=<7529.135742, 89.198120, 4610.044922>) and got 3750.
00:39:33.773 [Market] Player "MGM_762" (id=6CBOabJUM7Qqd7NEG4Do-ueQ7Uqvietj4ODcWmz64j4=) has send a requested to sell bz_knife x1 at the trader "Special (Indar [#STR_EXPANSION_MARKET_TRADER_SPECIAL])" in market zone "The Hill" (pos=<7529.135742, 89.198120, 4610.044922>).
00:39:33.906 [Market] Player "MGM_762" (id=6CBOabJUM7Qqd7NEG4Do-ueQ7Uqvietj4ODcWmz64j4=) has sold bz_knife x1 at the trader "Special (Indar [#STR_EXPANSION_MARKET_TRADER_SPECIAL])" in market zone "The Hill" (pos=<7529.135742, 89.198120, 4610.044922>) and got 3750.
00:43:10.187 [Market] Player "MGM_762" (id=6CBOabJUM7Qqd7NEG4Do-ueQ7Uqvietj4ODcWmz64j4=) has send a requested to sell bz_vest_lava x1 at the trader "Clothing_Accessories (Maria [#STR_EXPANSION_MARKET_TRADER_CLOTHING_ACCESSORIES])" in market zone "The Hill" (pos=<7529.135742, 89.198120, 4610.044922>).
00:43:10.312 [Market] Player "MGM_762" (id=6CBOabJUM7Qqd7NEG4Do-ueQ7Uqvietj4ODcWmz64j4=) has sold bz_vest_lava x1 at the trader "Clothing_Accessories (Maria [#STR_EXPANSION_MARKET_TRADER_CLOTHING_ACCESSORIES])" in market zone "The Hill" (pos=<7529.135742, 89.198120, 4610.044922>) and got 4250.
00:43:11.500 [Market] Player "MGM_762" (id=6CBOabJUM7Qqd7NEG4Do-ueQ7Uqvietj4ODcWmz64j4=) has send a requested to sell bz_vest_lava x1 at the trader "Clothing_Accessories (Maria [#STR_EXPANSION_MARKET_TRADER_CLOTHING_ACCESSORIES])" in market zone "The Hill" (pos=<7529.135742, 89.198120, 4610.044922>).
00:43:11.625 [Market] Player "MGM_762" (id=6CBOabJUM7Qqd7NEG4Do-ueQ7Uqvietj4ODcWmz64j4=) has sold bz_vest_lava x1 at the trader "Clothing_Accessories (Maria [#STR_EXPANSION_MARKET_TRADER_CLOTHING_ACCESSORIES])" in market zone "The Hill" (pos=<7529.135742, 89.198120, 4610.044922>) and got 4250.
00:43:17.718 [Market] Player "MGM_762" (id=6CBOabJUM7Qqd7NEG4Do-ueQ7Uqvietj4ODcWmz64j4=) has send a requested to sell bz_vest_monster x1 at the trader "Clothing_Accessories (Maria [#STR_EXPANSION_MARKET_TRADER_CLOTHING_ACCESSORIES])" in market zone "The Hill" (pos=<7529.135742, 89.198120, 4610.044922>).
00:43:17.843 [Market] Player "MGM_762" (id=6CBOabJUM7Qqd7NEG4Do-ueQ7Uqvietj4ODcWmz64j4=) has sold bz_vest_monster x1 at the trader "Clothing_Accessories (Maria [#STR_EXPANSION_MARKET_TRADER_CLOTHING_ACCESSORIES])" in market zone "The Hill" (pos=<7529.135742, 89.198120, 4610.044922>) and got 8500.
00:43:26.273 [Market] Player "MGM_762" (id=6CBOabJUM7Qqd7NEG4Do-ueQ7Uqvietj4ODcWmz64j4=) has send a requested to sell bz_tactgloves_dbz x1 at the trader "Clothing_Accessories (Maria [#STR_EXPANSION_MARKET_TRADER_CLOTHING_ACCESSORIES])" in market zone "The Hill" (pos=<7529.135742, 89.198120, 4610.044922>).
00:43:26.406 [Market] Player "MGM_762" (id=6CBOabJUM7Qqd7NEG4Do-ueQ7Uqvietj4ODcWmz64j4=) has sold bz_tactgloves_dbz x1 at the trader "Clothing_Accessories (Maria [#STR_EXPANSION_MARKET_TRADER_CLOTHING_ACCESSORIES])" in market zone "The Hill" (pos=<7529.135742, 89.198120, 4610.044922>) and got 3000.
00:43:43.546 [Market] Player "MGM_762" (id=6CBOabJUM7Qqd7NEG4Do-ueQ7Uqvietj4ODcWmz64j4=) has send a requested to sell bz_crypto_pants x1 at the trader "Clothing_Accessories (Maria [#STR_EXPANSION_MARKET_TRADER_CLOTHING_ACCESSORIES])" in market zone "The Hill" (pos=<7529.135742, 89.198120, 4610.044922>).
00:43:43.648 [Market] Player "MGM_762" (id=6CBOabJUM7Qqd7NEG4Do-ueQ7Uqvietj4ODcWmz64j4=) has sold bz_crypto_pants x1 at the trader "Clothing_Accessories (Maria [#STR_EXPANSION_MARKET_TRADER_CLOTHING_ACCESSORIES])" in market zone "The Hill" (pos=<7529.135742, 89.198120, 4610.044922>) and got 7000.
00:43:45.515 [Market] Player "MGM_762" (id=6CBOabJUM7Qqd7NEG4Do-ueQ7Uqvietj4ODcWmz64j4=) has send a requested to sell bz_glitter_pants x1 at the trader "Clothing_Accessories (Maria [#STR_EXPANSION_MARKET_TRADER_CLOTHING_ACCESSORIES])" in market zone "The Hill" (pos=<7529.135742, 89.198120, 4610.044922>).
00:43:45.609 [Market] Player "MGM_762" (id=6CBOabJUM7Qqd7NEG4Do-ueQ7Uqvietj4ODcWmz64j4=) has sold bz_glitter_pants x1 at the trader "Clothing_Accessories (Maria [#STR_EXPANSION_MARKET_TRADER_CLOTHING_ACCESSORIES])" in market zone "The Hill" (pos=<7529.135742, 89.198120, 4610.044922>) and got 7000.
00:43:46.945 [Market] Player "MGM_762" (id=6CBOabJUM7Qqd7NEG4Do-ueQ7Uqvietj4ODcWmz64j4=) has send a requested to sell bz_simpsons_pants x1 at the trader "Clothing_Accessories (Maria [#STR_EXPANSION_MARKET_TRADER_CLOTHING_ACCESSORIES])" in market zone "The Hill" (pos=<7529.135742, 89.198120, 4610.044922>).
00:43:47.046 [Market] Player "MGM_762" (id=6CBOabJUM7Qqd7NEG4Do-ueQ7Uqvietj4ODcWmz64j4=) has sold bz_simpsons_pants x1 at the trader "Clothing_Accessories (Maria [#STR_EXPANSION_MARKET_TRADER_CLOTHING_ACCESSORIES])" in market zone "The Hill" (pos=<7529.135742, 89.198120, 4610.044922>) and got 7000.
00:43:54.953 [Market] Player "MGM_762" (id=6CBOabJUM7Qqd7NEG4Do-ueQ7Uqvietj4ODcWmz64j4=) has send a requested to sell bz_snake_nvgs x1 at the trader "Clothing_Accessories (Maria [#STR_EXPANSION_MARKET_TRADER_CLOTHING_ACCESSORIES])" in market zone "The Hill" (pos=<7529.135742, 89.198120, 4610.044922>).
00:43:55.070 [Market] Player "MGM_762" (id=6CBOabJUM7Qqd7NEG4Do-ueQ7Uqvietj4ODcWmz64j4=) has sold bz_snake_nvgs x1 at the trader "Clothing_Accessories (Maria [#STR_EXPANSION_MARKET_TRADER_CLOTHING_ACCESSORIES])" in market zone "The Hill" (pos=<7529.135742, 89.198120, 4610.044922>) and got 5250.
00:43:56.828 [Market] Player "MGM_762" (id=6CBOabJUM7Qqd7NEG4Do-ueQ7Uqvietj4ODcWmz64j4=) has send a requested to sell bz_tiger_nvgs x1 at the trader "Clothing_Accessories (Maria [#STR_EXPANSION_MARKET_TRADER_CLOTHING_ACCESSORIES])" in market zone "The Hill" (pos=<7529.135742, 89.198120, 4610.044922>).
00:43:56.945 [Market] Player "MGM_762" (id=6CBOabJUM7Qqd7NEG4Do-ueQ7Uqvietj4ODcWmz64j4=) has sold bz_tiger_nvgs x1 at the trader "Clothing_Accessories (Maria [#STR_EXPANSION_MARKET_TRADER_CLOTHING_ACCESSORIES])" in market zone "The Hill" (pos=<7529.135742, 89.198120, 4610.044922>) and got 3500.
00:43:59.484 [Market] Player "MGM_762" (id=6CBOabJUM7Qqd7NEG4Do-ueQ7Uqvietj4ODcWmz64j4=) has send a requested to sell bz_ucp_nvgs x1 at the trader "Clothing_Accessories (Maria [#STR_EXPANSION_MARKET_TRADER_CLOTHING_ACCESSORIES])" in market zone "The Hill" (pos=<7529.135742, 89.198120, 4610.044922>).
00:43:59.593 [Market] Player "MGM_762" (id=6CBOabJUM7Qqd7NEG4Do-ueQ7Uqvietj4ODcWmz64j4=) has sold bz_ucp_nvgs x1 at the trader "Clothing_Accessories (Maria [#STR_EXPANSION_MARKET_TRADER_CLOTHING_ACCESSORIES])" in market zone "The Hill" (pos=<7529.135742, 89.198120, 4610.044922>) and got 5250.
00:44:03.109 [Market] Player "MGM_762" (id=6CBOabJUM7Qqd7NEG4Do-ueQ7Uqvietj4ODcWmz64j4=) has send a requested to sell bz_strangerthings_mask x1 at the trader "Clothing_Accessories (Maria [#STR_EXPANSION_MARKET_TRADER_CLOTHING_ACCESSORIES])" in market zone "The Hill" (pos=<7529.135742, 89.198120, 4610.044922>).
00:44:03.210 [Market] Player "MGM_762" (id=6CBOabJUM7Qqd7NEG4Do-ueQ7Uqvietj4ODcWmz64j4=) has sold bz_strangerthings_mask x1 at the trader "Clothing_Accessories (Maria [#STR_EXPANSION_MARKET_TRADER_CLOTHING_ACCESSORIES])" in market zone "The Hill" (pos=<7529.135742, 89.198120, 4610.044922>) and got 3500.
00:44:04.109 [Market] Player "MGM_762" (id=6CBOabJUM7Qqd7NEG4Do-ueQ7Uqvietj4ODcWmz64j4=) has send a requested to sell bz_tiger_mask x1 at the trader "Clothing_Accessories (Maria [#STR_EXPANSION_MARKET_TRADER_CLOTHING_ACCESSORIES])" in market zone "The Hill" (pos=<7529.135742, 89.198120, 4610.044922>).
00:44:04.218 [Market] Player "MGM_762" (id=6CBOabJUM7Qqd7NEG4Do-ueQ7Uqvietj4ODcWmz64j4=) has sold bz_tiger_mask x1 at the trader "Clothing_Accessories (Maria [#STR_EXPANSION_MARKET_TRADER_CLOTHING_ACCESSORIES])" in market zone "The Hill" (pos=<7529.135742, 89.198120, 4610.044922>) and got 3500.
00:44:05.234 [Market] Player "MGM_762" (id=6CBOabJUM7Qqd7NEG4Do-ueQ7Uqvietj4ODcWmz64j4=) has send a requested to sell bz_urban_mask x1 at the trader "Clothing_Accessories (Maria [#STR_EXPANSION_MARKET_TRADER_CLOTHING_ACCESSORIES])" in market zone "The Hill" (pos=<7529.135742, 89.198120, 4610.044922>).
00:44:05.359 [Market] Player "MGM_762" (id=6CBOabJUM7Qqd7NEG4Do-ueQ7Uqvietj4ODcWmz64j4=) has sold bz_urban_mask x1 at the trader "Clothing_Accessories (Maria [#STR_EXPANSION_MARKET_TRADER_CLOTHING_ACCESSORIES])" in market zone "The Hill" (pos=<7529.135742, 89.198120, 4610.044922>) and got 7000.
00:44:11.078 [Market] Player "MGM_762" (id=6CBOabJUM7Qqd7NEG4Do-ueQ7Uqvietj4ODcWmz64j4=) has send a requested to sell bz_beaniehat_monster x1 at the trader "Clothing_Accessories (Maria [#STR_EXPANSION_MARKET_TRADER_CLOTHING_ACCESSORIES])" in market zone "The Hill" (pos=<7529.135742, 89.198120, 4610.044922>).
00:44:11.187 [Market] Player "MGM_762" (id=6CBOabJUM7Qqd7NEG4Do-ueQ7Uqvietj4ODcWmz64j4=) has sold bz_beaniehat_monster x1 at the trader "Clothing_Accessories (Maria [#STR_EXPANSION_MARKET_TRADER_CLOTHING_ACCESSORIES])" in market zone "The Hill" (pos=<7529.135742, 89.198120, 4610.044922>) and got 3000.
00:44:12.953 [Market] Player "MGM_762" (id=6CBOabJUM7Qqd7NEG4Do-ueQ7Uqvietj4ODcWmz64j4=) has send a requested to sell bz_beaniehat_pokemon x1 at the trader "Clothing_Accessories (Maria [#STR_EXPANSION_MARKET_TRADER_CLOTHING_ACCESSORIES])" in market zone "The Hill" (pos=<7529.135742, 89.198120, 4610.044922>).
00:44:13.085 [Market] Player "MGM_762" (id=6CBOabJUM7Qqd7NEG4Do-ueQ7Uqvietj4ODcWmz64j4=) has sold bz_beaniehat_pokemon x1 at the trader "Clothing_Accessories (Maria [#STR_EXPANSION_MARKET_TRADER_CLOTHING_ACCESSORIES])" in market zone "The Hill" (pos=<7529.135742, 89.198120, 4610.044922>) and got 3000.
00:44:13.976 [Market] Player "MGM_762" (id=6CBOabJUM7Qqd7NEG4Do-ueQ7Uqvietj4ODcWmz64j4=) has send a requested to sell bz_beaniehat_usa x1 at the trader "Clothing_Accessories (Maria [#STR_EXPANSION_MARKET_TRADER_CLOTHING_ACCESSORIES])" in market zone "The Hill" (pos=<7529.135742, 89.198120, 4610.044922>).
00:44:14.093 [Market] Player "MGM_762" (id=6CBOabJUM7Qqd7NEG4Do-ueQ7Uqvietj4ODcWmz64j4=) has sold bz_beaniehat_usa x1 at the trader "Clothing_Accessories (Maria [#STR_EXPANSION_MARKET_TRADER_CLOTHING_ACCESSORIES])" in market zone "The Hill" (pos=<7529.135742, 89.198120, 4610.044922>) and got 3000.
00:44:20.601 [Market] Player "MGM_762" (id=6CBOabJUM7Qqd7NEG4Do-ueQ7Uqvietj4ODcWmz64j4=) has send a requested to sell bz_desert_bag3 x1 at the trader "Clothing_Accessories (Maria [#STR_EXPANSION_MARKET_TRADER_CLOTHING_ACCESSORIES])" in market zone "The Hill" (pos=<7529.135742, 89.198120, 4610.044922>).
00:44:20.718 [Market] Player "MGM_762" (id=6CBOabJUM7Qqd7NEG4Do-ueQ7Uqvietj4ODcWmz64j4=) has sold bz_desert_bag3 x1 at the trader "Clothing_Accessories (Maria [#STR_EXPANSION_MARKET_TRADER_CLOTHING_ACCESSORIES])" in market zone "The Hill" (pos=<7529.135742, 89.198120, 4610.044922>) and got 5250.
00:44:22.062 [Market] Player "MGM_762" (id=6CBOabJUM7Qqd7NEG4Do-ueQ7Uqvietj4ODcWmz64j4=) has send a requested to sell bz_hex1_bag3 x1 at the trader "Clothing_Accessories (Maria [#STR_EXPANSION_MARKET_TRADER_CLOTHING_ACCESSORIES])" in market zone "The Hill" (pos=<7529.135742, 89.198120, 4610.044922>).
00:44:22.187 [Market] Player "MGM_762" (id=6CBOabJUM7Qqd7NEG4Do-ueQ7Uqvietj4ODcWmz64j4=) has sold bz_hex1_bag3 x1 at the trader "Clothing_Accessories (Maria [#STR_EXPANSION_MARKET_TRADER_CLOTHING_ACCESSORIES])" in market zone "The Hill" (pos=<7529.135742, 89.198120, 4610.044922>) and got 3500.
00:44:27.281 [Market] Player "MGM_762" (id=6CBOabJUM7Qqd7NEG4Do-ueQ7Uqvietj4ODcWmz64j4=) has send a requested to sell bz_tropic_bag x1 at the trader "Clothing_Accessories (Maria [#STR_EXPANSION_MARKET_TRADER_CLOTHING_ACCESSORIES])" in market zone "The Hill" (pos=<7529.135742, 89.198120, 4610.044922>).
00:44:27.398 [Market] Player "MGM_762" (id=6CBOabJUM7Qqd7NEG4Do-ueQ7Uqvietj4ODcWmz64j4=) has sold bz_tropic_bag x1 at the trader "Clothing_Accessories (Maria [#STR_EXPANSION_MARKET_TRADER_CLOTHING_ACCESSORIES])" in market zone "The Hill" (pos=<7529.135742, 89.198120, 4610.044922>) and got 7000.
00:44:28.351 [Market] Player "MGM_762" (id=6CBOabJUM7Qqd7NEG4Do-ueQ7Uqvietj4ODcWmz64j4=) has send a requested to sell bz_tz_bag x1 at the trader "Clothing_Accessories (Maria [#STR_EXPANSION_MARKET_TRADER_CLOTHING_ACCESSORIES])" in market zone "The Hill" (pos=<7529.135742, 89.198120, 4610.044922>).
00:44:28.468 [Market] Player "MGM_762" (id=6CBOabJUM7Qqd7NEG4Do-ueQ7Uqvietj4ODcWmz64j4=) has sold bz_tz_bag x1 at the trader "Clothing_Accessories (Maria [#STR_EXPANSION_MARKET_TRADER_CLOTHING_ACCESSORIES])" in market zone "The Hill" (pos=<7529.135742, 89.198120, 4610.044922>) and got 7000.
00:44:29.679 [Market] Player "MGM_762" (id=6CBOabJUM7Qqd7NEG4Do-ueQ7Uqvietj4ODcWmz64j4=) has send a requested to sell bz_tz_bag2 x1 at the trader "Clothing_Accessories (Maria [#STR_EXPANSION_MARKET_TRADER_CLOTHING_ACCESSORIES])" in market zone "The Hill" (pos=<7529.135742, 89.198120, 4610.044922>).
00:44:29.765 [Market] Player "MGM_762" (id=6CBOabJUM7Qqd7NEG4Do-ueQ7Uqvietj4ODcWmz64j4=) has sold bz_tz_bag2 x1 at the trader "Clothing_Accessories (Maria [#STR_EXPANSION_MARKET_TRADER_CLOTHING_ACCESSORIES])" in market zone "The Hill" (pos=<7529.135742, 89.198120, 4610.044922>) and got 1750.
00:46:19.476 [Market] Player "MGM_762" (id=6CBOabJUM7Qqd7NEG4Do-ueQ7Uqvietj4ODcWmz64j4=) has send a requested to sell bz_hellokdp_top x1 at the trader "Clothing (Quinn [#STR_EXPANSION_MARKET_TRADER_CLOTHING])" in market zone "The Hill" (pos=<7529.135742, 89.198120, 4610.044922>).
00:46:19.570 [Market] Player "MGM_762" (id=6CBOabJUM7Qqd7NEG4Do-ueQ7Uqvietj4ODcWmz64j4=) has sold bz_hellokdp_top x1 at the trader "Clothing (Quinn [#STR_EXPANSION_MARKET_TRADER_CLOTHING])" in market zone "The Hill" (pos=<7529.135742, 89.198120, 4610.044922>) and got 7000.
00:46:21.507 [Market] Player "MGM_762" (id=6CBOabJUM7Qqd7NEG4Do-ueQ7Uqvietj4ODcWmz64j4=) has send a requested to sell bz_monster_top x1 at the trader "Clothing (Quinn [#STR_EXPANSION_MARKET_TRADER_CLOTHING])" in market zone "The Hill" (pos=<7529.135742, 89.198120, 4610.044922>).
00:46:21.640 [Market] Player "MGM_762" (id=6CBOabJUM7Qqd7NEG4Do-ueQ7Uqvietj4ODcWmz64j4=) has sold bz_monster_top x1 at the trader "Clothing (Quinn [#STR_EXPANSION_MARKET_TRADER_CLOTHING])" in market zone "The Hill" (pos=<7529.135742, 89.198120, 4610.044922>) and got 7000.
00:46:23.156 [Market] Player "MGM_762" (id=6CBOabJUM7Qqd7NEG4Do-ueQ7Uqvietj4ODcWmz64j4=) has send a requested to sell bz_snake_top x1 at the trader "Clothing (Quinn [#STR_EXPANSION_MARKET_TRADER_CLOTHING])" in market zone "The Hill" (pos=<7529.135742, 89.198120, 4610.044922>).
00:46:23.265 [Market] Player "MGM_762" (id=6CBOabJUM7Qqd7NEG4Do-ueQ7Uqvietj4ODcWmz64j4=) has sold bz_snake_top x1 at the trader "Clothing (Quinn [#STR_EXPANSION_MARKET_TRADER_CLOTHING])" in market zone "The Hill" (pos=<7529.135742, 89.198120, 4610.044922>) and got 7000.
00:46:29.750 [Market] Player "MGM_762" (id=6CBOabJUM7Qqd7NEG4Do-ueQ7Uqvietj4ODcWmz64j4=) has send a requested to sell bz_abstract2_sneakers x1 at the trader "Clothing (Quinn [#STR_EXPANSION_MARKET_TRADER_CLOTHING])" in market zone "The Hill" (pos=<7529.135742, 89.198120, 4610.044922>).
00:46:29.867 [Market] Player "MGM_762" (id=6CBOabJUM7Qqd7NEG4Do-ueQ7Uqvietj4ODcWmz64j4=) has sold bz_abstract2_sneakers x1 at the trader "Clothing (Quinn [#STR_EXPANSION_MARKET_TRADER_CLOTHING])" in market zone "The Hill" (pos=<7529.135742, 89.198120, 4610.044922>) and got 7000.
00:46:30.687 [Market] Player "MGM_762" (id=6CBOabJUM7Qqd7NEG4Do-ueQ7Uqvietj4ODcWmz64j4=) has send a requested to sell bz_hex3_sneakers x1 at the trader "Clothing (Quinn [#STR_EXPANSION_MARKET_TRADER_CLOTHING])" in market zone "The Hill" (pos=<7529.135742, 89.198120, 4610.044922>).
00:46:30.765 [Market] Player "MGM_762" (id=6CBOabJUM7Qqd7NEG4Do-ueQ7Uqvietj4ODcWmz64j4=) has sold bz_hex3_sneakers x1 at the trader "Clothing (Quinn [#STR_EXPANSION_MARKET_TRADER_CLOTHING])" in market zone "The Hill" (pos=<7529.135742, 89.198120, 4610.044922>) and got 7000.
00:46:31.656 [Market] Player "MGM_762" (id=6CBOabJUM7Qqd7NEG4Do-ueQ7Uqvietj4ODcWmz64j4=) has send a requested to sell bz_phemp_sneakers x1 at the trader "Clothing (Quinn [#STR_EXPANSION_MARKET_TRADER_CLOTHING])" in market zone "The Hill" (pos=<7529.135742, 89.198120, 4610.044922>).
00:46:31.781 [Market] Player "MGM_762" (id=6CBOabJUM7Qqd7NEG4Do-ueQ7Uqvietj4ODcWmz64j4=) has sold bz_phemp_sneakers x1 at the trader "Clothing (Quinn [#STR_EXPANSION_MARKET_TRADER_CLOTHING])" in market zone "The Hill" (pos=<7529.135742, 89.198120, 4610.044922>) and got 7000.
00:46:32.828 [Market] Player "MGM_762" (id=6CBOabJUM7Qqd7NEG4Do-ueQ7Uqvietj4ODcWmz64j4=) has send a requested to sell bz_thai_sneakers x1 at the trader "Clothing (Quinn [#STR_EXPANSION_MARKET_TRADER_CLOTHING])" in market zone "The Hill" (pos=<7529.135742, 89.198120, 4610.044922>).
00:46:32.945 [Market] Player "MGM_762" (id=6CBOabJUM7Qqd7NEG4Do-ueQ7Uqvietj4ODcWmz64j4=) has sold bz_thai_sneakers x1 at the trader "Clothing (Quinn [#STR_EXPANSION_MARKET_TRADER_CLOTHING])" in market zone "The Hill" (pos=<7529.135742, 89.198120, 4610.044922>) and got 7000.
00:46:37.671 [Market] Player "MGM_762" (id=6CBOabJUM7Qqd7NEG4Do-ueQ7Uqvietj4ODcWmz64j4=) has send a requested to sell bz_yellowhemp_sneakers x1 at the trader "Clothing (Quinn [#STR_EXPANSION_MARKET_TRADER_CLOTHING])" in market zone "The Hill" (pos=<7529.135742, 89.198120, 4610.044922>).
00:46:37.812 [Market] Player "MGM_762" (id=6CBOabJUM7Qqd7NEG4Do-ueQ7Uqvietj4ODcWmz64j4=) has sold bz_yellowhemp_sneakers x1 at the trader "Clothing (Quinn [#STR_EXPANSION_MARKET_TRADER_CLOTHING])" in market zone "The Hill" (pos=<7529.135742, 89.198120, 4610.044922>) and got 7000.
00:46:43.796 [Market] Player "MGM_762" (id=6CBOabJUM7Qqd7NEG4Do-ueQ7Uqvietj4ODcWmz64j4=) has send a requested to sell bz_leggings_bananas x1 at the trader "Clothing (Quinn [#STR_EXPANSION_MARKET_TRADER_CLOTHING])" in market zone "The Hill" (pos=<7529.135742, 89.198120, 4610.044922>).
00:46:43.898 [Market] Player "MGM_762" (id=6CBOabJUM7Qqd7NEG4Do-ueQ7Uqvietj4ODcWmz64j4=) has sold bz_leggings_bananas x1 at the trader "Clothing (Quinn [#STR_EXPANSION_MARKET_TRADER_CLOTHING])" in market zone "The Hill" (pos=<7529.135742, 89.198120, 4610.044922>) and got 4250.
00:46:44.664 [Market] Player "MGM_762" (id=6CBOabJUM7Qqd7NEG4Do-ueQ7Uqvietj4ODcWmz64j4=) has send a requested to sell bz_leggings_pepsi x1 at the trader "Clothing (Quinn [#STR_EXPANSION_MARKET_TRADER_CLOTHING])" in market zone "The Hill" (pos=<7529.135742, 89.198120, 4610.044922>).
00:46:44.750 [Market] Player "MGM_762" (id=6CBOabJUM7Qqd7NEG4Do-ueQ7Uqvietj4ODcWmz64j4=) has sold bz_leggings_pepsi x1 at the trader "Clothing (Quinn [#STR_EXPANSION_MARKET_TRADER_CLOTHING])" in market zone "The Hill" (pos=<7529.135742, 89.198120, 4610.044922>) and got 2125.
00:46:45.617 [Market] Player "MGM_762" (id=6CBOabJUM7Qqd7NEG4Do-ueQ7Uqvietj4ODcWmz64j4=) has send a requested to sell bz_leggings_thai x1 at the trader "Clothing (Quinn [#STR_EXPANSION_MARKET_TRADER_CLOTHING])" in market zone "The Hill" (pos=<7529.135742, 89.198120, 4610.044922>).
00:46:45.734 [Market] Player "MGM_762" (id=6CBOabJUM7Qqd7NEG4Do-ueQ7Uqvietj4ODcWmz64j4=) has sold bz_leggings_thai x1 at the trader "Clothing (Quinn [#STR_EXPANSION_MARKET_TRADER_CLOTHING])" in market zone "The Hill" (pos=<7529.135742, 89.198120, 4610.044922>) and got 6375.
00:51:23.703 [Market] Player "MGM_762" (id=6CBOabJUM7Qqd7NEG4Do-ueQ7Uqvietj4ODcWmz64j4=) has send a requested to sell snafu_50bmg_suppressor_m x1 at the trader "Attachments (Seth [#STR_EXPANSION_MARKET_TRADER_ATTACHMENTS])" in market zone "The Hill" (pos=<7529.135742, 89.198120, 4610.044922>).
00:51:23.820 [Market] Player "MGM_762" (id=6CBOabJUM7Qqd7NEG4Do-ueQ7Uqvietj4ODcWmz64j4=) has sold snafu_50bmg_suppressor_m x1 at the trader "Attachments (Seth [#STR_EXPANSION_MARKET_TRADER_ATTACHMENTS])" in market zone "The Hill" (pos=<7529.135742, 89.198120, 4610.044922>) and got 300.
00:52:32.125 [Market] Player "MGM_762" (id=6CBOabJUM7Qqd7NEG4Do-ueQ7Uqvietj4ODcWmz64j4=) has send a requested to purchase gcgn_ammo_50cal x50 from the trader "Attachments (Seth [#STR_EXPANSION_MARKET_TRADER_ATTACHMENTS])" in market zone "The Hill" (pos=<7529.135742, 89.198120, 4610.044922>).
00:52:32.281 [Market] Player "MGM_762" (id=6CBOabJUM7Qqd7NEG4Do-ueQ7Uqvietj4ODcWmz64j4=) has bought gcgn_ammo_50cal x50 from the trader "Attachments (Seth [#STR_EXPANSION_MARKET_TRADER_ATTACHMENTS])" in market zone "The Hill" (pos=<7529.135742, 89.198120, 4610.044922>) for a price of 200.
00:58:51.093 [Market] Player "MGM_762" (id=6CBOabJUM7Qqd7NEG4Do-ueQ7Uqvietj4ODcWmz64j4=) has send a requested to sell bz_cosmic_pants x1 at the trader "Clothing_Accessories (Maria [#STR_EXPANSION_MARKET_TRADER_CLOTHING_ACCESSORIES])" in market zone "The Hill" (pos=<7529.135742, 89.198120, 4610.044922>).
00:58:51.203 [Market] Player "MGM_762" (id=6CBOabJUM7Qqd7NEG4Do-ueQ7Uqvietj4ODcWmz64j4=) has sold bz_cosmic_pants x1 at the trader "Clothing_Accessories (Maria [#STR_EXPANSION_MARKET_TRADER_CLOTHING_ACCESSORIES])" in market zone "The Hill" (pos=<7529.135742, 89.198120, 4610.044922>) and got 7000.
00:59:10.820 [Market] Player "MGM_762" (id=6CBOabJUM7Qqd7NEG4Do-ueQ7Uqvietj4ODcWmz64j4=) has send a requested to sell bz_tactgloves_money x1 at the trader "Clothing_Accessories (Maria [#STR_EXPANSION_MARKET_TRADER_CLOTHING_ACCESSORIES])" in market zone "The Hill" (pos=<7529.135742, 89.198120, 4610.044922>).
00:59:10.945 [Market] Player "MGM_762" (id=6CBOabJUM7Qqd7NEG4Do-ueQ7Uqvietj4ODcWmz64j4=) has sold bz_tactgloves_money x1 at the trader "Clothing_Accessories (Maria [#STR_EXPANSION_MARKET_TRADER_CLOTHING_ACCESSORIES])" in market zone "The Hill" (pos=<7529.135742, 89.198120, 4610.044922>) and got 3000.
00:59:34.992 [Market] Player "MGM_762" (id=6CBOabJUM7Qqd7NEG4Do-ueQ7Uqvietj4ODcWmz64j4=) has send a requested to sell bz_money_top x1 at the trader "Clothing (Quinn [#STR_EXPANSION_MARKET_TRADER_CLOTHING])" in market zone "The Hill" (pos=<7529.135742, 89.198120, 4610.044922>).
00:59:35.117 [Market] Player "MGM_762" (id=6CBOabJUM7Qqd7NEG4Do-ueQ7Uqvietj4ODcWmz64j4=) has sold bz_money_top x1 at the trader "Clothing (Quinn [#STR_EXPANSION_MARKET_TRADER_CLOTHING])" in market zone "The Hill" (pos=<7529.135742, 89.198120, 4610.044922>) and got 7000.
00:59:36.640 [Market] Player "MGM_762" (id=6CBOabJUM7Qqd7NEG4Do-ueQ7Uqvietj4ODcWmz64j4=) has send a requested to sell bz_thai_top x1 at the trader "Clothing (Quinn [#STR_EXPANSION_MARKET_TRADER_CLOTHING])" in market zone "The Hill" (pos=<7529.135742, 89.198120, 4610.044922>).
00:59:36.773 [Market] Player "MGM_762" (id=6CBOabJUM7Qqd7NEG4Do-ueQ7Uqvietj4ODcWmz64j4=) has sold bz_thai_top x1 at the trader "Clothing (Quinn [#STR_EXPANSION_MARKET_TRADER_CLOTHING])" in market zone "The Hill" (pos=<7529.135742, 89.198120, 4610.044922>) and got 7000.
00:59:44.593 [Market] Player "MGM_762" (id=6CBOabJUM7Qqd7NEG4Do-ueQ7Uqvietj4ODcWmz64j4=) has send a requested to sell bz_leggings_bubbles x1 at the trader "Clothing (Quinn [#STR_EXPANSION_MARKET_TRADER_CLOTHING])" in market zone "The Hill" (pos=<7529.135742, 89.198120, 4610.044922>).
00:59:44.703 [Market] Player "MGM_762" (id=6CBOabJUM7Qqd7NEG4Do-ueQ7Uqvietj4ODcWmz64j4=) has sold bz_leggings_bubbles x1 at the trader "Clothing (Quinn [#STR_EXPANSION_MARKET_TRADER_CLOTHING])" in market zone "The Hill" (pos=<7529.135742, 89.198120, 4610.044922>) and got 8500.
00:59:45.789 [Market] Player "MGM_762" (id=6CBOabJUM7Qqd7NEG4Do-ueQ7Uqvietj4ODcWmz64j4=) has send a requested to sell bz_leggings_haribo x1 at the trader "Clothing (Quinn [#STR_EXPANSION_MARKET_TRADER_CLOTHING])" in market zone "The Hill" (pos=<7529.135742, 89.198120, 4610.044922>).
00:59:45.914 [Market] Player "MGM_762" (id=6CBOabJUM7Qqd7NEG4Do-ueQ7Uqvietj4ODcWmz64j4=) has sold bz_leggings_haribo x1 at the trader "Clothing (Quinn [#STR_EXPANSION_MARKET_TRADER_CLOTHING])" in market zone "The Hill" (pos=<7529.135742, 89.198120, 4610.044922>) and got 4250.
01:00:12.289 [Market] Player "MGM_762" (id=6CBOabJUM7Qqd7NEG4Do-ueQ7Uqvietj4ODcWmz64j4=) has send a requested to sell bz_vietnam_pants x1 at the trader "Clothing_Accessories (Maria [#STR_EXPANSION_MARKET_TRADER_CLOTHING_ACCESSORIES])" in market zone "The Hill" (pos=<7529.135742, 89.198120, 4610.044922>).
01:00:12.414 [Market] Player "MGM_762" (id=6CBOabJUM7Qqd7NEG4Do-ueQ7Uqvietj4ODcWmz64j4=) has sold bz_vietnam_pants x1 at the trader "Clothing_Accessories (Maria [#STR_EXPANSION_MARKET_TRADER_CLOTHING_ACCESSORIES])" in market zone "The Hill" (pos=<7529.135742, 89.198120, 4610.044922>) and got 7000.
01:00:38.281 [Market] Player "MGM_762" (id=6CBOabJUM7Qqd7NEG4Do-ueQ7Uqvietj4ODcWmz64j4=) has send a requested to sell ammobox_22_50rnd x1 at the trader "Weapons (Mirek [#STR_EXPANSION_MARKET_TRADER_WEAPONS])" in market zone "The Hill" (pos=<7529.135742, 89.198120, 4610.044922>).
01:00:38.367 [Market] Player "MGM_762" (id=6CBOabJUM7Qqd7NEG4Do-ueQ7Uqvietj4ODcWmz64j4=) has sold ammobox_22_50rnd x1 at the trader "Weapons (Mirek [#STR_EXPANSION_MARKET_TRADER_WEAPONS])" in market zone "The Hill" (pos=<7529.135742, 89.198120, 4610.044922>) and got 60.
01:00:51.453 [Market] Player "MGM_762" (id=6CBOabJUM7Qqd7NEG4Do-ueQ7Uqvietj4ODcWmz64j4=) has send a requested to sell expansion_benellim4 x1 at the trader "Weapons (Mirek [#STR_EXPANSION_MARKET_TRADER_WEAPONS])" in market zone "The Hill" (pos=<7529.135742, 89.198120, 4610.044922>).
01:00:51.578 [Market] Player "MGM_762" (id=6CBOabJUM7Qqd7NEG4Do-ueQ7Uqvietj4ODcWmz64j4=) has sold expansion_benellim4 x1 at the trader "Weapons (Mirek [#STR_EXPANSION_MARKET_TRADER_WEAPONS])" in market zone "The Hill" (pos=<7529.135742, 89.198120, 4610.044922>) and got 843.
01:01:28.687 [Market] Player "MGM_762" (id=6CBOabJUM7Qqd7NEG4Do-ueQ7Uqvietj4ODcWmz64j4=) has send a requested to purchase snafu_ammo_300acc x467 from the trader "Weapons (Mirek [#STR_EXPANSION_MARKET_TRADER_WEAPONS])" in market zone "The Hill" (pos=<7529.135742, 89.198120, 4610.044922>).
01:01:28.882 [Market] Player "MGM_762" (id=6CBOabJUM7Qqd7NEG4Do-ueQ7Uqvietj4ODcWmz64j4=) has bought snafu_ammo_300acc x467 from the trader "Weapons (Mirek [#STR_EXPANSION_MARKET_TRADER_WEAPONS])" in market zone "The Hill" (pos=<7529.135742, 89.198120, 4610.044922>) for a price of 1868.
01:01:36.515 [Market] Player "MGM_762" (id=6CBOabJUM7Qqd7NEG4Do-ueQ7Uqvietj4ODcWmz64j4=) has send a requested to sell snafu_ar15sprbk x1 at the trader "Weapons (Mirek [#STR_EXPANSION_MARKET_TRADER_WEAPONS])" in market zone "The Hill" (pos=<7529.135742, 89.198120, 4610.044922>).
01:01:36.648 [Market] Player "MGM_762" (id=6CBOabJUM7Qqd7NEG4Do-ueQ7Uqvietj4ODcWmz64j4=) has sold snafu_ar15sprbk x1 at the trader "Weapons (Mirek [#STR_EXPANSION_MARKET_TRADER_WEAPONS])" in market zone "The Hill" (pos=<7529.135742, 89.198120, 4610.044922>) and got 7575.
01:01:38.070 [Market] Player "MGM_762" (id=6CBOabJUM7Qqd7NEG4Do-ueQ7Uqvietj4ODcWmz64j4=) has send a requested to sell snafuar15_spr_black_gun x1 at the trader "Weapons (Mirek [#STR_EXPANSION_MARKET_TRADER_WEAPONS])" in market zone "The Hill" (pos=<7529.135742, 89.198120, 4610.044922>).
01:01:38.187 [Market] Player "MGM_762" (id=6CBOabJUM7Qqd7NEG4Do-ueQ7Uqvietj4ODcWmz64j4=) has sold snafuar15_spr_black_gun x1 at the trader "Weapons (Mirek [#STR_EXPANSION_MARKET_TRADER_WEAPONS])" in market zone "The Hill" (pos=<7529.135742, 89.198120, 4610.044922>) and got 5587.
01:01:39.695 [Market] Player "MGM_762" (id=6CBOabJUM7Qqd7NEG4Do-ueQ7Uqvietj4ODcWmz64j4=) has send a requested to sell snafusa80 x1 at the trader "Weapons (Mirek [#STR_EXPANSION_MARKET_TRADER_WEAPONS])" in market zone "The Hill" (pos=<7529.135742, 89.198120, 4610.044922>).
01:01:39.796 [Market] Player "MGM_762" (id=6CBOabJUM7Qqd7NEG4Do-ueQ7Uqvietj4ODcWmz64j4=) has sold snafusa80 x1 at the trader "Weapons (Mirek [#STR_EXPANSION_MARKET_TRADER_WEAPONS])" in market zone "The Hill" (pos=<7529.135742, 89.198120, 4610.044922>) and got 7185.
01:01:43.007 [Market] Player "MGM_762" (id=6CBOabJUM7Qqd7NEG4Do-ueQ7Uqvietj4ODcWmz64j4=) has send a requested to sell snafu_scarh_black_gun x1 at the trader "Weapons (Mirek [#STR_EXPANSION_MARKET_TRADER_WEAPONS])" in market zone "The Hill" (pos=<7529.135742, 89.198120, 4610.044922>).
01:01:43.132 [Market] Player "MGM_762" (id=6CBOabJUM7Qqd7NEG4Do-ueQ7Uqvietj4ODcWmz64j4=) has sold snafu_scarh_black_gun x1 at the trader "Weapons (Mirek [#STR_EXPANSION_MARKET_TRADER_WEAPONS])" in market zone "The Hill" (pos=<7529.135742, 89.198120, 4610.044922>) and got 3475.
01:01:46.460 [Market] Player "MGM_762" (id=6CBOabJUM7Qqd7NEG4Do-ueQ7Uqvietj4ODcWmz64j4=) has send a requested to sell snafu_scarh_dkmc_gun x1 at the trader "Weapons (Mirek [#STR_EXPANSION_MARKET_TRADER_WEAPONS])" in market zone "The Hill" (pos=<7529.135742, 89.198120, 4610.044922>).
01:01:46.593 [Market] Player "MGM_762" (id=6CBOabJUM7Qqd7NEG4Do-ueQ7Uqvietj4ODcWmz64j4=) has sold snafu_scarh_dkmc_gun x1 at the trader "Weapons (Mirek [#STR_EXPANSION_MARKET_TRADER_WEAPONS])" in market zone "The Hill" (pos=<7529.135742, 89.198120, 4610.044922>) and got 1762.
01:01:48.640 [Market] Player "MGM_762" (id=6CBOabJUM7Qqd7NEG4Do-ueQ7Uqvietj4ODcWmz64j4=) has send a requested to sell snafutar21_black x1 at the trader "Weapons (Mirek [#STR_EXPANSION_MARKET_TRADER_WEAPONS])" in market zone "The Hill" (pos=<7529.135742, 89.198120, 4610.044922>).
01:01:48.726 [Market] Player "MGM_762" (id=6CBOabJUM7Qqd7NEG4Do-ueQ7Uqvietj4ODcWmz64j4=) has sold snafutar21_black x1 at the trader "Weapons (Mirek [#STR_EXPANSION_MARKET_TRADER_WEAPONS])" in market zone "The Hill" (pos=<7529.135742, 89.198120, 4610.044922>) and got 6900.
01:01:59.203 [Market] Player "MGM_762" (id=6CBOabJUM7Qqd7NEG4Do-ueQ7Uqvietj4ODcWmz64j4=) has send a requested to sell snafut5000_snow_gun x1 at the trader "Weapons (Mirek [#STR_EXPANSION_MARKET_TRADER_WEAPONS])" in market zone "The Hill" (pos=<7529.135742, 89.198120, 4610.044922>).
01:01:59.359 [Market] Player "MGM_762" (id=6CBOabJUM7Qqd7NEG4Do-ueQ7Uqvietj4ODcWmz64j4=) has sold snafut5000_snow_gun x1 at the trader "Weapons (Mirek [#STR_EXPANSION_MARKET_TRADER_WEAPONS])" in market zone "The Hill" (pos=<7529.135742, 89.198120, 4610.044922>) and got 5775.
01:02:04.328 [Market] Player "MGM_762" (id=6CBOabJUM7Qqd7NEG4Do-ueQ7Uqvietj4ODcWmz64j4=) has send a requested to sell snafuhoneybadger_tan x1 at the trader "Weapons (Mirek [#STR_EXPANSION_MARKET_TRADER_WEAPONS])" in market zone "The Hill" (pos=<7529.135742, 89.198120, 4610.044922>).
01:02:04.421 [Market] Player "MGM_762" (id=6CBOabJUM7Qqd7NEG4Do-ueQ7Uqvietj4ODcWmz64j4=) has sold snafuhoneybadger_tan x1 at the trader "Weapons (Mirek [#STR_EXPANSION_MARKET_TRADER_WEAPONS])" in market zone "The Hill" (pos=<7529.135742, 89.198120, 4610.044922>) and got 1125.
01:02:05.679 [Market] Player "MGM_762" (id=6CBOabJUM7Qqd7NEG4Do-ueQ7Uqvietj4ODcWmz64j4=) has send a requested to sell snafu_pdw_9mm x1 at the trader "Weapons (Mirek [#STR_EXPANSION_MARKET_TRADER_WEAPONS])" in market zone "The Hill" (pos=<7529.135742, 89.198120, 4610.044922>).
01:02:05.796 [Market] Player "MGM_762" (id=6CBOabJUM7Qqd7NEG4Do-ueQ7Uqvietj4ODcWmz64j4=) has sold snafu_pdw_9mm x1 at the trader "Weapons (Mirek [#STR_EXPANSION_MARKET_TRADER_WEAPONS])" in market zone "The Hill" (pos=<7529.135742, 89.198120, 4610.044922>) and got 1125.
01:02:32.851 [ATM] Player "MGM_762" (id=6CBOabJUM7Qqd7NEG4Do-ueQ7Uqvietj4ODcWmz64j4=) has deposited 350428 on his ATM account.
01:02:47.179 [ATM] Player "MGM_762" (id=6CBOabJUM7Qqd7NEG4Do-ueQ7Uqvietj4ODcWmz64j4=) has withdrawn 45000 from his ATM account.
01:03:35.062 [Market] Player "MGM_762" (id=6CBOabJUM7Qqd7NEG4Do-ueQ7Uqvietj4ODcWmz64j4=) has send a requested to sell snafu_tango6t_snow x1 at the trader "Attachments (Seth [#STR_EXPANSION_MARKET_TRADER_ATTACHMENTS])" in market zone "The Hill" (pos=<7529.135742, 89.198120, 4610.044922>).
01:03:35.179 [Market] Player "MGM_762" (id=6CBOabJUM7Qqd7NEG4Do-ueQ7Uqvietj4ODcWmz64j4=) has sold snafu_tango6t_snow x1 at the trader "Attachments (Seth [#STR_EXPANSION_MARKET_TRADER_ATTACHMENTS])" in market zone "The Hill" (pos=<7529.135742, 89.198120, 4610.044922>) and got 300.
01:03:35.750 [Market] Player "MGM_762" (id=6CBOabJUM7Qqd7NEG4Do-ueQ7Uqvietj4ODcWmz64j4=) has send a requested to sell snafu_tango6t_snow x1 at the trader "Attachments (Seth [#STR_EXPANSION_MARKET_TRADER_ATTACHMENTS])" in market zone "The Hill" (pos=<7529.135742, 89.198120, 4610.044922>).
01:03:35.875 [Market] Player "MGM_762" (id=6CBOabJUM7Qqd7NEG4Do-ueQ7Uqvietj4ODcWmz64j4=) has sold snafu_tango6t_snow x1 at the trader "Attachments (Seth [#STR_EXPANSION_MARKET_TRADER_ATTACHMENTS])" in market zone "The Hill" (pos=<7529.135742, 89.198120, 4610.044922>) and got 75.
01:03:36.421 [Market] Player "MGM_762" (id=6CBOabJUM7Qqd7NEG4Do-ueQ7Uqvietj4ODcWmz64j4=) has send a requested to sell snafu_tango6t_snow x1 at the trader "Attachments (Seth [#STR_EXPANSION_MARKET_TRADER_ATTACHMENTS])" in market zone "The Hill" (pos=<7529.135742, 89.198120, 4610.044922>).
01:03:36.523 [Market] Player "MGM_762" (id=6CBOabJUM7Qqd7NEG4Do-ueQ7Uqvietj4ODcWmz64j4=) has sold snafu_tango6t_snow x1 at the trader "Attachments (Seth [#STR_EXPANSION_MARKET_TRADER_ATTACHMENTS])" in market zone "The Hill" (pos=<7529.135742, 89.198120, 4610.044922>) and got 150.
01:03:37.093 [Market] Player "MGM_762" (id=6CBOabJUM7Qqd7NEG4Do-ueQ7Uqvietj4ODcWmz64j4=) has send a requested to sell snafu_tango6t_snow x1 at the trader "Attachments (Seth [#STR_EXPANSION_MARKET_TRADER_ATTACHMENTS])" in market zone "The Hill" (pos=<7529.135742, 89.198120, 4610.044922>).
01:03:37.218 [Market] Player "MGM_762" (id=6CBOabJUM7Qqd7NEG4Do-ueQ7Uqvietj4ODcWmz64j4=) has sold snafu_tango6t_snow x1 at the trader "Attachments (Seth [#STR_EXPANSION_MARKET_TRADER_ATTACHMENTS])" in market zone "The Hill" (pos=<7529.135742, 89.198120, 4610.044922>) and got 75.
01:03:37.781 [Market] Player "MGM_762" (id=6CBOabJUM7Qqd7NEG4Do-ueQ7Uqvietj4ODcWmz64j4=) has send a requested to sell snafu_tango6t_snow x1 at the trader "Attachments (Seth [#STR_EXPANSION_MARKET_TRADER_ATTACHMENTS])" in market zone "The Hill" (pos=<7529.135742, 89.198120, 4610.044922>).
01:03:37.898 [Market] Player "MGM_762" (id=6CBOabJUM7Qqd7NEG4Do-ueQ7Uqvietj4ODcWmz64j4=) has sold snafu_tango6t_snow x1 at the trader "Attachments (Seth [#STR_EXPANSION_MARKET_TRADER_ATTACHMENTS])" in market zone "The Hill" (pos=<7529.135742, 89.198120, 4610.044922>) and got 225.
01:03:48.468 [Market] Player "MGM_762" (id=6CBOabJUM7Qqd7NEG4Do-ueQ7Uqvietj4ODcWmz64j4=) has send a requested to purchase snafu_docter x1 from the trader "Attachments (Seth [#STR_EXPANSION_MARKET_TRADER_ATTACHMENTS])" in market zone "The Hill" (pos=<7529.135742, 89.198120, 4610.044922>).
01:03:48.554 [Market] Player "MGM_762" (id=6CBOabJUM7Qqd7NEG4Do-ueQ7Uqvietj4ODcWmz64j4=) has bought snafu_docter x1 from the trader "Attachments (Seth [#STR_EXPANSION_MARKET_TRADER_ATTACHMENTS])" in market zone "The Hill" (pos=<7529.135742, 89.198120, 4610.044922>) for a price of 400.
01:16:06.234 [Market] Player "MGM_762" (id=6CBOabJUM7Qqd7NEG4Do-ueQ7Uqvietj4ODcWmz64j4=) has send a requested to sell snafu_modbipod x1 at the trader "Attachments (Seth [#STR_EXPANSION_MARKET_TRADER_ATTACHMENTS])" in market zone "The Hill" (pos=<7529.135742, 89.198120, 4610.044922>).
01:16:06.351 [Market] Player "MGM_762" (id=6CBOabJUM7Qqd7NEG4Do-ueQ7Uqvietj4ODcWmz64j4=) has sold snafu_modbipod x1 at the trader "Attachments (Seth [#STR_EXPANSION_MARKET_TRADER_ATTACHMENTS])" in market zone "The Hill" (pos=<7529.135742, 89.198120, 4610.044922>) and got 75.
01:16:49.375 [Market] Player "MGM_762" (id=6CBOabJUM7Qqd7NEG4Do-ueQ7Uqvietj4ODcWmz64j4=) has send a requested to purchase snafu_docter x1 from the trader "Attachments (Seth [#STR_EXPANSION_MARKET_TRADER_ATTACHMENTS])" in market zone "The Hill" (pos=<7529.135742, 89.198120, 4610.044922>).
01:16:49.484 [Market] Player "MGM_762" (id=6CBOabJUM7Qqd7NEG4Do-ueQ7Uqvietj4ODcWmz64j4=) has bought snafu_docter x1 from the trader "Attachments (Seth [#STR_EXPANSION_MARKET_TRADER_ATTACHMENTS])" in market zone "The Hill" (pos=<7529.135742, 89.198120, 4610.044922>) for a price of 400.
01:17:27.500 [Market] Player "MGM_762" (id=6CBOabJUM7Qqd7NEG4Do-ueQ7Uqvietj4ODcWmz64j4=) has send a requested to purchase ammo_545x39 x500 from the trader "Attachments (Seth [#STR_EXPANSION_MARKET_TRADER_ATTACHMENTS])" in market zone "The Hill" (pos=<7529.135742, 89.198120, 4610.044922>).
01:17:27.625 [Market] Player "MGM_762" (id=6CBOabJUM7Qqd7NEG4Do-ueQ7Uqvietj4ODcWmz64j4=) has bought ammo_545x39 x500 from the trader "Attachments (Seth [#STR_EXPANSION_MARKET_TRADER_ATTACHMENTS])" in market zone "The Hill" (pos=<7529.135742, 89.198120, 4610.044922>) for a price of 1000.
01:18:01.421 [Market] Player "MGM_762" (id=6CBOabJUM7Qqd7NEG4Do-ueQ7Uqvietj4ODcWmz64j4=) has send a requested to sell bz_hex2_bag x1 at the trader "Clothing_Accessories (Maria [#STR_EXPANSION_MARKET_TRADER_CLOTHING_ACCESSORIES])" in market zone "The Hill" (pos=<7529.135742, 89.198120, 4610.044922>).
01:18:01.507 [Market] Player "MGM_762" (id=6CBOabJUM7Qqd7NEG4Do-ueQ7Uqvietj4ODcWmz64j4=) has sold bz_hex2_bag x1 at the trader "Clothing_Accessories (Maria [#STR_EXPANSION_MARKET_TRADER_CLOTHING_ACCESSORIES])" in market zone "The Hill" (pos=<7529.135742, 89.198120, 4610.044922>) and got 3500.
01:18:31.101 [Market] Player "MGM_762" (id=6CBOabJUM7Qqd7NEG4Do-ueQ7Uqvietj4ODcWmz64j4=) has send a requested to purchase electronicrepairkit x1 from the trader "Components (Peter [#STR_EXPANSION_MARKET_TRADER_COMPONENTS])" in market zone "The Hill" (pos=<7529.135742, 89.198120, 4610.044922>).
01:18:31.210 [Market] Player "MGM_762" (id=6CBOabJUM7Qqd7NEG4Do-ueQ7Uqvietj4ODcWmz64j4=) has bought electronicrepairkit x1 from the trader "Components (Peter [#STR_EXPANSION_MARKET_TRADER_COMPONENTS])" in market zone "The Hill" (pos=<7529.135742, 89.198120, 4610.044922>) for a price of 35.
01:18:34.742 [Market] Player "MGM_762" (id=6CBOabJUM7Qqd7NEG4Do-ueQ7Uqvietj4ODcWmz64j4=) has send a requested to purchase weaponcleaningkit x1 from the trader "Components (Peter [#STR_EXPANSION_MARKET_TRADER_COMPONENTS])" in market zone "The Hill" (pos=<7529.135742, 89.198120, 4610.044922>).
01:18:34.843 [Market] Player "MGM_762" (id=6CBOabJUM7Qqd7NEG4Do-ueQ7Uqvietj4ODcWmz64j4=) has bought weaponcleaningkit x1 from the trader "Components (Peter [#STR_EXPANSION_MARKET_TRADER_COMPONENTS])" in market zone "The Hill" (pos=<7529.135742, 89.198120, 4610.044922>) for a price of 8.
01:18:38.945 [Market] Player "MGM_762" (id=6CBOabJUM7Qqd7NEG4Do-ueQ7Uqvietj4ODcWmz64j4=) has send a requested to purchase weaponcleaningkit x1 from the trader "Components (Peter [#STR_EXPANSION_MARKET_TRADER_COMPONENTS])" in market zone "The Hill" (pos=<7529.135742, 89.198120, 4610.044922>).
01:18:39.093 [Market] Player "MGM_762" (id=6CBOabJUM7Qqd7NEG4Do-ueQ7Uqvietj4ODcWmz64j4=) has bought weaponcleaningkit x1 from the trader "Components (Peter [#STR_EXPANSION_MARKET_TRADER_COMPONENTS])" in market zone "The Hill" (pos=<7529.135742, 89.198120, 4610.044922>) for a price of 8.
01:19:22.210 [Market] Player "MGM_762" (id=6CBOabJUM7Qqd7NEG4Do-ueQ7Uqvietj4ODcWmz64j4=) has send a requested to purchase pot x1 from the trader "Components (Peter [#STR_EXPANSION_MARKET_TRADER_COMPONENTS])" in market zone "The Hill" (pos=<7529.135742, 89.198120, 4610.044922>).
01:19:22.320 [Market] Player "MGM_762" (id=6CBOabJUM7Qqd7NEG4Do-ueQ7Uqvietj4ODcWmz64j4=) has bought pot x1 from the trader "Components (Peter [#STR_EXPANSION_MARKET_TRADER_COMPONENTS])" in market zone "The Hill" (pos=<7529.135742, 89.198120, 4610.044922>) for a price of 25.
01:22:45.351 [Market] Player "MGM_762" (id=6CBOabJUM7Qqd7NEG4Do-ueQ7Uqvietj4ODcWmz64j4=) has send a requested to purchase battery9v x1 from the trader "Special (Indar [#STR_EXPANSION_MARKET_TRADER_SPECIAL])" in market zone "The Hill" (pos=<7529.135742, 89.198120, 4610.044922>).
01:22:45.460 [Market] Player "MGM_762" (id=6CBOabJUM7Qqd7NEG4Do-ueQ7Uqvietj4ODcWmz64j4=) has bought battery9v x1 from the trader "Special (Indar [#STR_EXPANSION_MARKET_TRADER_SPECIAL])" in market zone "The Hill" (pos=<7529.135742, 89.198120, 4610.044922>) for a price of 10.
01:22:45.804 [Market] Player "MGM_762" (id=6CBOabJUM7Qqd7NEG4Do-ueQ7Uqvietj4ODcWmz64j4=) has send a requested to purchase battery9v x1 from the trader "Special (Indar [#STR_EXPANSION_MARKET_TRADER_SPECIAL])" in market zone "The Hill" (pos=<7529.135742, 89.198120, 4610.044922>).
01:22:45.890 [Market] Player "MGM_762" (id=6CBOabJUM7Qqd7NEG4Do-ueQ7Uqvietj4ODcWmz64j4=) has bought battery9v x1 from the trader "Special (Indar [#STR_EXPANSION_MARKET_TRADER_SPECIAL])" in market zone "The Hill" (pos=<7529.135742, 89.198120, 4610.044922>) for a price of 10.
01:22:46.382 [Market] Player "MGM_762" (id=6CBOabJUM7Qqd7NEG4Do-ueQ7Uqvietj4ODcWmz64j4=) has send a requested to purchase battery9v x1 from the trader "Special (Indar [#STR_EXPANSION_MARKET_TRADER_SPECIAL])" in market zone "The Hill" (pos=<7529.135742, 89.198120, 4610.044922>).
01:22:46.460 [Market] Player "MGM_762" (id=6CBOabJUM7Qqd7NEG4Do-ueQ7Uqvietj4ODcWmz64j4=) has bought battery9v x1 from the trader "Special (Indar [#STR_EXPANSION_MARKET_TRADER_SPECIAL])" in market zone "The Hill" (pos=<7529.135742, 89.198120, 4610.044922>) for a price of 10.
01:24:08.960 [Market] Player "MGM_762" (id=6CBOabJUM7Qqd7NEG4Do-ueQ7Uqvietj4ODcWmz64j4=) has send a requested to purchase bz_pot x1 from the trader "Special (Indar [#STR_EXPANSION_MARKET_TRADER_SPECIAL])" in market zone "The Hill" (pos=<7529.135742, 89.198120, 4610.044922>).
01:24:09.054 [Market] Player "MGM_762" (id=6CBOabJUM7Qqd7NEG4Do-ueQ7Uqvietj4ODcWmz64j4=) has bought bz_pot x1 from the trader "Special (Indar [#STR_EXPANSION_MARKET_TRADER_SPECIAL])" in market zone "The Hill" (pos=<7529.135742, 89.198120, 4610.044922>) for a price of 5000.
01:27:10.539 [Market] Player "MGM_762" (id=6CBOabJUM7Qqd7NEG4Do-ueQ7Uqvietj4ODcWmz64j4=) has send a requested to purchase bz_pot x1 from the trader "Special (Indar [#STR_EXPANSION_MARKET_TRADER_SPECIAL])" in market zone "The Hill" (pos=<7529.135742, 89.198120, 4610.044922>).
01:27:10.664 [Market] Player "MGM_762" (id=6CBOabJUM7Qqd7NEG4Do-ueQ7Uqvietj4ODcWmz64j4=) has bought bz_pot x1 from the trader "Special (Indar [#STR_EXPANSION_MARKET_TRADER_SPECIAL])" in market zone "The Hill" (pos=<7529.135742, 89.198120, 4610.044922>) for a price of 5000.
01:28:15.609 [VehicleEnter] Player MGM_762 [uid=6CBOabJUM7Qqd7NEG4Do-ueQ7Uqvietj4ODcWmz64j4=] entered vehicle UAZ 469 (id=FDF02025AD49BC2C0DFADF9166123C4D pos=<7561.017090, 87.675171, 4598.174316>) as driver
01:28:27.093 [VehicleLeave] Player MGM_762 [uid=6CBOabJUM7Qqd7NEG4Do-ueQ7Uqvietj4ODcWmz64j4=] left vehicle UAZ 469 (id=FDF02025AD49BC2C0DFADF9166123C4D pos=<7561.017090, 87.675171, 4598.174316>)
01:32:05.539 [VehicleEnter] Player MGM_762 [uid=6CBOabJUM7Qqd7NEG4Do-ueQ7Uqvietj4ODcWmz64j4=] entered vehicle UAZ 469 (id=FDF02025AD49BC2C0DFADF9166123C4D pos=<7561.017090, 87.675171, 4598.174316>) as driver
01:32:07.640 [VehicleEngine] Player MGM_762 [uid=6CBOabJUM7Qqd7NEG4Do-ueQ7Uqvietj4ODcWmz64j4=] started vehicle UAZ 469 (id=FDF02025AD49BC2C0DFADF9166123C4D pos=<7561.017090, 87.675171, 4598.174316>)
01:33:41.101 [Safezone] Player "MGM_762" (id=6CBOabJUM7Qqd7NEG4Do-ueQ7Uqvietj4ODcWmz64j4= pos=<7830.553711, 33.175083, 4488.323730>) Left the safezone
01:34:19.515 [VehicleLeave] Player MGM_762 [uid=6CBOabJUM7Qqd7NEG4Do-ueQ7Uqvietj4ODcWmz64j4=] left vehicle UAZ 469 (id=FDF02025AD49BC2C0DFADF9166123C4D pos=<7973.186035, 7.327528, 4265.660645>)
01:35:15.523 [VehicleEnter] Player MGM_762 [uid=6CBOabJUM7Qqd7NEG4Do-ueQ7Uqvietj4ODcWmz64j4=] entered vehicle UAZ 469 (id=FDF02025AD49BC2C0DFADF9166123C4D pos=<7973.186035, 7.327601, 4265.660645>) as driver
01:35:30.984 [VehicleLeave] Player MGM_762 [uid=6CBOabJUM7Qqd7NEG4Do-ueQ7Uqvietj4ODcWmz64j4=] left vehicle UAZ 469 (id=FDF02025AD49BC2C0DFADF9166123C4D pos=<7941.670898, 6.424594, 4249.148926>)
01:36:21.765 [VehicleEnter] Player MGM_762 [uid=6CBOabJUM7Qqd7NEG4Do-ueQ7Uqvietj4ODcWmz64j4=] entered vehicle UAZ 469 (id=FDF02025AD49BC2C0DFADF9166123C4D pos=<7941.670898, 6.424594, 4249.148926>) as driver
01:36:46.664 [MissionAirdrop] An airdrop is heading towards "Old-Town" (pos=<1849.000000, 0.000000, 8830.000000> type=Random_Old-Town) with a ExpansionAirdropContainer_Military
01:45:20.656 [VehicleEngine] Player MGM_762 [uid=6CBOabJUM7Qqd7NEG4Do-ueQ7Uqvietj4ODcWmz64j4=] stopped vehicle UAZ 469 (id=FDF02025AD49BC2C0DFADF9166123C4D pos=<3195.603516, 2.679792, 1670.799927>)
01:45:24.023 [VehicleLeave] Player MGM_762 [uid=6CBOabJUM7Qqd7NEG4Do-ueQ7Uqvietj4ODcWmz64j4=] left vehicle UAZ 469 (id=FDF02025AD49BC2C0DFADF9166123C4D pos=<3195.603760, 2.679793, 1670.799927>)
03:07:46.953 [MissionAirdrop] An airdrop is heading towards "Greenville" (pos=<4658.000000, 0.000000, 1414.000000> type=Random_Greenville) with a ExpansionAirdropContainer_Military
03:15:45.156 [VehicleDeleted] ExpansionUAZ (id=FDF02025AD49BC2C0DFADF9166123C4D pos=<3195.603760, 2.679793, 1670.799927>)
03:15:45.156 [VirtualGarage] Player "MGM_762" (id=6CBOabJUM7Qqd7NEG4Do-ueQ7Uqvietj4ODcWmz64j4= pos=<3206.941650, 1.765320, 1650.918579>) stored a vehicle "ExpansionUAZ" (GlobalID=80000000800000008000000080002A87 pos=<3195.603760, 2.679793, 1670.799927>)
03:18:26.570 [Party] Player "MGM_762" (id=6CBOabJUM7Qqd7NEG4Do-ueQ7Uqvietj4ODcWmz64j4=) left the party "OSS" (id=0 ownerUID=_i471QtP-cQO7LGlvQxSkkb6U2OdaENSi4dYAnCjv04= ownerName=NOVAKILLSFORYOU)
04:39:33.062 [MissionAirdrop] An airdrop is heading towards "Hazelands" (pos=<4539.000000, 0.000000, 2317.000000> type=Random_Hazelands) with a ExpansionAirdropContainer_Medical
06:10:51.656 [MissionAirdrop] An airdrop is heading towards "Warren-Cove" (pos=<6924.000000, 0.000000, 5473.000000> type=Random_Warren-Cove) with a ExpansionAirdropContainer
