16:41:06.269 [MissionAirdrop] An airdrop is heading towards "Westbrook" (pos=<3614.000000, 0.000000, 6360.000000> type=Random_Westbrook) with a ExpansionAirdropContainer
18:11:10.808 [MissionAirdrop] An airdrop is heading towards "Kushville" (pos=<7630.000000, 0.000000, 3717.000000> type=Random_Kushville) with a ExpansionAirdropContainer_Military
19:40:24.859 [MissionAirdrop] An airdrop is heading towards "Stonington" (pos=<6973.000000, 0.000000, 1701.000000> type=Random_Stonington) with a ExpansionAirdropContainer_Medical
20:40:21.671 [Party] Player "NOVAKILLSFORYOU" (id=_i471QtP-cQO7LGlvQxSkkb6U2OdaENSi4dYAnCjv04=) joinded the party "OSS" (id=0 ownerUID=_i471QtP-cQO7LGlvQxSkkb6U2OdaENSi4dYAnCjv04= ownerName=NOVAKILLSFORYOU)
20:40:21.710 [Expansion Quests] - InitQuestSystemClient - Loaded existing player quest data for player with UID: _i471QtP-cQO7LGlvQxSkkb6U2OdaENSi4dYAnCjv04=
20:40:21.710 [Expansion Quests] - LoadGroupQuestData - Loaded existing group quest data for group with ID: 0
20:40:21.710 [Expansion Quests] - Create new quest instance for quest: 8 - Player UID: _i471QtP-cQO7LGlvQxSkkb6U2OdaENSi4dYAnCjv04=
20:40:21.710 [Expansion Quests] - Create new quest instance for quest: 9 - Player UID: _i471QtP-cQO7LGlvQxSkkb6U2OdaENSi4dYAnCjv04=
20:40:21.710 [Expansion Quests] - Create new quest instance for quest: 11 - Player UID: _i471QtP-cQO7LGlvQxSkkb6U2OdaENSi4dYAnCjv04=
20:40:22.585 [Expansion Quests] - LoadGroupQuestData - Got cached group quest data for group with ID: 0
20:41:07.242 [Party] Player "MGM_762" (id=6CBOabJUM7Qqd7NEG4Do-ueQ7Uqvietj4ODcWmz64j4=) joinded the party "OSS" (id=0 ownerUID=_i471QtP-cQO7LGlvQxSkkb6U2OdaENSi4dYAnCjv04= ownerName=NOVAKILLSFORYOU)
20:41:07.265 [Expansion Quests] - InitQuestSystemClient - Loaded existing player quest data for player with UID: 6CBOabJUM7Qqd7NEG4Do-ueQ7Uqvietj4ODcWmz64j4=
20:41:07.265 [Expansion Quests] - LoadGroupQuestData - Got cached group quest data for group with ID: 0
20:41:07.265 [Expansion Quests] - Create new quest instance for quest: 8 - Player UID: 6CBOabJUM7Qqd7NEG4Do-ueQ7Uqvietj4ODcWmz64j4=
20:41:07.265 [Expansion Quests] - Create new quest instance for quest: 9 - Player UID: 6CBOabJUM7Qqd7NEG4Do-ueQ7Uqvietj4ODcWmz64j4=
20:41:07.265 [Expansion Quests] - Create new quest instance for quest: 11 - Player UID: 6CBOabJUM7Qqd7NEG4Do-ueQ7Uqvietj4ODcWmz64j4=
20:41:07.968 [Expansion Quests] - LoadGroupQuestData - Got cached group quest data for group with ID: 0
20:42:28.226 [Market] Player "NOVAKILLSFORYOU" (id=_i471QtP-cQO7LGlvQxSkkb6U2OdaENSi4dYAnCjv04=) has send a requested to sell bz_shirt_abstract2 x1 at the trader "Ballerz (Maria [#BallerZ])" in market zone "World Trader Zone" (pos=<7500.000000, 0.000000, 7500.000000>).
20:42:28.234 [Market] Player "NOVAKILLSFORYOU" (id=_i471QtP-cQO7LGlvQxSkkb6U2OdaENSi4dYAnCjv04=) has sold bz_shirt_abstract2 x1 at the trader "Ballerz (Maria [#BallerZ])" in market zone "World Trader Zone" (pos=<7500.000000, 0.000000, 7500.000000>) and got 4250.
20:42:29.539 [Market] Player "NOVAKILLSFORYOU" (id=_i471QtP-cQO7LGlvQxSkkb6U2OdaENSi4dYAnCjv04=) has send a requested to sell bz_shirt_tiger x1 at the trader "Ballerz (Maria [#BallerZ])" in market zone "World Trader Zone" (pos=<7500.000000, 0.000000, 7500.000000>).
20:42:29.539 [Market] Player "NOVAKILLSFORYOU" (id=_i471QtP-cQO7LGlvQxSkkb6U2OdaENSi4dYAnCjv04=) has sold bz_shirt_tiger x1 at the trader "Ballerz (Maria [#BallerZ])" in market zone "World Trader Zone" (pos=<7500.000000, 0.000000, 7500.000000>) and got 8500.
20:49:37.250 [ATM] Player "NOVAKILLSFORYOU" (id=_i471QtP-cQO7LGlvQxSkkb6U2OdaENSi4dYAnCjv04=) has deposited 12750 on his ATM account.
20:51:20.226 [VehicleCarKey] Player "MGM_762" (id=6CBOabJUM7Qqd7NEG4Do-ueQ7Uqvietj4ODcWmz64j4= pos=<3204.786621, 1.785766, 1612.020386>) used the  ExpansionCarKey to unlock ExpansionMh6 (id=499FE3913144D91C947263A0B96B9FF0 pos=<3206.007080, 1.569248, 1610.957153>)
20:51:24.000 [AI Patrol] Spawning 2 TempleValleyIsle bots at <575.566833, 30.430088, 817.321106>
20:51:25.500 [VehicleEnter] Player NOVAKILLSFORYOU [uid=_i471QtP-cQO7LGlvQxSkkb6U2OdaENSi4dYAnCjv04=] entered vehicle Mh-6 Little Bird (id=499FE3913144D91C947263A0B96B9FF0 pos=<3206.007080, 1.569248, 1610.957153>) as passenger
20:51:31.890 [VehicleEnter] Player MGM_762 [uid=6CBOabJUM7Qqd7NEG4Do-ueQ7Uqvietj4ODcWmz64j4=] entered vehicle Mh-6 Little Bird (id=499FE3913144D91C947263A0B96B9FF0 pos=<3206.007324, 1.569076, 1610.957397>) as pilot
20:51:37.835 [VehicleEngine] Player MGM_762 [uid=6CBOabJUM7Qqd7NEG4Do-ueQ7Uqvietj4ODcWmz64j4=] started vehicle Mh-6 Little Bird (id=499FE3913144D91C947263A0B96B9FF0 pos=<3206.008057, 1.569171, 1610.957275>)
20:52:55.671 [AI Patrol] Spawning 3 ParisIsland bots at <2959.895020, 22.450001, 3923.505615>
20:53:04.570 [AI Patrol] Spawning 3 ParisIsland2 bots at <2460.770264, 23.333071, 4109.818359>
20:53:06.609 [Killfeed] AI Helga (ParisIsland2) fell to their death.
20:53:07.421 [Killfeed] AI Indar (ParisIsland2) fell to their death.
20:53:52.367 [AI Object Patrol] Spawning 2 East bots at <3255.903564, 21.183317, 6512.147461>
20:54:51.601 [AI Patrol] Spawning 3 OldTown bots at <1896.272217, 9.190000, 8792.182617>
20:54:53.921 [AI Object Patrol] Spawning 2 East bots at <1968.403931, 9.941629, 9001.665039>
20:55:47.085 [AI Object Patrol] Spawning 1 East bots at <3261.721924, 3.774122, 11171.882813>
20:56:14.351 [AI Object Patrol] Spawning 1 West bots at <1672.000000, 20.000000, 12716.000000>
20:56:36.210 [AI Patrol] Spawning 2 IslandCastle bots at <2589.801025, 40.216877, 13838.210938>
20:57:01.335 [AI Object Patrol] Spawning 1 West bots at <1677.761230, 3.976922, 14802.707031>
20:57:18.445 [Safezone] Player "MGM_762" (id=6CBOabJUM7Qqd7NEG4Do-ueQ7Uqvietj4ODcWmz64j4= pos=<2169.346924, 120.593094, 14433.712891>) Entered the safezone
20:57:18.445 [Safezone] Player "NOVAKILLSFORYOU" (id=_i471QtP-cQO7LGlvQxSkkb6U2OdaENSi4dYAnCjv04= pos=<2170.131348, 120.595284, 14433.759766>) Entered the safezone
20:57:38.476 [AI Object Patrol] Despawning 2 East bots (spawn position <3255.903564, 21.183317, 6512.147461>, 0/2 deceased)
20:58:02.210 [VehicleEngine] Player MGM_762 [uid=6CBOabJUM7Qqd7NEG4Do-ueQ7Uqvietj4ODcWmz64j4=] stopped vehicle Mh-6 Little Bird (id=499FE3913144D91C947263A0B96B9FF0 pos=<2176.062256, 32.466316, 14611.210938>)
20:58:06.515 [VehicleLeave] Player NOVAKILLSFORYOU [uid=_i471QtP-cQO7LGlvQxSkkb6U2OdaENSi4dYAnCjv04=] left vehicle Mh-6 Little Bird (id=499FE3913144D91C947263A0B96B9FF0 pos=<2176.062256, 32.467216, 14611.209961>)
20:58:11.734 [VehicleLeave] Player MGM_762 [uid=6CBOabJUM7Qqd7NEG4Do-ueQ7Uqvietj4ODcWmz64j4=] left vehicle Mh-6 Little Bird (id=499FE3913144D91C947263A0B96B9FF0 pos=<2176.062256, 32.467220, 14611.209961>)
21:01:22.835 [AI Patrol] Despawning 2 TempleValleyIsle bots (spawn position <575.566833, 30.430088, 817.321106>, 0/2 deceased)
21:03:38.140 [AI Patrol] Despawning 3 ParisIsland bots (spawn position <2959.895020, 22.450001, 3923.505615>, 0/3 deceased)
21:03:38.218 [AI Patrol] Despawning 1 ParisIsland2 bots (spawn position <2460.770264, 23.333071, 4109.818359>, 2/3 deceased)
21:05:23.070 [Market] Player "NOVAKILLSFORYOU" (id=_i471QtP-cQO7LGlvQxSkkb6U2OdaENSi4dYAnCjv04=) has send a requested to sell bz_sw_sneakers x1 at the trader "Ballerz (Helga [#BallerZ])" in market zone "The Rig" (pos=<2154.000000, 30.000000, 14620.000000>).
21:05:23.078 [Market] Player "NOVAKILLSFORYOU" (id=_i471QtP-cQO7LGlvQxSkkb6U2OdaENSi4dYAnCjv04=) has sold bz_sw_sneakers x1 at the trader "Ballerz (Helga [#BallerZ])" in market zone "The Rig" (pos=<2154.000000, 30.000000, 14620.000000>) and got 7000.
21:05:23.390 [AI Patrol] Despawning 3 OldTown bots (spawn position <1896.272217, 9.190000, 8792.182617>, 0/3 deceased)
21:05:27.906 [AI Object Patrol] Despawning 2 East bots (spawn position <1968.403931, 9.941629, 9001.665039>, 0/2 deceased)
21:05:35.328 [Market] Player "NOVAKILLSFORYOU" (id=_i471QtP-cQO7LGlvQxSkkb6U2OdaENSi4dYAnCjv04=) has send a requested to purchase bz_cosmic_sneakers x1 from the trader "Ballerz (Helga [#BallerZ])" in market zone "The Rig" (pos=<2154.000000, 30.000000, 14620.000000>).
21:05:35.328 [Market] Player "NOVAKILLSFORYOU" (id=_i471QtP-cQO7LGlvQxSkkb6U2OdaENSi4dYAnCjv04=) has bought bz_cosmic_sneakers x1 from the trader "Ballerz (Helga [#BallerZ])" in market zone "The Rig" (pos=<2154.000000, 30.000000, 14620.000000>) for a price of 7000.
21:06:07.226 [AI Object Patrol] Despawning 1 East bots (spawn position <3261.721924, 3.774122, 11171.882813>, 0/1 deceased)
21:06:29.398 [VehicleEnter] Player NOVAKILLSFORYOU [uid=_i471QtP-cQO7LGlvQxSkkb6U2OdaENSi4dYAnCjv04=] entered vehicle Mh-6 Little Bird (id=499FE3913144D91C947263A0B96B9FF0 pos=<2176.063232, 32.467209, 14611.209961>) as passenger
21:06:52.718 [AI Object Patrol] Despawning 1 West bots (spawn position <1672.000000, 20.000000, 12716.000000>, 0/1 deceased)
21:06:56.765 [VehicleEnter] Player MGM_762 [uid=6CBOabJUM7Qqd7NEG4Do-ueQ7Uqvietj4ODcWmz64j4=] entered vehicle Mh-6 Little Bird (id=499FE3913144D91C947263A0B96B9FF0 pos=<2176.063232, 32.467209, 14611.209961>) as pilot
21:07:05.242 [VehicleEngine] Player MGM_762 [uid=6CBOabJUM7Qqd7NEG4Do-ueQ7Uqvietj4ODcWmz64j4=] started vehicle Mh-6 Little Bird (id=499FE3913144D91C947263A0B96B9FF0 pos=<2176.063232, 32.467209, 14611.209961>)
21:08:06.437 [AI Object Patrol] Spawning 2 East bots at <3291.637451, 6.942540, 14957.777344>
21:08:14.429 [Safezone] Player "MGM_762" (id=6CBOabJUM7Qqd7NEG4Do-ueQ7Uqvietj4ODcWmz64j4= pos=<2745.763916, 190.936874, 14352.802734>) Left the safezone
21:08:14.437 [Safezone] Player "NOVAKILLSFORYOU" (id=_i471QtP-cQO7LGlvQxSkkb6U2OdaENSi4dYAnCjv04= pos=<2745.422607, 190.933304, 14352.094727>) Left the safezone
21:11:34.960 [MissionAirdrop] An airdrop is heading towards "Kushville" (pos=<7630.000000, 0.000000, 3717.000000> type=Random_Kushville) with a ExpansionAirdropContainer_Military
21:12:36.875 [VehicleEngine] Player MGM_762 [uid=6CBOabJUM7Qqd7NEG4Do-ueQ7Uqvietj4ODcWmz64j4=] stopped vehicle Mh-6 Little Bird (id=499FE3913144D91C947263A0B96B9FF0 pos=<7220.527832, 605.198303, 11749.098633>)
21:12:41.929 [VehicleLeave] Player NOVAKILLSFORYOU [uid=_i471QtP-cQO7LGlvQxSkkb6U2OdaENSi4dYAnCjv04=] left vehicle Mh-6 Little Bird (id=499FE3913144D91C947263A0B96B9FF0 pos=<7220.637207, 603.244629, 11749.258789>)
21:12:48.078 [VehicleLeave] Player MGM_762 [uid=6CBOabJUM7Qqd7NEG4Do-ueQ7Uqvietj4ODcWmz64j4=] left vehicle Mh-6 Little Bird (id=499FE3913144D91C947263A0B96B9FF0 pos=<7220.638672, 603.244690, 11749.258789>)
21:15:27.718 [VehicleCarKey] Player "MGM_762" (id=6CBOabJUM7Qqd7NEG4Do-ueQ7Uqvietj4ODcWmz64j4= pos=<7218.970703, 602.977112, 11750.832031>) used the  ExpansionCarKey to lock ExpansionMh6 (id=499FE3913144D91C947263A0B96B9FF0 pos=<7220.644043, 603.244934, 11749.258789>)
21:18:09.140 [AI Object Patrol] Despawning 1 West bots (spawn position <1677.761230, 3.976922, 14802.707031>, 0/1 deceased)
21:18:32.632 [AI Patrol] Despawning 2 IslandCastle bots (spawn position <2589.801025, 40.216877, 13838.210938>, 0/2 deceased)
21:18:32.882 [AI Object Patrol] Despawning 2 East bots (spawn position <3291.637451, 6.942540, 14957.777344>, 0/2 deceased)
21:28:24.523 [Expansion Quests] - InitQuestSystemClient - Loaded existing player quest data for player with UID: 985Y4OnrPF97smqLkzdXIQc0BKnxHTTL8e-fkhwd1tE=
21:28:24.523 [Expansion Quests] - Create new quest instance for quest: 8 - Player UID: 985Y4OnrPF97smqLkzdXIQc0BKnxHTTL8e-fkhwd1tE=
21:28:24.523 [Expansion Quests] - Create new quest instance for quest: 9 - Player UID: 985Y4OnrPF97smqLkzdXIQc0BKnxHTTL8e-fkhwd1tE=
21:28:24.523 [Expansion Quests] - Create new quest instance for quest: 11 - Player UID: 985Y4OnrPF97smqLkzdXIQc0BKnxHTTL8e-fkhwd1tE=
21:28:24.531 [AI Patrol] Spawning 2 Milo-Ashville bots at <7634.868164, 32.600189, 3121.466797>
21:44:37.875 [AI Patrol] Despawning 2 Milo-Ashville bots (spawn position <7634.868164, 32.600189, 3121.466797>, 0/2 deceased)
21:48:17.554 [AI Patrol] Spawning 2 KMUC-to-Mountainville bots at <7695.833496, 185.566971, 10765.364258>
21:59:47.906 [AI Patrol] Despawning 2 KMUC-to-Mountainville bots (spawn position <7695.833496, 185.566971, 10765.364258>, 0/2 deceased)
22:41:38.390 [VehicleCarKey] Player "MGM_762" (id=6CBOabJUM7Qqd7NEG4Do-ueQ7Uqvietj4ODcWmz64j4= pos=<7219.040039, 602.897522, 11750.418945>) used the  ExpansionCarKey to unlock ExpansionMh6 (id=499FE3913144D91C947263A0B96B9FF0 pos=<7220.644043, 603.244934, 11749.258789>)
22:41:46.664 [VehicleEnter] Player MGM_762 [uid=6CBOabJUM7Qqd7NEG4Do-ueQ7Uqvietj4ODcWmz64j4=] entered vehicle Mh-6 Little Bird (id=499FE3913144D91C947263A0B96B9FF0 pos=<7220.644043, 603.244934, 11749.258789>) as pilot
22:41:48.882 [VehicleEnter] Player NOVAKILLSFORYOU [uid=_i471QtP-cQO7LGlvQxSkkb6U2OdaENSi4dYAnCjv04=] entered vehicle Mh-6 Little Bird (id=499FE3913144D91C947263A0B96B9FF0 pos=<7220.644043, 603.244934, 11749.258789>) as passenger
22:41:51.960 [VehicleEngine] Player MGM_762 [uid=6CBOabJUM7Qqd7NEG4Do-ueQ7Uqvietj4ODcWmz64j4=] started vehicle Mh-6 Little Bird (id=499FE3913144D91C947263A0B96B9FF0 pos=<7220.644043, 603.244934, 11749.258789>)
22:45:00.343 [AI Patrol] Spawning 2 SwampAltar bots at <3637.460938, 11.748615, 9526.075195>
22:46:07.351 [AI Object Patrol] Spawning 1 East bots at <3255.979980, 21.181631, 6512.158203>
22:47:52.679 [MissionAirdrop] An airdrop is heading towards "Westbrook" (pos=<3614.000000, 0.000000, 6360.000000> type=Random_Westbrook) with a ExpansionAirdropContainer
22:50:07.390 [VehicleEngine] Player MGM_762 [uid=6CBOabJUM7Qqd7NEG4Do-ueQ7Uqvietj4ODcWmz64j4=] stopped vehicle Mh-6 Little Bird (id=499FE3913144D91C947263A0B96B9FF0 pos=<3207.689453, 1.728332, 1611.273926>)
22:50:09.015 [VehicleLeave] Player NOVAKILLSFORYOU [uid=_i471QtP-cQO7LGlvQxSkkb6U2OdaENSi4dYAnCjv04=] left vehicle Mh-6 Little Bird (id=499FE3913144D91C947263A0B96B9FF0 pos=<3207.692871, 1.558686, 1611.277100>)
22:50:19.765 [VehicleLeave] Player MGM_762 [uid=6CBOabJUM7Qqd7NEG4Do-ueQ7Uqvietj4ODcWmz64j4=] left vehicle Mh-6 Little Bird (id=499FE3913144D91C947263A0B96B9FF0 pos=<3207.693359, 1.557619, 1611.278076>)
22:50:29.289 [VehicleCarKey] Player "MGM_762" (id=6CBOabJUM7Qqd7NEG4Do-ueQ7Uqvietj4ODcWmz64j4= pos=<3206.332031, 1.494542, 1612.953979>) used the  ExpansionCarKey to lock ExpansionMh6 (id=499FE3913144D91C947263A0B96B9FF0 pos=<3207.693359, 1.557621, 1611.278076>)
22:50:59.320 [Market] Player "MGM_762" (id=6CBOabJUM7Qqd7NEG4Do-ueQ7Uqvietj4ODcWmz64j4=) has send a requested to sell bz_gold_mask x1 at the trader "Ballerz (Maria [#BallerZ])" in market zone "World Trader Zone" (pos=<7500.000000, 0.000000, 7500.000000>).
22:50:59.328 [Market] Player "MGM_762" (id=6CBOabJUM7Qqd7NEG4Do-ueQ7Uqvietj4ODcWmz64j4=) has sold bz_gold_mask x1 at the trader "Ballerz (Maria [#BallerZ])" in market zone "World Trader Zone" (pos=<7500.000000, 0.000000, 7500.000000>) and got 5250.
22:51:26.437 [Market] Player "MGM_762" (id=6CBOabJUM7Qqd7NEG4Do-ueQ7Uqvietj4ODcWmz64j4=) has send a requested to purchase bz_tactgloves_sman x1 from the trader "Ballerz (Maria [#BallerZ])" in market zone "World Trader Zone" (pos=<7500.000000, 0.000000, 7500.000000>).
22:51:26.437 [Market] Player "MGM_762" (id=6CBOabJUM7Qqd7NEG4Do-ueQ7Uqvietj4ODcWmz64j4=) has bought bz_tactgloves_sman x1 from the trader "Ballerz (Maria [#BallerZ])" in market zone "World Trader Zone" (pos=<7500.000000, 0.000000, 7500.000000>) for a price of 3000.
22:55:43.359 [AI Patrol] Despawning 2 SwampAltar bots (spawn position <3637.460938, 11.748615, 9526.075195>, 0/2 deceased)
22:56:52.734 [AI Object Patrol] Despawning 1 East bots (spawn position <3255.979980, 21.181631, 6512.158203>, 0/1 deceased)
23:04:30.500 [Market] Player "NOVAKILLSFORYOU" (id=_i471QtP-cQO7LGlvQxSkkb6U2OdaENSi4dYAnCjv04=) has send a requested to sell cp_workbench_kit x1 at the trader "Drugs (Naomi [#DRUGS])" in market zone "World Trader Zone" (pos=<7500.000000, 0.000000, 7500.000000>).
23:04:30.500 [Market] Player "NOVAKILLSFORYOU" (id=_i471QtP-cQO7LGlvQxSkkb6U2OdaENSi4dYAnCjv04=) has sold cp_workbench_kit x1 at the trader "Drugs (Naomi [#DRUGS])" in market zone "World Trader Zone" (pos=<7500.000000, 0.000000, 7500.000000>) and got 28125.
23:04:46.140 [Market] Player "NOVAKILLSFORYOU" (id=_i471QtP-cQO7LGlvQxSkkb6U2OdaENSi4dYAnCjv04=) has send a requested to sell bz_purple_bag3 x1 at the trader "Ballerz (Maria [#BallerZ])" in market zone "World Trader Zone" (pos=<7500.000000, 0.000000, 7500.000000>).
23:04:46.140 [Market] Player "NOVAKILLSFORYOU" (id=_i471QtP-cQO7LGlvQxSkkb6U2OdaENSi4dYAnCjv04=) has sold bz_purple_bag3 x1 at the trader "Ballerz (Maria [#BallerZ])" in market zone "World Trader Zone" (pos=<7500.000000, 0.000000, 7500.000000>) and got 3500.
23:05:49.101 [Market] Player "NOVAKILLSFORYOU" (id=_i471QtP-cQO7LGlvQxSkkb6U2OdaENSi4dYAnCjv04=) has send a requested to purchase snafu_ammo_300acc x1000 from the trader "Personal (Linda [])" in market zone "World Trader Zone" (pos=<7500.000000, 0.000000, 7500.000000>).
23:05:49.109 [Market] Player "NOVAKILLSFORYOU" (id=_i471QtP-cQO7LGlvQxSkkb6U2OdaENSi4dYAnCjv04=) has bought snafu_ammo_300acc x1000 from the trader "Personal (Linda [])" in market zone "World Trader Zone" (pos=<7500.000000, 0.000000, 7500.000000>) for a price of 4000.
23:06:00.976 [Market] Player "NOVAKILLSFORYOU" (id=_i471QtP-cQO7LGlvQxSkkb6U2OdaENSi4dYAnCjv04=) has send a requested to purchase gcgn_ammo_50cal x100 from the trader "Personal (Linda [])" in market zone "World Trader Zone" (pos=<7500.000000, 0.000000, 7500.000000>).
23:06:00.976 [Market] Player "NOVAKILLSFORYOU" (id=_i471QtP-cQO7LGlvQxSkkb6U2OdaENSi4dYAnCjv04=) has bought gcgn_ammo_50cal x100 from the trader "Personal (Linda [])" in market zone "World Trader Zone" (pos=<7500.000000, 0.000000, 7500.000000>) for a price of 400.
23:06:33.851 [Market] Player "MGM_762" (id=6CBOabJUM7Qqd7NEG4Do-ueQ7Uqvietj4ODcWmz64j4=) has send a requested to purchase gcgn_ammo_50cal x69 from the trader "Personal (Linda [])" in market zone "World Trader Zone" (pos=<7500.000000, 0.000000, 7500.000000>).
23:06:33.859 [Market] Player "MGM_762" (id=6CBOabJUM7Qqd7NEG4Do-ueQ7Uqvietj4ODcWmz64j4=) has bought gcgn_ammo_50cal x69 from the trader "Personal (Linda [])" in market zone "World Trader Zone" (pos=<7500.000000, 0.000000, 7500.000000>) for a price of 276.
23:09:21.382 [Market] Player "NOVAKILLSFORYOU" (id=_i471QtP-cQO7LGlvQxSkkb6U2OdaENSi4dYAnCjv04=) has send a requested to sell bz_world_bag3 x1 at the trader "Ballerz (Maria [#BallerZ])" in market zone "World Trader Zone" (pos=<7500.000000, 0.000000, 7500.000000>).
23:09:21.382 [Market] Player "NOVAKILLSFORYOU" (id=_i471QtP-cQO7LGlvQxSkkb6U2OdaENSi4dYAnCjv04=) has sold bz_world_bag3 x1 at the trader "Ballerz (Maria [#BallerZ])" in market zone "World Trader Zone" (pos=<7500.000000, 0.000000, 7500.000000>) and got 1750.
23:09:33.609 [Market] Player "NOVAKILLSFORYOU" (id=_i471QtP-cQO7LGlvQxSkkb6U2OdaENSi4dYAnCjv04=) has send a requested to sell bz_future_sneakers x1 at the trader "Ballerz (Maria [#BallerZ])" in market zone "World Trader Zone" (pos=<7500.000000, 0.000000, 7500.000000>).
23:09:33.609 [Market] Player "NOVAKILLSFORYOU" (id=_i471QtP-cQO7LGlvQxSkkb6U2OdaENSi4dYAnCjv04=) has sold bz_future_sneakers x1 at the trader "Ballerz (Maria [#BallerZ])" in market zone "World Trader Zone" (pos=<7500.000000, 0.000000, 7500.000000>) and got 7000.
23:10:21.710 [ExplosionDamageSystem] About to explode RGD5Grenade_Ammo from Expansion_M203_HE_Explosion<2d2299c0> at <3143.93, 0.55, 1509.7> EXPLOSION range 12 dropoff 3
23:15:28.226 [VehicleEnter] Player NOVAKILLSFORYOU [uid=_i471QtP-cQO7LGlvQxSkkb6U2OdaENSi4dYAnCjv04=] entered vehicle Mh-6 Little Bird (id=FC0331031A459CDA397EBAB816CA8442 pos=<3215.034668, 1.559661, 1609.569336>) as pilot
23:15:29.828 [VehicleEngine] Player NOVAKILLSFORYOU [uid=_i471QtP-cQO7LGlvQxSkkb6U2OdaENSi4dYAnCjv04=] started vehicle Mh-6 Little Bird (id=FC0331031A459CDA397EBAB816CA8442 pos=<3215.034668, 1.559661, 1609.569336>)
23:15:56.875 [VehicleEnter] Player MGM_762 [uid=6CBOabJUM7Qqd7NEG4Do-ueQ7Uqvietj4ODcWmz64j4=] entered vehicle Mh-6 Little Bird (id=FC0331031A459CDA397EBAB816CA8442 pos=<3215.034668, 1.559662, 1609.569336>) as passenger
23:16:52.804 [AI Patrol] Spawning 2 Greenville bots at <5847.174316, 38.156185, 1802.198364>
23:19:33.078 [AI Object Patrol] Spawning 3 West bots at <12697.968750, 46.121193, 1613.785767>
23:20:23.070 [Killfeed] AI Frida (West) got killed by AI Seth (West) with AUR AX from a distance of 13 m.
23:20:29.226 [VehicleLeave] Player NOVAKILLSFORYOU [uid=_i471QtP-cQO7LGlvQxSkkb6U2OdaENSi4dYAnCjv04=] left vehicle Mh-6 Little Bird (id=FC0331031A459CDA397EBAB816CA8442 pos=<12991.774414, 40.932224, 1719.485474>)
23:20:33.125 [VehicleLeave] Player MGM_762 [uid=6CBOabJUM7Qqd7NEG4Do-ueQ7Uqvietj4ODcWmz64j4=] left vehicle Mh-6 Little Bird (id=FC0331031A459CDA397EBAB816CA8442 pos=<12991.789063, 40.858055, 1719.472534>)
23:21:22.437 [Killfeed] AI Jose (West) got killed by MGM_762 with AS50 from a distance of 150 m.
23:23:38.468 [Killfeed] AI Seth (West) got killed by MGM_762 with SNAFU PKP from a distance of 2 m.
23:23:39.296 [AI Object Patrol] West bots were wiped out (spawn position <12697.968750, 46.121193, 1613.785767>, 3/3 deceased)
23:27:15.312 [VehicleEnter] Player NOVAKILLSFORYOU [uid=_i471QtP-cQO7LGlvQxSkkb6U2OdaENSi4dYAnCjv04=] entered vehicle Mh-6 Little Bird (id=FC0331031A459CDA397EBAB816CA8442 pos=<12991.895508, 40.784096, 1720.185913>) as pilot
23:27:17.578 [VehicleEnter] Player MGM_762 [uid=6CBOabJUM7Qqd7NEG4Do-ueQ7Uqvietj4ODcWmz64j4=] entered vehicle Mh-6 Little Bird (id=FC0331031A459CDA397EBAB816CA8442 pos=<12991.895508, 40.783115, 1720.189575>) as passenger
23:27:18.671 [VehicleEngine] Player NOVAKILLSFORYOU [uid=_i471QtP-cQO7LGlvQxSkkb6U2OdaENSi4dYAnCjv04=] started vehicle Mh-6 Little Bird (id=FC0331031A459CDA397EBAB816CA8442 pos=<12991.895508, 40.782928, 1720.191406>)
23:27:38.140 [AI Patrol] Despawning 2 Greenville bots (spawn position <5847.174316, 38.156185, 1802.198364>, 0/2 deceased)
23:27:55.000 [AI Object Patrol] Despawning 0 West bots (spawn position <12697.968750, 46.121193, 1613.785767>, 3/3 deceased)
23:28:01.531 [AI Object Patrol] Spawning 2 West bots at <14401.980469, 7.196922, 1156.776611>
23:28:17.710 [AI Object Patrol] Spawning 1 East bots at <14591.316406, 141.672409, 1888.706421>
23:28:22.476 [AI Object Patrol] Spawning 2 West bots at <13999.000000, 50.000000, 2157.000000>
23:28:36.468 [VehicleEngine] Player NOVAKILLSFORYOU [uid=_i471QtP-cQO7LGlvQxSkkb6U2OdaENSi4dYAnCjv04=] stopped vehicle Mh-6 Little Bird (id=FC0331031A459CDA397EBAB816CA8442 pos=<14065.148438, 80.575188, 1343.940430>)
23:28:39.781 [VehicleLeave] Player MGM_762 [uid=6CBOabJUM7Qqd7NEG4Do-ueQ7Uqvietj4ODcWmz64j4=] left vehicle Mh-6 Little Bird (id=FC0331031A459CDA397EBAB816CA8442 pos=<14065.044922, 80.246498, 1344.043945>)
23:28:40.289 [VehicleLeave] Player NOVAKILLSFORYOU [uid=_i471QtP-cQO7LGlvQxSkkb6U2OdaENSi4dYAnCjv04=] left vehicle Mh-6 Little Bird (id=FC0331031A459CDA397EBAB816CA8442 pos=<14065.024414, 80.242264, 1344.043213>)
23:28:49.531 [Killfeed] AI Naomi (West) got killed by MGM_762 with AS50 from a distance of 383 m.
23:29:05.421 [Killfeed] AI Oliver (West) got killed by MGM_762 with AS50 from a distance of 388 m.
23:29:06.953 [AI Object Patrol] West bots were wiped out (spawn position <14401.980469, 7.196922, 1156.776611>, 2/2 deceased)
23:29:53.984 [VehicleEnter] Player MGM_762 [uid=6CBOabJUM7Qqd7NEG4Do-ueQ7Uqvietj4ODcWmz64j4=] entered vehicle Mh-6 Little Bird (id=FC0331031A459CDA397EBAB816CA8442 pos=<14064.117188, 80.098305, 1344.410156>) as passenger
23:29:55.875 [VehicleEnter] Player NOVAKILLSFORYOU [uid=_i471QtP-cQO7LGlvQxSkkb6U2OdaENSi4dYAnCjv04=] entered vehicle Mh-6 Little Bird (id=FC0331031A459CDA397EBAB816CA8442 pos=<14064.109375, 80.098236, 1344.421631>) as pilot
23:29:58.523 [VehicleEngine] Player NOVAKILLSFORYOU [uid=_i471QtP-cQO7LGlvQxSkkb6U2OdaENSi4dYAnCjv04=] started vehicle Mh-6 Little Bird (id=FC0331031A459CDA397EBAB816CA8442 pos=<14064.105469, 80.100212, 1344.441284>)
23:30:44.617 [VehicleEngine] Player NOVAKILLSFORYOU [uid=_i471QtP-cQO7LGlvQxSkkb6U2OdaENSi4dYAnCjv04=] stopped vehicle Mh-6 Little Bird (id=FC0331031A459CDA397EBAB816CA8442 pos=<14383.692383, 7.400103, 1157.702515>)
23:30:55.968 [VehicleLeave] Player NOVAKILLSFORYOU [uid=_i471QtP-cQO7LGlvQxSkkb6U2OdaENSi4dYAnCjv04=] left vehicle Mh-6 Little Bird (id=FC0331031A459CDA397EBAB816CA8442 pos=<14383.498047, 5.399632, 1158.057007>)
23:31:06.851 [VehicleLeave] Player MGM_762 [uid=6CBOabJUM7Qqd7NEG4Do-ueQ7Uqvietj4ODcWmz64j4=] left vehicle Mh-6 Little Bird (id=FC0331031A459CDA397EBAB816CA8442 pos=<14383.497070, 5.397562, 1158.055664>)
23:31:56.734 [VehicleEnter] Player NOVAKILLSFORYOU [uid=_i471QtP-cQO7LGlvQxSkkb6U2OdaENSi4dYAnCjv04=] entered vehicle Mh-6 Little Bird (id=FC0331031A459CDA397EBAB816CA8442 pos=<14383.497070, 5.397567, 1158.055664>) as pilot
23:33:27.289 [VehicleLeave] Player NOVAKILLSFORYOU [uid=_i471QtP-cQO7LGlvQxSkkb6U2OdaENSi4dYAnCjv04=] left vehicle Mh-6 Little Bird (id=FC0331031A459CDA397EBAB816CA8442 pos=<14383.497070, 5.397567, 1158.055664>)
23:34:06.937 [VehicleEnter] Player NOVAKILLSFORYOU [uid=_i471QtP-cQO7LGlvQxSkkb6U2OdaENSi4dYAnCjv04=] entered vehicle Mh-6 Little Bird (id=FC0331031A459CDA397EBAB816CA8442 pos=<14383.497070, 5.397567, 1158.055664>) as pilot
23:34:13.312 [VehicleEnter] Player MGM_762 [uid=6CBOabJUM7Qqd7NEG4Do-ueQ7Uqvietj4ODcWmz64j4=] entered vehicle Mh-6 Little Bird (id=FC0331031A459CDA397EBAB816CA8442 pos=<14383.497070, 5.397567, 1158.055664>) as passenger
23:34:15.671 [VehicleEngine] Player NOVAKILLSFORYOU [uid=_i471QtP-cQO7LGlvQxSkkb6U2OdaENSi4dYAnCjv04=] started vehicle Mh-6 Little Bird (id=FC0331031A459CDA397EBAB816CA8442 pos=<14383.497070, 5.397567, 1158.055664>)
23:36:16.046 [VehicleEngine] Player NOVAKILLSFORYOU [uid=_i471QtP-cQO7LGlvQxSkkb6U2OdaENSi4dYAnCjv04=] stopped vehicle Mh-6 Little Bird (id=FC0331031A459CDA397EBAB816CA8442 pos=<14609.933594, 139.071045, 1935.566162>)
23:36:21.351 [VehicleLeave] Player NOVAKILLSFORYOU [uid=_i471QtP-cQO7LGlvQxSkkb6U2OdaENSi4dYAnCjv04=] left vehicle Mh-6 Little Bird (id=FC0331031A459CDA397EBAB816CA8442 pos=<14610.001953, 138.315765, 1935.294189>)
23:36:23.750 [VehicleLeave] Player MGM_762 [uid=6CBOabJUM7Qqd7NEG4Do-ueQ7Uqvietj4ODcWmz64j4=] left vehicle Mh-6 Little Bird (id=FC0331031A459CDA397EBAB816CA8442 pos=<14610.012695, 138.317703, 1935.253540>)
23:36:31.625 [Killfeed] AI Cyril (East) got killed by MGM_762 with SNAFU PKP from a distance of 64 m.
23:36:33.867 [AI Object Patrol] East bots were wiped out (spawn position <14591.316406, 141.672409, 1888.706421>, 1/1 deceased)
23:36:57.812 [VehicleEnter] Player NOVAKILLSFORYOU [uid=_i471QtP-cQO7LGlvQxSkkb6U2OdaENSi4dYAnCjv04=] entered vehicle Mh-6 Little Bird (id=FC0331031A459CDA397EBAB816CA8442 pos=<14610.027344, 138.320206, 1935.197266>) as pilot
23:37:31.578 [VehicleEnter] Player MGM_762 [uid=6CBOabJUM7Qqd7NEG4Do-ueQ7Uqvietj4ODcWmz64j4=] entered vehicle Mh-6 Little Bird (id=FC0331031A459CDA397EBAB816CA8442 pos=<14610.028320, 138.320206, 1935.197510>) as passenger
23:37:37.218 [VehicleLeave] Player MGM_762 [uid=6CBOabJUM7Qqd7NEG4Do-ueQ7Uqvietj4ODcWmz64j4=] left vehicle Mh-6 Little Bird (id=FC0331031A459CDA397EBAB816CA8442 pos=<14610.028320, 138.320190, 1935.197510>)
23:37:56.812 [VehicleLeave] Player NOVAKILLSFORYOU [uid=_i471QtP-cQO7LGlvQxSkkb6U2OdaENSi4dYAnCjv04=] left vehicle Mh-6 Little Bird (id=FC0331031A459CDA397EBAB816CA8442 pos=<14610.029297, 138.320175, 1935.197510>)
23:38:54.921 [VehicleEnter] Player NOVAKILLSFORYOU [uid=_i471QtP-cQO7LGlvQxSkkb6U2OdaENSi4dYAnCjv04=] entered vehicle Mh-6 Little Bird (id=FC0331031A459CDA397EBAB816CA8442 pos=<14610.030273, 138.320038, 1935.197266>) as pilot
23:38:58.812 [VehicleEnter] Player MGM_762 [uid=6CBOabJUM7Qqd7NEG4Do-ueQ7Uqvietj4ODcWmz64j4=] entered vehicle Mh-6 Little Bird (id=FC0331031A459CDA397EBAB816CA8442 pos=<14610.030273, 138.320084, 1935.197144>) as passenger
23:38:59.289 [VehicleEngine] Player NOVAKILLSFORYOU [uid=_i471QtP-cQO7LGlvQxSkkb6U2OdaENSi4dYAnCjv04=] started vehicle Mh-6 Little Bird (id=FC0331031A459CDA397EBAB816CA8442 pos=<14610.030273, 138.320175, 1935.197266>)
23:48:32.679 [AI Object Patrol] Despawning 0 West bots (spawn position <14401.980469, 7.196922, 1156.776611>, 2/2 deceased)
23:50:26.562 [VehicleEngine] Player NOVAKILLSFORYOU [uid=_i471QtP-cQO7LGlvQxSkkb6U2OdaENSi4dYAnCjv04=] stopped vehicle Mh-6 Little Bird (id=FC0331031A459CDA397EBAB816CA8442 pos=<3218.347900, 2.229246, 1609.223511>)
23:50:31.171 [VehicleLeave] Player NOVAKILLSFORYOU [uid=_i471QtP-cQO7LGlvQxSkkb6U2OdaENSi4dYAnCjv04=] left vehicle Mh-6 Little Bird (id=FC0331031A459CDA397EBAB816CA8442 pos=<3218.123779, 1.567364, 1609.258545>)
23:50:36.445 [VehicleLeave] Player MGM_762 [uid=6CBOabJUM7Qqd7NEG4Do-ueQ7Uqvietj4ODcWmz64j4=] left vehicle Mh-6 Little Bird (id=FC0331031A459CDA397EBAB816CA8442 pos=<3218.123291, 1.569579, 1609.255859>)
23:50:48.421 [AI Object Patrol] Despawning 2 West bots (spawn position <13999.000000, 50.000000, 2157.000000>, 0/2 deceased)
23:51:06.273 [Market] Player "MGM_762" (id=6CBOabJUM7Qqd7NEG4Do-ueQ7Uqvietj4ODcWmz64j4=) has send a requested to sell bz_alpine_bag3 x1 at the trader "Ballerz (Maria [#BallerZ])" in market zone "World Trader Zone" (pos=<7500.000000, 0.000000, 7500.000000>).
23:51:06.281 [Market] Player "MGM_762" (id=6CBOabJUM7Qqd7NEG4Do-ueQ7Uqvietj4ODcWmz64j4=) has sold bz_alpine_bag3 x1 at the trader "Ballerz (Maria [#BallerZ])" in market zone "World Trader Zone" (pos=<7500.000000, 0.000000, 7500.000000>) and got 3500.
23:51:10.640 [Market] Player "MGM_762" (id=6CBOabJUM7Qqd7NEG4Do-ueQ7Uqvietj4ODcWmz64j4=) has send a requested to sell bz_beaniehat_heineken x1 at the trader "Ballerz (Maria [#BallerZ])" in market zone "World Trader Zone" (pos=<7500.000000, 0.000000, 7500.000000>).
23:51:10.640 [Market] Player "MGM_762" (id=6CBOabJUM7Qqd7NEG4Do-ueQ7Uqvietj4ODcWmz64j4=) has sold bz_beaniehat_heineken x1 at the trader "Ballerz (Maria [#BallerZ])" in market zone "World Trader Zone" (pos=<7500.000000, 0.000000, 7500.000000>) and got 3000.
23:51:17.304 [Market] Player "MGM_762" (id=6CBOabJUM7Qqd7NEG4Do-ueQ7Uqvietj4ODcWmz64j4=) has send a requested to sell bz_tropic_nvgs x1 at the trader "Ballerz (Maria [#BallerZ])" in market zone "World Trader Zone" (pos=<7500.000000, 0.000000, 7500.000000>).
23:51:17.304 [Market] Player "MGM_762" (id=6CBOabJUM7Qqd7NEG4Do-ueQ7Uqvietj4ODcWmz64j4=) has sold bz_tropic_nvgs x1 at the trader "Ballerz (Maria [#BallerZ])" in market zone "World Trader Zone" (pos=<7500.000000, 0.000000, 7500.000000>) and got 5250.
23:51:26.421 [Market] Player "MGM_762" (id=6CBOabJUM7Qqd7NEG4Do-ueQ7Uqvietj4ODcWmz64j4=) has send a requested to sell bz_tacthelmet_abstract1 x1 at the trader "Ballerz (Maria [#BallerZ])" in market zone "World Trader Zone" (pos=<7500.000000, 0.000000, 7500.000000>).
23:51:26.421 [Market] Player "MGM_762" (id=6CBOabJUM7Qqd7NEG4Do-ueQ7Uqvietj4ODcWmz64j4=) has sold bz_tacthelmet_abstract1 x1 at the trader "Ballerz (Maria [#BallerZ])" in market zone "World Trader Zone" (pos=<7500.000000, 0.000000, 7500.000000>) and got 1500.
23:51:34.679 [Market] Player "MGM_762" (id=6CBOabJUM7Qqd7NEG4Do-ueQ7Uqvietj4ODcWmz64j4=) has send a requested to sell bz_vest_bananas x1 at the trader "Ballerz (Maria [#BallerZ])" in market zone "World Trader Zone" (pos=<7500.000000, 0.000000, 7500.000000>).
23:51:34.679 [Market] Player "MGM_762" (id=6CBOabJUM7Qqd7NEG4Do-ueQ7Uqvietj4ODcWmz64j4=) has sold bz_vest_bananas x1 at the trader "Ballerz (Maria [#BallerZ])" in market zone "World Trader Zone" (pos=<7500.000000, 0.000000, 7500.000000>) and got 6375.
23:54:10.867 [Party] Player "NOVAKILLSFORYOU" (id=_i471QtP-cQO7LGlvQxSkkb6U2OdaENSi4dYAnCjv04=) left the party "OSS" (id=0 ownerUID=_i471QtP-cQO7LGlvQxSkkb6U2OdaENSi4dYAnCjv04= ownerName=NOVAKILLSFORYOU)
23:56:36.968 [AI Object Patrol] Despawning 0 East bots (spawn position <14591.316406, 141.672409, 1888.706421>, 1/1 deceased)
00:15:18.781 [Party] Player "MGM_762" (id=6CBOabJUM7Qqd7NEG4Do-ueQ7Uqvietj4ODcWmz64j4=) left the party "OSS" (id=0 ownerUID=_i471QtP-cQO7LGlvQxSkkb6U2OdaENSi4dYAnCjv04= ownerName=NOVAKILLSFORYOU)
00:18:36.328 [MissionAirdrop] An airdrop is heading towards "Kushville" (pos=<7630.000000, 0.000000, 3717.000000> type=Random_Kushville) with a ExpansionAirdropContainer_Military
01:47:42.437 [MissionAirdrop] An airdrop is heading towards "Greenville" (pos=<4658.000000, 0.000000, 1414.000000> type=Random_Greenville) with a ExpansionAirdropContainer_Military
03:20:04.539 [MissionAirdrop] An airdrop is heading towards "Oldfield" (pos=<6117.000000, 0.000000, 7004.000000> type=Random_Oldfield) with a ExpansionAirdropContainer
04:48:08.679 [MissionAirdrop] An airdrop is heading towards "Oldfield" (pos=<6117.000000, 0.000000, 7004.000000> type=Random_Oldfield) with a ExpansionAirdropContainer
06:17:21.765 [MissionAirdrop] An airdrop is heading towards "Oceanville" (pos=<10179.000000, 0.000000, 4722.000000> type=Random_Oceanville) with a ExpansionAirdropContainer_Basebuilding
07:47:16.812 [MissionAirdrop] An airdrop is heading towards "Greenville" (pos=<4658.000000, 0.000000, 1414.000000> type=Random_Greenville) with a ExpansionAirdropContainer_Military
08:19:09.265 [Expansion Quests] - InitQuestSystemClient - Created new persistent player quest data for player UID: 3lkUMJD7qBInfhkH6yGA08DTyjQtprYw6aqtU5DbppM=
08:19:09.281 [Expansion Quests] - CompleteQuest - Player with UID 3lkUMJD7qBInfhkH6yGA08DTyjQtprYw6aqtU5DbppM= has completed quest 14
08:19:43.601 [SpawnSelection] Player "micha" (id=3lkUMJD7qBInfhkH6yGA08DTyjQtprYw6aqtU5DbppM=) spawned at <9479.124023, 27.024431, 5234.839844>
09:19:58.921 [MissionAirdrop] An airdrop is heading towards "Stonington" (pos=<6973.000000, 0.000000, 1701.000000> type=Random_Stonington) with a ExpansionAirdropContainer_Medical
10:50:43.093 [MissionAirdrop] An airdrop is heading towards "Oceanville" (pos=<10179.000000, 0.000000, 4722.000000> type=Random_Oceanville) with a ExpansionAirdropContainer_Basebuilding
12:19:19.179 [MissionAirdrop] An airdrop is heading towards "Portland" (pos=<6055.000000, 0.000000, 13429.000000> type=Random_Portland) with a ExpansionAirdropContainer_Military
13:18:00.312 [Expansion Quests] - InitQuestSystemClient - Loaded existing player quest data for player with UID: 3lkUMJD7qBInfhkH6yGA08DTyjQtprYw6aqtU5DbppM=
13:18:00.312 [Expansion Quests] - Create new quest instance for quest: 8 - Player UID: 3lkUMJD7qBInfhkH6yGA08DTyjQtprYw6aqtU5DbppM=
13:18:00.312 [Expansion Quests] - Create new quest instance for quest: 9 - Player UID: 3lkUMJD7qBInfhkH6yGA08DTyjQtprYw6aqtU5DbppM=
13:18:00.312 [Expansion Quests] - Create new quest instance for quest: 11 - Player UID: 3lkUMJD7qBInfhkH6yGA08DTyjQtprYw6aqtU5DbppM=
13:42:47.156 [Party] Player "MGM_762" (id=6CBOabJUM7Qqd7NEG4Do-ueQ7Uqvietj4ODcWmz64j4=) joinded the party "OSS" (id=0 ownerUID=_i471QtP-cQO7LGlvQxSkkb6U2OdaENSi4dYAnCjv04= ownerName=NOVAKILLSFORYOU)
13:42:47.171 [Expansion Quests] - InitQuestSystemClient - Loaded existing player quest data for player with UID: 6CBOabJUM7Qqd7NEG4Do-ueQ7Uqvietj4ODcWmz64j4=
13:42:47.171 [Expansion Quests] - LoadGroupQuestData - Got cached group quest data for group with ID: 0
13:42:47.171 [Expansion Quests] - Create new quest instance for quest: 8 - Player UID: 6CBOabJUM7Qqd7NEG4Do-ueQ7Uqvietj4ODcWmz64j4=
13:42:47.171 [Expansion Quests] - Create new quest instance for quest: 9 - Player UID: 6CBOabJUM7Qqd7NEG4Do-ueQ7Uqvietj4ODcWmz64j4=
13:42:47.171 [Expansion Quests] - Create new quest instance for quest: 11 - Player UID: 6CBOabJUM7Qqd7NEG4Do-ueQ7Uqvietj4ODcWmz64j4=
13:42:47.875 [Expansion Quests] - LoadGroupQuestData - Got cached group quest data for group with ID: 0
13:49:50.343 [MissionAirdrop] An airdrop is heading towards "Greenville" (pos=<4658.000000, 0.000000, 1414.000000> type=Random_Greenville) with a ExpansionAirdropContainer_Military
14:07:57.781 [Safezone] Player "micha" (id=3lkUMJD7qBInfhkH6yGA08DTyjQtprYw6aqtU5DbppM= pos=<7714.346191, 48.825184, 4672.840332>) Entered the safezone
14:12:18.500 [Market] Player "micha" (id=3lkUMJD7qBInfhkH6yGA08DTyjQtprYw6aqtU5DbppM=) has send a requested to sell expansion_mp5_railatt x1 at the trader "Attachments (Seth [#STR_EXPANSION_MARKET_TRADER_ATTACHMENTS])" in market zone "The Hill" (pos=<7529.135742, 89.198120, 4610.044922>).
14:12:18.500 [Market] Player "micha" (id=3lkUMJD7qBInfhkH6yGA08DTyjQtprYw6aqtU5DbppM=) has sold expansion_mp5_railatt x1 at the trader "Attachments (Seth [#STR_EXPANSION_MARKET_TRADER_ATTACHMENTS])" in market zone "The Hill" (pos=<7529.135742, 89.198120, 4610.044922>) and got 28.
14:12:58.562 [ATM] Player "micha" (id=3lkUMJD7qBInfhkH6yGA08DTyjQtprYw6aqtU5DbppM=) has withdrawn 10000 from his ATM account.
14:13:45.843 [Market] Player "micha" (id=3lkUMJD7qBInfhkH6yGA08DTyjQtprYw6aqtU5DbppM=) has send a requested to purchase canteen x1 from the trader "Consumables (Linda [#STR_EXPANSION_MARKET_TRADER_CONSUMABLES])" in market zone "The Hill" (pos=<7529.135742, 89.198120, 4610.044922>).
14:13:45.843 [Market] Player "micha" (id=3lkUMJD7qBInfhkH6yGA08DTyjQtprYw6aqtU5DbppM=) has bought canteen x1 from the trader "Consumables (Linda [#STR_EXPANSION_MARKET_TRADER_CONSUMABLES])" in market zone "The Hill" (pos=<7529.135742, 89.198120, 4610.044922>) for a price of 18.
14:13:46.843 [Market] Player "micha" (id=3lkUMJD7qBInfhkH6yGA08DTyjQtprYw6aqtU5DbppM=) has send a requested to purchase canteen x1 from the trader "Consumables (Linda [#STR_EXPANSION_MARKET_TRADER_CONSUMABLES])" in market zone "The Hill" (pos=<7529.135742, 89.198120, 4610.044922>).
14:13:46.843 [Market] Player "micha" (id=3lkUMJD7qBInfhkH6yGA08DTyjQtprYw6aqtU5DbppM=) has bought canteen x1 from the trader "Consumables (Linda [#STR_EXPANSION_MARKET_TRADER_CONSUMABLES])" in market zone "The Hill" (pos=<7529.135742, 89.198120, 4610.044922>) for a price of 18.
14:13:55.281 [Market] Player "micha" (id=3lkUMJD7qBInfhkH6yGA08DTyjQtprYw6aqtU5DbppM=) has send a requested to purchase tunacan x1 from the trader "Consumables (Linda [#STR_EXPANSION_MARKET_TRADER_CONSUMABLES])" in market zone "The Hill" (pos=<7529.135742, 89.198120, 4610.044922>).
14:13:55.281 [Market] Player "micha" (id=3lkUMJD7qBInfhkH6yGA08DTyjQtprYw6aqtU5DbppM=) has bought tunacan x1 from the trader "Consumables (Linda [#STR_EXPANSION_MARKET_TRADER_CONSUMABLES])" in market zone "The Hill" (pos=<7529.135742, 89.198120, 4610.044922>) for a price of 15.
14:13:55.921 [Market] Player "micha" (id=3lkUMJD7qBInfhkH6yGA08DTyjQtprYw6aqtU5DbppM=) has send a requested to purchase tunacan x1 from the trader "Consumables (Linda [#STR_EXPANSION_MARKET_TRADER_CONSUMABLES])" in market zone "The Hill" (pos=<7529.135742, 89.198120, 4610.044922>).
14:13:55.921 [Market] Player "micha" (id=3lkUMJD7qBInfhkH6yGA08DTyjQtprYw6aqtU5DbppM=) has bought tunacan x1 from the trader "Consumables (Linda [#STR_EXPANSION_MARKET_TRADER_CONSUMABLES])" in market zone "The Hill" (pos=<7529.135742, 89.198120, 4610.044922>) for a price of 15.
14:13:56.578 [Market] Player "micha" (id=3lkUMJD7qBInfhkH6yGA08DTyjQtprYw6aqtU5DbppM=) has send a requested to purchase tunacan x1 from the trader "Consumables (Linda [#STR_EXPANSION_MARKET_TRADER_CONSUMABLES])" in market zone "The Hill" (pos=<7529.135742, 89.198120, 4610.044922>).
14:13:56.578 [Market] Player "micha" (id=3lkUMJD7qBInfhkH6yGA08DTyjQtprYw6aqtU5DbppM=) has bought tunacan x1 from the trader "Consumables (Linda [#STR_EXPANSION_MARKET_TRADER_CONSUMABLES])" in market zone "The Hill" (pos=<7529.135742, 89.198120, 4610.044922>) for a price of 15.
14:13:57.781 [Market] Player "micha" (id=3lkUMJD7qBInfhkH6yGA08DTyjQtprYw6aqtU5DbppM=) has send a requested to purchase sardinescan x1 from the trader "Consumables (Linda [#STR_EXPANSION_MARKET_TRADER_CONSUMABLES])" in market zone "The Hill" (pos=<7529.135742, 89.198120, 4610.044922>).
14:13:57.796 [Market] Player "micha" (id=3lkUMJD7qBInfhkH6yGA08DTyjQtprYw6aqtU5DbppM=) has bought sardinescan x1 from the trader "Consumables (Linda [#STR_EXPANSION_MARKET_TRADER_CONSUMABLES])" in market zone "The Hill" (pos=<7529.135742, 89.198120, 4610.044922>) for a price of 15.
14:13:58.312 [Market] Player "micha" (id=3lkUMJD7qBInfhkH6yGA08DTyjQtprYw6aqtU5DbppM=) has send a requested to purchase sardinescan x1 from the trader "Consumables (Linda [#STR_EXPANSION_MARKET_TRADER_CONSUMABLES])" in market zone "The Hill" (pos=<7529.135742, 89.198120, 4610.044922>).
14:13:58.328 [Market] Player "micha" (id=3lkUMJD7qBInfhkH6yGA08DTyjQtprYw6aqtU5DbppM=) has bought sardinescan x1 from the trader "Consumables (Linda [#STR_EXPANSION_MARKET_TRADER_CONSUMABLES])" in market zone "The Hill" (pos=<7529.135742, 89.198120, 4610.044922>) for a price of 15.
14:13:58.937 [Market] Player "micha" (id=3lkUMJD7qBInfhkH6yGA08DTyjQtprYw6aqtU5DbppM=) has send a requested to purchase sardinescan x1 from the trader "Consumables (Linda [#STR_EXPANSION_MARKET_TRADER_CONSUMABLES])" in market zone "The Hill" (pos=<7529.135742, 89.198120, 4610.044922>).
14:13:58.937 [Market] Player "micha" (id=3lkUMJD7qBInfhkH6yGA08DTyjQtprYw6aqtU5DbppM=) has bought sardinescan x1 from the trader "Consumables (Linda [#STR_EXPANSION_MARKET_TRADER_CONSUMABLES])" in market zone "The Hill" (pos=<7529.135742, 89.198120, 4610.044922>) for a price of 15.
14:14:03.828 [Market] Player "micha" (id=3lkUMJD7qBInfhkH6yGA08DTyjQtprYw6aqtU5DbppM=) has send a requested to purchase pajka x1 from the trader "Consumables (Linda [#STR_EXPANSION_MARKET_TRADER_CONSUMABLES])" in market zone "The Hill" (pos=<7529.135742, 89.198120, 4610.044922>).
14:14:03.828 [Market] Player "micha" (id=3lkUMJD7qBInfhkH6yGA08DTyjQtprYw6aqtU5DbppM=) has bought pajka x1 from the trader "Consumables (Linda [#STR_EXPANSION_MARKET_TRADER_CONSUMABLES])" in market zone "The Hill" (pos=<7529.135742, 89.198120, 4610.044922>) for a price of 15.
14:14:04.375 [Market] Player "micha" (id=3lkUMJD7qBInfhkH6yGA08DTyjQtprYw6aqtU5DbppM=) has send a requested to purchase pajka x1 from the trader "Consumables (Linda [#STR_EXPANSION_MARKET_TRADER_CONSUMABLES])" in market zone "The Hill" (pos=<7529.135742, 89.198120, 4610.044922>).
14:14:04.375 [Market] Player "micha" (id=3lkUMJD7qBInfhkH6yGA08DTyjQtprYw6aqtU5DbppM=) has bought pajka x1 from the trader "Consumables (Linda [#STR_EXPANSION_MARKET_TRADER_CONSUMABLES])" in market zone "The Hill" (pos=<7529.135742, 89.198120, 4610.044922>) for a price of 15.
14:15:15.593 [Market] Player "MGM_762" (id=6CBOabJUM7Qqd7NEG4Do-ueQ7Uqvietj4ODcWmz64j4=) has send a requested to purchase bz_crochide_bag3 x1 from the trader "Ballerz (Maria [#BallerZ])" in market zone "World Trader Zone" (pos=<7500.000000, 0.000000, 7500.000000>).
14:15:15.609 [Market] Player "MGM_762" (id=6CBOabJUM7Qqd7NEG4Do-ueQ7Uqvietj4ODcWmz64j4=) has bought bz_crochide_bag3 x1 from the trader "Ballerz (Maria [#BallerZ])" in market zone "World Trader Zone" (pos=<7500.000000, 0.000000, 7500.000000>) for a price of 7000.
14:15:42.406 [Market] Player "MGM_762" (id=6CBOabJUM7Qqd7NEG4Do-ueQ7Uqvietj4ODcWmz64j4=) has send a requested to purchase bz_vest_crochide x1 from the trader "Ballerz (Maria [#BallerZ])" in market zone "World Trader Zone" (pos=<7500.000000, 0.000000, 7500.000000>).
14:15:42.421 [Market] Player "MGM_762" (id=6CBOabJUM7Qqd7NEG4Do-ueQ7Uqvietj4ODcWmz64j4=) has bought bz_vest_crochide x1 from the trader "Ballerz (Maria [#BallerZ])" in market zone "World Trader Zone" (pos=<7500.000000, 0.000000, 7500.000000>) for a price of 8500.
14:16:28.890 [Market] Player "micha" (id=3lkUMJD7qBInfhkH6yGA08DTyjQtprYw6aqtU5DbppM=) has send a requested to purchase sword x1 from the trader "Weapons (Mirek [#STR_EXPANSION_MARKET_TRADER_WEAPONS])" in market zone "The Hill" (pos=<7529.135742, 89.198120, 4610.044922>).
14:16:28.890 [Market] Player "micha" (id=3lkUMJD7qBInfhkH6yGA08DTyjQtprYw6aqtU5DbppM=) has bought sword x1 from the trader "Weapons (Mirek [#STR_EXPANSION_MARKET_TRADER_WEAPONS])" in market zone "The Hill" (pos=<7529.135742, 89.198120, 4610.044922>) for a price of 80.
14:16:32.593 [Market] Player "micha" (id=3lkUMJD7qBInfhkH6yGA08DTyjQtprYw6aqtU5DbppM=) has send a requested to purchase fangeknife x1 from the trader "Weapons (Mirek [#STR_EXPANSION_MARKET_TRADER_WEAPONS])" in market zone "The Hill" (pos=<7529.135742, 89.198120, 4610.044922>).
14:16:32.593 [Market] Player "micha" (id=3lkUMJD7qBInfhkH6yGA08DTyjQtprYw6aqtU5DbppM=) has bought fangeknife x1 from the trader "Weapons (Mirek [#STR_EXPANSION_MARKET_TRADER_WEAPONS])" in market zone "The Hill" (pos=<7529.135742, 89.198120, 4610.044922>) for a price of 10.
14:17:02.406 [Market] Player "micha" (id=3lkUMJD7qBInfhkH6yGA08DTyjQtprYw6aqtU5DbppM=) has send a requested to sell mosin9130 x1 at the trader "Weapons (Mirek [#STR_EXPANSION_MARKET_TRADER_WEAPONS])" in market zone "The Hill" (pos=<7529.135742, 89.198120, 4610.044922>).
14:17:02.406 [Market] Player "micha" (id=3lkUMJD7qBInfhkH6yGA08DTyjQtprYw6aqtU5DbppM=) has sold mosin9130 x1 at the trader "Weapons (Mirek [#STR_EXPANSION_MARKET_TRADER_WEAPONS])" in market zone "The Hill" (pos=<7529.135742, 89.198120, 4610.044922>) and got 225.
14:17:18.359 [Market] Player "micha" (id=3lkUMJD7qBInfhkH6yGA08DTyjQtprYw6aqtU5DbppM=) has send a requested to sell expansion_dt11 x1 at the trader "Weapons (Mirek [#STR_EXPANSION_MARKET_TRADER_WEAPONS])" in market zone "The Hill" (pos=<7529.135742, 89.198120, 4610.044922>).
14:17:18.375 [Market] Player "micha" (id=3lkUMJD7qBInfhkH6yGA08DTyjQtprYw6aqtU5DbppM=) has sold expansion_dt11 x1 at the trader "Weapons (Mirek [#STR_EXPANSION_MARKET_TRADER_WEAPONS])" in market zone "The Hill" (pos=<7529.135742, 89.198120, 4610.044922>) and got 300.
14:18:43.406 [Market] Player "micha" (id=3lkUMJD7qBInfhkH6yGA08DTyjQtprYw6aqtU5DbppM=) has send a requested to sell expansiongps x1 at the trader "Components (Peter [#STR_EXPANSION_MARKET_TRADER_COMPONENTS])" in market zone "The Hill" (pos=<7529.135742, 89.198120, 4610.044922>).
14:18:43.406 [Market] Player "micha" (id=3lkUMJD7qBInfhkH6yGA08DTyjQtprYw6aqtU5DbppM=) has sold expansiongps x1 at the trader "Components (Peter [#STR_EXPANSION_MARKET_TRADER_COMPONENTS])" in market zone "The Hill" (pos=<7529.135742, 89.198120, 4610.044922>) and got 225.
14:19:15.078 [Market] Player "MGM_762" (id=6CBOabJUM7Qqd7NEG4Do-ueQ7Uqvietj4ODcWmz64j4=) has send a requested to purchase combatknife x1 from the trader "Personal (Linda [])" in market zone "World Trader Zone" (pos=<7500.000000, 0.000000, 7500.000000>).
14:19:15.093 [Market] Player "MGM_762" (id=6CBOabJUM7Qqd7NEG4Do-ueQ7Uqvietj4ODcWmz64j4=) has bought combatknife x1 from the trader "Personal (Linda [])" in market zone "World Trader Zone" (pos=<7500.000000, 0.000000, 7500.000000>) for a price of 10.
14:20:22.437 [Market] Player "micha" (id=3lkUMJD7qBInfhkH6yGA08DTyjQtprYw6aqtU5DbppM=) has send a requested to sell expansion_vityazsn x1 at the trader "Weapons (Mirek [#STR_EXPANSION_MARKET_TRADER_WEAPONS])" in market zone "The Hill" (pos=<7529.135742, 89.198120, 4610.044922>).
14:20:22.437 [Market] Player "micha" (id=3lkUMJD7qBInfhkH6yGA08DTyjQtprYw6aqtU5DbppM=) has sold expansion_vityazsn x1 at the trader "Weapons (Mirek [#STR_EXPANSION_MARKET_TRADER_WEAPONS])" in market zone "The Hill" (pos=<7529.135742, 89.198120, 4610.044922>) and got 783.
14:20:23.312 [Market] Player "micha" (id=3lkUMJD7qBInfhkH6yGA08DTyjQtprYw6aqtU5DbppM=) has send a requested to sell expansion_vityazsn x1 at the trader "Weapons (Mirek [#STR_EXPANSION_MARKET_TRADER_WEAPONS])" in market zone "The Hill" (pos=<7529.135742, 89.198120, 4610.044922>).
14:20:23.312 [Market] Player "micha" (id=3lkUMJD7qBInfhkH6yGA08DTyjQtprYw6aqtU5DbppM=) has sold expansion_vityazsn x1 at the trader "Weapons (Mirek [#STR_EXPANSION_MARKET_TRADER_WEAPONS])" in market zone "The Hill" (pos=<7529.135742, 89.198120, 4610.044922>) and got 759.
14:22:22.625 [Market] Player "micha" (id=3lkUMJD7qBInfhkH6yGA08DTyjQtprYw6aqtU5DbppM=) has send a requested to sell chernarusmap x1 at the trader "Components (Peter [#STR_EXPANSION_MARKET_TRADER_COMPONENTS])" in market zone "The Hill" (pos=<7529.135742, 89.198120, 4610.044922>).
14:22:22.625 [Market] Player "micha" (id=3lkUMJD7qBInfhkH6yGA08DTyjQtprYw6aqtU5DbppM=) has sold chernarusmap x1 at the trader "Components (Peter [#STR_EXPANSION_MARKET_TRADER_COMPONENTS])" in market zone "The Hill" (pos=<7529.135742, 89.198120, 4610.044922>) and got 2.
14:25:47.031 [Market] Player "micha" (id=3lkUMJD7qBInfhkH6yGA08DTyjQtprYw6aqtU5DbppM=) has send a requested to purchase tacticalgoggles x1 from the trader "Clothing_Accessories (Maria [#STR_EXPANSION_MARKET_TRADER_CLOTHING_ACCESSORIES])" in market zone "The Hill" (pos=<7529.135742, 89.198120, 4610.044922>).
14:25:47.031 [Market] Player "micha" (id=3lkUMJD7qBInfhkH6yGA08DTyjQtprYw6aqtU5DbppM=) has bought tacticalgoggles x1 from the trader "Clothing_Accessories (Maria [#STR_EXPANSION_MARKET_TRADER_CLOTHING_ACCESSORIES])" in market zone "The Hill" (pos=<7529.135742, 89.198120, 4610.044922>) for a price of 60.
14:26:58.468 [Market] Player "micha" (id=3lkUMJD7qBInfhkH6yGA08DTyjQtprYw6aqtU5DbppM=) has send a requested to purchase canteen x1 from the trader "Consumables (Linda [#STR_EXPANSION_MARKET_TRADER_CONSUMABLES])" in market zone "The Hill" (pos=<7529.135742, 89.198120, 4610.044922>).
14:26:58.468 [Market] Player "micha" (id=3lkUMJD7qBInfhkH6yGA08DTyjQtprYw6aqtU5DbppM=) has bought canteen x1 from the trader "Consumables (Linda [#STR_EXPANSION_MARKET_TRADER_CONSUMABLES])" in market zone "The Hill" (pos=<7529.135742, 89.198120, 4610.044922>) for a price of 18.
14:27:00.375 [Market] Player "micha" (id=3lkUMJD7qBInfhkH6yGA08DTyjQtprYw6aqtU5DbppM=) has send a requested to purchase sodacan_cola x1 from the trader "Consumables (Linda [#STR_EXPANSION_MARKET_TRADER_CONSUMABLES])" in market zone "The Hill" (pos=<7529.135742, 89.198120, 4610.044922>).
14:27:00.375 [Market] Player "micha" (id=3lkUMJD7qBInfhkH6yGA08DTyjQtprYw6aqtU5DbppM=) has bought sodacan_cola x1 from the trader "Consumables (Linda [#STR_EXPANSION_MARKET_TRADER_CONSUMABLES])" in market zone "The Hill" (pos=<7529.135742, 89.198120, 4610.044922>) for a price of 10.
14:27:00.843 [Market] Player "micha" (id=3lkUMJD7qBInfhkH6yGA08DTyjQtprYw6aqtU5DbppM=) has send a requested to purchase sodacan_cola x1 from the trader "Consumables (Linda [#STR_EXPANSION_MARKET_TRADER_CONSUMABLES])" in market zone "The Hill" (pos=<7529.135742, 89.198120, 4610.044922>).
14:27:00.843 [Market] Player "micha" (id=3lkUMJD7qBInfhkH6yGA08DTyjQtprYw6aqtU5DbppM=) has bought sodacan_cola x1 from the trader "Consumables (Linda [#STR_EXPANSION_MARKET_TRADER_CONSUMABLES])" in market zone "The Hill" (pos=<7529.135742, 89.198120, 4610.044922>) for a price of 10.
14:27:05.921 [Market] Player "micha" (id=3lkUMJD7qBInfhkH6yGA08DTyjQtprYw6aqtU5DbppM=) has send a requested to purchase tunacan x1 from the trader "Consumables (Linda [#STR_EXPANSION_MARKET_TRADER_CONSUMABLES])" in market zone "The Hill" (pos=<7529.135742, 89.198120, 4610.044922>).
14:27:05.921 [Market] Player "micha" (id=3lkUMJD7qBInfhkH6yGA08DTyjQtprYw6aqtU5DbppM=) has bought tunacan x1 from the trader "Consumables (Linda [#STR_EXPANSION_MARKET_TRADER_CONSUMABLES])" in market zone "The Hill" (pos=<7529.135742, 89.198120, 4610.044922>) for a price of 15.
14:27:06.406 [Market] Player "micha" (id=3lkUMJD7qBInfhkH6yGA08DTyjQtprYw6aqtU5DbppM=) has send a requested to purchase tunacan x1 from the trader "Consumables (Linda [#STR_EXPANSION_MARKET_TRADER_CONSUMABLES])" in market zone "The Hill" (pos=<7529.135742, 89.198120, 4610.044922>).
14:27:06.406 [Market] Player "micha" (id=3lkUMJD7qBInfhkH6yGA08DTyjQtprYw6aqtU5DbppM=) has bought tunacan x1 from the trader "Consumables (Linda [#STR_EXPANSION_MARKET_TRADER_CONSUMABLES])" in market zone "The Hill" (pos=<7529.135742, 89.198120, 4610.044922>) for a price of 15.
14:27:06.968 [Market] Player "micha" (id=3lkUMJD7qBInfhkH6yGA08DTyjQtprYw6aqtU5DbppM=) has send a requested to purchase tunacan x1 from the trader "Consumables (Linda [#STR_EXPANSION_MARKET_TRADER_CONSUMABLES])" in market zone "The Hill" (pos=<7529.135742, 89.198120, 4610.044922>).
14:27:06.968 [Market] Player "micha" (id=3lkUMJD7qBInfhkH6yGA08DTyjQtprYw6aqtU5DbppM=) has bought tunacan x1 from the trader "Consumables (Linda [#STR_EXPANSION_MARKET_TRADER_CONSUMABLES])" in market zone "The Hill" (pos=<7529.135742, 89.198120, 4610.044922>) for a price of 15.
14:27:07.531 [Market] Player "micha" (id=3lkUMJD7qBInfhkH6yGA08DTyjQtprYw6aqtU5DbppM=) has send a requested to purchase tunacan x1 from the trader "Consumables (Linda [#STR_EXPANSION_MARKET_TRADER_CONSUMABLES])" in market zone "The Hill" (pos=<7529.135742, 89.198120, 4610.044922>).
14:27:07.531 [Market] Player "micha" (id=3lkUMJD7qBInfhkH6yGA08DTyjQtprYw6aqtU5DbppM=) has bought tunacan x1 from the trader "Consumables (Linda [#STR_EXPANSION_MARKET_TRADER_CONSUMABLES])" in market zone "The Hill" (pos=<7529.135742, 89.198120, 4610.044922>) for a price of 15.
14:27:13.031 [Market] Player "micha" (id=3lkUMJD7qBInfhkH6yGA08DTyjQtprYw6aqtU5DbppM=) has send a requested to purchase apple x1 from the trader "Consumables (Linda [#STR_EXPANSION_MARKET_TRADER_CONSUMABLES])" in market zone "The Hill" (pos=<7529.135742, 89.198120, 4610.044922>).
14:27:13.031 [Market] Player "micha" (id=3lkUMJD7qBInfhkH6yGA08DTyjQtprYw6aqtU5DbppM=) has bought apple x1 from the trader "Consumables (Linda [#STR_EXPANSION_MARKET_TRADER_CONSUMABLES])" in market zone "The Hill" (pos=<7529.135742, 89.198120, 4610.044922>) for a price of 7.
14:27:13.531 [Market] Player "micha" (id=3lkUMJD7qBInfhkH6yGA08DTyjQtprYw6aqtU5DbppM=) has send a requested to purchase apple x1 from the trader "Consumables (Linda [#STR_EXPANSION_MARKET_TRADER_CONSUMABLES])" in market zone "The Hill" (pos=<7529.135742, 89.198120, 4610.044922>).
14:27:13.531 [Market] Player "micha" (id=3lkUMJD7qBInfhkH6yGA08DTyjQtprYw6aqtU5DbppM=) has bought apple x1 from the trader "Consumables (Linda [#STR_EXPANSION_MARKET_TRADER_CONSUMABLES])" in market zone "The Hill" (pos=<7529.135742, 89.198120, 4610.044922>) for a price of 7.
14:27:14.031 [Market] Player "micha" (id=3lkUMJD7qBInfhkH6yGA08DTyjQtprYw6aqtU5DbppM=) has send a requested to purchase apple x1 from the trader "Consumables (Linda [#STR_EXPANSION_MARKET_TRADER_CONSUMABLES])" in market zone "The Hill" (pos=<7529.135742, 89.198120, 4610.044922>).
14:27:14.031 [Market] Player "micha" (id=3lkUMJD7qBInfhkH6yGA08DTyjQtprYw6aqtU5DbppM=) has bought apple x1 from the trader "Consumables (Linda [#STR_EXPANSION_MARKET_TRADER_CONSUMABLES])" in market zone "The Hill" (pos=<7529.135742, 89.198120, 4610.044922>) for a price of 7.
14:27:14.578 [Market] Player "micha" (id=3lkUMJD7qBInfhkH6yGA08DTyjQtprYw6aqtU5DbppM=) has send a requested to purchase apple x1 from the trader "Consumables (Linda [#STR_EXPANSION_MARKET_TRADER_CONSUMABLES])" in market zone "The Hill" (pos=<7529.135742, 89.198120, 4610.044922>).
14:27:14.578 [Market] Player "micha" (id=3lkUMJD7qBInfhkH6yGA08DTyjQtprYw6aqtU5DbppM=) has bought apple x1 from the trader "Consumables (Linda [#STR_EXPANSION_MARKET_TRADER_CONSUMABLES])" in market zone "The Hill" (pos=<7529.135742, 89.198120, 4610.044922>) for a price of 7.
14:28:04.343 [Market] Player "micha" (id=3lkUMJD7qBInfhkH6yGA08DTyjQtprYw6aqtU5DbppM=) has send a requested to purchase canopener x1 from the trader "Components (Peter [#STR_EXPANSION_MARKET_TRADER_COMPONENTS])" in market zone "The Hill" (pos=<7529.135742, 89.198120, 4610.044922>).
14:28:04.343 [Market] Player "micha" (id=3lkUMJD7qBInfhkH6yGA08DTyjQtprYw6aqtU5DbppM=) has bought canopener x1 from the trader "Components (Peter [#STR_EXPANSION_MARKET_TRADER_COMPONENTS])" in market zone "The Hill" (pos=<7529.135742, 89.198120, 4610.044922>) for a price of 10.
14:28:06.703 [Market] Player "micha" (id=3lkUMJD7qBInfhkH6yGA08DTyjQtprYw6aqtU5DbppM=) has send a requested to purchase hatchet x1 from the trader "Components (Peter [#STR_EXPANSION_MARKET_TRADER_COMPONENTS])" in market zone "The Hill" (pos=<7529.135742, 89.198120, 4610.044922>).
14:28:06.703 [Market] Player "micha" (id=3lkUMJD7qBInfhkH6yGA08DTyjQtprYw6aqtU5DbppM=) has bought hatchet x1 from the trader "Components (Peter [#STR_EXPANSION_MARKET_TRADER_COMPONENTS])" in market zone "The Hill" (pos=<7529.135742, 89.198120, 4610.044922>) for a price of 10.
14:31:50.031 [Market] Player "micha" (id=3lkUMJD7qBInfhkH6yGA08DTyjQtprYw6aqtU5DbppM=) has send a requested to purchase sword x1 from the trader "Weapons (Mirek [#STR_EXPANSION_MARKET_TRADER_WEAPONS])" in market zone "The Hill" (pos=<7529.135742, 89.198120, 4610.044922>).
14:31:50.031 [Market] Player "micha" (id=3lkUMJD7qBInfhkH6yGA08DTyjQtprYw6aqtU5DbppM=) has bought sword x1 from the trader "Weapons (Mirek [#STR_EXPANSION_MARKET_TRADER_WEAPONS])" in market zone "The Hill" (pos=<7529.135742, 89.198120, 4610.044922>) for a price of 80.
14:33:10.875 [Market] Player "micha" (id=3lkUMJD7qBInfhkH6yGA08DTyjQtprYw6aqtU5DbppM=) has send a requested to sell sword x1 at the trader "Weapons (Mirek [#STR_EXPANSION_MARKET_TRADER_WEAPONS])" in market zone "The Hill" (pos=<7529.135742, 89.198120, 4610.044922>).
14:33:10.875 [Market] Player "micha" (id=3lkUMJD7qBInfhkH6yGA08DTyjQtprYw6aqtU5DbppM=) has sold sword x1 at the trader "Weapons (Mirek [#STR_EXPANSION_MARKET_TRADER_WEAPONS])" in market zone "The Hill" (pos=<7529.135742, 89.198120, 4610.044922>) and got 60.
14:33:33.843 [ATM] Player "micha" (id=3lkUMJD7qBInfhkH6yGA08DTyjQtprYw6aqtU5DbppM=) has deposited 11850 on his ATM account.
14:36:45.093 [Safezone] Player "micha" (id=3lkUMJD7qBInfhkH6yGA08DTyjQtprYw6aqtU5DbppM= pos=<7450.204102, 53.234116, 4828.111816>) Left the safezone
14:50:49.468 [Market] Player "MGM_762" (id=6CBOabJUM7Qqd7NEG4Do-ueQ7Uqvietj4ODcWmz64j4=) has send a requested to purchase bz_tactgloves_crochide x1 from the trader "Ballerz (Maria [#BallerZ])" in market zone "World Trader Zone" (pos=<7500.000000, 0.000000, 7500.000000>).
14:50:49.468 [Market] Player "MGM_762" (id=6CBOabJUM7Qqd7NEG4Do-ueQ7Uqvietj4ODcWmz64j4=) has bought bz_tactgloves_crochide x1 from the trader "Ballerz (Maria [#BallerZ])" in market zone "World Trader Zone" (pos=<7500.000000, 0.000000, 7500.000000>) for a price of 3000.
14:51:10.718 [Market] Player "MGM_762" (id=6CBOabJUM7Qqd7NEG4Do-ueQ7Uqvietj4ODcWmz64j4=) has send a requested to purchase bz_crochide_sneakers x1 from the trader "Ballerz (Maria [#BallerZ])" in market zone "World Trader Zone" (pos=<7500.000000, 0.000000, 7500.000000>).
14:51:10.718 [Market] Player "MGM_762" (id=6CBOabJUM7Qqd7NEG4Do-ueQ7Uqvietj4ODcWmz64j4=) has bought bz_crochide_sneakers x1 from the trader "Ballerz (Maria [#BallerZ])" in market zone "World Trader Zone" (pos=<7500.000000, 0.000000, 7500.000000>) for a price of 7000.
15:00:26.234 [VehicleEnter] Player MGM_762 [uid=6CBOabJUM7Qqd7NEG4Do-ueQ7Uqvietj4ODcWmz64j4=] entered vehicle The Whaler (id=1B32CBD2704AC86639E503BE15748A28 pos=<3189.470215, 0.142111, 1628.881104>) as driver
15:00:37.828 [VehicleLeave] Player MGM_762 [uid=6CBOabJUM7Qqd7NEG4Do-ueQ7Uqvietj4ODcWmz64j4=] left vehicle The Whaler (id=1B32CBD2704AC86639E503BE15748A28 pos=<3189.470215, 0.147640, 1628.881104>)
15:01:03.656 [VehicleEnter] Player MGM_762 [uid=6CBOabJUM7Qqd7NEG4Do-ueQ7Uqvietj4ODcWmz64j4=] entered vehicle The Whaler (id=1B32CBD2704AC86639E503BE15748A28 pos=<3189.470215, 0.136383, 1628.881104>) as driver
15:09:19.031 [Safezone] Player "MGM_762" (id=6CBOabJUM7Qqd7NEG4Do-ueQ7Uqvietj4ODcWmz64j4= pos=<2107.566895, 1.275807, 14436.938477>) Entered the safezone
15:09:50.562 [VehicleLeave] Player MGM_762 [uid=6CBOabJUM7Qqd7NEG4Do-ueQ7Uqvietj4ODcWmz64j4=] left vehicle The Whaler (id=1B32CBD2704AC86639E503BE15748A28 pos=<2159.660889, 0.291239, 14593.456055>)
15:10:46.875 [Market] Player "MGM_762" (id=6CBOabJUM7Qqd7NEG4Do-ueQ7Uqvietj4ODcWmz64j4=) has send a requested to purchase gasmask_filter x1 from the trader "MEDS (Naomi [MEDS])" in market zone "The Rig" (pos=<2154.000000, 30.000000, 14620.000000>).
15:10:46.875 [Market] Player "MGM_762" (id=6CBOabJUM7Qqd7NEG4Do-ueQ7Uqvietj4ODcWmz64j4=) has bought gasmask_filter x1 from the trader "MEDS (Naomi [MEDS])" in market zone "The Rig" (pos=<2154.000000, 30.000000, 14620.000000>) for a price of 50000.
15:11:07.968 [ATM] Player "MGM_762" (id=6CBOabJUM7Qqd7NEG4Do-ueQ7Uqvietj4ODcWmz64j4=) has withdrawn 100000 from his ATM account.
15:11:19.890 [Market] Player "MGM_762" (id=6CBOabJUM7Qqd7NEG4Do-ueQ7Uqvietj4ODcWmz64j4=) has send a requested to purchase gasmask_filter x1 from the trader "MEDS (Naomi [MEDS])" in market zone "The Rig" (pos=<2154.000000, 30.000000, 14620.000000>).
15:11:19.890 [Market] Player "MGM_762" (id=6CBOabJUM7Qqd7NEG4Do-ueQ7Uqvietj4ODcWmz64j4=) has bought gasmask_filter x1 from the trader "MEDS (Naomi [MEDS])" in market zone "The Rig" (pos=<2154.000000, 30.000000, 14620.000000>) for a price of 50000.
15:11:20.859 [Market] Player "MGM_762" (id=6CBOabJUM7Qqd7NEG4Do-ueQ7Uqvietj4ODcWmz64j4=) has send a requested to purchase gasmask_filter x1 from the trader "MEDS (Naomi [MEDS])" in market zone "The Rig" (pos=<2154.000000, 30.000000, 14620.000000>).
15:11:20.875 [Market] Player "MGM_762" (id=6CBOabJUM7Qqd7NEG4Do-ueQ7Uqvietj4ODcWmz64j4=) has bought gasmask_filter x1 from the trader "MEDS (Naomi [MEDS])" in market zone "The Rig" (pos=<2154.000000, 30.000000, 14620.000000>) for a price of 50000.
15:13:33.328 [ATM] Player "MGM_762" (id=6CBOabJUM7Qqd7NEG4Do-ueQ7Uqvietj4ODcWmz64j4=) has withdrawn 100000 from his ATM account.
15:13:43.625 [Market] Player "MGM_762" (id=6CBOabJUM7Qqd7NEG4Do-ueQ7Uqvietj4ODcWmz64j4=) has send a requested to sell gasmask_filter x1 at the trader "MEDS (Naomi [MEDS])" in market zone "The Rig" (pos=<2154.000000, 30.000000, 14620.000000>).
15:13:43.625 [Market] Player "MGM_762" (id=6CBOabJUM7Qqd7NEG4Do-ueQ7Uqvietj4ODcWmz64j4=) has sold gasmask_filter x1 at the trader "MEDS (Naomi [MEDS])" in market zone "The Rig" (pos=<2154.000000, 30.000000, 14620.000000>) and got 18750.
15:18:25.812 [Market] Player "MGM_762" (id=6CBOabJUM7Qqd7NEG4Do-ueQ7Uqvietj4ODcWmz64j4=) has send a requested to purchase gasmask_filter x1 from the trader "MEDS (Naomi [MEDS])" in market zone "The Rig" (pos=<2154.000000, 30.000000, 14620.000000>).
15:18:25.812 [Market] Player "MGM_762" (id=6CBOabJUM7Qqd7NEG4Do-ueQ7Uqvietj4ODcWmz64j4=) has bought gasmask_filter x1 from the trader "MEDS (Naomi [MEDS])" in market zone "The Rig" (pos=<2154.000000, 30.000000, 14620.000000>) for a price of 50000.
15:18:27.000 [Market] Player "MGM_762" (id=6CBOabJUM7Qqd7NEG4Do-ueQ7Uqvietj4ODcWmz64j4=) has send a requested to purchase gasmask_filter x1 from the trader "MEDS (Naomi [MEDS])" in market zone "The Rig" (pos=<2154.000000, 30.000000, 14620.000000>).
15:18:27.000 [Market] Player "MGM_762" (id=6CBOabJUM7Qqd7NEG4Do-ueQ7Uqvietj4ODcWmz64j4=) has bought gasmask_filter x1 from the trader "MEDS (Naomi [MEDS])" in market zone "The Rig" (pos=<2154.000000, 30.000000, 14620.000000>) for a price of 50000.
15:21:20.046 [MissionAirdrop] An airdrop is heading towards "Oceanville" (pos=<10179.000000, 0.000000, 4722.000000> type=Random_Oceanville) with a ExpansionAirdropContainer_Basebuilding
15:26:09.125 [VehicleEnter] Player MGM_762 [uid=6CBOabJUM7Qqd7NEG4Do-ueQ7Uqvietj4ODcWmz64j4=] entered vehicle The Whaler (id=1B32CBD2704AC86639E503BE15748A28 pos=<2159.660889, 0.609583, 14593.456055>) as driver
15:27:16.625 [AI Object Patrol] Spawning 1 East bots at <1087.564697, 15.972234, 15060.940430>
15:27:20.343 [Safezone] Player "MGM_762" (id=6CBOabJUM7Qqd7NEG4Do-ueQ7Uqvietj4ODcWmz64j4= pos=<1856.616577, 0.920799, 14472.156250>) Left the safezone
15:30:05.968 [VehicleLeave] Player MGM_762 [uid=6CBOabJUM7Qqd7NEG4Do-ueQ7Uqvietj4ODcWmz64j4=] left vehicle The Whaler (id=1B32CBD2704AC86639E503BE15748A28 pos=<1618.759033, 0.542836, 12597.774414>)
15:37:33.781 [AI Object Patrol] Despawning 1 East bots (spawn position <1087.564697, 15.972234, 15060.940430>, 0/1 deceased)
16:11:11.687 [VehicleEnter] Player MGM_762 [uid=6CBOabJUM7Qqd7NEG4Do-ueQ7Uqvietj4ODcWmz64j4=] entered vehicle The Whaler (id=1B32CBD2704AC86639E503BE15748A28 pos=<1618.758911, 0.050103, 12597.774414>) as driver
16:12:22.187 [VehicleLeave] Player MGM_762 [uid=6CBOabJUM7Qqd7NEG4Do-ueQ7Uqvietj4ODcWmz64j4=] left vehicle The Whaler (id=1B32CBD2704AC86639E503BE15748A28 pos=<1467.466919, -0.039783, 12339.346680>)
16:15:50.312 [VehicleEnter] Player MGM_762 [uid=6CBOabJUM7Qqd7NEG4Do-ueQ7Uqvietj4ODcWmz64j4=] entered vehicle The Whaler (id=1B32CBD2704AC86639E503BE15748A28 pos=<1467.466919, -0.368080, 12339.346680>) as driver
16:18:28.500 [AI Object Patrol] Spawning 1 East bots at <1898.456055, 6.388867, 11029.897461>
16:18:39.281 [AI Object Patrol] Spawning 1 West bots at <1051.025757, 50.562309, 10991.224609>
16:25:47.062 [VehicleLeave] Player MGM_762 [uid=6CBOabJUM7Qqd7NEG4Do-ueQ7Uqvietj4ODcWmz64j4=] left vehicle The Whaler (id=1B32CBD2704AC86639E503BE15748A28 pos=<3189.453125, -0.087254, 1627.719360>)
16:28:40.578 [Market] Player "MGM_762" (id=6CBOabJUM7Qqd7NEG4Do-ueQ7Uqvietj4ODcWmz64j4=) has send a requested to sell bz_sman_pants x1 at the trader "Ballerz (Maria [#BallerZ])" in market zone "World Trader Zone" (pos=<7500.000000, 0.000000, 7500.000000>).
16:28:40.593 [Market] Player "MGM_762" (id=6CBOabJUM7Qqd7NEG4Do-ueQ7Uqvietj4ODcWmz64j4=) has sold bz_sman_pants x1 at the trader "Ballerz (Maria [#BallerZ])" in market zone "World Trader Zone" (pos=<7500.000000, 0.000000, 7500.000000>) and got 7000.
16:28:44.718 [Market] Player "MGM_762" (id=6CBOabJUM7Qqd7NEG4Do-ueQ7Uqvietj4ODcWmz64j4=) has send a requested to sell bz_scooby_sneakers x1 at the trader "Ballerz (Maria [#BallerZ])" in market zone "World Trader Zone" (pos=<7500.000000, 0.000000, 7500.000000>).
16:28:44.718 [Market] Player "MGM_762" (id=6CBOabJUM7Qqd7NEG4Do-ueQ7Uqvietj4ODcWmz64j4=) has sold bz_scooby_sneakers x1 at the trader "Ballerz (Maria [#BallerZ])" in market zone "World Trader Zone" (pos=<7500.000000, 0.000000, 7500.000000>) and got 7000.
16:28:51.250 [Market] Player "MGM_762" (id=6CBOabJUM7Qqd7NEG4Do-ueQ7Uqvietj4ODcWmz64j4=) has send a requested to sell bz_tactgloves_anime x1 at the trader "Ballerz (Maria [#BallerZ])" in market zone "World Trader Zone" (pos=<7500.000000, 0.000000, 7500.000000>).
16:28:51.250 [Market] Player "MGM_762" (id=6CBOabJUM7Qqd7NEG4Do-ueQ7Uqvietj4ODcWmz64j4=) has sold bz_tactgloves_anime x1 at the trader "Ballerz (Maria [#BallerZ])" in market zone "World Trader Zone" (pos=<7500.000000, 0.000000, 7500.000000>) and got 3000.
16:28:55.562 [Market] Player "MGM_762" (id=6CBOabJUM7Qqd7NEG4Do-ueQ7Uqvietj4ODcWmz64j4=) has send a requested to sell bz_tactgloves_woodland x1 at the trader "Ballerz (Maria [#BallerZ])" in market zone "World Trader Zone" (pos=<7500.000000, 0.000000, 7500.000000>).
16:28:55.562 [Market] Player "MGM_762" (id=6CBOabJUM7Qqd7NEG4Do-ueQ7Uqvietj4ODcWmz64j4=) has sold bz_tactgloves_woodland x1 at the trader "Ballerz (Maria [#BallerZ])" in market zone "World Trader Zone" (pos=<7500.000000, 0.000000, 7500.000000>) and got 3000.
16:29:19.140 [AI Object Patrol] Despawning 1 East bots (spawn position <1898.456055, 6.388867, 11029.897461>, 0/1 deceased)
16:30:36.375 [AI Object Patrol] Despawning 1 West bots (spawn position <1051.025757, 50.562309, 10991.224609>, 0/1 deceased)
16:31:15.390 [Market] Player "MGM_762" (id=6CBOabJUM7Qqd7NEG4Do-ueQ7Uqvietj4ODcWmz64j4=) has send a requested to sell bz_gucci_bag3 x1 at the trader "Ballerz (Maria [#BallerZ])" in market zone "World Trader Zone" (pos=<7500.000000, 0.000000, 7500.000000>).
16:31:15.390 [Market] Player "MGM_762" (id=6CBOabJUM7Qqd7NEG4Do-ueQ7Uqvietj4ODcWmz64j4=) has sold bz_gucci_bag3 x1 at the trader "Ballerz (Maria [#BallerZ])" in market zone "World Trader Zone" (pos=<7500.000000, 0.000000, 7500.000000>) and got 7000.
16:31:16.968 [Market] Player "MGM_762" (id=6CBOabJUM7Qqd7NEG4Do-ueQ7Uqvietj4ODcWmz64j4=) has send a requested to sell bz_orangehemp_bag2 x1 at the trader "Ballerz (Maria [#BallerZ])" in market zone "World Trader Zone" (pos=<7500.000000, 0.000000, 7500.000000>).
16:31:16.984 [Market] Player "MGM_762" (id=6CBOabJUM7Qqd7NEG4Do-ueQ7Uqvietj4ODcWmz64j4=) has sold bz_orangehemp_bag2 x1 at the trader "Ballerz (Maria [#BallerZ])" in market zone "World Trader Zone" (pos=<7500.000000, 0.000000, 7500.000000>) and got 7000.
16:31:19.312 [Market] Player "MGM_762" (id=6CBOabJUM7Qqd7NEG4Do-ueQ7Uqvietj4ODcWmz64j4=) has send a requested to sell bz_snake_bag2 x1 at the trader "Ballerz (Maria [#BallerZ])" in market zone "World Trader Zone" (pos=<7500.000000, 0.000000, 7500.000000>).
16:31:19.312 [Market] Player "MGM_762" (id=6CBOabJUM7Qqd7NEG4Do-ueQ7Uqvietj4ODcWmz64j4=) has sold bz_snake_bag2 x1 at the trader "Ballerz (Maria [#BallerZ])" in market zone "World Trader Zone" (pos=<7500.000000, 0.000000, 7500.000000>) and got 7000.
16:31:22.078 [Market] Player "MGM_762" (id=6CBOabJUM7Qqd7NEG4Do-ueQ7Uqvietj4ODcWmz64j4=) has send a requested to sell bz_strangerthings_bag3 x1 at the trader "Ballerz (Maria [#BallerZ])" in market zone "World Trader Zone" (pos=<7500.000000, 0.000000, 7500.000000>).
16:31:22.078 [Market] Player "MGM_762" (id=6CBOabJUM7Qqd7NEG4Do-ueQ7Uqvietj4ODcWmz64j4=) has sold bz_strangerthings_bag3 x1 at the trader "Ballerz (Maria [#BallerZ])" in market zone "World Trader Zone" (pos=<7500.000000, 0.000000, 7500.000000>) and got 7000.
16:31:25.000 [Market] Player "MGM_762" (id=6CBOabJUM7Qqd7NEG4Do-ueQ7Uqvietj4ODcWmz64j4=) has send a requested to sell bz_urban_bag3 x1 at the trader "Ballerz (Maria [#BallerZ])" in market zone "World Trader Zone" (pos=<7500.000000, 0.000000, 7500.000000>).
16:31:25.000 [Market] Player "MGM_762" (id=6CBOabJUM7Qqd7NEG4Do-ueQ7Uqvietj4ODcWmz64j4=) has sold bz_urban_bag3 x1 at the trader "Ballerz (Maria [#BallerZ])" in market zone "World Trader Zone" (pos=<7500.000000, 0.000000, 7500.000000>) and got 7000.
16:50:54.281 [MissionAirdrop] An airdrop is heading towards "Hazelands" (pos=<4539.000000, 0.000000, 2317.000000> type=Random_Hazelands) with a ExpansionAirdropContainer_Medical
16:54:02.875 [AI Object Patrol] Spawning 2 East bots at <4410.945313, 5.474492, 2849.003906>
16:58:34.937 [Party] Player "NOVAKILLSFORYOU" (id=_i471QtP-cQO7LGlvQxSkkb6U2OdaENSi4dYAnCjv04=) joinded the party "OSS" (id=0 ownerUID=_i471QtP-cQO7LGlvQxSkkb6U2OdaENSi4dYAnCjv04= ownerName=NOVAKILLSFORYOU)
16:58:34.968 [Expansion Quests] - InitQuestSystemClient - Loaded existing player quest data for player with UID: _i471QtP-cQO7LGlvQxSkkb6U2OdaENSi4dYAnCjv04=
16:58:34.968 [Expansion Quests] - LoadGroupQuestData - Got cached group quest data for group with ID: 0
16:58:34.968 [Expansion Quests] - Create new quest instance for quest: 8 - Player UID: _i471QtP-cQO7LGlvQxSkkb6U2OdaENSi4dYAnCjv04=
16:58:34.968 [Expansion Quests] - Create new quest instance for quest: 9 - Player UID: _i471QtP-cQO7LGlvQxSkkb6U2OdaENSi4dYAnCjv04=
16:58:34.968 [Expansion Quests] - Create new quest instance for quest: 11 - Player UID: _i471QtP-cQO7LGlvQxSkkb6U2OdaENSi4dYAnCjv04=
16:58:35.890 [Expansion Quests] - LoadGroupQuestData - Got cached group quest data for group with ID: 0
17:13:43.140 [AI Object Patrol] Despawning 2 East bots (spawn position <4410.945313, 5.474492, 2849.003906>, 0/2 deceased)
17:19:26.125 [Market] Player "MGM_762" (id=6CBOabJUM7Qqd7NEG4Do-ueQ7Uqvietj4ODcWmz64j4=) has send a requested to sell bz_gucci_sneakers x1 at the trader "Ballerz (Maria [#BallerZ])" in market zone "World Trader Zone" (pos=<7500.000000, 0.000000, 7500.000000>).
17:19:26.125 [Market] Player "MGM_762" (id=6CBOabJUM7Qqd7NEG4Do-ueQ7Uqvietj4ODcWmz64j4=) has sold bz_gucci_sneakers x1 at the trader "Ballerz (Maria [#BallerZ])" in market zone "World Trader Zone" (pos=<7500.000000, 0.000000, 7500.000000>) and got 7000.
17:19:34.546 [Market] Player "MGM_762" (id=6CBOabJUM7Qqd7NEG4Do-ueQ7Uqvietj4ODcWmz64j4=) has send a requested to sell bz_vest_hex1 x1 at the trader "Ballerz (Maria [#BallerZ])" in market zone "World Trader Zone" (pos=<7500.000000, 0.000000, 7500.000000>).
17:19:34.546 [Market] Player "MGM_762" (id=6CBOabJUM7Qqd7NEG4Do-ueQ7Uqvietj4ODcWmz64j4=) has sold bz_vest_hex1 x1 at the trader "Ballerz (Maria [#BallerZ])" in market zone "World Trader Zone" (pos=<7500.000000, 0.000000, 7500.000000>) and got 8500.
17:23:22.187 [Party] Player "NOVAKILLSFORYOU" (id=_i471QtP-cQO7LGlvQxSkkb6U2OdaENSi4dYAnCjv04=) left the party "OSS" (id=0 ownerUID=_i471QtP-cQO7LGlvQxSkkb6U2OdaENSi4dYAnCjv04= ownerName=NOVAKILLSFORYOU)
17:23:35.359 [Party] Player "MGM_762" (id=6CBOabJUM7Qqd7NEG4Do-ueQ7Uqvietj4ODcWmz64j4=) left the party "OSS" (id=0 ownerUID=_i471QtP-cQO7LGlvQxSkkb6U2OdaENSi4dYAnCjv04= ownerName=NOVAKILLSFORYOU)
