14:45:34.136 [Party] Player "NOVAKILLSFORYOU" (id=_i471QtP-cQO7LGlvQxSkkb6U2OdaENSi4dYAnCjv04=) joinded the party "OSS" (id=0 ownerUID=_i471QtP-cQO7LGlvQxSkkb6U2OdaENSi4dYAnCjv04= ownerName=NOVAKILLSFORYOU)
14:45:34.148 [Expansion Quests] - InitQuestSystemClient - Loaded existing player quest data for player with UID: _i471QtP-cQO7LGlvQxSkkb6U2OdaENSi4dYAnCjv04=
14:45:34.148 [Expansion Quests] - LoadGroupQuestData - Loaded existing group quest data for group with ID: 0
14:45:34.148 [Expansion Quests] - Create new quest instance for quest: 8 - Player UID: _i471QtP-cQO7LGlvQxSkkb6U2OdaENSi4dYAnCjv04=
14:45:34.148 [Expansion Quests] - Create new quest instance for quest: 9 - Player UID: _i471QtP-cQO7LGlvQxSkkb6U2OdaENSi4dYAnCjv04=
14:45:34.148 [Expansion Quests] - Create new quest instance for quest: 11 - Player UID: _i471QtP-cQO7LGlvQxSkkb6U2OdaENSi4dYAnCjv04=
14:45:35.035 [Expansion Quests] - LoadGroupQuestData - Got cached group quest data for group with ID: 0
14:48:50.859 [Market] Player "NOVAKILLSFORYOU" (id=_i471QtP-cQO7LGlvQxSkkb6U2OdaENSi4dYAnCjv04=) has send a requested to sell snafu_akkahles x1 at the trader "Personal (Linda [#STR_EXPANSION_MARKET_Personal])" in market zone "personal" (pos=<3204.250000, 1.534020, 1620.050049>).
14:48:50.890 [Market] Player "NOVAKILLSFORYOU" (id=_i471QtP-cQO7LGlvQxSkkb6U2OdaENSi4dYAnCjv04=) has sold snafu_akkahles x1 at the trader "Personal (Linda [#STR_EXPANSION_MARKET_Personal])" in market zone "personal" (pos=<3204.250000, 1.534020, 1620.050049>) and got 300.
14:49:23.812 [ATM] Player "NOVAKILLSFORYOU" (id=_i471QtP-cQO7LGlvQxSkkb6U2OdaENSi4dYAnCjv04=) has withdrawn 422396 from his ATM account.
14:50:13.746 [MissionAirdrop] An airdrop is heading towards "Oceanville" (pos=<10179.000000, 0.000000, 4722.000000> type=Random_Oceanville) with a ExpansionAirdropContainer
14:50:21.832 [Market] Player "NOVAKILLSFORYOU" (id=_i471QtP-cQO7LGlvQxSkkb6U2OdaENSi4dYAnCjv04=) has send a requested to purchase snafu_aktango6t_tan x1 from the trader "Personal (Linda [#STR_EXPANSION_MARKET_Personal])" in market zone "personal" (pos=<3204.250000, 1.534020, 1620.050049>).
14:50:21.937 [Market] Player "NOVAKILLSFORYOU" (id=_i471QtP-cQO7LGlvQxSkkb6U2OdaENSi4dYAnCjv04=) has bought snafu_aktango6t_tan x1 from the trader "Personal (Linda [#STR_EXPANSION_MARKET_Personal])" in market zone "personal" (pos=<3204.250000, 1.534020, 1620.050049>) for a price of 400.
14:50:36.828 [Market] Player "NOVAKILLSFORYOU" (id=_i471QtP-cQO7LGlvQxSkkb6U2OdaENSi4dYAnCjv04=) has send a requested to purchase snafu_normalized_suppressor_black x1 from the trader "Personal (Linda [#STR_EXPANSION_MARKET_Personal])" in market zone "personal" (pos=<3204.250000, 1.534020, 1620.050049>).
14:50:36.878 [Market] Player "NOVAKILLSFORYOU" (id=_i471QtP-cQO7LGlvQxSkkb6U2OdaENSi4dYAnCjv04=) has bought snafu_normalized_suppressor_black x1 from the trader "Personal (Linda [#STR_EXPANSION_MARKET_Personal])" in market zone "personal" (pos=<3204.250000, 1.534020, 1620.050049>) for a price of 400.
14:51:06.261 [Market] Player "NOVAKILLSFORYOU" (id=_i471QtP-cQO7LGlvQxSkkb6U2OdaENSi4dYAnCjv04=) has send a requested to purchase snafu_pkp_250rnd_mag x1 from the trader "Personal (Linda [#STR_EXPANSION_MARKET_Personal])" in market zone "personal" (pos=<3204.250000, 1.534020, 1620.050049>).
14:51:06.347 [Market] Player "NOVAKILLSFORYOU" (id=_i471QtP-cQO7LGlvQxSkkb6U2OdaENSi4dYAnCjv04=) has bought snafu_pkp_250rnd_mag x1 from the trader "Personal (Linda [#STR_EXPANSION_MARKET_Personal])" in market zone "personal" (pos=<3204.250000, 1.534020, 1620.050049>) for a price of 900.
14:51:08.050 [Market] Player "NOVAKILLSFORYOU" (id=_i471QtP-cQO7LGlvQxSkkb6U2OdaENSi4dYAnCjv04=) has send a requested to purchase snafu_pkp_250rnd_mag x1 from the trader "Personal (Linda [#STR_EXPANSION_MARKET_Personal])" in market zone "personal" (pos=<3204.250000, 1.534020, 1620.050049>).
14:51:08.140 [Market] Player "NOVAKILLSFORYOU" (id=_i471QtP-cQO7LGlvQxSkkb6U2OdaENSi4dYAnCjv04=) has bought snafu_pkp_250rnd_mag x1 from the trader "Personal (Linda [#STR_EXPANSION_MARKET_Personal])" in market zone "personal" (pos=<3204.250000, 1.534020, 1620.050049>) for a price of 900.
14:51:10.085 [Market] Player "NOVAKILLSFORYOU" (id=_i471QtP-cQO7LGlvQxSkkb6U2OdaENSi4dYAnCjv04=) has send a requested to purchase snafu_pkp_250rnd_mag x1 from the trader "Personal (Linda [#STR_EXPANSION_MARKET_Personal])" in market zone "personal" (pos=<3204.250000, 1.534020, 1620.050049>).
14:51:10.210 [Market] Player "NOVAKILLSFORYOU" (id=_i471QtP-cQO7LGlvQxSkkb6U2OdaENSi4dYAnCjv04=) has bought snafu_pkp_250rnd_mag x1 from the trader "Personal (Linda [#STR_EXPANSION_MARKET_Personal])" in market zone "personal" (pos=<3204.250000, 1.534020, 1620.050049>) for a price of 900.
14:51:50.761 [Market] Player "NOVAKILLSFORYOU" (id=_i471QtP-cQO7LGlvQxSkkb6U2OdaENSi4dYAnCjv04=) has send a requested to purchase ammo_762x54tracer x1000 from the trader "Personal (Linda [#STR_EXPANSION_MARKET_Personal])" in market zone "personal" (pos=<3204.250000, 1.534020, 1620.050049>).
14:51:50.816 [Market] Player "NOVAKILLSFORYOU" (id=_i471QtP-cQO7LGlvQxSkkb6U2OdaENSi4dYAnCjv04=) has bought ammo_762x54tracer x1000 from the trader "Personal (Linda [#STR_EXPANSION_MARKET_Personal])" in market zone "personal" (pos=<3204.250000, 1.534020, 1620.050049>) for a price of 4000.
14:55:34.300 [Party] Player "1DEADMANWALKIN" (id=zvk4zPulP_yUuFMB-icYMa26l-1hJKZFlbgWP-FPOcg=) joinded the party "OSS" (id=0 ownerUID=_i471QtP-cQO7LGlvQxSkkb6U2OdaENSi4dYAnCjv04= ownerName=NOVAKILLSFORYOU)
14:55:34.347 [Expansion Quests] - InitQuestSystemClient - Loaded existing player quest data for player with UID: zvk4zPulP_yUuFMB-icYMa26l-1hJKZFlbgWP-FPOcg=
14:55:34.347 [Expansion Quests] - LoadGroupQuestData - Got cached group quest data for group with ID: 0
14:55:34.347 [Expansion Quests] - Create new quest instance for quest: 8 - Player UID: zvk4zPulP_yUuFMB-icYMa26l-1hJKZFlbgWP-FPOcg=
14:55:34.347 [Expansion Quests] - Create new quest instance for quest: 9 - Player UID: zvk4zPulP_yUuFMB-icYMa26l-1hJKZFlbgWP-FPOcg=
14:55:34.347 [Expansion Quests] - Create new quest instance for quest: 11 - Player UID: zvk4zPulP_yUuFMB-icYMa26l-1hJKZFlbgWP-FPOcg=
14:55:35.113 [Expansion Quests] - LoadGroupQuestData - Got cached group quest data for group with ID: 0
14:59:28.070 [Party] Player "MGM_762" (id=6CBOabJUM7Qqd7NEG4Do-ueQ7Uqvietj4ODcWmz64j4=) joinded the party "OSS" (id=0 ownerUID=_i471QtP-cQO7LGlvQxSkkb6U2OdaENSi4dYAnCjv04= ownerName=NOVAKILLSFORYOU)
14:59:28.105 [Expansion Quests] - InitQuestSystemClient - Loaded existing player quest data for player with UID: 6CBOabJUM7Qqd7NEG4Do-ueQ7Uqvietj4ODcWmz64j4=
14:59:28.105 [Expansion Quests] - LoadGroupQuestData - Got cached group quest data for group with ID: 0
14:59:28.105 [Expansion Quests] - Create new quest instance for quest: 8 - Player UID: 6CBOabJUM7Qqd7NEG4Do-ueQ7Uqvietj4ODcWmz64j4=
14:59:28.105 [Expansion Quests] - Create new quest instance for quest: 9 - Player UID: 6CBOabJUM7Qqd7NEG4Do-ueQ7Uqvietj4ODcWmz64j4=
14:59:28.105 [Expansion Quests] - Create new quest instance for quest: 11 - Player UID: 6CBOabJUM7Qqd7NEG4Do-ueQ7Uqvietj4ODcWmz64j4=
14:59:28.855 [Expansion Quests] - LoadGroupQuestData - Got cached group quest data for group with ID: 0
14:59:57.257 [Market] Player "1DEADMANWALKIN" (id=zvk4zPulP_yUuFMB-icYMa26l-1hJKZFlbgWP-FPOcg=) has send a requested to purchase snafu_akwalther x1 from the trader "Personal (Linda [#STR_EXPANSION_MARKET_Personal])" in market zone "personal" (pos=<3204.250000, 1.534020, 1620.050049>).
14:59:57.343 [Market] Player "1DEADMANWALKIN" (id=zvk4zPulP_yUuFMB-icYMa26l-1hJKZFlbgWP-FPOcg=) has bought snafu_akwalther x1 from the trader "Personal (Linda [#STR_EXPANSION_MARKET_Personal])" in market zone "personal" (pos=<3204.250000, 1.534020, 1620.050049>) for a price of 400.
15:00:17.867 [ATM] Player "NOVAKILLSFORYOU" (id=_i471QtP-cQO7LGlvQxSkkb6U2OdaENSi4dYAnCjv04=) has deposited 415196 on his ATM account.
15:01:00.785 [Market] Player "1DEADMANWALKIN" (id=zvk4zPulP_yUuFMB-icYMa26l-1hJKZFlbgWP-FPOcg=) has send a requested to purchase snafu_pkpbipod x1 from the trader "Personal (Linda [#STR_EXPANSION_MARKET_Personal])" in market zone "personal" (pos=<3204.250000, 1.534020, 1620.050049>).
15:01:00.941 [Market] Player "1DEADMANWALKIN" (id=zvk4zPulP_yUuFMB-icYMa26l-1hJKZFlbgWP-FPOcg=) has bought snafu_pkpbipod x1 from the trader "Personal (Linda [#STR_EXPANSION_MARKET_Personal])" in market zone "personal" (pos=<3204.250000, 1.534020, 1620.050049>) for a price of 400.
15:06:17.441 [Market] Player "1DEADMANWALKIN" (id=zvk4zPulP_yUuFMB-icYMa26l-1hJKZFlbgWP-FPOcg=) has send a requested to sell snafu_afg_02_black x1 at the trader "Personal (Linda [#STR_EXPANSION_MARKET_Personal])" in market zone "personal" (pos=<3204.250000, 1.534020, 1620.050049>).
15:06:17.546 [Market] Player "1DEADMANWALKIN" (id=zvk4zPulP_yUuFMB-icYMa26l-1hJKZFlbgWP-FPOcg=) has sold snafu_afg_02_black x1 at the trader "Personal (Linda [#STR_EXPANSION_MARKET_Personal])" in market zone "personal" (pos=<3204.250000, 1.534020, 1620.050049>) and got 300.
15:06:19.925 [Market] Player "1DEADMANWALKIN" (id=zvk4zPulP_yUuFMB-icYMa26l-1hJKZFlbgWP-FPOcg=) has send a requested to sell snafu_fgkac_grip x1 at the trader "Personal (Linda [#STR_EXPANSION_MARKET_Personal])" in market zone "personal" (pos=<3204.250000, 1.534020, 1620.050049>).
15:06:20.050 [Market] Player "1DEADMANWALKIN" (id=zvk4zPulP_yUuFMB-icYMa26l-1hJKZFlbgWP-FPOcg=) has sold snafu_fgkac_grip x1 at the trader "Personal (Linda [#STR_EXPANSION_MARKET_Personal])" in market zone "personal" (pos=<3204.250000, 1.534020, 1620.050049>) and got 300.
15:06:27.488 [Market] Player "1DEADMANWALKIN" (id=zvk4zPulP_yUuFMB-icYMa26l-1hJKZFlbgWP-FPOcg=) has send a requested to sell snafu_hgmlok x1 at the trader "Personal (Linda [#STR_EXPANSION_MARKET_Personal])" in market zone "personal" (pos=<3204.250000, 1.534020, 1620.050049>).
15:06:27.621 [Market] Player "1DEADMANWALKIN" (id=zvk4zPulP_yUuFMB-icYMa26l-1hJKZFlbgWP-FPOcg=) has sold snafu_hgmlok x1 at the trader "Personal (Linda [#STR_EXPANSION_MARKET_Personal])" in market zone "personal" (pos=<3204.250000, 1.534020, 1620.050049>) and got 75.
15:06:40.609 [Market] Player "1DEADMANWALKIN" (id=zvk4zPulP_yUuFMB-icYMa26l-1hJKZFlbgWP-FPOcg=) has send a requested to sell snafu_elcan x1 at the trader "Personal (Linda [#STR_EXPANSION_MARKET_Personal])" in market zone "personal" (pos=<3204.250000, 1.534020, 1620.050049>).
15:06:40.730 [Market] Player "1DEADMANWALKIN" (id=zvk4zPulP_yUuFMB-icYMa26l-1hJKZFlbgWP-FPOcg=) has sold snafu_elcan x1 at the trader "Personal (Linda [#STR_EXPANSION_MARKET_Personal])" in market zone "personal" (pos=<3204.250000, 1.534020, 1620.050049>) and got 300.
15:06:51.769 [ATM] Player "NOVAKILLSFORYOU" (id=_i471QtP-cQO7LGlvQxSkkb6U2OdaENSi4dYAnCjv04=) has withdrawn 415196 from his ATM account.
15:06:55.382 [Market] Player "1DEADMANWALKIN" (id=zvk4zPulP_yUuFMB-icYMa26l-1hJKZFlbgWP-FPOcg=) has send a requested to sell snafuvector_45acp_gun x1 at the trader "Personal (Linda [#STR_EXPANSION_MARKET_Personal])" in market zone "personal" (pos=<3204.250000, 1.534020, 1620.050049>).
15:06:55.484 [Market] Player "1DEADMANWALKIN" (id=zvk4zPulP_yUuFMB-icYMa26l-1hJKZFlbgWP-FPOcg=) has sold snafuvector_45acp_gun x1 at the trader "Personal (Linda [#STR_EXPANSION_MARKET_Personal])" in market zone "personal" (pos=<3204.250000, 1.534020, 1620.050049>) and got 1462.
15:13:23.250 [Market] Player "NOVAKILLSFORYOU" (id=_i471QtP-cQO7LGlvQxSkkb6U2OdaENSi4dYAnCjv04=) has send a requested to purchase snafu_as50_mag x1 from the trader "Personal (Linda [#STR_EXPANSION_MARKET_Personal])" in market zone "personal" (pos=<3204.250000, 1.534020, 1620.050049>).
15:13:23.371 [Market] Player "NOVAKILLSFORYOU" (id=_i471QtP-cQO7LGlvQxSkkb6U2OdaENSi4dYAnCjv04=) has bought snafu_as50_mag x1 from the trader "Personal (Linda [#STR_EXPANSION_MARKET_Personal])" in market zone "personal" (pos=<3204.250000, 1.534020, 1620.050049>) for a price of 440.
15:13:23.941 [Market] Player "NOVAKILLSFORYOU" (id=_i471QtP-cQO7LGlvQxSkkb6U2OdaENSi4dYAnCjv04=) has send a requested to purchase snafu_as50_mag x1 from the trader "Personal (Linda [#STR_EXPANSION_MARKET_Personal])" in market zone "personal" (pos=<3204.250000, 1.534020, 1620.050049>).
15:13:24.046 [Market] Player "NOVAKILLSFORYOU" (id=_i471QtP-cQO7LGlvQxSkkb6U2OdaENSi4dYAnCjv04=) has bought snafu_as50_mag x1 from the trader "Personal (Linda [#STR_EXPANSION_MARKET_Personal])" in market zone "personal" (pos=<3204.250000, 1.534020, 1620.050049>) for a price of 440.
15:13:24.667 [Market] Player "NOVAKILLSFORYOU" (id=_i471QtP-cQO7LGlvQxSkkb6U2OdaENSi4dYAnCjv04=) has send a requested to purchase snafu_as50_mag x1 from the trader "Personal (Linda [#STR_EXPANSION_MARKET_Personal])" in market zone "personal" (pos=<3204.250000, 1.534020, 1620.050049>).
15:13:24.710 [Market] Player "NOVAKILLSFORYOU" (id=_i471QtP-cQO7LGlvQxSkkb6U2OdaENSi4dYAnCjv04=) has bought snafu_as50_mag x1 from the trader "Personal (Linda [#STR_EXPANSION_MARKET_Personal])" in market zone "personal" (pos=<3204.250000, 1.534020, 1620.050049>) for a price of 440.
15:13:25.441 [Market] Player "NOVAKILLSFORYOU" (id=_i471QtP-cQO7LGlvQxSkkb6U2OdaENSi4dYAnCjv04=) has send a requested to purchase snafu_as50_mag x1 from the trader "Personal (Linda [#STR_EXPANSION_MARKET_Personal])" in market zone "personal" (pos=<3204.250000, 1.534020, 1620.050049>).
15:13:25.484 [Market] Player "NOVAKILLSFORYOU" (id=_i471QtP-cQO7LGlvQxSkkb6U2OdaENSi4dYAnCjv04=) has bought snafu_as50_mag x1 from the trader "Personal (Linda [#STR_EXPANSION_MARKET_Personal])" in market zone "personal" (pos=<3204.250000, 1.534020, 1620.050049>) for a price of 440.
15:13:26.199 [Market] Player "NOVAKILLSFORYOU" (id=_i471QtP-cQO7LGlvQxSkkb6U2OdaENSi4dYAnCjv04=) has send a requested to purchase snafu_as50_mag x1 from the trader "Personal (Linda [#STR_EXPANSION_MARKET_Personal])" in market zone "personal" (pos=<3204.250000, 1.534020, 1620.050049>).
15:13:26.261 [Market] Player "NOVAKILLSFORYOU" (id=_i471QtP-cQO7LGlvQxSkkb6U2OdaENSi4dYAnCjv04=) has bought snafu_as50_mag x1 from the trader "Personal (Linda [#STR_EXPANSION_MARKET_Personal])" in market zone "personal" (pos=<3204.250000, 1.534020, 1620.050049>) for a price of 440.
15:13:41.531 [Market] Player "NOVAKILLSFORYOU" (id=_i471QtP-cQO7LGlvQxSkkb6U2OdaENSi4dYAnCjv04=) has send a requested to purchase gcgn_ammo_50cal x500 from the trader "Personal (Linda [#STR_EXPANSION_MARKET_Personal])" in market zone "personal" (pos=<3204.250000, 1.534020, 1620.050049>).
15:13:41.601 [Market] Player "NOVAKILLSFORYOU" (id=_i471QtP-cQO7LGlvQxSkkb6U2OdaENSi4dYAnCjv04=) has bought gcgn_ammo_50cal x500 from the trader "Personal (Linda [#STR_EXPANSION_MARKET_Personal])" in market zone "personal" (pos=<3204.250000, 1.534020, 1620.050049>) for a price of 2000.
15:14:32.152 [ATM] Player "NOVAKILLSFORYOU" (id=_i471QtP-cQO7LGlvQxSkkb6U2OdaENSi4dYAnCjv04=) has deposited 410996 on his ATM account.
15:16:50.230 [VehicleDeleted] ExpansionUAZCargoRoofless (id=32C6078F9D48B564427E799F82392C13 pos=<-0.016775, 0.677601, 0.025196>)
15:16:50.289 [VirtualGarage] Player "NOVAKILLSFORYOU" (id=_i471QtP-cQO7LGlvQxSkkb6U2OdaENSi4dYAnCjv04= pos=<3206.547607, 1.768561, 1651.019043>) retrieved a vehicle "ExpansionUAZCargoRoofless" (GlobalID=80000000800000008000000080004455 pos=<3209.573486, 1.500106, 1610.625977>)
15:17:33.136 [VehicleEnter] Player NOVAKILLSFORYOU [uid=_i471QtP-cQO7LGlvQxSkkb6U2OdaENSi4dYAnCjv04=] entered vehicle UAZ 469 Cargo Roofless (id=70AA25713D483ED481FA4ABA26DFB968 pos=<3209.573730, 1.500105, 1610.625977>) as driver
15:17:35.382 [VehicleEngine] Player NOVAKILLSFORYOU [uid=_i471QtP-cQO7LGlvQxSkkb6U2OdaENSi4dYAnCjv04=] started vehicle UAZ 469 Cargo Roofless (id=70AA25713D483ED481FA4ABA26DFB968 pos=<3209.573730, 1.500105, 1610.625977>)
15:18:33.152 [VehicleEnter] Player MGM_762 [uid=6CBOabJUM7Qqd7NEG4Do-ueQ7Uqvietj4ODcWmz64j4=] entered vehicle UAZ 469 Cargo Roofless (id=70AA25713D483ED481FA4ABA26DFB968 pos=<3205.639160, 1.498385, 1644.781128>) as passenger
15:19:30.835 [AI Patrol] Spawning 2 Greenville bots at <4774.547363, 11.723270, 2148.970703>
15:19:42.851 [AI Patrol] Spawning 1 East bots at <4423.700684, 4.202915, 2837.559082>
15:20:24.414 [AI Patrol] Spawning 3 Airfield bots at <5197.865234, 74.000000, 3136.606445>
15:22:20.597 [AI Patrol] Spawning 3 ParisIsland bots at <2603.662598, 35.099998, 3428.966797>
15:22:27.492 [AI Patrol] Spawning 3 ParisIsland2 bots at <2791.387207, 22.450001, 4042.445801>
15:23:49.253 [VehicleLeave] Player NOVAKILLSFORYOU [uid=_i471QtP-cQO7LGlvQxSkkb6U2OdaENSi4dYAnCjv04=] left vehicle UAZ 469 Cargo Roofless (id=70AA25713D483ED481FA4ABA26DFB968 pos=<3240.567627, 20.470774, 3979.113281>)
15:23:50.156 [VehicleLeave] Player MGM_762 [uid=6CBOabJUM7Qqd7NEG4Do-ueQ7Uqvietj4ODcWmz64j4=] left vehicle UAZ 469 Cargo Roofless (id=70AA25713D483ED481FA4ABA26DFB968 pos=<3240.565674, 20.471308, 3979.113037>)
15:37:41.332 [VehicleAttachments] Player NOVAKILLSFORYOU (uid=_i471QtP-cQO7LGlvQxSkkb6U2OdaENSi4dYAnCjv04=) detached Land Rover Defender Back-Left Door (type=Expansion_Landrover_Left_Blue) from vehicle Land Rover Defender(id=C8727BFB2E419BEFEBE5A3A2854F6A9F pos=<2614.761475, 35.185841, 3497.945068>)
15:38:37.144 [VehicleEnter] Player NOVAKILLSFORYOU [uid=_i471QtP-cQO7LGlvQxSkkb6U2OdaENSi4dYAnCjv04=] entered vehicle Land Rover Defender (id=C8727BFB2E419BEFEBE5A3A2854F6A9F pos=<2614.761719, 35.185902, 3497.945068>) as driver
15:38:40.617 [VehicleLeave] Player NOVAKILLSFORYOU [uid=_i471QtP-cQO7LGlvQxSkkb6U2OdaENSi4dYAnCjv04=] left vehicle Land Rover Defender (id=C8727BFB2E419BEFEBE5A3A2854F6A9F pos=<2614.761719, 35.185902, 3497.945068>)
15:41:30.496 [VehicleEnter] Player NOVAKILLSFORYOU [uid=_i471QtP-cQO7LGlvQxSkkb6U2OdaENSi4dYAnCjv04=] entered vehicle Land Rover Defender (id=C8727BFB2E419BEFEBE5A3A2854F6A9F pos=<2614.761719, 35.185886, 3497.945068>) as driver
15:41:37.007 [VehicleEngine] Player NOVAKILLSFORYOU [uid=_i471QtP-cQO7LGlvQxSkkb6U2OdaENSi4dYAnCjv04=] started vehicle Land Rover Defender (id=C8727BFB2E419BEFEBE5A3A2854F6A9F pos=<2614.761719, 35.185894, 3497.945068>)
15:41:45.484 [VehicleEngine] Player NOVAKILLSFORYOU [uid=_i471QtP-cQO7LGlvQxSkkb6U2OdaENSi4dYAnCjv04=] stopped vehicle Land Rover Defender (id=C8727BFB2E419BEFEBE5A3A2854F6A9F pos=<2614.761719, 35.185890, 3497.945068>)
15:42:21.695 [VehicleLeave] Player NOVAKILLSFORYOU [uid=_i471QtP-cQO7LGlvQxSkkb6U2OdaENSi4dYAnCjv04=] left vehicle Land Rover Defender (id=C8727BFB2E419BEFEBE5A3A2854F6A9F pos=<2614.761719, 35.185898, 3497.945068>)
15:45:13.679 [VehicleEnter] Player NOVAKILLSFORYOU [uid=_i471QtP-cQO7LGlvQxSkkb6U2OdaENSi4dYAnCjv04=] entered vehicle Land Rover Defender (id=C8727BFB2E419BEFEBE5A3A2854F6A9F pos=<2614.761475, 35.185860, 3497.945068>) as driver
15:45:29.238 [VehicleEnter] Player 1DEADMANWALKIN [uid=zvk4zPulP_yUuFMB-icYMa26l-1hJKZFlbgWP-FPOcg=] entered vehicle Land Rover Defender (id=C8727BFB2E419BEFEBE5A3A2854F6A9F pos=<2614.761475, 35.185848, 3497.945068>) as passenger
15:45:38.218 [VehicleEngine] Player NOVAKILLSFORYOU [uid=_i471QtP-cQO7LGlvQxSkkb6U2OdaENSi4dYAnCjv04=] started vehicle Land Rover Defender (id=C8727BFB2E419BEFEBE5A3A2854F6A9F pos=<2614.761719, 35.185894, 3497.945068>)
15:45:55.078 [VehicleEnter] Player MGM_762 [uid=6CBOabJUM7Qqd7NEG4Do-ueQ7Uqvietj4ODcWmz64j4=] entered vehicle Land Rover Defender (id=C8727BFB2E419BEFEBE5A3A2854F6A9F pos=<2614.761475, 35.185860, 3497.945068>) as passenger
15:48:30.617 [VehicleLeave] Player MGM_762 [uid=6CBOabJUM7Qqd7NEG4Do-ueQ7Uqvietj4ODcWmz64j4=] left vehicle Land Rover Defender (id=C8727BFB2E419BEFEBE5A3A2854F6A9F pos=<2598.333008, 22.602293, 4370.828613>)
15:49:00.976 [VehicleEnter] Player MGM_762 [uid=6CBOabJUM7Qqd7NEG4Do-ueQ7Uqvietj4ODcWmz64j4=] entered vehicle Land Rover Defender (id=C8727BFB2E419BEFEBE5A3A2854F6A9F pos=<2598.333008, 22.602297, 4370.828613>) as passenger
15:49:29.296 [VehicleLeave] Player NOVAKILLSFORYOU [uid=_i471QtP-cQO7LGlvQxSkkb6U2OdaENSi4dYAnCjv04=] left vehicle Land Rover Defender (id=C8727BFB2E419BEFEBE5A3A2854F6A9F pos=<2591.805420, 22.598499, 4314.828125>)
15:49:29.679 [VehicleLeave] Player MGM_762 [uid=6CBOabJUM7Qqd7NEG4Do-ueQ7Uqvietj4ODcWmz64j4=] left vehicle Land Rover Defender (id=C8727BFB2E419BEFEBE5A3A2854F6A9F pos=<2591.805420, 22.598499, 4314.828125>)
15:49:30.199 [VehicleLeave] Player 1DEADMANWALKIN [uid=zvk4zPulP_yUuFMB-icYMa26l-1hJKZFlbgWP-FPOcg=] left vehicle Land Rover Defender (id=C8727BFB2E419BEFEBE5A3A2854F6A9F pos=<2591.805420, 22.598501, 4314.828125>)
15:50:26.156 [VehicleEnter] Player NOVAKILLSFORYOU [uid=_i471QtP-cQO7LGlvQxSkkb6U2OdaENSi4dYAnCjv04=] entered vehicle Land Rover Defender (id=C8727BFB2E419BEFEBE5A3A2854F6A9F pos=<2591.805176, 22.598499, 4314.828125>) as driver
15:50:30.679 [VehicleEnter] Player MGM_762 [uid=6CBOabJUM7Qqd7NEG4Do-ueQ7Uqvietj4ODcWmz64j4=] entered vehicle Land Rover Defender (id=C8727BFB2E419BEFEBE5A3A2854F6A9F pos=<2591.805420, 22.598499, 4314.828125>) as passenger
15:50:56.062 [VehicleEnter] Player 1DEADMANWALKIN [uid=zvk4zPulP_yUuFMB-icYMa26l-1hJKZFlbgWP-FPOcg=] entered vehicle Land Rover Defender (id=C8727BFB2E419BEFEBE5A3A2854F6A9F pos=<2591.805176, 22.598499, 4314.828125>) as passenger
15:50:58.953 [VehicleEngine] Player NOVAKILLSFORYOU [uid=_i471QtP-cQO7LGlvQxSkkb6U2OdaENSi4dYAnCjv04=] started vehicle Land Rover Defender (id=C8727BFB2E419BEFEBE5A3A2854F6A9F pos=<2591.805420, 22.598497, 4314.828125>)
15:53:06.039 [VehicleLeave] Player MGM_762 [uid=6CBOabJUM7Qqd7NEG4Do-ueQ7Uqvietj4ODcWmz64j4=] left vehicle Land Rover Defender (id=C8727BFB2E419BEFEBE5A3A2854F6A9F pos=<3237.779053, 21.016743, 3979.085205>)
15:53:06.257 [VehicleLeave] Player 1DEADMANWALKIN [uid=zvk4zPulP_yUuFMB-icYMa26l-1hJKZFlbgWP-FPOcg=] left vehicle Land Rover Defender (id=C8727BFB2E419BEFEBE5A3A2854F6A9F pos=<3237.777832, 21.016912, 3979.085205>)
15:53:07.843 [VehicleLeave] Player NOVAKILLSFORYOU [uid=_i471QtP-cQO7LGlvQxSkkb6U2OdaENSi4dYAnCjv04=] left vehicle Land Rover Defender (id=C8727BFB2E419BEFEBE5A3A2854F6A9F pos=<3237.771973, 21.017847, 3979.084961>)
15:53:13.457 [VehicleEnter] Player NOVAKILLSFORYOU [uid=_i471QtP-cQO7LGlvQxSkkb6U2OdaENSi4dYAnCjv04=] entered vehicle UAZ 469 Cargo Roofless (id=70AA25713D483ED481FA4ABA26DFB968 pos=<3240.545654, 20.475481, 3979.112305>) as driver
15:53:16.492 [VehicleEngine] Player NOVAKILLSFORYOU [uid=_i471QtP-cQO7LGlvQxSkkb6U2OdaENSi4dYAnCjv04=] started vehicle UAZ 469 Cargo Roofless (id=70AA25713D483ED481FA4ABA26DFB968 pos=<3240.539551, 20.476795, 3979.112061>)
15:53:20.281 [VehicleEnter] Player MGM_762 [uid=6CBOabJUM7Qqd7NEG4Do-ueQ7Uqvietj4ODcWmz64j4=] entered vehicle Land Rover Defender (id=C8727BFB2E419BEFEBE5A3A2854F6A9F pos=<3237.741211, 21.023073, 3979.082520>) as driver
15:53:22.929 [VehicleEngine] Player MGM_762 [uid=6CBOabJUM7Qqd7NEG4Do-ueQ7Uqvietj4ODcWmz64j4=] started vehicle Land Rover Defender (id=C8727BFB2E419BEFEBE5A3A2854F6A9F pos=<3237.741211, 21.023062, 3979.082520>)
15:54:57.757 [VehicleLeave] Player NOVAKILLSFORYOU [uid=_i471QtP-cQO7LGlvQxSkkb6U2OdaENSi4dYAnCjv04=] left vehicle UAZ 469 Cargo Roofless (id=70AA25713D483ED481FA4ABA26DFB968 pos=<4123.895020, 2.999779, 2984.654541>)
15:55:11.378 [VehicleEnter] Player NOVAKILLSFORYOU [uid=_i471QtP-cQO7LGlvQxSkkb6U2OdaENSi4dYAnCjv04=] entered vehicle UAZ 469 Cargo Roofless (id=70AA25713D483ED481FA4ABA26DFB968 pos=<4123.887207, 2.988490, 2984.688965>) as driver
15:55:15.781 [VehicleLeave] Player NOVAKILLSFORYOU [uid=_i471QtP-cQO7LGlvQxSkkb6U2OdaENSi4dYAnCjv04=] left vehicle UAZ 469 Cargo Roofless (id=70AA25713D483ED481FA4ABA26DFB968 pos=<4123.887207, 2.988482, 2984.689209>)
15:55:51.937 [VehicleEnter] Player NOVAKILLSFORYOU [uid=_i471QtP-cQO7LGlvQxSkkb6U2OdaENSi4dYAnCjv04=] entered vehicle UAZ 469 Cargo Roofless (id=70AA25713D483ED481FA4ABA26DFB968 pos=<4124.419922, 2.577105, 2983.125977>) as driver
15:55:52.875 [VehicleEngine] Player NOVAKILLSFORYOU [uid=_i471QtP-cQO7LGlvQxSkkb6U2OdaENSi4dYAnCjv04=] started vehicle UAZ 469 Cargo Roofless (id=70AA25713D483ED481FA4ABA26DFB968 pos=<4124.419922, 2.577112, 2983.126221>)
15:58:10.593 [VehicleDestroyed] ExpansionUAZCargoRoofless (id=70AA25713D483ED481FA4ABA26DFB968 pos=<3473.932373, -5.641301, 1945.033936>)
15:58:18.679 [VehicleLeave] Player NOVAKILLSFORYOU [uid=_i471QtP-cQO7LGlvQxSkkb6U2OdaENSi4dYAnCjv04=] left vehicle UAZ 469 Cargo Roofless (id=70AA25713D483ED481FA4ABA26DFB968 pos=<3475.047119, -5.608631, 1949.664551>)
15:58:20.546 [Killfeed] NOVAKILLSFORYOU got killed.
15:58:53.226 [Party] Player "NOVAKILLSFORYOU" (id=_i471QtP-cQO7LGlvQxSkkb6U2OdaENSi4dYAnCjv04=) joinded the party "OSS" (id=0 ownerUID=_i471QtP-cQO7LGlvQxSkkb6U2OdaENSi4dYAnCjv04= ownerName=NOVAKILLSFORYOU)
15:58:54.207 [Expansion Quests] - LoadGroupQuestData - Got cached group quest data for group with ID: 0
15:59:11.335 [SpawnSelection] Player "NOVAKILLSFORYOU" (id=_i471QtP-cQO7LGlvQxSkkb6U2OdaENSi4dYAnCjv04=) spawned at <9479.124023, 27.024431, 5234.839844>
16:00:13.070 [VehicleEngine] Player MGM_762 [uid=6CBOabJUM7Qqd7NEG4Do-ueQ7Uqvietj4ODcWmz64j4=] stopped vehicle Land Rover Defender (id=C8727BFB2E419BEFEBE5A3A2854F6A9F pos=<3221.152344, 1.443085, 1647.885254>)
16:00:17.945 [VehicleLeave] Player MGM_762 [uid=6CBOabJUM7Qqd7NEG4Do-ueQ7Uqvietj4ODcWmz64j4=] left vehicle Land Rover Defender (id=C8727BFB2E419BEFEBE5A3A2854F6A9F pos=<3221.152344, 1.443203, 1647.885986>)
16:03:07.394 [VehicleEnter] Player NOVAKILLSFORYOU [uid=_i471QtP-cQO7LGlvQxSkkb6U2OdaENSi4dYAnCjv04=] entered vehicle The Whaler (id=FB782CA19D429AFD045F86966E358FE5 pos=<3191.460205, -0.422158, 1608.246338>) as driver
16:04:01.871 [VehicleDeleted] ExpansionUAZCargoRoofless (id=70AA25713D483ED481FA4ABA26DFB968 pos=<3474.859131, -5.565448, 1945.898926>)
16:05:32.898 [VehicleLeave] Player NOVAKILLSFORYOU [uid=_i471QtP-cQO7LGlvQxSkkb6U2OdaENSi4dYAnCjv04=] left vehicle The Whaler (id=FB782CA19D429AFD045F86966E358FE5 pos=<3471.680176, -0.027511, 1949.126709>)
16:06:38.226 [VehicleEnter] Player NOVAKILLSFORYOU [uid=_i471QtP-cQO7LGlvQxSkkb6U2OdaENSi4dYAnCjv04=] entered vehicle The Whaler (id=FB782CA19D429AFD045F86966E358FE5 pos=<3471.318604, -0.347378, 1948.906250>) as driver
16:06:49.523 [VehicleLeave] Player NOVAKILLSFORYOU [uid=_i471QtP-cQO7LGlvQxSkkb6U2OdaENSi4dYAnCjv04=] left vehicle The Whaler (id=FB782CA19D429AFD045F86966E358FE5 pos=<3471.357666, -0.216957, 1949.210327>)
16:07:45.054 [VehicleEnter] Player NOVAKILLSFORYOU [uid=_i471QtP-cQO7LGlvQxSkkb6U2OdaENSi4dYAnCjv04=] entered vehicle The Whaler (id=FB782CA19D429AFD045F86966E358FE5 pos=<3471.442871, -0.216256, 1949.395752>) as driver
16:08:10.253 [VehicleLeave] Player NOVAKILLSFORYOU [uid=_i471QtP-cQO7LGlvQxSkkb6U2OdaENSi4dYAnCjv04=] left vehicle The Whaler (id=FB782CA19D429AFD045F86966E358FE5 pos=<3496.149658, -0.193337, 1932.409790>)
16:09:30.906 [Party] Player "1DEADMANWALKIN" (id=zvk4zPulP_yUuFMB-icYMa26l-1hJKZFlbgWP-FPOcg=) left the party "OSS" (id=0 ownerUID=_i471QtP-cQO7LGlvQxSkkb6U2OdaENSi4dYAnCjv04= ownerName=NOVAKILLSFORYOU)
16:11:31.109 [VehicleEnter] Player NOVAKILLSFORYOU [uid=_i471QtP-cQO7LGlvQxSkkb6U2OdaENSi4dYAnCjv04=] entered vehicle The Whaler (id=FB782CA19D429AFD045F86966E358FE5 pos=<3488.366943, -0.095049, 1934.001465>) as driver
16:12:56.558 [VehicleLeave] Player NOVAKILLSFORYOU [uid=_i471QtP-cQO7LGlvQxSkkb6U2OdaENSi4dYAnCjv04=] left vehicle The Whaler (id=FB782CA19D429AFD045F86966E358FE5 pos=<3196.383545, -0.339233, 1607.124390>)
16:19:51.222 [MissionAirdrop] An airdrop is heading towards "Stonington" (pos=<6973.000000, 0.000000, 1701.000000> type=Random_Stonington) with a ExpansionAirdropContainer_Medical
16:28:17.304 [Market] Player "MGM_762" (id=6CBOabJUM7Qqd7NEG4Do-ueQ7Uqvietj4ODcWmz64j4=) has send a requested to sell snafum98b_digi_gun x1 at the trader "Personal (Linda [#STR_EXPANSION_MARKET_Personal])" in market zone "personal" (pos=<3204.250000, 1.534020, 1620.050049>).
16:28:17.417 [Market] Player "MGM_762" (id=6CBOabJUM7Qqd7NEG4Do-ueQ7Uqvietj4ODcWmz64j4=) has sold snafum98b_digi_gun x1 at the trader "Personal (Linda [#STR_EXPANSION_MARKET_Personal])" in market zone "personal" (pos=<3204.250000, 1.534020, 1620.050049>) and got 11250.
16:28:18.425 [Market] Player "MGM_762" (id=6CBOabJUM7Qqd7NEG4Do-ueQ7Uqvietj4ODcWmz64j4=) has send a requested to sell snafum98b_digi_gun x1 at the trader "Personal (Linda [#STR_EXPANSION_MARKET_Personal])" in market zone "personal" (pos=<3204.250000, 1.534020, 1620.050049>).
16:28:18.539 [Market] Player "MGM_762" (id=6CBOabJUM7Qqd7NEG4Do-ueQ7Uqvietj4ODcWmz64j4=) has sold snafum98b_digi_gun x1 at the trader "Personal (Linda [#STR_EXPANSION_MARKET_Personal])" in market zone "personal" (pos=<3204.250000, 1.534020, 1620.050049>) and got 3142.
16:29:26.550 [Market] Player "MGM_762" (id=6CBOabJUM7Qqd7NEG4Do-ueQ7Uqvietj4ODcWmz64j4=) has send a requested to purchase snafu_as50_mag x1 from the trader "Personal (Linda [#STR_EXPANSION_MARKET_Personal])" in market zone "personal" (pos=<3204.250000, 1.534020, 1620.050049>).
16:29:26.656 [Market] Player "MGM_762" (id=6CBOabJUM7Qqd7NEG4Do-ueQ7Uqvietj4ODcWmz64j4=) has bought snafu_as50_mag x1 from the trader "Personal (Linda [#STR_EXPANSION_MARKET_Personal])" in market zone "personal" (pos=<3204.250000, 1.534020, 1620.050049>) for a price of 440.
16:29:27.808 [Market] Player "MGM_762" (id=6CBOabJUM7Qqd7NEG4Do-ueQ7Uqvietj4ODcWmz64j4=) has send a requested to purchase snafu_as50_mag x1 from the trader "Personal (Linda [#STR_EXPANSION_MARKET_Personal])" in market zone "personal" (pos=<3204.250000, 1.534020, 1620.050049>).
16:29:27.914 [Market] Player "MGM_762" (id=6CBOabJUM7Qqd7NEG4Do-ueQ7Uqvietj4ODcWmz64j4=) has bought snafu_as50_mag x1 from the trader "Personal (Linda [#STR_EXPANSION_MARKET_Personal])" in market zone "personal" (pos=<3204.250000, 1.534020, 1620.050049>) for a price of 440.
16:29:32.406 [Market] Player "NOVAKILLSFORYOU" (id=_i471QtP-cQO7LGlvQxSkkb6U2OdaENSi4dYAnCjv04=) has send a requested to sell snafu_mcmr10 x1 at the trader "Personal (Linda [#STR_EXPANSION_MARKET_Personal])" in market zone "personal" (pos=<3204.250000, 1.534020, 1620.050049>).
16:29:32.476 [Market] Player "NOVAKILLSFORYOU" (id=_i471QtP-cQO7LGlvQxSkkb6U2OdaENSi4dYAnCjv04=) has sold snafu_mcmr10 x1 at the trader "Personal (Linda [#STR_EXPANSION_MARKET_Personal])" in market zone "personal" (pos=<3204.250000, 1.534020, 1620.050049>) and got 150.
16:29:42.273 [Market] Player "NOVAKILLSFORYOU" (id=_i471QtP-cQO7LGlvQxSkkb6U2OdaENSi4dYAnCjv04=) has send a requested to sell snafu_cmag60300_black x1 at the trader "Personal (Linda [#STR_EXPANSION_MARKET_Personal])" in market zone "personal" (pos=<3204.250000, 1.534020, 1620.050049>).
16:29:42.308 [Market] Player "NOVAKILLSFORYOU" (id=_i471QtP-cQO7LGlvQxSkkb6U2OdaENSi4dYAnCjv04=) has sold snafu_cmag60300_black x1 at the trader "Personal (Linda [#STR_EXPANSION_MARKET_Personal])" in market zone "personal" (pos=<3204.250000, 1.534020, 1620.050049>) and got 405.
16:29:44.164 [Market] Player "NOVAKILLSFORYOU" (id=_i471QtP-cQO7LGlvQxSkkb6U2OdaENSi4dYAnCjv04=) has send a requested to sell snafu_ak308_mag x1 at the trader "Personal (Linda [#STR_EXPANSION_MARKET_Personal])" in market zone "personal" (pos=<3204.250000, 1.534020, 1620.050049>).
16:29:44.226 [Market] Player "NOVAKILLSFORYOU" (id=_i471QtP-cQO7LGlvQxSkkb6U2OdaENSi4dYAnCjv04=) has sold snafu_ak308_mag x1 at the trader "Personal (Linda [#STR_EXPANSION_MARKET_Personal])" in market zone "personal" (pos=<3204.250000, 1.534020, 1620.050049>) and got 320.
16:29:46.472 [Market] Player "NOVAKILLSFORYOU" (id=_i471QtP-cQO7LGlvQxSkkb6U2OdaENSi4dYAnCjv04=) has send a requested to sell snafu_akwalther x1 at the trader "Personal (Linda [#STR_EXPANSION_MARKET_Personal])" in market zone "personal" (pos=<3204.250000, 1.534020, 1620.050049>).
16:29:46.562 [Market] Player "NOVAKILLSFORYOU" (id=_i471QtP-cQO7LGlvQxSkkb6U2OdaENSi4dYAnCjv04=) has sold snafu_akwalther x1 at the trader "Personal (Linda [#STR_EXPANSION_MARKET_Personal])" in market zone "personal" (pos=<3204.250000, 1.534020, 1620.050049>) and got 150.
16:30:00.695 [Market] Player "NOVAKILLSFORYOU" (id=_i471QtP-cQO7LGlvQxSkkb6U2OdaENSi4dYAnCjv04=) has send a requested to sell snafu_bmag300_black x1 at the trader "Personal (Linda [#STR_EXPANSION_MARKET_Personal])" in market zone "personal" (pos=<3204.250000, 1.534020, 1620.050049>).
16:30:00.753 [Market] Player "NOVAKILLSFORYOU" (id=_i471QtP-cQO7LGlvQxSkkb6U2OdaENSi4dYAnCjv04=) has sold snafu_bmag300_black x1 at the trader "Personal (Linda [#STR_EXPANSION_MARKET_Personal])" in market zone "personal" (pos=<3204.250000, 1.534020, 1620.050049>) and got 597.
16:31:49.992 [Market] Player "MGM_762" (id=6CBOabJUM7Qqd7NEG4Do-ueQ7Uqvietj4ODcWmz64j4=) has send a requested to purchase snafu_hhuntingoptic x1 from the trader "Personal (Linda [#STR_EXPANSION_MARKET_Personal])" in market zone "personal" (pos=<3204.250000, 1.534020, 1620.050049>).
16:31:50.117 [Market] Player "MGM_762" (id=6CBOabJUM7Qqd7NEG4Do-ueQ7Uqvietj4ODcWmz64j4=) has bought snafu_hhuntingoptic x1 from the trader "Personal (Linda [#STR_EXPANSION_MARKET_Personal])" in market zone "personal" (pos=<3204.250000, 1.534020, 1620.050049>) for a price of 400.
16:33:34.167 [Market] Player "MGM_762" (id=6CBOabJUM7Qqd7NEG4Do-ueQ7Uqvietj4ODcWmz64j4=) has send a requested to purchase huntingoptic x1 from the trader "Personal (Linda [#STR_EXPANSION_MARKET_Personal])" in market zone "personal" (pos=<3204.250000, 1.534020, 1620.050049>).
16:33:34.273 [Market] Player "MGM_762" (id=6CBOabJUM7Qqd7NEG4Do-ueQ7Uqvietj4ODcWmz64j4=) has bought huntingoptic x1 from the trader "Personal (Linda [#STR_EXPANSION_MARKET_Personal])" in market zone "personal" (pos=<3204.250000, 1.534020, 1620.050049>) for a price of 1000.
16:36:35.839 [ATM] Player "NOVAKILLSFORYOU" (id=_i471QtP-cQO7LGlvQxSkkb6U2OdaENSi4dYAnCjv04=) has withdrawn 410996 from his ATM account.
16:38:41.269 [Market] Player "NOVAKILLSFORYOU" (id=_i471QtP-cQO7LGlvQxSkkb6U2OdaENSi4dYAnCjv04=) has send a requested to purchase snafu_ar15sprtan x1 from the trader "Personal (Linda [#STR_EXPANSION_MARKET_Personal])" in market zone "personal" (pos=<3204.250000, 1.534020, 1620.050049>).
16:38:41.339 [Market] Player "NOVAKILLSFORYOU" (id=_i471QtP-cQO7LGlvQxSkkb6U2OdaENSi4dYAnCjv04=) has bought snafu_ar15sprtan x1 from the trader "Personal (Linda [#STR_EXPANSION_MARKET_Personal])" in market zone "personal" (pos=<3204.250000, 1.534020, 1620.050049>) for a price of 11560.
16:38:48.667 [Market] Player "NOVAKILLSFORYOU" (id=_i471QtP-cQO7LGlvQxSkkb6U2OdaENSi4dYAnCjv04=) has send a requested to purchase snafu_ar15sprtan x1 from the trader "Personal (Linda [#STR_EXPANSION_MARKET_Personal])" in market zone "personal" (pos=<3204.250000, 1.534020, 1620.050049>).
16:38:48.750 [Market] Player "NOVAKILLSFORYOU" (id=_i471QtP-cQO7LGlvQxSkkb6U2OdaENSi4dYAnCjv04=) has bought snafu_ar15sprtan x1 from the trader "Personal (Linda [#STR_EXPANSION_MARKET_Personal])" in market zone "personal" (pos=<3204.250000, 1.534020, 1620.050049>) for a price of 11560.
16:40:09.812 [Market] Player "NOVAKILLSFORYOU" (id=_i471QtP-cQO7LGlvQxSkkb6U2OdaENSi4dYAnCjv04=) has send a requested to purchase snafu_as50_gun x1 from the trader "Personal (Linda [#STR_EXPANSION_MARKET_Personal])" in market zone "personal" (pos=<3204.250000, 1.534020, 1620.050049>).
16:40:09.937 [Market] Player "NOVAKILLSFORYOU" (id=_i471QtP-cQO7LGlvQxSkkb6U2OdaENSi4dYAnCjv04=) has bought snafu_as50_gun x1 from the trader "Personal (Linda [#STR_EXPANSION_MARKET_Personal])" in market zone "personal" (pos=<3204.250000, 1.534020, 1620.050049>) for a price of 17240.
16:40:37.074 [Market] Player "NOVAKILLSFORYOU" (id=_i471QtP-cQO7LGlvQxSkkb6U2OdaENSi4dYAnCjv04=) has send a requested to purchase snafu_bmag300_tan x1 from the trader "Personal (Linda [#STR_EXPANSION_MARKET_Personal])" in market zone "personal" (pos=<3204.250000, 1.534020, 1620.050049>).
16:40:37.128 [Market] Player "NOVAKILLSFORYOU" (id=_i471QtP-cQO7LGlvQxSkkb6U2OdaENSi4dYAnCjv04=) has bought snafu_bmag300_tan x1 from the trader "Personal (Linda [#STR_EXPANSION_MARKET_Personal])" in market zone "personal" (pos=<3204.250000, 1.534020, 1620.050049>) for a price of 800.
16:40:37.667 [Market] Player "NOVAKILLSFORYOU" (id=_i471QtP-cQO7LGlvQxSkkb6U2OdaENSi4dYAnCjv04=) has send a requested to purchase snafu_bmag300_tan x1 from the trader "Personal (Linda [#STR_EXPANSION_MARKET_Personal])" in market zone "personal" (pos=<3204.250000, 1.534020, 1620.050049>).
16:40:37.718 [Market] Player "NOVAKILLSFORYOU" (id=_i471QtP-cQO7LGlvQxSkkb6U2OdaENSi4dYAnCjv04=) has bought snafu_bmag300_tan x1 from the trader "Personal (Linda [#STR_EXPANSION_MARKET_Personal])" in market zone "personal" (pos=<3204.250000, 1.534020, 1620.050049>) for a price of 800.
16:40:38.300 [Market] Player "NOVAKILLSFORYOU" (id=_i471QtP-cQO7LGlvQxSkkb6U2OdaENSi4dYAnCjv04=) has send a requested to purchase snafu_bmag300_tan x1 from the trader "Personal (Linda [#STR_EXPANSION_MARKET_Personal])" in market zone "personal" (pos=<3204.250000, 1.534020, 1620.050049>).
16:40:38.398 [Market] Player "NOVAKILLSFORYOU" (id=_i471QtP-cQO7LGlvQxSkkb6U2OdaENSi4dYAnCjv04=) has bought snafu_bmag300_tan x1 from the trader "Personal (Linda [#STR_EXPANSION_MARKET_Personal])" in market zone "personal" (pos=<3204.250000, 1.534020, 1620.050049>) for a price of 800.
16:40:38.968 [Market] Player "NOVAKILLSFORYOU" (id=_i471QtP-cQO7LGlvQxSkkb6U2OdaENSi4dYAnCjv04=) has send a requested to purchase snafu_bmag300_tan x1 from the trader "Personal (Linda [#STR_EXPANSION_MARKET_Personal])" in market zone "personal" (pos=<3204.250000, 1.534020, 1620.050049>).
16:40:39.027 [Market] Player "NOVAKILLSFORYOU" (id=_i471QtP-cQO7LGlvQxSkkb6U2OdaENSi4dYAnCjv04=) has bought snafu_bmag300_tan x1 from the trader "Personal (Linda [#STR_EXPANSION_MARKET_Personal])" in market zone "personal" (pos=<3204.250000, 1.534020, 1620.050049>) for a price of 800.
16:48:09.128 [VehicleEnter] Player NOVAKILLSFORYOU [uid=_i471QtP-cQO7LGlvQxSkkb6U2OdaENSi4dYAnCjv04=] entered vehicle Land Rover Defender (id=C8727BFB2E419BEFEBE5A3A2854F6A9F pos=<3221.152344, 1.443090, 1647.885376>) as driver
16:48:12.742 [VehicleEngine] Player NOVAKILLSFORYOU [uid=_i471QtP-cQO7LGlvQxSkkb6U2OdaENSi4dYAnCjv04=] started vehicle Land Rover Defender (id=C8727BFB2E419BEFEBE5A3A2854F6A9F pos=<3221.152344, 1.443059, 1647.885132>)
16:48:17.562 [VehicleLeave] Player NOVAKILLSFORYOU [uid=_i471QtP-cQO7LGlvQxSkkb6U2OdaENSi4dYAnCjv04=] left vehicle Land Rover Defender (id=C8727BFB2E419BEFEBE5A3A2854F6A9F pos=<3221.152344, 1.443147, 1647.885742>)
16:48:23.312 [ATM] Player "NOVAKILLSFORYOU" (id=_i471QtP-cQO7LGlvQxSkkb6U2OdaENSi4dYAnCjv04=) has deposited 369058 on his ATM account.
16:48:26.667 [VehicleEnter] Player MGM_762 [uid=6CBOabJUM7Qqd7NEG4Do-ueQ7Uqvietj4ODcWmz64j4=] entered vehicle Land Rover Defender (id=C8727BFB2E419BEFEBE5A3A2854F6A9F pos=<3221.152344, 1.443050, 1647.885132>) as passenger
16:48:30.000 [VehicleEnter] Player NOVAKILLSFORYOU [uid=_i471QtP-cQO7LGlvQxSkkb6U2OdaENSi4dYAnCjv04=] entered vehicle Land Rover Defender (id=C8727BFB2E419BEFEBE5A3A2854F6A9F pos=<3221.152588, 1.443062, 1647.885254>) as driver
16:48:32.777 [VehicleLeave] Player MGM_762 [uid=6CBOabJUM7Qqd7NEG4Do-ueQ7Uqvietj4ODcWmz64j4=] left vehicle Land Rover Defender (id=C8727BFB2E419BEFEBE5A3A2854F6A9F pos=<3221.145752, 1.442999, 1647.884766>)
16:48:47.031 [VehicleEnter] Player MGM_762 [uid=6CBOabJUM7Qqd7NEG4Do-ueQ7Uqvietj4ODcWmz64j4=] entered vehicle Land Rover Defender (id=C8727BFB2E419BEFEBE5A3A2854F6A9F pos=<3220.698242, 1.430154, 1647.807983>) as passenger
16:49:15.316 [AI Patrol] Spawning 1 East bots at <4487.206055, 30.042910, 1889.268921>
16:53:47.640 [AI Patrol] Spawning 2 East bots at <7104.801270, 7.541102, 5439.669434>
16:55:22.972 [VehicleLeave] Player NOVAKILLSFORYOU [uid=_i471QtP-cQO7LGlvQxSkkb6U2OdaENSi4dYAnCjv04=] left vehicle Land Rover Defender (id=C8727BFB2E419BEFEBE5A3A2854F6A9F pos=<7545.187012, 24.040894, 3907.021240>)
16:56:00.953 [VehicleEnter] Player NOVAKILLSFORYOU [uid=_i471QtP-cQO7LGlvQxSkkb6U2OdaENSi4dYAnCjv04=] entered vehicle Land Rover Defender (id=C8727BFB2E419BEFEBE5A3A2854F6A9F pos=<7545.187012, 24.040890, 3907.021240>) as driver
16:56:01.812 [VehicleEngine] Player NOVAKILLSFORYOU [uid=_i471QtP-cQO7LGlvQxSkkb6U2OdaENSi4dYAnCjv04=] started vehicle Land Rover Defender (id=C8727BFB2E419BEFEBE5A3A2854F6A9F pos=<7545.187012, 24.040894, 3907.021240>)
16:57:24.843 [Safezone] Player "NOVAKILLSFORYOU" (id=_i471QtP-cQO7LGlvQxSkkb6U2OdaENSi4dYAnCjv04= pos=<7712.941895, 44.312748, 4556.630371>) Entered the safezone
16:57:24.843 [Safezone] Player "MGM_762" (id=6CBOabJUM7Qqd7NEG4Do-ueQ7Uqvietj4ODcWmz64j4= pos=<7713.691406, 44.306782, 4557.012695>) Entered the safezone
16:58:30.554 [VehicleEngine] Player NOVAKILLSFORYOU [uid=_i471QtP-cQO7LGlvQxSkkb6U2OdaENSi4dYAnCjv04=] stopped vehicle Land Rover Defender (id=C8727BFB2E419BEFEBE5A3A2854F6A9F pos=<7541.562988, 87.639107, 4581.884277>)
16:58:34.242 [VehicleLeave] Player MGM_762 [uid=6CBOabJUM7Qqd7NEG4Do-ueQ7Uqvietj4ODcWmz64j4=] left vehicle Land Rover Defender (id=C8727BFB2E419BEFEBE5A3A2854F6A9F pos=<7541.664063, 87.638489, 4581.671387>)
16:58:34.968 [VehicleLeave] Player NOVAKILLSFORYOU [uid=_i471QtP-cQO7LGlvQxSkkb6U2OdaENSi4dYAnCjv04=] left vehicle Land Rover Defender (id=C8727BFB2E419BEFEBE5A3A2854F6A9F pos=<7541.664551, 87.638489, 4581.671387>)
16:59:12.679 [Market] Player "NOVAKILLSFORYOU" (id=_i471QtP-cQO7LGlvQxSkkb6U2OdaENSi4dYAnCjv04=) has send a requested to sell bz_yellowhemp_pants x1 at the trader "Clothing (Quinn [#STR_EXPANSION_MARKET_TRADER_CLOTHING])" in market zone "The Hill" (pos=<7529.135742, 89.198120, 4610.044922>).
16:59:12.769 [Market] Player "NOVAKILLSFORYOU" (id=_i471QtP-cQO7LGlvQxSkkb6U2OdaENSi4dYAnCjv04=) has sold bz_yellowhemp_pants x1 at the trader "Clothing (Quinn [#STR_EXPANSION_MARKET_TRADER_CLOTHING])" in market zone "The Hill" (pos=<7529.135742, 89.198120, 4610.044922>) and got 7000.
16:59:15.773 [Market] Player "NOVAKILLSFORYOU" (id=_i471QtP-cQO7LGlvQxSkkb6U2OdaENSi4dYAnCjv04=) has send a requested to sell bz_joker_sneakers x1 at the trader "Clothing (Quinn [#STR_EXPANSION_MARKET_TRADER_CLOTHING])" in market zone "The Hill" (pos=<7529.135742, 89.198120, 4610.044922>).
16:59:15.855 [Market] Player "NOVAKILLSFORYOU" (id=_i471QtP-cQO7LGlvQxSkkb6U2OdaENSi4dYAnCjv04=) has sold bz_joker_sneakers x1 at the trader "Clothing (Quinn [#STR_EXPANSION_MARKET_TRADER_CLOTHING])" in market zone "The Hill" (pos=<7529.135742, 89.198120, 4610.044922>) and got 7000.
16:59:25.882 [Market] Player "MGM_762" (id=6CBOabJUM7Qqd7NEG4Do-ueQ7Uqvietj4ODcWmz64j4=) has send a requested to purchase bz_battery_9v x1 from the trader "Vehicle_Parts (Oliver [#STR_EXPANSION_MARKET_TRADER_VEHICLE_PARTS])" in market zone "The Hill" (pos=<7529.135742, 89.198120, 4610.044922>).
16:59:26.007 [Market] Player "MGM_762" (id=6CBOabJUM7Qqd7NEG4Do-ueQ7Uqvietj4ODcWmz64j4=) has bought bz_battery_9v x1 from the trader "Vehicle_Parts (Oliver [#STR_EXPANSION_MARKET_TRADER_VEHICLE_PARTS])" in market zone "The Hill" (pos=<7529.135742, 89.198120, 4610.044922>) for a price of 5000.
16:59:26.480 [Market] Player "MGM_762" (id=6CBOabJUM7Qqd7NEG4Do-ueQ7Uqvietj4ODcWmz64j4=) has send a requested to purchase bz_battery_9v x1 from the trader "Vehicle_Parts (Oliver [#STR_EXPANSION_MARKET_TRADER_VEHICLE_PARTS])" in market zone "The Hill" (pos=<7529.135742, 89.198120, 4610.044922>).
16:59:26.570 [Market] Player "MGM_762" (id=6CBOabJUM7Qqd7NEG4Do-ueQ7Uqvietj4ODcWmz64j4=) has bought bz_battery_9v x1 from the trader "Vehicle_Parts (Oliver [#STR_EXPANSION_MARKET_TRADER_VEHICLE_PARTS])" in market zone "The Hill" (pos=<7529.135742, 89.198120, 4610.044922>) for a price of 5000.
16:59:32.937 [Market] Player "MGM_762" (id=6CBOabJUM7Qqd7NEG4Do-ueQ7Uqvietj4ODcWmz64j4=) has send a requested to purchase truckbattery x1 from the trader "Vehicle_Parts (Oliver [#STR_EXPANSION_MARKET_TRADER_VEHICLE_PARTS])" in market zone "The Hill" (pos=<7529.135742, 89.198120, 4610.044922>).
16:59:33.023 [Market] Player "MGM_762" (id=6CBOabJUM7Qqd7NEG4Do-ueQ7Uqvietj4ODcWmz64j4=) has bought truckbattery x1 from the trader "Vehicle_Parts (Oliver [#STR_EXPANSION_MARKET_TRADER_VEHICLE_PARTS])" in market zone "The Hill" (pos=<7529.135742, 89.198120, 4610.044922>) for a price of 180.
16:59:46.386 [Market] Player "MGM_762" (id=6CBOabJUM7Qqd7NEG4Do-ueQ7Uqvietj4ODcWmz64j4=) has send a requested to purchase battery9v x1 from the trader "Vehicle_Parts (Oliver [#STR_EXPANSION_MARKET_TRADER_VEHICLE_PARTS])" in market zone "The Hill" (pos=<7529.135742, 89.198120, 4610.044922>).
16:59:46.476 [Market] Player "MGM_762" (id=6CBOabJUM7Qqd7NEG4Do-ueQ7Uqvietj4ODcWmz64j4=) has bought battery9v x1 from the trader "Vehicle_Parts (Oliver [#STR_EXPANSION_MARKET_TRADER_VEHICLE_PARTS])" in market zone "The Hill" (pos=<7529.135742, 89.198120, 4610.044922>) for a price of 10.
16:59:46.820 [Market] Player "MGM_762" (id=6CBOabJUM7Qqd7NEG4Do-ueQ7Uqvietj4ODcWmz64j4=) has send a requested to purchase battery9v x1 from the trader "Vehicle_Parts (Oliver [#STR_EXPANSION_MARKET_TRADER_VEHICLE_PARTS])" in market zone "The Hill" (pos=<7529.135742, 89.198120, 4610.044922>).
16:59:47.015 [Market] Player "MGM_762" (id=6CBOabJUM7Qqd7NEG4Do-ueQ7Uqvietj4ODcWmz64j4=) has bought battery9v x1 from the trader "Vehicle_Parts (Oliver [#STR_EXPANSION_MARKET_TRADER_VEHICLE_PARTS])" in market zone "The Hill" (pos=<7529.135742, 89.198120, 4610.044922>) for a price of 10.
16:59:47.394 [Market] Player "MGM_762" (id=6CBOabJUM7Qqd7NEG4Do-ueQ7Uqvietj4ODcWmz64j4=) has send a requested to purchase battery9v x1 from the trader "Vehicle_Parts (Oliver [#STR_EXPANSION_MARKET_TRADER_VEHICLE_PARTS])" in market zone "The Hill" (pos=<7529.135742, 89.198120, 4610.044922>).
16:59:47.492 [Market] Player "MGM_762" (id=6CBOabJUM7Qqd7NEG4Do-ueQ7Uqvietj4ODcWmz64j4=) has bought battery9v x1 from the trader "Vehicle_Parts (Oliver [#STR_EXPANSION_MARKET_TRADER_VEHICLE_PARTS])" in market zone "The Hill" (pos=<7529.135742, 89.198120, 4610.044922>) for a price of 10.
16:59:48.515 [Market] Player "MGM_762" (id=6CBOabJUM7Qqd7NEG4Do-ueQ7Uqvietj4ODcWmz64j4=) has send a requested to purchase battery9v x1 from the trader "Vehicle_Parts (Oliver [#STR_EXPANSION_MARKET_TRADER_VEHICLE_PARTS])" in market zone "The Hill" (pos=<7529.135742, 89.198120, 4610.044922>).
16:59:48.714 [Market] Player "MGM_762" (id=6CBOabJUM7Qqd7NEG4Do-ueQ7Uqvietj4ODcWmz64j4=) has bought battery9v x1 from the trader "Vehicle_Parts (Oliver [#STR_EXPANSION_MARKET_TRADER_VEHICLE_PARTS])" in market zone "The Hill" (pos=<7529.135742, 89.198120, 4610.044922>) for a price of 10.
16:59:55.214 [Market] Player "MGM_762" (id=6CBOabJUM7Qqd7NEG4Do-ueQ7Uqvietj4ODcWmz64j4=) has send a requested to sell battery9v x1 at the trader "Vehicle_Parts (Oliver [#STR_EXPANSION_MARKET_TRADER_VEHICLE_PARTS])" in market zone "The Hill" (pos=<7529.135742, 89.198120, 4610.044922>).
16:59:55.351 [Market] Player "MGM_762" (id=6CBOabJUM7Qqd7NEG4Do-ueQ7Uqvietj4ODcWmz64j4=) has sold battery9v x1 at the trader "Vehicle_Parts (Oliver [#STR_EXPANSION_MARKET_TRADER_VEHICLE_PARTS])" in market zone "The Hill" (pos=<7529.135742, 89.198120, 4610.044922>) and got 3.
16:59:55.660 [Market] Player "MGM_762" (id=6CBOabJUM7Qqd7NEG4Do-ueQ7Uqvietj4ODcWmz64j4=) has send a requested to sell battery9v x1 at the trader "Vehicle_Parts (Oliver [#STR_EXPANSION_MARKET_TRADER_VEHICLE_PARTS])" in market zone "The Hill" (pos=<7529.135742, 89.198120, 4610.044922>).
16:59:55.785 [Market] Player "MGM_762" (id=6CBOabJUM7Qqd7NEG4Do-ueQ7Uqvietj4ODcWmz64j4=) has sold battery9v x1 at the trader "Vehicle_Parts (Oliver [#STR_EXPANSION_MARKET_TRADER_VEHICLE_PARTS])" in market zone "The Hill" (pos=<7529.135742, 89.198120, 4610.044922>) and got 7.
16:59:55.859 [Market] Player "MGM_762" (id=6CBOabJUM7Qqd7NEG4Do-ueQ7Uqvietj4ODcWmz64j4=) has send a requested to sell battery9v x1 at the trader "Vehicle_Parts (Oliver [#STR_EXPANSION_MARKET_TRADER_VEHICLE_PARTS])" in market zone "The Hill" (pos=<7529.135742, 89.198120, 4610.044922>).
16:59:55.945 [Market] Player "MGM_762" (id=6CBOabJUM7Qqd7NEG4Do-ueQ7Uqvietj4ODcWmz64j4=) has sold battery9v x1 at the trader "Vehicle_Parts (Oliver [#STR_EXPANSION_MARKET_TRADER_VEHICLE_PARTS])" in market zone "The Hill" (pos=<7529.135742, 89.198120, 4610.044922>) and got 7.
16:59:56.082 [Market] Player "MGM_762" (id=6CBOabJUM7Qqd7NEG4Do-ueQ7Uqvietj4ODcWmz64j4=) has send a requested to sell battery9v x1 at the trader "Vehicle_Parts (Oliver [#STR_EXPANSION_MARKET_TRADER_VEHICLE_PARTS])" in market zone "The Hill" (pos=<7529.135742, 89.198120, 4610.044922>).
16:59:56.214 [Market] Player "MGM_762" (id=6CBOabJUM7Qqd7NEG4Do-ueQ7Uqvietj4ODcWmz64j4=) has sold battery9v x1 at the trader "Vehicle_Parts (Oliver [#STR_EXPANSION_MARKET_TRADER_VEHICLE_PARTS])" in market zone "The Hill" (pos=<7529.135742, 89.198120, 4610.044922>) and got 7.
16:59:56.332 [Market] Player "MGM_762" (id=6CBOabJUM7Qqd7NEG4Do-ueQ7Uqvietj4ODcWmz64j4=) has send a requested to sell battery9v x1 at the trader "Vehicle_Parts (Oliver [#STR_EXPANSION_MARKET_TRADER_VEHICLE_PARTS])" in market zone "The Hill" (pos=<7529.135742, 89.198120, 4610.044922>).
16:59:56.460 [Market] Player "MGM_762" (id=6CBOabJUM7Qqd7NEG4Do-ueQ7Uqvietj4ODcWmz64j4=) has sold battery9v x1 at the trader "Vehicle_Parts (Oliver [#STR_EXPANSION_MARKET_TRADER_VEHICLE_PARTS])" in market zone "The Hill" (pos=<7529.135742, 89.198120, 4610.044922>) and got 7.
16:59:56.796 [Market] Player "MGM_762" (id=6CBOabJUM7Qqd7NEG4Do-ueQ7Uqvietj4ODcWmz64j4=) has send a requested to sell battery9v x1 at the trader "Vehicle_Parts (Oliver [#STR_EXPANSION_MARKET_TRADER_VEHICLE_PARTS])" in market zone "The Hill" (pos=<7529.135742, 89.198120, 4610.044922>).
16:59:56.933 [Market] Player "MGM_762" (id=6CBOabJUM7Qqd7NEG4Do-ueQ7Uqvietj4ODcWmz64j4=) has sold battery9v x1 at the trader "Vehicle_Parts (Oliver [#STR_EXPANSION_MARKET_TRADER_VEHICLE_PARTS])" in market zone "The Hill" (pos=<7529.135742, 89.198120, 4610.044922>) and got 1.
16:59:57.214 [Market] Player "MGM_762" (id=6CBOabJUM7Qqd7NEG4Do-ueQ7Uqvietj4ODcWmz64j4=) has send a requested to sell battery9v x1 at the trader "Vehicle_Parts (Oliver [#STR_EXPANSION_MARKET_TRADER_VEHICLE_PARTS])" in market zone "The Hill" (pos=<7529.135742, 89.198120, 4610.044922>).
16:59:57.312 [Market] Player "MGM_762" (id=6CBOabJUM7Qqd7NEG4Do-ueQ7Uqvietj4ODcWmz64j4=) has sold battery9v x1 at the trader "Vehicle_Parts (Oliver [#STR_EXPANSION_MARKET_TRADER_VEHICLE_PARTS])" in market zone "The Hill" (pos=<7529.135742, 89.198120, 4610.044922>) and got 7.
16:59:57.945 [Market] Player "NOVAKILLSFORYOU" (id=_i471QtP-cQO7LGlvQxSkkb6U2OdaENSi4dYAnCjv04=) has send a requested to purchase bz_battery_9v x1 from the trader "Vehicle_Parts (Oliver [#STR_EXPANSION_MARKET_TRADER_VEHICLE_PARTS])" in market zone "The Hill" (pos=<7529.135742, 89.198120, 4610.044922>).
16:59:58.011 [Market] Player "NOVAKILLSFORYOU" (id=_i471QtP-cQO7LGlvQxSkkb6U2OdaENSi4dYAnCjv04=) has bought bz_battery_9v x1 from the trader "Vehicle_Parts (Oliver [#STR_EXPANSION_MARKET_TRADER_VEHICLE_PARTS])" in market zone "The Hill" (pos=<7529.135742, 89.198120, 4610.044922>) for a price of 5000.
17:00:07.910 [Market] Player "MGM_762" (id=6CBOabJUM7Qqd7NEG4Do-ueQ7Uqvietj4ODcWmz64j4=) has send a requested to purchase bz_battery_9v x1 from the trader "Vehicle_Parts (Oliver [#STR_EXPANSION_MARKET_TRADER_VEHICLE_PARTS])" in market zone "The Hill" (pos=<7529.135742, 89.198120, 4610.044922>).
17:00:07.996 [Market] Player "MGM_762" (id=6CBOabJUM7Qqd7NEG4Do-ueQ7Uqvietj4ODcWmz64j4=) has bought bz_battery_9v x1 from the trader "Vehicle_Parts (Oliver [#STR_EXPANSION_MARKET_TRADER_VEHICLE_PARTS])" in market zone "The Hill" (pos=<7529.135742, 89.198120, 4610.044922>) for a price of 5000.
17:00:08.464 [Market] Player "MGM_762" (id=6CBOabJUM7Qqd7NEG4Do-ueQ7Uqvietj4ODcWmz64j4=) has send a requested to purchase bz_battery_9v x1 from the trader "Vehicle_Parts (Oliver [#STR_EXPANSION_MARKET_TRADER_VEHICLE_PARTS])" in market zone "The Hill" (pos=<7529.135742, 89.198120, 4610.044922>).
17:00:08.585 [Market] Player "MGM_762" (id=6CBOabJUM7Qqd7NEG4Do-ueQ7Uqvietj4ODcWmz64j4=) has bought bz_battery_9v x1 from the trader "Vehicle_Parts (Oliver [#STR_EXPANSION_MARKET_TRADER_VEHICLE_PARTS])" in market zone "The Hill" (pos=<7529.135742, 89.198120, 4610.044922>) for a price of 5000.
17:00:09.093 [Market] Player "MGM_762" (id=6CBOabJUM7Qqd7NEG4Do-ueQ7Uqvietj4ODcWmz64j4=) has send a requested to purchase bz_battery_9v x1 from the trader "Vehicle_Parts (Oliver [#STR_EXPANSION_MARKET_TRADER_VEHICLE_PARTS])" in market zone "The Hill" (pos=<7529.135742, 89.198120, 4610.044922>).
17:00:09.218 [Market] Player "MGM_762" (id=6CBOabJUM7Qqd7NEG4Do-ueQ7Uqvietj4ODcWmz64j4=) has bought bz_battery_9v x1 from the trader "Vehicle_Parts (Oliver [#STR_EXPANSION_MARKET_TRADER_VEHICLE_PARTS])" in market zone "The Hill" (pos=<7529.135742, 89.198120, 4610.044922>) for a price of 5000.
17:00:09.734 [Market] Player "MGM_762" (id=6CBOabJUM7Qqd7NEG4Do-ueQ7Uqvietj4ODcWmz64j4=) has send a requested to purchase bz_battery_9v x1 from the trader "Vehicle_Parts (Oliver [#STR_EXPANSION_MARKET_TRADER_VEHICLE_PARTS])" in market zone "The Hill" (pos=<7529.135742, 89.198120, 4610.044922>).
17:00:09.863 [Market] Player "MGM_762" (id=6CBOabJUM7Qqd7NEG4Do-ueQ7Uqvietj4ODcWmz64j4=) has bought bz_battery_9v x1 from the trader "Vehicle_Parts (Oliver [#STR_EXPANSION_MARKET_TRADER_VEHICLE_PARTS])" in market zone "The Hill" (pos=<7529.135742, 89.198120, 4610.044922>) for a price of 5000.
17:00:48.054 [Market] Player "NOVAKILLSFORYOU" (id=_i471QtP-cQO7LGlvQxSkkb6U2OdaENSi4dYAnCjv04=) has send a requested to purchase expansioncarkey x1 from the trader "Vehicle_Parts (Oliver [#STR_EXPANSION_MARKET_TRADER_VEHICLE_PARTS])" in market zone "The Hill" (pos=<7529.135742, 89.198120, 4610.044922>).
17:00:48.156 [Market] Player "NOVAKILLSFORYOU" (id=_i471QtP-cQO7LGlvQxSkkb6U2OdaENSi4dYAnCjv04=) has bought expansioncarkey x1 from the trader "Vehicle_Parts (Oliver [#STR_EXPANSION_MARKET_TRADER_VEHICLE_PARTS])" in market zone "The Hill" (pos=<7529.135742, 89.198120, 4610.044922>) for a price of 250.
17:00:48.457 [Market] Player "NOVAKILLSFORYOU" (id=_i471QtP-cQO7LGlvQxSkkb6U2OdaENSi4dYAnCjv04=) has send a requested to purchase expansioncarkey x1 from the trader "Vehicle_Parts (Oliver [#STR_EXPANSION_MARKET_TRADER_VEHICLE_PARTS])" in market zone "The Hill" (pos=<7529.135742, 89.198120, 4610.044922>).
17:00:48.523 [Market] Player "NOVAKILLSFORYOU" (id=_i471QtP-cQO7LGlvQxSkkb6U2OdaENSi4dYAnCjv04=) has bought expansioncarkey x1 from the trader "Vehicle_Parts (Oliver [#STR_EXPANSION_MARKET_TRADER_VEHICLE_PARTS])" in market zone "The Hill" (pos=<7529.135742, 89.198120, 4610.044922>) for a price of 250.
17:00:49.023 [Market] Player "NOVAKILLSFORYOU" (id=_i471QtP-cQO7LGlvQxSkkb6U2OdaENSi4dYAnCjv04=) has send a requested to purchase expansioncarkey x1 from the trader "Vehicle_Parts (Oliver [#STR_EXPANSION_MARKET_TRADER_VEHICLE_PARTS])" in market zone "The Hill" (pos=<7529.135742, 89.198120, 4610.044922>).
17:00:49.089 [Market] Player "NOVAKILLSFORYOU" (id=_i471QtP-cQO7LGlvQxSkkb6U2OdaENSi4dYAnCjv04=) has bought expansioncarkey x1 from the trader "Vehicle_Parts (Oliver [#STR_EXPANSION_MARKET_TRADER_VEHICLE_PARTS])" in market zone "The Hill" (pos=<7529.135742, 89.198120, 4610.044922>) for a price of 250.
17:01:02.179 [Market] Player "NOVAKILLSFORYOU" (id=_i471QtP-cQO7LGlvQxSkkb6U2OdaENSi4dYAnCjv04=) has send a requested to purchase expansionvodnikwheel x1 from the trader "Vehicle_Parts (Oliver [#STR_EXPANSION_MARKET_TRADER_VEHICLE_PARTS])" in market zone "The Hill" (pos=<7529.135742, 89.198120, 4610.044922>).
17:01:02.269 [Market] Player "NOVAKILLSFORYOU" (id=_i471QtP-cQO7LGlvQxSkkb6U2OdaENSi4dYAnCjv04=) has bought expansionvodnikwheel x1 from the trader "Vehicle_Parts (Oliver [#STR_EXPANSION_MARKET_TRADER_VEHICLE_PARTS])" in market zone "The Hill" (pos=<7529.135742, 89.198120, 4610.044922>) for a price of 600.
17:01:02.941 [Market] Player "NOVAKILLSFORYOU" (id=_i471QtP-cQO7LGlvQxSkkb6U2OdaENSi4dYAnCjv04=) has send a requested to purchase expansionvodnikwheel x1 from the trader "Vehicle_Parts (Oliver [#STR_EXPANSION_MARKET_TRADER_VEHICLE_PARTS])" in market zone "The Hill" (pos=<7529.135742, 89.198120, 4610.044922>).
17:01:03.007 [Market] Player "NOVAKILLSFORYOU" (id=_i471QtP-cQO7LGlvQxSkkb6U2OdaENSi4dYAnCjv04=) has bought expansionvodnikwheel x1 from the trader "Vehicle_Parts (Oliver [#STR_EXPANSION_MARKET_TRADER_VEHICLE_PARTS])" in market zone "The Hill" (pos=<7529.135742, 89.198120, 4610.044922>) for a price of 600.
17:01:39.277 [Market] Player "NOVAKILLSFORYOU" (id=_i471QtP-cQO7LGlvQxSkkb6U2OdaENSi4dYAnCjv04=) has send a requested to sell bz_heineken_mask x1 at the trader "Clothing_Accessories (Maria [#STR_EXPANSION_MARKET_TRADER_CLOTHING_ACCESSORIES])" in market zone "The Hill" (pos=<7529.135742, 89.198120, 4610.044922>).
17:01:39.343 [Market] Player "NOVAKILLSFORYOU" (id=_i471QtP-cQO7LGlvQxSkkb6U2OdaENSi4dYAnCjv04=) has sold bz_heineken_mask x1 at the trader "Clothing_Accessories (Maria [#STR_EXPANSION_MARKET_TRADER_CLOTHING_ACCESSORIES])" in market zone "The Hill" (pos=<7529.135742, 89.198120, 4610.044922>) and got 1750.
17:01:41.718 [Market] Player "NOVAKILLSFORYOU" (id=_i471QtP-cQO7LGlvQxSkkb6U2OdaENSi4dYAnCjv04=) has send a requested to sell bz_scooby_nvgs x1 at the trader "Clothing_Accessories (Maria [#STR_EXPANSION_MARKET_TRADER_CLOTHING_ACCESSORIES])" in market zone "The Hill" (pos=<7529.135742, 89.198120, 4610.044922>).
17:01:41.773 [Market] Player "NOVAKILLSFORYOU" (id=_i471QtP-cQO7LGlvQxSkkb6U2OdaENSi4dYAnCjv04=) has sold bz_scooby_nvgs x1 at the trader "Clothing_Accessories (Maria [#STR_EXPANSION_MARKET_TRADER_CLOTHING_ACCESSORIES])" in market zone "The Hill" (pos=<7529.135742, 89.198120, 4610.044922>) and got 1750.
17:03:47.753 [Market] Player "MGM_762" (id=6CBOabJUM7Qqd7NEG4Do-ueQ7Uqvietj4ODcWmz64j4=) has send a requested to sell bz_demonslayer_mask x1 at the trader "Clothing_Accessories (Maria [#STR_EXPANSION_MARKET_TRADER_CLOTHING_ACCESSORIES])" in market zone "The Hill" (pos=<7529.135742, 89.198120, 4610.044922>).
17:03:47.902 [Market] Player "MGM_762" (id=6CBOabJUM7Qqd7NEG4Do-ueQ7Uqvietj4ODcWmz64j4=) has sold bz_demonslayer_mask x1 at the trader "Clothing_Accessories (Maria [#STR_EXPANSION_MARKET_TRADER_CLOTHING_ACCESSORIES])" in market zone "The Hill" (pos=<7529.135742, 89.198120, 4610.044922>) and got 7000.
17:03:57.773 [Market] Player "MGM_762" (id=6CBOabJUM7Qqd7NEG4Do-ueQ7Uqvietj4ODcWmz64j4=) has send a requested to sell bz_vest_anime x1 at the trader "Clothing_Accessories (Maria [#STR_EXPANSION_MARKET_TRADER_CLOTHING_ACCESSORIES])" in market zone "The Hill" (pos=<7529.135742, 89.198120, 4610.044922>).
17:03:57.890 [Market] Player "MGM_762" (id=6CBOabJUM7Qqd7NEG4Do-ueQ7Uqvietj4ODcWmz64j4=) has sold bz_vest_anime x1 at the trader "Clothing_Accessories (Maria [#STR_EXPANSION_MARKET_TRADER_CLOTHING_ACCESSORIES])" in market zone "The Hill" (pos=<7529.135742, 89.198120, 4610.044922>) and got 6375.
17:03:59.312 [Market] Player "MGM_762" (id=6CBOabJUM7Qqd7NEG4Do-ueQ7Uqvietj4ODcWmz64j4=) has send a requested to sell bz_vest_dp x1 at the trader "Clothing_Accessories (Maria [#STR_EXPANSION_MARKET_TRADER_CLOTHING_ACCESSORIES])" in market zone "The Hill" (pos=<7529.135742, 89.198120, 4610.044922>).
17:03:59.390 [Market] Player "MGM_762" (id=6CBOabJUM7Qqd7NEG4Do-ueQ7Uqvietj4ODcWmz64j4=) has sold bz_vest_dp x1 at the trader "Clothing_Accessories (Maria [#STR_EXPANSION_MARKET_TRADER_CLOTHING_ACCESSORIES])" in market zone "The Hill" (pos=<7529.135742, 89.198120, 4610.044922>) and got 2125.
17:04:18.707 [Market] Player "MGM_762" (id=6CBOabJUM7Qqd7NEG4Do-ueQ7Uqvietj4ODcWmz64j4=) has send a requested to sell bz_shirt_bubbles x1 at the trader "Clothing (Quinn [#STR_EXPANSION_MARKET_TRADER_CLOTHING])" in market zone "The Hill" (pos=<7529.135742, 89.198120, 4610.044922>).
17:04:18.824 [Market] Player "MGM_762" (id=6CBOabJUM7Qqd7NEG4Do-ueQ7Uqvietj4ODcWmz64j4=) has sold bz_shirt_bubbles x1 at the trader "Clothing (Quinn [#STR_EXPANSION_MARKET_TRADER_CLOTHING])" in market zone "The Hill" (pos=<7529.135742, 89.198120, 4610.044922>) and got 2125.
17:04:21.242 [Market] Player "MGM_762" (id=6CBOabJUM7Qqd7NEG4Do-ueQ7Uqvietj4ODcWmz64j4=) has send a requested to sell bz_shirt_bubbles x1 at the trader "Clothing (Quinn [#STR_EXPANSION_MARKET_TRADER_CLOTHING])" in market zone "The Hill" (pos=<7529.135742, 89.198120, 4610.044922>).
17:04:21.375 [Market] Player "MGM_762" (id=6CBOabJUM7Qqd7NEG4Do-ueQ7Uqvietj4ODcWmz64j4=) has sold bz_shirt_bubbles x1 at the trader "Clothing (Quinn [#STR_EXPANSION_MARKET_TRADER_CLOTHING])" in market zone "The Hill" (pos=<7529.135742, 89.198120, 4610.044922>) and got 6375.
17:04:22.898 [Market] Player "MGM_762" (id=6CBOabJUM7Qqd7NEG4Do-ueQ7Uqvietj4ODcWmz64j4=) has send a requested to sell bz_shirt_bubbles x1 at the trader "Clothing (Quinn [#STR_EXPANSION_MARKET_TRADER_CLOTHING])" in market zone "The Hill" (pos=<7529.135742, 89.198120, 4610.044922>).
17:04:23.023 [Market] Player "MGM_762" (id=6CBOabJUM7Qqd7NEG4Do-ueQ7Uqvietj4ODcWmz64j4=) has sold bz_shirt_bubbles x1 at the trader "Clothing (Quinn [#STR_EXPANSION_MARKET_TRADER_CLOTHING])" in market zone "The Hill" (pos=<7529.135742, 89.198120, 4610.044922>) and got 8500.
17:04:24.851 [Market] Player "MGM_762" (id=6CBOabJUM7Qqd7NEG4Do-ueQ7Uqvietj4ODcWmz64j4=) has send a requested to sell bz_shirt_bubbles x1 at the trader "Clothing (Quinn [#STR_EXPANSION_MARKET_TRADER_CLOTHING])" in market zone "The Hill" (pos=<7529.135742, 89.198120, 4610.044922>).
17:04:25.023 [Market] Player "MGM_762" (id=6CBOabJUM7Qqd7NEG4Do-ueQ7Uqvietj4ODcWmz64j4=) has sold bz_shirt_bubbles x1 at the trader "Clothing (Quinn [#STR_EXPANSION_MARKET_TRADER_CLOTHING])" in market zone "The Hill" (pos=<7529.135742, 89.198120, 4610.044922>) and got 2125.
17:04:28.199 [Market] Player "MGM_762" (id=6CBOabJUM7Qqd7NEG4Do-ueQ7Uqvietj4ODcWmz64j4=) has send a requested to sell bz_shirt_redcamo x1 at the trader "Clothing (Quinn [#STR_EXPANSION_MARKET_TRADER_CLOTHING])" in market zone "The Hill" (pos=<7529.135742, 89.198120, 4610.044922>).
17:04:28.320 [Market] Player "MGM_762" (id=6CBOabJUM7Qqd7NEG4Do-ueQ7Uqvietj4ODcWmz64j4=) has sold bz_shirt_redcamo x1 at the trader "Clothing (Quinn [#STR_EXPANSION_MARKET_TRADER_CLOTHING])" in market zone "The Hill" (pos=<7529.135742, 89.198120, 4610.044922>) and got 8500.
17:04:34.804 [Market] Player "MGM_762" (id=6CBOabJUM7Qqd7NEG4Do-ueQ7Uqvietj4ODcWmz64j4=) has send a requested to sell bz_leggings_crochide x1 at the trader "Clothing (Quinn [#STR_EXPANSION_MARKET_TRADER_CLOTHING])" in market zone "The Hill" (pos=<7529.135742, 89.198120, 4610.044922>).
17:04:34.929 [Market] Player "MGM_762" (id=6CBOabJUM7Qqd7NEG4Do-ueQ7Uqvietj4ODcWmz64j4=) has sold bz_leggings_crochide x1 at the trader "Clothing (Quinn [#STR_EXPANSION_MARKET_TRADER_CLOTHING])" in market zone "The Hill" (pos=<7529.135742, 89.198120, 4610.044922>) and got 6375.
17:04:36.117 [Market] Player "MGM_762" (id=6CBOabJUM7Qqd7NEG4Do-ueQ7Uqvietj4ODcWmz64j4=) has send a requested to sell bz_leggings_crochide x1 at the trader "Clothing (Quinn [#STR_EXPANSION_MARKET_TRADER_CLOTHING])" in market zone "The Hill" (pos=<7529.135742, 89.198120, 4610.044922>).
17:04:36.210 [Market] Player "MGM_762" (id=6CBOabJUM7Qqd7NEG4Do-ueQ7Uqvietj4ODcWmz64j4=) has sold bz_leggings_crochide x1 at the trader "Clothing (Quinn [#STR_EXPANSION_MARKET_TRADER_CLOTHING])" in market zone "The Hill" (pos=<7529.135742, 89.198120, 4610.044922>) and got 8500.
17:05:28.691 [Market] Player "MGM_762" (id=6CBOabJUM7Qqd7NEG4Do-ueQ7Uqvietj4ODcWmz64j4=) has send a requested to sell bz_vest_anime x1 at the trader "Clothing_Accessories (Maria [#STR_EXPANSION_MARKET_TRADER_CLOTHING_ACCESSORIES])" in market zone "The Hill" (pos=<7529.135742, 89.198120, 4610.044922>).
17:05:28.824 [Market] Player "MGM_762" (id=6CBOabJUM7Qqd7NEG4Do-ueQ7Uqvietj4ODcWmz64j4=) has sold bz_vest_anime x1 at the trader "Clothing_Accessories (Maria [#STR_EXPANSION_MARKET_TRADER_CLOTHING_ACCESSORIES])" in market zone "The Hill" (pos=<7529.135742, 89.198120, 4610.044922>) and got 8500.
17:05:51.031 [Market] Player "MGM_762" (id=6CBOabJUM7Qqd7NEG4Do-ueQ7Uqvietj4ODcWmz64j4=) has send a requested to purchase electronicrepairkit x1 from the trader "Components (Peter [#STR_EXPANSION_MARKET_TRADER_COMPONENTS])" in market zone "The Hill" (pos=<7529.135742, 89.198120, 4610.044922>).
17:05:51.136 [Market] Player "MGM_762" (id=6CBOabJUM7Qqd7NEG4Do-ueQ7Uqvietj4ODcWmz64j4=) has bought electronicrepairkit x1 from the trader "Components (Peter [#STR_EXPANSION_MARKET_TRADER_COMPONENTS])" in market zone "The Hill" (pos=<7529.135742, 89.198120, 4610.044922>) for a price of 35.
17:05:51.667 [Market] Player "MGM_762" (id=6CBOabJUM7Qqd7NEG4Do-ueQ7Uqvietj4ODcWmz64j4=) has send a requested to purchase electronicrepairkit x1 from the trader "Components (Peter [#STR_EXPANSION_MARKET_TRADER_COMPONENTS])" in market zone "The Hill" (pos=<7529.135742, 89.198120, 4610.044922>).
17:05:51.785 [Market] Player "MGM_762" (id=6CBOabJUM7Qqd7NEG4Do-ueQ7Uqvietj4ODcWmz64j4=) has bought electronicrepairkit x1 from the trader "Components (Peter [#STR_EXPANSION_MARKET_TRADER_COMPONENTS])" in market zone "The Hill" (pos=<7529.135742, 89.198120, 4610.044922>) for a price of 35.
17:05:52.847 [Market] Player "MGM_762" (id=6CBOabJUM7Qqd7NEG4Do-ueQ7Uqvietj4ODcWmz64j4=) has send a requested to purchase electronicrepairkit x1 from the trader "Components (Peter [#STR_EXPANSION_MARKET_TRADER_COMPONENTS])" in market zone "The Hill" (pos=<7529.135742, 89.198120, 4610.044922>).
17:05:52.957 [Market] Player "MGM_762" (id=6CBOabJUM7Qqd7NEG4Do-ueQ7Uqvietj4ODcWmz64j4=) has bought electronicrepairkit x1 from the trader "Components (Peter [#STR_EXPANSION_MARKET_TRADER_COMPONENTS])" in market zone "The Hill" (pos=<7529.135742, 89.198120, 4610.044922>) for a price of 35.
17:05:58.691 [Market] Player "MGM_762" (id=6CBOabJUM7Qqd7NEG4Do-ueQ7Uqvietj4ODcWmz64j4=) has send a requested to purchase weaponcleaningkit x1 from the trader "Components (Peter [#STR_EXPANSION_MARKET_TRADER_COMPONENTS])" in market zone "The Hill" (pos=<7529.135742, 89.198120, 4610.044922>).
17:05:58.781 [Market] Player "MGM_762" (id=6CBOabJUM7Qqd7NEG4Do-ueQ7Uqvietj4ODcWmz64j4=) has bought weaponcleaningkit x1 from the trader "Components (Peter [#STR_EXPANSION_MARKET_TRADER_COMPONENTS])" in market zone "The Hill" (pos=<7529.135742, 89.198120, 4610.044922>) for a price of 8.
17:05:59.187 [Market] Player "MGM_762" (id=6CBOabJUM7Qqd7NEG4Do-ueQ7Uqvietj4ODcWmz64j4=) has send a requested to purchase weaponcleaningkit x1 from the trader "Components (Peter [#STR_EXPANSION_MARKET_TRADER_COMPONENTS])" in market zone "The Hill" (pos=<7529.135742, 89.198120, 4610.044922>).
17:05:59.292 [Market] Player "MGM_762" (id=6CBOabJUM7Qqd7NEG4Do-ueQ7Uqvietj4ODcWmz64j4=) has bought weaponcleaningkit x1 from the trader "Components (Peter [#STR_EXPANSION_MARKET_TRADER_COMPONENTS])" in market zone "The Hill" (pos=<7529.135742, 89.198120, 4610.044922>) for a price of 8.
17:05:59.777 [Market] Player "MGM_762" (id=6CBOabJUM7Qqd7NEG4Do-ueQ7Uqvietj4ODcWmz64j4=) has send a requested to purchase weaponcleaningkit x1 from the trader "Components (Peter [#STR_EXPANSION_MARKET_TRADER_COMPONENTS])" in market zone "The Hill" (pos=<7529.135742, 89.198120, 4610.044922>).
17:05:59.898 [Market] Player "MGM_762" (id=6CBOabJUM7Qqd7NEG4Do-ueQ7Uqvietj4ODcWmz64j4=) has bought weaponcleaningkit x1 from the trader "Components (Peter [#STR_EXPANSION_MARKET_TRADER_COMPONENTS])" in market zone "The Hill" (pos=<7529.135742, 89.198120, 4610.044922>) for a price of 8.
17:06:07.792 [Market] Player "MGM_762" (id=6CBOabJUM7Qqd7NEG4Do-ueQ7Uqvietj4ODcWmz64j4=) has send a requested to purchase sewingkit x1 from the trader "Components (Peter [#STR_EXPANSION_MARKET_TRADER_COMPONENTS])" in market zone "The Hill" (pos=<7529.135742, 89.198120, 4610.044922>).
17:06:07.871 [Market] Player "MGM_762" (id=6CBOabJUM7Qqd7NEG4Do-ueQ7Uqvietj4ODcWmz64j4=) has bought sewingkit x1 from the trader "Components (Peter [#STR_EXPANSION_MARKET_TRADER_COMPONENTS])" in market zone "The Hill" (pos=<7529.135742, 89.198120, 4610.044922>) for a price of 4.
17:06:08.312 [Market] Player "MGM_762" (id=6CBOabJUM7Qqd7NEG4Do-ueQ7Uqvietj4ODcWmz64j4=) has send a requested to purchase sewingkit x1 from the trader "Components (Peter [#STR_EXPANSION_MARKET_TRADER_COMPONENTS])" in market zone "The Hill" (pos=<7529.135742, 89.198120, 4610.044922>).
17:06:08.425 [Market] Player "MGM_762" (id=6CBOabJUM7Qqd7NEG4Do-ueQ7Uqvietj4ODcWmz64j4=) has bought sewingkit x1 from the trader "Components (Peter [#STR_EXPANSION_MARKET_TRADER_COMPONENTS])" in market zone "The Hill" (pos=<7529.135742, 89.198120, 4610.044922>) for a price of 4.
17:06:14.625 [Market] Player "MGM_762" (id=6CBOabJUM7Qqd7NEG4Do-ueQ7Uqvietj4ODcWmz64j4=) has send a requested to purchase petrollighter x1 from the trader "Components (Peter [#STR_EXPANSION_MARKET_TRADER_COMPONENTS])" in market zone "The Hill" (pos=<7529.135742, 89.198120, 4610.044922>).
17:06:14.734 [Market] Player "MGM_762" (id=6CBOabJUM7Qqd7NEG4Do-ueQ7Uqvietj4ODcWmz64j4=) has bought petrollighter x1 from the trader "Components (Peter [#STR_EXPANSION_MARKET_TRADER_COMPONENTS])" in market zone "The Hill" (pos=<7529.135742, 89.198120, 4610.044922>) for a price of 8.
17:06:15.070 [Market] Player "MGM_762" (id=6CBOabJUM7Qqd7NEG4Do-ueQ7Uqvietj4ODcWmz64j4=) has send a requested to purchase petrollighter x1 from the trader "Components (Peter [#STR_EXPANSION_MARKET_TRADER_COMPONENTS])" in market zone "The Hill" (pos=<7529.135742, 89.198120, 4610.044922>).
17:06:15.179 [Market] Player "MGM_762" (id=6CBOabJUM7Qqd7NEG4Do-ueQ7Uqvietj4ODcWmz64j4=) has bought petrollighter x1 from the trader "Components (Peter [#STR_EXPANSION_MARKET_TRADER_COMPONENTS])" in market zone "The Hill" (pos=<7529.135742, 89.198120, 4610.044922>) for a price of 8.
17:06:15.648 [Market] Player "MGM_762" (id=6CBOabJUM7Qqd7NEG4Do-ueQ7Uqvietj4ODcWmz64j4=) has send a requested to purchase petrollighter x1 from the trader "Components (Peter [#STR_EXPANSION_MARKET_TRADER_COMPONENTS])" in market zone "The Hill" (pos=<7529.135742, 89.198120, 4610.044922>).
17:06:15.757 [Market] Player "MGM_762" (id=6CBOabJUM7Qqd7NEG4Do-ueQ7Uqvietj4ODcWmz64j4=) has bought petrollighter x1 from the trader "Components (Peter [#STR_EXPANSION_MARKET_TRADER_COMPONENTS])" in market zone "The Hill" (pos=<7529.135742, 89.198120, 4610.044922>) for a price of 8.
17:09:45.726 [Market] Player "MGM_762" (id=6CBOabJUM7Qqd7NEG4Do-ueQ7Uqvietj4ODcWmz64j4=) has send a requested to purchase bz_healthinjector x1 from the trader "Special (Indar [#STR_EXPANSION_MARKET_TRADER_SPECIAL])" in market zone "The Hill" (pos=<7529.135742, 89.198120, 4610.044922>).
17:09:45.851 [Market] Player "MGM_762" (id=6CBOabJUM7Qqd7NEG4Do-ueQ7Uqvietj4ODcWmz64j4=) has bought bz_healthinjector x1 from the trader "Special (Indar [#STR_EXPANSION_MARKET_TRADER_SPECIAL])" in market zone "The Hill" (pos=<7529.135742, 89.198120, 4610.044922>) for a price of 5000.
17:09:46.281 [Market] Player "MGM_762" (id=6CBOabJUM7Qqd7NEG4Do-ueQ7Uqvietj4ODcWmz64j4=) has send a requested to purchase bz_healthinjector x1 from the trader "Special (Indar [#STR_EXPANSION_MARKET_TRADER_SPECIAL])" in market zone "The Hill" (pos=<7529.135742, 89.198120, 4610.044922>).
17:09:46.363 [Market] Player "MGM_762" (id=6CBOabJUM7Qqd7NEG4Do-ueQ7Uqvietj4ODcWmz64j4=) has bought bz_healthinjector x1 from the trader "Special (Indar [#STR_EXPANSION_MARKET_TRADER_SPECIAL])" in market zone "The Hill" (pos=<7529.135742, 89.198120, 4610.044922>) for a price of 5000.
17:09:46.957 [Market] Player "MGM_762" (id=6CBOabJUM7Qqd7NEG4Do-ueQ7Uqvietj4ODcWmz64j4=) has send a requested to purchase bz_healthinjector x1 from the trader "Special (Indar [#STR_EXPANSION_MARKET_TRADER_SPECIAL])" in market zone "The Hill" (pos=<7529.135742, 89.198120, 4610.044922>).
17:09:47.054 [Market] Player "MGM_762" (id=6CBOabJUM7Qqd7NEG4Do-ueQ7Uqvietj4ODcWmz64j4=) has bought bz_healthinjector x1 from the trader "Special (Indar [#STR_EXPANSION_MARKET_TRADER_SPECIAL])" in market zone "The Hill" (pos=<7529.135742, 89.198120, 4610.044922>) for a price of 5000.
17:09:47.828 [Market] Player "MGM_762" (id=6CBOabJUM7Qqd7NEG4Do-ueQ7Uqvietj4ODcWmz64j4=) has send a requested to purchase bz_healthinjector x1 from the trader "Special (Indar [#STR_EXPANSION_MARKET_TRADER_SPECIAL])" in market zone "The Hill" (pos=<7529.135742, 89.198120, 4610.044922>).
17:09:47.929 [Market] Player "MGM_762" (id=6CBOabJUM7Qqd7NEG4Do-ueQ7Uqvietj4ODcWmz64j4=) has bought bz_healthinjector x1 from the trader "Special (Indar [#STR_EXPANSION_MARKET_TRADER_SPECIAL])" in market zone "The Hill" (pos=<7529.135742, 89.198120, 4610.044922>) for a price of 5000.
17:09:50.375 [Market] Player "MGM_762" (id=6CBOabJUM7Qqd7NEG4Do-ueQ7Uqvietj4ODcWmz64j4=) has send a requested to purchase bz_healthinjector x1 from the trader "Special (Indar [#STR_EXPANSION_MARKET_TRADER_SPECIAL])" in market zone "The Hill" (pos=<7529.135742, 89.198120, 4610.044922>).
17:09:50.492 [Market] Player "MGM_762" (id=6CBOabJUM7Qqd7NEG4Do-ueQ7Uqvietj4ODcWmz64j4=) has bought bz_healthinjector x1 from the trader "Special (Indar [#STR_EXPANSION_MARKET_TRADER_SPECIAL])" in market zone "The Hill" (pos=<7529.135742, 89.198120, 4610.044922>) for a price of 5000.
17:14:46.457 [Market] Player "NOVAKILLSFORYOU" (id=_i471QtP-cQO7LGlvQxSkkb6U2OdaENSi4dYAnCjv04=) has send a requested to purchase canistergasoline x1 from the trader "Vehicle_Parts (Oliver [#STR_EXPANSION_MARKET_TRADER_VEHICLE_PARTS])" in market zone "The Hill" (pos=<7529.135742, 89.198120, 4610.044922>).
17:14:46.523 [Market] Player "NOVAKILLSFORYOU" (id=_i471QtP-cQO7LGlvQxSkkb6U2OdaENSi4dYAnCjv04=) has bought canistergasoline x1 from the trader "Vehicle_Parts (Oliver [#STR_EXPANSION_MARKET_TRADER_VEHICLE_PARTS])" in market zone "The Hill" (pos=<7529.135742, 89.198120, 4610.044922>) for a price of 300.
17:15:03.082 [Market] Player "NOVAKILLSFORYOU" (id=_i471QtP-cQO7LGlvQxSkkb6U2OdaENSi4dYAnCjv04=) has send a requested to purchase canistergasoline x1 from the trader "Vehicle_Parts (Oliver [#STR_EXPANSION_MARKET_TRADER_VEHICLE_PARTS])" in market zone "The Hill" (pos=<7529.135742, 89.198120, 4610.044922>).
17:15:03.171 [Market] Player "NOVAKILLSFORYOU" (id=_i471QtP-cQO7LGlvQxSkkb6U2OdaENSi4dYAnCjv04=) has bought canistergasoline x1 from the trader "Vehicle_Parts (Oliver [#STR_EXPANSION_MARKET_TRADER_VEHICLE_PARTS])" in market zone "The Hill" (pos=<7529.135742, 89.198120, 4610.044922>) for a price of 300.
17:16:02.664 [Market] Player "MGM_762" (id=6CBOabJUM7Qqd7NEG4Do-ueQ7Uqvietj4ODcWmz64j4=) has send a requested to purchase expansion_landrover_wheel x1 from the trader "Vehicle_Parts (Oliver [#STR_EXPANSION_MARKET_TRADER_VEHICLE_PARTS])" in market zone "The Hill" (pos=<7529.135742, 89.198120, 4610.044922>).
17:16:02.777 [Market] Player "MGM_762" (id=6CBOabJUM7Qqd7NEG4Do-ueQ7Uqvietj4ODcWmz64j4=) has bought expansion_landrover_wheel x1 from the trader "Vehicle_Parts (Oliver [#STR_EXPANSION_MARKET_TRADER_VEHICLE_PARTS])" in market zone "The Hill" (pos=<7529.135742, 89.198120, 4610.044922>) for a price of 600.
17:16:03.625 [Market] Player "MGM_762" (id=6CBOabJUM7Qqd7NEG4Do-ueQ7Uqvietj4ODcWmz64j4=) has send a requested to purchase expansion_landrover_wheel x1 from the trader "Vehicle_Parts (Oliver [#STR_EXPANSION_MARKET_TRADER_VEHICLE_PARTS])" in market zone "The Hill" (pos=<7529.135742, 89.198120, 4610.044922>).
17:16:03.742 [Market] Player "MGM_762" (id=6CBOabJUM7Qqd7NEG4Do-ueQ7Uqvietj4ODcWmz64j4=) has bought expansion_landrover_wheel x1 from the trader "Vehicle_Parts (Oliver [#STR_EXPANSION_MARKET_TRADER_VEHICLE_PARTS])" in market zone "The Hill" (pos=<7529.135742, 89.198120, 4610.044922>) for a price of 600.
17:16:09.656 [Market] Player "MGM_762" (id=6CBOabJUM7Qqd7NEG4Do-ueQ7Uqvietj4ODcWmz64j4=) has send a requested to purchase headlighth7 x1 from the trader "Vehicle_Parts (Oliver [#STR_EXPANSION_MARKET_TRADER_VEHICLE_PARTS])" in market zone "The Hill" (pos=<7529.135742, 89.198120, 4610.044922>).
17:16:09.738 [Market] Player "MGM_762" (id=6CBOabJUM7Qqd7NEG4Do-ueQ7Uqvietj4ODcWmz64j4=) has bought headlighth7 x1 from the trader "Vehicle_Parts (Oliver [#STR_EXPANSION_MARKET_TRADER_VEHICLE_PARTS])" in market zone "The Hill" (pos=<7529.135742, 89.198120, 4610.044922>) for a price of 30.
17:16:10.371 [Market] Player "MGM_762" (id=6CBOabJUM7Qqd7NEG4Do-ueQ7Uqvietj4ODcWmz64j4=) has send a requested to purchase headlighth7 x1 from the trader "Vehicle_Parts (Oliver [#STR_EXPANSION_MARKET_TRADER_VEHICLE_PARTS])" in market zone "The Hill" (pos=<7529.135742, 89.198120, 4610.044922>).
17:16:10.480 [Market] Player "MGM_762" (id=6CBOabJUM7Qqd7NEG4Do-ueQ7Uqvietj4ODcWmz64j4=) has bought headlighth7 x1 from the trader "Vehicle_Parts (Oliver [#STR_EXPANSION_MARKET_TRADER_VEHICLE_PARTS])" in market zone "The Hill" (pos=<7529.135742, 89.198120, 4610.044922>) for a price of 30.
17:16:42.261 [VehicleCarKey] Player "NOVAKILLSFORYOU" (id=_i471QtP-cQO7LGlvQxSkkb6U2OdaENSi4dYAnCjv04= pos=<7543.644531, 87.682503, 4580.354492>) paired a  ExpansionCarKey to Expansion_Landrover_Blue (id=C8727BFB2E419BEFEBE5A3A2854F6A9F pos=<7541.664063, 87.638489, 4581.671387>)
17:17:05.257 [VehicleAttachments] Player MGM_762 (uid=6CBOabJUM7Qqd7NEG4Do-ueQ7Uqvietj4ODcWmz64j4=) detached Headlight Bulb (type=HeadlightH7) from vehicle Land Rover Defender(id=C8727BFB2E419BEFEBE5A3A2854F6A9F pos=<7541.664063, 87.638489, 4581.671387>)
17:17:18.480 [VehicleEnter] Player NOVAKILLSFORYOU [uid=_i471QtP-cQO7LGlvQxSkkb6U2OdaENSi4dYAnCjv04=] entered vehicle Land Rover Defender (id=C8727BFB2E419BEFEBE5A3A2854F6A9F pos=<7541.664551, 87.638489, 4581.671387>) as driver
17:17:53.988 [VehicleEngine] Player NOVAKILLSFORYOU [uid=_i471QtP-cQO7LGlvQxSkkb6U2OdaENSi4dYAnCjv04=] started vehicle Land Rover Defender (id=C8727BFB2E419BEFEBE5A3A2854F6A9F pos=<7541.664551, 87.638489, 4581.671387>)
17:17:59.523 [VehicleEnter] Player MGM_762 [uid=6CBOabJUM7Qqd7NEG4Do-ueQ7Uqvietj4ODcWmz64j4=] entered vehicle Land Rover Defender (id=C8727BFB2E419BEFEBE5A3A2854F6A9F pos=<7541.664063, 87.638489, 4581.671387>) as passenger
17:18:31.730 [Safezone] Player "NOVAKILLSFORYOU" (id=_i471QtP-cQO7LGlvQxSkkb6U2OdaENSi4dYAnCjv04= pos=<7518.634766, 40.800926, 4299.583496>) Left the safezone
17:18:31.730 [Safezone] Player "MGM_762" (id=6CBOabJUM7Qqd7NEG4Do-ueQ7Uqvietj4ODcWmz64j4= pos=<7517.796875, 40.744114, 4299.635742>) Left the safezone
17:21:29.734 [VehicleLeave] Player NOVAKILLSFORYOU [uid=_i471QtP-cQO7LGlvQxSkkb6U2OdaENSi4dYAnCjv04=] left vehicle Land Rover Defender (id=C8727BFB2E419BEFEBE5A3A2854F6A9F pos=<5492.278320, 73.968491, 3841.103271>)
17:21:30.195 [VehicleLeave] Player MGM_762 [uid=6CBOabJUM7Qqd7NEG4Do-ueQ7Uqvietj4ODcWmz64j4=] left vehicle Land Rover Defender (id=C8727BFB2E419BEFEBE5A3A2854F6A9F pos=<5492.278320, 73.968498, 3841.103271>)
17:21:56.812 [VehicleEnter] Player NOVAKILLSFORYOU [uid=_i471QtP-cQO7LGlvQxSkkb6U2OdaENSi4dYAnCjv04=] entered vehicle Land Rover Defender (id=C8727BFB2E419BEFEBE5A3A2854F6A9F pos=<5492.278320, 73.968491, 3841.103516>) as driver
17:21:57.679 [VehicleEngine] Player NOVAKILLSFORYOU [uid=_i471QtP-cQO7LGlvQxSkkb6U2OdaENSi4dYAnCjv04=] started vehicle Land Rover Defender (id=C8727BFB2E419BEFEBE5A3A2854F6A9F pos=<5492.278320, 73.968498, 3841.103271>)
17:22:00.023 [VehicleEnter] Player MGM_762 [uid=6CBOabJUM7Qqd7NEG4Do-ueQ7Uqvietj4ODcWmz64j4=] entered vehicle Land Rover Defender (id=C8727BFB2E419BEFEBE5A3A2854F6A9F pos=<5492.278320, 73.968491, 3841.103516>) as passenger
17:26:18.703 [AI Patrol] Spawning 2 East bots at <3435.555420, 30.280001, 4819.681641>
17:27:55.343 [VehicleLeave] Player NOVAKILLSFORYOU [uid=_i471QtP-cQO7LGlvQxSkkb6U2OdaENSi4dYAnCjv04=] left vehicle Land Rover Defender (id=C8727BFB2E419BEFEBE5A3A2854F6A9F pos=<2592.171387, 22.598499, 4316.500977>)
17:27:56.386 [VehicleLeave] Player MGM_762 [uid=6CBOabJUM7Qqd7NEG4Do-ueQ7Uqvietj4ODcWmz64j4=] left vehicle Land Rover Defender (id=C8727BFB2E419BEFEBE5A3A2854F6A9F pos=<2592.171387, 22.598499, 4316.500977>)
17:30:31.128 [VehicleAttachments] Player NOVAKILLSFORYOU (uid=_i471QtP-cQO7LGlvQxSkkb6U2OdaENSi4dYAnCjv04=) detached Vodnik Wheel (type=ExpansionVodnikWheel) from vehicle Vodnik(id=3469E690C448F0021B305DBA17AA4B8D pos=<2589.713867, 22.607471, 4309.309570>)
17:30:59.941 [VehicleAttachments] Player NOVAKILLSFORYOU (uid=_i471QtP-cQO7LGlvQxSkkb6U2OdaENSi4dYAnCjv04=) detached Vodnik Wheel (type=ExpansionVodnikWheel) from vehicle Vodnik(id=3469E690C448F0021B305DBA17AA4B8D pos=<2589.827881, 22.607471, 4309.437012>)
17:31:26.816 [VehicleEnter] Player NOVAKILLSFORYOU [uid=_i471QtP-cQO7LGlvQxSkkb6U2OdaENSi4dYAnCjv04=] entered vehicle Vodnik (id=3469E690C448F0021B305DBA17AA4B8D pos=<2589.823242, 22.607512, 4309.439453>) as driver
17:31:43.039 [VehicleEngine] Player NOVAKILLSFORYOU [uid=_i471QtP-cQO7LGlvQxSkkb6U2OdaENSi4dYAnCjv04=] started vehicle Vodnik (id=3469E690C448F0021B305DBA17AA4B8D pos=<2589.823242, 22.607487, 4309.439453>)
17:32:13.261 [VehicleEnter] Player MGM_762 [uid=6CBOabJUM7Qqd7NEG4Do-ueQ7Uqvietj4ODcWmz64j4=] entered vehicle Land Rover Defender (id=C8727BFB2E419BEFEBE5A3A2854F6A9F pos=<2592.171387, 22.598507, 4316.500977>) as driver
17:32:16.765 [VehicleEngine] Player MGM_762 [uid=6CBOabJUM7Qqd7NEG4Do-ueQ7Uqvietj4ODcWmz64j4=] started vehicle Land Rover Defender (id=C8727BFB2E419BEFEBE5A3A2854F6A9F pos=<2592.171143, 22.598499, 4316.500977>)
17:34:35.414 [VehicleDestroyed] ExpansionVodnik (id=3469E690C448F0021B305DBA17AA4B8D pos=<3264.754883, -1.682382, 3405.556396>)
17:34:48.507 [VehicleLeave] Player NOVAKILLSFORYOU [uid=_i471QtP-cQO7LGlvQxSkkb6U2OdaENSi4dYAnCjv04=] left vehicle Vodnik (id=3469E690C448F0021B305DBA17AA4B8D pos=<3267.398926, -2.760972, 3382.173828>)
17:36:23.343 [VehicleEnter] Player NOVAKILLSFORYOU [uid=_i471QtP-cQO7LGlvQxSkkb6U2OdaENSi4dYAnCjv04=] entered vehicle Land Rover Defender (id=C8727BFB2E419BEFEBE5A3A2854F6A9F pos=<3240.258545, 5.539730, 3472.815918>) as passenger
17:36:34.062 [VehicleEngine] Player MGM_762 [uid=6CBOabJUM7Qqd7NEG4Do-ueQ7Uqvietj4ODcWmz64j4=] stopped vehicle Land Rover Defender (id=C8727BFB2E419BEFEBE5A3A2854F6A9F pos=<3240.258545, 5.539768, 3472.815674>)
17:36:37.335 [VehicleEngine] Player MGM_762 [uid=6CBOabJUM7Qqd7NEG4Do-ueQ7Uqvietj4ODcWmz64j4=] started vehicle Land Rover Defender (id=C8727BFB2E419BEFEBE5A3A2854F6A9F pos=<3240.258545, 5.539726, 3472.815674>)
17:37:48.210 [AI Patrol] Spawning 1 East bots at <4486.509277, 29.979105, 1886.469971>
17:40:29.324 [VehicleDeleted] ExpansionVodnik (id=3469E690C448F0021B305DBA17AA4B8D pos=<3267.398926, -2.760972, 3382.173828>)
17:41:31.664 [VehicleEngine] Player MGM_762 [uid=6CBOabJUM7Qqd7NEG4Do-ueQ7Uqvietj4ODcWmz64j4=] stopped vehicle Land Rover Defender (id=C8727BFB2E419BEFEBE5A3A2854F6A9F pos=<3222.333496, 1.747835, 1650.068481>)
17:41:35.796 [VehicleLeave] Player MGM_762 [uid=6CBOabJUM7Qqd7NEG4Do-ueQ7Uqvietj4ODcWmz64j4=] left vehicle Land Rover Defender (id=C8727BFB2E419BEFEBE5A3A2854F6A9F pos=<3222.333496, 1.747850, 1650.068481>)
17:42:14.207 [VehicleLeave] Player NOVAKILLSFORYOU [uid=_i471QtP-cQO7LGlvQxSkkb6U2OdaENSi4dYAnCjv04=] left vehicle Land Rover Defender (id=C8727BFB2E419BEFEBE5A3A2854F6A9F pos=<3222.333496, 1.747778, 1650.067993>)
17:42:46.824 [Party] Player "1DEADMANWALKIN" (id=zvk4zPulP_yUuFMB-icYMa26l-1hJKZFlbgWP-FPOcg=) joinded the party "OSS" (id=0 ownerUID=_i471QtP-cQO7LGlvQxSkkb6U2OdaENSi4dYAnCjv04= ownerName=NOVAKILLSFORYOU)
17:42:46.835 [Expansion Quests] - InitQuestSystemClient - Loaded existing player quest data for player with UID: zvk4zPulP_yUuFMB-icYMa26l-1hJKZFlbgWP-FPOcg=
17:42:46.835 [Expansion Quests] - LoadGroupQuestData - Got cached group quest data for group with ID: 0
17:42:46.835 [Expansion Quests] - Create new quest instance for quest: 8 - Player UID: zvk4zPulP_yUuFMB-icYMa26l-1hJKZFlbgWP-FPOcg=
17:42:46.835 [Expansion Quests] - Create new quest instance for quest: 9 - Player UID: zvk4zPulP_yUuFMB-icYMa26l-1hJKZFlbgWP-FPOcg=
17:42:46.839 [Expansion Quests] - Create new quest instance for quest: 11 - Player UID: zvk4zPulP_yUuFMB-icYMa26l-1hJKZFlbgWP-FPOcg=
17:42:47.542 [Expansion Quests] - LoadGroupQuestData - Got cached group quest data for group with ID: 0
17:42:59.128 [VehicleAttachments] Player NOVAKILLSFORYOU (uid=_i471QtP-cQO7LGlvQxSkkb6U2OdaENSi4dYAnCjv04=) detached Land Rover Defender Wheel (type=Expansion_Landrover_Wheel_Blue) from vehicle Land Rover Defender(id=C8727BFB2E419BEFEBE5A3A2854F6A9F pos=<3222.333496, 1.747778, 1650.067993>)
17:43:22.238 [VehicleAttachments] Player NOVAKILLSFORYOU (uid=_i471QtP-cQO7LGlvQxSkkb6U2OdaENSi4dYAnCjv04=) detached Land Rover Defender Wheel (type=Expansion_Landrover_Wheel_Blue) from vehicle Land Rover Defender(id=C8727BFB2E419BEFEBE5A3A2854F6A9F pos=<3222.344971, 1.746202, 1650.057739>)
17:44:06.894 [VehicleAttachments] Player NOVAKILLSFORYOU (uid=_i471QtP-cQO7LGlvQxSkkb6U2OdaENSi4dYAnCjv04=) detached Land Rover Defender Wheel (type=Expansion_Landrover_Wheel_Blue) from vehicle Land Rover Defender(id=C8727BFB2E419BEFEBE5A3A2854F6A9F pos=<3222.347412, 1.744860, 1650.048462>)
17:49:11.281 [Territory] Player "1DEADMANWALKIN" (id=zvk4zPulP_yUuFMB-icYMa26l-1hJKZFlbgWP-FPOcg= pos=<3233.256104, 3.049565, 1675.011230>) was invited to join the territory OSS_ADMIN at <3232.246338, 2.739967, 1676.017334> by the player "NOVAKILLSFORYOU" (id=_i471QtP-cQO7LGlvQxSkkb6U2OdaENSi4dYAnCjv04=)
17:49:44.031 [MissionAirdrop] An airdrop is heading towards "Westbrook" (pos=<3614.000000, 0.000000, 6360.000000> type=Random_Westbrook) with a ExpansionAirdropContainer
17:50:08.765 [VehicleEnter] Player NOVAKILLSFORYOU [uid=_i471QtP-cQO7LGlvQxSkkb6U2OdaENSi4dYAnCjv04=] entered vehicle Land Rover Defender (id=C8727BFB2E419BEFEBE5A3A2854F6A9F pos=<3222.349609, 1.743636, 1650.040161>) as driver
17:50:09.562 [VehicleEngine] Player NOVAKILLSFORYOU [uid=_i471QtP-cQO7LGlvQxSkkb6U2OdaENSi4dYAnCjv04=] started vehicle Land Rover Defender (id=C8727BFB2E419BEFEBE5A3A2854F6A9F pos=<3222.349609, 1.743631, 1650.040161>)
17:50:12.492 [VehicleEnter] Player 1DEADMANWALKIN [uid=zvk4zPulP_yUuFMB-icYMa26l-1hJKZFlbgWP-FPOcg=] entered vehicle Land Rover Defender (id=C8727BFB2E419BEFEBE5A3A2854F6A9F pos=<3222.349609, 1.743573, 1650.039795>) as passenger
17:50:20.992 [VehicleEnter] Player MGM_762 [uid=6CBOabJUM7Qqd7NEG4Do-ueQ7Uqvietj4ODcWmz64j4=] entered vehicle Land Rover Defender (id=C8727BFB2E419BEFEBE5A3A2854F6A9F pos=<3220.984375, 1.651395, 1649.301025>) as passenger
17:53:12.226 [VehicleLeave] Player NOVAKILLSFORYOU [uid=_i471QtP-cQO7LGlvQxSkkb6U2OdaENSi4dYAnCjv04=] left vehicle Land Rover Defender (id=C8727BFB2E419BEFEBE5A3A2854F6A9F pos=<4421.818359, 8.942940, 4454.988281>)
17:53:15.140 [VehicleLeave] Player 1DEADMANWALKIN [uid=zvk4zPulP_yUuFMB-icYMa26l-1hJKZFlbgWP-FPOcg=] left vehicle Land Rover Defender (id=C8727BFB2E419BEFEBE5A3A2854F6A9F pos=<4421.817871, 8.942984, 4454.988281>)
17:53:16.363 [VehicleLeave] Player MGM_762 [uid=6CBOabJUM7Qqd7NEG4Do-ueQ7Uqvietj4ODcWmz64j4=] left vehicle Land Rover Defender (id=C8727BFB2E419BEFEBE5A3A2854F6A9F pos=<4421.833496, 8.942472, 4454.973633>)
17:53:19.703 [VehicleEnter] Player NOVAKILLSFORYOU [uid=_i471QtP-cQO7LGlvQxSkkb6U2OdaENSi4dYAnCjv04=] entered vehicle Land Rover Defender (id=C8727BFB2E419BEFEBE5A3A2854F6A9F pos=<4421.834473, 8.942779, 4454.966797>) as driver
17:53:27.792 [VehicleEngine] Player NOVAKILLSFORYOU [uid=_i471QtP-cQO7LGlvQxSkkb6U2OdaENSi4dYAnCjv04=] started vehicle Land Rover Defender (id=C8727BFB2E419BEFEBE5A3A2854F6A9F pos=<4415.695801, 9.009845, 4444.862305>)
17:53:35.179 [VehicleEnter] Player 1DEADMANWALKIN [uid=zvk4zPulP_yUuFMB-icYMa26l-1hJKZFlbgWP-FPOcg=] entered vehicle Land Rover Defender (id=C8727BFB2E419BEFEBE5A3A2854F6A9F pos=<4415.800781, 9.021897, 4443.372559>) as passenger
17:53:37.234 [VehicleEnter] Player MGM_762 [uid=6CBOabJUM7Qqd7NEG4Do-ueQ7Uqvietj4ODcWmz64j4=] entered vehicle Land Rover Defender (id=C8727BFB2E419BEFEBE5A3A2854F6A9F pos=<4415.618652, 9.012203, 4443.982422>) as passenger
17:53:52.070 [AI Patrol] Spawning 2 East bots at <3589.348145, 9.117109, 5381.144531>
17:55:24.054 [VehicleEngine] Player NOVAKILLSFORYOU [uid=_i471QtP-cQO7LGlvQxSkkb6U2OdaENSi4dYAnCjv04=] stopped vehicle Land Rover Defender (id=C8727BFB2E419BEFEBE5A3A2854F6A9F pos=<3468.649170, 22.348501, 6081.725586>)
17:55:26.953 [VehicleLeave] Player NOVAKILLSFORYOU [uid=_i471QtP-cQO7LGlvQxSkkb6U2OdaENSi4dYAnCjv04=] left vehicle Land Rover Defender (id=C8727BFB2E419BEFEBE5A3A2854F6A9F pos=<3468.649170, 22.348501, 6081.725586>)
17:55:29.175 [VehicleLeave] Player 1DEADMANWALKIN [uid=zvk4zPulP_yUuFMB-icYMa26l-1hJKZFlbgWP-FPOcg=] left vehicle Land Rover Defender (id=C8727BFB2E419BEFEBE5A3A2854F6A9F pos=<3468.649170, 22.348501, 6081.725586>)
17:55:30.066 [VehicleLeave] Player MGM_762 [uid=6CBOabJUM7Qqd7NEG4Do-ueQ7Uqvietj4ODcWmz64j4=] left vehicle Land Rover Defender (id=C8727BFB2E419BEFEBE5A3A2854F6A9F pos=<3468.649170, 22.348501, 6081.725586>)
18:04:11.433 [VehicleEnter] Player NOVAKILLSFORYOU [uid=_i471QtP-cQO7LGlvQxSkkb6U2OdaENSi4dYAnCjv04=] entered vehicle Land Rover Defender (id=C8727BFB2E419BEFEBE5A3A2854F6A9F pos=<3468.649170, 22.348499, 6081.725586>) as driver
18:04:12.718 [VehicleEngine] Player NOVAKILLSFORYOU [uid=_i471QtP-cQO7LGlvQxSkkb6U2OdaENSi4dYAnCjv04=] started vehicle Land Rover Defender (id=C8727BFB2E419BEFEBE5A3A2854F6A9F pos=<3468.649170, 22.348499, 6081.725586>)
18:05:01.781 [VehicleEnter] Player 1DEADMANWALKIN [uid=zvk4zPulP_yUuFMB-icYMa26l-1hJKZFlbgWP-FPOcg=] entered vehicle Land Rover Defender (id=C8727BFB2E419BEFEBE5A3A2854F6A9F pos=<3563.534668, 22.348497, 6210.216797>) as passenger
18:05:05.328 [VehicleEnter] Player MGM_762 [uid=6CBOabJUM7Qqd7NEG4Do-ueQ7Uqvietj4ODcWmz64j4=] entered vehicle Land Rover Defender (id=C8727BFB2E419BEFEBE5A3A2854F6A9F pos=<3563.748535, 22.347002, 6210.336914>) as passenger
18:06:55.265 [VehicleLeave] Player NOVAKILLSFORYOU [uid=_i471QtP-cQO7LGlvQxSkkb6U2OdaENSi4dYAnCjv04=] left vehicle Land Rover Defender (id=C8727BFB2E419BEFEBE5A3A2854F6A9F pos=<3542.595459, 26.141951, 6399.248047>)
18:06:57.160 [VehicleLeave] Player MGM_762 [uid=6CBOabJUM7Qqd7NEG4Do-ueQ7Uqvietj4ODcWmz64j4=] left vehicle Land Rover Defender (id=C8727BFB2E419BEFEBE5A3A2854F6A9F pos=<3542.595459, 26.141960, 6399.248047>)
18:06:57.183 [VehicleLeave] Player 1DEADMANWALKIN [uid=zvk4zPulP_yUuFMB-icYMa26l-1hJKZFlbgWP-FPOcg=] left vehicle Land Rover Defender (id=C8727BFB2E419BEFEBE5A3A2854F6A9F pos=<3542.595459, 26.141960, 6399.248047>)
18:09:15.296 [VehicleEnter] Player 1DEADMANWALKIN [uid=zvk4zPulP_yUuFMB-icYMa26l-1hJKZFlbgWP-FPOcg=] entered vehicle Land Rover Defender (id=C8727BFB2E419BEFEBE5A3A2854F6A9F pos=<3542.595459, 26.141960, 6399.248047>) as passenger
18:10:16.664 [VehicleEnter] Player NOVAKILLSFORYOU [uid=_i471QtP-cQO7LGlvQxSkkb6U2OdaENSi4dYAnCjv04=] entered vehicle Land Rover Defender (id=C8727BFB2E419BEFEBE5A3A2854F6A9F pos=<3542.595215, 26.141922, 6399.248535>) as driver
18:10:23.855 [VehicleEnter] Player MGM_762 [uid=6CBOabJUM7Qqd7NEG4Do-ueQ7Uqvietj4ODcWmz64j4=] entered vehicle Land Rover Defender (id=C8727BFB2E419BEFEBE5A3A2854F6A9F pos=<3542.595459, 26.141964, 6399.248047>) as passenger
18:10:23.992 [VehicleEngine] Player NOVAKILLSFORYOU [uid=_i471QtP-cQO7LGlvQxSkkb6U2OdaENSi4dYAnCjv04=] started vehicle Land Rover Defender (id=C8727BFB2E419BEFEBE5A3A2854F6A9F pos=<3542.595459, 26.141956, 6399.248047>)
18:15:04.882 [VehicleLeave] Player NOVAKILLSFORYOU [uid=_i471QtP-cQO7LGlvQxSkkb6U2OdaENSi4dYAnCjv04=] left vehicle Land Rover Defender (id=C8727BFB2E419BEFEBE5A3A2854F6A9F pos=<4338.076660, 6.440515, 2944.223389>)
18:15:05.382 [VehicleLeave] Player MGM_762 [uid=6CBOabJUM7Qqd7NEG4Do-ueQ7Uqvietj4ODcWmz64j4=] left vehicle Land Rover Defender (id=C8727BFB2E419BEFEBE5A3A2854F6A9F pos=<4338.076660, 6.440514, 2944.223389>)
18:16:45.273 [VehicleAttachments] Player NOVAKILLSFORYOU (uid=_i471QtP-cQO7LGlvQxSkkb6U2OdaENSi4dYAnCjv04=) detached Car Radiator (type=CarRadiator) from vehicle Land Rover Defender(id=C8727BFB2E419BEFEBE5A3A2854F6A9F pos=<4338.076660, 6.440542, 2944.223145>)
18:17:08.289 [VehicleAttachments] Player NOVAKILLSFORYOU (uid=_i471QtP-cQO7LGlvQxSkkb6U2OdaENSi4dYAnCjv04=) detached Car Battery (type=CarBattery) from vehicle Land Rover Defender(id=C8727BFB2E419BEFEBE5A3A2854F6A9F pos=<4338.076660, 6.440542, 2944.223145>)
18:19:26.570 [VehicleEnter] Player NOVAKILLSFORYOU [uid=_i471QtP-cQO7LGlvQxSkkb6U2OdaENSi4dYAnCjv04=] entered vehicle Land Rover Defender (id=C8727BFB2E419BEFEBE5A3A2854F6A9F pos=<4338.076660, 6.440517, 2944.223389>) as driver
18:19:27.679 [VehicleEngine] Player NOVAKILLSFORYOU [uid=_i471QtP-cQO7LGlvQxSkkb6U2OdaENSi4dYAnCjv04=] started vehicle Land Rover Defender (id=C8727BFB2E419BEFEBE5A3A2854F6A9F pos=<4338.076660, 6.440515, 2944.223389>)
18:19:30.789 [VehicleEnter] Player MGM_762 [uid=6CBOabJUM7Qqd7NEG4Do-ueQ7Uqvietj4ODcWmz64j4=] entered vehicle Land Rover Defender (id=C8727BFB2E419BEFEBE5A3A2854F6A9F pos=<4338.076660, 6.440529, 2944.223389>) as passenger
18:20:41.640 [VehicleDestroyed] Expansion_Landrover_Blue (id=C8727BFB2E419BEFEBE5A3A2854F6A9F pos=<4611.743652, 2.616629, 2552.255615>)
18:20:50.046 [VehicleLeave] Player NOVAKILLSFORYOU [uid=_i471QtP-cQO7LGlvQxSkkb6U2OdaENSi4dYAnCjv04=] left vehicle Land Rover Defender (id=C8727BFB2E419BEFEBE5A3A2854F6A9F pos=<4616.588379, 2.618500, 2532.083008>)
18:20:53.226 [VehicleLeave] Player MGM_762 [uid=6CBOabJUM7Qqd7NEG4Do-ueQ7Uqvietj4ODcWmz64j4=] left vehicle Land Rover Defender (id=C8727BFB2E419BEFEBE5A3A2854F6A9F pos=<4616.588379, 2.618500, 2532.083008>)
18:30:40.468 [ATM] Player "NOVAKILLSFORYOU" (id=_i471QtP-cQO7LGlvQxSkkb6U2OdaENSi4dYAnCjv04=) has deposited 9950 on his ATM account.
18:31:54.109 [AI Patrol] Spawning 2 East bots at <7532.791016, 24.067661, 3911.820313>
18:31:55.164 [Safezone] Player "NOVAKILLSFORYOU" (id=_i471QtP-cQO7LGlvQxSkkb6U2OdaENSi4dYAnCjv04= pos=<7554.874023, 87.669998, 4601.927734>) Entered the safezone
18:41:46.359 [Safezone] Player "NOVAKILLSFORYOU" (id=_i471QtP-cQO7LGlvQxSkkb6U2OdaENSi4dYAnCjv04= pos=<3202.989258, 2.709265, 1667.453735>) Left the safezone
18:42:13.007 [Party] Player "NOVAKILLSFORYOU" (id=_i471QtP-cQO7LGlvQxSkkb6U2OdaENSi4dYAnCjv04=) left the party "OSS" (id=0 ownerUID=_i471QtP-cQO7LGlvQxSkkb6U2OdaENSi4dYAnCjv04= ownerName=NOVAKILLSFORYOU)
18:46:32.312 [Party] Player "NOVAKILLSFORYOU" (id=_i471QtP-cQO7LGlvQxSkkb6U2OdaENSi4dYAnCjv04=) joinded the party "OSS" (id=0 ownerUID=_i471QtP-cQO7LGlvQxSkkb6U2OdaENSi4dYAnCjv04= ownerName=NOVAKILLSFORYOU)
18:46:32.328 [Expansion Quests] - InitQuestSystemClient - Loaded existing player quest data for player with UID: _i471QtP-cQO7LGlvQxSkkb6U2OdaENSi4dYAnCjv04=
18:46:32.328 [Expansion Quests] - LoadGroupQuestData - Got cached group quest data for group with ID: 0
18:46:32.328 [Expansion Quests] - Create new quest instance for quest: 8 - Player UID: _i471QtP-cQO7LGlvQxSkkb6U2OdaENSi4dYAnCjv04=
18:46:32.328 [Expansion Quests] - Create new quest instance for quest: 9 - Player UID: _i471QtP-cQO7LGlvQxSkkb6U2OdaENSi4dYAnCjv04=
18:46:32.328 [Expansion Quests] - Create new quest instance for quest: 11 - Player UID: _i471QtP-cQO7LGlvQxSkkb6U2OdaENSi4dYAnCjv04=
18:46:33.195 [Expansion Quests] - LoadGroupQuestData - Got cached group quest data for group with ID: 0
18:46:58.343 [Safezone] Player "NOVAKILLSFORYOU" (id=_i471QtP-cQO7LGlvQxSkkb6U2OdaENSi4dYAnCjv04= pos=<7539.826172, 87.669998, 4609.366211>) Entered the safezone
18:48:55.101 [Market] Player "MGM_762" (id=6CBOabJUM7Qqd7NEG4Do-ueQ7Uqvietj4ODcWmz64j4=) has send a requested to purchase ammo_762x54 x75 from the trader "Personal (Linda [#STR_EXPANSION_MARKET_Personal])" in market zone "personal" (pos=<3204.250000, 1.534020, 1620.050049>).
18:48:55.179 [Market] Player "MGM_762" (id=6CBOabJUM7Qqd7NEG4Do-ueQ7Uqvietj4ODcWmz64j4=) has bought ammo_762x54 x75 from the trader "Personal (Linda [#STR_EXPANSION_MARKET_Personal])" in market zone "personal" (pos=<3204.250000, 1.534020, 1620.050049>) for a price of 150.
18:50:57.226 [Safezone] Player "NOVAKILLSFORYOU" (id=_i471QtP-cQO7LGlvQxSkkb6U2OdaENSi4dYAnCjv04= pos=<3199.994629, 1.493649, 1619.197266>) Left the safezone
18:58:09.679 [Party] Player "NOVAKILLSFORYOU" (id=_i471QtP-cQO7LGlvQxSkkb6U2OdaENSi4dYAnCjv04=) left the party "OSS" (id=0 ownerUID=_i471QtP-cQO7LGlvQxSkkb6U2OdaENSi4dYAnCjv04= ownerName=NOVAKILLSFORYOU)
19:00:34.039 [Party] Player "MGM_762" (id=6CBOabJUM7Qqd7NEG4Do-ueQ7Uqvietj4ODcWmz64j4=) left the party "OSS" (id=0 ownerUID=_i471QtP-cQO7LGlvQxSkkb6U2OdaENSi4dYAnCjv04= ownerName=NOVAKILLSFORYOU)
19:00:55.406 [Party] Player "1DEADMANWALKIN" (id=zvk4zPulP_yUuFMB-icYMa26l-1hJKZFlbgWP-FPOcg=) left the party "OSS" (id=0 ownerUID=_i471QtP-cQO7LGlvQxSkkb6U2OdaENSi4dYAnCjv04= ownerName=NOVAKILLSFORYOU)
