07:47:53.902 [MissionAirdrop] An airdrop is heading towards "Georgstown" (pos=<4522.000000, 0.000000, 4370.000000> type=Random_Georgstown) with a ExpansionAirdropContainer_Military
09:19:01.312 [MissionAirdrop] An airdrop is heading towards "Oldfield" (pos=<6117.000000, 0.000000, 7004.000000> type=Random_Oldfield) with a ExpansionAirdropContainer_Medical
09:23:20.062 [Expansion Quests] - InitQuestSystemClient - Loaded existing player quest data for player with UID: 83imqfZkH-LpiTXHx7j8zism8xnbt8wuFtwNyuJW7Fw=
09:23:20.062 [Expansion Quests] - Create new quest instance for quest: 8 - Player UID: 83imqfZkH-LpiTXHx7j8zism8xnbt8wuFtwNyuJW7Fw=
09:23:20.066 [Expansion Quests] - Create new quest instance for quest: 9 - Player UID: 83imqfZkH-LpiTXHx7j8zism8xnbt8wuFtwNyuJW7Fw=
09:23:20.066 [Expansion Quests] - Create new quest instance for quest: 11 - Player UID: 83imqfZkH-LpiTXHx7j8zism8xnbt8wuFtwNyuJW7Fw=
09:23:20.070 [AI Patrol] Spawning 2 Milo-Ashville bots at <6503.605957, 70.241676, 3150.608643>
09:33:19.542 [AI Patrol] Spawning 2 East bots at <7001.072754, 6.580060, 1499.184937>
10:27:34.085 [VehicleEnter] Player Morningstar1980 [uid=83imqfZkH-LpiTXHx7j8zism8xnbt8wuFtwNyuJW7Fw=] entered vehicle Ada 4x4 (id=9685A4F2CA4823F4C1B8F785AE5CFD00 pos=<7168.731934, 7.864308, 1517.434204>) as driver
10:27:45.914 [VehicleLeave] Player Morningstar1980 [uid=83imqfZkH-LpiTXHx7j8zism8xnbt8wuFtwNyuJW7Fw=] left vehicle Ada 4x4 (id=9685A4F2CA4823F4C1B8F785AE5CFD00 pos=<7168.731934, 7.864283, 1517.434204>)
10:44:10.703 [VehicleEnter] Player Morningstar1980 [uid=83imqfZkH-LpiTXHx7j8zism8xnbt8wuFtwNyuJW7Fw=] entered vehicle Gunter 2 (id=CCF73CA5DD4A1796A7FD6DA3AC72F98B pos=<7558.109863, 2.903474, 1598.450195>) as driver
10:44:15.546 [VehicleLeave] Player Morningstar1980 [uid=83imqfZkH-LpiTXHx7j8zism8xnbt8wuFtwNyuJW7Fw=] left vehicle Gunter 2 (id=CCF73CA5DD4A1796A7FD6DA3AC72F98B pos=<7558.107910, 2.903518, 1598.449463>)
10:47:51.066 [MissionAirdrop] An airdrop is heading towards "Kushville" (pos=<7630.000000, 0.000000, 3717.000000> type=Random_Kushville) with a ExpansionAirdropContainer
11:13:17.953 [AI Patrol] Spawning 3 SouthOfSmallville bots at <8814.764648, 21.643345, 4257.668945>
11:18:20.632 [Safezone] Player "Morningstar1980" (id=83imqfZkH-LpiTXHx7j8zism8xnbt8wuFtwNyuJW7Fw= pos=<7678.493164, 43.713207, 4480.979004>) Entered the safezone
11:19:47.410 [Market] Player "Morningstar1980" (id=83imqfZkH-LpiTXHx7j8zism8xnbt8wuFtwNyuJW7Fw=) has send a requested to sell ammo_expansion_m203_smoke_teargas x2 at the trader "Special (Indar [#STR_EXPANSION_MARKET_TRADER_SPECIAL])" in market zone "The Hill" (pos=<7529.135742, 89.198120, 4610.044922>).
11:19:47.515 [Market] Player "Morningstar1980" (id=83imqfZkH-LpiTXHx7j8zism8xnbt8wuFtwNyuJW7Fw=) has sold ammo_expansion_m203_smoke_teargas x2 at the trader "Special (Indar [#STR_EXPANSION_MARKET_TRADER_SPECIAL])" in market zone "The Hill" (pos=<7529.135742, 89.198120, 4610.044922>) and got 506.
11:20:24.968 [Market] Player "Morningstar1980" (id=83imqfZkH-LpiTXHx7j8zism8xnbt8wuFtwNyuJW7Fw=) has send a requested to sell ammo_expansion_m203_smoke_green x2 at the trader "Weapons (Mirek [#STR_EXPANSION_MARKET_TRADER_WEAPONS])" in market zone "The Hill" (pos=<7529.135742, 89.198120, 4610.044922>).
11:20:25.113 [Market] Player "Morningstar1980" (id=83imqfZkH-LpiTXHx7j8zism8xnbt8wuFtwNyuJW7Fw=) has sold ammo_expansion_m203_smoke_green x2 at the trader "Weapons (Mirek [#STR_EXPANSION_MARKET_TRADER_WEAPONS])" in market zone "The Hill" (pos=<7529.135742, 89.198120, 4610.044922>) and got 224.
11:20:28.562 [Market] Player "Morningstar1980" (id=83imqfZkH-LpiTXHx7j8zism8xnbt8wuFtwNyuJW7Fw=) has send a requested to sell ammo_expansion_m203_sticky_smoke_red x1 at the trader "Weapons (Mirek [#STR_EXPANSION_MARKET_TRADER_WEAPONS])" in market zone "The Hill" (pos=<7529.135742, 89.198120, 4610.044922>).
11:20:28.664 [Market] Player "Morningstar1980" (id=83imqfZkH-LpiTXHx7j8zism8xnbt8wuFtwNyuJW7Fw=) has sold ammo_expansion_m203_sticky_smoke_red x1 at the trader "Weapons (Mirek [#STR_EXPANSION_MARKET_TRADER_WEAPONS])" in market zone "The Hill" (pos=<7529.135742, 89.198120, 4610.044922>) and got 225.
11:20:40.398 [Market] Player "Morningstar1980" (id=83imqfZkH-LpiTXHx7j8zism8xnbt8wuFtwNyuJW7Fw=) has send a requested to sell gcgn_ammo_408chey x100 at the trader "Weapons (Mirek [#STR_EXPANSION_MARKET_TRADER_WEAPONS])" in market zone "The Hill" (pos=<7529.135742, 89.198120, 4610.044922>).
11:20:40.539 [Market] Player "Morningstar1980" (id=83imqfZkH-LpiTXHx7j8zism8xnbt8wuFtwNyuJW7Fw=) has sold gcgn_ammo_408chey x100 at the trader "Weapons (Mirek [#STR_EXPANSION_MARKET_TRADER_WEAPONS])" in market zone "The Hill" (pos=<7529.135742, 89.198120, 4610.044922>) and got 100.
11:20:50.562 [Market] Player "Morningstar1980" (id=83imqfZkH-LpiTXHx7j8zism8xnbt8wuFtwNyuJW7Fw=) has send a requested to sell gcgn_ammo_50cal x100 at the trader "Weapons (Mirek [#STR_EXPANSION_MARKET_TRADER_WEAPONS])" in market zone "The Hill" (pos=<7529.135742, 89.198120, 4610.044922>).
11:20:50.644 [Market] Player "Morningstar1980" (id=83imqfZkH-LpiTXHx7j8zism8xnbt8wuFtwNyuJW7Fw=) has sold gcgn_ammo_50cal x100 at the trader "Weapons (Mirek [#STR_EXPANSION_MARKET_TRADER_WEAPONS])" in market zone "The Hill" (pos=<7529.135742, 89.198120, 4610.044922>) and got 0.
11:21:00.398 [Market] Player "Morningstar1980" (id=83imqfZkH-LpiTXHx7j8zism8xnbt8wuFtwNyuJW7Fw=) has send a requested to sell gcgn_m4a1 x1 at the trader "Weapons (Mirek [#STR_EXPANSION_MARKET_TRADER_WEAPONS])" in market zone "The Hill" (pos=<7529.135742, 89.198120, 4610.044922>).
11:21:00.515 [Market] Player "Morningstar1980" (id=83imqfZkH-LpiTXHx7j8zism8xnbt8wuFtwNyuJW7Fw=) has sold gcgn_m4a1 x1 at the trader "Weapons (Mirek [#STR_EXPANSION_MARKET_TRADER_WEAPONS])" in market zone "The Hill" (pos=<7529.135742, 89.198120, 4610.044922>) and got 1792.
11:21:06.890 [Market] Player "Morningstar1980" (id=83imqfZkH-LpiTXHx7j8zism8xnbt8wuFtwNyuJW7Fw=) has send a requested to sell snafuar15_spr_black_gun x2 at the trader "Weapons (Mirek [#STR_EXPANSION_MARKET_TRADER_WEAPONS])" in market zone "The Hill" (pos=<7529.135742, 89.198120, 4610.044922>).
11:21:07.007 [Market] Player "Morningstar1980" (id=83imqfZkH-LpiTXHx7j8zism8xnbt8wuFtwNyuJW7Fw=) has sold snafuar15_spr_black_gun x2 at the trader "Weapons (Mirek [#STR_EXPANSION_MARKET_TRADER_WEAPONS])" in market zone "The Hill" (pos=<7529.135742, 89.198120, 4610.044922>) and got 9247.
11:21:15.585 [Market] Player "Morningstar1980" (id=83imqfZkH-LpiTXHx7j8zism8xnbt8wuFtwNyuJW7Fw=) has send a requested to sell snafu_sr25_gun x1 at the trader "Weapons (Mirek [#STR_EXPANSION_MARKET_TRADER_WEAPONS])" in market zone "The Hill" (pos=<7529.135742, 89.198120, 4610.044922>).
11:21:15.691 [Market] Player "Morningstar1980" (id=83imqfZkH-LpiTXHx7j8zism8xnbt8wuFtwNyuJW7Fw=) has sold snafu_sr25_gun x1 at the trader "Weapons (Mirek [#STR_EXPANSION_MARKET_TRADER_WEAPONS])" in market zone "The Hill" (pos=<7529.135742, 89.198120, 4610.044922>) and got 7275.
11:21:19.332 [Market] Player "Morningstar1980" (id=83imqfZkH-LpiTXHx7j8zism8xnbt8wuFtwNyuJW7Fw=) has send a requested to sell snafu_cz805_gun x2 at the trader "Weapons (Mirek [#STR_EXPANSION_MARKET_TRADER_WEAPONS])" in market zone "The Hill" (pos=<7529.135742, 89.198120, 4610.044922>).
11:21:19.445 [Market] Player "Morningstar1980" (id=83imqfZkH-LpiTXHx7j8zism8xnbt8wuFtwNyuJW7Fw=) has sold snafu_cz805_gun x2 at the trader "Weapons (Mirek [#STR_EXPANSION_MARKET_TRADER_WEAPONS])" in market zone "The Hill" (pos=<7529.135742, 89.198120, 4610.044922>) and got 10425.
11:21:27.699 [Market] Player "Morningstar1980" (id=83imqfZkH-LpiTXHx7j8zism8xnbt8wuFtwNyuJW7Fw=) has send a requested to sell snafu_saint_gun x1 at the trader "Weapons (Mirek [#STR_EXPANSION_MARKET_TRADER_WEAPONS])" in market zone "The Hill" (pos=<7529.135742, 89.198120, 4610.044922>).
11:21:27.796 [Market] Player "Morningstar1980" (id=83imqfZkH-LpiTXHx7j8zism8xnbt8wuFtwNyuJW7Fw=) has sold snafu_saint_gun x1 at the trader "Weapons (Mirek [#STR_EXPANSION_MARKET_TRADER_WEAPONS])" in market zone "The Hill" (pos=<7529.135742, 89.198120, 4610.044922>) and got 5212.
11:21:36.890 [Market] Player "Morningstar1980" (id=83imqfZkH-LpiTXHx7j8zism8xnbt8wuFtwNyuJW7Fw=) has send a requested to sell snafuthompsonmk2 x1 at the trader "Weapons (Mirek [#STR_EXPANSION_MARKET_TRADER_WEAPONS])" in market zone "The Hill" (pos=<7529.135742, 89.198120, 4610.044922>).
11:21:37.003 [Market] Player "Morningstar1980" (id=83imqfZkH-LpiTXHx7j8zism8xnbt8wuFtwNyuJW7Fw=) has sold snafuthompsonmk2 x1 at the trader "Weapons (Mirek [#STR_EXPANSION_MARKET_TRADER_WEAPONS])" in market zone "The Hill" (pos=<7529.135742, 89.198120, 4610.044922>) and got 1837.
11:21:47.082 [Market] Player "Morningstar1980" (id=83imqfZkH-LpiTXHx7j8zism8xnbt8wuFtwNyuJW7Fw=) has send a requested to sell snafu_pkp_nblack_gun x2 at the trader "Weapons (Mirek [#STR_EXPANSION_MARKET_TRADER_WEAPONS])" in market zone "The Hill" (pos=<7529.135742, 89.198120, 4610.044922>).
11:21:47.183 [Market] Player "Morningstar1980" (id=83imqfZkH-LpiTXHx7j8zism8xnbt8wuFtwNyuJW7Fw=) has sold snafu_pkp_nblack_gun x2 at the trader "Weapons (Mirek [#STR_EXPANSION_MARKET_TRADER_WEAPONS])" in market zone "The Hill" (pos=<7529.135742, 89.198120, 4610.044922>) and got 8424.
11:21:53.109 [Market] Player "Morningstar1980" (id=83imqfZkH-LpiTXHx7j8zism8xnbt8wuFtwNyuJW7Fw=) has send a requested to sell aa12_gun x1 at the trader "Weapons (Mirek [#STR_EXPANSION_MARKET_TRADER_WEAPONS])" in market zone "The Hill" (pos=<7529.135742, 89.198120, 4610.044922>).
11:21:53.250 [Market] Player "Morningstar1980" (id=83imqfZkH-LpiTXHx7j8zism8xnbt8wuFtwNyuJW7Fw=) has sold aa12_gun x1 at the trader "Weapons (Mirek [#STR_EXPANSION_MARKET_TRADER_WEAPONS])" in market zone "The Hill" (pos=<7529.135742, 89.198120, 4610.044922>) and got 1425.
11:22:02.125 [Market] Player "Morningstar1980" (id=83imqfZkH-LpiTXHx7j8zism8xnbt8wuFtwNyuJW7Fw=) has send a requested to sell snafu_as50_gun x1 at the trader "Weapons (Mirek [#STR_EXPANSION_MARKET_TRADER_WEAPONS])" in market zone "The Hill" (pos=<7529.135742, 89.198120, 4610.044922>).
11:22:02.226 [Market] Player "Morningstar1980" (id=83imqfZkH-LpiTXHx7j8zism8xnbt8wuFtwNyuJW7Fw=) has sold snafu_as50_gun x1 at the trader "Weapons (Mirek [#STR_EXPANSION_MARKET_TRADER_WEAPONS])" in market zone "The Hill" (pos=<7529.135742, 89.198120, 4610.044922>) and got 5625.
11:22:06.765 [Market] Player "Morningstar1980" (id=83imqfZkH-LpiTXHx7j8zism8xnbt8wuFtwNyuJW7Fw=) has send a requested to sell snafum98b_atac_gun x1 at the trader "Weapons (Mirek [#STR_EXPANSION_MARKET_TRADER_WEAPONS])" in market zone "The Hill" (pos=<7529.135742, 89.198120, 4610.044922>).
11:22:06.894 [Market] Player "Morningstar1980" (id=83imqfZkH-LpiTXHx7j8zism8xnbt8wuFtwNyuJW7Fw=) has sold snafum98b_atac_gun x1 at the trader "Weapons (Mirek [#STR_EXPANSION_MARKET_TRADER_WEAPONS])" in market zone "The Hill" (pos=<7529.135742, 89.198120, 4610.044922>) and got 8437.
11:22:10.156 [Market] Player "Morningstar1980" (id=83imqfZkH-LpiTXHx7j8zism8xnbt8wuFtwNyuJW7Fw=) has send a requested to sell snafu_m300tan x1 at the trader "Weapons (Mirek [#STR_EXPANSION_MARKET_TRADER_WEAPONS])" in market zone "The Hill" (pos=<7529.135742, 89.198120, 4610.044922>).
11:22:10.261 [Market] Player "Morningstar1980" (id=83imqfZkH-LpiTXHx7j8zism8xnbt8wuFtwNyuJW7Fw=) has sold snafu_m300tan x1 at the trader "Weapons (Mirek [#STR_EXPANSION_MARKET_TRADER_WEAPONS])" in market zone "The Hill" (pos=<7529.135742, 89.198120, 4610.044922>) and got 8662.
11:22:13.902 [Market] Player "Morningstar1980" (id=83imqfZkH-LpiTXHx7j8zism8xnbt8wuFtwNyuJW7Fw=) has send a requested to sell snafut5000_dkmcc_gun x1 at the trader "Weapons (Mirek [#STR_EXPANSION_MARKET_TRADER_WEAPONS])" in market zone "The Hill" (pos=<7529.135742, 89.198120, 4610.044922>).
11:22:13.984 [Market] Player "Morningstar1980" (id=83imqfZkH-LpiTXHx7j8zism8xnbt8wuFtwNyuJW7Fw=) has sold snafut5000_dkmcc_gun x1 at the trader "Weapons (Mirek [#STR_EXPANSION_MARKET_TRADER_WEAPONS])" in market zone "The Hill" (pos=<7529.135742, 89.198120, 4610.044922>) and got 5700.
11:22:17.648 [Market] Player "Morningstar1980" (id=83imqfZkH-LpiTXHx7j8zism8xnbt8wuFtwNyuJW7Fw=) has send a requested to sell snafugevar_black x1 at the trader "Weapons (Mirek [#STR_EXPANSION_MARKET_TRADER_WEAPONS])" in market zone "The Hill" (pos=<7529.135742, 89.198120, 4610.044922>).
11:22:17.742 [Market] Player "Morningstar1980" (id=83imqfZkH-LpiTXHx7j8zism8xnbt8wuFtwNyuJW7Fw=) has sold snafugevar_black x1 at the trader "Weapons (Mirek [#STR_EXPANSION_MARKET_TRADER_WEAPONS])" in market zone "The Hill" (pos=<7529.135742, 89.198120, 4610.044922>) and got 2812.
11:22:22.804 [Market] Player "Morningstar1980" (id=83imqfZkH-LpiTXHx7j8zism8xnbt8wuFtwNyuJW7Fw=) has send a requested to sell snafugm6lynx x1 at the trader "Weapons (Mirek [#STR_EXPANSION_MARKET_TRADER_WEAPONS])" in market zone "The Hill" (pos=<7529.135742, 89.198120, 4610.044922>).
11:22:22.898 [Market] Player "Morningstar1980" (id=83imqfZkH-LpiTXHx7j8zism8xnbt8wuFtwNyuJW7Fw=) has sold snafugm6lynx x1 at the trader "Weapons (Mirek [#STR_EXPANSION_MARKET_TRADER_WEAPONS])" in market zone "The Hill" (pos=<7529.135742, 89.198120, 4610.044922>) and got 5625.
11:22:35.023 [Market] Player "Morningstar1980" (id=83imqfZkH-LpiTXHx7j8zism8xnbt8wuFtwNyuJW7Fw=) has send a requested to sell gcgn_m200 x1 at the trader "Weapons (Mirek [#STR_EXPANSION_MARKET_TRADER_WEAPONS])" in market zone "The Hill" (pos=<7529.135742, 89.198120, 4610.044922>).
11:22:35.105 [Market] Player "Morningstar1980" (id=83imqfZkH-LpiTXHx7j8zism8xnbt8wuFtwNyuJW7Fw=) has sold gcgn_m200 x1 at the trader "Weapons (Mirek [#STR_EXPANSION_MARKET_TRADER_WEAPONS])" in market zone "The Hill" (pos=<7529.135742, 89.198120, 4610.044922>) and got 11250.
11:22:38.156 [Market] Player "Morningstar1980" (id=83imqfZkH-LpiTXHx7j8zism8xnbt8wuFtwNyuJW7Fw=) has send a requested to sell snafu_m200green x1 at the trader "Weapons (Mirek [#STR_EXPANSION_MARKET_TRADER_WEAPONS])" in market zone "The Hill" (pos=<7529.135742, 89.198120, 4610.044922>).
11:22:38.257 [Market] Player "Morningstar1980" (id=83imqfZkH-LpiTXHx7j8zism8xnbt8wuFtwNyuJW7Fw=) has sold snafu_m200green x1 at the trader "Weapons (Mirek [#STR_EXPANSION_MARKET_TRADER_WEAPONS])" in market zone "The Hill" (pos=<7529.135742, 89.198120, 4610.044922>) and got 11250.
11:22:41.812 [Market] Player "Morningstar1980" (id=83imqfZkH-LpiTXHx7j8zism8xnbt8wuFtwNyuJW7Fw=) has send a requested to sell gcgn_m200_tan x1 at the trader "Weapons (Mirek [#STR_EXPANSION_MARKET_TRADER_WEAPONS])" in market zone "The Hill" (pos=<7529.135742, 89.198120, 4610.044922>).
11:22:41.917 [Market] Player "Morningstar1980" (id=83imqfZkH-LpiTXHx7j8zism8xnbt8wuFtwNyuJW7Fw=) has sold gcgn_m200_tan x1 at the trader "Weapons (Mirek [#STR_EXPANSION_MARKET_TRADER_WEAPONS])" in market zone "The Hill" (pos=<7529.135742, 89.198120, 4610.044922>) and got 6225.
11:22:46.238 [Market] Player "Morningstar1980" (id=83imqfZkH-LpiTXHx7j8zism8xnbt8wuFtwNyuJW7Fw=) has send a requested to sell snafuax50_gun x1 at the trader "Weapons (Mirek [#STR_EXPANSION_MARKET_TRADER_WEAPONS])" in market zone "The Hill" (pos=<7529.135742, 89.198120, 4610.044922>).
11:22:46.339 [Market] Player "Morningstar1980" (id=83imqfZkH-LpiTXHx7j8zism8xnbt8wuFtwNyuJW7Fw=) has sold snafuax50_gun x1 at the trader "Weapons (Mirek [#STR_EXPANSION_MARKET_TRADER_WEAPONS])" in market zone "The Hill" (pos=<7529.135742, 89.198120, 4610.044922>) and got 11475.
11:22:50.476 [Market] Player "Morningstar1980" (id=83imqfZkH-LpiTXHx7j8zism8xnbt8wuFtwNyuJW7Fw=) has send a requested to sell snafutac21 x1 at the trader "Weapons (Mirek [#STR_EXPANSION_MARKET_TRADER_WEAPONS])" in market zone "The Hill" (pos=<7529.135742, 89.198120, 4610.044922>).
11:22:50.562 [Market] Player "Morningstar1980" (id=83imqfZkH-LpiTXHx7j8zism8xnbt8wuFtwNyuJW7Fw=) has sold snafutac21 x1 at the trader "Weapons (Mirek [#STR_EXPANSION_MARKET_TRADER_WEAPONS])" in market zone "The Hill" (pos=<7529.135742, 89.198120, 4610.044922>) and got 5700.
11:23:06.316 [Market] Player "Morningstar1980" (id=83imqfZkH-LpiTXHx7j8zism8xnbt8wuFtwNyuJW7Fw=) has send a requested to sell snafukivaari_grey_gun x1 at the trader "Weapons (Mirek [#STR_EXPANSION_MARKET_TRADER_WEAPONS])" in market zone "The Hill" (pos=<7529.135742, 89.198120, 4610.044922>).
11:23:06.417 [Market] Player "Morningstar1980" (id=83imqfZkH-LpiTXHx7j8zism8xnbt8wuFtwNyuJW7Fw=) has sold snafukivaari_grey_gun x1 at the trader "Weapons (Mirek [#STR_EXPANSION_MARKET_TRADER_WEAPONS])" in market zone "The Hill" (pos=<7529.135742, 89.198120, 4610.044922>) and got 9142.
11:23:17.113 [Market] Player "Morningstar1980" (id=83imqfZkH-LpiTXHx7j8zism8xnbt8wuFtwNyuJW7Fw=) has send a requested to sell snafukivaari_black_gun x2 at the trader "Weapons (Mirek [#STR_EXPANSION_MARKET_TRADER_WEAPONS])" in market zone "The Hill" (pos=<7529.135742, 89.198120, 4610.044922>).
11:23:17.199 [Market] Player "Morningstar1980" (id=83imqfZkH-LpiTXHx7j8zism8xnbt8wuFtwNyuJW7Fw=) has sold snafukivaari_black_gun x2 at the trader "Weapons (Mirek [#STR_EXPANSION_MARKET_TRADER_WEAPONS])" in market zone "The Hill" (pos=<7529.135742, 89.198120, 4610.044922>) and got 17550.
11:23:21.121 [Market] Player "Morningstar1980" (id=83imqfZkH-LpiTXHx7j8zism8xnbt8wuFtwNyuJW7Fw=) has send a requested to sell gcgn_m110_green x2 at the trader "Weapons (Mirek [#STR_EXPANSION_MARKET_TRADER_WEAPONS])" in market zone "The Hill" (pos=<7529.135742, 89.198120, 4610.044922>).
11:23:21.269 [Market] Player "Morningstar1980" (id=83imqfZkH-LpiTXHx7j8zism8xnbt8wuFtwNyuJW7Fw=) has sold gcgn_m110_green x2 at the trader "Weapons (Mirek [#STR_EXPANSION_MARKET_TRADER_WEAPONS])" in market zone "The Hill" (pos=<7529.135742, 89.198120, 4610.044922>) and got 9601.
11:23:29.421 [Market] Player "Morningstar1980" (id=83imqfZkH-LpiTXHx7j8zism8xnbt8wuFtwNyuJW7Fw=) has send a requested to sell snafuhoneybadger_tan x1 at the trader "Weapons (Mirek [#STR_EXPANSION_MARKET_TRADER_WEAPONS])" in market zone "The Hill" (pos=<7529.135742, 89.198120, 4610.044922>).
11:23:29.515 [Market] Player "Morningstar1980" (id=83imqfZkH-LpiTXHx7j8zism8xnbt8wuFtwNyuJW7Fw=) has sold snafuhoneybadger_tan x1 at the trader "Weapons (Mirek [#STR_EXPANSION_MARKET_TRADER_WEAPONS])" in market zone "The Hill" (pos=<7529.135742, 89.198120, 4610.044922>) and got 562.
11:23:32.304 [Market] Player "Morningstar1980" (id=83imqfZkH-LpiTXHx7j8zism8xnbt8wuFtwNyuJW7Fw=) has send a requested to sell snafukh9 x1 at the trader "Weapons (Mirek [#STR_EXPANSION_MARKET_TRADER_WEAPONS])" in market zone "The Hill" (pos=<7529.135742, 89.198120, 4610.044922>).
11:23:32.441 [Market] Player "Morningstar1980" (id=83imqfZkH-LpiTXHx7j8zism8xnbt8wuFtwNyuJW7Fw=) has sold snafukh9 x1 at the trader "Weapons (Mirek [#STR_EXPANSION_MARKET_TRADER_WEAPONS])" in market zone "The Hill" (pos=<7529.135742, 89.198120, 4610.044922>) and got 1068.
11:25:45.902 [Market] Player "Morningstar1980" (id=83imqfZkH-LpiTXHx7j8zism8xnbt8wuFtwNyuJW7Fw=) has send a requested to sell snafuash12 x1 at the trader "Weapons (Mirek [#STR_EXPANSION_MARKET_TRADER_WEAPONS])" in market zone "The Hill" (pos=<7529.135742, 89.198120, 4610.044922>).
11:25:46.015 [Market] Player "Morningstar1980" (id=83imqfZkH-LpiTXHx7j8zism8xnbt8wuFtwNyuJW7Fw=) has sold snafuash12 x1 at the trader "Weapons (Mirek [#STR_EXPANSION_MARKET_TRADER_WEAPONS])" in market zone "The Hill" (pos=<7529.135742, 89.198120, 4610.044922>) and got 5347.
11:28:10.492 [Market] Player "Morningstar1980" (id=83imqfZkH-LpiTXHx7j8zism8xnbt8wuFtwNyuJW7Fw=) has send a requested to sell snafuar15_spr_black_gun x1 at the trader "Weapons (Mirek [#STR_EXPANSION_MARKET_TRADER_WEAPONS])" in market zone "The Hill" (pos=<7529.135742, 89.198120, 4610.044922>).
11:28:10.585 [Market] Player "Morningstar1980" (id=83imqfZkH-LpiTXHx7j8zism8xnbt8wuFtwNyuJW7Fw=) has sold snafuar15_spr_black_gun x1 at the trader "Weapons (Mirek [#STR_EXPANSION_MARKET_TRADER_WEAPONS])" in market zone "The Hill" (pos=<7529.135742, 89.198120, 4610.044922>) and got 7275.
11:28:15.460 [Market] Player "Morningstar1980" (id=83imqfZkH-LpiTXHx7j8zism8xnbt8wuFtwNyuJW7Fw=) has send a requested to sell snafu_adar_modular16_gun x2 at the trader "Weapons (Mirek [#STR_EXPANSION_MARKET_TRADER_WEAPONS])" in market zone "The Hill" (pos=<7529.135742, 89.198120, 4610.044922>).
11:28:15.562 [Market] Player "Morningstar1980" (id=83imqfZkH-LpiTXHx7j8zism8xnbt8wuFtwNyuJW7Fw=) has sold snafu_adar_modular16_gun x2 at the trader "Weapons (Mirek [#STR_EXPANSION_MARKET_TRADER_WEAPONS])" in market zone "The Hill" (pos=<7529.135742, 89.198120, 4610.044922>) and got 9787.
11:28:20.613 [Market] Player "Morningstar1980" (id=83imqfZkH-LpiTXHx7j8zism8xnbt8wuFtwNyuJW7Fw=) has send a requested to sell snafutar21_black x1 at the trader "Weapons (Mirek [#STR_EXPANSION_MARKET_TRADER_WEAPONS])" in market zone "The Hill" (pos=<7529.135742, 89.198120, 4610.044922>).
11:28:20.714 [Market] Player "Morningstar1980" (id=83imqfZkH-LpiTXHx7j8zism8xnbt8wuFtwNyuJW7Fw=) has sold snafutar21_black x1 at the trader "Weapons (Mirek [#STR_EXPANSION_MARKET_TRADER_WEAPONS])" in market zone "The Hill" (pos=<7529.135742, 89.198120, 4610.044922>) and got 5242.
11:28:24.339 [Market] Player "Morningstar1980" (id=83imqfZkH-LpiTXHx7j8zism8xnbt8wuFtwNyuJW7Fw=) has send a requested to sell snafu_mk4716gun x1 at the trader "Weapons (Mirek [#STR_EXPANSION_MARKET_TRADER_WEAPONS])" in market zone "The Hill" (pos=<7529.135742, 89.198120, 4610.044922>).
11:28:24.421 [Market] Player "Morningstar1980" (id=83imqfZkH-LpiTXHx7j8zism8xnbt8wuFtwNyuJW7Fw=) has sold snafu_mk4716gun x1 at the trader "Weapons (Mirek [#STR_EXPANSION_MARKET_TRADER_WEAPONS])" in market zone "The Hill" (pos=<7529.135742, 89.198120, 4610.044922>) and got 2034.
11:28:32.421 [Market] Player "Morningstar1980" (id=83imqfZkH-LpiTXHx7j8zism8xnbt8wuFtwNyuJW7Fw=) has send a requested to sell sn_m870 x1 at the trader "Weapons (Mirek [#STR_EXPANSION_MARKET_TRADER_WEAPONS])" in market zone "The Hill" (pos=<7529.135742, 89.198120, 4610.044922>).
11:28:32.523 [Market] Player "Morningstar1980" (id=83imqfZkH-LpiTXHx7j8zism8xnbt8wuFtwNyuJW7Fw=) has sold sn_m870 x1 at the trader "Weapons (Mirek [#STR_EXPANSION_MARKET_TRADER_WEAPONS])" in market zone "The Hill" (pos=<7529.135742, 89.198120, 4610.044922>) and got 1425.
11:28:41.457 [Market] Player "Morningstar1980" (id=83imqfZkH-LpiTXHx7j8zism8xnbt8wuFtwNyuJW7Fw=) has send a requested to sell snafum98b_digi_gun x2 at the trader "Weapons (Mirek [#STR_EXPANSION_MARKET_TRADER_WEAPONS])" in market zone "The Hill" (pos=<7529.135742, 89.198120, 4610.044922>).
11:28:41.554 [Market] Player "Morningstar1980" (id=83imqfZkH-LpiTXHx7j8zism8xnbt8wuFtwNyuJW7Fw=) has sold snafum98b_digi_gun x2 at the trader "Weapons (Mirek [#STR_EXPANSION_MARKET_TRADER_WEAPONS])" in market zone "The Hill" (pos=<7529.135742, 89.198120, 4610.044922>) and got 18059.
11:28:44.882 [Market] Player "Morningstar1980" (id=83imqfZkH-LpiTXHx7j8zism8xnbt8wuFtwNyuJW7Fw=) has send a requested to sell snafut5000_dkmcc_gun x1 at the trader "Weapons (Mirek [#STR_EXPANSION_MARKET_TRADER_WEAPONS])" in market zone "The Hill" (pos=<7529.135742, 89.198120, 4610.044922>).
11:28:45.023 [Market] Player "Morningstar1980" (id=83imqfZkH-LpiTXHx7j8zism8xnbt8wuFtwNyuJW7Fw=) has sold snafut5000_dkmcc_gun x1 at the trader "Weapons (Mirek [#STR_EXPANSION_MARKET_TRADER_WEAPONS])" in market zone "The Hill" (pos=<7529.135742, 89.198120, 4610.044922>) and got 2977.
11:28:48.160 [Market] Player "Morningstar1980" (id=83imqfZkH-LpiTXHx7j8zism8xnbt8wuFtwNyuJW7Fw=) has send a requested to sell snafugevar_grey x1 at the trader "Weapons (Mirek [#STR_EXPANSION_MARKET_TRADER_WEAPONS])" in market zone "The Hill" (pos=<7529.135742, 89.198120, 4610.044922>).
11:28:48.257 [Market] Player "Morningstar1980" (id=83imqfZkH-LpiTXHx7j8zism8xnbt8wuFtwNyuJW7Fw=) has sold snafugevar_grey x1 at the trader "Weapons (Mirek [#STR_EXPANSION_MARKET_TRADER_WEAPONS])" in market zone "The Hill" (pos=<7529.135742, 89.198120, 4610.044922>) and got 5700.
11:28:51.187 [Market] Player "Morningstar1980" (id=83imqfZkH-LpiTXHx7j8zism8xnbt8wuFtwNyuJW7Fw=) has send a requested to sell gcgn_m200 x1 at the trader "Weapons (Mirek [#STR_EXPANSION_MARKET_TRADER_WEAPONS])" in market zone "The Hill" (pos=<7529.135742, 89.198120, 4610.044922>).
11:28:51.296 [Market] Player "Morningstar1980" (id=83imqfZkH-LpiTXHx7j8zism8xnbt8wuFtwNyuJW7Fw=) has sold gcgn_m200 x1 at the trader "Weapons (Mirek [#STR_EXPANSION_MARKET_TRADER_WEAPONS])" in market zone "The Hill" (pos=<7529.135742, 89.198120, 4610.044922>) and got 11475.
11:28:55.429 [Market] Player "Morningstar1980" (id=83imqfZkH-LpiTXHx7j8zism8xnbt8wuFtwNyuJW7Fw=) has send a requested to sell gcgn_m200_tan x2 at the trader "Weapons (Mirek [#STR_EXPANSION_MARKET_TRADER_WEAPONS])" in market zone "The Hill" (pos=<7529.135742, 89.198120, 4610.044922>).
11:28:55.535 [Market] Player "Morningstar1980" (id=83imqfZkH-LpiTXHx7j8zism8xnbt8wuFtwNyuJW7Fw=) has sold gcgn_m200_tan x2 at the trader "Weapons (Mirek [#STR_EXPANSION_MARKET_TRADER_WEAPONS])" in market zone "The Hill" (pos=<7529.135742, 89.198120, 4610.044922>) and got 5999.
11:28:58.246 [Market] Player "Morningstar1980" (id=83imqfZkH-LpiTXHx7j8zism8xnbt8wuFtwNyuJW7Fw=) has send a requested to sell snafum96 x1 at the trader "Weapons (Mirek [#STR_EXPANSION_MARKET_TRADER_WEAPONS])" in market zone "The Hill" (pos=<7529.135742, 89.198120, 4610.044922>).
11:28:58.351 [Market] Player "Morningstar1980" (id=83imqfZkH-LpiTXHx7j8zism8xnbt8wuFtwNyuJW7Fw=) has sold snafum96 x1 at the trader "Weapons (Mirek [#STR_EXPANSION_MARKET_TRADER_WEAPONS])" in market zone "The Hill" (pos=<7529.135742, 89.198120, 4610.044922>) and got 11250.
11:29:01.246 [Market] Player "Morningstar1980" (id=83imqfZkH-LpiTXHx7j8zism8xnbt8wuFtwNyuJW7Fw=) has send a requested to sell snafum24_gun x1 at the trader "Weapons (Mirek [#STR_EXPANSION_MARKET_TRADER_WEAPONS])" in market zone "The Hill" (pos=<7529.135742, 89.198120, 4610.044922>).
11:29:01.347 [Market] Player "Morningstar1980" (id=83imqfZkH-LpiTXHx7j8zism8xnbt8wuFtwNyuJW7Fw=) has sold snafum24_gun x1 at the trader "Weapons (Mirek [#STR_EXPANSION_MARKET_TRADER_WEAPONS])" in market zone "The Hill" (pos=<7529.135742, 89.198120, 4610.044922>) and got 5625.
11:29:04.789 [Market] Player "Morningstar1980" (id=83imqfZkH-LpiTXHx7j8zism8xnbt8wuFtwNyuJW7Fw=) has send a requested to sell snafut5000_wood_gun x1 at the trader "Weapons (Mirek [#STR_EXPANSION_MARKET_TRADER_WEAPONS])" in market zone "The Hill" (pos=<7529.135742, 89.198120, 4610.044922>).
11:29:04.898 [Market] Player "Morningstar1980" (id=83imqfZkH-LpiTXHx7j8zism8xnbt8wuFtwNyuJW7Fw=) has sold snafut5000_wood_gun x1 at the trader "Weapons (Mirek [#STR_EXPANSION_MARKET_TRADER_WEAPONS])" in market zone "The Hill" (pos=<7529.135742, 89.198120, 4610.044922>) and got 8977.
11:29:08.328 [Market] Player "Morningstar1980" (id=83imqfZkH-LpiTXHx7j8zism8xnbt8wuFtwNyuJW7Fw=) has send a requested to sell snafuvssk x2 at the trader "Weapons (Mirek [#STR_EXPANSION_MARKET_TRADER_WEAPONS])" in market zone "The Hill" (pos=<7529.135742, 89.198120, 4610.044922>).
11:29:08.421 [Market] Player "Morningstar1980" (id=83imqfZkH-LpiTXHx7j8zism8xnbt8wuFtwNyuJW7Fw=) has sold snafuvssk x2 at the trader "Weapons (Mirek [#STR_EXPANSION_MARKET_TRADER_WEAPONS])" in market zone "The Hill" (pos=<7529.135742, 89.198120, 4610.044922>) and got 19762.
11:29:11.339 [Market] Player "Morningstar1980" (id=83imqfZkH-LpiTXHx7j8zism8xnbt8wuFtwNyuJW7Fw=) has send a requested to sell snafu_as50_gun x1 at the trader "Weapons (Mirek [#STR_EXPANSION_MARKET_TRADER_WEAPONS])" in market zone "The Hill" (pos=<7529.135742, 89.198120, 4610.044922>).
11:29:11.441 [Market] Player "Morningstar1980" (id=83imqfZkH-LpiTXHx7j8zism8xnbt8wuFtwNyuJW7Fw=) has sold snafu_as50_gun x1 at the trader "Weapons (Mirek [#STR_EXPANSION_MARKET_TRADER_WEAPONS])" in market zone "The Hill" (pos=<7529.135742, 89.198120, 4610.044922>) and got 12027.
11:31:06.664 [Market] Player "Morningstar1980" (id=83imqfZkH-LpiTXHx7j8zism8xnbt8wuFtwNyuJW7Fw=) has send a requested to sell snafuar15_spr_black_gun x1 at the trader "Weapons (Mirek [#STR_EXPANSION_MARKET_TRADER_WEAPONS])" in market zone "The Hill" (pos=<7529.135742, 89.198120, 4610.044922>).
11:31:06.765 [Market] Player "Morningstar1980" (id=83imqfZkH-LpiTXHx7j8zism8xnbt8wuFtwNyuJW7Fw=) has sold snafuar15_spr_black_gun x1 at the trader "Weapons (Mirek [#STR_EXPANSION_MARKET_TRADER_WEAPONS])" in market zone "The Hill" (pos=<7529.135742, 89.198120, 4610.044922>) and got 7350.
11:31:11.234 [Market] Player "Morningstar1980" (id=83imqfZkH-LpiTXHx7j8zism8xnbt8wuFtwNyuJW7Fw=) has send a requested to sell snafu_m4556_modular14_gun x1 at the trader "Weapons (Mirek [#STR_EXPANSION_MARKET_TRADER_WEAPONS])" in market zone "The Hill" (pos=<7529.135742, 89.198120, 4610.044922>).
11:31:11.339 [Market] Player "Morningstar1980" (id=83imqfZkH-LpiTXHx7j8zism8xnbt8wuFtwNyuJW7Fw=) has sold snafu_m4556_modular14_gun x1 at the trader "Weapons (Mirek [#STR_EXPANSION_MARKET_TRADER_WEAPONS])" in market zone "The Hill" (pos=<7529.135742, 89.198120, 4610.044922>) and got 6900.
11:31:14.328 [Market] Player "Morningstar1980" (id=83imqfZkH-LpiTXHx7j8zism8xnbt8wuFtwNyuJW7Fw=) has send a requested to sell snafu_cz805_gun x1 at the trader "Weapons (Mirek [#STR_EXPANSION_MARKET_TRADER_WEAPONS])" in market zone "The Hill" (pos=<7529.135742, 89.198120, 4610.044922>).
11:31:14.472 [Market] Player "Morningstar1980" (id=83imqfZkH-LpiTXHx7j8zism8xnbt8wuFtwNyuJW7Fw=) has sold snafu_cz805_gun x1 at the trader "Weapons (Mirek [#STR_EXPANSION_MARKET_TRADER_WEAPONS])" in market zone "The Hill" (pos=<7529.135742, 89.198120, 4610.044922>) and got 1912.
11:31:19.835 [Market] Player "Morningstar1980" (id=83imqfZkH-LpiTXHx7j8zism8xnbt8wuFtwNyuJW7Fw=) has send a requested to sell snafu_u100 x1 at the trader "Weapons (Mirek [#STR_EXPANSION_MARKET_TRADER_WEAPONS])" in market zone "The Hill" (pos=<7529.135742, 89.198120, 4610.044922>).
11:31:19.937 [Market] Player "Morningstar1980" (id=83imqfZkH-LpiTXHx7j8zism8xnbt8wuFtwNyuJW7Fw=) has sold snafu_u100 x1 at the trader "Weapons (Mirek [#STR_EXPANSION_MARKET_TRADER_WEAPONS])" in market zone "The Hill" (pos=<7529.135742, 89.198120, 4610.044922>) and got 2625.
11:31:25.968 [Market] Player "Morningstar1980" (id=83imqfZkH-LpiTXHx7j8zism8xnbt8wuFtwNyuJW7Fw=) has send a requested to sell snafugevar_green x1 at the trader "Weapons (Mirek [#STR_EXPANSION_MARKET_TRADER_WEAPONS])" in market zone "The Hill" (pos=<7529.135742, 89.198120, 4610.044922>).
11:31:26.050 [Market] Player "Morningstar1980" (id=83imqfZkH-LpiTXHx7j8zism8xnbt8wuFtwNyuJW7Fw=) has sold snafugevar_green x1 at the trader "Weapons (Mirek [#STR_EXPANSION_MARKET_TRADER_WEAPONS])" in market zone "The Hill" (pos=<7529.135742, 89.198120, 4610.044922>) and got 5925.
11:31:29.261 [Market] Player "Morningstar1980" (id=83imqfZkH-LpiTXHx7j8zism8xnbt8wuFtwNyuJW7Fw=) has send a requested to sell snafu_m200green x1 at the trader "Weapons (Mirek [#STR_EXPANSION_MARKET_TRADER_WEAPONS])" in market zone "The Hill" (pos=<7529.135742, 89.198120, 4610.044922>).
11:31:29.363 [Market] Player "Morningstar1980" (id=83imqfZkH-LpiTXHx7j8zism8xnbt8wuFtwNyuJW7Fw=) has sold snafu_m200green x1 at the trader "Weapons (Mirek [#STR_EXPANSION_MARKET_TRADER_WEAPONS])" in market zone "The Hill" (pos=<7529.135742, 89.198120, 4610.044922>) and got 6096.
11:31:31.875 [Market] Player "Morningstar1980" (id=83imqfZkH-LpiTXHx7j8zism8xnbt8wuFtwNyuJW7Fw=) has send a requested to sell snafum96 x1 at the trader "Weapons (Mirek [#STR_EXPANSION_MARKET_TRADER_WEAPONS])" in market zone "The Hill" (pos=<7529.135742, 89.198120, 4610.044922>).
11:31:31.960 [Market] Player "Morningstar1980" (id=83imqfZkH-LpiTXHx7j8zism8xnbt8wuFtwNyuJW7Fw=) has sold snafum96 x1 at the trader "Weapons (Mirek [#STR_EXPANSION_MARKET_TRADER_WEAPONS])" in market zone "The Hill" (pos=<7529.135742, 89.198120, 4610.044922>) and got 8437.
11:31:34.691 [Market] Player "Morningstar1980" (id=83imqfZkH-LpiTXHx7j8zism8xnbt8wuFtwNyuJW7Fw=) has send a requested to sell snafursass_od_gun x1 at the trader "Weapons (Mirek [#STR_EXPANSION_MARKET_TRADER_WEAPONS])" in market zone "The Hill" (pos=<7529.135742, 89.198120, 4610.044922>).
11:31:34.777 [Market] Player "Morningstar1980" (id=83imqfZkH-LpiTXHx7j8zism8xnbt8wuFtwNyuJW7Fw=) has sold snafursass_od_gun x1 at the trader "Weapons (Mirek [#STR_EXPANSION_MARKET_TRADER_WEAPONS])" in market zone "The Hill" (pos=<7529.135742, 89.198120, 4610.044922>) and got 3582.
11:32:35.886 [Market] Player "Morningstar1980" (id=83imqfZkH-LpiTXHx7j8zism8xnbt8wuFtwNyuJW7Fw=) has send a requested to sell snafuthompsonmk2 x1 at the trader "Weapons (Mirek [#STR_EXPANSION_MARKET_TRADER_WEAPONS])" in market zone "The Hill" (pos=<7529.135742, 89.198120, 4610.044922>).
11:32:35.984 [Market] Player "Morningstar1980" (id=83imqfZkH-LpiTXHx7j8zism8xnbt8wuFtwNyuJW7Fw=) has sold snafuthompsonmk2 x1 at the trader "Weapons (Mirek [#STR_EXPANSION_MARKET_TRADER_WEAPONS])" in market zone "The Hill" (pos=<7529.135742, 89.198120, 4610.044922>) and got 3600.
11:32:39.710 [Market] Player "Morningstar1980" (id=83imqfZkH-LpiTXHx7j8zism8xnbt8wuFtwNyuJW7Fw=) has send a requested to sell snafu_as50_gun x1 at the trader "Weapons (Mirek [#STR_EXPANSION_MARKET_TRADER_WEAPONS])" in market zone "The Hill" (pos=<7529.135742, 89.198120, 4610.044922>).
11:32:39.800 [Market] Player "Morningstar1980" (id=83imqfZkH-LpiTXHx7j8zism8xnbt8wuFtwNyuJW7Fw=) has sold snafu_as50_gun x1 at the trader "Weapons (Mirek [#STR_EXPANSION_MARKET_TRADER_WEAPONS])" in market zone "The Hill" (pos=<7529.135742, 89.198120, 4610.044922>) and got 11325.
11:33:01.937 [Market] Player "Morningstar1980" (id=83imqfZkH-LpiTXHx7j8zism8xnbt8wuFtwNyuJW7Fw=) has send a requested to sell expansion_pmii25optic x1 at the trader "Attachments (Seth [#STR_EXPANSION_MARKET_TRADER_ATTACHMENTS])" in market zone "The Hill" (pos=<7529.135742, 89.198120, 4610.044922>).
11:33:02.011 [Market] Player "Morningstar1980" (id=83imqfZkH-LpiTXHx7j8zism8xnbt8wuFtwNyuJW7Fw=) has sold expansion_pmii25optic x1 at the trader "Attachments (Seth [#STR_EXPANSION_MARKET_TRADER_ATTACHMENTS])" in market zone "The Hill" (pos=<7529.135742, 89.198120, 4610.044922>) and got 206.
11:33:06.566 [Market] Player "Morningstar1980" (id=83imqfZkH-LpiTXHx7j8zism8xnbt8wuFtwNyuJW7Fw=) has send a requested to sell snafu_kabar x1 at the trader "Attachments (Seth [#STR_EXPANSION_MARKET_TRADER_ATTACHMENTS])" in market zone "The Hill" (pos=<7529.135742, 89.198120, 4610.044922>).
11:33:06.652 [Market] Player "Morningstar1980" (id=83imqfZkH-LpiTXHx7j8zism8xnbt8wuFtwNyuJW7Fw=) has sold snafu_kabar x1 at the trader "Attachments (Seth [#STR_EXPANSION_MARKET_TRADER_ATTACHMENTS])" in market zone "The Hill" (pos=<7529.135742, 89.198120, 4610.044922>) and got 150.
11:33:21.703 [Market] Player "Morningstar1980" (id=83imqfZkH-LpiTXHx7j8zism8xnbt8wuFtwNyuJW7Fw=) has send a requested to sell gcgn_m200_mag x1 at the trader "Attachments (Seth [#STR_EXPANSION_MARKET_TRADER_ATTACHMENTS])" in market zone "The Hill" (pos=<7529.135742, 89.198120, 4610.044922>).
11:33:21.804 [Market] Player "Morningstar1980" (id=83imqfZkH-LpiTXHx7j8zism8xnbt8wuFtwNyuJW7Fw=) has sold gcgn_m200_mag x1 at the trader "Attachments (Seth [#STR_EXPANSION_MARKET_TRADER_ATTACHMENTS])" in market zone "The Hill" (pos=<7529.135742, 89.198120, 4610.044922>) and got 321.
11:33:24.437 [Market] Player "Morningstar1980" (id=83imqfZkH-LpiTXHx7j8zism8xnbt8wuFtwNyuJW7Fw=) has send a requested to sell snafugm6lynx_5rdmag x1 at the trader "Attachments (Seth [#STR_EXPANSION_MARKET_TRADER_ATTACHMENTS])" in market zone "The Hill" (pos=<7529.135742, 89.198120, 4610.044922>).
11:33:24.539 [Market] Player "Morningstar1980" (id=83imqfZkH-LpiTXHx7j8zism8xnbt8wuFtwNyuJW7Fw=) has sold snafugm6lynx_5rdmag x1 at the trader "Attachments (Seth [#STR_EXPANSION_MARKET_TRADER_ATTACHMENTS])" in market zone "The Hill" (pos=<7529.135742, 89.198120, 4610.044922>) and got 240.
11:33:28.816 [Market] Player "Morningstar1980" (id=83imqfZkH-LpiTXHx7j8zism8xnbt8wuFtwNyuJW7Fw=) has send a requested to sell snafu_pkp_250rnd_mag x2 at the trader "Attachments (Seth [#STR_EXPANSION_MARKET_TRADER_ATTACHMENTS])" in market zone "The Hill" (pos=<7529.135742, 89.198120, 4610.044922>).
11:33:28.917 [Market] Player "Morningstar1980" (id=83imqfZkH-LpiTXHx7j8zism8xnbt8wuFtwNyuJW7Fw=) has sold snafu_pkp_250rnd_mag x2 at the trader "Attachments (Seth [#STR_EXPANSION_MARKET_TRADER_ATTACHMENTS])" in market zone "The Hill" (pos=<7529.135742, 89.198120, 4610.044922>) and got 1100.
11:33:40.273 [Market] Player "Morningstar1980" (id=83imqfZkH-LpiTXHx7j8zism8xnbt8wuFtwNyuJW7Fw=) has send a requested to sell snafu_huntingoptic x1 at the trader "Attachments (Seth [#STR_EXPANSION_MARKET_TRADER_ATTACHMENTS])" in market zone "The Hill" (pos=<7529.135742, 89.198120, 4610.044922>).
11:33:40.464 [Market] Player "Morningstar1980" (id=83imqfZkH-LpiTXHx7j8zism8xnbt8wuFtwNyuJW7Fw=) has sold snafu_huntingoptic x1 at the trader "Attachments (Seth [#STR_EXPANSION_MARKET_TRADER_ATTACHMENTS])" in market zone "The Hill" (pos=<7529.135742, 89.198120, 4610.044922>) and got 300.
11:33:54.769 [Market] Player "Morningstar1980" (id=83imqfZkH-LpiTXHx7j8zism8xnbt8wuFtwNyuJW7Fw=) has send a requested to sell snafu_trijicon x1 at the trader "Attachments (Seth [#STR_EXPANSION_MARKET_TRADER_ATTACHMENTS])" in market zone "The Hill" (pos=<7529.135742, 89.198120, 4610.044922>).
11:33:54.878 [Market] Player "Morningstar1980" (id=83imqfZkH-LpiTXHx7j8zism8xnbt8wuFtwNyuJW7Fw=) has sold snafu_trijicon x1 at the trader "Attachments (Seth [#STR_EXPANSION_MARKET_TRADER_ATTACHMENTS])" in market zone "The Hill" (pos=<7529.135742, 89.198120, 4610.044922>) and got 300.
11:33:58.828 [Market] Player "Morningstar1980" (id=83imqfZkH-LpiTXHx7j8zism8xnbt8wuFtwNyuJW7Fw=) has send a requested to sell snafu_trijicon_docter x1 at the trader "Attachments (Seth [#STR_EXPANSION_MARKET_TRADER_ATTACHMENTS])" in market zone "The Hill" (pos=<7529.135742, 89.198120, 4610.044922>).
11:33:58.929 [Market] Player "Morningstar1980" (id=83imqfZkH-LpiTXHx7j8zism8xnbt8wuFtwNyuJW7Fw=) has sold snafu_trijicon_docter x1 at the trader "Attachments (Seth [#STR_EXPANSION_MARKET_TRADER_ATTACHMENTS])" in market zone "The Hill" (pos=<7529.135742, 89.198120, 4610.044922>) and got 225.
11:34:09.246 [Market] Player "Morningstar1980" (id=83imqfZkH-LpiTXHx7j8zism8xnbt8wuFtwNyuJW7Fw=) has send a requested to sell snafu_50bmg_suppressor_s x1 at the trader "Attachments (Seth [#STR_EXPANSION_MARKET_TRADER_ATTACHMENTS])" in market zone "The Hill" (pos=<7529.135742, 89.198120, 4610.044922>).
11:34:09.367 [Market] Player "Morningstar1980" (id=83imqfZkH-LpiTXHx7j8zism8xnbt8wuFtwNyuJW7Fw=) has sold snafu_50bmg_suppressor_s x1 at the trader "Attachments (Seth [#STR_EXPANSION_MARKET_TRADER_ATTACHMENTS])" in market zone "The Hill" (pos=<7529.135742, 89.198120, 4610.044922>) and got 150.
11:34:11.882 [Market] Player "Morningstar1980" (id=83imqfZkH-LpiTXHx7j8zism8xnbt8wuFtwNyuJW7Fw=) has send a requested to sell snafu_50bmg_suppressor_w x1 at the trader "Attachments (Seth [#STR_EXPANSION_MARKET_TRADER_ATTACHMENTS])" in market zone "The Hill" (pos=<7529.135742, 89.198120, 4610.044922>).
11:34:12.023 [Market] Player "Morningstar1980" (id=83imqfZkH-LpiTXHx7j8zism8xnbt8wuFtwNyuJW7Fw=) has sold snafu_50bmg_suppressor_w x1 at the trader "Attachments (Seth [#STR_EXPANSION_MARKET_TRADER_ATTACHMENTS])" in market zone "The Hill" (pos=<7529.135742, 89.198120, 4610.044922>) and got 300.
11:34:18.312 [Market] Player "Morningstar1980" (id=83imqfZkH-LpiTXHx7j8zism8xnbt8wuFtwNyuJW7Fw=) has send a requested to sell snafu_standardized_suppressor_black x2 at the trader "Attachments (Seth [#STR_EXPANSION_MARKET_TRADER_ATTACHMENTS])" in market zone "The Hill" (pos=<7529.135742, 89.198120, 4610.044922>).
11:34:18.445 [Market] Player "Morningstar1980" (id=83imqfZkH-LpiTXHx7j8zism8xnbt8wuFtwNyuJW7Fw=) has sold snafu_standardized_suppressor_black x2 at the trader "Attachments (Seth [#STR_EXPANSION_MARKET_TRADER_ATTACHMENTS])" in market zone "The Hill" (pos=<7529.135742, 89.198120, 4610.044922>) and got 450.
11:35:21.027 [Market] Player "Morningstar1980" (id=83imqfZkH-LpiTXHx7j8zism8xnbt8wuFtwNyuJW7Fw=) has send a requested to sell bz_shirt_alpine x1 at the trader "Clothing (Quinn [#STR_EXPANSION_MARKET_TRADER_CLOTHING])" in market zone "The Hill" (pos=<7529.135742, 89.198120, 4610.044922>).
11:35:21.113 [Market] Player "Morningstar1980" (id=83imqfZkH-LpiTXHx7j8zism8xnbt8wuFtwNyuJW7Fw=) has sold bz_shirt_alpine x1 at the trader "Clothing (Quinn [#STR_EXPANSION_MARKET_TRADER_CLOTHING])" in market zone "The Hill" (pos=<7529.135742, 89.198120, 4610.044922>) and got 8500.
11:35:26.796 [Market] Player "Morningstar1980" (id=83imqfZkH-LpiTXHx7j8zism8xnbt8wuFtwNyuJW7Fw=) has send a requested to sell bz_shirt_anime x1 at the trader "Clothing (Quinn [#STR_EXPANSION_MARKET_TRADER_CLOTHING])" in market zone "The Hill" (pos=<7529.135742, 89.198120, 4610.044922>).
11:35:26.898 [Market] Player "Morningstar1980" (id=83imqfZkH-LpiTXHx7j8zism8xnbt8wuFtwNyuJW7Fw=) has sold bz_shirt_anime x1 at the trader "Clothing (Quinn [#STR_EXPANSION_MARKET_TRADER_CLOTHING])" in market zone "The Hill" (pos=<7529.135742, 89.198120, 4610.044922>) and got 2125.
11:35:31.031 [Market] Player "Morningstar1980" (id=83imqfZkH-LpiTXHx7j8zism8xnbt8wuFtwNyuJW7Fw=) has send a requested to sell bz_shirt_aquahemp x1 at the trader "Clothing (Quinn [#STR_EXPANSION_MARKET_TRADER_CLOTHING])" in market zone "The Hill" (pos=<7529.135742, 89.198120, 4610.044922>).
11:35:31.132 [Market] Player "Morningstar1980" (id=83imqfZkH-LpiTXHx7j8zism8xnbt8wuFtwNyuJW7Fw=) has sold bz_shirt_aquahemp x1 at the trader "Clothing (Quinn [#STR_EXPANSION_MARKET_TRADER_CLOTHING])" in market zone "The Hill" (pos=<7529.135742, 89.198120, 4610.044922>) and got 6375.
11:35:38.640 [Market] Player "Morningstar1980" (id=83imqfZkH-LpiTXHx7j8zism8xnbt8wuFtwNyuJW7Fw=) has send a requested to sell bz_shirt_matrix x1 at the trader "Clothing (Quinn [#STR_EXPANSION_MARKET_TRADER_CLOTHING])" in market zone "The Hill" (pos=<7529.135742, 89.198120, 4610.044922>).
11:35:38.726 [Market] Player "Morningstar1980" (id=83imqfZkH-LpiTXHx7j8zism8xnbt8wuFtwNyuJW7Fw=) has sold bz_shirt_matrix x1 at the trader "Clothing (Quinn [#STR_EXPANSION_MARKET_TRADER_CLOTHING])" in market zone "The Hill" (pos=<7529.135742, 89.198120, 4610.044922>) and got 2125.
11:35:46.339 [Market] Player "Morningstar1980" (id=83imqfZkH-LpiTXHx7j8zism8xnbt8wuFtwNyuJW7Fw=) has send a requested to sell bz_shirt_deathnote x1 at the trader "Clothing (Quinn [#STR_EXPANSION_MARKET_TRADER_CLOTHING])" in market zone "The Hill" (pos=<7529.135742, 89.198120, 4610.044922>).
11:35:46.429 [Market] Player "Morningstar1980" (id=83imqfZkH-LpiTXHx7j8zism8xnbt8wuFtwNyuJW7Fw=) has sold bz_shirt_deathnote x1 at the trader "Clothing (Quinn [#STR_EXPANSION_MARKET_TRADER_CLOTHING])" in market zone "The Hill" (pos=<7529.135742, 89.198120, 4610.044922>) and got 6375.
11:35:47.339 [Market] Player "Morningstar1980" (id=83imqfZkH-LpiTXHx7j8zism8xnbt8wuFtwNyuJW7Fw=) has send a requested to purchase bz_shirt_dbz x1 from the trader "Clothing (Quinn [#STR_EXPANSION_MARKET_TRADER_CLOTHING])" in market zone "The Hill" (pos=<7529.135742, 89.198120, 4610.044922>).
11:35:47.433 [Market] Player "Morningstar1980" (id=83imqfZkH-LpiTXHx7j8zism8xnbt8wuFtwNyuJW7Fw=) has bought bz_shirt_dbz x1 from the trader "Clothing (Quinn [#STR_EXPANSION_MARKET_TRADER_CLOTHING])" in market zone "The Hill" (pos=<7529.135742, 89.198120, 4610.044922>) for a price of 8500.
11:35:50.164 [Market] Player "Morningstar1980" (id=83imqfZkH-LpiTXHx7j8zism8xnbt8wuFtwNyuJW7Fw=) has send a requested to sell bz_shirt_dbz x1 at the trader "Clothing (Quinn [#STR_EXPANSION_MARKET_TRADER_CLOTHING])" in market zone "The Hill" (pos=<7529.135742, 89.198120, 4610.044922>).
11:35:50.265 [Market] Player "Morningstar1980" (id=83imqfZkH-LpiTXHx7j8zism8xnbt8wuFtwNyuJW7Fw=) has sold bz_shirt_dbz x1 at the trader "Clothing (Quinn [#STR_EXPANSION_MARKET_TRADER_CLOTHING])" in market zone "The Hill" (pos=<7529.135742, 89.198120, 4610.044922>) and got 8500.
11:35:50.976 [Market] Player "Morningstar1980" (id=83imqfZkH-LpiTXHx7j8zism8xnbt8wuFtwNyuJW7Fw=) has send a requested to sell bz_shirt_dbz x1 at the trader "Clothing (Quinn [#STR_EXPANSION_MARKET_TRADER_CLOTHING])" in market zone "The Hill" (pos=<7529.135742, 89.198120, 4610.044922>).
11:35:51.058 [Market] Player "Morningstar1980" (id=83imqfZkH-LpiTXHx7j8zism8xnbt8wuFtwNyuJW7Fw=) has sold bz_shirt_dbz x1 at the trader "Clothing (Quinn [#STR_EXPANSION_MARKET_TRADER_CLOTHING])" in market zone "The Hill" (pos=<7529.135742, 89.198120, 4610.044922>) and got 2125.
11:35:52.296 [Market] Player "Morningstar1980" (id=83imqfZkH-LpiTXHx7j8zism8xnbt8wuFtwNyuJW7Fw=) has send a requested to sell bz_shirt_ferrari x1 at the trader "Clothing (Quinn [#STR_EXPANSION_MARKET_TRADER_CLOTHING])" in market zone "The Hill" (pos=<7529.135742, 89.198120, 4610.044922>).
11:35:52.445 [Market] Player "Morningstar1980" (id=83imqfZkH-LpiTXHx7j8zism8xnbt8wuFtwNyuJW7Fw=) has sold bz_shirt_ferrari x1 at the trader "Clothing (Quinn [#STR_EXPANSION_MARKET_TRADER_CLOTHING])" in market zone "The Hill" (pos=<7529.135742, 89.198120, 4610.044922>) and got 2125.
11:35:54.601 [Market] Player "Morningstar1980" (id=83imqfZkH-LpiTXHx7j8zism8xnbt8wuFtwNyuJW7Fw=) has send a requested to sell bz_shirt_haribo x1 at the trader "Clothing (Quinn [#STR_EXPANSION_MARKET_TRADER_CLOTHING])" in market zone "The Hill" (pos=<7529.135742, 89.198120, 4610.044922>).
11:35:54.691 [Market] Player "Morningstar1980" (id=83imqfZkH-LpiTXHx7j8zism8xnbt8wuFtwNyuJW7Fw=) has sold bz_shirt_haribo x1 at the trader "Clothing (Quinn [#STR_EXPANSION_MARKET_TRADER_CLOTHING])" in market zone "The Hill" (pos=<7529.135742, 89.198120, 4610.044922>) and got 4250.
11:35:56.390 [Market] Player "Morningstar1980" (id=83imqfZkH-LpiTXHx7j8zism8xnbt8wuFtwNyuJW7Fw=) has send a requested to sell bz_shirt_strangerthings x1 at the trader "Clothing (Quinn [#STR_EXPANSION_MARKET_TRADER_CLOTHING])" in market zone "The Hill" (pos=<7529.135742, 89.198120, 4610.044922>).
11:35:56.492 [Market] Player "Morningstar1980" (id=83imqfZkH-LpiTXHx7j8zism8xnbt8wuFtwNyuJW7Fw=) has sold bz_shirt_strangerthings x1 at the trader "Clothing (Quinn [#STR_EXPANSION_MARKET_TRADER_CLOTHING])" in market zone "The Hill" (pos=<7529.135742, 89.198120, 4610.044922>) and got 2125.
11:36:05.648 [Market] Player "Morningstar1980" (id=83imqfZkH-LpiTXHx7j8zism8xnbt8wuFtwNyuJW7Fw=) has send a requested to sell bz_shirt_pinkhemp x1 at the trader "Clothing (Quinn [#STR_EXPANSION_MARKET_TRADER_CLOTHING])" in market zone "The Hill" (pos=<7529.135742, 89.198120, 4610.044922>).
11:36:05.722 [Market] Player "Morningstar1980" (id=83imqfZkH-LpiTXHx7j8zism8xnbt8wuFtwNyuJW7Fw=) has sold bz_shirt_pinkhemp x1 at the trader "Clothing (Quinn [#STR_EXPANSION_MARKET_TRADER_CLOTHING])" in market zone "The Hill" (pos=<7529.135742, 89.198120, 4610.044922>) and got 4250.
11:36:10.484 [Market] Player "Morningstar1980" (id=83imqfZkH-LpiTXHx7j8zism8xnbt8wuFtwNyuJW7Fw=) has send a requested to sell bz_hex3_top x1 at the trader "Clothing (Quinn [#STR_EXPANSION_MARKET_TRADER_CLOTHING])" in market zone "The Hill" (pos=<7529.135742, 89.198120, 4610.044922>).
11:36:10.613 [Market] Player "Morningstar1980" (id=83imqfZkH-LpiTXHx7j8zism8xnbt8wuFtwNyuJW7Fw=) has sold bz_hex3_top x1 at the trader "Clothing (Quinn [#STR_EXPANSION_MARKET_TRADER_CLOTHING])" in market zone "The Hill" (pos=<7529.135742, 89.198120, 4610.044922>) and got 7000.
11:36:12.246 [Market] Player "Morningstar1980" (id=83imqfZkH-LpiTXHx7j8zism8xnbt8wuFtwNyuJW7Fw=) has send a requested to sell bz_razor_top x1 at the trader "Clothing (Quinn [#STR_EXPANSION_MARKET_TRADER_CLOTHING])" in market zone "The Hill" (pos=<7529.135742, 89.198120, 4610.044922>).
11:36:12.335 [Market] Player "Morningstar1980" (id=83imqfZkH-LpiTXHx7j8zism8xnbt8wuFtwNyuJW7Fw=) has sold bz_razor_top x1 at the trader "Clothing (Quinn [#STR_EXPANSION_MARKET_TRADER_CLOTHING])" in market zone "The Hill" (pos=<7529.135742, 89.198120, 4610.044922>) and got 7000.
11:36:13.460 [Market] Player "Morningstar1980" (id=83imqfZkH-LpiTXHx7j8zism8xnbt8wuFtwNyuJW7Fw=) has send a requested to sell bz_snake_top x1 at the trader "Clothing (Quinn [#STR_EXPANSION_MARKET_TRADER_CLOTHING])" in market zone "The Hill" (pos=<7529.135742, 89.198120, 4610.044922>).
11:36:13.609 [Market] Player "Morningstar1980" (id=83imqfZkH-LpiTXHx7j8zism8xnbt8wuFtwNyuJW7Fw=) has sold bz_snake_top x1 at the trader "Clothing (Quinn [#STR_EXPANSION_MARKET_TRADER_CLOTHING])" in market zone "The Hill" (pos=<7529.135742, 89.198120, 4610.044922>) and got 7000.
11:36:14.609 [Market] Player "Morningstar1980" (id=83imqfZkH-LpiTXHx7j8zism8xnbt8wuFtwNyuJW7Fw=) has send a requested to sell bz_wtiger_top x1 at the trader "Clothing (Quinn [#STR_EXPANSION_MARKET_TRADER_CLOTHING])" in market zone "The Hill" (pos=<7529.135742, 89.198120, 4610.044922>).
11:36:14.703 [Market] Player "Morningstar1980" (id=83imqfZkH-LpiTXHx7j8zism8xnbt8wuFtwNyuJW7Fw=) has sold bz_wtiger_top x1 at the trader "Clothing (Quinn [#STR_EXPANSION_MARKET_TRADER_CLOTHING])" in market zone "The Hill" (pos=<7529.135742, 89.198120, 4610.044922>) and got 7000.
11:36:20.046 [Market] Player "Morningstar1980" (id=83imqfZkH-LpiTXHx7j8zism8xnbt8wuFtwNyuJW7Fw=) has send a requested to sell bz_crypto_pants x1 at the trader "Clothing (Quinn [#STR_EXPANSION_MARKET_TRADER_CLOTHING])" in market zone "The Hill" (pos=<7529.135742, 89.198120, 4610.044922>).
11:36:20.167 [Market] Player "Morningstar1980" (id=83imqfZkH-LpiTXHx7j8zism8xnbt8wuFtwNyuJW7Fw=) has sold bz_crypto_pants x1 at the trader "Clothing (Quinn [#STR_EXPANSION_MARKET_TRADER_CLOTHING])" in market zone "The Hill" (pos=<7529.135742, 89.198120, 4610.044922>) and got 7000.
11:36:21.164 [Market] Player "Morningstar1980" (id=83imqfZkH-LpiTXHx7j8zism8xnbt8wuFtwNyuJW7Fw=) has send a requested to sell bz_deathnote_pants x1 at the trader "Clothing (Quinn [#STR_EXPANSION_MARKET_TRADER_CLOTHING])" in market zone "The Hill" (pos=<7529.135742, 89.198120, 4610.044922>).
11:36:21.257 [Market] Player "Morningstar1980" (id=83imqfZkH-LpiTXHx7j8zism8xnbt8wuFtwNyuJW7Fw=) has sold bz_deathnote_pants x1 at the trader "Clothing (Quinn [#STR_EXPANSION_MARKET_TRADER_CLOTHING])" in market zone "The Hill" (pos=<7529.135742, 89.198120, 4610.044922>) and got 7000.
11:36:22.164 [Market] Player "Morningstar1980" (id=83imqfZkH-LpiTXHx7j8zism8xnbt8wuFtwNyuJW7Fw=) has send a requested to sell bz_math_pants x1 at the trader "Clothing (Quinn [#STR_EXPANSION_MARKET_TRADER_CLOTHING])" in market zone "The Hill" (pos=<7529.135742, 89.198120, 4610.044922>).
11:36:22.257 [Market] Player "Morningstar1980" (id=83imqfZkH-LpiTXHx7j8zism8xnbt8wuFtwNyuJW7Fw=) has sold bz_math_pants x1 at the trader "Clothing (Quinn [#STR_EXPANSION_MARKET_TRADER_CLOTHING])" in market zone "The Hill" (pos=<7529.135742, 89.198120, 4610.044922>) and got 7000.
11:36:23.242 [Market] Player "Morningstar1980" (id=83imqfZkH-LpiTXHx7j8zism8xnbt8wuFtwNyuJW7Fw=) has send a requested to sell bz_matrix_pants x1 at the trader "Clothing (Quinn [#STR_EXPANSION_MARKET_TRADER_CLOTHING])" in market zone "The Hill" (pos=<7529.135742, 89.198120, 4610.044922>).
11:36:23.335 [Market] Player "Morningstar1980" (id=83imqfZkH-LpiTXHx7j8zism8xnbt8wuFtwNyuJW7Fw=) has sold bz_matrix_pants x1 at the trader "Clothing (Quinn [#STR_EXPANSION_MARKET_TRADER_CLOTHING])" in market zone "The Hill" (pos=<7529.135742, 89.198120, 4610.044922>) and got 7000.
11:36:24.167 [Market] Player "Morningstar1980" (id=83imqfZkH-LpiTXHx7j8zism8xnbt8wuFtwNyuJW7Fw=) has send a requested to sell bz_money_pants x1 at the trader "Clothing (Quinn [#STR_EXPANSION_MARKET_TRADER_CLOTHING])" in market zone "The Hill" (pos=<7529.135742, 89.198120, 4610.044922>).
11:36:24.257 [Market] Player "Morningstar1980" (id=83imqfZkH-LpiTXHx7j8zism8xnbt8wuFtwNyuJW7Fw=) has sold bz_money_pants x1 at the trader "Clothing (Quinn [#STR_EXPANSION_MARKET_TRADER_CLOTHING])" in market zone "The Hill" (pos=<7529.135742, 89.198120, 4610.044922>) and got 7000.
11:36:25.062 [Market] Player "Morningstar1980" (id=83imqfZkH-LpiTXHx7j8zism8xnbt8wuFtwNyuJW7Fw=) has send a requested to sell bz_snake_pants x1 at the trader "Clothing (Quinn [#STR_EXPANSION_MARKET_TRADER_CLOTHING])" in market zone "The Hill" (pos=<7529.135742, 89.198120, 4610.044922>).
11:36:25.160 [Market] Player "Morningstar1980" (id=83imqfZkH-LpiTXHx7j8zism8xnbt8wuFtwNyuJW7Fw=) has sold bz_snake_pants x1 at the trader "Clothing (Quinn [#STR_EXPANSION_MARKET_TRADER_CLOTHING])" in market zone "The Hill" (pos=<7529.135742, 89.198120, 4610.044922>) and got 7000.
11:36:25.933 [Market] Player "Morningstar1980" (id=83imqfZkH-LpiTXHx7j8zism8xnbt8wuFtwNyuJW7Fw=) has send a requested to sell bz_ucp_pants x1 at the trader "Clothing (Quinn [#STR_EXPANSION_MARKET_TRADER_CLOTHING])" in market zone "The Hill" (pos=<7529.135742, 89.198120, 4610.044922>).
11:36:26.062 [Market] Player "Morningstar1980" (id=83imqfZkH-LpiTXHx7j8zism8xnbt8wuFtwNyuJW7Fw=) has sold bz_ucp_pants x1 at the trader "Clothing (Quinn [#STR_EXPANSION_MARKET_TRADER_CLOTHING])" in market zone "The Hill" (pos=<7529.135742, 89.198120, 4610.044922>) and got 7000.
11:36:39.433 [Market] Player "Morningstar1980" (id=83imqfZkH-LpiTXHx7j8zism8xnbt8wuFtwNyuJW7Fw=) has send a requested to sell cp_emptybag x1 at the trader "Drugs (Lewis [#DRUGS])" in market zone "The Hill" (pos=<7529.135742, 89.198120, 4610.044922>).
11:36:39.515 [Market] Player "Morningstar1980" (id=83imqfZkH-LpiTXHx7j8zism8xnbt8wuFtwNyuJW7Fw=) has sold cp_emptybag x1 at the trader "Drugs (Lewis [#DRUGS])" in market zone "The Hill" (pos=<7529.135742, 89.198120, 4610.044922>) and got 37.
11:36:41.070 [Market] Player "Morningstar1980" (id=83imqfZkH-LpiTXHx7j8zism8xnbt8wuFtwNyuJW7Fw=) has send a requested to sell cp_emptybag x1 at the trader "Drugs (Lewis [#DRUGS])" in market zone "The Hill" (pos=<7529.135742, 89.198120, 4610.044922>).
11:36:41.171 [Market] Player "Morningstar1980" (id=83imqfZkH-LpiTXHx7j8zism8xnbt8wuFtwNyuJW7Fw=) has sold cp_emptybag x1 at the trader "Drugs (Lewis [#DRUGS])" in market zone "The Hill" (pos=<7529.135742, 89.198120, 4610.044922>) and got 37.
11:36:41.585 [Market] Player "Morningstar1980" (id=83imqfZkH-LpiTXHx7j8zism8xnbt8wuFtwNyuJW7Fw=) has send a requested to sell cp_emptybag x1 at the trader "Drugs (Lewis [#DRUGS])" in market zone "The Hill" (pos=<7529.135742, 89.198120, 4610.044922>).
11:36:41.699 [Market] Player "Morningstar1980" (id=83imqfZkH-LpiTXHx7j8zism8xnbt8wuFtwNyuJW7Fw=) has sold cp_emptybag x1 at the trader "Drugs (Lewis [#DRUGS])" in market zone "The Hill" (pos=<7529.135742, 89.198120, 4610.044922>) and got 37.
11:36:42.199 [Market] Player "Morningstar1980" (id=83imqfZkH-LpiTXHx7j8zism8xnbt8wuFtwNyuJW7Fw=) has send a requested to sell cp_emptybag x1 at the trader "Drugs (Lewis [#DRUGS])" in market zone "The Hill" (pos=<7529.135742, 89.198120, 4610.044922>).
11:36:42.304 [Market] Player "Morningstar1980" (id=83imqfZkH-LpiTXHx7j8zism8xnbt8wuFtwNyuJW7Fw=) has sold cp_emptybag x1 at the trader "Drugs (Lewis [#DRUGS])" in market zone "The Hill" (pos=<7529.135742, 89.198120, 4610.044922>) and got 37.
11:36:42.746 [Market] Player "Morningstar1980" (id=83imqfZkH-LpiTXHx7j8zism8xnbt8wuFtwNyuJW7Fw=) has send a requested to sell cp_emptybag x1 at the trader "Drugs (Lewis [#DRUGS])" in market zone "The Hill" (pos=<7529.135742, 89.198120, 4610.044922>).
11:36:42.843 [Market] Player "Morningstar1980" (id=83imqfZkH-LpiTXHx7j8zism8xnbt8wuFtwNyuJW7Fw=) has sold cp_emptybag x1 at the trader "Drugs (Lewis [#DRUGS])" in market zone "The Hill" (pos=<7529.135742, 89.198120, 4610.044922>) and got 37.
11:36:43.046 [Market] Player "Morningstar1980" (id=83imqfZkH-LpiTXHx7j8zism8xnbt8wuFtwNyuJW7Fw=) has send a requested to sell cp_emptybag x1 at the trader "Drugs (Lewis [#DRUGS])" in market zone "The Hill" (pos=<7529.135742, 89.198120, 4610.044922>).
11:36:43.175 [Market] Player "Morningstar1980" (id=83imqfZkH-LpiTXHx7j8zism8xnbt8wuFtwNyuJW7Fw=) has sold cp_emptybag x1 at the trader "Drugs (Lewis [#DRUGS])" in market zone "The Hill" (pos=<7529.135742, 89.198120, 4610.044922>) and got 37.
11:36:43.476 [Market] Player "Morningstar1980" (id=83imqfZkH-LpiTXHx7j8zism8xnbt8wuFtwNyuJW7Fw=) has send a requested to sell cp_emptybag x1 at the trader "Drugs (Lewis [#DRUGS])" in market zone "The Hill" (pos=<7529.135742, 89.198120, 4610.044922>).
11:36:43.574 [Market] Player "Morningstar1980" (id=83imqfZkH-LpiTXHx7j8zism8xnbt8wuFtwNyuJW7Fw=) has sold cp_emptybag x1 at the trader "Drugs (Lewis [#DRUGS])" in market zone "The Hill" (pos=<7529.135742, 89.198120, 4610.044922>) and got 37.
11:36:44.109 [Market] Player "Morningstar1980" (id=83imqfZkH-LpiTXHx7j8zism8xnbt8wuFtwNyuJW7Fw=) has send a requested to sell cp_emptybag x1 at the trader "Drugs (Lewis [#DRUGS])" in market zone "The Hill" (pos=<7529.135742, 89.198120, 4610.044922>).
11:36:44.187 [Market] Player "Morningstar1980" (id=83imqfZkH-LpiTXHx7j8zism8xnbt8wuFtwNyuJW7Fw=) has sold cp_emptybag x1 at the trader "Drugs (Lewis [#DRUGS])" in market zone "The Hill" (pos=<7529.135742, 89.198120, 4610.044922>) and got 37.
11:36:44.531 [Market] Player "Morningstar1980" (id=83imqfZkH-LpiTXHx7j8zism8xnbt8wuFtwNyuJW7Fw=) has send a requested to sell cp_emptybag x1 at the trader "Drugs (Lewis [#DRUGS])" in market zone "The Hill" (pos=<7529.135742, 89.198120, 4610.044922>).
11:36:44.621 [Market] Player "Morningstar1980" (id=83imqfZkH-LpiTXHx7j8zism8xnbt8wuFtwNyuJW7Fw=) has sold cp_emptybag x1 at the trader "Drugs (Lewis [#DRUGS])" in market zone "The Hill" (pos=<7529.135742, 89.198120, 4610.044922>) and got 37.
11:36:44.953 [Market] Player "Morningstar1980" (id=83imqfZkH-LpiTXHx7j8zism8xnbt8wuFtwNyuJW7Fw=) has send a requested to sell cp_emptybag x1 at the trader "Drugs (Lewis [#DRUGS])" in market zone "The Hill" (pos=<7529.135742, 89.198120, 4610.044922>).
11:36:45.031 [Market] Player "Morningstar1980" (id=83imqfZkH-LpiTXHx7j8zism8xnbt8wuFtwNyuJW7Fw=) has sold cp_emptybag x1 at the trader "Drugs (Lewis [#DRUGS])" in market zone "The Hill" (pos=<7529.135742, 89.198120, 4610.044922>) and got 37.
11:36:45.507 [Market] Player "Morningstar1980" (id=83imqfZkH-LpiTXHx7j8zism8xnbt8wuFtwNyuJW7Fw=) has send a requested to sell cp_emptybag x1 at the trader "Drugs (Lewis [#DRUGS])" in market zone "The Hill" (pos=<7529.135742, 89.198120, 4610.044922>).
11:36:45.648 [Market] Player "Morningstar1980" (id=83imqfZkH-LpiTXHx7j8zism8xnbt8wuFtwNyuJW7Fw=) has sold cp_emptybag x1 at the trader "Drugs (Lewis [#DRUGS])" in market zone "The Hill" (pos=<7529.135742, 89.198120, 4610.044922>) and got 37.
11:36:46.121 [Market] Player "Morningstar1980" (id=83imqfZkH-LpiTXHx7j8zism8xnbt8wuFtwNyuJW7Fw=) has send a requested to sell cp_emptybag x1 at the trader "Drugs (Lewis [#DRUGS])" in market zone "The Hill" (pos=<7529.135742, 89.198120, 4610.044922>).
11:36:46.242 [Market] Player "Morningstar1980" (id=83imqfZkH-LpiTXHx7j8zism8xnbt8wuFtwNyuJW7Fw=) has sold cp_emptybag x1 at the trader "Drugs (Lewis [#DRUGS])" in market zone "The Hill" (pos=<7529.135742, 89.198120, 4610.044922>) and got 37.
11:36:46.625 [Market] Player "Morningstar1980" (id=83imqfZkH-LpiTXHx7j8zism8xnbt8wuFtwNyuJW7Fw=) has send a requested to sell cp_emptybag x1 at the trader "Drugs (Lewis [#DRUGS])" in market zone "The Hill" (pos=<7529.135742, 89.198120, 4610.044922>).
11:36:46.726 [Market] Player "Morningstar1980" (id=83imqfZkH-LpiTXHx7j8zism8xnbt8wuFtwNyuJW7Fw=) has sold cp_emptybag x1 at the trader "Drugs (Lewis [#DRUGS])" in market zone "The Hill" (pos=<7529.135742, 89.198120, 4610.044922>) and got 37.
11:36:47.253 [Market] Player "Morningstar1980" (id=83imqfZkH-LpiTXHx7j8zism8xnbt8wuFtwNyuJW7Fw=) has send a requested to sell cp_emptybag x1 at the trader "Drugs (Lewis [#DRUGS])" in market zone "The Hill" (pos=<7529.135742, 89.198120, 4610.044922>).
11:36:47.351 [Market] Player "Morningstar1980" (id=83imqfZkH-LpiTXHx7j8zism8xnbt8wuFtwNyuJW7Fw=) has sold cp_emptybag x1 at the trader "Drugs (Lewis [#DRUGS])" in market zone "The Hill" (pos=<7529.135742, 89.198120, 4610.044922>) and got 37.
11:36:48.359 [Market] Player "Morningstar1980" (id=83imqfZkH-LpiTXHx7j8zism8xnbt8wuFtwNyuJW7Fw=) has send a requested to sell cp_cannabisseedspackskunk x1 at the trader "Drugs (Lewis [#DRUGS])" in market zone "The Hill" (pos=<7529.135742, 89.198120, 4610.044922>).
11:36:48.480 [Market] Player "Morningstar1980" (id=83imqfZkH-LpiTXHx7j8zism8xnbt8wuFtwNyuJW7Fw=) has sold cp_cannabisseedspackskunk x1 at the trader "Drugs (Lewis [#DRUGS])" in market zone "The Hill" (pos=<7529.135742, 89.198120, 4610.044922>) and got 562.
11:36:49.234 [Market] Player "Morningstar1980" (id=83imqfZkH-LpiTXHx7j8zism8xnbt8wuFtwNyuJW7Fw=) has send a requested to sell cp_cannabisseedspackstardawg x1 at the trader "Drugs (Lewis [#DRUGS])" in market zone "The Hill" (pos=<7529.135742, 89.198120, 4610.044922>).
11:36:49.324 [Market] Player "Morningstar1980" (id=83imqfZkH-LpiTXHx7j8zism8xnbt8wuFtwNyuJW7Fw=) has sold cp_cannabisseedspackstardawg x1 at the trader "Drugs (Lewis [#DRUGS])" in market zone "The Hill" (pos=<7529.135742, 89.198120, 4610.044922>) and got 281.
11:37:03.058 [Market] Player "Morningstar1980" (id=83imqfZkH-LpiTXHx7j8zism8xnbt8wuFtwNyuJW7Fw=) has send a requested to sell bz_tacthelmet_pa x1 at the trader "Clothing_Accessories (Maria [#STR_EXPANSION_MARKET_TRADER_CLOTHING_ACCESSORIES])" in market zone "The Hill" (pos=<7529.135742, 89.198120, 4610.044922>).
11:37:03.152 [Market] Player "Morningstar1980" (id=83imqfZkH-LpiTXHx7j8zism8xnbt8wuFtwNyuJW7Fw=) has sold bz_tacthelmet_pa x1 at the trader "Clothing_Accessories (Maria [#STR_EXPANSION_MARKET_TRADER_CLOTHING_ACCESSORIES])" in market zone "The Hill" (pos=<7529.135742, 89.198120, 4610.044922>) and got 750.
11:37:08.968 [Market] Player "Morningstar1980" (id=83imqfZkH-LpiTXHx7j8zism8xnbt8wuFtwNyuJW7Fw=) has send a requested to sell bz_tactgloves_alpine x1 at the trader "Clothing_Accessories (Maria [#STR_EXPANSION_MARKET_TRADER_CLOTHING_ACCESSORIES])" in market zone "The Hill" (pos=<7529.135742, 89.198120, 4610.044922>).
11:37:09.050 [Market] Player "Morningstar1980" (id=83imqfZkH-LpiTXHx7j8zism8xnbt8wuFtwNyuJW7Fw=) has sold bz_tactgloves_alpine x1 at the trader "Clothing_Accessories (Maria [#STR_EXPANSION_MARKET_TRADER_CLOTHING_ACCESSORIES])" in market zone "The Hill" (pos=<7529.135742, 89.198120, 4610.044922>) and got 3000.
11:37:13.441 [Market] Player "Morningstar1980" (id=83imqfZkH-LpiTXHx7j8zism8xnbt8wuFtwNyuJW7Fw=) has send a requested to sell bz_vest_alpine x1 at the trader "Clothing_Accessories (Maria [#STR_EXPANSION_MARKET_TRADER_CLOTHING_ACCESSORIES])" in market zone "The Hill" (pos=<7529.135742, 89.198120, 4610.044922>).
11:37:13.562 [Market] Player "Morningstar1980" (id=83imqfZkH-LpiTXHx7j8zism8xnbt8wuFtwNyuJW7Fw=) has sold bz_vest_alpine x1 at the trader "Clothing_Accessories (Maria [#STR_EXPANSION_MARKET_TRADER_CLOTHING_ACCESSORIES])" in market zone "The Hill" (pos=<7529.135742, 89.198120, 4610.044922>) and got 4250.
11:37:14.574 [Market] Player "Morningstar1980" (id=83imqfZkH-LpiTXHx7j8zism8xnbt8wuFtwNyuJW7Fw=) has send a requested to sell bz_vest_alpine x1 at the trader "Clothing_Accessories (Maria [#STR_EXPANSION_MARKET_TRADER_CLOTHING_ACCESSORIES])" in market zone "The Hill" (pos=<7529.135742, 89.198120, 4610.044922>).
11:37:14.671 [Market] Player "Morningstar1980" (id=83imqfZkH-LpiTXHx7j8zism8xnbt8wuFtwNyuJW7Fw=) has sold bz_vest_alpine x1 at the trader "Clothing_Accessories (Maria [#STR_EXPANSION_MARKET_TRADER_CLOTHING_ACCESSORIES])" in market zone "The Hill" (pos=<7529.135742, 89.198120, 4610.044922>) and got 6375.
11:37:15.300 [Market] Player "Morningstar1980" (id=83imqfZkH-LpiTXHx7j8zism8xnbt8wuFtwNyuJW7Fw=) has send a requested to sell bz_vest_joker x1 at the trader "Clothing_Accessories (Maria [#STR_EXPANSION_MARKET_TRADER_CLOTHING_ACCESSORIES])" in market zone "The Hill" (pos=<7529.135742, 89.198120, 4610.044922>).
11:37:15.402 [Market] Player "Morningstar1980" (id=83imqfZkH-LpiTXHx7j8zism8xnbt8wuFtwNyuJW7Fw=) has sold bz_vest_joker x1 at the trader "Clothing_Accessories (Maria [#STR_EXPANSION_MARKET_TRADER_CLOTHING_ACCESSORIES])" in market zone "The Hill" (pos=<7529.135742, 89.198120, 4610.044922>) and got 8500.
11:37:16.136 [Market] Player "Morningstar1980" (id=83imqfZkH-LpiTXHx7j8zism8xnbt8wuFtwNyuJW7Fw=) has send a requested to sell bz_vest_money x1 at the trader "Clothing_Accessories (Maria [#STR_EXPANSION_MARKET_TRADER_CLOTHING_ACCESSORIES])" in market zone "The Hill" (pos=<7529.135742, 89.198120, 4610.044922>).
11:37:16.246 [Market] Player "Morningstar1980" (id=83imqfZkH-LpiTXHx7j8zism8xnbt8wuFtwNyuJW7Fw=) has sold bz_vest_money x1 at the trader "Clothing_Accessories (Maria [#STR_EXPANSION_MARKET_TRADER_CLOTHING_ACCESSORIES])" in market zone "The Hill" (pos=<7529.135742, 89.198120, 4610.044922>) and got 8500.
11:37:16.960 [Market] Player "Morningstar1980" (id=83imqfZkH-LpiTXHx7j8zism8xnbt8wuFtwNyuJW7Fw=) has send a requested to sell bz_vest_money x1 at the trader "Clothing_Accessories (Maria [#STR_EXPANSION_MARKET_TRADER_CLOTHING_ACCESSORIES])" in market zone "The Hill" (pos=<7529.135742, 89.198120, 4610.044922>).
11:37:17.054 [Market] Player "Morningstar1980" (id=83imqfZkH-LpiTXHx7j8zism8xnbt8wuFtwNyuJW7Fw=) has sold bz_vest_money x1 at the trader "Clothing_Accessories (Maria [#STR_EXPANSION_MARKET_TRADER_CLOTHING_ACCESSORIES])" in market zone "The Hill" (pos=<7529.135742, 89.198120, 4610.044922>) and got 2125.
11:37:17.820 [Market] Player "Morningstar1980" (id=83imqfZkH-LpiTXHx7j8zism8xnbt8wuFtwNyuJW7Fw=) has send a requested to sell bz_vest_redcamo x1 at the trader "Clothing_Accessories (Maria [#STR_EXPANSION_MARKET_TRADER_CLOTHING_ACCESSORIES])" in market zone "The Hill" (pos=<7529.135742, 89.198120, 4610.044922>).
11:37:17.957 [Market] Player "Morningstar1980" (id=83imqfZkH-LpiTXHx7j8zism8xnbt8wuFtwNyuJW7Fw=) has sold bz_vest_redcamo x1 at the trader "Clothing_Accessories (Maria [#STR_EXPANSION_MARKET_TRADER_CLOTHING_ACCESSORIES])" in market zone "The Hill" (pos=<7529.135742, 89.198120, 4610.044922>) and got 6375.
11:37:18.617 [Market] Player "Morningstar1980" (id=83imqfZkH-LpiTXHx7j8zism8xnbt8wuFtwNyuJW7Fw=) has send a requested to sell bz_vest_vietnam x1 at the trader "Clothing_Accessories (Maria [#STR_EXPANSION_MARKET_TRADER_CLOTHING_ACCESSORIES])" in market zone "The Hill" (pos=<7529.135742, 89.198120, 4610.044922>).
11:37:18.710 [Market] Player "Morningstar1980" (id=83imqfZkH-LpiTXHx7j8zism8xnbt8wuFtwNyuJW7Fw=) has sold bz_vest_vietnam x1 at the trader "Clothing_Accessories (Maria [#STR_EXPANSION_MARKET_TRADER_CLOTHING_ACCESSORIES])" in market zone "The Hill" (pos=<7529.135742, 89.198120, 4610.044922>) and got 6375.
11:37:31.539 [ATM] Player "Morningstar1980" (id=83imqfZkH-LpiTXHx7j8zism8xnbt8wuFtwNyuJW7Fw=) has deposited 526817 on his ATM account.
11:51:05.097 [ATM] Player "Morningstar1980" (id=83imqfZkH-LpiTXHx7j8zism8xnbt8wuFtwNyuJW7Fw=) has withdrawn 600 from his ATM account.
11:51:22.906 [Market] Player "Morningstar1980" (id=83imqfZkH-LpiTXHx7j8zism8xnbt8wuFtwNyuJW7Fw=) has send a requested to purchase hatchbackwheel x1 from the trader "Vehicle_Parts (Oliver [#STR_EXPANSION_MARKET_TRADER_VEHICLE_PARTS])" in market zone "The Hill" (pos=<7529.135742, 89.198120, 4610.044922>).
11:51:23.003 [Market] Player "Morningstar1980" (id=83imqfZkH-LpiTXHx7j8zism8xnbt8wuFtwNyuJW7Fw=) has bought hatchbackwheel x1 from the trader "Vehicle_Parts (Oliver [#STR_EXPANSION_MARKET_TRADER_VEHICLE_PARTS])" in market zone "The Hill" (pos=<7529.135742, 89.198120, 4610.044922>) for a price of 500.
11:53:41.578 [ATM] Player "Morningstar1980" (id=83imqfZkH-LpiTXHx7j8zism8xnbt8wuFtwNyuJW7Fw=) has deposited 100 on his ATM account.
11:53:47.984 [ATM] Player "Morningstar1980" (id=83imqfZkH-LpiTXHx7j8zism8xnbt8wuFtwNyuJW7Fw=) has withdrawn 25000 from his ATM account.
11:54:21.066 [Market] Player "Morningstar1980" (id=83imqfZkH-LpiTXHx7j8zism8xnbt8wuFtwNyuJW7Fw=) has send a requested to purchase bz_firstaid_kit x1 from the trader "Special (Indar [#STR_EXPANSION_MARKET_TRADER_SPECIAL])" in market zone "The Hill" (pos=<7529.135742, 89.198120, 4610.044922>).
11:54:21.164 [Market] Player "Morningstar1980" (id=83imqfZkH-LpiTXHx7j8zism8xnbt8wuFtwNyuJW7Fw=) has bought bz_firstaid_kit x1 from the trader "Special (Indar [#STR_EXPANSION_MARKET_TRADER_SPECIAL])" in market zone "The Hill" (pos=<7529.135742, 89.198120, 4610.044922>) for a price of 5000.
11:54:26.414 [Market] Player "Morningstar1980" (id=83imqfZkH-LpiTXHx7j8zism8xnbt8wuFtwNyuJW7Fw=) has send a requested to purchase bz_belt x1 from the trader "Special (Indar [#STR_EXPANSION_MARKET_TRADER_SPECIAL])" in market zone "The Hill" (pos=<7529.135742, 89.198120, 4610.044922>).
11:54:26.515 [Market] Player "Morningstar1980" (id=83imqfZkH-LpiTXHx7j8zism8xnbt8wuFtwNyuJW7Fw=) has bought bz_belt x1 from the trader "Special (Indar [#STR_EXPANSION_MARKET_TRADER_SPECIAL])" in market zone "The Hill" (pos=<7529.135742, 89.198120, 4610.044922>) for a price of 5000.
11:54:35.679 [Market] Player "Morningstar1980" (id=83imqfZkH-LpiTXHx7j8zism8xnbt8wuFtwNyuJW7Fw=) has send a requested to purchase bz_firstaid_kit x1 from the trader "Special (Indar [#STR_EXPANSION_MARKET_TRADER_SPECIAL])" in market zone "The Hill" (pos=<7529.135742, 89.198120, 4610.044922>).
11:54:35.777 [Market] Player "Morningstar1980" (id=83imqfZkH-LpiTXHx7j8zism8xnbt8wuFtwNyuJW7Fw=) has bought bz_firstaid_kit x1 from the trader "Special (Indar [#STR_EXPANSION_MARKET_TRADER_SPECIAL])" in market zone "The Hill" (pos=<7529.135742, 89.198120, 4610.044922>) for a price of 5000.
11:54:39.738 [Market] Player "Morningstar1980" (id=83imqfZkH-LpiTXHx7j8zism8xnbt8wuFtwNyuJW7Fw=) has send a requested to purchase bz_ifak_black x1 from the trader "Special (Indar [#STR_EXPANSION_MARKET_TRADER_SPECIAL])" in market zone "The Hill" (pos=<7529.135742, 89.198120, 4610.044922>).
11:54:39.820 [Market] Player "Morningstar1980" (id=83imqfZkH-LpiTXHx7j8zism8xnbt8wuFtwNyuJW7Fw=) has bought bz_ifak_black x1 from the trader "Special (Indar [#STR_EXPANSION_MARKET_TRADER_SPECIAL])" in market zone "The Hill" (pos=<7529.135742, 89.198120, 4610.044922>) for a price of 5000.
11:55:01.667 [Market] Player "Morningstar1980" (id=83imqfZkH-LpiTXHx7j8zism8xnbt8wuFtwNyuJW7Fw=) has send a requested to purchase bz_pot x1 from the trader "Special (Indar [#STR_EXPANSION_MARKET_TRADER_SPECIAL])" in market zone "The Hill" (pos=<7529.135742, 89.198120, 4610.044922>).
11:55:01.769 [Market] Player "Morningstar1980" (id=83imqfZkH-LpiTXHx7j8zism8xnbt8wuFtwNyuJW7Fw=) has bought bz_pot x1 from the trader "Special (Indar [#STR_EXPANSION_MARKET_TRADER_SPECIAL])" in market zone "The Hill" (pos=<7529.135742, 89.198120, 4610.044922>) for a price of 5000.
12:24:04.710 [MissionAirdrop] An airdrop is heading towards "Warren-Cove" (pos=<6924.000000, 0.000000, 5473.000000> type=Random_Warren-Cove) with a ExpansionAirdropContainer_Medical
13:51:39.750 [Safezone] Player "Morningstar1980" (id=83imqfZkH-LpiTXHx7j8zism8xnbt8wuFtwNyuJW7Fw= pos=<7533.869629, 88.758667, 4575.039551>) Entered the safezone
13:51:39.761 [Expansion Quests] - InitQuestSystemClient - Loaded existing player quest data for player with UID: 83imqfZkH-LpiTXHx7j8zism8xnbt8wuFtwNyuJW7Fw=
13:51:39.761 [Expansion Quests] - Create new quest instance for quest: 8 - Player UID: 83imqfZkH-LpiTXHx7j8zism8xnbt8wuFtwNyuJW7Fw=
13:51:39.761 [Expansion Quests] - Create new quest instance for quest: 9 - Player UID: 83imqfZkH-LpiTXHx7j8zism8xnbt8wuFtwNyuJW7Fw=
13:51:39.765 [Expansion Quests] - Create new quest instance for quest: 11 - Player UID: 83imqfZkH-LpiTXHx7j8zism8xnbt8wuFtwNyuJW7Fw=
13:51:39.765 [AI Patrol] Spawning 2 East bots at <7542.491699, 23.902979, 3920.608398>
13:52:35.304 [Safezone] Player "Morningstar1980" (id=83imqfZkH-LpiTXHx7j8zism8xnbt8wuFtwNyuJW7Fw= pos=<7574.348145, 45.679188, 4348.116211>) Left the safezone
13:52:37.972 [MissionAirdrop] An airdrop is heading towards "Hazelands" (pos=<4539.000000, 0.000000, 2317.000000> type=Random_Hazelands) with a ExpansionAirdropContainer_Military
14:10:00.562 [VehicleEnter] Player Morningstar1980 [uid=83imqfZkH-LpiTXHx7j8zism8xnbt8wuFtwNyuJW7Fw=] entered vehicle Ada 4x4 (id=9685A4F2CA4823F4C1B8F785AE5CFD00 pos=<7168.727051, 7.929729, 1517.439453>) as driver
14:10:03.335 [VehicleEngine] Player Morningstar1980 [uid=83imqfZkH-LpiTXHx7j8zism8xnbt8wuFtwNyuJW7Fw=] started vehicle Ada 4x4 (id=9685A4F2CA4823F4C1B8F785AE5CFD00 pos=<7168.727051, 7.929730, 1517.439697>)
14:10:32.054 [VehicleEngine] Player Morningstar1980 [uid=83imqfZkH-LpiTXHx7j8zism8xnbt8wuFtwNyuJW7Fw=] stopped vehicle Ada 4x4 (id=9685A4F2CA4823F4C1B8F785AE5CFD00 pos=<7212.675293, 8.626329, 1593.655884>)
14:10:37.707 [VehicleLeave] Player Morningstar1980 [uid=83imqfZkH-LpiTXHx7j8zism8xnbt8wuFtwNyuJW7Fw=] left vehicle Ada 4x4 (id=9685A4F2CA4823F4C1B8F785AE5CFD00 pos=<7212.675293, 8.626323, 1593.655884>)
14:12:43.789 [VehicleEnter] Player Morningstar1980 [uid=83imqfZkH-LpiTXHx7j8zism8xnbt8wuFtwNyuJW7Fw=] entered vehicle Ada 4x4 (id=9685A4F2CA4823F4C1B8F785AE5CFD00 pos=<7212.675293, 8.626322, 1593.656006>) as driver
14:12:47.046 [VehicleLeave] Player Morningstar1980 [uid=83imqfZkH-LpiTXHx7j8zism8xnbt8wuFtwNyuJW7Fw=] left vehicle Ada 4x4 (id=9685A4F2CA4823F4C1B8F785AE5CFD00 pos=<7212.675293, 8.626322, 1593.655762>)
14:17:29.230 [VehicleEnter] Player Morningstar1980 [uid=83imqfZkH-LpiTXHx7j8zism8xnbt8wuFtwNyuJW7Fw=] entered vehicle Ada 4x4 (id=9685A4F2CA4823F4C1B8F785AE5CFD00 pos=<7212.675293, 8.626326, 1593.656128>) as driver
14:17:31.906 [VehicleEngine] Player Morningstar1980 [uid=83imqfZkH-LpiTXHx7j8zism8xnbt8wuFtwNyuJW7Fw=] started vehicle Ada 4x4 (id=9685A4F2CA4823F4C1B8F785AE5CFD00 pos=<7212.675293, 8.626322, 1593.655884>)
14:19:48.125 [VehicleLeave] Player Morningstar1980 [uid=83imqfZkH-LpiTXHx7j8zism8xnbt8wuFtwNyuJW7Fw=] left vehicle Ada 4x4 (id=9685A4F2CA4823F4C1B8F785AE5CFD00 pos=<7453.649902, 24.829594, 2986.426270>)
14:20:06.960 [VehicleEnter] Player Morningstar1980 [uid=83imqfZkH-LpiTXHx7j8zism8xnbt8wuFtwNyuJW7Fw=] entered vehicle Ada 4x4 (id=9685A4F2CA4823F4C1B8F785AE5CFD00 pos=<7453.650391, 24.829586, 2986.426514>) as driver
14:20:09.656 [VehicleEngine] Player Morningstar1980 [uid=83imqfZkH-LpiTXHx7j8zism8xnbt8wuFtwNyuJW7Fw=] started vehicle Ada 4x4 (id=9685A4F2CA4823F4C1B8F785AE5CFD00 pos=<7453.650391, 24.829592, 2986.426270>)
14:22:17.308 [Safezone] Player "Morningstar1980" (id=83imqfZkH-LpiTXHx7j8zism8xnbt8wuFtwNyuJW7Fw= pos=<7712.229980, 44.743999, 4567.434570>) Entered the safezone
14:23:21.640 [VehicleEngine] Player Morningstar1980 [uid=83imqfZkH-LpiTXHx7j8zism8xnbt8wuFtwNyuJW7Fw=] stopped vehicle Ada 4x4 (id=9685A4F2CA4823F4C1B8F785AE5CFD00 pos=<7560.695313, 87.710693, 4598.791992>)
14:23:23.859 [VehicleLeave] Player Morningstar1980 [uid=83imqfZkH-LpiTXHx7j8zism8xnbt8wuFtwNyuJW7Fw=] left vehicle Ada 4x4 (id=9685A4F2CA4823F4C1B8F785AE5CFD00 pos=<7560.695313, 87.710693, 4598.791992>)
14:24:02.085 [ATM] Player "Morningstar1980" (id=83imqfZkH-LpiTXHx7j8zism8xnbt8wuFtwNyuJW7Fw=) has withdrawn 5000 from his ATM account.
14:24:19.507 [Market] Player "Morningstar1980" (id=83imqfZkH-LpiTXHx7j8zism8xnbt8wuFtwNyuJW7Fw=) has send a requested to purchase hatchbacktrunk x1 from the trader "Vehicle_Parts (Oliver [#STR_EXPANSION_MARKET_TRADER_VEHICLE_PARTS])" in market zone "The Hill" (pos=<7529.135742, 89.198120, 4610.044922>).
14:24:19.609 [Market] Player "Morningstar1980" (id=83imqfZkH-LpiTXHx7j8zism8xnbt8wuFtwNyuJW7Fw=) has bought hatchbacktrunk x1 from the trader "Vehicle_Parts (Oliver [#STR_EXPANSION_MARKET_TRADER_VEHICLE_PARTS])" in market zone "The Hill" (pos=<7529.135742, 89.198120, 4610.044922>) for a price of 380.
14:24:22.835 [Market] Player "Morningstar1980" (id=83imqfZkH-LpiTXHx7j8zism8xnbt8wuFtwNyuJW7Fw=) has send a requested to purchase hatchbackdoors_driver x1 from the trader "Vehicle_Parts (Oliver [#STR_EXPANSION_MARKET_TRADER_VEHICLE_PARTS])" in market zone "The Hill" (pos=<7529.135742, 89.198120, 4610.044922>).
14:24:22.937 [Market] Player "Morningstar1980" (id=83imqfZkH-LpiTXHx7j8zism8xnbt8wuFtwNyuJW7Fw=) has bought hatchbackdoors_driver x1 from the trader "Vehicle_Parts (Oliver [#STR_EXPANSION_MARKET_TRADER_VEHICLE_PARTS])" in market zone "The Hill" (pos=<7529.135742, 89.198120, 4610.044922>) for a price of 450.
14:24:26.789 [Market] Player "Morningstar1980" (id=83imqfZkH-LpiTXHx7j8zism8xnbt8wuFtwNyuJW7Fw=) has send a requested to purchase hatchbackhood x1 from the trader "Vehicle_Parts (Oliver [#STR_EXPANSION_MARKET_TRADER_VEHICLE_PARTS])" in market zone "The Hill" (pos=<7529.135742, 89.198120, 4610.044922>).
14:24:26.945 [Market] Player "Morningstar1980" (id=83imqfZkH-LpiTXHx7j8zism8xnbt8wuFtwNyuJW7Fw=) has bought hatchbackhood x1 from the trader "Vehicle_Parts (Oliver [#STR_EXPANSION_MARKET_TRADER_VEHICLE_PARTS])" in market zone "The Hill" (pos=<7529.135742, 89.198120, 4610.044922>) for a price of 300.
14:24:30.492 [Market] Player "Morningstar1980" (id=83imqfZkH-LpiTXHx7j8zism8xnbt8wuFtwNyuJW7Fw=) has send a requested to purchase expansioncarkey x1 from the trader "Vehicle_Parts (Oliver [#STR_EXPANSION_MARKET_TRADER_VEHICLE_PARTS])" in market zone "The Hill" (pos=<7529.135742, 89.198120, 4610.044922>).
14:24:30.609 [Market] Player "Morningstar1980" (id=83imqfZkH-LpiTXHx7j8zism8xnbt8wuFtwNyuJW7Fw=) has bought expansioncarkey x1 from the trader "Vehicle_Parts (Oliver [#STR_EXPANSION_MARKET_TRADER_VEHICLE_PARTS])" in market zone "The Hill" (pos=<7529.135742, 89.198120, 4610.044922>) for a price of 250.
14:24:56.101 [VehicleCarKey] Player "Morningstar1980" (id=83imqfZkH-LpiTXHx7j8zism8xnbt8wuFtwNyuJW7Fw= pos=<7560.735840, 87.682503, 4597.104980>) paired a  ExpansionCarKey to OffroadHatchback_Blue (id=9685A4F2CA4823F4C1B8F785AE5CFD00 pos=<7560.695313, 87.710701, 4598.791992>)
14:24:59.871 [VehicleCarKey] Player "Morningstar1980" (id=83imqfZkH-LpiTXHx7j8zism8xnbt8wuFtwNyuJW7Fw= pos=<7560.735840, 87.682503, 4597.104980>) used the  ExpansionCarKey to lock OffroadHatchback_Blue (id=9685A4F2CA4823F4C1B8F785AE5CFD00 pos=<7560.695313, 87.710701, 4598.791992>)
14:25:01.976 [VehicleCarKey] Player "Morningstar1980" (id=83imqfZkH-LpiTXHx7j8zism8xnbt8wuFtwNyuJW7Fw= pos=<7560.735840, 87.682503, 4597.104980>) used the  ExpansionCarKey to unlock OffroadHatchback_Blue (id=9685A4F2CA4823F4C1B8F785AE5CFD00 pos=<7560.695313, 87.710701, 4598.791992>)
14:25:29.875 [ATM] Player "Morningstar1980" (id=83imqfZkH-LpiTXHx7j8zism8xnbt8wuFtwNyuJW7Fw=) has deposited 3620 on his ATM account.
14:27:37.277 [VehicleEnter] Player Morningstar1980 [uid=83imqfZkH-LpiTXHx7j8zism8xnbt8wuFtwNyuJW7Fw=] entered vehicle Ada 4x4 (id=9685A4F2CA4823F4C1B8F785AE5CFD00 pos=<7560.695313, 87.710701, 4598.791992>) as driver
14:27:42.121 [VehicleEngine] Player Morningstar1980 [uid=83imqfZkH-LpiTXHx7j8zism8xnbt8wuFtwNyuJW7Fw=] started vehicle Ada 4x4 (id=9685A4F2CA4823F4C1B8F785AE5CFD00 pos=<7560.695313, 87.710701, 4598.791992>)
14:28:38.507 [Safezone] Player "Morningstar1980" (id=83imqfZkH-LpiTXHx7j8zism8xnbt8wuFtwNyuJW7Fw= pos=<7321.212402, 50.610828, 4639.397461>) Left the safezone
14:31:34.035 [Safezone] Player "Morningstar1980" (id=83imqfZkH-LpiTXHx7j8zism8xnbt8wuFtwNyuJW7Fw= pos=<7718.137695, 43.766140, 4548.282227>) Entered the safezone
14:32:46.570 [VehicleLeave] Player Morningstar1980 [uid=83imqfZkH-LpiTXHx7j8zism8xnbt8wuFtwNyuJW7Fw=] left vehicle Ada 4x4 (id=9685A4F2CA4823F4C1B8F785AE5CFD00 pos=<7562.653320, 87.674400, 4596.422852>)
14:32:53.816 [VehicleAttachments] Player Morningstar1980 (uid=83imqfZkH-LpiTXHx7j8zism8xnbt8wuFtwNyuJW7Fw=) detached Ada 4x4 Wheel (type=HatchbackWheel_Ruined) from vehicle Ada 4x4(id=9685A4F2CA4823F4C1B8F785AE5CFD00 pos=<7562.652344, 87.674294, 4596.416504>)
14:33:20.289 [Market] Player "Morningstar1980" (id=83imqfZkH-LpiTXHx7j8zism8xnbt8wuFtwNyuJW7Fw=) has send a requested to sell bz_heineken_sneakers x1 at the trader "Clothing (Quinn [#STR_EXPANSION_MARKET_TRADER_CLOTHING])" in market zone "The Hill" (pos=<7529.135742, 89.198120, 4610.044922>).
14:33:20.390 [Market] Player "Morningstar1980" (id=83imqfZkH-LpiTXHx7j8zism8xnbt8wuFtwNyuJW7Fw=) has sold bz_heineken_sneakers x1 at the trader "Clothing (Quinn [#STR_EXPANSION_MARKET_TRADER_CLOTHING])" in market zone "The Hill" (pos=<7529.135742, 89.198120, 4610.044922>) and got 7000.
14:33:53.449 [Market] Player "Morningstar1980" (id=83imqfZkH-LpiTXHx7j8zism8xnbt8wuFtwNyuJW7Fw=) has send a requested to purchase hatchbackdoors_codriver x1 from the trader "Vehicle_Parts (Oliver [#STR_EXPANSION_MARKET_TRADER_VEHICLE_PARTS])" in market zone "The Hill" (pos=<7529.135742, 89.198120, 4610.044922>).
14:33:53.601 [Market] Player "Morningstar1980" (id=83imqfZkH-LpiTXHx7j8zism8xnbt8wuFtwNyuJW7Fw=) has bought hatchbackdoors_codriver x1 from the trader "Vehicle_Parts (Oliver [#STR_EXPANSION_MARKET_TRADER_VEHICLE_PARTS])" in market zone "The Hill" (pos=<7529.135742, 89.198120, 4610.044922>) for a price of 450.
14:33:56.070 [Market] Player "Morningstar1980" (id=83imqfZkH-LpiTXHx7j8zism8xnbt8wuFtwNyuJW7Fw=) has send a requested to purchase hatchbackwheel x1 from the trader "Vehicle_Parts (Oliver [#STR_EXPANSION_MARKET_TRADER_VEHICLE_PARTS])" in market zone "The Hill" (pos=<7529.135742, 89.198120, 4610.044922>).
14:33:56.171 [Market] Player "Morningstar1980" (id=83imqfZkH-LpiTXHx7j8zism8xnbt8wuFtwNyuJW7Fw=) has bought hatchbackwheel x1 from the trader "Vehicle_Parts (Oliver [#STR_EXPANSION_MARKET_TRADER_VEHICLE_PARTS])" in market zone "The Hill" (pos=<7529.135742, 89.198120, 4610.044922>) for a price of 500.
14:33:59.117 [Market] Player "Morningstar1980" (id=83imqfZkH-LpiTXHx7j8zism8xnbt8wuFtwNyuJW7Fw=) has send a requested to purchase hatchbackwheel x1 from the trader "Vehicle_Parts (Oliver [#STR_EXPANSION_MARKET_TRADER_VEHICLE_PARTS])" in market zone "The Hill" (pos=<7529.135742, 89.198120, 4610.044922>).
14:33:59.218 [Market] Player "Morningstar1980" (id=83imqfZkH-LpiTXHx7j8zism8xnbt8wuFtwNyuJW7Fw=) has bought hatchbackwheel x1 from the trader "Vehicle_Parts (Oliver [#STR_EXPANSION_MARKET_TRADER_VEHICLE_PARTS])" in market zone "The Hill" (pos=<7529.135742, 89.198120, 4610.044922>) for a price of 500.
14:35:05.312 [Market] Player "Morningstar1980" (id=83imqfZkH-LpiTXHx7j8zism8xnbt8wuFtwNyuJW7Fw=) has send a requested to purchase headlighth7_box x2 from the trader "Vehicle_Parts (Oliver [#STR_EXPANSION_MARKET_TRADER_VEHICLE_PARTS])" in market zone "The Hill" (pos=<7529.135742, 89.198120, 4610.044922>).
14:35:05.414 [Market] Player "Morningstar1980" (id=83imqfZkH-LpiTXHx7j8zism8xnbt8wuFtwNyuJW7Fw=) has bought headlighth7_box x2 from the trader "Vehicle_Parts (Oliver [#STR_EXPANSION_MARKET_TRADER_VEHICLE_PARTS])" in market zone "The Hill" (pos=<7529.135742, 89.198120, 4610.044922>) for a price of 60.
14:36:53.933 [Market] Player "Morningstar1980" (id=83imqfZkH-LpiTXHx7j8zism8xnbt8wuFtwNyuJW7Fw=) has send a requested to sell m4_6933_gun x1 at the trader "Weapons (Mirek [#STR_EXPANSION_MARKET_TRADER_WEAPONS])" in market zone "The Hill" (pos=<7529.135742, 89.198120, 4610.044922>).
14:36:54.031 [Market] Player "Morningstar1980" (id=83imqfZkH-LpiTXHx7j8zism8xnbt8wuFtwNyuJW7Fw=) has sold m4_6933_gun x1 at the trader "Weapons (Mirek [#STR_EXPANSION_MARKET_TRADER_WEAPONS])" in market zone "The Hill" (pos=<7529.135742, 89.198120, 4610.044922>) and got 2287.
14:36:57.050 [Market] Player "Morningstar1980" (id=83imqfZkH-LpiTXHx7j8zism8xnbt8wuFtwNyuJW7Fw=) has send a requested to sell snafu_cz805_gun x1 at the trader "Weapons (Mirek [#STR_EXPANSION_MARKET_TRADER_WEAPONS])" in market zone "The Hill" (pos=<7529.135742, 89.198120, 4610.044922>).
14:36:57.128 [Market] Player "Morningstar1980" (id=83imqfZkH-LpiTXHx7j8zism8xnbt8wuFtwNyuJW7Fw=) has sold snafu_cz805_gun x1 at the trader "Weapons (Mirek [#STR_EXPANSION_MARKET_TRADER_WEAPONS])" in market zone "The Hill" (pos=<7529.135742, 89.198120, 4610.044922>) and got 2035.
14:37:01.507 [Market] Player "Morningstar1980" (id=83imqfZkH-LpiTXHx7j8zism8xnbt8wuFtwNyuJW7Fw=) has send a requested to sell snafu_awm_gun x1 at the trader "Weapons (Mirek [#STR_EXPANSION_MARKET_TRADER_WEAPONS])" in market zone "The Hill" (pos=<7529.135742, 89.198120, 4610.044922>).
14:37:01.652 [Market] Player "Morningstar1980" (id=83imqfZkH-LpiTXHx7j8zism8xnbt8wuFtwNyuJW7Fw=) has sold snafu_awm_gun x1 at the trader "Weapons (Mirek [#STR_EXPANSION_MARKET_TRADER_WEAPONS])" in market zone "The Hill" (pos=<7529.135742, 89.198120, 4610.044922>) and got 11880.
14:37:04.101 [Market] Player "Morningstar1980" (id=83imqfZkH-LpiTXHx7j8zism8xnbt8wuFtwNyuJW7Fw=) has send a requested to sell snafum98b_ger_gun x1 at the trader "Weapons (Mirek [#STR_EXPANSION_MARKET_TRADER_WEAPONS])" in market zone "The Hill" (pos=<7529.135742, 89.198120, 4610.044922>).
14:37:04.234 [Market] Player "Morningstar1980" (id=83imqfZkH-LpiTXHx7j8zism8xnbt8wuFtwNyuJW7Fw=) has sold snafum98b_ger_gun x1 at the trader "Weapons (Mirek [#STR_EXPANSION_MARKET_TRADER_WEAPONS])" in market zone "The Hill" (pos=<7529.135742, 89.198120, 4610.044922>) and got 5805.
14:37:34.593 [ATM] Player "Morningstar1980" (id=83imqfZkH-LpiTXHx7j8zism8xnbt8wuFtwNyuJW7Fw=) has deposited 27497 on his ATM account.
14:37:52.359 [VehicleEnter] Player Morningstar1980 [uid=83imqfZkH-LpiTXHx7j8zism8xnbt8wuFtwNyuJW7Fw=] entered vehicle Ada 4x4 (id=9685A4F2CA4823F4C1B8F785AE5CFD00 pos=<7562.658691, 87.710693, 4596.409180>) as driver
14:37:55.453 [VehicleEngine] Player Morningstar1980 [uid=83imqfZkH-LpiTXHx7j8zism8xnbt8wuFtwNyuJW7Fw=] started vehicle Ada 4x4 (id=9685A4F2CA4823F4C1B8F785AE5CFD00 pos=<7562.658691, 87.710693, 4596.409180>)
14:39:16.261 [Safezone] Player "Morningstar1980" (id=83imqfZkH-LpiTXHx7j8zism8xnbt8wuFtwNyuJW7Fw= pos=<7806.895996, 36.594570, 4496.198730>) Left the safezone
14:41:04.718 [VehicleEngine] Player Morningstar1980 [uid=83imqfZkH-LpiTXHx7j8zism8xnbt8wuFtwNyuJW7Fw=] stopped vehicle Ada 4x4 (id=9685A4F2CA4823F4C1B8F785AE5CFD00 pos=<7259.836914, 37.671741, 4623.089355>)
14:41:08.941 [VehicleLeave] Player Morningstar1980 [uid=83imqfZkH-LpiTXHx7j8zism8xnbt8wuFtwNyuJW7Fw=] left vehicle Ada 4x4 (id=9685A4F2CA4823F4C1B8F785AE5CFD00 pos=<7259.836914, 37.671741, 4623.089355>)
14:42:00.000 [VehicleEnter] Player Morningstar1980 [uid=83imqfZkH-LpiTXHx7j8zism8xnbt8wuFtwNyuJW7Fw=] entered vehicle Ada 4x4 (id=9685A4F2CA4823F4C1B8F785AE5CFD00 pos=<7259.836914, 37.671749, 4623.089355>) as driver
14:42:02.750 [VehicleEngine] Player Morningstar1980 [uid=83imqfZkH-LpiTXHx7j8zism8xnbt8wuFtwNyuJW7Fw=] started vehicle Ada 4x4 (id=9685A4F2CA4823F4C1B8F785AE5CFD00 pos=<7259.836914, 37.671749, 4623.089355>)
14:43:19.542 [AI Patrol] Spawning 3 Airfield bots at <5823.804688, 68.580551, 3127.058105>
14:44:57.808 [VehicleEngine] Player Morningstar1980 [uid=83imqfZkH-LpiTXHx7j8zism8xnbt8wuFtwNyuJW7Fw=] stopped vehicle Ada 4x4 (id=9685A4F2CA4823F4C1B8F785AE5CFD00 pos=<5668.761230, 74.040703, 3828.963867>)
14:45:01.691 [VehicleLeave] Player Morningstar1980 [uid=83imqfZkH-LpiTXHx7j8zism8xnbt8wuFtwNyuJW7Fw=] left vehicle Ada 4x4 (id=9685A4F2CA4823F4C1B8F785AE5CFD00 pos=<5668.761719, 74.040695, 3828.963867>)
14:45:11.343 [VehicleCarKey] Player "Morningstar1980" (id=83imqfZkH-LpiTXHx7j8zism8xnbt8wuFtwNyuJW7Fw= pos=<5667.168945, 74.012505, 3829.103516>) used the  ExpansionCarKey to lock OffroadHatchback_Blue (id=9685A4F2CA4823F4C1B8F785AE5CFD00 pos=<5668.761719, 74.040695, 3828.963867>)
14:59:09.843 [VehicleEnter] Player Morningstar1980 [uid=83imqfZkH-LpiTXHx7j8zism8xnbt8wuFtwNyuJW7Fw=] entered vehicle Mh-6 Little Bird (id=0BEA62B47A4D5F0F892805965660FD31 pos=<5524.648926, 74.057564, 3606.087158>) as pilot
14:59:12.562 [VehicleEngine] Player Morningstar1980 [uid=83imqfZkH-LpiTXHx7j8zism8xnbt8wuFtwNyuJW7Fw=] started vehicle Mh-6 Little Bird (id=0BEA62B47A4D5F0F892805965660FD31 pos=<5524.648926, 74.057564, 3606.087158>)
15:00:29.882 [VehicleEngine] Player Morningstar1980 [uid=83imqfZkH-LpiTXHx7j8zism8xnbt8wuFtwNyuJW7Fw=] stopped vehicle Mh-6 Little Bird (id=0BEA62B47A4D5F0F892805965660FD31 pos=<5551.592773, 76.733955, 3632.667480>)
15:00:50.128 [VehicleLeave] Player Morningstar1980 [uid=83imqfZkH-LpiTXHx7j8zism8xnbt8wuFtwNyuJW7Fw=] left vehicle Mh-6 Little Bird (id=0BEA62B47A4D5F0F892805965660FD31 pos=<5551.287598, 76.705711, 3633.132080>)
15:23:31.265 [MissionAirdrop] An airdrop is heading towards "Kushville" (pos=<7630.000000, 0.000000, 3717.000000> type=Random_Kushville) with a ExpansionAirdropContainer
16:52:30.441 [MissionAirdrop] An airdrop is heading towards "Stonington" (pos=<6973.000000, 0.000000, 1701.000000> type=Random_Stonington) with a ExpansionAirdropContainer_Medical
