17:28:11.144 [Party] Player "MGM_762" (id=6CBOabJUM7Qqd7NEG4Do-ueQ7Uqvietj4ODcWmz64j4=) joinded the party "OSS" (id=0 ownerUID=_i471QtP-cQO7LGlvQxSkkb6U2OdaENSi4dYAnCjv04= ownerName=NOVAKILLSFORYOU)
17:28:11.164 [Expansion Quests] - InitQuestSystemClient - Loaded existing player quest data for player with UID: 6CBOabJUM7Qqd7NEG4Do-ueQ7Uqvietj4ODcWmz64j4=
17:28:11.167 [Expansion Quests] - LoadGroupQuestData - Loaded existing group quest data for group with ID: 0
17:28:11.167 [Expansion Quests] - Create new quest instance for quest: 8 - Player UID: 6CBOabJUM7Qqd7NEG4Do-ueQ7Uqvietj4ODcWmz64j4=
17:28:11.167 [Expansion Quests] - Create new quest instance for quest: 9 - Player UID: 6CBOabJUM7Qqd7NEG4Do-ueQ7Uqvietj4ODcWmz64j4=
17:28:11.167 [Expansion Quests] - Create new quest instance for quest: 11 - Player UID: 6CBOabJUM7Qqd7NEG4Do-ueQ7Uqvietj4ODcWmz64j4=
17:28:12.046 [Expansion Quests] - LoadGroupQuestData - Got cached group quest data for group with ID: 0
17:29:10.320 [Party] Player "NOVAKILLSFORYOU" (id=_i471QtP-cQO7LGlvQxSkkb6U2OdaENSi4dYAnCjv04=) joinded the party "OSS" (id=0 ownerUID=_i471QtP-cQO7LGlvQxSkkb6U2OdaENSi4dYAnCjv04= ownerName=NOVAKILLSFORYOU)
17:29:10.339 [Expansion Quests] - InitQuestSystemClient - Loaded existing player quest data for player with UID: _i471QtP-cQO7LGlvQxSkkb6U2OdaENSi4dYAnCjv04=
17:29:10.339 [Expansion Quests] - LoadGroupQuestData - Got cached group quest data for group with ID: 0
17:29:10.339 [Expansion Quests] - Create new quest instance for quest: 8 - Player UID: _i471QtP-cQO7LGlvQxSkkb6U2OdaENSi4dYAnCjv04=
17:29:10.339 [Expansion Quests] - Create new quest instance for quest: 9 - Player UID: _i471QtP-cQO7LGlvQxSkkb6U2OdaENSi4dYAnCjv04=
17:29:10.339 [Expansion Quests] - Create new quest instance for quest: 11 - Player UID: _i471QtP-cQO7LGlvQxSkkb6U2OdaENSi4dYAnCjv04=
17:29:11.234 [Expansion Quests] - LoadGroupQuestData - Got cached group quest data for group with ID: 0
17:31:14.914 [VehicleEnter] Player NOVAKILLSFORYOU [uid=_i471QtP-cQO7LGlvQxSkkb6U2OdaENSi4dYAnCjv04=] entered vehicle Mh-6 Little Bird (id=FC0331031A459CDA397EBAB816CA8442 pos=<3218.189941, 1.570030, 1609.239502>) as pilot
17:31:55.648 [MissionAirdrop] An airdrop is heading towards "Oceanville" (pos=<10179.000000, 0.000000, 4722.000000> type=Random_Oceanville) with a ExpansionAirdropContainer_Basebuilding
17:35:25.195 [VehicleLeave] Player NOVAKILLSFORYOU [uid=_i471QtP-cQO7LGlvQxSkkb6U2OdaENSi4dYAnCjv04=] left vehicle Mh-6 Little Bird (id=FC0331031A459CDA397EBAB816CA8442 pos=<3218.190430, 1.570462, 1609.238770>)
17:36:40.015 [Market] Player "NOVAKILLSFORYOU" (id=_i471QtP-cQO7LGlvQxSkkb6U2OdaENSi4dYAnCjv04=) has send a requested to purchase bz_utility_pouch x1 from the trader "Ballerz (Maria [#BallerZ])" in market zone "World Trader Zone" (pos=<7500.000000, 0.000000, 7500.000000>).
17:36:40.019 [Market] Player "NOVAKILLSFORYOU" (id=_i471QtP-cQO7LGlvQxSkkb6U2OdaENSi4dYAnCjv04=) has bought bz_utility_pouch x1 from the trader "Ballerz (Maria [#BallerZ])" in market zone "World Trader Zone" (pos=<7500.000000, 0.000000, 7500.000000>) for a price of 8500.
17:36:49.265 [Market] Player "NOVAKILLSFORYOU" (id=_i471QtP-cQO7LGlvQxSkkb6U2OdaENSi4dYAnCjv04=) has send a requested to purchase bz_holster_black x1 from the trader "Ballerz (Maria [#BallerZ])" in market zone "World Trader Zone" (pos=<7500.000000, 0.000000, 7500.000000>).
17:36:49.269 [Market] Player "NOVAKILLSFORYOU" (id=_i471QtP-cQO7LGlvQxSkkb6U2OdaENSi4dYAnCjv04=) has bought bz_holster_black x1 from the trader "Ballerz (Maria [#BallerZ])" in market zone "World Trader Zone" (pos=<7500.000000, 0.000000, 7500.000000>) for a price of 8500.
17:37:03.675 [Market] Player "NOVAKILLSFORYOU" (id=_i471QtP-cQO7LGlvQxSkkb6U2OdaENSi4dYAnCjv04=) has send a requested to purchase bz_vest_sw x1 from the trader "Ballerz (Maria [#BallerZ])" in market zone "World Trader Zone" (pos=<7500.000000, 0.000000, 7500.000000>).
17:37:13.347 [Market] Player "NOVAKILLSFORYOU" (id=_i471QtP-cQO7LGlvQxSkkb6U2OdaENSi4dYAnCjv04=) has send a requested to purchase bz_black_pouches x1 from the trader "Ballerz (Maria [#BallerZ])" in market zone "World Trader Zone" (pos=<7500.000000, 0.000000, 7500.000000>).
17:37:13.347 [Market] Player "NOVAKILLSFORYOU" (id=_i471QtP-cQO7LGlvQxSkkb6U2OdaENSi4dYAnCjv04=) has bought bz_black_pouches x1 from the trader "Ballerz (Maria [#BallerZ])" in market zone "World Trader Zone" (pos=<7500.000000, 0.000000, 7500.000000>) for a price of 8500.
17:37:29.421 [Market] Player "NOVAKILLSFORYOU" (id=_i471QtP-cQO7LGlvQxSkkb6U2OdaENSi4dYAnCjv04=) has send a requested to purchase bz_vest_black x1 from the trader "Ballerz (Maria [#BallerZ])" in market zone "World Trader Zone" (pos=<7500.000000, 0.000000, 7500.000000>).
17:37:29.421 [Market] Player "NOVAKILLSFORYOU" (id=_i471QtP-cQO7LGlvQxSkkb6U2OdaENSi4dYAnCjv04=) has bought bz_vest_black x1 from the trader "Ballerz (Maria [#BallerZ])" in market zone "World Trader Zone" (pos=<7500.000000, 0.000000, 7500.000000>) for a price of 8500.
17:40:32.566 [Market] Player "NOVAKILLSFORYOU" (id=_i471QtP-cQO7LGlvQxSkkb6U2OdaENSi4dYAnCjv04=) has send a requested to sell bz_vest_hex3 x1 at the trader "Ballerz (Maria [#BallerZ])" in market zone "World Trader Zone" (pos=<7500.000000, 0.000000, 7500.000000>).
17:40:32.570 [Market] Player "NOVAKILLSFORYOU" (id=_i471QtP-cQO7LGlvQxSkkb6U2OdaENSi4dYAnCjv04=) has sold bz_vest_hex3 x1 at the trader "Ballerz (Maria [#BallerZ])" in market zone "World Trader Zone" (pos=<7500.000000, 0.000000, 7500.000000>) and got 6375.
17:40:43.929 [VehicleEnter] Player NOVAKILLSFORYOU [uid=_i471QtP-cQO7LGlvQxSkkb6U2OdaENSi4dYAnCjv04=] entered vehicle Mh-6 Little Bird (id=FC0331031A459CDA397EBAB816CA8442 pos=<3218.189453, 1.569833, 1609.239746>) as pilot
17:40:49.011 [VehicleEngine] Player NOVAKILLSFORYOU [uid=_i471QtP-cQO7LGlvQxSkkb6U2OdaENSi4dYAnCjv04=] started vehicle Mh-6 Little Bird (id=FC0331031A459CDA397EBAB816CA8442 pos=<3218.189453, 1.569828, 1609.239746>)
17:40:52.839 [VehicleEnter] Player MGM_762 [uid=6CBOabJUM7Qqd7NEG4Do-ueQ7Uqvietj4ODcWmz64j4=] entered vehicle Mh-6 Little Bird (id=FC0331031A459CDA397EBAB816CA8442 pos=<3218.189697, 1.569772, 1609.239868>) as passenger
17:41:46.027 [AI Patrol] Spawning 3 ParisIsland bots at <2695.425293, 34.732399, 3562.375977>
17:42:05.812 [AI Patrol] Spawning 3 ParisIsland2 bots at <2665.533936, 22.629999, 4466.949707>
17:42:51.625 [Killfeed] AI Baty (ParisIsland) fell to their death.
17:43:54.289 [AI Patrol] Spawning 3 OldTown bots at <2024.358765, 9.190000, 8949.194336>
17:43:55.738 [AI Object Patrol] Spawning 1 East bots at <1968.403931, 9.941629, 9001.665039>
17:44:39.128 [AI Object Patrol] Spawning 2 East bots at <3016.902344, 7.153142, 10620.852539>
17:45:17.679 [AI Object Patrol] Spawning 1 West bots at <1672.000000, 20.000000, 12716.000000>
17:45:33.878 [AI Object Patrol] Spawning 3 East bots at <1836.760986, 4.459307, 13508.295898>
17:45:44.378 [AI Object Patrol] Spawning 2 West bots at <2647.693115, 15.383807, 13675.155273>
17:45:49.671 [AI Patrol] Spawning 2 IslandCastle bots at <2715.755859, 40.232800, 13847.945313>
17:46:07.906 [AI Object Patrol] Spawning 2 West bots at <2720.424561, 7.754950, 14721.131836>
17:46:17.531 [Safezone] Player "NOVAKILLSFORYOU" (id=_i471QtP-cQO7LGlvQxSkkb6U2OdaENSi4dYAnCjv04= pos=<2050.942139, 116.666267, 14489.849609>) Entered the safezone
17:46:17.531 [Safezone] Player "MGM_762" (id=6CBOabJUM7Qqd7NEG4Do-ueQ7Uqvietj4ODcWmz64j4= pos=<2051.661377, 116.649071, 14489.534180>) Entered the safezone
17:47:26.031 [VehicleEngine] Player NOVAKILLSFORYOU [uid=_i471QtP-cQO7LGlvQxSkkb6U2OdaENSi4dYAnCjv04=] stopped vehicle Mh-6 Little Bird (id=FC0331031A459CDA397EBAB816CA8442 pos=<2180.306885, 34.915573, 14614.837891>)
17:47:32.648 [VehicleLeave] Player NOVAKILLSFORYOU [uid=_i471QtP-cQO7LGlvQxSkkb6U2OdaENSi4dYAnCjv04=] left vehicle Mh-6 Little Bird (id=FC0331031A459CDA397EBAB816CA8442 pos=<2180.402100, 32.467163, 14614.860352>)
17:47:35.058 [VehicleLeave] Player MGM_762 [uid=6CBOabJUM7Qqd7NEG4Do-ueQ7Uqvietj4ODcWmz64j4=] left vehicle Mh-6 Little Bird (id=FC0331031A459CDA397EBAB816CA8442 pos=<2180.402344, 32.467194, 14614.860352>)
17:52:32.000 [AI Patrol] Despawning 2 ParisIsland bots (spawn position <2695.425293, 34.732399, 3562.375977>, 1/3 deceased)
17:52:56.308 [AI Patrol] Despawning 3 ParisIsland2 bots (spawn position <2665.533936, 22.629999, 4466.949707>, 0/3 deceased)
17:54:36.078 [AI Object Patrol] Despawning 1 East bots (spawn position <1968.403931, 9.941629, 9001.665039>, 0/1 deceased)
17:54:36.535 [AI Patrol] Despawning 3 OldTown bots (spawn position <2024.358765, 9.190000, 8949.194336>, 0/3 deceased)
17:55:02.656 [AI Object Patrol] Despawning 2 East bots (spawn position <3016.902344, 7.153142, 10620.852539>, 0/2 deceased)
17:56:02.433 [AI Object Patrol] Despawning 1 West bots (spawn position <1672.000000, 20.000000, 12716.000000>, 0/1 deceased)
17:56:16.523 [AI Object Patrol] Despawning 3 East bots (spawn position <1836.760986, 4.459307, 13508.295898>, 0/3 deceased)
17:57:44.910 [Party] Player "NOVAKILLSFORYOU" (id=_i471QtP-cQO7LGlvQxSkkb6U2OdaENSi4dYAnCjv04=) left the party "OSS" (id=0 ownerUID=_i471QtP-cQO7LGlvQxSkkb6U2OdaENSi4dYAnCjv04= ownerName=NOVAKILLSFORYOU)
17:57:55.136 [Party] Player "MGM_762" (id=6CBOabJUM7Qqd7NEG4Do-ueQ7Uqvietj4ODcWmz64j4=) left the party "OSS" (id=0 ownerUID=_i471QtP-cQO7LGlvQxSkkb6U2OdaENSi4dYAnCjv04= ownerName=NOVAKILLSFORYOU)
