01:36:38.649 [VehicleDeleted] RFWC_Seadoo_Camo (id=F28BE8D55E465775F34896B3B165B3EE pos=<0.005640, 0.001733, 0.009462>)
01:36:38.681 [VehicleDeleted] ExpansionUAZCargoRoofless (id=FA3E7142934AB59F8750C8A59029A603 pos=<-0.016775, 0.677601, 0.025196>)
01:36:38.684 [VehicleDeleted] RFWC_Seadoo_Orange (id=6D127D801E47A59477CA3BBE76B10A1D pos=<0.005640, 0.001733, 0.009462>)
01:36:38.685 [VehicleDeleted] RFWC_Seadoo_Green (id=EF0AD153AE413ACDE56D2BAA8BC607D3 pos=<0.005640, 0.001733, 0.009462>)
01:36:38.709 [VehicleDeleted] ExpansionMh6_Sunset (id=8E08532E094E325796CADDAF51C16278 pos=<0.000861, 1.692845, 0.535123>)
01:36:38.725 [VehicleDeleted] RFWC_DragBoat_Punisher (id=204F8BC4C4490715E71607AE4B71D8A2 pos=<0.003438, 0.133472, 0.062345>)
01:36:38.730 [VehicleDeleted] ExpansionUAZ (id=76F7513BD3448923E2B49788C0F55E71 pos=<-0.001685, 0.798157, 0.148879>)
01:42:57.061 [MissionAirdrop] An airdrop is heading towards "Oceanville" (pos=<10179.000000, 0.000000, 4722.000000> type=Random_Oceanville) with a ExpansionAirdropContainer_Basebuilding
03:11:49.500 [MissionAirdrop] An airdrop is heading towards "Kushville" (pos=<7630.000000, 0.000000, 3717.000000> type=Random_Kushville) with a ExpansionAirdropContainer_Military
04:40:29.804 [MissionAirdrop] An airdrop is heading towards "Oldfield" (pos=<6117.000000, 0.000000, 7004.000000> type=Random_Oldfield) with a ExpansionAirdropContainer_Basebuilding
06:08:16.476 [MissionAirdrop] An airdrop is heading towards "Warren-Cove" (pos=<6924.000000, 0.000000, 5473.000000> type=Random_Warren-Cove) with a ExpansionAirdropContainer
07:37:38.220 [MissionAirdrop] An airdrop is heading towards "Kushville" (pos=<7630.000000, 0.000000, 3717.000000> type=Random_Kushville) with a ExpansionAirdropContainer_Military
09:06:42.828 [MissionAirdrop] An airdrop is heading towards "Stonington" (pos=<6973.000000, 0.000000, 1701.000000> type=Random_Stonington) with a ExpansionAirdropContainer_Military
10:01:07.742 [Party] Player "1DEADMANWALKIN" (id=zvk4zPulP_yUuFMB-icYMa26l-1hJKZFlbgWP-FPOcg=) joinded the party "OSS" (id=0 ownerUID=_i471QtP-cQO7LGlvQxSkkb6U2OdaENSi4dYAnCjv04= ownerName=NOVAKILLSFORYOU)
10:01:07.781 [Expansion Quests] - InitQuestSystemClient - Loaded existing player quest data for player with UID: zvk4zPulP_yUuFMB-icYMa26l-1hJKZFlbgWP-FPOcg=
10:01:07.781 [Expansion Quests] - LoadGroupQuestData - Loaded existing group quest data for group with ID: 0
10:01:07.781 [Expansion Quests] - Create new quest instance for quest: 8 - Player UID: zvk4zPulP_yUuFMB-icYMa26l-1hJKZFlbgWP-FPOcg=
10:01:07.781 [Expansion Quests] - Create new quest instance for quest: 9 - Player UID: zvk4zPulP_yUuFMB-icYMa26l-1hJKZFlbgWP-FPOcg=
10:01:07.781 [Expansion Quests] - Create new quest instance for quest: 11 - Player UID: zvk4zPulP_yUuFMB-icYMa26l-1hJKZFlbgWP-FPOcg=
10:01:08.507 [Expansion Quests] - LoadGroupQuestData - Got cached group quest data for group with ID: 0
10:06:13.375 [AI Patrol] Spawning 2 East bots at <4415.826172, 4.288360, 2839.156250>
10:14:36.628 [AI Patrol] Spawning 2 Greenville bots at <5414.795410, 30.813099, 2148.094727>
10:18:41.789 [AI Patrol] Spawning 2 East bots at <4393.081543, 4.897418, 2855.082764>
10:19:50.929 [AI Patrol] Spawning 3 Airfield bots at <5397.129883, 85.995735, 3082.520508>
10:21:13.351 [Party] Player "NOVAKILLSFORYOU" (id=_i471QtP-cQO7LGlvQxSkkb6U2OdaENSi4dYAnCjv04=) joinded the party "OSS" (id=0 ownerUID=_i471QtP-cQO7LGlvQxSkkb6U2OdaENSi4dYAnCjv04= ownerName=NOVAKILLSFORYOU)
10:21:13.367 [Expansion Quests] - InitQuestSystemClient - Loaded existing player quest data for player with UID: _i471QtP-cQO7LGlvQxSkkb6U2OdaENSi4dYAnCjv04=
10:21:13.367 [Expansion Quests] - LoadGroupQuestData - Got cached group quest data for group with ID: 0
10:21:13.367 [Expansion Quests] - Create new quest instance for quest: 8 - Player UID: _i471QtP-cQO7LGlvQxSkkb6U2OdaENSi4dYAnCjv04=
10:21:13.367 [Expansion Quests] - Create new quest instance for quest: 9 - Player UID: _i471QtP-cQO7LGlvQxSkkb6U2OdaENSi4dYAnCjv04=
10:21:13.367 [Expansion Quests] - Create new quest instance for quest: 11 - Player UID: _i471QtP-cQO7LGlvQxSkkb6U2OdaENSi4dYAnCjv04=
10:21:14.089 [Expansion Quests] - LoadGroupQuestData - Got cached group quest data for group with ID: 0
10:37:15.765 [MissionAirdrop] An airdrop is heading towards "Oldfield" (pos=<6117.000000, 0.000000, 7004.000000> type=Random_Oldfield) with a ExpansionAirdropContainer_Basebuilding
10:37:22.730 [AI Patrol] Spawning 2 Powerplant bots at <4554.987793, 20.430000, 7371.227539>
10:37:22.996 [Safezone] Player "NOVAKILLSFORYOU" (id=_i471QtP-cQO7LGlvQxSkkb6U2OdaENSi4dYAnCjv04= pos=<5111.139160, 59.459938, 7981.214844>) Entered the safezone
10:38:13.656 [VehicleEnter] Player 1DEADMANWALKIN [uid=zvk4zPulP_yUuFMB-icYMa26l-1hJKZFlbgWP-FPOcg=] entered vehicle Mh-6 Little Bird (id=2941259715405F1C8297E08F4BD752BE pos=<5479.466309, 74.057678, 3669.125488>) as pilot
10:39:34.164 [VehicleLeave] Player 1DEADMANWALKIN [uid=zvk4zPulP_yUuFMB-icYMa26l-1hJKZFlbgWP-FPOcg=] left vehicle Mh-6 Little Bird (id=2941259715405F1C8297E08F4BD752BE pos=<5479.466309, 74.057564, 3669.125244>)
10:40:01.500 [VehicleEnter] Player 1DEADMANWALKIN [uid=zvk4zPulP_yUuFMB-icYMa26l-1hJKZFlbgWP-FPOcg=] entered vehicle Mh-6 Little Bird (id=2941259715405F1C8297E08F4BD752BE pos=<5479.466309, 74.057571, 3669.125244>) as pilot
10:40:30.812 [VehicleEngine] Player 1DEADMANWALKIN [uid=zvk4zPulP_yUuFMB-icYMa26l-1hJKZFlbgWP-FPOcg=] started vehicle Mh-6 Little Bird (id=2941259715405F1C8297E08F4BD752BE pos=<5479.466309, 74.057571, 3669.125244>)
10:43:42.832 [Safezone] Player "1DEADMANWALKIN" (id=zvk4zPulP_yUuFMB-icYMa26l-1hJKZFlbgWP-FPOcg= pos=<5006.063965, 421.587555, 7823.025879>) Entered the safezone
10:44:05.027 [Safezone] Player "1DEADMANWALKIN" (id=zvk4zPulP_yUuFMB-icYMa26l-1hJKZFlbgWP-FPOcg= pos=<4875.776855, 304.171722, 7837.376465>) Left the safezone
10:44:38.437 [Safezone] Player "1DEADMANWALKIN" (id=zvk4zPulP_yUuFMB-icYMa26l-1hJKZFlbgWP-FPOcg= pos=<4961.118652, 88.162018, 7862.666992>) Entered the safezone
10:44:45.988 [VehicleEngine] Player 1DEADMANWALKIN [uid=zvk4zPulP_yUuFMB-icYMa26l-1hJKZFlbgWP-FPOcg=] stopped vehicle Mh-6 Little Bird (id=2941259715405F1C8297E08F4BD752BE pos=<4975.916504, 48.966045, 7855.120605>)
10:44:54.425 [VehicleLeave] Player 1DEADMANWALKIN [uid=zvk4zPulP_yUuFMB-icYMa26l-1hJKZFlbgWP-FPOcg=] left vehicle Mh-6 Little Bird (id=2941259715405F1C8297E08F4BD752BE pos=<4975.796387, 47.680683, 7855.426270>)
10:46:36.496 [Market] Player "1DEADMANWALKIN" (id=zvk4zPulP_yUuFMB-icYMa26l-1hJKZFlbgWP-FPOcg=) has send a requested to sell bz_aquacamo_sneakers x1 at the trader "Clothing (Cyril [#STR_EXPANSION_MARKET_TRADER_CLOTHING])" in market zone "The Spire" (pos=<5117.533691, 59.589272, 7987.239746>).
10:46:36.621 [Market] Player "1DEADMANWALKIN" (id=zvk4zPulP_yUuFMB-icYMa26l-1hJKZFlbgWP-FPOcg=) has sold bz_aquacamo_sneakers x1 at the trader "Clothing (Cyril [#STR_EXPANSION_MARKET_TRADER_CLOTHING])" in market zone "The Spire" (pos=<5117.533691, 59.589272, 7987.239746>) and got 7000.
10:46:37.640 [Market] Player "1DEADMANWALKIN" (id=zvk4zPulP_yUuFMB-icYMa26l-1hJKZFlbgWP-FPOcg=) has send a requested to sell bz_circuit_sneakers x1 at the trader "Clothing (Cyril [#STR_EXPANSION_MARKET_TRADER_CLOTHING])" in market zone "The Spire" (pos=<5117.533691, 59.589272, 7987.239746>).
10:46:37.792 [Market] Player "1DEADMANWALKIN" (id=zvk4zPulP_yUuFMB-icYMa26l-1hJKZFlbgWP-FPOcg=) has sold bz_circuit_sneakers x1 at the trader "Clothing (Cyril [#STR_EXPANSION_MARKET_TRADER_CLOTHING])" in market zone "The Spire" (pos=<5117.533691, 59.589272, 7987.239746>) and got 7000.
10:46:38.925 [Market] Player "1DEADMANWALKIN" (id=zvk4zPulP_yUuFMB-icYMa26l-1hJKZFlbgWP-FPOcg=) has send a requested to sell bz_dc_sneakers x1 at the trader "Clothing (Cyril [#STR_EXPANSION_MARKET_TRADER_CLOTHING])" in market zone "The Spire" (pos=<5117.533691, 59.589272, 7987.239746>).
10:46:39.117 [Market] Player "1DEADMANWALKIN" (id=zvk4zPulP_yUuFMB-icYMa26l-1hJKZFlbgWP-FPOcg=) has sold bz_dc_sneakers x1 at the trader "Clothing (Cyril [#STR_EXPANSION_MARKET_TRADER_CLOTHING])" in market zone "The Spire" (pos=<5117.533691, 59.589272, 7987.239746>) and got 7000.
10:46:40.296 [Market] Player "1DEADMANWALKIN" (id=zvk4zPulP_yUuFMB-icYMa26l-1hJKZFlbgWP-FPOcg=) has send a requested to sell bz_dp_sneakers x1 at the trader "Clothing (Cyril [#STR_EXPANSION_MARKET_TRADER_CLOTHING])" in market zone "The Spire" (pos=<5117.533691, 59.589272, 7987.239746>).
10:46:40.437 [Market] Player "1DEADMANWALKIN" (id=zvk4zPulP_yUuFMB-icYMa26l-1hJKZFlbgWP-FPOcg=) has sold bz_dp_sneakers x1 at the trader "Clothing (Cyril [#STR_EXPANSION_MARKET_TRADER_CLOTHING])" in market zone "The Spire" (pos=<5117.533691, 59.589272, 7987.239746>) and got 7000.
10:46:41.417 [Market] Player "1DEADMANWALKIN" (id=zvk4zPulP_yUuFMB-icYMa26l-1hJKZFlbgWP-FPOcg=) has send a requested to sell bz_phemp_sneakers x1 at the trader "Clothing (Cyril [#STR_EXPANSION_MARKET_TRADER_CLOTHING])" in market zone "The Spire" (pos=<5117.533691, 59.589272, 7987.239746>).
10:46:41.539 [Market] Player "1DEADMANWALKIN" (id=zvk4zPulP_yUuFMB-icYMa26l-1hJKZFlbgWP-FPOcg=) has sold bz_phemp_sneakers x1 at the trader "Clothing (Cyril [#STR_EXPANSION_MARKET_TRADER_CLOTHING])" in market zone "The Spire" (pos=<5117.533691, 59.589272, 7987.239746>) and got 7000.
10:46:42.496 [Market] Player "1DEADMANWALKIN" (id=zvk4zPulP_yUuFMB-icYMa26l-1hJKZFlbgWP-FPOcg=) has send a requested to sell bz_simpsons_sneakers x1 at the trader "Clothing (Cyril [#STR_EXPANSION_MARKET_TRADER_CLOTHING])" in market zone "The Spire" (pos=<5117.533691, 59.589272, 7987.239746>).
10:46:42.625 [Market] Player "1DEADMANWALKIN" (id=zvk4zPulP_yUuFMB-icYMa26l-1hJKZFlbgWP-FPOcg=) has sold bz_simpsons_sneakers x1 at the trader "Clothing (Cyril [#STR_EXPANSION_MARKET_TRADER_CLOTHING])" in market zone "The Spire" (pos=<5117.533691, 59.589272, 7987.239746>) and got 7000.
10:46:45.570 [Market] Player "1DEADMANWALKIN" (id=zvk4zPulP_yUuFMB-icYMa26l-1hJKZFlbgWP-FPOcg=) has send a requested to sell bz_alpine_top x1 at the trader "Clothing (Cyril [#STR_EXPANSION_MARKET_TRADER_CLOTHING])" in market zone "The Spire" (pos=<5117.533691, 59.589272, 7987.239746>).
10:46:45.714 [Market] Player "1DEADMANWALKIN" (id=zvk4zPulP_yUuFMB-icYMa26l-1hJKZFlbgWP-FPOcg=) has sold bz_alpine_top x1 at the trader "Clothing (Cyril [#STR_EXPANSION_MARKET_TRADER_CLOTHING])" in market zone "The Spire" (pos=<5117.533691, 59.589272, 7987.239746>) and got 7000.
10:46:46.828 [Market] Player "1DEADMANWALKIN" (id=zvk4zPulP_yUuFMB-icYMa26l-1hJKZFlbgWP-FPOcg=) has send a requested to sell bz_anime_top x1 at the trader "Clothing (Cyril [#STR_EXPANSION_MARKET_TRADER_CLOTHING])" in market zone "The Spire" (pos=<5117.533691, 59.589272, 7987.239746>).
10:46:46.972 [Market] Player "1DEADMANWALKIN" (id=zvk4zPulP_yUuFMB-icYMa26l-1hJKZFlbgWP-FPOcg=) has sold bz_anime_top x1 at the trader "Clothing (Cyril [#STR_EXPANSION_MARKET_TRADER_CLOTHING])" in market zone "The Spire" (pos=<5117.533691, 59.589272, 7987.239746>) and got 7000.
10:46:57.906 [Market] Player "1DEADMANWALKIN" (id=zvk4zPulP_yUuFMB-icYMa26l-1hJKZFlbgWP-FPOcg=) has send a requested to sell bz_beaniehat_alienware x1 at the trader "Clothing_Accessories (Maria [#STR_EXPANSION_MARKET_TRADER_CLOTHING_ACCESSORIES])" in market zone "The Spire" (pos=<5117.533691, 59.589272, 7987.239746>).
10:46:58.039 [Market] Player "1DEADMANWALKIN" (id=zvk4zPulP_yUuFMB-icYMa26l-1hJKZFlbgWP-FPOcg=) has sold bz_beaniehat_alienware x1 at the trader "Clothing_Accessories (Maria [#STR_EXPANSION_MARKET_TRADER_CLOTHING_ACCESSORIES])" in market zone "The Spire" (pos=<5117.533691, 59.589272, 7987.239746>) and got 3000.
10:47:06.796 [Market] Player "1DEADMANWALKIN" (id=zvk4zPulP_yUuFMB-icYMa26l-1hJKZFlbgWP-FPOcg=) has send a requested to sell bz_dp_mask x1 at the trader "Clothing_Accessories (Maria [#STR_EXPANSION_MARKET_TRADER_CLOTHING_ACCESSORIES])" in market zone "The Spire" (pos=<5117.533691, 59.589272, 7987.239746>).
10:47:06.890 [Market] Player "1DEADMANWALKIN" (id=zvk4zPulP_yUuFMB-icYMa26l-1hJKZFlbgWP-FPOcg=) has sold bz_dp_mask x1 at the trader "Clothing_Accessories (Maria [#STR_EXPANSION_MARKET_TRADER_CLOTHING_ACCESSORIES])" in market zone "The Spire" (pos=<5117.533691, 59.589272, 7987.239746>) and got 1750.
10:47:12.496 [Market] Player "1DEADMANWALKIN" (id=zvk4zPulP_yUuFMB-icYMa26l-1hJKZFlbgWP-FPOcg=) has send a requested to sell bz_bananas_pants x1 at the trader "Clothing_Accessories (Maria [#STR_EXPANSION_MARKET_TRADER_CLOTHING_ACCESSORIES])" in market zone "The Spire" (pos=<5117.533691, 59.589272, 7987.239746>).
10:47:12.640 [Market] Player "1DEADMANWALKIN" (id=zvk4zPulP_yUuFMB-icYMa26l-1hJKZFlbgWP-FPOcg=) has sold bz_bananas_pants x1 at the trader "Clothing_Accessories (Maria [#STR_EXPANSION_MARKET_TRADER_CLOTHING_ACCESSORIES])" in market zone "The Spire" (pos=<5117.533691, 59.589272, 7987.239746>) and got 7000.
10:47:13.566 [Market] Player "1DEADMANWALKIN" (id=zvk4zPulP_yUuFMB-icYMa26l-1hJKZFlbgWP-FPOcg=) has send a requested to sell bz_crypto_pants x1 at the trader "Clothing_Accessories (Maria [#STR_EXPANSION_MARKET_TRADER_CLOTHING_ACCESSORIES])" in market zone "The Spire" (pos=<5117.533691, 59.589272, 7987.239746>).
10:47:13.714 [Market] Player "1DEADMANWALKIN" (id=zvk4zPulP_yUuFMB-icYMa26l-1hJKZFlbgWP-FPOcg=) has sold bz_crypto_pants x1 at the trader "Clothing_Accessories (Maria [#STR_EXPANSION_MARKET_TRADER_CLOTHING_ACCESSORIES])" in market zone "The Spire" (pos=<5117.533691, 59.589272, 7987.239746>) and got 7000.
10:47:14.800 [Market] Player "1DEADMANWALKIN" (id=zvk4zPulP_yUuFMB-icYMa26l-1hJKZFlbgWP-FPOcg=) has send a requested to sell bz_money_pants x1 at the trader "Clothing_Accessories (Maria [#STR_EXPANSION_MARKET_TRADER_CLOTHING_ACCESSORIES])" in market zone "The Spire" (pos=<5117.533691, 59.589272, 7987.239746>).
10:47:14.941 [Market] Player "1DEADMANWALKIN" (id=zvk4zPulP_yUuFMB-icYMa26l-1hJKZFlbgWP-FPOcg=) has sold bz_money_pants x1 at the trader "Clothing_Accessories (Maria [#STR_EXPANSION_MARKET_TRADER_CLOTHING_ACCESSORIES])" in market zone "The Spire" (pos=<5117.533691, 59.589272, 7987.239746>) and got 7000.
10:47:16.480 [Market] Player "1DEADMANWALKIN" (id=zvk4zPulP_yUuFMB-icYMa26l-1hJKZFlbgWP-FPOcg=) has send a requested to sell bz_yellowhemp_pants x1 at the trader "Clothing_Accessories (Maria [#STR_EXPANSION_MARKET_TRADER_CLOTHING_ACCESSORIES])" in market zone "The Spire" (pos=<5117.533691, 59.589272, 7987.239746>).
10:47:16.644 [Market] Player "1DEADMANWALKIN" (id=zvk4zPulP_yUuFMB-icYMa26l-1hJKZFlbgWP-FPOcg=) has sold bz_yellowhemp_pants x1 at the trader "Clothing_Accessories (Maria [#STR_EXPANSION_MARKET_TRADER_CLOTHING_ACCESSORIES])" in market zone "The Spire" (pos=<5117.533691, 59.589272, 7987.239746>) and got 7000.
10:47:23.816 [Market] Player "1DEADMANWALKIN" (id=zvk4zPulP_yUuFMB-icYMa26l-1hJKZFlbgWP-FPOcg=) has send a requested to sell bz_vest_strangerthings x1 at the trader "Clothing_Accessories (Maria [#STR_EXPANSION_MARKET_TRADER_CLOTHING_ACCESSORIES])" in market zone "The Spire" (pos=<5117.533691, 59.589272, 7987.239746>).
10:47:23.945 [Market] Player "1DEADMANWALKIN" (id=zvk4zPulP_yUuFMB-icYMa26l-1hJKZFlbgWP-FPOcg=) has sold bz_vest_strangerthings x1 at the trader "Clothing_Accessories (Maria [#STR_EXPANSION_MARKET_TRADER_CLOTHING_ACCESSORIES])" in market zone "The Spire" (pos=<5117.533691, 59.589272, 7987.239746>) and got 2125.
10:47:39.210 [Market] Player "1DEADMANWALKIN" (id=zvk4zPulP_yUuFMB-icYMa26l-1hJKZFlbgWP-FPOcg=) has send a requested to sell bz_hk_bag3 x1 at the trader "Clothing_Accessories (Maria [#STR_EXPANSION_MARKET_TRADER_CLOTHING_ACCESSORIES])" in market zone "The Spire" (pos=<5117.533691, 59.589272, 7987.239746>).
10:47:39.308 [Market] Player "1DEADMANWALKIN" (id=zvk4zPulP_yUuFMB-icYMa26l-1hJKZFlbgWP-FPOcg=) has sold bz_hk_bag3 x1 at the trader "Clothing_Accessories (Maria [#STR_EXPANSION_MARKET_TRADER_CLOTHING_ACCESSORIES])" in market zone "The Spire" (pos=<5117.533691, 59.589272, 7987.239746>) and got 3500.
10:48:52.472 [Market] Player "1DEADMANWALKIN" (id=zvk4zPulP_yUuFMB-icYMa26l-1hJKZFlbgWP-FPOcg=) has send a requested to sell snafu_nightforce x1 at the trader "Attachments (Seth [#STR_EXPANSION_MARKET_TRADER_ATTACHMENTS])" in market zone "The Spire" (pos=<5117.533691, 59.589272, 7987.239746>).
10:48:52.625 [Market] Player "1DEADMANWALKIN" (id=zvk4zPulP_yUuFMB-icYMa26l-1hJKZFlbgWP-FPOcg=) has sold snafu_nightforce x1 at the trader "Attachments (Seth [#STR_EXPANSION_MARKET_TRADER_ATTACHMENTS])" in market zone "The Spire" (pos=<5117.533691, 59.589272, 7987.239746>) and got 225.
10:49:02.425 [Market] Player "1DEADMANWALKIN" (id=zvk4zPulP_yUuFMB-icYMa26l-1hJKZFlbgWP-FPOcg=) has send a requested to sell gcgn_m110_tan x1 at the trader "Attachments (Seth [#STR_EXPANSION_MARKET_TRADER_ATTACHMENTS])" in market zone "The Spire" (pos=<5117.533691, 59.589272, 7987.239746>).
10:49:02.539 [Market] Player "1DEADMANWALKIN" (id=zvk4zPulP_yUuFMB-icYMa26l-1hJKZFlbgWP-FPOcg=) has sold gcgn_m110_tan x1 at the trader "Attachments (Seth [#STR_EXPANSION_MARKET_TRADER_ATTACHMENTS])" in market zone "The Spire" (pos=<5117.533691, 59.589272, 7987.239746>) and got 8587.
10:49:03.402 [Market] Player "1DEADMANWALKIN" (id=zvk4zPulP_yUuFMB-icYMa26l-1hJKZFlbgWP-FPOcg=) has send a requested to sell gcgn_m110_tan x1 at the trader "Attachments (Seth [#STR_EXPANSION_MARKET_TRADER_ATTACHMENTS])" in market zone "The Spire" (pos=<5117.533691, 59.589272, 7987.239746>).
10:49:03.503 [Market] Player "1DEADMANWALKIN" (id=zvk4zPulP_yUuFMB-icYMa26l-1hJKZFlbgWP-FPOcg=) has sold gcgn_m110_tan x1 at the trader "Attachments (Seth [#STR_EXPANSION_MARKET_TRADER_ATTACHMENTS])" in market zone "The Spire" (pos=<5117.533691, 59.589272, 7987.239746>) and got 8437.
10:49:13.863 [Market] Player "1DEADMANWALKIN" (id=zvk4zPulP_yUuFMB-icYMa26l-1hJKZFlbgWP-FPOcg=) has send a requested to sell snafuvector_45acp_gun x1 at the trader "Attachments (Seth [#STR_EXPANSION_MARKET_TRADER_ATTACHMENTS])" in market zone "The Spire" (pos=<5117.533691, 59.589272, 7987.239746>).
10:49:13.964 [Market] Player "1DEADMANWALKIN" (id=zvk4zPulP_yUuFMB-icYMa26l-1hJKZFlbgWP-FPOcg=) has sold snafuvector_45acp_gun x1 at the trader "Attachments (Seth [#STR_EXPANSION_MARKET_TRADER_ATTACHMENTS])" in market zone "The Spire" (pos=<5117.533691, 59.589272, 7987.239746>) and got 281.
10:49:18.070 [Market] Player "1DEADMANWALKIN" (id=zvk4zPulP_yUuFMB-icYMa26l-1hJKZFlbgWP-FPOcg=) has send a requested to sell snafu_50bmg_suppressor_m x1 at the trader "Attachments (Seth [#STR_EXPANSION_MARKET_TRADER_ATTACHMENTS])" in market zone "The Spire" (pos=<5117.533691, 59.589272, 7987.239746>).
10:49:18.195 [Market] Player "1DEADMANWALKIN" (id=zvk4zPulP_yUuFMB-icYMa26l-1hJKZFlbgWP-FPOcg=) has sold snafu_50bmg_suppressor_m x1 at the trader "Attachments (Seth [#STR_EXPANSION_MARKET_TRADER_ATTACHMENTS])" in market zone "The Spire" (pos=<5117.533691, 59.589272, 7987.239746>) and got 225.
10:49:19.632 [Market] Player "1DEADMANWALKIN" (id=zvk4zPulP_yUuFMB-icYMa26l-1hJKZFlbgWP-FPOcg=) has send a requested to sell snafu_50bmg_suppressor_s x1 at the trader "Attachments (Seth [#STR_EXPANSION_MARKET_TRADER_ATTACHMENTS])" in market zone "The Spire" (pos=<5117.533691, 59.589272, 7987.239746>).
10:49:19.742 [Market] Player "1DEADMANWALKIN" (id=zvk4zPulP_yUuFMB-icYMa26l-1hJKZFlbgWP-FPOcg=) has sold snafu_50bmg_suppressor_s x1 at the trader "Attachments (Seth [#STR_EXPANSION_MARKET_TRADER_ATTACHMENTS])" in market zone "The Spire" (pos=<5117.533691, 59.589272, 7987.239746>) and got 300.
10:49:21.039 [Market] Player "1DEADMANWALKIN" (id=zvk4zPulP_yUuFMB-icYMa26l-1hJKZFlbgWP-FPOcg=) has send a requested to sell snafu_50bmg_suppressor_u x1 at the trader "Attachments (Seth [#STR_EXPANSION_MARKET_TRADER_ATTACHMENTS])" in market zone "The Spire" (pos=<5117.533691, 59.589272, 7987.239746>).
10:49:21.167 [Market] Player "1DEADMANWALKIN" (id=zvk4zPulP_yUuFMB-icYMa26l-1hJKZFlbgWP-FPOcg=) has sold snafu_50bmg_suppressor_u x1 at the trader "Attachments (Seth [#STR_EXPANSION_MARKET_TRADER_ATTACHMENTS])" in market zone "The Spire" (pos=<5117.533691, 59.589272, 7987.239746>) and got 300.
10:49:22.472 [Market] Player "1DEADMANWALKIN" (id=zvk4zPulP_yUuFMB-icYMa26l-1hJKZFlbgWP-FPOcg=) has send a requested to sell gcgn_m1garand_supp x1 at the trader "Attachments (Seth [#STR_EXPANSION_MARKET_TRADER_ATTACHMENTS])" in market zone "The Spire" (pos=<5117.533691, 59.589272, 7987.239746>).
10:49:22.585 [Market] Player "1DEADMANWALKIN" (id=zvk4zPulP_yUuFMB-icYMa26l-1hJKZFlbgWP-FPOcg=) has sold gcgn_m1garand_supp x1 at the trader "Attachments (Seth [#STR_EXPANSION_MARKET_TRADER_ATTACHMENTS])" in market zone "The Spire" (pos=<5117.533691, 59.589272, 7987.239746>) and got 75.
10:49:26.519 [Market] Player "1DEADMANWALKIN" (id=zvk4zPulP_yUuFMB-icYMa26l-1hJKZFlbgWP-FPOcg=) has send a requested to sell snafuar15_spr_sqsil x1 at the trader "Attachments (Seth [#STR_EXPANSION_MARKET_TRADER_ATTACHMENTS])" in market zone "The Spire" (pos=<5117.533691, 59.589272, 7987.239746>).
10:49:26.617 [Market] Player "1DEADMANWALKIN" (id=zvk4zPulP_yUuFMB-icYMa26l-1hJKZFlbgWP-FPOcg=) has sold snafuar15_spr_sqsil x1 at the trader "Attachments (Seth [#STR_EXPANSION_MARKET_TRADER_ATTACHMENTS])" in market zone "The Spire" (pos=<5117.533691, 59.589272, 7987.239746>) and got 150.
10:49:38.554 [Market] Player "1DEADMANWALKIN" (id=zvk4zPulP_yUuFMB-icYMa26l-1hJKZFlbgWP-FPOcg=) has send a requested to sell snafu_scarh_sil_black x1 at the trader "Attachments (Seth [#STR_EXPANSION_MARKET_TRADER_ATTACHMENTS])" in market zone "The Spire" (pos=<5117.533691, 59.589272, 7987.239746>).
10:49:38.695 [Market] Player "1DEADMANWALKIN" (id=zvk4zPulP_yUuFMB-icYMa26l-1hJKZFlbgWP-FPOcg=) has sold snafu_scarh_sil_black x1 at the trader "Attachments (Seth [#STR_EXPANSION_MARKET_TRADER_ATTACHMENTS])" in market zone "The Spire" (pos=<5117.533691, 59.589272, 7987.239746>) and got 150.
10:49:42.625 [Market] Player "1DEADMANWALKIN" (id=zvk4zPulP_yUuFMB-icYMa26l-1hJKZFlbgWP-FPOcg=) has send a requested to sell snafu_lstandardized_suppressor_black x1 at the trader "Attachments (Seth [#STR_EXPANSION_MARKET_TRADER_ATTACHMENTS])" in market zone "The Spire" (pos=<5117.533691, 59.589272, 7987.239746>).
10:49:42.781 [Market] Player "1DEADMANWALKIN" (id=zvk4zPulP_yUuFMB-icYMa26l-1hJKZFlbgWP-FPOcg=) has sold snafu_lstandardized_suppressor_black x1 at the trader "Attachments (Seth [#STR_EXPANSION_MARKET_TRADER_ATTACHMENTS])" in market zone "The Spire" (pos=<5117.533691, 59.589272, 7987.239746>) and got 225.
10:53:34.132 [Market] Player "1DEADMANWALKIN" (id=zvk4zPulP_yUuFMB-icYMa26l-1hJKZFlbgWP-FPOcg=) has send a requested to purchase snafu_standardized_suppressor_black x1 from the trader "Attachments (Seth [#STR_EXPANSION_MARKET_TRADER_ATTACHMENTS])" in market zone "The Spire" (pos=<5117.533691, 59.589272, 7987.239746>).
10:53:34.285 [Market] Player "1DEADMANWALKIN" (id=zvk4zPulP_yUuFMB-icYMa26l-1hJKZFlbgWP-FPOcg=) has bought snafu_standardized_suppressor_black x1 from the trader "Attachments (Seth [#STR_EXPANSION_MARKET_TRADER_ATTACHMENTS])" in market zone "The Spire" (pos=<5117.533691, 59.589272, 7987.239746>) for a price of 400.
10:53:35.417 [Market] Player "1DEADMANWALKIN" (id=zvk4zPulP_yUuFMB-icYMa26l-1hJKZFlbgWP-FPOcg=) has send a requested to purchase snafu_lnormalized_suppressor_black x1 from the trader "Attachments (Seth [#STR_EXPANSION_MARKET_TRADER_ATTACHMENTS])" in market zone "The Spire" (pos=<5117.533691, 59.589272, 7987.239746>).
10:53:35.613 [Market] Player "1DEADMANWALKIN" (id=zvk4zPulP_yUuFMB-icYMa26l-1hJKZFlbgWP-FPOcg=) has bought snafu_lnormalized_suppressor_black x1 from the trader "Attachments (Seth [#STR_EXPANSION_MARKET_TRADER_ATTACHMENTS])" in market zone "The Spire" (pos=<5117.533691, 59.589272, 7987.239746>) for a price of 400.
10:54:23.613 [Market] Player "1DEADMANWALKIN" (id=zvk4zPulP_yUuFMB-icYMa26l-1hJKZFlbgWP-FPOcg=) has send a requested to sell smallprotectorcase x1 at the trader "Components (Hassan [#STR_EXPANSION_MARKET_TRADER_COMPONENTS])" in market zone "The Spire" (pos=<5117.533691, 59.589272, 7987.239746>).
10:54:23.742 [Market] Player "1DEADMANWALKIN" (id=zvk4zPulP_yUuFMB-icYMa26l-1hJKZFlbgWP-FPOcg=) has sold smallprotectorcase x1 at the trader "Components (Hassan [#STR_EXPANSION_MARKET_TRADER_COMPONENTS])" in market zone "The Spire" (pos=<5117.533691, 59.589272, 7987.239746>) and got 26.
10:54:24.886 [Market] Player "1DEADMANWALKIN" (id=zvk4zPulP_yUuFMB-icYMa26l-1hJKZFlbgWP-FPOcg=) has send a requested to purchase smallprotectorcase x1 from the trader "Components (Hassan [#STR_EXPANSION_MARKET_TRADER_COMPONENTS])" in market zone "The Spire" (pos=<5117.533691, 59.589272, 7987.239746>).
10:54:25.027 [Market] Player "1DEADMANWALKIN" (id=zvk4zPulP_yUuFMB-icYMa26l-1hJKZFlbgWP-FPOcg=) has bought smallprotectorcase x1 from the trader "Components (Hassan [#STR_EXPANSION_MARKET_TRADER_COMPONENTS])" in market zone "The Spire" (pos=<5117.533691, 59.589272, 7987.239746>) for a price of 70.
10:54:41.316 [Market] Player "1DEADMANWALKIN" (id=zvk4zPulP_yUuFMB-icYMa26l-1hJKZFlbgWP-FPOcg=) has send a requested to purchase combinationlock x1 from the trader "Components (Hassan [#STR_EXPANSION_MARKET_TRADER_COMPONENTS])" in market zone "The Spire" (pos=<5117.533691, 59.589272, 7987.239746>).
10:54:41.464 [Market] Player "1DEADMANWALKIN" (id=zvk4zPulP_yUuFMB-icYMa26l-1hJKZFlbgWP-FPOcg=) has bought combinationlock x1 from the trader "Components (Hassan [#STR_EXPANSION_MARKET_TRADER_COMPONENTS])" in market zone "The Spire" (pos=<5117.533691, 59.589272, 7987.239746>) for a price of 700.
10:54:50.167 [Market] Player "1DEADMANWALKIN" (id=zvk4zPulP_yUuFMB-icYMa26l-1hJKZFlbgWP-FPOcg=) has send a requested to purchase epoxyputty x1 from the trader "Components (Hassan [#STR_EXPANSION_MARKET_TRADER_COMPONENTS])" in market zone "The Spire" (pos=<5117.533691, 59.589272, 7987.239746>).
10:54:50.300 [Market] Player "1DEADMANWALKIN" (id=zvk4zPulP_yUuFMB-icYMa26l-1hJKZFlbgWP-FPOcg=) has bought epoxyputty x1 from the trader "Components (Hassan [#STR_EXPANSION_MARKET_TRADER_COMPONENTS])" in market zone "The Spire" (pos=<5117.533691, 59.589272, 7987.239746>) for a price of 15.
10:55:06.785 [Market] Player "1DEADMANWALKIN" (id=zvk4zPulP_yUuFMB-icYMa26l-1hJKZFlbgWP-FPOcg=) has send a requested to purchase whetstone x1 from the trader "Components (Hassan [#STR_EXPANSION_MARKET_TRADER_COMPONENTS])" in market zone "The Spire" (pos=<5117.533691, 59.589272, 7987.239746>).
10:55:06.898 [Market] Player "1DEADMANWALKIN" (id=zvk4zPulP_yUuFMB-icYMa26l-1hJKZFlbgWP-FPOcg=) has bought whetstone x1 from the trader "Components (Hassan [#STR_EXPANSION_MARKET_TRADER_COMPONENTS])" in market zone "The Spire" (pos=<5117.533691, 59.589272, 7987.239746>) for a price of 5.
10:55:11.062 [Market] Player "1DEADMANWALKIN" (id=zvk4zPulP_yUuFMB-icYMa26l-1hJKZFlbgWP-FPOcg=) has send a requested to purchase wrench x1 from the trader "Components (Hassan [#STR_EXPANSION_MARKET_TRADER_COMPONENTS])" in market zone "The Spire" (pos=<5117.533691, 59.589272, 7987.239746>).
10:55:11.203 [Market] Player "1DEADMANWALKIN" (id=zvk4zPulP_yUuFMB-icYMa26l-1hJKZFlbgWP-FPOcg=) has bought wrench x1 from the trader "Components (Hassan [#STR_EXPANSION_MARKET_TRADER_COMPONENTS])" in market zone "The Spire" (pos=<5117.533691, 59.589272, 7987.239746>) for a price of 3.
10:55:33.578 [Market] Player "1DEADMANWALKIN" (id=zvk4zPulP_yUuFMB-icYMa26l-1hJKZFlbgWP-FPOcg=) has send a requested to purchase bloodtestkit x1 from the trader "Medicals (Helga [#STR_EXPANSION_MARKET_TRADER_MEDICALS])" in market zone "The Spire" (pos=<5117.533691, 59.589272, 7987.239746>).
10:55:33.691 [Market] Player "1DEADMANWALKIN" (id=zvk4zPulP_yUuFMB-icYMa26l-1hJKZFlbgWP-FPOcg=) has bought bloodtestkit x1 from the trader "Medicals (Helga [#STR_EXPANSION_MARKET_TRADER_MEDICALS])" in market zone "The Spire" (pos=<5117.533691, 59.589272, 7987.239746>) for a price of 5.
10:55:37.847 [Market] Player "1DEADMANWALKIN" (id=zvk4zPulP_yUuFMB-icYMa26l-1hJKZFlbgWP-FPOcg=) has send a requested to purchase startkitiv x1 from the trader "Medicals (Helga [#STR_EXPANSION_MARKET_TRADER_MEDICALS])" in market zone "The Spire" (pos=<5117.533691, 59.589272, 7987.239746>).
10:55:37.980 [Market] Player "1DEADMANWALKIN" (id=zvk4zPulP_yUuFMB-icYMa26l-1hJKZFlbgWP-FPOcg=) has bought startkitiv x1 from the trader "Medicals (Helga [#STR_EXPANSION_MARKET_TRADER_MEDICALS])" in market zone "The Spire" (pos=<5117.533691, 59.589272, 7987.239746>) for a price of 10.
10:59:36.160 [Market] Player "1DEADMANWALKIN" (id=zvk4zPulP_yUuFMB-icYMa26l-1hJKZFlbgWP-FPOcg=) has send a requested to sell snafu_sadar_stock x1 at the trader "Attachments (Seth [#STR_EXPANSION_MARKET_TRADER_ATTACHMENTS])" in market zone "The Spire" (pos=<5117.533691, 59.589272, 7987.239746>).
10:59:36.242 [Market] Player "1DEADMANWALKIN" (id=zvk4zPulP_yUuFMB-icYMa26l-1hJKZFlbgWP-FPOcg=) has sold snafu_sadar_stock x1 at the trader "Attachments (Seth [#STR_EXPANSION_MARKET_TRADER_ATTACHMENTS])" in market zone "The Spire" (pos=<5117.533691, 59.589272, 7987.239746>) and got 225.
10:59:39.144 [Market] Player "1DEADMANWALKIN" (id=zvk4zPulP_yUuFMB-icYMa26l-1hJKZFlbgWP-FPOcg=) has send a requested to sell snafu_m249stock x1 at the trader "Attachments (Seth [#STR_EXPANSION_MARKET_TRADER_ATTACHMENTS])" in market zone "The Spire" (pos=<5117.533691, 59.589272, 7987.239746>).
10:59:39.261 [Market] Player "1DEADMANWALKIN" (id=zvk4zPulP_yUuFMB-icYMa26l-1hJKZFlbgWP-FPOcg=) has sold snafu_m249stock x1 at the trader "Attachments (Seth [#STR_EXPANSION_MARKET_TRADER_ATTACHMENTS])" in market zone "The Spire" (pos=<5117.533691, 59.589272, 7987.239746>) and got 150.
11:02:27.929 [Market] Player "1DEADMANWALKIN" (id=zvk4zPulP_yUuFMB-icYMa26l-1hJKZFlbgWP-FPOcg=) has send a requested to purchase snafukivaari_black_gun x1 from the trader "Attachments (Seth [#STR_EXPANSION_MARKET_TRADER_ATTACHMENTS])" in market zone "The Spire" (pos=<5117.533691, 59.589272, 7987.239746>).
11:02:28.058 [Market] Player "1DEADMANWALKIN" (id=zvk4zPulP_yUuFMB-icYMa26l-1hJKZFlbgWP-FPOcg=) has bought snafukivaari_black_gun x1 from the trader "Attachments (Seth [#STR_EXPANSION_MARKET_TRADER_ATTACHMENTS])" in market zone "The Spire" (pos=<5117.533691, 59.589272, 7987.239746>) for a price of 15000.
11:04:38.660 [Market] Player "1DEADMANWALKIN" (id=zvk4zPulP_yUuFMB-icYMa26l-1hJKZFlbgWP-FPOcg=) has send a requested to sell snafugevar_black x1 at the trader "Attachments (Seth [#STR_EXPANSION_MARKET_TRADER_ATTACHMENTS])" in market zone "The Spire" (pos=<5117.533691, 59.589272, 7987.239746>).
11:04:38.785 [Market] Player "1DEADMANWALKIN" (id=zvk4zPulP_yUuFMB-icYMa26l-1hJKZFlbgWP-FPOcg=) has sold snafugevar_black x1 at the trader "Attachments (Seth [#STR_EXPANSION_MARKET_TRADER_ATTACHMENTS])" in market zone "The Spire" (pos=<5117.533691, 59.589272, 7987.239746>) and got 11250.
11:05:13.250 [Market] Player "1DEADMANWALKIN" (id=zvk4zPulP_yUuFMB-icYMa26l-1hJKZFlbgWP-FPOcg=) has send a requested to sell snafuppskn x1 at the trader "Attachments (Seth [#STR_EXPANSION_MARKET_TRADER_ATTACHMENTS])" in market zone "The Spire" (pos=<5117.533691, 59.589272, 7987.239746>).
11:05:13.335 [Market] Player "1DEADMANWALKIN" (id=zvk4zPulP_yUuFMB-icYMa26l-1hJKZFlbgWP-FPOcg=) has sold snafuppskn x1 at the trader "Attachments (Seth [#STR_EXPANSION_MARKET_TRADER_ATTACHMENTS])" in market zone "The Spire" (pos=<5117.533691, 59.589272, 7987.239746>) and got 5167.
11:05:45.000 [Market] Player "1DEADMANWALKIN" (id=zvk4zPulP_yUuFMB-icYMa26l-1hJKZFlbgWP-FPOcg=) has send a requested to purchase snafu_mar10_15rnd_mag x1 from the trader "Attachments (Seth [#STR_EXPANSION_MARKET_TRADER_ATTACHMENTS])" in market zone "The Spire" (pos=<5117.533691, 59.589272, 7987.239746>).
11:05:45.214 [Market] Player "1DEADMANWALKIN" (id=zvk4zPulP_yUuFMB-icYMa26l-1hJKZFlbgWP-FPOcg=) has bought snafu_mar10_15rnd_mag x1 from the trader "Attachments (Seth [#STR_EXPANSION_MARKET_TRADER_ATTACHMENTS])" in market zone "The Spire" (pos=<5117.533691, 59.589272, 7987.239746>) for a price of 460.
11:05:45.867 [Market] Player "1DEADMANWALKIN" (id=zvk4zPulP_yUuFMB-icYMa26l-1hJKZFlbgWP-FPOcg=) has send a requested to purchase snafu_mar10_15rnd_mag x1 from the trader "Attachments (Seth [#STR_EXPANSION_MARKET_TRADER_ATTACHMENTS])" in market zone "The Spire" (pos=<5117.533691, 59.589272, 7987.239746>).
11:05:45.992 [Market] Player "1DEADMANWALKIN" (id=zvk4zPulP_yUuFMB-icYMa26l-1hJKZFlbgWP-FPOcg=) has bought snafu_mar10_15rnd_mag x1 from the trader "Attachments (Seth [#STR_EXPANSION_MARKET_TRADER_ATTACHMENTS])" in market zone "The Spire" (pos=<5117.533691, 59.589272, 7987.239746>) for a price of 460.
11:05:46.781 [Market] Player "1DEADMANWALKIN" (id=zvk4zPulP_yUuFMB-icYMa26l-1hJKZFlbgWP-FPOcg=) has send a requested to purchase snafu_mar10_15rnd_mag x1 from the trader "Attachments (Seth [#STR_EXPANSION_MARKET_TRADER_ATTACHMENTS])" in market zone "The Spire" (pos=<5117.533691, 59.589272, 7987.239746>).
11:05:46.894 [Market] Player "1DEADMANWALKIN" (id=zvk4zPulP_yUuFMB-icYMa26l-1hJKZFlbgWP-FPOcg=) has bought snafu_mar10_15rnd_mag x1 from the trader "Attachments (Seth [#STR_EXPANSION_MARKET_TRADER_ATTACHMENTS])" in market zone "The Spire" (pos=<5117.533691, 59.589272, 7987.239746>) for a price of 460.
11:05:47.777 [Market] Player "1DEADMANWALKIN" (id=zvk4zPulP_yUuFMB-icYMa26l-1hJKZFlbgWP-FPOcg=) has send a requested to purchase snafu_mar10_15rnd_mag x1 from the trader "Attachments (Seth [#STR_EXPANSION_MARKET_TRADER_ATTACHMENTS])" in market zone "The Spire" (pos=<5117.533691, 59.589272, 7987.239746>).
11:05:47.894 [Market] Player "1DEADMANWALKIN" (id=zvk4zPulP_yUuFMB-icYMa26l-1hJKZFlbgWP-FPOcg=) has bought snafu_mar10_15rnd_mag x1 from the trader "Attachments (Seth [#STR_EXPANSION_MARKET_TRADER_ATTACHMENTS])" in market zone "The Spire" (pos=<5117.533691, 59.589272, 7987.239746>) for a price of 460.
11:06:55.855 [Market] Player "1DEADMANWALKIN" (id=zvk4zPulP_yUuFMB-icYMa26l-1hJKZFlbgWP-FPOcg=) has send a requested to purchase snafukivaari_338_supp x1 from the trader "Attachments (Seth [#STR_EXPANSION_MARKET_TRADER_ATTACHMENTS])" in market zone "The Spire" (pos=<5117.533691, 59.589272, 7987.239746>).
11:06:56.007 [Market] Player "1DEADMANWALKIN" (id=zvk4zPulP_yUuFMB-icYMa26l-1hJKZFlbgWP-FPOcg=) has bought snafukivaari_338_supp x1 from the trader "Attachments (Seth [#STR_EXPANSION_MARKET_TRADER_ATTACHMENTS])" in market zone "The Spire" (pos=<5117.533691, 59.589272, 7987.239746>) for a price of 400.
11:08:24.207 [Market] Player "1DEADMANWALKIN" (id=zvk4zPulP_yUuFMB-icYMa26l-1hJKZFlbgWP-FPOcg=) has send a requested to sell snafu_adar_modular16_gun x1 at the trader "Attachments (Seth [#STR_EXPANSION_MARKET_TRADER_ATTACHMENTS])" in market zone "The Spire" (pos=<5117.533691, 59.589272, 7987.239746>).
11:08:24.429 [Market] Player "1DEADMANWALKIN" (id=zvk4zPulP_yUuFMB-icYMa26l-1hJKZFlbgWP-FPOcg=) has sold snafu_adar_modular16_gun x1 at the trader "Attachments (Seth [#STR_EXPANSION_MARKET_TRADER_ATTACHMENTS])" in market zone "The Spire" (pos=<5117.533691, 59.589272, 7987.239746>) and got 6750.
11:08:29.136 [Market] Player "1DEADMANWALKIN" (id=zvk4zPulP_yUuFMB-icYMa26l-1hJKZFlbgWP-FPOcg=) has send a requested to sell snafu_mk15 x1 at the trader "Attachments (Seth [#STR_EXPANSION_MARKET_TRADER_ATTACHMENTS])" in market zone "The Spire" (pos=<5117.533691, 59.589272, 7987.239746>).
11:08:29.246 [Market] Player "1DEADMANWALKIN" (id=zvk4zPulP_yUuFMB-icYMa26l-1hJKZFlbgWP-FPOcg=) has sold snafu_mk15 x1 at the trader "Attachments (Seth [#STR_EXPANSION_MARKET_TRADER_ATTACHMENTS])" in market zone "The Spire" (pos=<5117.533691, 59.589272, 7987.239746>) and got 225.
11:08:46.664 [Market] Player "1DEADMANWALKIN" (id=zvk4zPulP_yUuFMB-icYMa26l-1hJKZFlbgWP-FPOcg=) has send a requested to sell snafu_tacgripcolta2_bk x1 at the trader "Attachments (Seth [#STR_EXPANSION_MARKET_TRADER_ATTACHMENTS])" in market zone "The Spire" (pos=<5117.533691, 59.589272, 7987.239746>).
11:08:46.792 [Market] Player "1DEADMANWALKIN" (id=zvk4zPulP_yUuFMB-icYMa26l-1hJKZFlbgWP-FPOcg=) has sold snafu_tacgripcolta2_bk x1 at the trader "Attachments (Seth [#STR_EXPANSION_MARKET_TRADER_ATTACHMENTS])" in market zone "The Spire" (pos=<5117.533691, 59.589272, 7987.239746>) and got 75.
11:09:12.960 [Market] Player "1DEADMANWALKIN" (id=zvk4zPulP_yUuFMB-icYMa26l-1hJKZFlbgWP-FPOcg=) has send a requested to purchase snafu_ammo_338 x100 from the trader "Attachments (Seth [#STR_EXPANSION_MARKET_TRADER_ATTACHMENTS])" in market zone "The Spire" (pos=<5117.533691, 59.589272, 7987.239746>).
11:09:13.066 [Market] Player "1DEADMANWALKIN" (id=zvk4zPulP_yUuFMB-icYMa26l-1hJKZFlbgWP-FPOcg=) has bought snafu_ammo_338 x100 from the trader "Attachments (Seth [#STR_EXPANSION_MARKET_TRADER_ATTACHMENTS])" in market zone "The Spire" (pos=<5117.533691, 59.589272, 7987.239746>) for a price of 400.
11:20:03.453 [Market] Player "1DEADMANWALKIN" (id=zvk4zPulP_yUuFMB-icYMa26l-1hJKZFlbgWP-FPOcg=) has send a requested to purchase bz_black_bag3 x1 from the trader "Clothing_Accessories (Maria [#STR_EXPANSION_MARKET_TRADER_CLOTHING_ACCESSORIES])" in market zone "The Spire" (pos=<5117.533691, 59.589272, 7987.239746>).
11:20:03.578 [Market] Player "1DEADMANWALKIN" (id=zvk4zPulP_yUuFMB-icYMa26l-1hJKZFlbgWP-FPOcg=) has bought bz_black_bag3 x1 from the trader "Clothing_Accessories (Maria [#STR_EXPANSION_MARKET_TRADER_CLOTHING_ACCESSORIES])" in market zone "The Spire" (pos=<5117.533691, 59.589272, 7987.239746>) for a price of 7000.
11:20:10.656 [Market] Player "1DEADMANWALKIN" (id=zvk4zPulP_yUuFMB-icYMa26l-1hJKZFlbgWP-FPOcg=) has send a requested to sell bz_black_bag3 x1 at the trader "Clothing_Accessories (Maria [#STR_EXPANSION_MARKET_TRADER_CLOTHING_ACCESSORIES])" in market zone "The Spire" (pos=<5117.533691, 59.589272, 7987.239746>).
11:20:10.757 [Market] Player "1DEADMANWALKIN" (id=zvk4zPulP_yUuFMB-icYMa26l-1hJKZFlbgWP-FPOcg=) has sold bz_black_bag3 x1 at the trader "Clothing_Accessories (Maria [#STR_EXPANSION_MARKET_TRADER_CLOTHING_ACCESSORIES])" in market zone "The Spire" (pos=<5117.533691, 59.589272, 7987.239746>) and got 7000.
11:20:50.902 [Market] Player "1DEADMANWALKIN" (id=zvk4zPulP_yUuFMB-icYMa26l-1hJKZFlbgWP-FPOcg=) has send a requested to sell bz_monster_sneakers x1 at the trader "Clothing (Cyril [#STR_EXPANSION_MARKET_TRADER_CLOTHING])" in market zone "The Spire" (pos=<5117.533691, 59.589272, 7987.239746>).
11:20:51.003 [Market] Player "1DEADMANWALKIN" (id=zvk4zPulP_yUuFMB-icYMa26l-1hJKZFlbgWP-FPOcg=) has sold bz_monster_sneakers x1 at the trader "Clothing (Cyril [#STR_EXPANSION_MARKET_TRADER_CLOTHING])" in market zone "The Spire" (pos=<5117.533691, 59.589272, 7987.239746>) and got 7000.
11:21:14.175 [Market] Player "1DEADMANWALKIN" (id=zvk4zPulP_yUuFMB-icYMa26l-1hJKZFlbgWP-FPOcg=) has send a requested to sell snafu_50bmg_suppressor_m x1 at the trader "Attachments (Seth [#STR_EXPANSION_MARKET_TRADER_ATTACHMENTS])" in market zone "The Spire" (pos=<5117.533691, 59.589272, 7987.239746>).
11:21:14.273 [Market] Player "1DEADMANWALKIN" (id=zvk4zPulP_yUuFMB-icYMa26l-1hJKZFlbgWP-FPOcg=) has sold snafu_50bmg_suppressor_m x1 at the trader "Attachments (Seth [#STR_EXPANSION_MARKET_TRADER_ATTACHMENTS])" in market zone "The Spire" (pos=<5117.533691, 59.589272, 7987.239746>) and got 300.
11:21:15.949 [Market] Player "1DEADMANWALKIN" (id=zvk4zPulP_yUuFMB-icYMa26l-1hJKZFlbgWP-FPOcg=) has send a requested to sell snafu_50bmg_suppressor_m x1 at the trader "Attachments (Seth [#STR_EXPANSION_MARKET_TRADER_ATTACHMENTS])" in market zone "The Spire" (pos=<5117.533691, 59.589272, 7987.239746>).
11:21:16.062 [Market] Player "1DEADMANWALKIN" (id=zvk4zPulP_yUuFMB-icYMa26l-1hJKZFlbgWP-FPOcg=) has sold snafu_50bmg_suppressor_m x1 at the trader "Attachments (Seth [#STR_EXPANSION_MARKET_TRADER_ATTACHMENTS])" in market zone "The Spire" (pos=<5117.533691, 59.589272, 7987.239746>) and got 150.
11:21:18.605 [Market] Player "1DEADMANWALKIN" (id=zvk4zPulP_yUuFMB-icYMa26l-1hJKZFlbgWP-FPOcg=) has send a requested to sell snafu_spmod x1 at the trader "Attachments (Seth [#STR_EXPANSION_MARKET_TRADER_ATTACHMENTS])" in market zone "The Spire" (pos=<5117.533691, 59.589272, 7987.239746>).
11:21:18.714 [Market] Player "1DEADMANWALKIN" (id=zvk4zPulP_yUuFMB-icYMa26l-1hJKZFlbgWP-FPOcg=) has sold snafu_spmod x1 at the trader "Attachments (Seth [#STR_EXPANSION_MARKET_TRADER_ATTACHMENTS])" in market zone "The Spire" (pos=<5117.533691, 59.589272, 7987.239746>) and got 300.
11:22:15.226 [ATM] Player "1DEADMANWALKIN" (id=zvk4zPulP_yUuFMB-icYMa26l-1hJKZFlbgWP-FPOcg=) has deposited 150000 on his ATM account.
11:23:49.972 [Market] Player "1DEADMANWALKIN" (id=zvk4zPulP_yUuFMB-icYMa26l-1hJKZFlbgWP-FPOcg=) has send a requested to purchase tunacan x10 from the trader "Consumables (Maria [#STR_EXPANSION_MARKET_TRADER_CONSUMABLES])" in market zone "The Spire" (pos=<5117.533691, 59.589272, 7987.239746>).
11:23:50.089 [Market] Player "1DEADMANWALKIN" (id=zvk4zPulP_yUuFMB-icYMa26l-1hJKZFlbgWP-FPOcg=) has bought tunacan x10 from the trader "Consumables (Maria [#STR_EXPANSION_MARKET_TRADER_CONSUMABLES])" in market zone "The Spire" (pos=<5117.533691, 59.589272, 7987.239746>) for a price of 150.
11:25:32.050 [Party] Player "1DEADMANWALKIN" (id=zvk4zPulP_yUuFMB-icYMa26l-1hJKZFlbgWP-FPOcg=) left the party "OSS" (id=0 ownerUID=_i471QtP-cQO7LGlvQxSkkb6U2OdaENSi4dYAnCjv04= ownerName=NOVAKILLSFORYOU)
11:25:53.703 [Party] Player "NOVAKILLSFORYOU" (id=_i471QtP-cQO7LGlvQxSkkb6U2OdaENSi4dYAnCjv04=) left the party "OSS" (id=0 ownerUID=_i471QtP-cQO7LGlvQxSkkb6U2OdaENSi4dYAnCjv04= ownerName=NOVAKILLSFORYOU)
