12:37:31.851 [Safezone] Player "NOVAKILLSFORYOU" (id=_i471QtP-cQO7LGlvQxSkkb6U2OdaENSi4dYAnCjv04= pos=<7545.853027, 88.244873, 4619.630371>) Entered the safezone
12:37:31.851 [Party] Player "NOVAKILLSFORYOU" (id=_i471QtP-cQO7LGlvQxSkkb6U2OdaENSi4dYAnCjv04=) joinded the party "OSS" (id=0 ownerUID=_i471QtP-cQO7LGlvQxSkkb6U2OdaENSi4dYAnCjv04= ownerName=NOVAKILLSFORYOU)
12:37:31.871 [Expansion Quests] - InitQuestSystemClient - Loaded existing player quest data for player with UID: _i471QtP-cQO7LGlvQxSkkb6U2OdaENSi4dYAnCjv04=
12:37:31.871 [Expansion Quests] - LoadGroupQuestData - Loaded existing group quest data for group with ID: 0
12:37:31.871 [Expansion Quests] - Create new quest instance for quest: 8 - Player UID: _i471QtP-cQO7LGlvQxSkkb6U2OdaENSi4dYAnCjv04=
12:37:31.871 [Expansion Quests] - Create new quest instance for quest: 9 - Player UID: _i471QtP-cQO7LGlvQxSkkb6U2OdaENSi4dYAnCjv04=
12:37:31.875 [Expansion Quests] - Create new quest instance for quest: 11 - Player UID: _i471QtP-cQO7LGlvQxSkkb6U2OdaENSi4dYAnCjv04=
12:37:31.894 [AI Patrol] Spawning 2 Milo-Ashville bots at <6954.189453, 48.413784, 3919.733398>
12:37:32.703 [Expansion Quests] - LoadGroupQuestData - Got cached group quest data for group with ID: 0
12:38:34.230 [AI Patrol] Spawning 2 Powerplant bots at <5007.899414, 10.887732, 7340.798340>
12:39:47.042 [Safezone] Player "NOVAKILLSFORYOU" (id=_i471QtP-cQO7LGlvQxSkkb6U2OdaENSi4dYAnCjv04= pos=<9972.685547, 1.679992, 9634.997070>) Left the safezone
12:41:49.460 [MissionAirdrop] An airdrop is heading towards "Oceanville" (pos=<10179.000000, 0.000000, 4722.000000> type=Random_Oceanville) with a ExpansionAirdropContainer_Military
12:51:17.992 [Party] Player "NOVAKILLSFORYOU" (id=_i471QtP-cQO7LGlvQxSkkb6U2OdaENSi4dYAnCjv04=) left the party "OSS" (id=0 ownerUID=_i471QtP-cQO7LGlvQxSkkb6U2OdaENSi4dYAnCjv04= ownerName=NOVAKILLSFORYOU)
12:55:34.421 [Party] Player "NOVAKILLSFORYOU" (id=_i471QtP-cQO7LGlvQxSkkb6U2OdaENSi4dYAnCjv04=) joinded the party "OSS" (id=0 ownerUID=_i471QtP-cQO7LGlvQxSkkb6U2OdaENSi4dYAnCjv04= ownerName=NOVAKILLSFORYOU)
12:55:34.441 [Expansion Quests] - InitQuestSystemClient - Loaded existing player quest data for player with UID: _i471QtP-cQO7LGlvQxSkkb6U2OdaENSi4dYAnCjv04=
12:55:34.441 [Expansion Quests] - LoadGroupQuestData - Got cached group quest data for group with ID: 0
12:55:34.441 [Expansion Quests] - Create new quest instance for quest: 8 - Player UID: _i471QtP-cQO7LGlvQxSkkb6U2OdaENSi4dYAnCjv04=
12:55:34.441 [Expansion Quests] - Create new quest instance for quest: 9 - Player UID: _i471QtP-cQO7LGlvQxSkkb6U2OdaENSi4dYAnCjv04=
12:55:34.445 [Expansion Quests] - Create new quest instance for quest: 11 - Player UID: _i471QtP-cQO7LGlvQxSkkb6U2OdaENSi4dYAnCjv04=
12:55:35.171 [Expansion Quests] - LoadGroupQuestData - Got cached group quest data for group with ID: 0
13:17:31.367 [Party] Player "MGM_762" (id=6CBOabJUM7Qqd7NEG4Do-ueQ7Uqvietj4ODcWmz64j4=) joinded the party "OSS" (id=0 ownerUID=_i471QtP-cQO7LGlvQxSkkb6U2OdaENSi4dYAnCjv04= ownerName=NOVAKILLSFORYOU)
13:17:31.414 [Expansion Quests] - InitQuestSystemClient - Loaded existing player quest data for player with UID: 6CBOabJUM7Qqd7NEG4Do-ueQ7Uqvietj4ODcWmz64j4=
13:17:31.414 [Expansion Quests] - LoadGroupQuestData - Got cached group quest data for group with ID: 0
13:17:31.417 [Expansion Quests] - Create new quest instance for quest: 8 - Player UID: 6CBOabJUM7Qqd7NEG4Do-ueQ7Uqvietj4ODcWmz64j4=
13:17:31.417 [Expansion Quests] - Create new quest instance for quest: 9 - Player UID: 6CBOabJUM7Qqd7NEG4Do-ueQ7Uqvietj4ODcWmz64j4=
13:17:31.417 [Expansion Quests] - Create new quest instance for quest: 11 - Player UID: 6CBOabJUM7Qqd7NEG4Do-ueQ7Uqvietj4ODcWmz64j4=
13:17:32.132 [Expansion Quests] - LoadGroupQuestData - Got cached group quest data for group with ID: 0
13:23:01.550 [VehicleDeleted] ExpansionUAZ (id=A1FA22DAE148F99D4359CD8E61C37936 pos=<-0.001685, 0.798157, 0.148879>)
13:23:01.566 [VehicleDeleted] ExpansionUAZ (id=A0BA19F60041FD2B86E2ED9022273CFB pos=<3203.933105, 1.245959, 1647.997803>)
13:23:01.570 [VirtualGarage] Player "NOVAKILLSFORYOU" (id=_i471QtP-cQO7LGlvQxSkkb6U2OdaENSi4dYAnCjv04= pos=<3202.935303, 2.381991, 1658.322754>) stored a vehicle "ExpansionUAZ" (GlobalID=80000000800000008000000080002A87 pos=<3203.933105, 1.245959, 1647.997803>)
13:23:04.746 [VehicleDeleted] RFWC_DragBoat_Punisher (id=2CF3A861A14D6E377D479D836A123584 pos=<0.003438, 0.133472, 0.062345>)
13:23:04.757 [VehicleDeleted] RFWC_DragBoat_Punisher (id=5B9913130B45F1D513801CA8C086B8CB pos=<3198.855957, 0.105714, 1633.504395>)
13:23:04.761 [VirtualGarage] Player "NOVAKILLSFORYOU" (id=_i471QtP-cQO7LGlvQxSkkb6U2OdaENSi4dYAnCjv04= pos=<3202.935303, 2.381991, 1658.322754>) stored a vehicle "RFWC_DragBoat_Punisher" (GlobalID=800000008000000080000000800032A2 pos=<3198.855957, -0.468914, 1633.504395>)
13:23:08.367 [VehicleDeleted] RFWC_Seadoo_Green (id=1B53BADEC24559788897D188D6BA869B pos=<0.005640, 0.001733, 0.009462>)
13:23:08.382 [VehicleDeleted] RFWC_Seadoo_Green (id=A668B2F5B44E0F5D8E69EF8936903FD2 pos=<3181.715332, 0.168615, 1649.382690>)
13:23:08.382 [VirtualGarage] Player "NOVAKILLSFORYOU" (id=_i471QtP-cQO7LGlvQxSkkb6U2OdaENSi4dYAnCjv04= pos=<3202.935303, 2.381991, 1658.322754>) stored a vehicle "RFWC_Seadoo_Green" (GlobalID=8000000080000000800000008000377E pos=<3181.715332, -0.189655, 1649.382690>)
13:23:13.195 [VehicleDeleted] RFWC_Seadoo_Orange (id=E45767D29F46BF6E0F3407B43E3C3ACB pos=<0.005640, 0.001733, 0.009462>)
13:23:13.210 [VehicleDeleted] RFWC_Seadoo_Orange (id=7F8F9D024F4A25C5788F139D8ED94D04 pos=<3193.872559, 0.569345, 1639.876709>)
13:23:13.210 [VirtualGarage] Player "NOVAKILLSFORYOU" (id=_i471QtP-cQO7LGlvQxSkkb6U2OdaENSi4dYAnCjv04= pos=<3202.935303, 2.381991, 1658.322754>) stored a vehicle "RFWC_Seadoo_Orange" (GlobalID=8000000080000000800000008000377D pos=<3193.872559, 0.211076, 1639.876709>)
13:23:16.375 [VehicleDeleted] ExpansionUAZCargoRoofless (id=933C534D3B4547814C744F855438160F pos=<-0.016775, 0.677601, 0.025196>)
13:23:16.390 [VehicleDeleted] ExpansionUAZCargoRoofless (id=F4DE533AD4412CDDE5E33685E3E6A87A pos=<3198.804688, 2.055216, 1656.135986>)
13:23:16.394 [VirtualGarage] Player "NOVAKILLSFORYOU" (id=_i471QtP-cQO7LGlvQxSkkb6U2OdaENSi4dYAnCjv04= pos=<3202.935303, 2.381991, 1658.322754>) stored a vehicle "ExpansionUAZCargoRoofless" (GlobalID=80000000800000008000000080003180 pos=<3198.804688, 2.055216, 1656.135986>)
13:23:19.722 [VehicleDeleted] RFWC_Seadoo_Camo (id=7BBDA1146147F86C93B3F695D1BE3EA1 pos=<0.005640, 0.001733, 0.009462>)
13:23:19.738 [VehicleDeleted] RFWC_Seadoo_Camo (id=5A843DF01D450FDE26B56FBCF92B071D pos=<3185.801025, 0.103515, 1643.982666>)
13:23:19.742 [VirtualGarage] Player "NOVAKILLSFORYOU" (id=_i471QtP-cQO7LGlvQxSkkb6U2OdaENSi4dYAnCjv04= pos=<3202.935303, 2.381991, 1658.322754>) stored a vehicle "RFWC_Seadoo_Camo" (GlobalID=800000008000000080000000800036D7 pos=<3185.801025, -0.254754, 1643.982666>)
13:23:46.390 [VehicleEnter] Player NOVAKILLSFORYOU [uid=_i471QtP-cQO7LGlvQxSkkb6U2OdaENSi4dYAnCjv04=] entered vehicle Mh-6 Little Bird (id=CB2CA3CFD74BDA576C8C738DFF264E89 pos=<3226.581055, 9.045482, 1651.911133>) as pilot
13:23:53.183 [VehicleLeave] Player NOVAKILLSFORYOU [uid=_i471QtP-cQO7LGlvQxSkkb6U2OdaENSi4dYAnCjv04=] left vehicle Mh-6 Little Bird (id=CB2CA3CFD74BDA576C8C738DFF264E89 pos=<3226.581299, 9.045485, 1651.911011>)
13:24:07.132 [VehicleEnter] Player NOVAKILLSFORYOU [uid=_i471QtP-cQO7LGlvQxSkkb6U2OdaENSi4dYAnCjv04=] entered vehicle Mh-6 Little Bird (id=CB2CA3CFD74BDA576C8C738DFF264E89 pos=<3226.581787, 9.045489, 1651.910767>) as pilot
13:24:13.765 [VehicleEngine] Player NOVAKILLSFORYOU [uid=_i471QtP-cQO7LGlvQxSkkb6U2OdaENSi4dYAnCjv04=] started vehicle Mh-6 Little Bird (id=CB2CA3CFD74BDA576C8C738DFF264E89 pos=<3226.581787, 9.045492, 1651.910645>)
13:24:28.296 [VehicleLeave] Player NOVAKILLSFORYOU [uid=_i471QtP-cQO7LGlvQxSkkb6U2OdaENSi4dYAnCjv04=] left vehicle Mh-6 Little Bird (id=CB2CA3CFD74BDA576C8C738DFF264E89 pos=<3226.582275, 9.045495, 1651.910400>)
13:27:36.101 [VehicleEnter] Player NOVAKILLSFORYOU [uid=_i471QtP-cQO7LGlvQxSkkb6U2OdaENSi4dYAnCjv04=] entered vehicle Mh-6 Little Bird (id=CB2CA3CFD74BDA576C8C738DFF264E89 pos=<3226.586426, 9.045542, 1651.907471>) as pilot
13:27:46.878 [VehicleEngine] Player NOVAKILLSFORYOU [uid=_i471QtP-cQO7LGlvQxSkkb6U2OdaENSi4dYAnCjv04=] started vehicle Mh-6 Little Bird (id=CB2CA3CFD74BDA576C8C738DFF264E89 pos=<3226.586670, 9.045542, 1651.907227>)
13:27:53.109 [VehicleEnter] Player MGM_762 [uid=6CBOabJUM7Qqd7NEG4Do-ueQ7Uqvietj4ODcWmz64j4=] entered vehicle Mh-6 Little Bird (id=CB2CA3CFD74BDA576C8C738DFF264E89 pos=<3226.586914, 9.045544, 1651.907227>) as passenger
13:28:34.726 [AI Patrol] Spawning 1 East bots at <4429.438965, 4.407879, 2846.787598>
13:29:13.835 [AI Patrol] Spawning 1 East bots at <4432.999512, 8.921876, 4437.125977>
13:31:11.621 [Safezone] Player "MGM_762" (id=6CBOabJUM7Qqd7NEG4Do-ueQ7Uqvietj4ODcWmz64j4= pos=<5024.750977, 140.017456, 7811.476563>) Entered the safezone
13:31:11.625 [Safezone] Player "NOVAKILLSFORYOU" (id=_i471QtP-cQO7LGlvQxSkkb6U2OdaENSi4dYAnCjv04= pos=<5023.970703, 140.003143, 7811.567383>) Entered the safezone
13:31:38.292 [VehicleEngine] Player NOVAKILLSFORYOU [uid=_i471QtP-cQO7LGlvQxSkkb6U2OdaENSi4dYAnCjv04=] stopped vehicle Mh-6 Little Bird (id=CB2CA3CFD74BDA576C8C738DFF264E89 pos=<5081.807129, 61.061649, 7991.437012>)
13:31:44.785 [VehicleLeave] Player MGM_762 [uid=6CBOabJUM7Qqd7NEG4Do-ueQ7Uqvietj4ODcWmz64j4=] left vehicle Mh-6 Little Bird (id=CB2CA3CFD74BDA576C8C738DFF264E89 pos=<5081.574219, 59.423153, 7991.864746>)
13:31:46.558 [VehicleLeave] Player NOVAKILLSFORYOU [uid=_i471QtP-cQO7LGlvQxSkkb6U2OdaENSi4dYAnCjv04=] left vehicle Mh-6 Little Bird (id=CB2CA3CFD74BDA576C8C738DFF264E89 pos=<5081.574219, 59.423149, 7991.864746>)
13:38:21.734 [ATM] Player "NOVAKILLSFORYOU" (id=_i471QtP-cQO7LGlvQxSkkb6U2OdaENSi4dYAnCjv04=) has deposited 75058 on his ATM account.
13:43:06.886 [Market] Player "MGM_762" (id=6CBOabJUM7Qqd7NEG4Do-ueQ7Uqvietj4ODcWmz64j4=) has send a requested to sell ammo_expansion_338 x1 at the trader "Weapons (Mirek [#STR_EXPANSION_MARKET_TRADER_WEAPONS])" in market zone "The Spire" (pos=<5117.533691, 59.589272, 7987.239746>).
13:43:06.980 [Market] Player "MGM_762" (id=6CBOabJUM7Qqd7NEG4Do-ueQ7Uqvietj4ODcWmz64j4=) has sold ammo_expansion_338 x1 at the trader "Weapons (Mirek [#STR_EXPANSION_MARKET_TRADER_WEAPONS])" in market zone "The Spire" (pos=<5117.533691, 59.589272, 7987.239746>) and got 1.
13:43:07.492 [Market] Player "MGM_762" (id=6CBOabJUM7Qqd7NEG4Do-ueQ7Uqvietj4ODcWmz64j4=) has send a requested to sell ammo_expansion_338 x1 at the trader "Weapons (Mirek [#STR_EXPANSION_MARKET_TRADER_WEAPONS])" in market zone "The Spire" (pos=<5117.533691, 59.589272, 7987.239746>).
13:43:07.613 [Market] Player "MGM_762" (id=6CBOabJUM7Qqd7NEG4Do-ueQ7Uqvietj4ODcWmz64j4=) has sold ammo_expansion_338 x1 at the trader "Weapons (Mirek [#STR_EXPANSION_MARKET_TRADER_WEAPONS])" in market zone "The Spire" (pos=<5117.533691, 59.589272, 7987.239746>) and got 1.
13:43:08.070 [Market] Player "MGM_762" (id=6CBOabJUM7Qqd7NEG4Do-ueQ7Uqvietj4ODcWmz64j4=) has send a requested to sell ammo_expansion_338 x1 at the trader "Weapons (Mirek [#STR_EXPANSION_MARKET_TRADER_WEAPONS])" in market zone "The Spire" (pos=<5117.533691, 59.589272, 7987.239746>).
13:43:08.195 [Market] Player "MGM_762" (id=6CBOabJUM7Qqd7NEG4Do-ueQ7Uqvietj4ODcWmz64j4=) has sold ammo_expansion_338 x1 at the trader "Weapons (Mirek [#STR_EXPANSION_MARKET_TRADER_WEAPONS])" in market zone "The Spire" (pos=<5117.533691, 59.589272, 7987.239746>) and got 1.
13:43:08.773 [Market] Player "MGM_762" (id=6CBOabJUM7Qqd7NEG4Do-ueQ7Uqvietj4ODcWmz64j4=) has send a requested to sell ammo_expansion_338 x1 at the trader "Weapons (Mirek [#STR_EXPANSION_MARKET_TRADER_WEAPONS])" in market zone "The Spire" (pos=<5117.533691, 59.589272, 7987.239746>).
13:43:08.906 [Market] Player "MGM_762" (id=6CBOabJUM7Qqd7NEG4Do-ueQ7Uqvietj4ODcWmz64j4=) has sold ammo_expansion_338 x1 at the trader "Weapons (Mirek [#STR_EXPANSION_MARKET_TRADER_WEAPONS])" in market zone "The Spire" (pos=<5117.533691, 59.589272, 7987.239746>) and got 1.
13:43:09.730 [Market] Player "MGM_762" (id=6CBOabJUM7Qqd7NEG4Do-ueQ7Uqvietj4ODcWmz64j4=) has send a requested to sell ammo_expansion_338 x1 at the trader "Weapons (Mirek [#STR_EXPANSION_MARKET_TRADER_WEAPONS])" in market zone "The Spire" (pos=<5117.533691, 59.589272, 7987.239746>).
13:43:09.875 [Market] Player "MGM_762" (id=6CBOabJUM7Qqd7NEG4Do-ueQ7Uqvietj4ODcWmz64j4=) has sold ammo_expansion_338 x1 at the trader "Weapons (Mirek [#STR_EXPANSION_MARKET_TRADER_WEAPONS])" in market zone "The Spire" (pos=<5117.533691, 59.589272, 7987.239746>) and got 1.
13:43:10.617 [Market] Player "MGM_762" (id=6CBOabJUM7Qqd7NEG4Do-ueQ7Uqvietj4ODcWmz64j4=) has send a requested to sell ammo_expansion_338 x1 at the trader "Weapons (Mirek [#STR_EXPANSION_MARKET_TRADER_WEAPONS])" in market zone "The Spire" (pos=<5117.533691, 59.589272, 7987.239746>).
13:43:10.734 [Market] Player "MGM_762" (id=6CBOabJUM7Qqd7NEG4Do-ueQ7Uqvietj4ODcWmz64j4=) has sold ammo_expansion_338 x1 at the trader "Weapons (Mirek [#STR_EXPANSION_MARKET_TRADER_WEAPONS])" in market zone "The Spire" (pos=<5117.533691, 59.589272, 7987.239746>) and got 1.
13:43:11.000 [Market] Player "MGM_762" (id=6CBOabJUM7Qqd7NEG4Do-ueQ7Uqvietj4ODcWmz64j4=) has send a requested to sell ammo_expansion_338 x1 at the trader "Weapons (Mirek [#STR_EXPANSION_MARKET_TRADER_WEAPONS])" in market zone "The Spire" (pos=<5117.533691, 59.589272, 7987.239746>).
13:43:11.136 [Market] Player "MGM_762" (id=6CBOabJUM7Qqd7NEG4Do-ueQ7Uqvietj4ODcWmz64j4=) has sold ammo_expansion_338 x1 at the trader "Weapons (Mirek [#STR_EXPANSION_MARKET_TRADER_WEAPONS])" in market zone "The Spire" (pos=<5117.533691, 59.589272, 7987.239746>) and got 1.
13:43:11.968 [Market] Player "MGM_762" (id=6CBOabJUM7Qqd7NEG4Do-ueQ7Uqvietj4ODcWmz64j4=) has send a requested to sell ammo_expansion_338 x1 at the trader "Weapons (Mirek [#STR_EXPANSION_MARKET_TRADER_WEAPONS])" in market zone "The Spire" (pos=<5117.533691, 59.589272, 7987.239746>).
13:43:12.109 [Market] Player "MGM_762" (id=6CBOabJUM7Qqd7NEG4Do-ueQ7Uqvietj4ODcWmz64j4=) has sold ammo_expansion_338 x1 at the trader "Weapons (Mirek [#STR_EXPANSION_MARKET_TRADER_WEAPONS])" in market zone "The Spire" (pos=<5117.533691, 59.589272, 7987.239746>) and got 1.
13:43:12.644 [Market] Player "MGM_762" (id=6CBOabJUM7Qqd7NEG4Do-ueQ7Uqvietj4ODcWmz64j4=) has send a requested to sell ammo_expansion_338 x1 at the trader "Weapons (Mirek [#STR_EXPANSION_MARKET_TRADER_WEAPONS])" in market zone "The Spire" (pos=<5117.533691, 59.589272, 7987.239746>).
13:43:12.730 [Market] Player "MGM_762" (id=6CBOabJUM7Qqd7NEG4Do-ueQ7Uqvietj4ODcWmz64j4=) has sold ammo_expansion_338 x1 at the trader "Weapons (Mirek [#STR_EXPANSION_MARKET_TRADER_WEAPONS])" in market zone "The Spire" (pos=<5117.533691, 59.589272, 7987.239746>) and got 1.
13:43:13.484 [Market] Player "MGM_762" (id=6CBOabJUM7Qqd7NEG4Do-ueQ7Uqvietj4ODcWmz64j4=) has send a requested to sell ammo_expansion_338 x1 at the trader "Weapons (Mirek [#STR_EXPANSION_MARKET_TRADER_WEAPONS])" in market zone "The Spire" (pos=<5117.533691, 59.589272, 7987.239746>).
13:43:13.578 [Market] Player "MGM_762" (id=6CBOabJUM7Qqd7NEG4Do-ueQ7Uqvietj4ODcWmz64j4=) has sold ammo_expansion_338 x1 at the trader "Weapons (Mirek [#STR_EXPANSION_MARKET_TRADER_WEAPONS])" in market zone "The Spire" (pos=<5117.533691, 59.589272, 7987.239746>) and got 1.
13:43:14.406 [Market] Player "MGM_762" (id=6CBOabJUM7Qqd7NEG4Do-ueQ7Uqvietj4ODcWmz64j4=) has send a requested to sell ammo_expansion_338 x1 at the trader "Weapons (Mirek [#STR_EXPANSION_MARKET_TRADER_WEAPONS])" in market zone "The Spire" (pos=<5117.533691, 59.589272, 7987.239746>).
13:43:14.496 [Market] Player "MGM_762" (id=6CBOabJUM7Qqd7NEG4Do-ueQ7Uqvietj4ODcWmz64j4=) has sold ammo_expansion_338 x1 at the trader "Weapons (Mirek [#STR_EXPANSION_MARKET_TRADER_WEAPONS])" in market zone "The Spire" (pos=<5117.533691, 59.589272, 7987.239746>) and got 1.
13:43:15.523 [Market] Player "MGM_762" (id=6CBOabJUM7Qqd7NEG4Do-ueQ7Uqvietj4ODcWmz64j4=) has send a requested to sell ammo_expansion_338 x1 at the trader "Weapons (Mirek [#STR_EXPANSION_MARKET_TRADER_WEAPONS])" in market zone "The Spire" (pos=<5117.533691, 59.589272, 7987.239746>).
13:43:15.625 [Market] Player "MGM_762" (id=6CBOabJUM7Qqd7NEG4Do-ueQ7Uqvietj4ODcWmz64j4=) has sold ammo_expansion_338 x1 at the trader "Weapons (Mirek [#STR_EXPANSION_MARKET_TRADER_WEAPONS])" in market zone "The Spire" (pos=<5117.533691, 59.589272, 7987.239746>) and got 1.
13:43:16.437 [Market] Player "MGM_762" (id=6CBOabJUM7Qqd7NEG4Do-ueQ7Uqvietj4ODcWmz64j4=) has send a requested to sell ammo_expansion_338 x1 at the trader "Weapons (Mirek [#STR_EXPANSION_MARKET_TRADER_WEAPONS])" in market zone "The Spire" (pos=<5117.533691, 59.589272, 7987.239746>).
13:43:16.574 [Market] Player "MGM_762" (id=6CBOabJUM7Qqd7NEG4Do-ueQ7Uqvietj4ODcWmz64j4=) has sold ammo_expansion_338 x1 at the trader "Weapons (Mirek [#STR_EXPANSION_MARKET_TRADER_WEAPONS])" in market zone "The Spire" (pos=<5117.533691, 59.589272, 7987.239746>) and got 1.
13:43:17.441 [Market] Player "MGM_762" (id=6CBOabJUM7Qqd7NEG4Do-ueQ7Uqvietj4ODcWmz64j4=) has send a requested to sell ammo_expansion_338 x1 at the trader "Weapons (Mirek [#STR_EXPANSION_MARKET_TRADER_WEAPONS])" in market zone "The Spire" (pos=<5117.533691, 59.589272, 7987.239746>).
13:43:17.558 [Market] Player "MGM_762" (id=6CBOabJUM7Qqd7NEG4Do-ueQ7Uqvietj4ODcWmz64j4=) has sold ammo_expansion_338 x1 at the trader "Weapons (Mirek [#STR_EXPANSION_MARKET_TRADER_WEAPONS])" in market zone "The Spire" (pos=<5117.533691, 59.589272, 7987.239746>) and got 1.
13:43:18.550 [Market] Player "MGM_762" (id=6CBOabJUM7Qqd7NEG4Do-ueQ7Uqvietj4ODcWmz64j4=) has send a requested to sell ammo_expansion_338 x1 at the trader "Weapons (Mirek [#STR_EXPANSION_MARKET_TRADER_WEAPONS])" in market zone "The Spire" (pos=<5117.533691, 59.589272, 7987.239746>).
13:43:18.710 [Market] Player "MGM_762" (id=6CBOabJUM7Qqd7NEG4Do-ueQ7Uqvietj4ODcWmz64j4=) has sold ammo_expansion_338 x1 at the trader "Weapons (Mirek [#STR_EXPANSION_MARKET_TRADER_WEAPONS])" in market zone "The Spire" (pos=<5117.533691, 59.589272, 7987.239746>) and got 1.
13:43:33.132 [Market] Player "MGM_762" (id=6CBOabJUM7Qqd7NEG4Do-ueQ7Uqvietj4ODcWmz64j4=) has send a requested to sell ammo_762x54 x1 at the trader "Weapons (Mirek [#STR_EXPANSION_MARKET_TRADER_WEAPONS])" in market zone "The Spire" (pos=<5117.533691, 59.589272, 7987.239746>).
13:43:33.250 [Market] Player "MGM_762" (id=6CBOabJUM7Qqd7NEG4Do-ueQ7Uqvietj4ODcWmz64j4=) has sold ammo_762x54 x1 at the trader "Weapons (Mirek [#STR_EXPANSION_MARKET_TRADER_WEAPONS])" in market zone "The Spire" (pos=<5117.533691, 59.589272, 7987.239746>) and got 1.
13:43:33.515 [Market] Player "MGM_762" (id=6CBOabJUM7Qqd7NEG4Do-ueQ7Uqvietj4ODcWmz64j4=) has send a requested to sell ammo_762x54 x1 at the trader "Weapons (Mirek [#STR_EXPANSION_MARKET_TRADER_WEAPONS])" in market zone "The Spire" (pos=<5117.533691, 59.589272, 7987.239746>).
13:43:33.652 [Market] Player "MGM_762" (id=6CBOabJUM7Qqd7NEG4Do-ueQ7Uqvietj4ODcWmz64j4=) has sold ammo_762x54 x1 at the trader "Weapons (Mirek [#STR_EXPANSION_MARKET_TRADER_WEAPONS])" in market zone "The Spire" (pos=<5117.533691, 59.589272, 7987.239746>) and got 1.
13:43:33.976 [Market] Player "MGM_762" (id=6CBOabJUM7Qqd7NEG4Do-ueQ7Uqvietj4ODcWmz64j4=) has send a requested to sell ammo_762x54 x1 at the trader "Weapons (Mirek [#STR_EXPANSION_MARKET_TRADER_WEAPONS])" in market zone "The Spire" (pos=<5117.533691, 59.589272, 7987.239746>).
13:43:34.101 [Market] Player "MGM_762" (id=6CBOabJUM7Qqd7NEG4Do-ueQ7Uqvietj4ODcWmz64j4=) has sold ammo_762x54 x1 at the trader "Weapons (Mirek [#STR_EXPANSION_MARKET_TRADER_WEAPONS])" in market zone "The Spire" (pos=<5117.533691, 59.589272, 7987.239746>) and got 1.
13:43:34.757 [Market] Player "MGM_762" (id=6CBOabJUM7Qqd7NEG4Do-ueQ7Uqvietj4ODcWmz64j4=) has send a requested to sell ammo_762x54 x1 at the trader "Weapons (Mirek [#STR_EXPANSION_MARKET_TRADER_WEAPONS])" in market zone "The Spire" (pos=<5117.533691, 59.589272, 7987.239746>).
13:43:34.847 [Market] Player "MGM_762" (id=6CBOabJUM7Qqd7NEG4Do-ueQ7Uqvietj4ODcWmz64j4=) has sold ammo_762x54 x1 at the trader "Weapons (Mirek [#STR_EXPANSION_MARKET_TRADER_WEAPONS])" in market zone "The Spire" (pos=<5117.533691, 59.589272, 7987.239746>) and got 1.
13:43:35.296 [Market] Player "MGM_762" (id=6CBOabJUM7Qqd7NEG4Do-ueQ7Uqvietj4ODcWmz64j4=) has send a requested to sell ammo_762x54 x1 at the trader "Weapons (Mirek [#STR_EXPANSION_MARKET_TRADER_WEAPONS])" in market zone "The Spire" (pos=<5117.533691, 59.589272, 7987.239746>).
13:43:35.414 [Market] Player "MGM_762" (id=6CBOabJUM7Qqd7NEG4Do-ueQ7Uqvietj4ODcWmz64j4=) has sold ammo_762x54 x1 at the trader "Weapons (Mirek [#STR_EXPANSION_MARKET_TRADER_WEAPONS])" in market zone "The Spire" (pos=<5117.533691, 59.589272, 7987.239746>) and got 1.
13:43:36.343 [Market] Player "MGM_762" (id=6CBOabJUM7Qqd7NEG4Do-ueQ7Uqvietj4ODcWmz64j4=) has send a requested to sell ammo_762x54 x1 at the trader "Weapons (Mirek [#STR_EXPANSION_MARKET_TRADER_WEAPONS])" in market zone "The Spire" (pos=<5117.533691, 59.589272, 7987.239746>).
13:43:36.433 [Market] Player "MGM_762" (id=6CBOabJUM7Qqd7NEG4Do-ueQ7Uqvietj4ODcWmz64j4=) has sold ammo_762x54 x1 at the trader "Weapons (Mirek [#STR_EXPANSION_MARKET_TRADER_WEAPONS])" in market zone "The Spire" (pos=<5117.533691, 59.589272, 7987.239746>) and got 1.
13:43:37.171 [Market] Player "MGM_762" (id=6CBOabJUM7Qqd7NEG4Do-ueQ7Uqvietj4ODcWmz64j4=) has send a requested to sell ammo_762x54 x1 at the trader "Weapons (Mirek [#STR_EXPANSION_MARKET_TRADER_WEAPONS])" in market zone "The Spire" (pos=<5117.533691, 59.589272, 7987.239746>).
13:43:37.296 [Market] Player "MGM_762" (id=6CBOabJUM7Qqd7NEG4Do-ueQ7Uqvietj4ODcWmz64j4=) has sold ammo_762x54 x1 at the trader "Weapons (Mirek [#STR_EXPANSION_MARKET_TRADER_WEAPONS])" in market zone "The Spire" (pos=<5117.533691, 59.589272, 7987.239746>) and got 1.
13:43:38.183 [Market] Player "MGM_762" (id=6CBOabJUM7Qqd7NEG4Do-ueQ7Uqvietj4ODcWmz64j4=) has send a requested to sell ammo_762x54 x1 at the trader "Weapons (Mirek [#STR_EXPANSION_MARKET_TRADER_WEAPONS])" in market zone "The Spire" (pos=<5117.533691, 59.589272, 7987.239746>).
13:43:38.324 [Market] Player "MGM_762" (id=6CBOabJUM7Qqd7NEG4Do-ueQ7Uqvietj4ODcWmz64j4=) has sold ammo_762x54 x1 at the trader "Weapons (Mirek [#STR_EXPANSION_MARKET_TRADER_WEAPONS])" in market zone "The Spire" (pos=<5117.533691, 59.589272, 7987.239746>) and got 1.
13:43:57.687 [Market] Player "MGM_762" (id=6CBOabJUM7Qqd7NEG4Do-ueQ7Uqvietj4ODcWmz64j4=) has send a requested to sell ammo_762x39 x168 at the trader "Weapons (Mirek [#STR_EXPANSION_MARKET_TRADER_WEAPONS])" in market zone "The Spire" (pos=<5117.533691, 59.589272, 7987.239746>).
13:43:57.820 [Market] Player "MGM_762" (id=6CBOabJUM7Qqd7NEG4Do-ueQ7Uqvietj4ODcWmz64j4=) has sold ammo_762x39 x168 at the trader "Weapons (Mirek [#STR_EXPANSION_MARKET_TRADER_WEAPONS])" in market zone "The Spire" (pos=<5117.533691, 59.589272, 7987.239746>) and got 168.
13:44:38.179 [Market] Player "MGM_762" (id=6CBOabJUM7Qqd7NEG4Do-ueQ7Uqvietj4ODcWmz64j4=) has send a requested to purchase gcgn_ammo_50cal x150 from the trader "Weapons (Mirek [#STR_EXPANSION_MARKET_TRADER_WEAPONS])" in market zone "The Spire" (pos=<5117.533691, 59.589272, 7987.239746>).
13:44:38.273 [Market] Player "MGM_762" (id=6CBOabJUM7Qqd7NEG4Do-ueQ7Uqvietj4ODcWmz64j4=) has bought gcgn_ammo_50cal x150 from the trader "Weapons (Mirek [#STR_EXPANSION_MARKET_TRADER_WEAPONS])" in market zone "The Spire" (pos=<5117.533691, 59.589272, 7987.239746>) for a price of 600.
13:49:47.789 [Market] Player "MGM_762" (id=6CBOabJUM7Qqd7NEG4Do-ueQ7Uqvietj4ODcWmz64j4=) has send a requested to purchase snafu_cmag30556_black x1 from the trader "Attachments (Seth [#STR_EXPANSION_MARKET_TRADER_ATTACHMENTS])" in market zone "The Spire" (pos=<5117.533691, 59.589272, 7987.239746>).
13:49:47.945 [Market] Player "MGM_762" (id=6CBOabJUM7Qqd7NEG4Do-ueQ7Uqvietj4ODcWmz64j4=) has bought snafu_cmag30556_black x1 from the trader "Attachments (Seth [#STR_EXPANSION_MARKET_TRADER_ATTACHMENTS])" in market zone "The Spire" (pos=<5117.533691, 59.589272, 7987.239746>) for a price of 400.
13:53:03.453 [Market] Player "MGM_762" (id=6CBOabJUM7Qqd7NEG4Do-ueQ7Uqvietj4ODcWmz64j4=) has send a requested to sell snafu_cmag30556_black x1 at the trader "Attachments (Seth [#STR_EXPANSION_MARKET_TRADER_ATTACHMENTS])" in market zone "The Spire" (pos=<5117.533691, 59.589272, 7987.239746>).
13:53:03.574 [Market] Player "MGM_762" (id=6CBOabJUM7Qqd7NEG4Do-ueQ7Uqvietj4ODcWmz64j4=) has sold snafu_cmag30556_black x1 at the trader "Attachments (Seth [#STR_EXPANSION_MARKET_TRADER_ATTACHMENTS])" in market zone "The Spire" (pos=<5117.533691, 59.589272, 7987.239746>) and got 300.
13:53:25.937 [Market] Player "MGM_762" (id=6CBOabJUM7Qqd7NEG4Do-ueQ7Uqvietj4ODcWmz64j4=) has send a requested to purchase weaponcleaningkit x1 from the trader "Components (Hassan [#STR_EXPANSION_MARKET_TRADER_COMPONENTS])" in market zone "The Spire" (pos=<5117.533691, 59.589272, 7987.239746>).
13:53:26.062 [Market] Player "MGM_762" (id=6CBOabJUM7Qqd7NEG4Do-ueQ7Uqvietj4ODcWmz64j4=) has bought weaponcleaningkit x1 from the trader "Components (Hassan [#STR_EXPANSION_MARKET_TRADER_COMPONENTS])" in market zone "The Spire" (pos=<5117.533691, 59.589272, 7987.239746>) for a price of 8.
13:53:26.558 [Market] Player "MGM_762" (id=6CBOabJUM7Qqd7NEG4Do-ueQ7Uqvietj4ODcWmz64j4=) has send a requested to purchase weaponcleaningkit x1 from the trader "Components (Hassan [#STR_EXPANSION_MARKET_TRADER_COMPONENTS])" in market zone "The Spire" (pos=<5117.533691, 59.589272, 7987.239746>).
13:53:26.683 [Market] Player "MGM_762" (id=6CBOabJUM7Qqd7NEG4Do-ueQ7Uqvietj4ODcWmz64j4=) has bought weaponcleaningkit x1 from the trader "Components (Hassan [#STR_EXPANSION_MARKET_TRADER_COMPONENTS])" in market zone "The Spire" (pos=<5117.533691, 59.589272, 7987.239746>) for a price of 8.
13:53:27.769 [Market] Player "MGM_762" (id=6CBOabJUM7Qqd7NEG4Do-ueQ7Uqvietj4ODcWmz64j4=) has send a requested to purchase weaponcleaningkit x1 from the trader "Components (Hassan [#STR_EXPANSION_MARKET_TRADER_COMPONENTS])" in market zone "The Spire" (pos=<5117.533691, 59.589272, 7987.239746>).
13:53:27.859 [Market] Player "MGM_762" (id=6CBOabJUM7Qqd7NEG4Do-ueQ7Uqvietj4ODcWmz64j4=) has bought weaponcleaningkit x1 from the trader "Components (Hassan [#STR_EXPANSION_MARKET_TRADER_COMPONENTS])" in market zone "The Spire" (pos=<5117.533691, 59.589272, 7987.239746>) for a price of 8.
13:53:32.437 [Market] Player "MGM_762" (id=6CBOabJUM7Qqd7NEG4Do-ueQ7Uqvietj4ODcWmz64j4=) has send a requested to sell electronicrepairkit x1 at the trader "Components (Hassan [#STR_EXPANSION_MARKET_TRADER_COMPONENTS])" in market zone "The Spire" (pos=<5117.533691, 59.589272, 7987.239746>).
13:53:32.539 [Market] Player "MGM_762" (id=6CBOabJUM7Qqd7NEG4Do-ueQ7Uqvietj4ODcWmz64j4=) has sold electronicrepairkit x1 at the trader "Components (Hassan [#STR_EXPANSION_MARKET_TRADER_COMPONENTS])" in market zone "The Spire" (pos=<5117.533691, 59.589272, 7987.239746>) and got 26.
13:55:29.726 [Market] Player "MGM_762" (id=6CBOabJUM7Qqd7NEG4Do-ueQ7Uqvietj4ODcWmz64j4=) has send a requested to purchase salinebag x1 from the trader "Medicals (Helga [#STR_EXPANSION_MARKET_TRADER_MEDICALS])" in market zone "The Spire" (pos=<5117.533691, 59.589272, 7987.239746>).
13:55:29.843 [Market] Player "MGM_762" (id=6CBOabJUM7Qqd7NEG4Do-ueQ7Uqvietj4ODcWmz64j4=) has bought salinebag x1 from the trader "Medicals (Helga [#STR_EXPANSION_MARKET_TRADER_MEDICALS])" in market zone "The Spire" (pos=<5117.533691, 59.589272, 7987.239746>) for a price of 15.
13:55:31.707 [Market] Player "MGM_762" (id=6CBOabJUM7Qqd7NEG4Do-ueQ7Uqvietj4ODcWmz64j4=) has send a requested to purchase startkitiv x1 from the trader "Medicals (Helga [#STR_EXPANSION_MARKET_TRADER_MEDICALS])" in market zone "The Spire" (pos=<5117.533691, 59.589272, 7987.239746>).
13:55:31.820 [Market] Player "MGM_762" (id=6CBOabJUM7Qqd7NEG4Do-ueQ7Uqvietj4ODcWmz64j4=) has bought startkitiv x1 from the trader "Medicals (Helga [#STR_EXPANSION_MARKET_TRADER_MEDICALS])" in market zone "The Spire" (pos=<5117.533691, 59.589272, 7987.239746>) for a price of 10.
13:56:21.976 [VehicleEnter] Player NOVAKILLSFORYOU [uid=_i471QtP-cQO7LGlvQxSkkb6U2OdaENSi4dYAnCjv04=] entered vehicle Mh-6 Little Bird (id=CB2CA3CFD74BDA576C8C738DFF264E89 pos=<5081.584961, 59.419456, 7991.862305>) as pilot
13:57:17.472 [ATM] Player "MGM_762" (id=6CBOabJUM7Qqd7NEG4Do-ueQ7Uqvietj4ODcWmz64j4=) has deposited 47444 on his ATM account.
13:57:30.261 [VehicleEnter] Player MGM_762 [uid=6CBOabJUM7Qqd7NEG4Do-ueQ7Uqvietj4ODcWmz64j4=] entered vehicle Mh-6 Little Bird (id=CB2CA3CFD74BDA576C8C738DFF264E89 pos=<5081.584961, 59.419498, 7991.862305>) as passenger
13:57:57.414 [VehicleLeave] Player NOVAKILLSFORYOU [uid=_i471QtP-cQO7LGlvQxSkkb6U2OdaENSi4dYAnCjv04=] left vehicle Mh-6 Little Bird (id=CB2CA3CFD74BDA576C8C738DFF264E89 pos=<5081.584961, 59.419479, 7991.862305>)
13:58:01.550 [VehicleEnter] Player NOVAKILLSFORYOU [uid=_i471QtP-cQO7LGlvQxSkkb6U2OdaENSi4dYAnCjv04=] entered vehicle Mh-6 Little Bird (id=CB2CA3CFD74BDA576C8C738DFF264E89 pos=<5081.584961, 59.419453, 7991.862305>) as pilot
13:58:08.851 [VehicleLeave] Player NOVAKILLSFORYOU [uid=_i471QtP-cQO7LGlvQxSkkb6U2OdaENSi4dYAnCjv04=] left vehicle Mh-6 Little Bird (id=CB2CA3CFD74BDA576C8C738DFF264E89 pos=<5081.584961, 59.419437, 7991.862305>)
13:58:18.242 [VehicleAttachments] Player NOVAKILLSFORYOU (uid=_i471QtP-cQO7LGlvQxSkkb6U2OdaENSi4dYAnCjv04=) detached Mh-6 Front-Left Door (type=Expansion_Mh6_Door_1_1) from vehicle Mh-6 Little Bird(id=CB2CA3CFD74BDA576C8C738DFF264E89 pos=<5081.584961, 59.419472, 7991.862305>)
13:58:31.980 [VehicleEnter] Player NOVAKILLSFORYOU [uid=_i471QtP-cQO7LGlvQxSkkb6U2OdaENSi4dYAnCjv04=] entered vehicle Mh-6 Little Bird (id=CB2CA3CFD74BDA576C8C738DFF264E89 pos=<5081.584961, 59.419460, 7991.862305>) as pilot
13:59:00.656 [VehicleLeave] Player NOVAKILLSFORYOU [uid=_i471QtP-cQO7LGlvQxSkkb6U2OdaENSi4dYAnCjv04=] left vehicle Mh-6 Little Bird (id=CB2CA3CFD74BDA576C8C738DFF264E89 pos=<5081.584961, 59.419395, 7991.862305>)
13:59:05.671 [Party] Player "NOVAKILLSFORYOU" (id=_i471QtP-cQO7LGlvQxSkkb6U2OdaENSi4dYAnCjv04=) left the party "OSS" (id=0 ownerUID=_i471QtP-cQO7LGlvQxSkkb6U2OdaENSi4dYAnCjv04= ownerName=NOVAKILLSFORYOU)
13:59:45.699 [Safezone] Player "NOVAKILLSFORYOU" (id=_i471QtP-cQO7LGlvQxSkkb6U2OdaENSi4dYAnCjv04= pos=<5082.014160, 59.402092, 7994.216309>) Entered the safezone
13:59:45.699 [Party] Player "NOVAKILLSFORYOU" (id=_i471QtP-cQO7LGlvQxSkkb6U2OdaENSi4dYAnCjv04=) joinded the party "OSS" (id=0 ownerUID=_i471QtP-cQO7LGlvQxSkkb6U2OdaENSi4dYAnCjv04= ownerName=NOVAKILLSFORYOU)
13:59:45.714 [Expansion Quests] - InitQuestSystemClient - Loaded existing player quest data for player with UID: _i471QtP-cQO7LGlvQxSkkb6U2OdaENSi4dYAnCjv04=
13:59:45.714 [Expansion Quests] - LoadGroupQuestData - Got cached group quest data for group with ID: 0
13:59:45.714 [Expansion Quests] - Create new quest instance for quest: 8 - Player UID: _i471QtP-cQO7LGlvQxSkkb6U2OdaENSi4dYAnCjv04=
13:59:45.718 [Expansion Quests] - Create new quest instance for quest: 9 - Player UID: _i471QtP-cQO7LGlvQxSkkb6U2OdaENSi4dYAnCjv04=
13:59:45.718 [Expansion Quests] - Create new quest instance for quest: 11 - Player UID: _i471QtP-cQO7LGlvQxSkkb6U2OdaENSi4dYAnCjv04=
13:59:46.472 [Expansion Quests] - LoadGroupQuestData - Got cached group quest data for group with ID: 0
14:00:49.648 [VehicleEnter] Player NOVAKILLSFORYOU [uid=_i471QtP-cQO7LGlvQxSkkb6U2OdaENSi4dYAnCjv04=] entered vehicle Mh-6 Little Bird (id=CB2CA3CFD74BDA576C8C738DFF264E89 pos=<5081.584961, 59.419460, 7991.862305>) as pilot
14:00:51.328 [VehicleEngine] Player NOVAKILLSFORYOU [uid=_i471QtP-cQO7LGlvQxSkkb6U2OdaENSi4dYAnCjv04=] started vehicle Mh-6 Little Bird (id=CB2CA3CFD74BDA576C8C738DFF264E89 pos=<5081.584961, 59.419472, 7991.862305>)
14:01:32.964 [Safezone] Player "NOVAKILLSFORYOU" (id=_i471QtP-cQO7LGlvQxSkkb6U2OdaENSi4dYAnCjv04= pos=<4983.800781, 143.999680, 7443.140137>) Left the safezone
14:01:33.316 [Safezone] Player "MGM_762" (id=6CBOabJUM7Qqd7NEG4Do-ueQ7Uqvietj4ODcWmz64j4= pos=<4982.524902, 144.348694, 7439.937988>) Left the safezone
14:02:40.902 [AI Patrol] Spawning 3 Airfield bots at <5081.716797, 73.638168, 3873.664795>
14:04:44.421 [VehicleEngine] Player NOVAKILLSFORYOU [uid=_i471QtP-cQO7LGlvQxSkkb6U2OdaENSi4dYAnCjv04=] stopped vehicle Mh-6 Little Bird (id=CB2CA3CFD74BDA576C8C738DFF264E89 pos=<3228.467773, 9.537511, 1651.946167>)
14:04:49.195 [VehicleLeave] Player NOVAKILLSFORYOU [uid=_i471QtP-cQO7LGlvQxSkkb6U2OdaENSi4dYAnCjv04=] left vehicle Mh-6 Little Bird (id=CB2CA3CFD74BDA576C8C738DFF264E89 pos=<3228.777588, 9.020429, 1652.052124>)
14:04:50.765 [VehicleLeave] Player MGM_762 [uid=6CBOabJUM7Qqd7NEG4Do-ueQ7Uqvietj4ODcWmz64j4=] left vehicle Mh-6 Little Bird (id=CB2CA3CFD74BDA576C8C738DFF264E89 pos=<3228.777588, 9.020370, 1652.052124>)
14:05:17.339 [VehicleDeleted] ExpansionMh6_Sunset (id=38F9B5EE914247CC109B0DA89EEFE864 pos=<0.000861, 1.692845, 0.535123>)
14:05:17.359 [VehicleDeleted] ExpansionMh6_Sunset (id=CB2CA3CFD74BDA576C8C738DFF264E89 pos=<3228.777588, 9.020360, 1652.052002>)
14:05:17.363 [VirtualGarage] Player "NOVAKILLSFORYOU" (id=_i471QtP-cQO7LGlvQxSkkb6U2OdaENSi4dYAnCjv04= pos=<3202.409424, 2.323342, 1657.653320>) stored a vehicle "ExpansionMh6_Sunset" (GlobalID=800000008000000080000000800031B8 pos=<3228.777588, 9.020360, 1652.052002>)
14:10:59.492 [MissionAirdrop] An airdrop is heading towards "Oceanville" (pos=<10179.000000, 0.000000, 4722.000000> type=Random_Oceanville) with a ExpansionAirdropContainer_Military
14:13:14.300 [Party] Player "NOVAKILLSFORYOU" (id=_i471QtP-cQO7LGlvQxSkkb6U2OdaENSi4dYAnCjv04=) left the party "OSS" (id=0 ownerUID=_i471QtP-cQO7LGlvQxSkkb6U2OdaENSi4dYAnCjv04= ownerName=NOVAKILLSFORYOU)
14:19:24.375 [Party] Player "NOVAKILLSFORYOU" (id=_i471QtP-cQO7LGlvQxSkkb6U2OdaENSi4dYAnCjv04=) joinded the party "OSS" (id=0 ownerUID=_i471QtP-cQO7LGlvQxSkkb6U2OdaENSi4dYAnCjv04= ownerName=NOVAKILLSFORYOU)
14:19:24.390 [Expansion Quests] - InitQuestSystemClient - Loaded existing player quest data for player with UID: _i471QtP-cQO7LGlvQxSkkb6U2OdaENSi4dYAnCjv04=
14:19:24.390 [Expansion Quests] - LoadGroupQuestData - Got cached group quest data for group with ID: 0
14:19:24.390 [Expansion Quests] - Create new quest instance for quest: 8 - Player UID: _i471QtP-cQO7LGlvQxSkkb6U2OdaENSi4dYAnCjv04=
14:19:24.390 [Expansion Quests] - Create new quest instance for quest: 9 - Player UID: _i471QtP-cQO7LGlvQxSkkb6U2OdaENSi4dYAnCjv04=
14:19:24.390 [Expansion Quests] - Create new quest instance for quest: 11 - Player UID: _i471QtP-cQO7LGlvQxSkkb6U2OdaENSi4dYAnCjv04=
14:19:25.125 [Expansion Quests] - LoadGroupQuestData - Got cached group quest data for group with ID: 0
14:21:17.472 [VirtualGarage] Player "NOVAKILLSFORYOU" (id=_i471QtP-cQO7LGlvQxSkkb6U2OdaENSi4dYAnCjv04= pos=<3202.598633, 2.353106, 1658.017700>) retrieved a vehicle "ExpansionUAZCargoRoofless" (GlobalID=80000000800000008000000080003180 pos=<3198.804688, 2.055216, 1656.135986>)
14:21:27.136 [VehicleEnter] Player NOVAKILLSFORYOU [uid=_i471QtP-cQO7LGlvQxSkkb6U2OdaENSi4dYAnCjv04=] entered vehicle UAZ 469 Cargo Roofless (id=4C351400C743A1144D9211B35C9A67FC pos=<3198.804688, 2.055324, 1656.135498>) as driver
14:24:18.339 [VehicleLeave] Player NOVAKILLSFORYOU [uid=_i471QtP-cQO7LGlvQxSkkb6U2OdaENSi4dYAnCjv04=] left vehicle UAZ 469 Cargo Roofless (id=4C351400C743A1144D9211B35C9A67FC pos=<3198.804443, 2.055399, 1656.135254>)
14:27:58.402 [VehicleEnter] Player NOVAKILLSFORYOU [uid=_i471QtP-cQO7LGlvQxSkkb6U2OdaENSi4dYAnCjv04=] entered vehicle UAZ 469 Cargo Roofless (id=4C351400C743A1144D9211B35C9A67FC pos=<3198.804443, 2.055409, 1656.135254>) as driver
14:28:00.214 [VehicleEngine] Player NOVAKILLSFORYOU [uid=_i471QtP-cQO7LGlvQxSkkb6U2OdaENSi4dYAnCjv04=] started vehicle UAZ 469 Cargo Roofless (id=4C351400C743A1144D9211B35C9A67FC pos=<3198.804443, 2.055412, 1656.135254>)
14:28:00.460 [VehicleEnter] Player MGM_762 [uid=6CBOabJUM7Qqd7NEG4Do-ueQ7Uqvietj4ODcWmz64j4=] entered vehicle UAZ 469 Cargo Roofless (id=4C351400C743A1144D9211B35C9A67FC pos=<3198.804443, 2.055400, 1656.135254>) as passenger
14:29:41.910 [AI Patrol] Spawning 2 Greenville bots at <5067.320313, 4.740000, 2137.322510>
14:31:01.238 [VehicleEngine] Player NOVAKILLSFORYOU [uid=_i471QtP-cQO7LGlvQxSkkb6U2OdaENSi4dYAnCjv04=] stopped vehicle UAZ 469 Cargo Roofless (id=4C351400C743A1144D9211B35C9A67FC pos=<4552.866211, 2.815438, 2732.466553>)
14:31:03.562 [VehicleLeave] Player MGM_762 [uid=6CBOabJUM7Qqd7NEG4Do-ueQ7Uqvietj4ODcWmz64j4=] left vehicle UAZ 469 Cargo Roofless (id=4C351400C743A1144D9211B35C9A67FC pos=<4552.866211, 2.815435, 2732.466553>)
14:31:04.289 [VehicleLeave] Player NOVAKILLSFORYOU [uid=_i471QtP-cQO7LGlvQxSkkb6U2OdaENSi4dYAnCjv04=] left vehicle UAZ 469 Cargo Roofless (id=4C351400C743A1144D9211B35C9A67FC pos=<4552.866211, 2.815435, 2732.466553>)
14:43:27.445 [VehicleEnter] Player NOVAKILLSFORYOU [uid=_i471QtP-cQO7LGlvQxSkkb6U2OdaENSi4dYAnCjv04=] entered vehicle UAZ 469 Cargo Roofless (id=4C351400C743A1144D9211B35C9A67FC pos=<4552.866211, 2.815439, 2732.466797>) as driver
14:43:29.496 [VehicleEngine] Player NOVAKILLSFORYOU [uid=_i471QtP-cQO7LGlvQxSkkb6U2OdaENSi4dYAnCjv04=] started vehicle UAZ 469 Cargo Roofless (id=4C351400C743A1144D9211B35C9A67FC pos=<4552.866211, 2.815438, 2732.466553>)
14:43:37.054 [VehicleEnter] Player MGM_762 [uid=6CBOabJUM7Qqd7NEG4Do-ueQ7Uqvietj4ODcWmz64j4=] entered vehicle UAZ 469 Cargo Roofless (id=4C351400C743A1144D9211B35C9A67FC pos=<4552.866211, 2.815435, 2732.466553>) as passenger
14:45:20.878 [VehicleLeave] Player MGM_762 [uid=6CBOabJUM7Qqd7NEG4Do-ueQ7Uqvietj4ODcWmz64j4=] left vehicle UAZ 469 Cargo Roofless (id=4C351400C743A1144D9211B35C9A67FC pos=<4410.201660, 8.546974, 4472.474121>)
14:45:22.218 [VehicleLeave] Player NOVAKILLSFORYOU [uid=_i471QtP-cQO7LGlvQxSkkb6U2OdaENSi4dYAnCjv04=] left vehicle UAZ 469 Cargo Roofless (id=4C351400C743A1144D9211B35C9A67FC pos=<4410.201660, 8.546974, 4472.474609>)
14:49:17.109 [VehicleEnter] Player NOVAKILLSFORYOU [uid=_i471QtP-cQO7LGlvQxSkkb6U2OdaENSi4dYAnCjv04=] entered vehicle UAZ 469 Cargo Roofless (id=4C351400C743A1144D9211B35C9A67FC pos=<4410.201660, 8.546969, 4472.474121>) as driver
14:50:19.585 [VehicleEnter] Player MGM_762 [uid=6CBOabJUM7Qqd7NEG4Do-ueQ7Uqvietj4ODcWmz64j4=] entered vehicle UAZ 469 Cargo Roofless (id=4C351400C743A1144D9211B35C9A67FC pos=<4410.201660, 8.546973, 4472.474121>) as passenger
14:53:32.441 [AI Patrol] Spawning 2 East bots at <3600.025146, 8.986660, 5395.333984>
14:53:53.187 [AI Patrol] Spawning 3 ParisIsland bots at <3067.659668, 22.450001, 4186.874023>
14:53:53.957 [AI Patrol] Spawning 3 ParisIsland2 bots at <3013.450684, 22.629999, 4274.438965>
14:54:37.792 [AI Patrol] Spawning 2 East bots at <3283.782227, 22.379999, 6259.823730>
14:56:50.214 [VehicleLeave] Player NOVAKILLSFORYOU [uid=_i471QtP-cQO7LGlvQxSkkb6U2OdaENSi4dYAnCjv04=] left vehicle UAZ 469 Cargo Roofless (id=4C351400C743A1144D9211B35C9A67FC pos=<3218.429688, 20.434961, 6371.489258>)
14:56:52.351 [VehicleLeave] Player MGM_762 [uid=6CBOabJUM7Qqd7NEG4Do-ueQ7Uqvietj4ODcWmz64j4=] left vehicle UAZ 469 Cargo Roofless (id=4C351400C743A1144D9211B35C9A67FC pos=<3218.429688, 20.434994, 6371.489258>)
14:56:53.875 [VehicleEnter] Player NOVAKILLSFORYOU [uid=_i471QtP-cQO7LGlvQxSkkb6U2OdaENSi4dYAnCjv04=] entered vehicle UAZ 469 Cargo Roofless (id=4C351400C743A1144D9211B35C9A67FC pos=<3218.429688, 20.434961, 6371.489258>) as driver
14:56:57.253 [VehicleLeave] Player NOVAKILLSFORYOU [uid=_i471QtP-cQO7LGlvQxSkkb6U2OdaENSi4dYAnCjv04=] left vehicle UAZ 469 Cargo Roofless (id=4C351400C743A1144D9211B35C9A67FC pos=<3218.429688, 20.434956, 6371.489258>)
14:59:37.890 [Party] Player "NOVAKILLSFORYOU" (id=_i471QtP-cQO7LGlvQxSkkb6U2OdaENSi4dYAnCjv04=) left the party "OSS" (id=0 ownerUID=_i471QtP-cQO7LGlvQxSkkb6U2OdaENSi4dYAnCjv04= ownerName=NOVAKILLSFORYOU)
14:59:46.656 [Party] Player "MGM_762" (id=6CBOabJUM7Qqd7NEG4Do-ueQ7Uqvietj4ODcWmz64j4=) left the party "OSS" (id=0 ownerUID=_i471QtP-cQO7LGlvQxSkkb6U2OdaENSi4dYAnCjv04= ownerName=NOVAKILLSFORYOU)
