16:51:12.054 [Party] Player "NOVAKILLSFORYOU" (id=_i471QtP-cQO7LGlvQxSkkb6U2OdaENSi4dYAnCjv04=) joinded the party "OSS" (id=0 ownerUID=_i471QtP-cQO7LGlvQxSkkb6U2OdaENSi4dYAnCjv04= ownerName=NOVAKILLSFORYOU)
16:51:12.062 [Expansion Quests] - InitQuestSystemClient - Loaded existing player quest data for player with UID: _i471QtP-cQO7LGlvQxSkkb6U2OdaENSi4dYAnCjv04=
16:51:12.066 [Expansion Quests] - LoadGroupQuestData - Loaded existing group quest data for group with ID: 0
16:51:12.066 [Expansion Quests] - Create new quest instance for quest: 8 - Player UID: _i471QtP-cQO7LGlvQxSkkb6U2OdaENSi4dYAnCjv04=
16:51:12.066 [Expansion Quests] - Create new quest instance for quest: 9 - Player UID: _i471QtP-cQO7LGlvQxSkkb6U2OdaENSi4dYAnCjv04=
16:51:12.066 [Expansion Quests] - Create new quest instance for quest: 11 - Player UID: _i471QtP-cQO7LGlvQxSkkb6U2OdaENSi4dYAnCjv04=
16:51:12.988 [Expansion Quests] - LoadGroupQuestData - Got cached group quest data for group with ID: 0
16:51:40.960 [Safezone] Player "NOVAKILLSFORYOU" (id=_i471QtP-cQO7LGlvQxSkkb6U2OdaENSi4dYAnCjv04= pos=<10498.793945, 1.664435, 5680.416992>) Entered the safezone
16:53:23.871 [Party] Player "MGM_762" (id=6CBOabJUM7Qqd7NEG4Do-ueQ7Uqvietj4ODcWmz64j4=) joinded the party "OSS" (id=0 ownerUID=_i471QtP-cQO7LGlvQxSkkb6U2OdaENSi4dYAnCjv04= ownerName=NOVAKILLSFORYOU)
16:53:23.902 [Expansion Quests] - InitQuestSystemClient - Loaded existing player quest data for player with UID: 6CBOabJUM7Qqd7NEG4Do-ueQ7Uqvietj4ODcWmz64j4=
16:53:23.902 [Expansion Quests] - LoadGroupQuestData - Got cached group quest data for group with ID: 0
16:53:23.902 [Expansion Quests] - Create new quest instance for quest: 8 - Player UID: 6CBOabJUM7Qqd7NEG4Do-ueQ7Uqvietj4ODcWmz64j4=
16:53:23.902 [Expansion Quests] - Create new quest instance for quest: 9 - Player UID: 6CBOabJUM7Qqd7NEG4Do-ueQ7Uqvietj4ODcWmz64j4=
16:53:23.902 [Expansion Quests] - Create new quest instance for quest: 11 - Player UID: 6CBOabJUM7Qqd7NEG4Do-ueQ7Uqvietj4ODcWmz64j4=
16:53:24.605 [Expansion Quests] - LoadGroupQuestData - Got cached group quest data for group with ID: 0
16:55:49.804 [MissionAirdrop] An airdrop is heading towards "Hazelands" (pos=<4539.000000, 0.000000, 2317.000000> type=Random_Hazelands) with a ExpansionAirdropContainer_Medical
16:59:27.671 [AI Patrol] Spawning 2 East bots at <9759.668945, 6.023823, 4334.031250>
16:59:34.582 [AI Patrol] Spawning 2 Milo-Ashville bots at <7190.648926, 60.560059, 3654.044678>
17:00:15.195 [Safezone] Player "NOVAKILLSFORYOU" (id=_i471QtP-cQO7LGlvQxSkkb6U2OdaENSi4dYAnCjv04= pos=<9993.129883, 3.944538, 10291.210938>) Left the safezone
17:00:19.218 [Safezone] Player "NOVAKILLSFORYOU" (id=_i471QtP-cQO7LGlvQxSkkb6U2OdaENSi4dYAnCjv04= pos=<10179.432617, 26.412104, 9978.573242>) Entered the safezone
17:10:06.375 [Party] Player "NOVAKILLSFORYOU" (id=_i471QtP-cQO7LGlvQxSkkb6U2OdaENSi4dYAnCjv04=) left the party "OSS" (id=0 ownerUID=_i471QtP-cQO7LGlvQxSkkb6U2OdaENSi4dYAnCjv04= ownerName=NOVAKILLSFORYOU)
18:06:53.261 [Safezone] Player "MGM_762" (id=6CBOabJUM7Qqd7NEG4Do-ueQ7Uqvietj4ODcWmz64j4= pos=<7693.532227, 53.137310, 4722.285645>) Entered the safezone
18:11:29.808 [Market] Player "MGM_762" (id=6CBOabJUM7Qqd7NEG4Do-ueQ7Uqvietj4ODcWmz64j4=) has send a requested to sell gpsreceiver x1 at the trader "Components (Peter [#STR_EXPANSION_MARKET_TRADER_COMPONENTS])" in market zone "The Hill" (pos=<7529.135742, 89.198120, 4610.044922>).
18:11:29.921 [Market] Player "MGM_762" (id=6CBOabJUM7Qqd7NEG4Do-ueQ7Uqvietj4ODcWmz64j4=) has sold gpsreceiver x1 at the trader "Components (Peter [#STR_EXPANSION_MARKET_TRADER_COMPONENTS])" in market zone "The Hill" (pos=<7529.135742, 89.198120, 4610.044922>) and got 450.
18:11:33.937 [Market] Player "MGM_762" (id=6CBOabJUM7Qqd7NEG4Do-ueQ7Uqvietj4ODcWmz64j4=) has send a requested to sell orienteeringcompass x1 at the trader "Components (Peter [#STR_EXPANSION_MARKET_TRADER_COMPONENTS])" in market zone "The Hill" (pos=<7529.135742, 89.198120, 4610.044922>).
18:11:34.011 [Market] Player "MGM_762" (id=6CBOabJUM7Qqd7NEG4Do-ueQ7Uqvietj4ODcWmz64j4=) has sold orienteeringcompass x1 at the trader "Components (Peter [#STR_EXPANSION_MARKET_TRADER_COMPONENTS])" in market zone "The Hill" (pos=<7529.135742, 89.198120, 4610.044922>) and got 15.
18:14:13.882 [Market] Player "MGM_762" (id=6CBOabJUM7Qqd7NEG4Do-ueQ7Uqvietj4ODcWmz64j4=) has send a requested to sell sr3_vikhr_supp x1 at the trader "Attachments (Seth [#STR_EXPANSION_MARKET_TRADER_ATTACHMENTS])" in market zone "The Hill" (pos=<7529.135742, 89.198120, 4610.044922>).
18:14:14.015 [Market] Player "MGM_762" (id=6CBOabJUM7Qqd7NEG4Do-ueQ7Uqvietj4ODcWmz64j4=) has sold sr3_vikhr_supp x1 at the trader "Attachments (Seth [#STR_EXPANSION_MARKET_TRADER_ATTACHMENTS])" in market zone "The Hill" (pos=<7529.135742, 89.198120, 4610.044922>) and got 75.
18:14:17.734 [Market] Player "MGM_762" (id=6CBOabJUM7Qqd7NEG4Do-ueQ7Uqvietj4ODcWmz64j4=) has send a requested to sell snafu_agram_suppressor_black x1 at the trader "Attachments (Seth [#STR_EXPANSION_MARKET_TRADER_ATTACHMENTS])" in market zone "The Hill" (pos=<7529.135742, 89.198120, 4610.044922>).
18:14:17.859 [Market] Player "MGM_762" (id=6CBOabJUM7Qqd7NEG4Do-ueQ7Uqvietj4ODcWmz64j4=) has sold snafu_agram_suppressor_black x1 at the trader "Attachments (Seth [#STR_EXPANSION_MARKET_TRADER_ATTACHMENTS])" in market zone "The Hill" (pos=<7529.135742, 89.198120, 4610.044922>) and got 225.
18:15:28.273 [Market] Player "MGM_762" (id=6CBOabJUM7Qqd7NEG4Do-ueQ7Uqvietj4ODcWmz64j4=) has send a requested to sell bz_leggings_pa x1 at the trader "Clothing (Quinn [#STR_EXPANSION_MARKET_TRADER_CLOTHING])" in market zone "The Hill" (pos=<7529.135742, 89.198120, 4610.044922>).
18:15:28.406 [Market] Player "MGM_762" (id=6CBOabJUM7Qqd7NEG4Do-ueQ7Uqvietj4ODcWmz64j4=) has sold bz_leggings_pa x1 at the trader "Clothing (Quinn [#STR_EXPANSION_MARKET_TRADER_CLOTHING])" in market zone "The Hill" (pos=<7529.135742, 89.198120, 4610.044922>) and got 8500.
18:17:32.382 [Market] Player "MGM_762" (id=6CBOabJUM7Qqd7NEG4Do-ueQ7Uqvietj4ODcWmz64j4=) has send a requested to sell bz_tacthelmet_cosmic x1 at the trader "Clothing_Accessories (Maria [#STR_EXPANSION_MARKET_TRADER_CLOTHING_ACCESSORIES])" in market zone "The Hill" (pos=<7529.135742, 89.198120, 4610.044922>).
18:17:32.507 [Market] Player "MGM_762" (id=6CBOabJUM7Qqd7NEG4Do-ueQ7Uqvietj4ODcWmz64j4=) has sold bz_tacthelmet_cosmic x1 at the trader "Clothing_Accessories (Maria [#STR_EXPANSION_MARKET_TRADER_CLOTHING_ACCESSORIES])" in market zone "The Hill" (pos=<7529.135742, 89.198120, 4610.044922>) and got 3000.
18:17:34.992 [Market] Player "MGM_762" (id=6CBOabJUM7Qqd7NEG4Do-ueQ7Uqvietj4ODcWmz64j4=) has send a requested to sell bz_tacthelmet_dp x1 at the trader "Clothing_Accessories (Maria [#STR_EXPANSION_MARKET_TRADER_CLOTHING_ACCESSORIES])" in market zone "The Hill" (pos=<7529.135742, 89.198120, 4610.044922>).
18:17:35.109 [Market] Player "MGM_762" (id=6CBOabJUM7Qqd7NEG4Do-ueQ7Uqvietj4ODcWmz64j4=) has sold bz_tacthelmet_dp x1 at the trader "Clothing_Accessories (Maria [#STR_EXPANSION_MARKET_TRADER_CLOTHING_ACCESSORIES])" in market zone "The Hill" (pos=<7529.135742, 89.198120, 4610.044922>) and got 3000.
18:17:36.789 [Market] Player "MGM_762" (id=6CBOabJUM7Qqd7NEG4Do-ueQ7Uqvietj4ODcWmz64j4=) has send a requested to sell bz_tacthelmet_hex2 x1 at the trader "Clothing_Accessories (Maria [#STR_EXPANSION_MARKET_TRADER_CLOTHING_ACCESSORIES])" in market zone "The Hill" (pos=<7529.135742, 89.198120, 4610.044922>).
18:17:36.906 [Market] Player "MGM_762" (id=6CBOabJUM7Qqd7NEG4Do-ueQ7Uqvietj4ODcWmz64j4=) has sold bz_tacthelmet_hex2 x1 at the trader "Clothing_Accessories (Maria [#STR_EXPANSION_MARKET_TRADER_CLOTHING_ACCESSORIES])" in market zone "The Hill" (pos=<7529.135742, 89.198120, 4610.044922>) and got 750.
18:17:38.476 [Market] Player "MGM_762" (id=6CBOabJUM7Qqd7NEG4Do-ueQ7Uqvietj4ODcWmz64j4=) has send a requested to sell bz_tacthelmet_mountaindew x1 at the trader "Clothing_Accessories (Maria [#STR_EXPANSION_MARKET_TRADER_CLOTHING_ACCESSORIES])" in market zone "The Hill" (pos=<7529.135742, 89.198120, 4610.044922>).
18:17:38.609 [Market] Player "MGM_762" (id=6CBOabJUM7Qqd7NEG4Do-ueQ7Uqvietj4ODcWmz64j4=) has sold bz_tacthelmet_mountaindew x1 at the trader "Clothing_Accessories (Maria [#STR_EXPANSION_MARKET_TRADER_CLOTHING_ACCESSORIES])" in market zone "The Hill" (pos=<7529.135742, 89.198120, 4610.044922>) and got 1500.
18:17:40.156 [Market] Player "MGM_762" (id=6CBOabJUM7Qqd7NEG4Do-ueQ7Uqvietj4ODcWmz64j4=) has send a requested to sell bz_tacthelmet_thai x1 at the trader "Clothing_Accessories (Maria [#STR_EXPANSION_MARKET_TRADER_CLOTHING_ACCESSORIES])" in market zone "The Hill" (pos=<7529.135742, 89.198120, 4610.044922>).
18:17:40.265 [Market] Player "MGM_762" (id=6CBOabJUM7Qqd7NEG4Do-ueQ7Uqvietj4ODcWmz64j4=) has sold bz_tacthelmet_thai x1 at the trader "Clothing_Accessories (Maria [#STR_EXPANSION_MARKET_TRADER_CLOTHING_ACCESSORIES])" in market zone "The Hill" (pos=<7529.135742, 89.198120, 4610.044922>) and got 3000.
18:17:41.843 [Market] Player "MGM_762" (id=6CBOabJUM7Qqd7NEG4Do-ueQ7Uqvietj4ODcWmz64j4=) has send a requested to sell bz_tacthelmet_woodland x1 at the trader "Clothing_Accessories (Maria [#STR_EXPANSION_MARKET_TRADER_CLOTHING_ACCESSORIES])" in market zone "The Hill" (pos=<7529.135742, 89.198120, 4610.044922>).
18:17:41.960 [Market] Player "MGM_762" (id=6CBOabJUM7Qqd7NEG4Do-ueQ7Uqvietj4ODcWmz64j4=) has sold bz_tacthelmet_woodland x1 at the trader "Clothing_Accessories (Maria [#STR_EXPANSION_MARKET_TRADER_CLOTHING_ACCESSORIES])" in market zone "The Hill" (pos=<7529.135742, 89.198120, 4610.044922>) and got 3000.
18:17:48.500 [Market] Player "MGM_762" (id=6CBOabJUM7Qqd7NEG4Do-ueQ7Uqvietj4ODcWmz64j4=) has send a requested to sell bz_tactgloves_desert x1 at the trader "Clothing_Accessories (Maria [#STR_EXPANSION_MARKET_TRADER_CLOTHING_ACCESSORIES])" in market zone "The Hill" (pos=<7529.135742, 89.198120, 4610.044922>).
18:17:48.585 [Market] Player "MGM_762" (id=6CBOabJUM7Qqd7NEG4Do-ueQ7Uqvietj4ODcWmz64j4=) has sold bz_tactgloves_desert x1 at the trader "Clothing_Accessories (Maria [#STR_EXPANSION_MARKET_TRADER_CLOTHING_ACCESSORIES])" in market zone "The Hill" (pos=<7529.135742, 89.198120, 4610.044922>) and got 3000.
18:17:51.343 [Market] Player "MGM_762" (id=6CBOabJUM7Qqd7NEG4Do-ueQ7Uqvietj4ODcWmz64j4=) has send a requested to sell bz_tactgloves_pa x1 at the trader "Clothing_Accessories (Maria [#STR_EXPANSION_MARKET_TRADER_CLOTHING_ACCESSORIES])" in market zone "The Hill" (pos=<7529.135742, 89.198120, 4610.044922>).
18:17:51.500 [Market] Player "MGM_762" (id=6CBOabJUM7Qqd7NEG4Do-ueQ7Uqvietj4ODcWmz64j4=) has sold bz_tactgloves_pa x1 at the trader "Clothing_Accessories (Maria [#STR_EXPANSION_MARKET_TRADER_CLOTHING_ACCESSORIES])" in market zone "The Hill" (pos=<7529.135742, 89.198120, 4610.044922>) and got 3000.
18:26:52.156 [MissionAirdrop] An airdrop is heading towards "Stonington" (pos=<6973.000000, 0.000000, 1701.000000> type=Random_Stonington) with a ExpansionAirdropContainer_Medical
18:31:19.359 [Market] Player "MGM_762" (id=6CBOabJUM7Qqd7NEG4Do-ueQ7Uqvietj4ODcWmz64j4=) has send a requested to sell gcgn_m110_mag x1 at the trader "Attachments (Seth [#STR_EXPANSION_MARKET_TRADER_ATTACHMENTS])" in market zone "The Hill" (pos=<7529.135742, 89.198120, 4610.044922>).
18:31:19.500 [Market] Player "MGM_762" (id=6CBOabJUM7Qqd7NEG4Do-ueQ7Uqvietj4ODcWmz64j4=) has sold gcgn_m110_mag x1 at the trader "Attachments (Seth [#STR_EXPANSION_MARKET_TRADER_ATTACHMENTS])" in market zone "The Hill" (pos=<7529.135742, 89.198120, 4610.044922>) and got 75.
18:31:23.539 [Market] Player "MGM_762" (id=6CBOabJUM7Qqd7NEG4Do-ueQ7Uqvietj4ODcWmz64j4=) has send a requested to sell snafu_saint_mag x1 at the trader "Attachments (Seth [#STR_EXPANSION_MARKET_TRADER_ATTACHMENTS])" in market zone "The Hill" (pos=<7529.135742, 89.198120, 4610.044922>).
18:31:23.687 [Market] Player "MGM_762" (id=6CBOabJUM7Qqd7NEG4Do-ueQ7Uqvietj4ODcWmz64j4=) has sold snafu_saint_mag x1 at the trader "Attachments (Seth [#STR_EXPANSION_MARKET_TRADER_ATTACHMENTS])" in market zone "The Hill" (pos=<7529.135742, 89.198120, 4610.044922>) and got 300.
18:31:30.226 [Market] Player "MGM_762" (id=6CBOabJUM7Qqd7NEG4Do-ueQ7Uqvietj4ODcWmz64j4=) has send a requested to sell snafu_cmag30300_black x1 at the trader "Attachments (Seth [#STR_EXPANSION_MARKET_TRADER_ATTACHMENTS])" in market zone "The Hill" (pos=<7529.135742, 89.198120, 4610.044922>).
18:31:30.328 [Market] Player "MGM_762" (id=6CBOabJUM7Qqd7NEG4Do-ueQ7Uqvietj4ODcWmz64j4=) has sold snafu_cmag30300_black x1 at the trader "Attachments (Seth [#STR_EXPANSION_MARKET_TRADER_ATTACHMENTS])" in market zone "The Hill" (pos=<7529.135742, 89.198120, 4610.044922>) and got 300.
18:31:31.421 [Market] Player "MGM_762" (id=6CBOabJUM7Qqd7NEG4Do-ueQ7Uqvietj4ODcWmz64j4=) has send a requested to sell snafu_cmag30300_black x1 at the trader "Attachments (Seth [#STR_EXPANSION_MARKET_TRADER_ATTACHMENTS])" in market zone "The Hill" (pos=<7529.135742, 89.198120, 4610.044922>).
18:31:31.531 [Market] Player "MGM_762" (id=6CBOabJUM7Qqd7NEG4Do-ueQ7Uqvietj4ODcWmz64j4=) has sold snafu_cmag30300_black x1 at the trader "Attachments (Seth [#STR_EXPANSION_MARKET_TRADER_ATTACHMENTS])" in market zone "The Hill" (pos=<7529.135742, 89.198120, 4610.044922>) and got 300.
18:31:34.695 [Market] Player "MGM_762" (id=6CBOabJUM7Qqd7NEG4Do-ueQ7Uqvietj4ODcWmz64j4=) has send a requested to sell snafu_cmag30300_tan x1 at the trader "Attachments (Seth [#STR_EXPANSION_MARKET_TRADER_ATTACHMENTS])" in market zone "The Hill" (pos=<7529.135742, 89.198120, 4610.044922>).
18:31:34.812 [Market] Player "MGM_762" (id=6CBOabJUM7Qqd7NEG4Do-ueQ7Uqvietj4ODcWmz64j4=) has sold snafu_cmag30300_tan x1 at the trader "Attachments (Seth [#STR_EXPANSION_MARKET_TRADER_ATTACHMENTS])" in market zone "The Hill" (pos=<7529.135742, 89.198120, 4610.044922>) and got 75.
18:31:37.789 [Market] Player "MGM_762" (id=6CBOabJUM7Qqd7NEG4Do-ueQ7Uqvietj4ODcWmz64j4=) has send a requested to sell snafu_cmag40300_tan x1 at the trader "Attachments (Seth [#STR_EXPANSION_MARKET_TRADER_ATTACHMENTS])" in market zone "The Hill" (pos=<7529.135742, 89.198120, 4610.044922>).
18:31:37.898 [Market] Player "MGM_762" (id=6CBOabJUM7Qqd7NEG4Do-ueQ7Uqvietj4ODcWmz64j4=) has sold snafu_cmag40300_tan x1 at the trader "Attachments (Seth [#STR_EXPANSION_MARKET_TRADER_ATTACHMENTS])" in market zone "The Hill" (pos=<7529.135742, 89.198120, 4610.044922>) and got 300.
18:31:43.609 [Market] Player "MGM_762" (id=6CBOabJUM7Qqd7NEG4Do-ueQ7Uqvietj4ODcWmz64j4=) has send a requested to sell snafu_cmag30556_tan x1 at the trader "Attachments (Seth [#STR_EXPANSION_MARKET_TRADER_ATTACHMENTS])" in market zone "The Hill" (pos=<7529.135742, 89.198120, 4610.044922>).
18:31:43.718 [Market] Player "MGM_762" (id=6CBOabJUM7Qqd7NEG4Do-ueQ7Uqvietj4ODcWmz64j4=) has sold snafu_cmag30556_tan x1 at the trader "Attachments (Seth [#STR_EXPANSION_MARKET_TRADER_ATTACHMENTS])" in market zone "The Hill" (pos=<7529.135742, 89.198120, 4610.044922>) and got 75.
18:31:44.687 [Market] Player "MGM_762" (id=6CBOabJUM7Qqd7NEG4Do-ueQ7Uqvietj4ODcWmz64j4=) has send a requested to sell snafu_cmag30556_tan x1 at the trader "Attachments (Seth [#STR_EXPANSION_MARKET_TRADER_ATTACHMENTS])" in market zone "The Hill" (pos=<7529.135742, 89.198120, 4610.044922>).
18:31:44.835 [Market] Player "MGM_762" (id=6CBOabJUM7Qqd7NEG4Do-ueQ7Uqvietj4ODcWmz64j4=) has sold snafu_cmag30556_tan x1 at the trader "Attachments (Seth [#STR_EXPANSION_MARKET_TRADER_ATTACHMENTS])" in market zone "The Hill" (pos=<7529.135742, 89.198120, 4610.044922>) and got 75.
18:31:47.140 [Market] Player "MGM_762" (id=6CBOabJUM7Qqd7NEG4Do-ueQ7Uqvietj4ODcWmz64j4=) has send a requested to sell snafu_pmag556_grey x1 at the trader "Attachments (Seth [#STR_EXPANSION_MARKET_TRADER_ATTACHMENTS])" in market zone "The Hill" (pos=<7529.135742, 89.198120, 4610.044922>).
18:31:47.296 [Market] Player "MGM_762" (id=6CBOabJUM7Qqd7NEG4Do-ueQ7Uqvietj4ODcWmz64j4=) has sold snafu_pmag556_grey x1 at the trader "Attachments (Seth [#STR_EXPANSION_MARKET_TRADER_ATTACHMENTS])" in market zone "The Hill" (pos=<7529.135742, 89.198120, 4610.044922>) and got 300.
18:31:48.898 [Market] Player "MGM_762" (id=6CBOabJUM7Qqd7NEG4Do-ueQ7Uqvietj4ODcWmz64j4=) has send a requested to sell snafu_pmag556_od x1 at the trader "Attachments (Seth [#STR_EXPANSION_MARKET_TRADER_ATTACHMENTS])" in market zone "The Hill" (pos=<7529.135742, 89.198120, 4610.044922>).
18:31:49.015 [Market] Player "MGM_762" (id=6CBOabJUM7Qqd7NEG4Do-ueQ7Uqvietj4ODcWmz64j4=) has sold snafu_pmag556_od x1 at the trader "Attachments (Seth [#STR_EXPANSION_MARKET_TRADER_ATTACHMENTS])" in market zone "The Hill" (pos=<7529.135742, 89.198120, 4610.044922>) and got 300.
18:31:49.898 [Market] Player "MGM_762" (id=6CBOabJUM7Qqd7NEG4Do-ueQ7Uqvietj4ODcWmz64j4=) has send a requested to sell snafu_pmag556_od x1 at the trader "Attachments (Seth [#STR_EXPANSION_MARKET_TRADER_ATTACHMENTS])" in market zone "The Hill" (pos=<7529.135742, 89.198120, 4610.044922>).
18:31:50.007 [Market] Player "MGM_762" (id=6CBOabJUM7Qqd7NEG4Do-ueQ7Uqvietj4ODcWmz64j4=) has sold snafu_pmag556_od x1 at the trader "Attachments (Seth [#STR_EXPANSION_MARKET_TRADER_ATTACHMENTS])" in market zone "The Hill" (pos=<7529.135742, 89.198120, 4610.044922>) and got 150.
18:31:52.375 [Market] Player "MGM_762" (id=6CBOabJUM7Qqd7NEG4Do-ueQ7Uqvietj4ODcWmz64j4=) has send a requested to sell snafu_pmag556_tan x1 at the trader "Attachments (Seth [#STR_EXPANSION_MARKET_TRADER_ATTACHMENTS])" in market zone "The Hill" (pos=<7529.135742, 89.198120, 4610.044922>).
18:31:52.484 [Market] Player "MGM_762" (id=6CBOabJUM7Qqd7NEG4Do-ueQ7Uqvietj4ODcWmz64j4=) has sold snafu_pmag556_tan x1 at the trader "Attachments (Seth [#STR_EXPANSION_MARKET_TRADER_ATTACHMENTS])" in market zone "The Hill" (pos=<7529.135742, 89.198120, 4610.044922>) and got 225.
18:31:55.031 [Market] Player "MGM_762" (id=6CBOabJUM7Qqd7NEG4Do-ueQ7Uqvietj4ODcWmz64j4=) has send a requested to sell snafu_cmag40556_black x1 at the trader "Attachments (Seth [#STR_EXPANSION_MARKET_TRADER_ATTACHMENTS])" in market zone "The Hill" (pos=<7529.135742, 89.198120, 4610.044922>).
18:31:55.140 [Market] Player "MGM_762" (id=6CBOabJUM7Qqd7NEG4Do-ueQ7Uqvietj4ODcWmz64j4=) has sold snafu_cmag40556_black x1 at the trader "Attachments (Seth [#STR_EXPANSION_MARKET_TRADER_ATTACHMENTS])" in market zone "The Hill" (pos=<7529.135742, 89.198120, 4610.044922>) and got 300.
18:31:56.632 [Market] Player "MGM_762" (id=6CBOabJUM7Qqd7NEG4Do-ueQ7Uqvietj4ODcWmz64j4=) has send a requested to sell snafu_cmag40556_tan x1 at the trader "Attachments (Seth [#STR_EXPANSION_MARKET_TRADER_ATTACHMENTS])" in market zone "The Hill" (pos=<7529.135742, 89.198120, 4610.044922>).
18:31:56.757 [Market] Player "MGM_762" (id=6CBOabJUM7Qqd7NEG4Do-ueQ7Uqvietj4ODcWmz64j4=) has sold snafu_cmag40556_tan x1 at the trader "Attachments (Seth [#STR_EXPANSION_MARKET_TRADER_ATTACHMENTS])" in market zone "The Hill" (pos=<7529.135742, 89.198120, 4610.044922>) and got 300.
18:31:58.429 [Market] Player "MGM_762" (id=6CBOabJUM7Qqd7NEG4Do-ueQ7Uqvietj4ODcWmz64j4=) has send a requested to sell snafu_cmag40556_tan x1 at the trader "Attachments (Seth [#STR_EXPANSION_MARKET_TRADER_ATTACHMENTS])" in market zone "The Hill" (pos=<7529.135742, 89.198120, 4610.044922>).
18:31:58.546 [Market] Player "MGM_762" (id=6CBOabJUM7Qqd7NEG4Do-ueQ7Uqvietj4ODcWmz64j4=) has sold snafu_cmag40556_tan x1 at the trader "Attachments (Seth [#STR_EXPANSION_MARKET_TRADER_ATTACHMENTS])" in market zone "The Hill" (pos=<7529.135742, 89.198120, 4610.044922>) and got 300.
18:32:01.632 [Market] Player "MGM_762" (id=6CBOabJUM7Qqd7NEG4Do-ueQ7Uqvietj4ODcWmz64j4=) has send a requested to sell snafu_ak103_mag x1 at the trader "Attachments (Seth [#STR_EXPANSION_MARKET_TRADER_ATTACHMENTS])" in market zone "The Hill" (pos=<7529.135742, 89.198120, 4610.044922>).
18:32:01.710 [Market] Player "MGM_762" (id=6CBOabJUM7Qqd7NEG4Do-ueQ7Uqvietj4ODcWmz64j4=) has sold snafu_ak103_mag x1 at the trader "Attachments (Seth [#STR_EXPANSION_MARKET_TRADER_ATTACHMENTS])" in market zone "The Hill" (pos=<7529.135742, 89.198120, 4610.044922>) and got 300.
18:32:04.906 [Market] Player "MGM_762" (id=6CBOabJUM7Qqd7NEG4Do-ueQ7Uqvietj4ODcWmz64j4=) has send a requested to sell snafuar15_spr_30rnd_mag x1 at the trader "Attachments (Seth [#STR_EXPANSION_MARKET_TRADER_ATTACHMENTS])" in market zone "The Hill" (pos=<7529.135742, 89.198120, 4610.044922>).
18:32:05.007 [Market] Player "MGM_762" (id=6CBOabJUM7Qqd7NEG4Do-ueQ7Uqvietj4ODcWmz64j4=) has sold snafuar15_spr_30rnd_mag x1 at the trader "Attachments (Seth [#STR_EXPANSION_MARKET_TRADER_ATTACHMENTS])" in market zone "The Hill" (pos=<7529.135742, 89.198120, 4610.044922>) and got 300.
18:32:07.218 [Market] Player "MGM_762" (id=6CBOabJUM7Qqd7NEG4Do-ueQ7Uqvietj4ODcWmz64j4=) has send a requested to sell snafuar15_spr_40rnd_mag x1 at the trader "Attachments (Seth [#STR_EXPANSION_MARKET_TRADER_ATTACHMENTS])" in market zone "The Hill" (pos=<7529.135742, 89.198120, 4610.044922>).
18:32:07.335 [Market] Player "MGM_762" (id=6CBOabJUM7Qqd7NEG4Do-ueQ7Uqvietj4ODcWmz64j4=) has sold snafuar15_spr_40rnd_mag x1 at the trader "Attachments (Seth [#STR_EXPANSION_MARKET_TRADER_ATTACHMENTS])" in market zone "The Hill" (pos=<7529.135742, 89.198120, 4610.044922>) and got 75.
18:32:10.054 [Market] Player "MGM_762" (id=6CBOabJUM7Qqd7NEG4Do-ueQ7Uqvietj4ODcWmz64j4=) has send a requested to sell snafuaug_30rdmag x1 at the trader "Attachments (Seth [#STR_EXPANSION_MARKET_TRADER_ATTACHMENTS])" in market zone "The Hill" (pos=<7529.135742, 89.198120, 4610.044922>).
18:32:10.164 [Market] Player "MGM_762" (id=6CBOabJUM7Qqd7NEG4Do-ueQ7Uqvietj4ODcWmz64j4=) has sold snafuaug_30rdmag x1 at the trader "Attachments (Seth [#STR_EXPANSION_MARKET_TRADER_ATTACHMENTS])" in market zone "The Hill" (pos=<7529.135742, 89.198120, 4610.044922>) and got 135.
18:32:19.125 [Market] Player "MGM_762" (id=6CBOabJUM7Qqd7NEG4Do-ueQ7Uqvietj4ODcWmz64j4=) has send a requested to sell snafu_kac_mag x1 at the trader "Attachments (Seth [#STR_EXPANSION_MARKET_TRADER_ATTACHMENTS])" in market zone "The Hill" (pos=<7529.135742, 89.198120, 4610.044922>).
18:32:19.242 [Market] Player "MGM_762" (id=6CBOabJUM7Qqd7NEG4Do-ueQ7Uqvietj4ODcWmz64j4=) has sold snafu_kac_mag x1 at the trader "Attachments (Seth [#STR_EXPANSION_MARKET_TRADER_ATTACHMENTS])" in market zone "The Hill" (pos=<7529.135742, 89.198120, 4610.044922>) and got 225.
18:32:20.304 [Market] Player "MGM_762" (id=6CBOabJUM7Qqd7NEG4Do-ueQ7Uqvietj4ODcWmz64j4=) has send a requested to sell snafu_kac_mag x1 at the trader "Attachments (Seth [#STR_EXPANSION_MARKET_TRADER_ATTACHMENTS])" in market zone "The Hill" (pos=<7529.135742, 89.198120, 4610.044922>).
18:32:20.414 [Market] Player "MGM_762" (id=6CBOabJUM7Qqd7NEG4Do-ueQ7Uqvietj4ODcWmz64j4=) has sold snafu_kac_mag x1 at the trader "Attachments (Seth [#STR_EXPANSION_MARKET_TRADER_ATTACHMENTS])" in market zone "The Hill" (pos=<7529.135742, 89.198120, 4610.044922>) and got 225.
18:32:28.828 [Market] Player "MGM_762" (id=6CBOabJUM7Qqd7NEG4Do-ueQ7Uqvietj4ODcWmz64j4=) has send a requested to sell snafu_m14_mag x1 at the trader "Attachments (Seth [#STR_EXPANSION_MARKET_TRADER_ATTACHMENTS])" in market zone "The Hill" (pos=<7529.135742, 89.198120, 4610.044922>).
18:32:28.976 [Market] Player "MGM_762" (id=6CBOabJUM7Qqd7NEG4Do-ueQ7Uqvietj4ODcWmz64j4=) has sold snafu_m14_mag x1 at the trader "Attachments (Seth [#STR_EXPANSION_MARKET_TRADER_ATTACHMENTS])" in market zone "The Hill" (pos=<7529.135742, 89.198120, 4610.044922>) and got 300.
18:32:37.218 [Market] Player "MGM_762" (id=6CBOabJUM7Qqd7NEG4Do-ueQ7Uqvietj4ODcWmz64j4=) has send a requested to sell snafu_mp9_30rnd_mag x1 at the trader "Attachments (Seth [#STR_EXPANSION_MARKET_TRADER_ATTACHMENTS])" in market zone "The Hill" (pos=<7529.135742, 89.198120, 4610.044922>).
18:32:37.320 [Market] Player "MGM_762" (id=6CBOabJUM7Qqd7NEG4Do-ueQ7Uqvietj4ODcWmz64j4=) has sold snafu_mp9_30rnd_mag x1 at the trader "Attachments (Seth [#STR_EXPANSION_MARKET_TRADER_ATTACHMENTS])" in market zone "The Hill" (pos=<7529.135742, 89.198120, 4610.044922>) and got 360.
18:32:41.203 [Market] Player "MGM_762" (id=6CBOabJUM7Qqd7NEG4Do-ueQ7Uqvietj4ODcWmz64j4=) has send a requested to sell sr3_vikhr_mag x1 at the trader "Attachments (Seth [#STR_EXPANSION_MARKET_TRADER_ATTACHMENTS])" in market zone "The Hill" (pos=<7529.135742, 89.198120, 4610.044922>).
18:32:41.320 [Market] Player "MGM_762" (id=6CBOabJUM7Qqd7NEG4Do-ueQ7Uqvietj4ODcWmz64j4=) has sold sr3_vikhr_mag x1 at the trader "Attachments (Seth [#STR_EXPANSION_MARKET_TRADER_ATTACHMENTS])" in market zone "The Hill" (pos=<7529.135742, 89.198120, 4610.044922>) and got 150.
18:32:42.117 [Market] Player "MGM_762" (id=6CBOabJUM7Qqd7NEG4Do-ueQ7Uqvietj4ODcWmz64j4=) has send a requested to sell sr3_vikhr_mag x1 at the trader "Attachments (Seth [#STR_EXPANSION_MARKET_TRADER_ATTACHMENTS])" in market zone "The Hill" (pos=<7529.135742, 89.198120, 4610.044922>).
18:32:42.226 [Market] Player "MGM_762" (id=6CBOabJUM7Qqd7NEG4Do-ueQ7Uqvietj4ODcWmz64j4=) has sold sr3_vikhr_mag x1 at the trader "Attachments (Seth [#STR_EXPANSION_MARKET_TRADER_ATTACHMENTS])" in market zone "The Hill" (pos=<7529.135742, 89.198120, 4610.044922>) and got 300.
18:32:48.687 [Market] Player "MGM_762" (id=6CBOabJUM7Qqd7NEG4Do-ueQ7Uqvietj4ODcWmz64j4=) has send a requested to sell snafu_scarh_25rnd_mag_bk x1 at the trader "Attachments (Seth [#STR_EXPANSION_MARKET_TRADER_ATTACHMENTS])" in market zone "The Hill" (pos=<7529.135742, 89.198120, 4610.044922>).
18:32:48.765 [Market] Player "MGM_762" (id=6CBOabJUM7Qqd7NEG4Do-ueQ7Uqvietj4ODcWmz64j4=) has sold snafu_scarh_25rnd_mag_bk x1 at the trader "Attachments (Seth [#STR_EXPANSION_MARKET_TRADER_ATTACHMENTS])" in market zone "The Hill" (pos=<7529.135742, 89.198120, 4610.044922>) and got 225.
18:32:49.601 [Market] Player "MGM_762" (id=6CBOabJUM7Qqd7NEG4Do-ueQ7Uqvietj4ODcWmz64j4=) has send a requested to sell snafu_scarh_25rnd_mag_bk x1 at the trader "Attachments (Seth [#STR_EXPANSION_MARKET_TRADER_ATTACHMENTS])" in market zone "The Hill" (pos=<7529.135742, 89.198120, 4610.044922>).
18:32:49.710 [Market] Player "MGM_762" (id=6CBOabJUM7Qqd7NEG4Do-ueQ7Uqvietj4ODcWmz64j4=) has sold snafu_scarh_25rnd_mag_bk x1 at the trader "Attachments (Seth [#STR_EXPANSION_MARKET_TRADER_ATTACHMENTS])" in market zone "The Hill" (pos=<7529.135742, 89.198120, 4610.044922>) and got 75.
18:32:55.070 [Market] Player "MGM_762" (id=6CBOabJUM7Qqd7NEG4Do-ueQ7Uqvietj4ODcWmz64j4=) has send a requested to sell snafu_scarh_25rnd_mag_tan x1 at the trader "Attachments (Seth [#STR_EXPANSION_MARKET_TRADER_ATTACHMENTS])" in market zone "The Hill" (pos=<7529.135742, 89.198120, 4610.044922>).
18:32:55.187 [Market] Player "MGM_762" (id=6CBOabJUM7Qqd7NEG4Do-ueQ7Uqvietj4ODcWmz64j4=) has sold snafu_scarh_25rnd_mag_tan x1 at the trader "Attachments (Seth [#STR_EXPANSION_MARKET_TRADER_ATTACHMENTS])" in market zone "The Hill" (pos=<7529.135742, 89.198120, 4610.044922>) and got 300.
18:32:55.976 [Market] Player "MGM_762" (id=6CBOabJUM7Qqd7NEG4Do-ueQ7Uqvietj4ODcWmz64j4=) has send a requested to sell snafu_scarh_25rnd_mag_tan x1 at the trader "Attachments (Seth [#STR_EXPANSION_MARKET_TRADER_ATTACHMENTS])" in market zone "The Hill" (pos=<7529.135742, 89.198120, 4610.044922>).
18:32:56.101 [Market] Player "MGM_762" (id=6CBOabJUM7Qqd7NEG4Do-ueQ7Uqvietj4ODcWmz64j4=) has sold snafu_scarh_25rnd_mag_tan x1 at the trader "Attachments (Seth [#STR_EXPANSION_MARKET_TRADER_ATTACHMENTS])" in market zone "The Hill" (pos=<7529.135742, 89.198120, 4610.044922>) and got 150.
18:33:10.625 [Market] Player "MGM_762" (id=6CBOabJUM7Qqd7NEG4Do-ueQ7Uqvietj4ODcWmz64j4=) has send a requested to sell snafu_u100_mag x1 at the trader "Attachments (Seth [#STR_EXPANSION_MARKET_TRADER_ATTACHMENTS])" in market zone "The Hill" (pos=<7529.135742, 89.198120, 4610.044922>).
18:33:10.734 [Market] Player "MGM_762" (id=6CBOabJUM7Qqd7NEG4Do-ueQ7Uqvietj4ODcWmz64j4=) has sold snafu_u100_mag x1 at the trader "Attachments (Seth [#STR_EXPANSION_MARKET_TRADER_ATTACHMENTS])" in market zone "The Hill" (pos=<7529.135742, 89.198120, 4610.044922>) and got 225.
18:36:03.234 [Market] Player "MGM_762" (id=6CBOabJUM7Qqd7NEG4Do-ueQ7Uqvietj4ODcWmz64j4=) has send a requested to sell snafu_u100_mag x1 at the trader "Attachments (Seth [#STR_EXPANSION_MARKET_TRADER_ATTACHMENTS])" in market zone "The Hill" (pos=<7529.135742, 89.198120, 4610.044922>).
18:36:03.343 [Market] Player "MGM_762" (id=6CBOabJUM7Qqd7NEG4Do-ueQ7Uqvietj4ODcWmz64j4=) has sold snafu_u100_mag x1 at the trader "Attachments (Seth [#STR_EXPANSION_MARKET_TRADER_ATTACHMENTS])" in market zone "The Hill" (pos=<7529.135742, 89.198120, 4610.044922>) and got 225.
18:36:06.398 [Market] Player "MGM_762" (id=6CBOabJUM7Qqd7NEG4Do-ueQ7Uqvietj4ODcWmz64j4=) has send a requested to sell sn_auto_shotgun_mag x1 at the trader "Attachments (Seth [#STR_EXPANSION_MARKET_TRADER_ATTACHMENTS])" in market zone "The Hill" (pos=<7529.135742, 89.198120, 4610.044922>).
18:36:06.515 [Market] Player "MGM_762" (id=6CBOabJUM7Qqd7NEG4Do-ueQ7Uqvietj4ODcWmz64j4=) has sold sn_auto_shotgun_mag x1 at the trader "Attachments (Seth [#STR_EXPANSION_MARKET_TRADER_ATTACHMENTS])" in market zone "The Hill" (pos=<7529.135742, 89.198120, 4610.044922>) and got 206.
18:36:07.437 [Market] Player "MGM_762" (id=6CBOabJUM7Qqd7NEG4Do-ueQ7Uqvietj4ODcWmz64j4=) has send a requested to sell sn_auto_shotgun_mag x1 at the trader "Attachments (Seth [#STR_EXPANSION_MARKET_TRADER_ATTACHMENTS])" in market zone "The Hill" (pos=<7529.135742, 89.198120, 4610.044922>).
18:36:07.546 [Market] Player "MGM_762" (id=6CBOabJUM7Qqd7NEG4Do-ueQ7Uqvietj4ODcWmz64j4=) has sold sn_auto_shotgun_mag x1 at the trader "Attachments (Seth [#STR_EXPANSION_MARKET_TRADER_ATTACHMENTS])" in market zone "The Hill" (pos=<7529.135742, 89.198120, 4610.044922>) and got 345.
18:39:01.757 [Market] Player "MGM_762" (id=6CBOabJUM7Qqd7NEG4Do-ueQ7Uqvietj4ODcWmz64j4=) has send a requested to sell bz_anime_nvgs x1 at the trader "Clothing_Accessories (Maria [#STR_EXPANSION_MARKET_TRADER_CLOTHING_ACCESSORIES])" in market zone "The Hill" (pos=<7529.135742, 89.198120, 4610.044922>).
18:39:01.867 [Market] Player "MGM_762" (id=6CBOabJUM7Qqd7NEG4Do-ueQ7Uqvietj4ODcWmz64j4=) has sold bz_anime_nvgs x1 at the trader "Clothing_Accessories (Maria [#STR_EXPANSION_MARKET_TRADER_CLOTHING_ACCESSORIES])" in market zone "The Hill" (pos=<7529.135742, 89.198120, 4610.044922>) and got 5250.
18:39:04.414 [Market] Player "MGM_762" (id=6CBOabJUM7Qqd7NEG4Do-ueQ7Uqvietj4ODcWmz64j4=) has send a requested to sell bz_lv_nvgs x1 at the trader "Clothing_Accessories (Maria [#STR_EXPANSION_MARKET_TRADER_CLOTHING_ACCESSORIES])" in market zone "The Hill" (pos=<7529.135742, 89.198120, 4610.044922>).
18:39:04.554 [Market] Player "MGM_762" (id=6CBOabJUM7Qqd7NEG4Do-ueQ7Uqvietj4ODcWmz64j4=) has sold bz_lv_nvgs x1 at the trader "Clothing_Accessories (Maria [#STR_EXPANSION_MARKET_TRADER_CLOTHING_ACCESSORIES])" in market zone "The Hill" (pos=<7529.135742, 89.198120, 4610.044922>) and got 7000.
18:39:06.320 [Market] Player "MGM_762" (id=6CBOabJUM7Qqd7NEG4Do-ueQ7Uqvietj4ODcWmz64j4=) has send a requested to sell bz_marvel_nvgs x1 at the trader "Clothing_Accessories (Maria [#STR_EXPANSION_MARKET_TRADER_CLOTHING_ACCESSORIES])" in market zone "The Hill" (pos=<7529.135742, 89.198120, 4610.044922>).
18:39:06.437 [Market] Player "MGM_762" (id=6CBOabJUM7Qqd7NEG4Do-ueQ7Uqvietj4ODcWmz64j4=) has sold bz_marvel_nvgs x1 at the trader "Clothing_Accessories (Maria [#STR_EXPANSION_MARKET_TRADER_CLOTHING_ACCESSORIES])" in market zone "The Hill" (pos=<7529.135742, 89.198120, 4610.044922>) and got 7000.
18:39:08.046 [Market] Player "MGM_762" (id=6CBOabJUM7Qqd7NEG4Do-ueQ7Uqvietj4ODcWmz64j4=) has send a requested to sell bz_purple_nvgs x1 at the trader "Clothing_Accessories (Maria [#STR_EXPANSION_MARKET_TRADER_CLOTHING_ACCESSORIES])" in market zone "The Hill" (pos=<7529.135742, 89.198120, 4610.044922>).
18:39:08.156 [Market] Player "MGM_762" (id=6CBOabJUM7Qqd7NEG4Do-ueQ7Uqvietj4ODcWmz64j4=) has sold bz_purple_nvgs x1 at the trader "Clothing_Accessories (Maria [#STR_EXPANSION_MARKET_TRADER_CLOTHING_ACCESSORIES])" in market zone "The Hill" (pos=<7529.135742, 89.198120, 4610.044922>) and got 7000.
18:39:09.976 [Market] Player "MGM_762" (id=6CBOabJUM7Qqd7NEG4Do-ueQ7Uqvietj4ODcWmz64j4=) has send a requested to sell bz_urban_nvgs x1 at the trader "Clothing_Accessories (Maria [#STR_EXPANSION_MARKET_TRADER_CLOTHING_ACCESSORIES])" in market zone "The Hill" (pos=<7529.135742, 89.198120, 4610.044922>).
18:39:10.078 [Market] Player "MGM_762" (id=6CBOabJUM7Qqd7NEG4Do-ueQ7Uqvietj4ODcWmz64j4=) has sold bz_urban_nvgs x1 at the trader "Clothing_Accessories (Maria [#STR_EXPANSION_MARKET_TRADER_CLOTHING_ACCESSORIES])" in market zone "The Hill" (pos=<7529.135742, 89.198120, 4610.044922>) and got 7000.
18:39:11.687 [Market] Player "MGM_762" (id=6CBOabJUM7Qqd7NEG4Do-ueQ7Uqvietj4ODcWmz64j4=) has send a requested to sell bz_wtiger_nvgs x1 at the trader "Clothing_Accessories (Maria [#STR_EXPANSION_MARKET_TRADER_CLOTHING_ACCESSORIES])" in market zone "The Hill" (pos=<7529.135742, 89.198120, 4610.044922>).
18:39:11.789 [Market] Player "MGM_762" (id=6CBOabJUM7Qqd7NEG4Do-ueQ7Uqvietj4ODcWmz64j4=) has sold bz_wtiger_nvgs x1 at the trader "Clothing_Accessories (Maria [#STR_EXPANSION_MARKET_TRADER_CLOTHING_ACCESSORIES])" in market zone "The Hill" (pos=<7529.135742, 89.198120, 4610.044922>) and got 7000.
18:40:38.343 [Market] Player "MGM_762" (id=6CBOabJUM7Qqd7NEG4Do-ueQ7Uqvietj4ODcWmz64j4=) has send a requested to purchase epoxyputty x1 from the trader "Components (Peter [#STR_EXPANSION_MARKET_TRADER_COMPONENTS])" in market zone "The Hill" (pos=<7529.135742, 89.198120, 4610.044922>).
18:40:38.468 [Market] Player "MGM_762" (id=6CBOabJUM7Qqd7NEG4Do-ueQ7Uqvietj4ODcWmz64j4=) has bought epoxyputty x1 from the trader "Components (Peter [#STR_EXPANSION_MARKET_TRADER_COMPONENTS])" in market zone "The Hill" (pos=<7529.135742, 89.198120, 4610.044922>) for a price of 30.
18:40:44.984 [Market] Player "MGM_762" (id=6CBOabJUM7Qqd7NEG4Do-ueQ7Uqvietj4ODcWmz64j4=) has send a requested to purchase ducttape x1 from the trader "Components (Peter [#STR_EXPANSION_MARKET_TRADER_COMPONENTS])" in market zone "The Hill" (pos=<7529.135742, 89.198120, 4610.044922>).
18:40:45.132 [Market] Player "MGM_762" (id=6CBOabJUM7Qqd7NEG4Do-ueQ7Uqvietj4ODcWmz64j4=) has bought ducttape x1 from the trader "Components (Peter [#STR_EXPANSION_MARKET_TRADER_COMPONENTS])" in market zone "The Hill" (pos=<7529.135742, 89.198120, 4610.044922>) for a price of 40.
18:41:13.093 [Market] Player "MGM_762" (id=6CBOabJUM7Qqd7NEG4Do-ueQ7Uqvietj4ODcWmz64j4=) has send a requested to purchase canopener x1 from the trader "Components (Peter [#STR_EXPANSION_MARKET_TRADER_COMPONENTS])" in market zone "The Hill" (pos=<7529.135742, 89.198120, 4610.044922>).
18:41:13.226 [Market] Player "MGM_762" (id=6CBOabJUM7Qqd7NEG4Do-ueQ7Uqvietj4ODcWmz64j4=) has bought canopener x1 from the trader "Components (Peter [#STR_EXPANSION_MARKET_TRADER_COMPONENTS])" in market zone "The Hill" (pos=<7529.135742, 89.198120, 4610.044922>) for a price of 20.
18:41:31.671 [Market] Player "MGM_762" (id=6CBOabJUM7Qqd7NEG4Do-ueQ7Uqvietj4ODcWmz64j4=) has send a requested to purchase whetstone x1 from the trader "Components (Peter [#STR_EXPANSION_MARKET_TRADER_COMPONENTS])" in market zone "The Hill" (pos=<7529.135742, 89.198120, 4610.044922>).
18:41:31.796 [Market] Player "MGM_762" (id=6CBOabJUM7Qqd7NEG4Do-ueQ7Uqvietj4ODcWmz64j4=) has bought whetstone x1 from the trader "Components (Peter [#STR_EXPANSION_MARKET_TRADER_COMPONENTS])" in market zone "The Hill" (pos=<7529.135742, 89.198120, 4610.044922>) for a price of 10.
18:42:25.132 [Market] Player "MGM_762" (id=6CBOabJUM7Qqd7NEG4Do-ueQ7Uqvietj4ODcWmz64j4=) has send a requested to purchase bandagedressing x1 from the trader "Medicals (Seth [#STR_EXPANSION_MARKET_TRADER_MEDICALS])" in market zone "The Hill" (pos=<7529.135742, 89.198120, 4610.044922>).
18:42:25.257 [Market] Player "MGM_762" (id=6CBOabJUM7Qqd7NEG4Do-ueQ7Uqvietj4ODcWmz64j4=) has bought bandagedressing x1 from the trader "Medicals (Seth [#STR_EXPANSION_MARKET_TRADER_MEDICALS])" in market zone "The Hill" (pos=<7529.135742, 89.198120, 4610.044922>) for a price of 6.
18:43:12.117 [Market] Player "MGM_762" (id=6CBOabJUM7Qqd7NEG4Do-ueQ7Uqvietj4ODcWmz64j4=) has send a requested to purchase tunacan x1 from the trader "Consumables (Linda [#STR_EXPANSION_MARKET_TRADER_CONSUMABLES])" in market zone "The Hill" (pos=<7529.135742, 89.198120, 4610.044922>).
18:43:12.257 [Market] Player "MGM_762" (id=6CBOabJUM7Qqd7NEG4Do-ueQ7Uqvietj4ODcWmz64j4=) has bought tunacan x1 from the trader "Consumables (Linda [#STR_EXPANSION_MARKET_TRADER_CONSUMABLES])" in market zone "The Hill" (pos=<7529.135742, 89.198120, 4610.044922>) for a price of 30.
18:43:52.718 [Market] Player "MGM_762" (id=6CBOabJUM7Qqd7NEG4Do-ueQ7Uqvietj4ODcWmz64j4=) has send a requested to purchase expansioncheese1 x1 from the trader "Consumables (Linda [#STR_EXPANSION_MARKET_TRADER_CONSUMABLES])" in market zone "The Hill" (pos=<7529.135742, 89.198120, 4610.044922>).
18:43:52.882 [Market] Player "MGM_762" (id=6CBOabJUM7Qqd7NEG4Do-ueQ7Uqvietj4ODcWmz64j4=) has bought expansioncheese1 x1 from the trader "Consumables (Linda [#STR_EXPANSION_MARKET_TRADER_CONSUMABLES])" in market zone "The Hill" (pos=<7529.135742, 89.198120, 4610.044922>) for a price of 15.
18:43:53.765 [Market] Player "MGM_762" (id=6CBOabJUM7Qqd7NEG4Do-ueQ7Uqvietj4ODcWmz64j4=) has send a requested to purchase expansioncheese1 x1 from the trader "Consumables (Linda [#STR_EXPANSION_MARKET_TRADER_CONSUMABLES])" in market zone "The Hill" (pos=<7529.135742, 89.198120, 4610.044922>).
18:43:53.875 [Market] Player "MGM_762" (id=6CBOabJUM7Qqd7NEG4Do-ueQ7Uqvietj4ODcWmz64j4=) has bought expansioncheese1 x1 from the trader "Consumables (Linda [#STR_EXPANSION_MARKET_TRADER_CONSUMABLES])" in market zone "The Hill" (pos=<7529.135742, 89.198120, 4610.044922>) for a price of 15.
18:43:54.765 [Market] Player "MGM_762" (id=6CBOabJUM7Qqd7NEG4Do-ueQ7Uqvietj4ODcWmz64j4=) has send a requested to purchase expansioncheese1 x1 from the trader "Consumables (Linda [#STR_EXPANSION_MARKET_TRADER_CONSUMABLES])" in market zone "The Hill" (pos=<7529.135742, 89.198120, 4610.044922>).
18:43:54.882 [Market] Player "MGM_762" (id=6CBOabJUM7Qqd7NEG4Do-ueQ7Uqvietj4ODcWmz64j4=) has bought expansioncheese1 x1 from the trader "Consumables (Linda [#STR_EXPANSION_MARKET_TRADER_CONSUMABLES])" in market zone "The Hill" (pos=<7529.135742, 89.198120, 4610.044922>) for a price of 15.
18:43:58.453 [Market] Player "MGM_762" (id=6CBOabJUM7Qqd7NEG4Do-ueQ7Uqvietj4ODcWmz64j4=) has send a requested to purchase tacticalbaconcan x1 from the trader "Consumables (Linda [#STR_EXPANSION_MARKET_TRADER_CONSUMABLES])" in market zone "The Hill" (pos=<7529.135742, 89.198120, 4610.044922>).
18:43:58.578 [Market] Player "MGM_762" (id=6CBOabJUM7Qqd7NEG4Do-ueQ7Uqvietj4ODcWmz64j4=) has bought tacticalbaconcan x1 from the trader "Consumables (Linda [#STR_EXPANSION_MARKET_TRADER_CONSUMABLES])" in market zone "The Hill" (pos=<7529.135742, 89.198120, 4610.044922>) for a price of 20.
18:43:59.078 [Market] Player "MGM_762" (id=6CBOabJUM7Qqd7NEG4Do-ueQ7Uqvietj4ODcWmz64j4=) has send a requested to purchase tacticalbaconcan x1 from the trader "Consumables (Linda [#STR_EXPANSION_MARKET_TRADER_CONSUMABLES])" in market zone "The Hill" (pos=<7529.135742, 89.198120, 4610.044922>).
18:43:59.203 [Market] Player "MGM_762" (id=6CBOabJUM7Qqd7NEG4Do-ueQ7Uqvietj4ODcWmz64j4=) has bought tacticalbaconcan x1 from the trader "Consumables (Linda [#STR_EXPANSION_MARKET_TRADER_CONSUMABLES])" in market zone "The Hill" (pos=<7529.135742, 89.198120, 4610.044922>) for a price of 20.
18:43:59.789 [Market] Player "MGM_762" (id=6CBOabJUM7Qqd7NEG4Do-ueQ7Uqvietj4ODcWmz64j4=) has send a requested to purchase tacticalbaconcan x1 from the trader "Consumables (Linda [#STR_EXPANSION_MARKET_TRADER_CONSUMABLES])" in market zone "The Hill" (pos=<7529.135742, 89.198120, 4610.044922>).
18:43:59.914 [Market] Player "MGM_762" (id=6CBOabJUM7Qqd7NEG4Do-ueQ7Uqvietj4ODcWmz64j4=) has bought tacticalbaconcan x1 from the trader "Consumables (Linda [#STR_EXPANSION_MARKET_TRADER_CONSUMABLES])" in market zone "The Hill" (pos=<7529.135742, 89.198120, 4610.044922>) for a price of 20.
18:45:38.093 [Market] Player "MGM_762" (id=6CBOabJUM7Qqd7NEG4Do-ueQ7Uqvietj4ODcWmz64j4=) has send a requested to sell snafu_ak_mount_base x1 at the trader "Attachments (Seth [#STR_EXPANSION_MARKET_TRADER_ATTACHMENTS])" in market zone "The Hill" (pos=<7529.135742, 89.198120, 4610.044922>).
18:45:38.203 [Market] Player "MGM_762" (id=6CBOabJUM7Qqd7NEG4Do-ueQ7Uqvietj4ODcWmz64j4=) has sold snafu_ak_mount_base x1 at the trader "Attachments (Seth [#STR_EXPANSION_MARKET_TRADER_ATTACHMENTS])" in market zone "The Hill" (pos=<7529.135742, 89.198120, 4610.044922>) and got 150.
18:46:39.062 [Market] Player "MGM_762" (id=6CBOabJUM7Qqd7NEG4Do-ueQ7Uqvietj4ODcWmz64j4=) has send a requested to purchase snafu_scarh_sil_black x1 from the trader "Attachments (Seth [#STR_EXPANSION_MARKET_TRADER_ATTACHMENTS])" in market zone "The Hill" (pos=<7529.135742, 89.198120, 4610.044922>).
18:46:39.187 [Market] Player "MGM_762" (id=6CBOabJUM7Qqd7NEG4Do-ueQ7Uqvietj4ODcWmz64j4=) has bought snafu_scarh_sil_black x1 from the trader "Attachments (Seth [#STR_EXPANSION_MARKET_TRADER_ATTACHMENTS])" in market zone "The Hill" (pos=<7529.135742, 89.198120, 4610.044922>) for a price of 400.
18:48:02.203 [Market] Player "MGM_762" (id=6CBOabJUM7Qqd7NEG4Do-ueQ7Uqvietj4ODcWmz64j4=) has send a requested to sell snafu_scarh_sil_black x1 at the trader "Attachments (Seth [#STR_EXPANSION_MARKET_TRADER_ATTACHMENTS])" in market zone "The Hill" (pos=<7529.135742, 89.198120, 4610.044922>).
18:48:02.312 [Market] Player "MGM_762" (id=6CBOabJUM7Qqd7NEG4Do-ueQ7Uqvietj4ODcWmz64j4=) has sold snafu_scarh_sil_black x1 at the trader "Attachments (Seth [#STR_EXPANSION_MARKET_TRADER_ATTACHMENTS])" in market zone "The Hill" (pos=<7529.135742, 89.198120, 4610.044922>) and got 300.
18:48:09.265 [Market] Player "MGM_762" (id=6CBOabJUM7Qqd7NEG4Do-ueQ7Uqvietj4ODcWmz64j4=) has send a requested to sell snafu_scarh_sil_black x1 at the trader "Attachments (Seth [#STR_EXPANSION_MARKET_TRADER_ATTACHMENTS])" in market zone "The Hill" (pos=<7529.135742, 89.198120, 4610.044922>).
18:48:09.382 [Market] Player "MGM_762" (id=6CBOabJUM7Qqd7NEG4Do-ueQ7Uqvietj4ODcWmz64j4=) has sold snafu_scarh_sil_black x1 at the trader "Attachments (Seth [#STR_EXPANSION_MARKET_TRADER_ATTACHMENTS])" in market zone "The Hill" (pos=<7529.135742, 89.198120, 4610.044922>) and got 150.
18:53:39.695 [Market] Player "MGM_762" (id=6CBOabJUM7Qqd7NEG4Do-ueQ7Uqvietj4ODcWmz64j4=) has send a requested to sell snafu_50bmg_suppressor_m x1 at the trader "Attachments (Seth [#STR_EXPANSION_MARKET_TRADER_ATTACHMENTS])" in market zone "The Hill" (pos=<7529.135742, 89.198120, 4610.044922>).
18:53:39.812 [Market] Player "MGM_762" (id=6CBOabJUM7Qqd7NEG4Do-ueQ7Uqvietj4ODcWmz64j4=) has sold snafu_50bmg_suppressor_m x1 at the trader "Attachments (Seth [#STR_EXPANSION_MARKET_TRADER_ATTACHMENTS])" in market zone "The Hill" (pos=<7529.135742, 89.198120, 4610.044922>) and got 75.
18:53:42.609 [Market] Player "MGM_762" (id=6CBOabJUM7Qqd7NEG4Do-ueQ7Uqvietj4ODcWmz64j4=) has send a requested to sell snafu_50bmg_suppressor_s x1 at the trader "Attachments (Seth [#STR_EXPANSION_MARKET_TRADER_ATTACHMENTS])" in market zone "The Hill" (pos=<7529.135742, 89.198120, 4610.044922>).
18:53:42.742 [Market] Player "MGM_762" (id=6CBOabJUM7Qqd7NEG4Do-ueQ7Uqvietj4ODcWmz64j4=) has sold snafu_50bmg_suppressor_s x1 at the trader "Attachments (Seth [#STR_EXPANSION_MARKET_TRADER_ATTACHMENTS])" in market zone "The Hill" (pos=<7529.135742, 89.198120, 4610.044922>) and got 225.
18:54:22.148 [Market] Player "MGM_762" (id=6CBOabJUM7Qqd7NEG4Do-ueQ7Uqvietj4ODcWmz64j4=) has send a requested to purchase snafu_as50_mag x1 from the trader "Attachments (Seth [#STR_EXPANSION_MARKET_TRADER_ATTACHMENTS])" in market zone "The Hill" (pos=<7529.135742, 89.198120, 4610.044922>).
18:54:22.265 [Market] Player "MGM_762" (id=6CBOabJUM7Qqd7NEG4Do-ueQ7Uqvietj4ODcWmz64j4=) has bought snafu_as50_mag x1 from the trader "Attachments (Seth [#STR_EXPANSION_MARKET_TRADER_ATTACHMENTS])" in market zone "The Hill" (pos=<7529.135742, 89.198120, 4610.044922>) for a price of 440.
18:54:23.406 [Market] Player "MGM_762" (id=6CBOabJUM7Qqd7NEG4Do-ueQ7Uqvietj4ODcWmz64j4=) has send a requested to purchase snafu_as50_mag x1 from the trader "Attachments (Seth [#STR_EXPANSION_MARKET_TRADER_ATTACHMENTS])" in market zone "The Hill" (pos=<7529.135742, 89.198120, 4610.044922>).
18:54:23.515 [Market] Player "MGM_762" (id=6CBOabJUM7Qqd7NEG4Do-ueQ7Uqvietj4ODcWmz64j4=) has bought snafu_as50_mag x1 from the trader "Attachments (Seth [#STR_EXPANSION_MARKET_TRADER_ATTACHMENTS])" in market zone "The Hill" (pos=<7529.135742, 89.198120, 4610.044922>) for a price of 440.
18:54:24.539 [Market] Player "MGM_762" (id=6CBOabJUM7Qqd7NEG4Do-ueQ7Uqvietj4ODcWmz64j4=) has send a requested to purchase snafu_as50_mag x1 from the trader "Attachments (Seth [#STR_EXPANSION_MARKET_TRADER_ATTACHMENTS])" in market zone "The Hill" (pos=<7529.135742, 89.198120, 4610.044922>).
18:54:24.664 [Market] Player "MGM_762" (id=6CBOabJUM7Qqd7NEG4Do-ueQ7Uqvietj4ODcWmz64j4=) has bought snafu_as50_mag x1 from the trader "Attachments (Seth [#STR_EXPANSION_MARKET_TRADER_ATTACHMENTS])" in market zone "The Hill" (pos=<7529.135742, 89.198120, 4610.044922>) for a price of 440.
18:54:29.148 [Market] Player "MGM_762" (id=6CBOabJUM7Qqd7NEG4Do-ueQ7Uqvietj4ODcWmz64j4=) has send a requested to purchase snafu_as50_mag x1 from the trader "Attachments (Seth [#STR_EXPANSION_MARKET_TRADER_ATTACHMENTS])" in market zone "The Hill" (pos=<7529.135742, 89.198120, 4610.044922>).
18:54:29.289 [Market] Player "MGM_762" (id=6CBOabJUM7Qqd7NEG4Do-ueQ7Uqvietj4ODcWmz64j4=) has bought snafu_as50_mag x1 from the trader "Attachments (Seth [#STR_EXPANSION_MARKET_TRADER_ATTACHMENTS])" in market zone "The Hill" (pos=<7529.135742, 89.198120, 4610.044922>) for a price of 440.
19:01:39.687 [Market] Player "MGM_762" (id=6CBOabJUM7Qqd7NEG4Do-ueQ7Uqvietj4ODcWmz64j4=) has send a requested to purchase battery9v x1 from the trader "Special (Indar [#STR_EXPANSION_MARKET_TRADER_SPECIAL])" in market zone "The Hill" (pos=<7529.135742, 89.198120, 4610.044922>).
19:01:39.835 [Market] Player "MGM_762" (id=6CBOabJUM7Qqd7NEG4Do-ueQ7Uqvietj4ODcWmz64j4=) has bought battery9v x1 from the trader "Special (Indar [#STR_EXPANSION_MARKET_TRADER_SPECIAL])" in market zone "The Hill" (pos=<7529.135742, 89.198120, 4610.044922>) for a price of 20.
19:01:57.515 [AI Patrol] Spawning 1 East bots at <7536.377441, 24.011011, 3913.806885>
19:10:41.468 [Market] Player "MGM_762" (id=6CBOabJUM7Qqd7NEG4Do-ueQ7Uqvietj4ODcWmz64j4=) has send a requested to sell bz_alien_pants x1 at the trader "Clothing_Accessories (Maria [#STR_EXPANSION_MARKET_TRADER_CLOTHING_ACCESSORIES])" in market zone "The Hill" (pos=<7529.135742, 89.198120, 4610.044922>).
19:10:41.585 [Market] Player "MGM_762" (id=6CBOabJUM7Qqd7NEG4Do-ueQ7Uqvietj4ODcWmz64j4=) has sold bz_alien_pants x1 at the trader "Clothing_Accessories (Maria [#STR_EXPANSION_MARKET_TRADER_CLOTHING_ACCESSORIES])" in market zone "The Hill" (pos=<7529.135742, 89.198120, 4610.044922>) and got 7000.
19:11:24.156 [Market] Player "MGM_762" (id=6CBOabJUM7Qqd7NEG4Do-ueQ7Uqvietj4ODcWmz64j4=) has send a requested to sell bz_dp_top x1 at the trader "Clothing (Quinn [#STR_EXPANSION_MARKET_TRADER_CLOTHING])" in market zone "The Hill" (pos=<7529.135742, 89.198120, 4610.044922>).
19:11:24.281 [Market] Player "MGM_762" (id=6CBOabJUM7Qqd7NEG4Do-ueQ7Uqvietj4ODcWmz64j4=) has sold bz_dp_top x1 at the trader "Clothing (Quinn [#STR_EXPANSION_MARKET_TRADER_CLOTHING])" in market zone "The Hill" (pos=<7529.135742, 89.198120, 4610.044922>) and got 7000.
19:13:29.718 [Market] Player "MGM_762" (id=6CBOabJUM7Qqd7NEG4Do-ueQ7Uqvietj4ODcWmz64j4=) has send a requested to sell snafugm6lynx_5rdmag x1 at the trader "Attachments (Seth [#STR_EXPANSION_MARKET_TRADER_ATTACHMENTS])" in market zone "The Hill" (pos=<7529.135742, 89.198120, 4610.044922>).
19:13:29.828 [Market] Player "MGM_762" (id=6CBOabJUM7Qqd7NEG4Do-ueQ7Uqvietj4ODcWmz64j4=) has sold snafugm6lynx_5rdmag x1 at the trader "Attachments (Seth [#STR_EXPANSION_MARKET_TRADER_ATTACHMENTS])" in market zone "The Hill" (pos=<7529.135742, 89.198120, 4610.044922>) and got 165.
19:20:24.125 [Safezone] Player "MGM_762" (id=6CBOabJUM7Qqd7NEG4Do-ueQ7Uqvietj4ODcWmz64j4= pos=<7519.214844, 56.215889, 4381.993652>) Left the safezone
19:58:16.562 [MissionAirdrop] An airdrop is heading towards "Westbrook" (pos=<3614.000000, 0.000000, 6360.000000> type=Random_Westbrook) with a ExpansionAirdropContainer_Military
20:54:52.812 [Safezone] Player "MGM_762" (id=6CBOabJUM7Qqd7NEG4Do-ueQ7Uqvietj4ODcWmz64j4= pos=<7544.541016, 67.888687, 4412.494141>) Entered the safezone
20:57:44.343 [Market] Player "MGM_762" (id=6CBOabJUM7Qqd7NEG4Do-ueQ7Uqvietj4ODcWmz64j4=) has send a requested to sell bz_cosmic_bag2 x1 at the trader "Clothing_Accessories (Maria [#STR_EXPANSION_MARKET_TRADER_CLOTHING_ACCESSORIES])" in market zone "The Hill" (pos=<7529.135742, 89.198120, 4610.044922>).
20:57:44.460 [Market] Player "MGM_762" (id=6CBOabJUM7Qqd7NEG4Do-ueQ7Uqvietj4ODcWmz64j4=) has sold bz_cosmic_bag2 x1 at the trader "Clothing_Accessories (Maria [#STR_EXPANSION_MARKET_TRADER_CLOTHING_ACCESSORIES])" in market zone "The Hill" (pos=<7529.135742, 89.198120, 4610.044922>) and got 7000.
20:57:46.078 [Market] Player "MGM_762" (id=6CBOabJUM7Qqd7NEG4Do-ueQ7Uqvietj4ODcWmz64j4=) has send a requested to sell bz_crochide_bag x1 at the trader "Clothing_Accessories (Maria [#STR_EXPANSION_MARKET_TRADER_CLOTHING_ACCESSORIES])" in market zone "The Hill" (pos=<7529.135742, 89.198120, 4610.044922>).
20:57:46.156 [Market] Player "MGM_762" (id=6CBOabJUM7Qqd7NEG4Do-ueQ7Uqvietj4ODcWmz64j4=) has sold bz_crochide_bag x1 at the trader "Clothing_Accessories (Maria [#STR_EXPANSION_MARKET_TRADER_CLOTHING_ACCESSORIES])" in market zone "The Hill" (pos=<7529.135742, 89.198120, 4610.044922>) and got 1750.
20:57:51.507 [Market] Player "MGM_762" (id=6CBOabJUM7Qqd7NEG4Do-ueQ7Uqvietj4ODcWmz64j4=) has send a requested to sell bz_beaniehat_bananas x1 at the trader "Clothing_Accessories (Maria [#STR_EXPANSION_MARKET_TRADER_CLOTHING_ACCESSORIES])" in market zone "The Hill" (pos=<7529.135742, 89.198120, 4610.044922>).
20:57:51.632 [Market] Player "MGM_762" (id=6CBOabJUM7Qqd7NEG4Do-ueQ7Uqvietj4ODcWmz64j4=) has sold bz_beaniehat_bananas x1 at the trader "Clothing_Accessories (Maria [#STR_EXPANSION_MARKET_TRADER_CLOTHING_ACCESSORIES])" in market zone "The Hill" (pos=<7529.135742, 89.198120, 4610.044922>) and got 3000.
20:57:52.406 [Market] Player "MGM_762" (id=6CBOabJUM7Qqd7NEG4Do-ueQ7Uqvietj4ODcWmz64j4=) has send a requested to sell bz_beaniehat_crypto x1 at the trader "Clothing_Accessories (Maria [#STR_EXPANSION_MARKET_TRADER_CLOTHING_ACCESSORIES])" in market zone "The Hill" (pos=<7529.135742, 89.198120, 4610.044922>).
20:57:52.500 [Market] Player "MGM_762" (id=6CBOabJUM7Qqd7NEG4Do-ueQ7Uqvietj4ODcWmz64j4=) has sold bz_beaniehat_crypto x1 at the trader "Clothing_Accessories (Maria [#STR_EXPANSION_MARKET_TRADER_CLOTHING_ACCESSORIES])" in market zone "The Hill" (pos=<7529.135742, 89.198120, 4610.044922>) and got 3000.
20:57:53.289 [Market] Player "MGM_762" (id=6CBOabJUM7Qqd7NEG4Do-ueQ7Uqvietj4ODcWmz64j4=) has send a requested to sell bz_beaniehat_glitter x1 at the trader "Clothing_Accessories (Maria [#STR_EXPANSION_MARKET_TRADER_CLOTHING_ACCESSORIES])" in market zone "The Hill" (pos=<7529.135742, 89.198120, 4610.044922>).
20:57:53.375 [Market] Player "MGM_762" (id=6CBOabJUM7Qqd7NEG4Do-ueQ7Uqvietj4ODcWmz64j4=) has sold bz_beaniehat_glitter x1 at the trader "Clothing_Accessories (Maria [#STR_EXPANSION_MARKET_TRADER_CLOTHING_ACCESSORIES])" in market zone "The Hill" (pos=<7529.135742, 89.198120, 4610.044922>) and got 3000.
20:57:54.671 [Market] Player "MGM_762" (id=6CBOabJUM7Qqd7NEG4Do-ueQ7Uqvietj4ODcWmz64j4=) has send a requested to sell bz_beaniehat_glitter x1 at the trader "Clothing_Accessories (Maria [#STR_EXPANSION_MARKET_TRADER_CLOTHING_ACCESSORIES])" in market zone "The Hill" (pos=<7529.135742, 89.198120, 4610.044922>).
20:57:54.765 [Market] Player "MGM_762" (id=6CBOabJUM7Qqd7NEG4Do-ueQ7Uqvietj4ODcWmz64j4=) has sold bz_beaniehat_glitter x1 at the trader "Clothing_Accessories (Maria [#STR_EXPANSION_MARKET_TRADER_CLOTHING_ACCESSORIES])" in market zone "The Hill" (pos=<7529.135742, 89.198120, 4610.044922>) and got 3000.
20:57:55.851 [Market] Player "MGM_762" (id=6CBOabJUM7Qqd7NEG4Do-ueQ7Uqvietj4ODcWmz64j4=) has send a requested to sell bz_beaniehat_monster x1 at the trader "Clothing_Accessories (Maria [#STR_EXPANSION_MARKET_TRADER_CLOTHING_ACCESSORIES])" in market zone "The Hill" (pos=<7529.135742, 89.198120, 4610.044922>).
20:57:55.945 [Market] Player "MGM_762" (id=6CBOabJUM7Qqd7NEG4Do-ueQ7Uqvietj4ODcWmz64j4=) has sold bz_beaniehat_monster x1 at the trader "Clothing_Accessories (Maria [#STR_EXPANSION_MARKET_TRADER_CLOTHING_ACCESSORIES])" in market zone "The Hill" (pos=<7529.135742, 89.198120, 4610.044922>) and got 3000.
20:58:03.789 [Market] Player "MGM_762" (id=6CBOabJUM7Qqd7NEG4Do-ueQ7Uqvietj4ODcWmz64j4=) has send a requested to sell bz_alienware_mask x1 at the trader "Clothing_Accessories (Maria [#STR_EXPANSION_MARKET_TRADER_CLOTHING_ACCESSORIES])" in market zone "The Hill" (pos=<7529.135742, 89.198120, 4610.044922>).
20:58:03.945 [Market] Player "MGM_762" (id=6CBOabJUM7Qqd7NEG4Do-ueQ7Uqvietj4ODcWmz64j4=) has sold bz_alienware_mask x1 at the trader "Clothing_Accessories (Maria [#STR_EXPANSION_MARKET_TRADER_CLOTHING_ACCESSORIES])" in market zone "The Hill" (pos=<7529.135742, 89.198120, 4610.044922>) and got 1750.
20:58:04.617 [Market] Player "MGM_762" (id=6CBOabJUM7Qqd7NEG4Do-ueQ7Uqvietj4ODcWmz64j4=) has send a requested to sell bz_glitter_mask x1 at the trader "Clothing_Accessories (Maria [#STR_EXPANSION_MARKET_TRADER_CLOTHING_ACCESSORIES])" in market zone "The Hill" (pos=<7529.135742, 89.198120, 4610.044922>).
20:58:04.757 [Market] Player "MGM_762" (id=6CBOabJUM7Qqd7NEG4Do-ueQ7Uqvietj4ODcWmz64j4=) has sold bz_glitter_mask x1 at the trader "Clothing_Accessories (Maria [#STR_EXPANSION_MARKET_TRADER_CLOTHING_ACCESSORIES])" in market zone "The Hill" (pos=<7529.135742, 89.198120, 4610.044922>) and got 1750.
20:58:05.687 [Market] Player "MGM_762" (id=6CBOabJUM7Qqd7NEG4Do-ueQ7Uqvietj4ODcWmz64j4=) has send a requested to sell bz_haribo_mask x1 at the trader "Clothing_Accessories (Maria [#STR_EXPANSION_MARKET_TRADER_CLOTHING_ACCESSORIES])" in market zone "The Hill" (pos=<7529.135742, 89.198120, 4610.044922>).
20:58:05.789 [Market] Player "MGM_762" (id=6CBOabJUM7Qqd7NEG4Do-ueQ7Uqvietj4ODcWmz64j4=) has sold bz_haribo_mask x1 at the trader "Clothing_Accessories (Maria [#STR_EXPANSION_MARKET_TRADER_CLOTHING_ACCESSORIES])" in market zone "The Hill" (pos=<7529.135742, 89.198120, 4610.044922>) and got 7000.
20:58:14.406 [Market] Player "MGM_762" (id=6CBOabJUM7Qqd7NEG4Do-ueQ7Uqvietj4ODcWmz64j4=) has send a requested to sell bz_ferrari_nvgs x1 at the trader "Clothing_Accessories (Maria [#STR_EXPANSION_MARKET_TRADER_CLOTHING_ACCESSORIES])" in market zone "The Hill" (pos=<7529.135742, 89.198120, 4610.044922>).
20:58:14.515 [Market] Player "MGM_762" (id=6CBOabJUM7Qqd7NEG4Do-ueQ7Uqvietj4ODcWmz64j4=) has sold bz_ferrari_nvgs x1 at the trader "Clothing_Accessories (Maria [#STR_EXPANSION_MARKET_TRADER_CLOTHING_ACCESSORIES])" in market zone "The Hill" (pos=<7529.135742, 89.198120, 4610.044922>) and got 7000.
20:58:23.609 [Market] Player "MGM_762" (id=6CBOabJUM7Qqd7NEG4Do-ueQ7Uqvietj4ODcWmz64j4=) has send a requested to sell bz_abstract2_pants x1 at the trader "Clothing_Accessories (Maria [#STR_EXPANSION_MARKET_TRADER_CLOTHING_ACCESSORIES])" in market zone "The Hill" (pos=<7529.135742, 89.198120, 4610.044922>).
20:58:23.750 [Market] Player "MGM_762" (id=6CBOabJUM7Qqd7NEG4Do-ueQ7Uqvietj4ODcWmz64j4=) has sold bz_abstract2_pants x1 at the trader "Clothing_Accessories (Maria [#STR_EXPANSION_MARKET_TRADER_CLOTHING_ACCESSORIES])" in market zone "The Hill" (pos=<7529.135742, 89.198120, 4610.044922>) and got 7000.
20:58:25.570 [Market] Player "MGM_762" (id=6CBOabJUM7Qqd7NEG4Do-ueQ7Uqvietj4ODcWmz64j4=) has send a requested to sell bz_alpine_pants x1 at the trader "Clothing_Accessories (Maria [#STR_EXPANSION_MARKET_TRADER_CLOTHING_ACCESSORIES])" in market zone "The Hill" (pos=<7529.135742, 89.198120, 4610.044922>).
20:58:25.695 [Market] Player "MGM_762" (id=6CBOabJUM7Qqd7NEG4Do-ueQ7Uqvietj4ODcWmz64j4=) has sold bz_alpine_pants x1 at the trader "Clothing_Accessories (Maria [#STR_EXPANSION_MARKET_TRADER_CLOTHING_ACCESSORIES])" in market zone "The Hill" (pos=<7529.135742, 89.198120, 4610.044922>) and got 7000.
20:58:26.632 [Market] Player "MGM_762" (id=6CBOabJUM7Qqd7NEG4Do-ueQ7Uqvietj4ODcWmz64j4=) has send a requested to sell bz_crypto_pants x1 at the trader "Clothing_Accessories (Maria [#STR_EXPANSION_MARKET_TRADER_CLOTHING_ACCESSORIES])" in market zone "The Hill" (pos=<7529.135742, 89.198120, 4610.044922>).
20:58:26.734 [Market] Player "MGM_762" (id=6CBOabJUM7Qqd7NEG4Do-ueQ7Uqvietj4ODcWmz64j4=) has sold bz_crypto_pants x1 at the trader "Clothing_Accessories (Maria [#STR_EXPANSION_MARKET_TRADER_CLOTHING_ACCESSORIES])" in market zone "The Hill" (pos=<7529.135742, 89.198120, 4610.044922>) and got 7000.
20:58:27.851 [Market] Player "MGM_762" (id=6CBOabJUM7Qqd7NEG4Do-ueQ7Uqvietj4ODcWmz64j4=) has send a requested to sell bz_dbz_pants x1 at the trader "Clothing_Accessories (Maria [#STR_EXPANSION_MARKET_TRADER_CLOTHING_ACCESSORIES])" in market zone "The Hill" (pos=<7529.135742, 89.198120, 4610.044922>).
20:58:27.953 [Market] Player "MGM_762" (id=6CBOabJUM7Qqd7NEG4Do-ueQ7Uqvietj4ODcWmz64j4=) has sold bz_dbz_pants x1 at the trader "Clothing_Accessories (Maria [#STR_EXPANSION_MARKET_TRADER_CLOTHING_ACCESSORIES])" in market zone "The Hill" (pos=<7529.135742, 89.198120, 4610.044922>) and got 7000.
20:58:29.656 [Market] Player "MGM_762" (id=6CBOabJUM7Qqd7NEG4Do-ueQ7Uqvietj4ODcWmz64j4=) has send a requested to sell bz_dbz_pants x1 at the trader "Clothing_Accessories (Maria [#STR_EXPANSION_MARKET_TRADER_CLOTHING_ACCESSORIES])" in market zone "The Hill" (pos=<7529.135742, 89.198120, 4610.044922>).
20:58:29.726 [Market] Player "MGM_762" (id=6CBOabJUM7Qqd7NEG4Do-ueQ7Uqvietj4ODcWmz64j4=) has sold bz_dbz_pants x1 at the trader "Clothing_Accessories (Maria [#STR_EXPANSION_MARKET_TRADER_CLOTHING_ACCESSORIES])" in market zone "The Hill" (pos=<7529.135742, 89.198120, 4610.044922>) and got 7000.
20:58:30.945 [Market] Player "MGM_762" (id=6CBOabJUM7Qqd7NEG4Do-ueQ7Uqvietj4ODcWmz64j4=) has send a requested to sell bz_hellokdp_pants x1 at the trader "Clothing_Accessories (Maria [#STR_EXPANSION_MARKET_TRADER_CLOTHING_ACCESSORIES])" in market zone "The Hill" (pos=<7529.135742, 89.198120, 4610.044922>).
20:58:31.039 [Market] Player "MGM_762" (id=6CBOabJUM7Qqd7NEG4Do-ueQ7Uqvietj4ODcWmz64j4=) has sold bz_hellokdp_pants x1 at the trader "Clothing_Accessories (Maria [#STR_EXPANSION_MARKET_TRADER_CLOTHING_ACCESSORIES])" in market zone "The Hill" (pos=<7529.135742, 89.198120, 4610.044922>) and got 7000.
20:58:32.429 [Market] Player "MGM_762" (id=6CBOabJUM7Qqd7NEG4Do-ueQ7Uqvietj4ODcWmz64j4=) has send a requested to sell bz_ls_pants x1 at the trader "Clothing_Accessories (Maria [#STR_EXPANSION_MARKET_TRADER_CLOTHING_ACCESSORIES])" in market zone "The Hill" (pos=<7529.135742, 89.198120, 4610.044922>).
20:58:32.554 [Market] Player "MGM_762" (id=6CBOabJUM7Qqd7NEG4Do-ueQ7Uqvietj4ODcWmz64j4=) has sold bz_ls_pants x1 at the trader "Clothing_Accessories (Maria [#STR_EXPANSION_MARKET_TRADER_CLOTHING_ACCESSORIES])" in market zone "The Hill" (pos=<7529.135742, 89.198120, 4610.044922>) and got 7000.
20:58:33.867 [Market] Player "MGM_762" (id=6CBOabJUM7Qqd7NEG4Do-ueQ7Uqvietj4ODcWmz64j4=) has send a requested to sell bz_pinkhemp_pants x1 at the trader "Clothing_Accessories (Maria [#STR_EXPANSION_MARKET_TRADER_CLOTHING_ACCESSORIES])" in market zone "The Hill" (pos=<7529.135742, 89.198120, 4610.044922>).
20:58:33.968 [Market] Player "MGM_762" (id=6CBOabJUM7Qqd7NEG4Do-ueQ7Uqvietj4ODcWmz64j4=) has sold bz_pinkhemp_pants x1 at the trader "Clothing_Accessories (Maria [#STR_EXPANSION_MARKET_TRADER_CLOTHING_ACCESSORIES])" in market zone "The Hill" (pos=<7529.135742, 89.198120, 4610.044922>) and got 7000.
20:58:35.382 [Market] Player "MGM_762" (id=6CBOabJUM7Qqd7NEG4Do-ueQ7Uqvietj4ODcWmz64j4=) has send a requested to sell bz_spongebob_pants x1 at the trader "Clothing_Accessories (Maria [#STR_EXPANSION_MARKET_TRADER_CLOTHING_ACCESSORIES])" in market zone "The Hill" (pos=<7529.135742, 89.198120, 4610.044922>).
20:58:35.468 [Market] Player "MGM_762" (id=6CBOabJUM7Qqd7NEG4Do-ueQ7Uqvietj4ODcWmz64j4=) has sold bz_spongebob_pants x1 at the trader "Clothing_Accessories (Maria [#STR_EXPANSION_MARKET_TRADER_CLOTHING_ACCESSORIES])" in market zone "The Hill" (pos=<7529.135742, 89.198120, 4610.044922>) and got 7000.
20:58:47.718 [Market] Player "MGM_762" (id=6CBOabJUM7Qqd7NEG4Do-ueQ7Uqvietj4ODcWmz64j4=) has send a requested to sell bz_tactgloves_alpine x1 at the trader "Clothing_Accessories (Maria [#STR_EXPANSION_MARKET_TRADER_CLOTHING_ACCESSORIES])" in market zone "The Hill" (pos=<7529.135742, 89.198120, 4610.044922>).
20:58:47.851 [Market] Player "MGM_762" (id=6CBOabJUM7Qqd7NEG4Do-ueQ7Uqvietj4ODcWmz64j4=) has sold bz_tactgloves_alpine x1 at the trader "Clothing_Accessories (Maria [#STR_EXPANSION_MARKET_TRADER_CLOTHING_ACCESSORIES])" in market zone "The Hill" (pos=<7529.135742, 89.198120, 4610.044922>) and got 3000.
20:58:52.007 [Market] Player "MGM_762" (id=6CBOabJUM7Qqd7NEG4Do-ueQ7Uqvietj4ODcWmz64j4=) has send a requested to sell bz_tactgloves_ucp x1 at the trader "Clothing_Accessories (Maria [#STR_EXPANSION_MARKET_TRADER_CLOTHING_ACCESSORIES])" in market zone "The Hill" (pos=<7529.135742, 89.198120, 4610.044922>).
20:58:52.125 [Market] Player "MGM_762" (id=6CBOabJUM7Qqd7NEG4Do-ueQ7Uqvietj4ODcWmz64j4=) has sold bz_tactgloves_ucp x1 at the trader "Clothing_Accessories (Maria [#STR_EXPANSION_MARKET_TRADER_CLOTHING_ACCESSORIES])" in market zone "The Hill" (pos=<7529.135742, 89.198120, 4610.044922>) and got 3000.
21:00:37.296 [Market] Player "MGM_762" (id=6CBOabJUM7Qqd7NEG4Do-ueQ7Uqvietj4ODcWmz64j4=) has send a requested to sell bz_sman_top x1 at the trader "Clothing (Quinn [#STR_EXPANSION_MARKET_TRADER_CLOTHING])" in market zone "The Hill" (pos=<7529.135742, 89.198120, 4610.044922>).
21:00:37.414 [Market] Player "MGM_762" (id=6CBOabJUM7Qqd7NEG4Do-ueQ7Uqvietj4ODcWmz64j4=) has sold bz_sman_top x1 at the trader "Clothing (Quinn [#STR_EXPANSION_MARKET_TRADER_CLOTHING])" in market zone "The Hill" (pos=<7529.135742, 89.198120, 4610.044922>) and got 7000.
21:00:39.656 [Market] Player "MGM_762" (id=6CBOabJUM7Qqd7NEG4Do-ueQ7Uqvietj4ODcWmz64j4=) has send a requested to sell bz_math_top x1 at the trader "Clothing (Quinn [#STR_EXPANSION_MARKET_TRADER_CLOTHING])" in market zone "The Hill" (pos=<7529.135742, 89.198120, 4610.044922>).
21:00:39.773 [Market] Player "MGM_762" (id=6CBOabJUM7Qqd7NEG4Do-ueQ7Uqvietj4ODcWmz64j4=) has sold bz_math_top x1 at the trader "Clothing (Quinn [#STR_EXPANSION_MARKET_TRADER_CLOTHING])" in market zone "The Hill" (pos=<7529.135742, 89.198120, 4610.044922>) and got 7000.
21:00:43.687 [Market] Player "MGM_762" (id=6CBOabJUM7Qqd7NEG4Do-ueQ7Uqvietj4ODcWmz64j4=) has send a requested to sell bz_hellokdp_top x1 at the trader "Clothing (Quinn [#STR_EXPANSION_MARKET_TRADER_CLOTHING])" in market zone "The Hill" (pos=<7529.135742, 89.198120, 4610.044922>).
21:00:43.812 [Market] Player "MGM_762" (id=6CBOabJUM7Qqd7NEG4Do-ueQ7Uqvietj4ODcWmz64j4=) has sold bz_hellokdp_top x1 at the trader "Clothing (Quinn [#STR_EXPANSION_MARKET_TRADER_CLOTHING])" in market zone "The Hill" (pos=<7529.135742, 89.198120, 4610.044922>) and got 7000.
21:00:52.789 [Market] Player "MGM_762" (id=6CBOabJUM7Qqd7NEG4Do-ueQ7Uqvietj4ODcWmz64j4=) has send a requested to sell bz_abstract1_sneakers x1 at the trader "Clothing (Quinn [#STR_EXPANSION_MARKET_TRADER_CLOTHING])" in market zone "The Hill" (pos=<7529.135742, 89.198120, 4610.044922>).
21:00:52.898 [Market] Player "MGM_762" (id=6CBOabJUM7Qqd7NEG4Do-ueQ7Uqvietj4ODcWmz64j4=) has sold bz_abstract1_sneakers x1 at the trader "Clothing (Quinn [#STR_EXPANSION_MARKET_TRADER_CLOTHING])" in market zone "The Hill" (pos=<7529.135742, 89.198120, 4610.044922>) and got 7000.
21:00:54.281 [Market] Player "MGM_762" (id=6CBOabJUM7Qqd7NEG4Do-ueQ7Uqvietj4ODcWmz64j4=) has send a requested to sell bz_beetlejuice_sneakers x1 at the trader "Clothing (Quinn [#STR_EXPANSION_MARKET_TRADER_CLOTHING])" in market zone "The Hill" (pos=<7529.135742, 89.198120, 4610.044922>).
21:00:54.359 [Market] Player "MGM_762" (id=6CBOabJUM7Qqd7NEG4Do-ueQ7Uqvietj4ODcWmz64j4=) has sold bz_beetlejuice_sneakers x1 at the trader "Clothing (Quinn [#STR_EXPANSION_MARKET_TRADER_CLOTHING])" in market zone "The Hill" (pos=<7529.135742, 89.198120, 4610.044922>) and got 7000.
21:00:55.640 [Market] Player "MGM_762" (id=6CBOabJUM7Qqd7NEG4Do-ueQ7Uqvietj4ODcWmz64j4=) has send a requested to sell bz_desert_sneakers x1 at the trader "Clothing (Quinn [#STR_EXPANSION_MARKET_TRADER_CLOTHING])" in market zone "The Hill" (pos=<7529.135742, 89.198120, 4610.044922>).
21:00:55.773 [Market] Player "MGM_762" (id=6CBOabJUM7Qqd7NEG4Do-ueQ7Uqvietj4ODcWmz64j4=) has sold bz_desert_sneakers x1 at the trader "Clothing (Quinn [#STR_EXPANSION_MARKET_TRADER_CLOTHING])" in market zone "The Hill" (pos=<7529.135742, 89.198120, 4610.044922>) and got 7000.
21:00:58.250 [Market] Player "MGM_762" (id=6CBOabJUM7Qqd7NEG4Do-ueQ7Uqvietj4ODcWmz64j4=) has send a requested to sell bz_heineken_sneakers x1 at the trader "Clothing (Quinn [#STR_EXPANSION_MARKET_TRADER_CLOTHING])" in market zone "The Hill" (pos=<7529.135742, 89.198120, 4610.044922>).
21:00:58.351 [Market] Player "MGM_762" (id=6CBOabJUM7Qqd7NEG4Do-ueQ7Uqvietj4ODcWmz64j4=) has sold bz_heineken_sneakers x1 at the trader "Clothing (Quinn [#STR_EXPANSION_MARKET_TRADER_CLOTHING])" in market zone "The Hill" (pos=<7529.135742, 89.198120, 4610.044922>) and got 7000.
21:00:59.640 [Market] Player "MGM_762" (id=6CBOabJUM7Qqd7NEG4Do-ueQ7Uqvietj4ODcWmz64j4=) has send a requested to sell bz_orangehemp_sneakers x1 at the trader "Clothing (Quinn [#STR_EXPANSION_MARKET_TRADER_CLOTHING])" in market zone "The Hill" (pos=<7529.135742, 89.198120, 4610.044922>).
21:00:59.757 [Market] Player "MGM_762" (id=6CBOabJUM7Qqd7NEG4Do-ueQ7Uqvietj4ODcWmz64j4=) has sold bz_orangehemp_sneakers x1 at the trader "Clothing (Quinn [#STR_EXPANSION_MARKET_TRADER_CLOTHING])" in market zone "The Hill" (pos=<7529.135742, 89.198120, 4610.044922>) and got 7000.
21:01:01.421 [Market] Player "MGM_762" (id=6CBOabJUM7Qqd7NEG4Do-ueQ7Uqvietj4ODcWmz64j4=) has send a requested to sell bz_orangehemp_sneakers x1 at the trader "Clothing (Quinn [#STR_EXPANSION_MARKET_TRADER_CLOTHING])" in market zone "The Hill" (pos=<7529.135742, 89.198120, 4610.044922>).
21:01:01.523 [Market] Player "MGM_762" (id=6CBOabJUM7Qqd7NEG4Do-ueQ7Uqvietj4ODcWmz64j4=) has sold bz_orangehemp_sneakers x1 at the trader "Clothing (Quinn [#STR_EXPANSION_MARKET_TRADER_CLOTHING])" in market zone "The Hill" (pos=<7529.135742, 89.198120, 4610.044922>) and got 7000.
21:01:02.796 [Market] Player "MGM_762" (id=6CBOabJUM7Qqd7NEG4Do-ueQ7Uqvietj4ODcWmz64j4=) has send a requested to sell bz_simpsons_sneakers x1 at the trader "Clothing (Quinn [#STR_EXPANSION_MARKET_TRADER_CLOTHING])" in market zone "The Hill" (pos=<7529.135742, 89.198120, 4610.044922>).
21:01:02.929 [Market] Player "MGM_762" (id=6CBOabJUM7Qqd7NEG4Do-ueQ7Uqvietj4ODcWmz64j4=) has sold bz_simpsons_sneakers x1 at the trader "Clothing (Quinn [#STR_EXPANSION_MARKET_TRADER_CLOTHING])" in market zone "The Hill" (pos=<7529.135742, 89.198120, 4610.044922>) and got 7000.
21:01:04.617 [Market] Player "MGM_762" (id=6CBOabJUM7Qqd7NEG4Do-ueQ7Uqvietj4ODcWmz64j4=) has send a requested to sell bz_thai_sneakers x1 at the trader "Clothing (Quinn [#STR_EXPANSION_MARKET_TRADER_CLOTHING])" in market zone "The Hill" (pos=<7529.135742, 89.198120, 4610.044922>).
21:01:04.742 [Market] Player "MGM_762" (id=6CBOabJUM7Qqd7NEG4Do-ueQ7Uqvietj4ODcWmz64j4=) has sold bz_thai_sneakers x1 at the trader "Clothing (Quinn [#STR_EXPANSION_MARKET_TRADER_CLOTHING])" in market zone "The Hill" (pos=<7529.135742, 89.198120, 4610.044922>) and got 7000.
21:01:15.257 [Market] Player "MGM_762" (id=6CBOabJUM7Qqd7NEG4Do-ueQ7Uqvietj4ODcWmz64j4=) has send a requested to sell bz_leggings_demonslayer x1 at the trader "Clothing (Quinn [#STR_EXPANSION_MARKET_TRADER_CLOTHING])" in market zone "The Hill" (pos=<7529.135742, 89.198120, 4610.044922>).
21:01:15.375 [Market] Player "MGM_762" (id=6CBOabJUM7Qqd7NEG4Do-ueQ7Uqvietj4ODcWmz64j4=) has sold bz_leggings_demonslayer x1 at the trader "Clothing (Quinn [#STR_EXPANSION_MARKET_TRADER_CLOTHING])" in market zone "The Hill" (pos=<7529.135742, 89.198120, 4610.044922>) and got 8500.
21:01:17.546 [Market] Player "MGM_762" (id=6CBOabJUM7Qqd7NEG4Do-ueQ7Uqvietj4ODcWmz64j4=) has send a requested to sell bz_leggings_orangehemp x1 at the trader "Clothing (Quinn [#STR_EXPANSION_MARKET_TRADER_CLOTHING])" in market zone "The Hill" (pos=<7529.135742, 89.198120, 4610.044922>).
21:01:17.640 [Market] Player "MGM_762" (id=6CBOabJUM7Qqd7NEG4Do-ueQ7Uqvietj4ODcWmz64j4=) has sold bz_leggings_orangehemp x1 at the trader "Clothing (Quinn [#STR_EXPANSION_MARKET_TRADER_CLOTHING])" in market zone "The Hill" (pos=<7529.135742, 89.198120, 4610.044922>) and got 8500.
21:01:18.960 [Market] Player "MGM_762" (id=6CBOabJUM7Qqd7NEG4Do-ueQ7Uqvietj4ODcWmz64j4=) has send a requested to sell bz_leggings_spongebob x1 at the trader "Clothing (Quinn [#STR_EXPANSION_MARKET_TRADER_CLOTHING])" in market zone "The Hill" (pos=<7529.135742, 89.198120, 4610.044922>).
21:01:19.062 [Market] Player "MGM_762" (id=6CBOabJUM7Qqd7NEG4Do-ueQ7Uqvietj4ODcWmz64j4=) has sold bz_leggings_spongebob x1 at the trader "Clothing (Quinn [#STR_EXPANSION_MARKET_TRADER_CLOTHING])" in market zone "The Hill" (pos=<7529.135742, 89.198120, 4610.044922>) and got 8500.
21:01:20.562 [Market] Player "MGM_762" (id=6CBOabJUM7Qqd7NEG4Do-ueQ7Uqvietj4ODcWmz64j4=) has send a requested to sell bz_leggings_usa x1 at the trader "Clothing (Quinn [#STR_EXPANSION_MARKET_TRADER_CLOTHING])" in market zone "The Hill" (pos=<7529.135742, 89.198120, 4610.044922>).
21:01:20.671 [Market] Player "MGM_762" (id=6CBOabJUM7Qqd7NEG4Do-ueQ7Uqvietj4ODcWmz64j4=) has sold bz_leggings_usa x1 at the trader "Clothing (Quinn [#STR_EXPANSION_MARKET_TRADER_CLOTHING])" in market zone "The Hill" (pos=<7529.135742, 89.198120, 4610.044922>) and got 6375.
21:01:43.851 [Market] Player "MGM_762" (id=6CBOabJUM7Qqd7NEG4Do-ueQ7Uqvietj4ODcWmz64j4=) has send a requested to sell bz_tacthelmet_alienware x1 at the trader "Clothing_Accessories (Maria [#STR_EXPANSION_MARKET_TRADER_CLOTHING_ACCESSORIES])" in market zone "The Hill" (pos=<7529.135742, 89.198120, 4610.044922>).
21:01:43.937 [Market] Player "MGM_762" (id=6CBOabJUM7Qqd7NEG4Do-ueQ7Uqvietj4ODcWmz64j4=) has sold bz_tacthelmet_alienware x1 at the trader "Clothing_Accessories (Maria [#STR_EXPANSION_MARKET_TRADER_CLOTHING_ACCESSORIES])" in market zone "The Hill" (pos=<7529.135742, 89.198120, 4610.044922>) and got 2250.
21:01:45.882 [Market] Player "MGM_762" (id=6CBOabJUM7Qqd7NEG4Do-ueQ7Uqvietj4ODcWmz64j4=) has send a requested to sell bz_tacthelmet_bee x1 at the trader "Clothing_Accessories (Maria [#STR_EXPANSION_MARKET_TRADER_CLOTHING_ACCESSORIES])" in market zone "The Hill" (pos=<7529.135742, 89.198120, 4610.044922>).
21:01:45.945 [Market] Player "MGM_762" (id=6CBOabJUM7Qqd7NEG4Do-ueQ7Uqvietj4ODcWmz64j4=) has send a requested to sell bz_tacthelmet_bee x1 at the trader "Clothing_Accessories (Maria [#STR_EXPANSION_MARKET_TRADER_CLOTHING_ACCESSORIES])" in market zone "The Hill" (pos=<7529.135742, 89.198120, 4610.044922>).
21:01:45.992 [Market] Player "MGM_762" (id=6CBOabJUM7Qqd7NEG4Do-ueQ7Uqvietj4ODcWmz64j4=) has sold bz_tacthelmet_bee x1 at the trader "Clothing_Accessories (Maria [#STR_EXPANSION_MARKET_TRADER_CLOTHING_ACCESSORIES])" in market zone "The Hill" (pos=<7529.135742, 89.198120, 4610.044922>) and got 3000.
21:01:51.554 [Market] Player "MGM_762" (id=6CBOabJUM7Qqd7NEG4Do-ueQ7Uqvietj4ODcWmz64j4=) has send a requested to sell bz_tacthelmet_pinkhemp x1 at the trader "Clothing_Accessories (Maria [#STR_EXPANSION_MARKET_TRADER_CLOTHING_ACCESSORIES])" in market zone "The Hill" (pos=<7529.135742, 89.198120, 4610.044922>).
21:01:51.687 [Market] Player "MGM_762" (id=6CBOabJUM7Qqd7NEG4Do-ueQ7Uqvietj4ODcWmz64j4=) has sold bz_tacthelmet_pinkhemp x1 at the trader "Clothing_Accessories (Maria [#STR_EXPANSION_MARKET_TRADER_CLOTHING_ACCESSORIES])" in market zone "The Hill" (pos=<7529.135742, 89.198120, 4610.044922>) and got 750.
21:01:54.789 [Market] Player "MGM_762" (id=6CBOabJUM7Qqd7NEG4Do-ueQ7Uqvietj4ODcWmz64j4=) has send a requested to sell bz_tacthelmet_purple x1 at the trader "Clothing_Accessories (Maria [#STR_EXPANSION_MARKET_TRADER_CLOTHING_ACCESSORIES])" in market zone "The Hill" (pos=<7529.135742, 89.198120, 4610.044922>).
21:01:54.898 [Market] Player "MGM_762" (id=6CBOabJUM7Qqd7NEG4Do-ueQ7Uqvietj4ODcWmz64j4=) has sold bz_tacthelmet_purple x1 at the trader "Clothing_Accessories (Maria [#STR_EXPANSION_MARKET_TRADER_CLOTHING_ACCESSORIES])" in market zone "The Hill" (pos=<7529.135742, 89.198120, 4610.044922>) and got 750.
21:01:56.734 [Market] Player "MGM_762" (id=6CBOabJUM7Qqd7NEG4Do-ueQ7Uqvietj4ODcWmz64j4=) has send a requested to sell bz_tacthelmet_snake x1 at the trader "Clothing_Accessories (Maria [#STR_EXPANSION_MARKET_TRADER_CLOTHING_ACCESSORIES])" in market zone "The Hill" (pos=<7529.135742, 89.198120, 4610.044922>).
21:01:56.851 [Market] Player "MGM_762" (id=6CBOabJUM7Qqd7NEG4Do-ueQ7Uqvietj4ODcWmz64j4=) has sold bz_tacthelmet_snake x1 at the trader "Clothing_Accessories (Maria [#STR_EXPANSION_MARKET_TRADER_CLOTHING_ACCESSORIES])" in market zone "The Hill" (pos=<7529.135742, 89.198120, 4610.044922>) and got 2250.
21:01:58.625 [Market] Player "MGM_762" (id=6CBOabJUM7Qqd7NEG4Do-ueQ7Uqvietj4ODcWmz64j4=) has send a requested to sell bz_tacthelmet_tiger x1 at the trader "Clothing_Accessories (Maria [#STR_EXPANSION_MARKET_TRADER_CLOTHING_ACCESSORIES])" in market zone "The Hill" (pos=<7529.135742, 89.198120, 4610.044922>).
21:01:58.742 [Market] Player "MGM_762" (id=6CBOabJUM7Qqd7NEG4Do-ueQ7Uqvietj4ODcWmz64j4=) has sold bz_tacthelmet_tiger x1 at the trader "Clothing_Accessories (Maria [#STR_EXPANSION_MARKET_TRADER_CLOTHING_ACCESSORIES])" in market zone "The Hill" (pos=<7529.135742, 89.198120, 4610.044922>) and got 2250.
21:02:55.867 [Market] Player "MGM_762" (id=6CBOabJUM7Qqd7NEG4Do-ueQ7Uqvietj4ODcWmz64j4=) has send a requested to sell bz_tacthelmet_pa x1 at the trader "Clothing_Accessories (Maria [#STR_EXPANSION_MARKET_TRADER_CLOTHING_ACCESSORIES])" in market zone "The Hill" (pos=<7529.135742, 89.198120, 4610.044922>).
21:02:55.976 [Market] Player "MGM_762" (id=6CBOabJUM7Qqd7NEG4Do-ueQ7Uqvietj4ODcWmz64j4=) has sold bz_tacthelmet_pa x1 at the trader "Clothing_Accessories (Maria [#STR_EXPANSION_MARKET_TRADER_CLOTHING_ACCESSORIES])" in market zone "The Hill" (pos=<7529.135742, 89.198120, 4610.044922>) and got 750.
21:05:22.250 [Market] Player "MGM_762" (id=6CBOabJUM7Qqd7NEG4Do-ueQ7Uqvietj4ODcWmz64j4=) has send a requested to purchase bz_leggings_vietnam x1 from the trader "Clothing (Quinn [#STR_EXPANSION_MARKET_TRADER_CLOTHING])" in market zone "The Hill" (pos=<7529.135742, 89.198120, 4610.044922>).
21:05:22.375 [Market] Player "MGM_762" (id=6CBOabJUM7Qqd7NEG4Do-ueQ7Uqvietj4ODcWmz64j4=) has bought bz_leggings_vietnam x1 from the trader "Clothing (Quinn [#STR_EXPANSION_MARKET_TRADER_CLOTHING])" in market zone "The Hill" (pos=<7529.135742, 89.198120, 4610.044922>) for a price of 8500.
21:28:26.484 [MissionAirdrop] An airdrop is heading towards "Oceanville" (pos=<10179.000000, 0.000000, 4722.000000> type=Random_Oceanville) with a ExpansionAirdropContainer_Basebuilding
21:32:40.984 [Market] Player "MGM_762" (id=6CBOabJUM7Qqd7NEG4Do-ueQ7Uqvietj4ODcWmz64j4=) has send a requested to sell bz_leggings_black x1 at the trader "Clothing (Quinn [#STR_EXPANSION_MARKET_TRADER_CLOTHING])" in market zone "The Hill" (pos=<7529.135742, 89.198120, 4610.044922>).
21:32:41.117 [Market] Player "MGM_762" (id=6CBOabJUM7Qqd7NEG4Do-ueQ7Uqvietj4ODcWmz64j4=) has sold bz_leggings_black x1 at the trader "Clothing (Quinn [#STR_EXPANSION_MARKET_TRADER_CLOTHING])" in market zone "The Hill" (pos=<7529.135742, 89.198120, 4610.044922>) and got 8500.
21:45:32.781 [Market] Player "MGM_762" (id=6CBOabJUM7Qqd7NEG4Do-ueQ7Uqvietj4ODcWmz64j4=) has send a requested to sell bz_bluehemp_pants x1 at the trader "Clothing_Accessories (Maria [#STR_EXPANSION_MARKET_TRADER_CLOTHING_ACCESSORIES])" in market zone "The Hill" (pos=<7529.135742, 89.198120, 4610.044922>).
21:45:32.859 [Market] Player "MGM_762" (id=6CBOabJUM7Qqd7NEG4Do-ueQ7Uqvietj4ODcWmz64j4=) has sold bz_bluehemp_pants x1 at the trader "Clothing_Accessories (Maria [#STR_EXPANSION_MARKET_TRADER_CLOTHING_ACCESSORIES])" in market zone "The Hill" (pos=<7529.135742, 89.198120, 4610.044922>) and got 7000.
21:49:40.742 [Party] Player "MGM_762" (id=6CBOabJUM7Qqd7NEG4Do-ueQ7Uqvietj4ODcWmz64j4=) left the party "OSS" (id=0 ownerUID=_i471QtP-cQO7LGlvQxSkkb6U2OdaENSi4dYAnCjv04= ownerName=NOVAKILLSFORYOU)
22:57:09.273 [MissionAirdrop] An airdrop is heading towards "Sandy Bay" (pos=<4627.000000, 0.000000, 7507.000000> type=Random_Sandy Bay) with a ExpansionAirdropContainer_Basebuilding
00:25:47.765 [MissionAirdrop] An airdrop is heading towards "Oceanville" (pos=<10179.000000, 0.000000, 4722.000000> type=Random_Oceanville) with a ExpansionAirdropContainer_Basebuilding
01:54:54.421 [MissionAirdrop] An airdrop is heading towards "Georgstown" (pos=<4522.000000, 0.000000, 4370.000000> type=Random_Georgstown) with a ExpansionAirdropContainer_Military
03:25:40.976 [MissionAirdrop] An airdrop is heading towards "Hazelands" (pos=<4539.000000, 0.000000, 2317.000000> type=Random_Hazelands) with a ExpansionAirdropContainer_Medical
04:56:46.523 [MissionAirdrop] An airdrop is heading towards "Kushville" (pos=<7630.000000, 0.000000, 3717.000000> type=Random_Kushville) with a ExpansionAirdropContainer_Military
06:25:48.171 [MissionAirdrop] An airdrop is heading towards "Warren-Cove" (pos=<6924.000000, 0.000000, 5473.000000> type=Random_Warren-Cove) with a ExpansionAirdropContainer_Medical
