07:21:59.214 [MissionAirdrop] An airdrop is heading towards "Kushville" (pos=<7630.000000, 0.000000, 3717.000000> type=Random_Kushville) with a ExpansionAirdropContainer
08:51:52.156 [MissionAirdrop] An airdrop is heading towards "Georgstown" (pos=<4522.000000, 0.000000, 4370.000000> type=Random_Georgstown) with a ExpansionAirdropContainer_Basebuilding
10:22:06.292 [MissionAirdrop] An airdrop is heading towards "Warren-Cove" (pos=<6924.000000, 0.000000, 5473.000000> type=Random_Warren-Cove) with a ExpansionAirdropContainer_Military
11:50:36.734 [MissionAirdrop] An airdrop is heading towards "Oceanville" (pos=<10179.000000, 0.000000, 4722.000000> type=Random_Oceanville) with a ExpansionAirdropContainer
13:19:26.390 [MissionAirdrop] An airdrop is heading towards "Georgstown" (pos=<4522.000000, 0.000000, 4370.000000> type=Random_Georgstown) with a ExpansionAirdropContainer_Basebuilding
14:49:02.867 [MissionAirdrop] An airdrop is heading towards "Hazelands" (pos=<4539.000000, 0.000000, 2317.000000> type=Random_Hazelands) with a ExpansionAirdropContainer_Military
16:19:55.375 [MissionAirdrop] An airdrop is heading towards "Oceanville" (pos=<10179.000000, 0.000000, 4722.000000> type=Random_Oceanville) with a ExpansionAirdropContainer
16:20:28.714 [Expansion Quests] - InitQuestSystemClient - Created new persistent player quest data for player UID: U2dMJLHj8Bi0gAwyulDAzg7Uoba2tnUiPV220dUvz88=
16:20:28.726 [Expansion Quests] - CompleteQuest - Player with UID U2dMJLHj8Bi0gAwyulDAzg7Uoba2tnUiPV220dUvz88= has completed quest 14
16:20:52.582 [SpawnSelection] Player "Survivor" (id=U2dMJLHj8Bi0gAwyulDAzg7Uoba2tnUiPV220dUvz88=) spawned at <10098.096680, 16.852987, 4507.153809>
16:20:52.585 [AI Patrol] Spawning 3 SouthOfSmallville bots at <10021.734375, 38.879383, 3540.154541>
16:33:46.652 [Party] Player "1DEADMANWALKIN" (id=zvk4zPulP_yUuFMB-icYMa26l-1hJKZFlbgWP-FPOcg=) joinded the party "OSS" (id=0 ownerUID=_i471QtP-cQO7LGlvQxSkkb6U2OdaENSi4dYAnCjv04= ownerName=NOVAKILLSFORYOU)
16:33:46.695 [Expansion Quests] - InitQuestSystemClient - Loaded existing player quest data for player with UID: zvk4zPulP_yUuFMB-icYMa26l-1hJKZFlbgWP-FPOcg=
16:33:46.699 [Expansion Quests] - LoadGroupQuestData - Loaded existing group quest data for group with ID: 0
16:33:46.699 [Expansion Quests] - Create new quest instance for quest: 8 - Player UID: zvk4zPulP_yUuFMB-icYMa26l-1hJKZFlbgWP-FPOcg=
16:33:46.699 [Expansion Quests] - Create new quest instance for quest: 9 - Player UID: zvk4zPulP_yUuFMB-icYMa26l-1hJKZFlbgWP-FPOcg=
16:33:46.699 [Expansion Quests] - Create new quest instance for quest: 11 - Player UID: zvk4zPulP_yUuFMB-icYMa26l-1hJKZFlbgWP-FPOcg=
16:33:47.433 [Expansion Quests] - LoadGroupQuestData - Got cached group quest data for group with ID: 0
16:38:33.687 [Killfeed] Survivor got killed.
16:38:51.511 [SpawnSelection] Player "Survivor" (id=U2dMJLHj8Bi0gAwyulDAzg7Uoba2tnUiPV220dUvz88=) spawned at <10516.448242, 12.487309, 4415.490723>
16:39:41.285 [VehicleEnter] Player 1DEADMANWALKIN [uid=zvk4zPulP_yUuFMB-icYMa26l-1hJKZFlbgWP-FPOcg=] entered vehicle The Whaler (id=FB782CA19D429AFD045F86966E358FE5 pos=<3199.226318, 0.124112, 1606.140869>) as driver
16:42:11.656 [AI Patrol] Spawning 3 ParisIsland bots at <2805.111572, 22.450001, 3664.172363>
16:42:22.027 [AI Patrol] Spawning 3 ParisIsland2 bots at <2891.020996, 22.317776, 4074.054688>
16:44:57.175 [AI Patrol] Spawning 3 OldTown bots at <1848.367188, 9.190000, 8920.034180>
16:45:03.089 [AI Patrol] Spawning 2 East bots at <1963.996582, 9.190000, 8985.694336>
16:45:14.656 [Party] Player "1DEADMANWALKIN" (id=zvk4zPulP_yUuFMB-icYMa26l-1hJKZFlbgWP-FPOcg=) left the party "OSS" (id=0 ownerUID=_i471QtP-cQO7LGlvQxSkkb6U2OdaENSi4dYAnCjv04= ownerName=NOVAKILLSFORYOU)
16:46:08.871 [Party] Player "1DEADMANWALKIN" (id=zvk4zPulP_yUuFMB-icYMa26l-1hJKZFlbgWP-FPOcg=) joinded the party "OSS" (id=0 ownerUID=_i471QtP-cQO7LGlvQxSkkb6U2OdaENSi4dYAnCjv04= ownerName=NOVAKILLSFORYOU)
16:46:08.882 [Expansion Quests] - InitQuestSystemClient - Loaded existing player quest data for player with UID: zvk4zPulP_yUuFMB-icYMa26l-1hJKZFlbgWP-FPOcg=
16:46:08.882 [Expansion Quests] - LoadGroupQuestData - Got cached group quest data for group with ID: 0
16:46:08.882 [Expansion Quests] - Create new quest instance for quest: 8 - Player UID: zvk4zPulP_yUuFMB-icYMa26l-1hJKZFlbgWP-FPOcg=
16:46:08.882 [Expansion Quests] - Create new quest instance for quest: 9 - Player UID: zvk4zPulP_yUuFMB-icYMa26l-1hJKZFlbgWP-FPOcg=
16:46:08.882 [Expansion Quests] - Create new quest instance for quest: 11 - Player UID: zvk4zPulP_yUuFMB-icYMa26l-1hJKZFlbgWP-FPOcg=
16:46:09.601 [Expansion Quests] - LoadGroupQuestData - Got cached group quest data for group with ID: 0
17:09:58.828 [Party] Player "NOVAKILLSFORYOU" (id=_i471QtP-cQO7LGlvQxSkkb6U2OdaENSi4dYAnCjv04=) joinded the party "OSS" (id=0 ownerUID=_i471QtP-cQO7LGlvQxSkkb6U2OdaENSi4dYAnCjv04= ownerName=NOVAKILLSFORYOU)
17:09:58.863 [Expansion Quests] - InitQuestSystemClient - Loaded existing player quest data for player with UID: _i471QtP-cQO7LGlvQxSkkb6U2OdaENSi4dYAnCjv04=
17:09:58.863 [Expansion Quests] - LoadGroupQuestData - Got cached group quest data for group with ID: 0
17:09:58.863 [Expansion Quests] - Create new quest instance for quest: 8 - Player UID: _i471QtP-cQO7LGlvQxSkkb6U2OdaENSi4dYAnCjv04=
17:09:58.863 [Expansion Quests] - Create new quest instance for quest: 9 - Player UID: _i471QtP-cQO7LGlvQxSkkb6U2OdaENSi4dYAnCjv04=
17:09:58.863 [Expansion Quests] - Create new quest instance for quest: 11 - Player UID: _i471QtP-cQO7LGlvQxSkkb6U2OdaENSi4dYAnCjv04=
17:09:59.570 [Expansion Quests] - LoadGroupQuestData - Got cached group quest data for group with ID: 0
17:15:57.609 [VehicleEnter] Player 1DEADMANWALKIN [uid=zvk4zPulP_yUuFMB-icYMa26l-1hJKZFlbgWP-FPOcg=] entered vehicle The Whaler (id=FB782CA19D429AFD045F86966E358FE5 pos=<1545.567627, 0.229664, 9439.381836>) as driver
17:16:32.203 [AI Patrol] Spawning 2 CampEagle-NE bots at <9181.466797, 46.857418, 3717.123291>
17:22:28.800 [VehicleLeave] Player 1DEADMANWALKIN [uid=zvk4zPulP_yUuFMB-icYMa26l-1hJKZFlbgWP-FPOcg=] left vehicle The Whaler (id=FB782CA19D429AFD045F86966E358FE5 pos=<3202.936768, 0.511105, 1597.217163>)
17:32:14.570 [Party] Player "1DEADMANWALKIN" (id=zvk4zPulP_yUuFMB-icYMa26l-1hJKZFlbgWP-FPOcg=) left the party "OSS" (id=0 ownerUID=_i471QtP-cQO7LGlvQxSkkb6U2OdaENSi4dYAnCjv04= ownerName=NOVAKILLSFORYOU)
17:38:09.042 [Party] Player "NOVAKILLSFORYOU" (id=_i471QtP-cQO7LGlvQxSkkb6U2OdaENSi4dYAnCjv04=) left the party "OSS" (id=0 ownerUID=_i471QtP-cQO7LGlvQxSkkb6U2OdaENSi4dYAnCjv04= ownerName=NOVAKILLSFORYOU)
17:41:45.617 [Party] Player "NOVAKILLSFORYOU" (id=_i471QtP-cQO7LGlvQxSkkb6U2OdaENSi4dYAnCjv04=) joinded the party "OSS" (id=0 ownerUID=_i471QtP-cQO7LGlvQxSkkb6U2OdaENSi4dYAnCjv04= ownerName=NOVAKILLSFORYOU)
17:41:45.625 [Expansion Quests] - InitQuestSystemClient - Loaded existing player quest data for player with UID: _i471QtP-cQO7LGlvQxSkkb6U2OdaENSi4dYAnCjv04=
17:41:45.628 [Expansion Quests] - LoadGroupQuestData - Got cached group quest data for group with ID: 0
17:41:45.628 [Expansion Quests] - Create new quest instance for quest: 8 - Player UID: _i471QtP-cQO7LGlvQxSkkb6U2OdaENSi4dYAnCjv04=
17:41:45.628 [Expansion Quests] - Create new quest instance for quest: 9 - Player UID: _i471QtP-cQO7LGlvQxSkkb6U2OdaENSi4dYAnCjv04=
17:41:45.628 [Expansion Quests] - Create new quest instance for quest: 11 - Player UID: _i471QtP-cQO7LGlvQxSkkb6U2OdaENSi4dYAnCjv04=
17:41:46.402 [Expansion Quests] - LoadGroupQuestData - Got cached group quest data for group with ID: 0
17:42:19.050 [VehicleEnter] Player NOVAKILLSFORYOU [uid=_i471QtP-cQO7LGlvQxSkkb6U2OdaENSi4dYAnCjv04=] entered vehicle UAZ 469 Cargo Roofless (id=FD167C71974F7EA10E3C379A0DF61C85 pos=<3201.549072, 1.498691, 1620.298828>) as driver
17:42:23.503 [VehicleLeave] Player NOVAKILLSFORYOU [uid=_i471QtP-cQO7LGlvQxSkkb6U2OdaENSi4dYAnCjv04=] left vehicle UAZ 469 Cargo Roofless (id=FD167C71974F7EA10E3C379A0DF61C85 pos=<3201.549072, 1.498690, 1620.298828>)
17:46:16.562 [VehicleEnter] Player NOVAKILLSFORYOU [uid=_i471QtP-cQO7LGlvQxSkkb6U2OdaENSi4dYAnCjv04=] entered vehicle UAZ 469 Cargo Roofless (id=FD167C71974F7EA10E3C379A0DF61C85 pos=<3201.549072, 1.498689, 1620.298828>) as driver
17:46:19.460 [VehicleEngine] Player NOVAKILLSFORYOU [uid=_i471QtP-cQO7LGlvQxSkkb6U2OdaENSi4dYAnCjv04=] started vehicle UAZ 469 Cargo Roofless (id=FD167C71974F7EA10E3C379A0DF61C85 pos=<3201.549072, 1.498689, 1620.298828>)
17:48:45.996 [AI Patrol] Spawning 2 Greenville bots at <5498.856445, 27.909710, 2148.108398>
17:50:01.230 [AI Patrol] Spawning 3 Airfield bots at <5748.886719, 74.000000, 3116.662109>
17:51:48.449 [AI Patrol] Spawning 2 Milo-Ashville bots at <7178.531738, 46.293976, 3634.411377>
17:55:06.542 [Safezone] Player "NOVAKILLSFORYOU" (id=_i471QtP-cQO7LGlvQxSkkb6U2OdaENSi4dYAnCjv04= pos=<7712.899902, 44.224716, 4555.187500>) Entered the safezone
17:55:16.250 [MissionAirdrop] An airdrop is heading towards "Kushville" (pos=<7630.000000, 0.000000, 3717.000000> type=Random_Kushville) with a ExpansionAirdropContainer
17:56:06.855 [VehicleEngine] Player NOVAKILLSFORYOU [uid=_i471QtP-cQO7LGlvQxSkkb6U2OdaENSi4dYAnCjv04=] stopped vehicle UAZ 469 Cargo Roofless (id=FD167C71974F7EA10E3C379A0DF61C85 pos=<7539.623535, 87.674957, 4580.023926>)
17:56:09.042 [VehicleLeave] Player NOVAKILLSFORYOU [uid=_i471QtP-cQO7LGlvQxSkkb6U2OdaENSi4dYAnCjv04=] left vehicle UAZ 469 Cargo Roofless (id=FD167C71974F7EA10E3C379A0DF61C85 pos=<7539.624023, 87.674957, 4580.023926>)
17:56:37.070 [Market] Player "NOVAKILLSFORYOU" (id=_i471QtP-cQO7LGlvQxSkkb6U2OdaENSi4dYAnCjv04=) has send a requested to purchase bz_black_sneakers x1 from the trader "Clothing (Quinn [#STR_EXPANSION_MARKET_TRADER_CLOTHING])" in market zone "The Hill" (pos=<7529.135742, 89.198120, 4610.044922>).
17:56:37.125 [Market] Player "NOVAKILLSFORYOU" (id=_i471QtP-cQO7LGlvQxSkkb6U2OdaENSi4dYAnCjv04=) has bought bz_black_sneakers x1 from the trader "Clothing (Quinn [#STR_EXPANSION_MARKET_TRADER_CLOTHING])" in market zone "The Hill" (pos=<7529.135742, 89.198120, 4610.044922>) for a price of 7000.
17:56:53.722 [Market] Player "NOVAKILLSFORYOU" (id=_i471QtP-cQO7LGlvQxSkkb6U2OdaENSi4dYAnCjv04=) has send a requested to purchase bz_black_top x1 from the trader "Clothing (Quinn [#STR_EXPANSION_MARKET_TRADER_CLOTHING])" in market zone "The Hill" (pos=<7529.135742, 89.198120, 4610.044922>).
17:56:53.800 [Market] Player "NOVAKILLSFORYOU" (id=_i471QtP-cQO7LGlvQxSkkb6U2OdaENSi4dYAnCjv04=) has bought bz_black_top x1 from the trader "Clothing (Quinn [#STR_EXPANSION_MARKET_TRADER_CLOTHING])" in market zone "The Hill" (pos=<7529.135742, 89.198120, 4610.044922>) for a price of 7000.
17:57:10.921 [Market] Player "NOVAKILLSFORYOU" (id=_i471QtP-cQO7LGlvQxSkkb6U2OdaENSi4dYAnCjv04=) has send a requested to purchase bz_black_mask x1 from the trader "Clothing_Accessories (Maria [#STR_EXPANSION_MARKET_TRADER_CLOTHING_ACCESSORIES])" in market zone "The Hill" (pos=<7529.135742, 89.198120, 4610.044922>).
17:57:11.039 [Market] Player "NOVAKILLSFORYOU" (id=_i471QtP-cQO7LGlvQxSkkb6U2OdaENSi4dYAnCjv04=) has bought bz_black_mask x1 from the trader "Clothing_Accessories (Maria [#STR_EXPANSION_MARKET_TRADER_CLOTHING_ACCESSORIES])" in market zone "The Hill" (pos=<7529.135742, 89.198120, 4610.044922>) for a price of 7000.
17:57:23.796 [Market] Player "NOVAKILLSFORYOU" (id=_i471QtP-cQO7LGlvQxSkkb6U2OdaENSi4dYAnCjv04=) has send a requested to purchase bz_black_nvgs x1 from the trader "Clothing_Accessories (Maria [#STR_EXPANSION_MARKET_TRADER_CLOTHING_ACCESSORIES])" in market zone "The Hill" (pos=<7529.135742, 89.198120, 4610.044922>).
17:57:23.855 [Market] Player "NOVAKILLSFORYOU" (id=_i471QtP-cQO7LGlvQxSkkb6U2OdaENSi4dYAnCjv04=) has bought bz_black_nvgs x1 from the trader "Clothing_Accessories (Maria [#STR_EXPANSION_MARKET_TRADER_CLOTHING_ACCESSORIES])" in market zone "The Hill" (pos=<7529.135742, 89.198120, 4610.044922>) for a price of 7000.
17:57:34.277 [Market] Player "NOVAKILLSFORYOU" (id=_i471QtP-cQO7LGlvQxSkkb6U2OdaENSi4dYAnCjv04=) has send a requested to purchase bz_tacthelmet_black x1 from the trader "Clothing_Accessories (Maria [#STR_EXPANSION_MARKET_TRADER_CLOTHING_ACCESSORIES])" in market zone "The Hill" (pos=<7529.135742, 89.198120, 4610.044922>).
17:57:34.402 [Market] Player "NOVAKILLSFORYOU" (id=_i471QtP-cQO7LGlvQxSkkb6U2OdaENSi4dYAnCjv04=) has bought bz_tacthelmet_black x1 from the trader "Clothing_Accessories (Maria [#STR_EXPANSION_MARKET_TRADER_CLOTHING_ACCESSORIES])" in market zone "The Hill" (pos=<7529.135742, 89.198120, 4610.044922>) for a price of 3000.
17:57:41.132 [Market] Player "NOVAKILLSFORYOU" (id=_i471QtP-cQO7LGlvQxSkkb6U2OdaENSi4dYAnCjv04=) has send a requested to purchase bz_vest_black x1 from the trader "Clothing_Accessories (Maria [#STR_EXPANSION_MARKET_TRADER_CLOTHING_ACCESSORIES])" in market zone "The Hill" (pos=<7529.135742, 89.198120, 4610.044922>).
17:57:41.218 [Market] Player "NOVAKILLSFORYOU" (id=_i471QtP-cQO7LGlvQxSkkb6U2OdaENSi4dYAnCjv04=) has bought bz_vest_black x1 from the trader "Clothing_Accessories (Maria [#STR_EXPANSION_MARKET_TRADER_CLOTHING_ACCESSORIES])" in market zone "The Hill" (pos=<7529.135742, 89.198120, 4610.044922>) for a price of 8500.
17:57:45.398 [Market] Player "NOVAKILLSFORYOU" (id=_i471QtP-cQO7LGlvQxSkkb6U2OdaENSi4dYAnCjv04=) has send a requested to purchase bz_wings_black x1 from the trader "Clothing_Accessories (Maria [#STR_EXPANSION_MARKET_TRADER_CLOTHING_ACCESSORIES])" in market zone "The Hill" (pos=<7529.135742, 89.198120, 4610.044922>).
17:57:45.464 [Market] Player "NOVAKILLSFORYOU" (id=_i471QtP-cQO7LGlvQxSkkb6U2OdaENSi4dYAnCjv04=) has bought bz_wings_black x1 from the trader "Clothing_Accessories (Maria [#STR_EXPANSION_MARKET_TRADER_CLOTHING_ACCESSORIES])" in market zone "The Hill" (pos=<7529.135742, 89.198120, 4610.044922>) for a price of 7000.
17:58:01.906 [Market] Player "NOVAKILLSFORYOU" (id=_i471QtP-cQO7LGlvQxSkkb6U2OdaENSi4dYAnCjv04=) has send a requested to purchase bz_bee_pants x1 from the trader "Clothing_Accessories (Maria [#STR_EXPANSION_MARKET_TRADER_CLOTHING_ACCESSORIES])" in market zone "The Hill" (pos=<7529.135742, 89.198120, 4610.044922>).
17:58:01.964 [Market] Player "NOVAKILLSFORYOU" (id=_i471QtP-cQO7LGlvQxSkkb6U2OdaENSi4dYAnCjv04=) has bought bz_bee_pants x1 from the trader "Clothing_Accessories (Maria [#STR_EXPANSION_MARKET_TRADER_CLOTHING_ACCESSORIES])" in market zone "The Hill" (pos=<7529.135742, 89.198120, 4610.044922>) for a price of 7000.
17:58:09.238 [Market] Player "NOVAKILLSFORYOU" (id=_i471QtP-cQO7LGlvQxSkkb6U2OdaENSi4dYAnCjv04=) has send a requested to sell bz_bee_pants x1 at the trader "Clothing_Accessories (Maria [#STR_EXPANSION_MARKET_TRADER_CLOTHING_ACCESSORIES])" in market zone "The Hill" (pos=<7529.135742, 89.198120, 4610.044922>).
17:58:09.296 [Market] Player "NOVAKILLSFORYOU" (id=_i471QtP-cQO7LGlvQxSkkb6U2OdaENSi4dYAnCjv04=) has sold bz_bee_pants x1 at the trader "Clothing_Accessories (Maria [#STR_EXPANSION_MARKET_TRADER_CLOTHING_ACCESSORIES])" in market zone "The Hill" (pos=<7529.135742, 89.198120, 4610.044922>) and got 7000.
17:58:10.468 [Market] Player "NOVAKILLSFORYOU" (id=_i471QtP-cQO7LGlvQxSkkb6U2OdaENSi4dYAnCjv04=) has send a requested to purchase bz_black_pants x1 from the trader "Clothing_Accessories (Maria [#STR_EXPANSION_MARKET_TRADER_CLOTHING_ACCESSORIES])" in market zone "The Hill" (pos=<7529.135742, 89.198120, 4610.044922>).
17:58:10.546 [Market] Player "NOVAKILLSFORYOU" (id=_i471QtP-cQO7LGlvQxSkkb6U2OdaENSi4dYAnCjv04=) has bought bz_black_pants x1 from the trader "Clothing_Accessories (Maria [#STR_EXPANSION_MARKET_TRADER_CLOTHING_ACCESSORIES])" in market zone "The Hill" (pos=<7529.135742, 89.198120, 4610.044922>) for a price of 7000.
17:58:35.730 [Market] Player "NOVAKILLSFORYOU" (id=_i471QtP-cQO7LGlvQxSkkb6U2OdaENSi4dYAnCjv04=) has send a requested to purchase bz_tactgloves_black x1 from the trader "Clothing_Accessories (Maria [#STR_EXPANSION_MARKET_TRADER_CLOTHING_ACCESSORIES])" in market zone "The Hill" (pos=<7529.135742, 89.198120, 4610.044922>).
17:58:35.824 [Market] Player "NOVAKILLSFORYOU" (id=_i471QtP-cQO7LGlvQxSkkb6U2OdaENSi4dYAnCjv04=) has bought bz_tactgloves_black x1 from the trader "Clothing_Accessories (Maria [#STR_EXPANSION_MARKET_TRADER_CLOTHING_ACCESSORIES])" in market zone "The Hill" (pos=<7529.135742, 89.198120, 4610.044922>) for a price of 3000.
18:02:33.386 [Market] Player "NOVAKILLSFORYOU" (id=_i471QtP-cQO7LGlvQxSkkb6U2OdaENSi4dYAnCjv04=) has send a requested to purchase snafu_ammo_300acc x1000 from the trader "Attachments (Seth [#STR_EXPANSION_MARKET_TRADER_ATTACHMENTS])" in market zone "The Hill" (pos=<7529.135742, 89.198120, 4610.044922>).
18:02:33.480 [Market] Player "NOVAKILLSFORYOU" (id=_i471QtP-cQO7LGlvQxSkkb6U2OdaENSi4dYAnCjv04=) has bought snafu_ammo_300acc x1000 from the trader "Attachments (Seth [#STR_EXPANSION_MARKET_TRADER_ATTACHMENTS])" in market zone "The Hill" (pos=<7529.135742, 89.198120, 4610.044922>) for a price of 4000.
18:04:22.496 [ATM] Player "NOVAKILLSFORYOU" (id=_i471QtP-cQO7LGlvQxSkkb6U2OdaENSi4dYAnCjv04=) has deposited 437876 on his ATM account.
18:04:34.785 [VehicleEnter] Player NOVAKILLSFORYOU [uid=_i471QtP-cQO7LGlvQxSkkb6U2OdaENSi4dYAnCjv04=] entered vehicle UAZ 469 Cargo Roofless (id=FD167C71974F7EA10E3C379A0DF61C85 pos=<7539.624023, 87.674957, 4580.023926>) as driver
18:04:36.753 [VehicleEngine] Player NOVAKILLSFORYOU [uid=_i471QtP-cQO7LGlvQxSkkb6U2OdaENSi4dYAnCjv04=] started vehicle UAZ 469 Cargo Roofless (id=FD167C71974F7EA10E3C379A0DF61C85 pos=<7539.623535, 87.674950, 4580.023926>)
18:05:06.011 [Safezone] Player "NOVAKILLSFORYOU" (id=_i471QtP-cQO7LGlvQxSkkb6U2OdaENSi4dYAnCjv04= pos=<7504.474609, 29.832703, 4239.522461>) Left the safezone
18:06:53.359 [VehicleLeave] Player NOVAKILLSFORYOU [uid=_i471QtP-cQO7LGlvQxSkkb6U2OdaENSi4dYAnCjv04=] left vehicle UAZ 469 Cargo Roofless (id=FD167C71974F7EA10E3C379A0DF61C85 pos=<7623.240723, 24.382008, 3782.989258>)
18:11:58.730 [VehicleEnter] Player NOVAKILLSFORYOU [uid=_i471QtP-cQO7LGlvQxSkkb6U2OdaENSi4dYAnCjv04=] entered vehicle UAZ 469 Cargo Roofless (id=FD167C71974F7EA10E3C379A0DF61C85 pos=<7623.240234, 24.382010, 3782.989258>) as driver
18:11:59.699 [VehicleEngine] Player NOVAKILLSFORYOU [uid=_i471QtP-cQO7LGlvQxSkkb6U2OdaENSi4dYAnCjv04=] started vehicle UAZ 469 Cargo Roofless (id=FD167C71974F7EA10E3C379A0DF61C85 pos=<7623.240234, 24.382010, 3782.989258>)
18:18:43.953 [VehicleLeave] Player NOVAKILLSFORYOU [uid=_i471QtP-cQO7LGlvQxSkkb6U2OdaENSi4dYAnCjv04=] left vehicle UAZ 469 Cargo Roofless (id=FD167C71974F7EA10E3C379A0DF61C85 pos=<3195.930176, 2.528125, 1664.881226>)
18:18:53.812 [VehicleDeleted] ExpansionUAZCargoRoofless (id=FC5432FD704886EF2BB1BFB9E3FCF62A pos=<-0.016775, 0.677601, 0.025196>)
18:18:53.828 [VehicleDeleted] ExpansionUAZCargoRoofless (id=FD167C71974F7EA10E3C379A0DF61C85 pos=<3195.929932, 2.528124, 1664.881226>)
18:18:53.828 [VirtualGarage] Player "NOVAKILLSFORYOU" (id=_i471QtP-cQO7LGlvQxSkkb6U2OdaENSi4dYAnCjv04= pos=<3206.328125, 1.766648, 1651.048462>) stored a vehicle "ExpansionUAZCargoRoofless" (GlobalID=80000000800000008000000080004455 pos=<3195.929932, 2.528124, 1664.881226>)
18:19:19.218 [VehicleCarKey] Player "NOVAKILLSFORYOU" (id=_i471QtP-cQO7LGlvQxSkkb6U2OdaENSi4dYAnCjv04= pos=<3205.646484, 1.613528, 1615.528442>) used the  ExpansionCarKey to unlock ExpansionMh6_Sunset (id=E239FD4A084DFCE022E04E9E25C39760 pos=<3207.495117, 1.551977, 1616.583862>)
18:19:26.296 [VehicleCarKey] Player "NOVAKILLSFORYOU" (id=_i471QtP-cQO7LGlvQxSkkb6U2OdaENSi4dYAnCjv04= pos=<3206.593506, 1.932843, 1615.637939>) used the  ExpansionCarKey to lock ExpansionMh6_Sunset (id=E239FD4A084DFCE022E04E9E25C39760 pos=<3207.495117, 1.551977, 1616.583862>)
18:19:31.453 [VehicleEnter] Player NOVAKILLSFORYOU [uid=_i471QtP-cQO7LGlvQxSkkb6U2OdaENSi4dYAnCjv04=] entered vehicle Mh-6 Little Bird (id=E239FD4A084DFCE022E04E9E25C39760 pos=<3207.495117, 1.551970, 1616.583862>) as pilot
18:19:32.914 [VehicleEngine] Player NOVAKILLSFORYOU [uid=_i471QtP-cQO7LGlvQxSkkb6U2OdaENSi4dYAnCjv04=] started vehicle Mh-6 Little Bird (id=E239FD4A084DFCE022E04E9E25C39760 pos=<3207.495117, 1.551958, 1616.583984>)
18:19:35.710 [VehicleEngine] Player NOVAKILLSFORYOU [uid=_i471QtP-cQO7LGlvQxSkkb6U2OdaENSi4dYAnCjv04=] stopped vehicle Mh-6 Little Bird (id=E239FD4A084DFCE022E04E9E25C39760 pos=<3207.495117, 1.551960, 1616.583984>)
18:19:39.234 [VehicleLeave] Player NOVAKILLSFORYOU [uid=_i471QtP-cQO7LGlvQxSkkb6U2OdaENSi4dYAnCjv04=] left vehicle Mh-6 Little Bird (id=E239FD4A084DFCE022E04E9E25C39760 pos=<3207.495117, 1.551978, 1616.583984>)
18:19:52.437 [VehicleDeleted] ExpansionMh6_Sunset (id=2694E739FC40A379064A41AF0DA494D2 pos=<0.000861, 1.692845, 0.535123>)
18:19:52.453 [VehicleDeleted] ExpansionMh6_Sunset (id=E239FD4A084DFCE022E04E9E25C39760 pos=<3207.495117, 1.551970, 1616.583984>)
18:19:52.453 [VirtualGarage] Player "NOVAKILLSFORYOU" (id=_i471QtP-cQO7LGlvQxSkkb6U2OdaENSi4dYAnCjv04= pos=<3206.766846, 1.704553, 1650.518555>) stored a vehicle "ExpansionMh6_Sunset" (GlobalID=800000008000000080000000800031B8 pos=<3207.495117, 1.551970, 1616.583984>)
18:19:55.140 [VehicleDeleted] RFWC_Whaler (id=B5EF149D004C363077BCABADA61E701B pos=<0.022690, 0.562664, -0.045266>)
18:42:18.140 [VehicleEnter] Player NOVAKILLSFORYOU [uid=_i471QtP-cQO7LGlvQxSkkb6U2OdaENSi4dYAnCjv04=] entered vehicle The Whaler (id=FB782CA19D429AFD045F86966E358FE5 pos=<3202.936279, 0.101055, 1597.217041>) as driver
18:45:56.273 [VehicleLeave] Player NOVAKILLSFORYOU [uid=_i471QtP-cQO7LGlvQxSkkb6U2OdaENSi4dYAnCjv04=] left vehicle The Whaler (id=FB782CA19D429AFD045F86966E358FE5 pos=<3189.394775, -0.242024, 1606.927246>)
18:46:25.093 [VehicleEnter] Player NOVAKILLSFORYOU [uid=_i471QtP-cQO7LGlvQxSkkb6U2OdaENSi4dYAnCjv04=] entered vehicle The Whaler (id=FB782CA19D429AFD045F86966E358FE5 pos=<3189.394775, 0.165678, 1606.927246>) as driver
18:46:54.343 [VehicleLeave] Player NOVAKILLSFORYOU [uid=_i471QtP-cQO7LGlvQxSkkb6U2OdaENSi4dYAnCjv04=] left vehicle The Whaler (id=FB782CA19D429AFD045F86966E358FE5 pos=<3191.496338, -0.066171, 1608.342529>)
19:17:49.703 [Party] Player "MGM_762" (id=6CBOabJUM7Qqd7NEG4Do-ueQ7Uqvietj4ODcWmz64j4=) joinded the party "OSS" (id=0 ownerUID=_i471QtP-cQO7LGlvQxSkkb6U2OdaENSi4dYAnCjv04= ownerName=NOVAKILLSFORYOU)
19:17:49.734 [Expansion Quests] - InitQuestSystemClient - Loaded existing player quest data for player with UID: 6CBOabJUM7Qqd7NEG4Do-ueQ7Uqvietj4ODcWmz64j4=
19:17:49.734 [Expansion Quests] - LoadGroupQuestData - Got cached group quest data for group with ID: 0
19:17:49.734 [Expansion Quests] - Create new quest instance for quest: 8 - Player UID: 6CBOabJUM7Qqd7NEG4Do-ueQ7Uqvietj4ODcWmz64j4=
19:17:49.734 [Expansion Quests] - Create new quest instance for quest: 9 - Player UID: 6CBOabJUM7Qqd7NEG4Do-ueQ7Uqvietj4ODcWmz64j4=
19:17:49.734 [Expansion Quests] - Create new quest instance for quest: 11 - Player UID: 6CBOabJUM7Qqd7NEG4Do-ueQ7Uqvietj4ODcWmz64j4=
19:17:50.445 [Expansion Quests] - LoadGroupQuestData - Got cached group quest data for group with ID: 0
19:24:12.984 [MissionAirdrop] An airdrop is heading towards "Greenville" (pos=<4658.000000, 0.000000, 1414.000000> type=Random_Greenville) with a ExpansionAirdropContainer_Military
19:30:46.601 [VirtualGarage] Player "NOVAKILLSFORYOU" (id=_i471QtP-cQO7LGlvQxSkkb6U2OdaENSi4dYAnCjv04= pos=<3206.871338, 1.796057, 1651.165405>) retrieved a vehicle "ExpansionUAZCargoRoofless" (GlobalID=80000000800000008000000080004455 pos=<3195.929932, 2.528124, 1664.881226>)
19:31:11.242 [VehicleEnter] Player NOVAKILLSFORYOU [uid=_i471QtP-cQO7LGlvQxSkkb6U2OdaENSi4dYAnCjv04=] entered vehicle UAZ 469 Cargo Roofless (id=6A2521526C422ECB89FD13AF12CA4695 pos=<3195.929932, 2.528123, 1664.881226>) as driver
19:31:15.234 [VehicleEnter] Player MGM_762 [uid=6CBOabJUM7Qqd7NEG4Do-ueQ7Uqvietj4ODcWmz64j4=] entered vehicle UAZ 469 Cargo Roofless (id=6A2521526C422ECB89FD13AF12CA4695 pos=<3195.930176, 2.528125, 1664.881226>) as passenger
19:31:20.062 [VehicleLeave] Player NOVAKILLSFORYOU [uid=_i471QtP-cQO7LGlvQxSkkb6U2OdaENSi4dYAnCjv04=] left vehicle UAZ 469 Cargo Roofless (id=6A2521526C422ECB89FD13AF12CA4695 pos=<3195.929932, 2.528123, 1664.881226>)
19:31:32.671 [VehicleLeave] Player MGM_762 [uid=6CBOabJUM7Qqd7NEG4Do-ueQ7Uqvietj4ODcWmz64j4=] left vehicle UAZ 469 Cargo Roofless (id=6A2521526C422ECB89FD13AF12CA4695 pos=<3195.929932, 2.528123, 1664.881226>)
19:31:38.875 [VehicleEnter] Player NOVAKILLSFORYOU [uid=_i471QtP-cQO7LGlvQxSkkb6U2OdaENSi4dYAnCjv04=] entered vehicle UAZ 469 Cargo Roofless (id=6A2521526C422ECB89FD13AF12CA4695 pos=<3195.930176, 2.528124, 1664.881226>) as driver
19:31:44.234 [VehicleEnter] Player MGM_762 [uid=6CBOabJUM7Qqd7NEG4Do-ueQ7Uqvietj4ODcWmz64j4=] entered vehicle UAZ 469 Cargo Roofless (id=6A2521526C422ECB89FD13AF12CA4695 pos=<3195.929932, 2.528119, 1664.881226>) as passenger
19:31:45.531 [VehicleEngine] Player NOVAKILLSFORYOU [uid=_i471QtP-cQO7LGlvQxSkkb6U2OdaENSi4dYAnCjv04=] started vehicle UAZ 469 Cargo Roofless (id=6A2521526C422ECB89FD13AF12CA4695 pos=<3195.929932, 2.528119, 1664.881226>)
19:39:10.921 [Safezone] Player "MGM_762" (id=6CBOabJUM7Qqd7NEG4Do-ueQ7Uqvietj4ODcWmz64j4= pos=<7715.207031, 44.493580, 4562.695313>) Entered the safezone
19:39:10.921 [Safezone] Player "NOVAKILLSFORYOU" (id=_i471QtP-cQO7LGlvQxSkkb6U2OdaENSi4dYAnCjv04= pos=<7714.391602, 44.501652, 4562.399414>) Entered the safezone
19:40:04.820 [VehicleEngine] Player NOVAKILLSFORYOU [uid=_i471QtP-cQO7LGlvQxSkkb6U2OdaENSi4dYAnCjv04=] stopped vehicle UAZ 469 Cargo Roofless (id=6A2521526C422ECB89FD13AF12CA4695 pos=<7551.150879, 87.674957, 4594.441895>)
19:40:05.062 [VehicleLeave] Player MGM_762 [uid=6CBOabJUM7Qqd7NEG4Do-ueQ7Uqvietj4ODcWmz64j4=] left vehicle UAZ 469 Cargo Roofless (id=6A2521526C422ECB89FD13AF12CA4695 pos=<7551.150879, 87.674957, 4594.441895>)
19:40:07.257 [VehicleLeave] Player NOVAKILLSFORYOU [uid=_i471QtP-cQO7LGlvQxSkkb6U2OdaENSi4dYAnCjv04=] left vehicle UAZ 469 Cargo Roofless (id=6A2521526C422ECB89FD13AF12CA4695 pos=<7551.150391, 87.674957, 4594.441895>)
19:41:00.343 [ATM] Player "NOVAKILLSFORYOU" (id=_i471QtP-cQO7LGlvQxSkkb6U2OdaENSi4dYAnCjv04=) has withdrawn 437876 from his ATM account.
19:41:20.554 [Market] Player "NOVAKILLSFORYOU" (id=_i471QtP-cQO7LGlvQxSkkb6U2OdaENSi4dYAnCjv04=) has send a requested to purchase carradiator x1 from the trader "Vehicle_Parts (Oliver [#STR_EXPANSION_MARKET_TRADER_VEHICLE_PARTS])" in market zone "The Hill" (pos=<7529.135742, 89.198120, 4610.044922>).
19:41:20.617 [Market] Player "NOVAKILLSFORYOU" (id=_i471QtP-cQO7LGlvQxSkkb6U2OdaENSi4dYAnCjv04=) has bought carradiator x1 from the trader "Vehicle_Parts (Oliver [#STR_EXPANSION_MARKET_TRADER_VEHICLE_PARTS])" in market zone "The Hill" (pos=<7529.135742, 89.198120, 4610.044922>) for a price of 200.
19:41:24.171 [Market] Player "NOVAKILLSFORYOU" (id=_i471QtP-cQO7LGlvQxSkkb6U2OdaENSi4dYAnCjv04=) has send a requested to purchase headlighth7_box x1 from the trader "Vehicle_Parts (Oliver [#STR_EXPANSION_MARKET_TRADER_VEHICLE_PARTS])" in market zone "The Hill" (pos=<7529.135742, 89.198120, 4610.044922>).
19:41:24.257 [Market] Player "NOVAKILLSFORYOU" (id=_i471QtP-cQO7LGlvQxSkkb6U2OdaENSi4dYAnCjv04=) has bought headlighth7_box x1 from the trader "Vehicle_Parts (Oliver [#STR_EXPANSION_MARKET_TRADER_VEHICLE_PARTS])" in market zone "The Hill" (pos=<7529.135742, 89.198120, 4610.044922>) for a price of 30.
19:41:24.601 [Market] Player "NOVAKILLSFORYOU" (id=_i471QtP-cQO7LGlvQxSkkb6U2OdaENSi4dYAnCjv04=) has send a requested to purchase headlighth7_box x1 from the trader "Vehicle_Parts (Oliver [#STR_EXPANSION_MARKET_TRADER_VEHICLE_PARTS])" in market zone "The Hill" (pos=<7529.135742, 89.198120, 4610.044922>).
19:41:24.656 [Market] Player "NOVAKILLSFORYOU" (id=_i471QtP-cQO7LGlvQxSkkb6U2OdaENSi4dYAnCjv04=) has bought headlighth7_box x1 from the trader "Vehicle_Parts (Oliver [#STR_EXPANSION_MARKET_TRADER_VEHICLE_PARTS])" in market zone "The Hill" (pos=<7529.135742, 89.198120, 4610.044922>) for a price of 30.
19:41:44.968 [Market] Player "NOVAKILLSFORYOU" (id=_i471QtP-cQO7LGlvQxSkkb6U2OdaENSi4dYAnCjv04=) has send a requested to purchase tirerepairkit x1 from the trader "Vehicle_Parts (Oliver [#STR_EXPANSION_MARKET_TRADER_VEHICLE_PARTS])" in market zone "The Hill" (pos=<7529.135742, 89.198120, 4610.044922>).
19:41:45.015 [Market] Player "NOVAKILLSFORYOU" (id=_i471QtP-cQO7LGlvQxSkkb6U2OdaENSi4dYAnCjv04=) has bought tirerepairkit x1 from the trader "Vehicle_Parts (Oliver [#STR_EXPANSION_MARKET_TRADER_VEHICLE_PARTS])" in market zone "The Hill" (pos=<7529.135742, 89.198120, 4610.044922>) for a price of 220.
19:42:06.390 [Market] Player "NOVAKILLSFORYOU" (id=_i471QtP-cQO7LGlvQxSkkb6U2OdaENSi4dYAnCjv04=) has send a requested to purchase bz_pot x1 from the trader "Special (Indar [#STR_EXPANSION_MARKET_TRADER_SPECIAL])" in market zone "The Hill" (pos=<7529.135742, 89.198120, 4610.044922>).
19:42:06.445 [Market] Player "NOVAKILLSFORYOU" (id=_i471QtP-cQO7LGlvQxSkkb6U2OdaENSi4dYAnCjv04=) has bought bz_pot x1 from the trader "Special (Indar [#STR_EXPANSION_MARKET_TRADER_SPECIAL])" in market zone "The Hill" (pos=<7529.135742, 89.198120, 4610.044922>) for a price of 5000.
19:42:06.718 [Market] Player "NOVAKILLSFORYOU" (id=_i471QtP-cQO7LGlvQxSkkb6U2OdaENSi4dYAnCjv04=) has send a requested to purchase bz_pot x1 from the trader "Special (Indar [#STR_EXPANSION_MARKET_TRADER_SPECIAL])" in market zone "The Hill" (pos=<7529.135742, 89.198120, 4610.044922>).
19:42:06.781 [Market] Player "NOVAKILLSFORYOU" (id=_i471QtP-cQO7LGlvQxSkkb6U2OdaENSi4dYAnCjv04=) has bought bz_pot x1 from the trader "Special (Indar [#STR_EXPANSION_MARKET_TRADER_SPECIAL])" in market zone "The Hill" (pos=<7529.135742, 89.198120, 4610.044922>) for a price of 5000.
19:42:26.187 [Market] Player "MGM_762" (id=6CBOabJUM7Qqd7NEG4Do-ueQ7Uqvietj4ODcWmz64j4=) has send a requested to purchase snafu_scarh_100rnd_mag_black x1 from the trader "Attachments (Seth [#STR_EXPANSION_MARKET_TRADER_ATTACHMENTS])" in market zone "The Hill" (pos=<7529.135742, 89.198120, 4610.044922>).
19:42:26.296 [Market] Player "MGM_762" (id=6CBOabJUM7Qqd7NEG4Do-ueQ7Uqvietj4ODcWmz64j4=) has bought snafu_scarh_100rnd_mag_black x1 from the trader "Attachments (Seth [#STR_EXPANSION_MARKET_TRADER_ATTACHMENTS])" in market zone "The Hill" (pos=<7529.135742, 89.198120, 4610.044922>) for a price of 600.
19:45:02.015 [Market] Player "NOVAKILLSFORYOU" (id=_i471QtP-cQO7LGlvQxSkkb6U2OdaENSi4dYAnCjv04=) has send a requested to purchase bz_pot x1 from the trader "Special (Indar [#STR_EXPANSION_MARKET_TRADER_SPECIAL])" in market zone "The Hill" (pos=<7529.135742, 89.198120, 4610.044922>).
19:45:02.109 [Market] Player "NOVAKILLSFORYOU" (id=_i471QtP-cQO7LGlvQxSkkb6U2OdaENSi4dYAnCjv04=) has bought bz_pot x1 from the trader "Special (Indar [#STR_EXPANSION_MARKET_TRADER_SPECIAL])" in market zone "The Hill" (pos=<7529.135742, 89.198120, 4610.044922>) for a price of 5000.
19:45:23.898 [Market] Player "MGM_762" (id=6CBOabJUM7Qqd7NEG4Do-ueQ7Uqvietj4ODcWmz64j4=) has send a requested to sell snafu_bmag300_black x1 at the trader "Attachments (Seth [#STR_EXPANSION_MARKET_TRADER_ATTACHMENTS])" in market zone "The Hill" (pos=<7529.135742, 89.198120, 4610.044922>).
19:45:24.015 [Market] Player "MGM_762" (id=6CBOabJUM7Qqd7NEG4Do-ueQ7Uqvietj4ODcWmz64j4=) has sold snafu_bmag300_black x1 at the trader "Attachments (Seth [#STR_EXPANSION_MARKET_TRADER_ATTACHMENTS])" in market zone "The Hill" (pos=<7529.135742, 89.198120, 4610.044922>) and got 600.
19:45:24.609 [Market] Player "MGM_762" (id=6CBOabJUM7Qqd7NEG4Do-ueQ7Uqvietj4ODcWmz64j4=) has send a requested to sell snafu_bmag300_black x1 at the trader "Attachments (Seth [#STR_EXPANSION_MARKET_TRADER_ATTACHMENTS])" in market zone "The Hill" (pos=<7529.135742, 89.198120, 4610.044922>).
19:45:24.734 [Market] Player "MGM_762" (id=6CBOabJUM7Qqd7NEG4Do-ueQ7Uqvietj4ODcWmz64j4=) has sold snafu_bmag300_black x1 at the trader "Attachments (Seth [#STR_EXPANSION_MARKET_TRADER_ATTACHMENTS])" in market zone "The Hill" (pos=<7529.135742, 89.198120, 4610.044922>) and got 600.
19:45:25.460 [Market] Player "MGM_762" (id=6CBOabJUM7Qqd7NEG4Do-ueQ7Uqvietj4ODcWmz64j4=) has send a requested to sell snafu_bmag300_black x1 at the trader "Attachments (Seth [#STR_EXPANSION_MARKET_TRADER_ATTACHMENTS])" in market zone "The Hill" (pos=<7529.135742, 89.198120, 4610.044922>).
19:45:25.570 [Market] Player "MGM_762" (id=6CBOabJUM7Qqd7NEG4Do-ueQ7Uqvietj4ODcWmz64j4=) has sold snafu_bmag300_black x1 at the trader "Attachments (Seth [#STR_EXPANSION_MARKET_TRADER_ATTACHMENTS])" in market zone "The Hill" (pos=<7529.135742, 89.198120, 4610.044922>) and got 600.
19:45:26.359 [Market] Player "MGM_762" (id=6CBOabJUM7Qqd7NEG4Do-ueQ7Uqvietj4ODcWmz64j4=) has send a requested to sell snafu_bmag300_black x1 at the trader "Attachments (Seth [#STR_EXPANSION_MARKET_TRADER_ATTACHMENTS])" in market zone "The Hill" (pos=<7529.135742, 89.198120, 4610.044922>).
19:45:26.437 [Market] Player "MGM_762" (id=6CBOabJUM7Qqd7NEG4Do-ueQ7Uqvietj4ODcWmz64j4=) has sold snafu_bmag300_black x1 at the trader "Attachments (Seth [#STR_EXPANSION_MARKET_TRADER_ATTACHMENTS])" in market zone "The Hill" (pos=<7529.135742, 89.198120, 4610.044922>) and got 600.
19:45:30.421 [Market] Player "MGM_762" (id=6CBOabJUM7Qqd7NEG4Do-ueQ7Uqvietj4ODcWmz64j4=) has send a requested to purchase snafu_bmag300_tan x1 from the trader "Attachments (Seth [#STR_EXPANSION_MARKET_TRADER_ATTACHMENTS])" in market zone "The Hill" (pos=<7529.135742, 89.198120, 4610.044922>).
19:45:30.531 [Market] Player "MGM_762" (id=6CBOabJUM7Qqd7NEG4Do-ueQ7Uqvietj4ODcWmz64j4=) has bought snafu_bmag300_tan x1 from the trader "Attachments (Seth [#STR_EXPANSION_MARKET_TRADER_ATTACHMENTS])" in market zone "The Hill" (pos=<7529.135742, 89.198120, 4610.044922>) for a price of 800.
19:45:31.257 [Market] Player "MGM_762" (id=6CBOabJUM7Qqd7NEG4Do-ueQ7Uqvietj4ODcWmz64j4=) has send a requested to purchase snafu_bmag300_tan x1 from the trader "Attachments (Seth [#STR_EXPANSION_MARKET_TRADER_ATTACHMENTS])" in market zone "The Hill" (pos=<7529.135742, 89.198120, 4610.044922>).
19:45:31.375 [Market] Player "MGM_762" (id=6CBOabJUM7Qqd7NEG4Do-ueQ7Uqvietj4ODcWmz64j4=) has bought snafu_bmag300_tan x1 from the trader "Attachments (Seth [#STR_EXPANSION_MARKET_TRADER_ATTACHMENTS])" in market zone "The Hill" (pos=<7529.135742, 89.198120, 4610.044922>) for a price of 800.
19:50:01.500 [Market] Player "MGM_762" (id=6CBOabJUM7Qqd7NEG4Do-ueQ7Uqvietj4ODcWmz64j4=) has send a requested to sell snafu_rpk16_tan_mag x1 at the trader "Attachments (Seth [#STR_EXPANSION_MARKET_TRADER_ATTACHMENTS])" in market zone "The Hill" (pos=<7529.135742, 89.198120, 4610.044922>).
19:50:01.593 [Market] Player "MGM_762" (id=6CBOabJUM7Qqd7NEG4Do-ueQ7Uqvietj4ODcWmz64j4=) has sold snafu_rpk16_tan_mag x1 at the trader "Attachments (Seth [#STR_EXPANSION_MARKET_TRADER_ATTACHMENTS])" in market zone "The Hill" (pos=<7529.135742, 89.198120, 4610.044922>) and got 375.
19:50:06.562 [Market] Player "MGM_762" (id=6CBOabJUM7Qqd7NEG4Do-ueQ7Uqvietj4ODcWmz64j4=) has send a requested to purchase snafu_rpk16_green_mag x1 from the trader "Attachments (Seth [#STR_EXPANSION_MARKET_TRADER_ATTACHMENTS])" in market zone "The Hill" (pos=<7529.135742, 89.198120, 4610.044922>).
19:50:06.671 [Market] Player "MGM_762" (id=6CBOabJUM7Qqd7NEG4Do-ueQ7Uqvietj4ODcWmz64j4=) has bought snafu_rpk16_green_mag x1 from the trader "Attachments (Seth [#STR_EXPANSION_MARKET_TRADER_ATTACHMENTS])" in market zone "The Hill" (pos=<7529.135742, 89.198120, 4610.044922>) for a price of 550.
19:50:13.132 [Market] Player "MGM_762" (id=6CBOabJUM7Qqd7NEG4Do-ueQ7Uqvietj4ODcWmz64j4=) has send a requested to purchase snafu_scarh_100rnd_mag_black x1 from the trader "Attachments (Seth [#STR_EXPANSION_MARKET_TRADER_ATTACHMENTS])" in market zone "The Hill" (pos=<7529.135742, 89.198120, 4610.044922>).
19:50:13.265 [Market] Player "MGM_762" (id=6CBOabJUM7Qqd7NEG4Do-ueQ7Uqvietj4ODcWmz64j4=) has bought snafu_scarh_100rnd_mag_black x1 from the trader "Attachments (Seth [#STR_EXPANSION_MARKET_TRADER_ATTACHMENTS])" in market zone "The Hill" (pos=<7529.135742, 89.198120, 4610.044922>) for a price of 600.
19:51:08.601 [ATM] Player "NOVAKILLSFORYOU" (id=_i471QtP-cQO7LGlvQxSkkb6U2OdaENSi4dYAnCjv04=) has deposited 422396 on his ATM account.
19:52:26.515 [VehicleEnter] Player NOVAKILLSFORYOU [uid=_i471QtP-cQO7LGlvQxSkkb6U2OdaENSi4dYAnCjv04=] entered vehicle UAZ 469 Cargo Roofless (id=6A2521526C422ECB89FD13AF12CA4695 pos=<7551.150879, 87.674957, 4594.441895>) as passenger
19:52:43.882 [Market] Player "MGM_762" (id=6CBOabJUM7Qqd7NEG4Do-ueQ7Uqvietj4ODcWmz64j4=) has send a requested to sell snafu_rpk16_black_mag x1 at the trader "Attachments (Seth [#STR_EXPANSION_MARKET_TRADER_ATTACHMENTS])" in market zone "The Hill" (pos=<7529.135742, 89.198120, 4610.044922>).
19:52:44.000 [Market] Player "MGM_762" (id=6CBOabJUM7Qqd7NEG4Do-ueQ7Uqvietj4ODcWmz64j4=) has sold snafu_rpk16_black_mag x1 at the trader "Attachments (Seth [#STR_EXPANSION_MARKET_TRADER_ATTACHMENTS])" in market zone "The Hill" (pos=<7529.135742, 89.198120, 4610.044922>) and got 375.
19:52:45.984 [Market] Player "MGM_762" (id=6CBOabJUM7Qqd7NEG4Do-ueQ7Uqvietj4ODcWmz64j4=) has send a requested to purchase snafu_rpk16_green_mag x1 from the trader "Attachments (Seth [#STR_EXPANSION_MARKET_TRADER_ATTACHMENTS])" in market zone "The Hill" (pos=<7529.135742, 89.198120, 4610.044922>).
19:52:46.093 [Market] Player "MGM_762" (id=6CBOabJUM7Qqd7NEG4Do-ueQ7Uqvietj4ODcWmz64j4=) has bought snafu_rpk16_green_mag x1 from the trader "Attachments (Seth [#STR_EXPANSION_MARKET_TRADER_ATTACHMENTS])" in market zone "The Hill" (pos=<7529.135742, 89.198120, 4610.044922>) for a price of 550.
19:54:25.281 [Market] Player "MGM_762" (id=6CBOabJUM7Qqd7NEG4Do-ueQ7Uqvietj4ODcWmz64j4=) has send a requested to sell snafu_rpk16_black_mag x1 at the trader "Attachments (Seth [#STR_EXPANSION_MARKET_TRADER_ATTACHMENTS])" in market zone "The Hill" (pos=<7529.135742, 89.198120, 4610.044922>).
19:54:25.398 [Market] Player "MGM_762" (id=6CBOabJUM7Qqd7NEG4Do-ueQ7Uqvietj4ODcWmz64j4=) has sold snafu_rpk16_black_mag x1 at the trader "Attachments (Seth [#STR_EXPANSION_MARKET_TRADER_ATTACHMENTS])" in market zone "The Hill" (pos=<7529.135742, 89.198120, 4610.044922>) and got 375.
19:54:29.375 [Market] Player "MGM_762" (id=6CBOabJUM7Qqd7NEG4Do-ueQ7Uqvietj4ODcWmz64j4=) has send a requested to purchase snafu_rpk16_green_mag x1 from the trader "Attachments (Seth [#STR_EXPANSION_MARKET_TRADER_ATTACHMENTS])" in market zone "The Hill" (pos=<7529.135742, 89.198120, 4610.044922>).
19:54:29.468 [Market] Player "MGM_762" (id=6CBOabJUM7Qqd7NEG4Do-ueQ7Uqvietj4ODcWmz64j4=) has bought snafu_rpk16_green_mag x1 from the trader "Attachments (Seth [#STR_EXPANSION_MARKET_TRADER_ATTACHMENTS])" in market zone "The Hill" (pos=<7529.135742, 89.198120, 4610.044922>) for a price of 550.
20:00:09.562 [Market] Player "MGM_762" (id=6CBOabJUM7Qqd7NEG4Do-ueQ7Uqvietj4ODcWmz64j4=) has send a requested to purchase ammo_308win x500 from the trader "Attachments (Seth [#STR_EXPANSION_MARKET_TRADER_ATTACHMENTS])" in market zone "The Hill" (pos=<7529.135742, 89.198120, 4610.044922>).
20:00:09.687 [Market] Player "MGM_762" (id=6CBOabJUM7Qqd7NEG4Do-ueQ7Uqvietj4ODcWmz64j4=) has bought ammo_308win x500 from the trader "Attachments (Seth [#STR_EXPANSION_MARKET_TRADER_ATTACHMENTS])" in market zone "The Hill" (pos=<7529.135742, 89.198120, 4610.044922>) for a price of 1000.
20:12:57.781 [Market] Player "MGM_762" (id=6CBOabJUM7Qqd7NEG4Do-ueQ7Uqvietj4ODcWmz64j4=) has send a requested to sell bz_tropic_bag x1 at the trader "Clothing_Accessories (Maria [#STR_EXPANSION_MARKET_TRADER_CLOTHING_ACCESSORIES])" in market zone "The Hill" (pos=<7529.135742, 89.198120, 4610.044922>).
20:12:57.890 [Market] Player "MGM_762" (id=6CBOabJUM7Qqd7NEG4Do-ueQ7Uqvietj4ODcWmz64j4=) has sold bz_tropic_bag x1 at the trader "Clothing_Accessories (Maria [#STR_EXPANSION_MARKET_TRADER_CLOTHING_ACCESSORIES])" in market zone "The Hill" (pos=<7529.135742, 89.198120, 4610.044922>) and got 3500.
20:13:01.015 [Market] Player "MGM_762" (id=6CBOabJUM7Qqd7NEG4Do-ueQ7Uqvietj4ODcWmz64j4=) has send a requested to sell bz_beaniehat_future x1 at the trader "Clothing_Accessories (Maria [#STR_EXPANSION_MARKET_TRADER_CLOTHING_ACCESSORIES])" in market zone "The Hill" (pos=<7529.135742, 89.198120, 4610.044922>).
20:13:01.156 [Market] Player "MGM_762" (id=6CBOabJUM7Qqd7NEG4Do-ueQ7Uqvietj4ODcWmz64j4=) has sold bz_beaniehat_future x1 at the trader "Clothing_Accessories (Maria [#STR_EXPANSION_MARKET_TRADER_CLOTHING_ACCESSORIES])" in market zone "The Hill" (pos=<7529.135742, 89.198120, 4610.044922>) and got 3000.
20:13:09.140 [Market] Player "MGM_762" (id=6CBOabJUM7Qqd7NEG4Do-ueQ7Uqvietj4ODcWmz64j4=) has send a requested to sell bz_tacthelmet_ls x1 at the trader "Clothing_Accessories (Maria [#STR_EXPANSION_MARKET_TRADER_CLOTHING_ACCESSORIES])" in market zone "The Hill" (pos=<7529.135742, 89.198120, 4610.044922>).
20:13:09.250 [Market] Player "MGM_762" (id=6CBOabJUM7Qqd7NEG4Do-ueQ7Uqvietj4ODcWmz64j4=) has sold bz_tacthelmet_ls x1 at the trader "Clothing_Accessories (Maria [#STR_EXPANSION_MARKET_TRADER_CLOTHING_ACCESSORIES])" in market zone "The Hill" (pos=<7529.135742, 89.198120, 4610.044922>) and got 1500.
20:13:16.312 [Market] Player "MGM_762" (id=6CBOabJUM7Qqd7NEG4Do-ueQ7Uqvietj4ODcWmz64j4=) has send a requested to sell bz_vest_heineken x1 at the trader "Clothing_Accessories (Maria [#STR_EXPANSION_MARKET_TRADER_CLOTHING_ACCESSORIES])" in market zone "The Hill" (pos=<7529.135742, 89.198120, 4610.044922>).
20:13:16.421 [Market] Player "MGM_762" (id=6CBOabJUM7Qqd7NEG4Do-ueQ7Uqvietj4ODcWmz64j4=) has sold bz_vest_heineken x1 at the trader "Clothing_Accessories (Maria [#STR_EXPANSION_MARKET_TRADER_CLOTHING_ACCESSORIES])" in market zone "The Hill" (pos=<7529.135742, 89.198120, 4610.044922>) and got 2125.
20:14:11.718 [Market] Player "MGM_762" (id=6CBOabJUM7Qqd7NEG4Do-ueQ7Uqvietj4ODcWmz64j4=) has send a requested to purchase snafu_50bmg_suppressor_w x1 from the trader "Attachments (Seth [#STR_EXPANSION_MARKET_TRADER_ATTACHMENTS])" in market zone "The Hill" (pos=<7529.135742, 89.198120, 4610.044922>).
20:14:11.843 [Market] Player "MGM_762" (id=6CBOabJUM7Qqd7NEG4Do-ueQ7Uqvietj4ODcWmz64j4=) has bought snafu_50bmg_suppressor_w x1 from the trader "Attachments (Seth [#STR_EXPANSION_MARKET_TRADER_ATTACHMENTS])" in market zone "The Hill" (pos=<7529.135742, 89.198120, 4610.044922>) for a price of 400.
20:15:31.953 [Market] Player "MGM_762" (id=6CBOabJUM7Qqd7NEG4Do-ueQ7Uqvietj4ODcWmz64j4=) has send a requested to sell bz_wtiger_top x1 at the trader "Clothing (Quinn [#STR_EXPANSION_MARKET_TRADER_CLOTHING])" in market zone "The Hill" (pos=<7529.135742, 89.198120, 4610.044922>).
20:15:32.062 [Market] Player "MGM_762" (id=6CBOabJUM7Qqd7NEG4Do-ueQ7Uqvietj4ODcWmz64j4=) has sold bz_wtiger_top x1 at the trader "Clothing (Quinn [#STR_EXPANSION_MARKET_TRADER_CLOTHING])" in market zone "The Hill" (pos=<7529.135742, 89.198120, 4610.044922>) and got 7000.
20:15:39.179 [Market] Player "MGM_762" (id=6CBOabJUM7Qqd7NEG4Do-ueQ7Uqvietj4ODcWmz64j4=) has send a requested to sell bz_leggings_aquahemp x1 at the trader "Clothing (Quinn [#STR_EXPANSION_MARKET_TRADER_CLOTHING])" in market zone "The Hill" (pos=<7529.135742, 89.198120, 4610.044922>).
20:15:39.320 [Market] Player "MGM_762" (id=6CBOabJUM7Qqd7NEG4Do-ueQ7Uqvietj4ODcWmz64j4=) has sold bz_leggings_aquahemp x1 at the trader "Clothing (Quinn [#STR_EXPANSION_MARKET_TRADER_CLOTHING])" in market zone "The Hill" (pos=<7529.135742, 89.198120, 4610.044922>) and got 6375.
20:15:53.375 [ATM] Player "MGM_762" (id=6CBOabJUM7Qqd7NEG4Do-ueQ7Uqvietj4ODcWmz64j4=) has deposited 58669 on his ATM account.
20:16:02.234 [ATM] Player "MGM_762" (id=6CBOabJUM7Qqd7NEG4Do-ueQ7Uqvietj4ODcWmz64j4=) has withdrawn 25000 from his ATM account.
20:16:22.937 [Party] Player "1DEADMANWALKIN" (id=zvk4zPulP_yUuFMB-icYMa26l-1hJKZFlbgWP-FPOcg=) joinded the party "OSS" (id=0 ownerUID=_i471QtP-cQO7LGlvQxSkkb6U2OdaENSi4dYAnCjv04= ownerName=NOVAKILLSFORYOU)
20:16:22.968 [Expansion Quests] - InitQuestSystemClient - Loaded existing player quest data for player with UID: zvk4zPulP_yUuFMB-icYMa26l-1hJKZFlbgWP-FPOcg=
20:16:22.968 [Expansion Quests] - LoadGroupQuestData - Got cached group quest data for group with ID: 0
20:16:22.968 [Expansion Quests] - Create new quest instance for quest: 8 - Player UID: zvk4zPulP_yUuFMB-icYMa26l-1hJKZFlbgWP-FPOcg=
20:16:22.968 [Expansion Quests] - Create new quest instance for quest: 9 - Player UID: zvk4zPulP_yUuFMB-icYMa26l-1hJKZFlbgWP-FPOcg=
20:16:22.968 [Expansion Quests] - Create new quest instance for quest: 11 - Player UID: zvk4zPulP_yUuFMB-icYMa26l-1hJKZFlbgWP-FPOcg=
20:16:23.671 [Expansion Quests] - LoadGroupQuestData - Got cached group quest data for group with ID: 0
20:17:53.265 [Market] Player "MGM_762" (id=6CBOabJUM7Qqd7NEG4Do-ueQ7Uqvietj4ODcWmz64j4=) has send a requested to purchase weaponcleaningkit x1 from the trader "Components (Peter [#STR_EXPANSION_MARKET_TRADER_COMPONENTS])" in market zone "The Hill" (pos=<7529.135742, 89.198120, 4610.044922>).
20:17:53.359 [Market] Player "MGM_762" (id=6CBOabJUM7Qqd7NEG4Do-ueQ7Uqvietj4ODcWmz64j4=) has bought weaponcleaningkit x1 from the trader "Components (Peter [#STR_EXPANSION_MARKET_TRADER_COMPONENTS])" in market zone "The Hill" (pos=<7529.135742, 89.198120, 4610.044922>) for a price of 8.
20:18:58.140 [Market] Player "MGM_762" (id=6CBOabJUM7Qqd7NEG4Do-ueQ7Uqvietj4ODcWmz64j4=) has send a requested to purchase burlapsack x1 from the trader "Components (Peter [#STR_EXPANSION_MARKET_TRADER_COMPONENTS])" in market zone "The Hill" (pos=<7529.135742, 89.198120, 4610.044922>).
20:18:58.265 [Market] Player "MGM_762" (id=6CBOabJUM7Qqd7NEG4Do-ueQ7Uqvietj4ODcWmz64j4=) has bought burlapsack x1 from the trader "Components (Peter [#STR_EXPANSION_MARKET_TRADER_COMPONENTS])" in market zone "The Hill" (pos=<7529.135742, 89.198120, 4610.044922>) for a price of 50.
20:18:58.734 [Market] Player "MGM_762" (id=6CBOabJUM7Qqd7NEG4Do-ueQ7Uqvietj4ODcWmz64j4=) has send a requested to purchase burlapsack x1 from the trader "Components (Peter [#STR_EXPANSION_MARKET_TRADER_COMPONENTS])" in market zone "The Hill" (pos=<7529.135742, 89.198120, 4610.044922>).
20:18:58.843 [Market] Player "MGM_762" (id=6CBOabJUM7Qqd7NEG4Do-ueQ7Uqvietj4ODcWmz64j4=) has bought burlapsack x1 from the trader "Components (Peter [#STR_EXPANSION_MARKET_TRADER_COMPONENTS])" in market zone "The Hill" (pos=<7529.135742, 89.198120, 4610.044922>) for a price of 50.
20:19:01.718 [Market] Player "MGM_762" (id=6CBOabJUM7Qqd7NEG4Do-ueQ7Uqvietj4ODcWmz64j4=) has send a requested to purchase netting x1 from the trader "Components (Peter [#STR_EXPANSION_MARKET_TRADER_COMPONENTS])" in market zone "The Hill" (pos=<7529.135742, 89.198120, 4610.044922>).
20:19:01.796 [Market] Player "MGM_762" (id=6CBOabJUM7Qqd7NEG4Do-ueQ7Uqvietj4ODcWmz64j4=) has bought netting x1 from the trader "Components (Peter [#STR_EXPANSION_MARKET_TRADER_COMPONENTS])" in market zone "The Hill" (pos=<7529.135742, 89.198120, 4610.044922>) for a price of 50.
20:19:02.296 [Market] Player "MGM_762" (id=6CBOabJUM7Qqd7NEG4Do-ueQ7Uqvietj4ODcWmz64j4=) has send a requested to purchase netting x1 from the trader "Components (Peter [#STR_EXPANSION_MARKET_TRADER_COMPONENTS])" in market zone "The Hill" (pos=<7529.135742, 89.198120, 4610.044922>).
20:19:02.414 [Market] Player "MGM_762" (id=6CBOabJUM7Qqd7NEG4Do-ueQ7Uqvietj4ODcWmz64j4=) has bought netting x1 from the trader "Components (Peter [#STR_EXPANSION_MARKET_TRADER_COMPONENTS])" in market zone "The Hill" (pos=<7529.135742, 89.198120, 4610.044922>) for a price of 50.
20:19:48.765 [VehicleLeave] Player NOVAKILLSFORYOU [uid=_i471QtP-cQO7LGlvQxSkkb6U2OdaENSi4dYAnCjv04=] left vehicle UAZ 469 Cargo Roofless (id=6A2521526C422ECB89FD13AF12CA4695 pos=<7551.150879, 87.674957, 4594.441895>)
20:21:25.546 [VehicleEnter] Player NOVAKILLSFORYOU [uid=_i471QtP-cQO7LGlvQxSkkb6U2OdaENSi4dYAnCjv04=] entered vehicle UAZ 469 Cargo Roofless (id=6A2521526C422ECB89FD13AF12CA4695 pos=<7551.150391, 87.674957, 4594.441895>) as driver
20:21:35.281 [VehicleEnter] Player MGM_762 [uid=6CBOabJUM7Qqd7NEG4Do-ueQ7Uqvietj4ODcWmz64j4=] entered vehicle UAZ 469 Cargo Roofless (id=6A2521526C422ECB89FD13AF12CA4695 pos=<7551.150391, 87.674965, 4594.441895>) as passenger
20:21:49.664 [VehicleLeave] Player NOVAKILLSFORYOU [uid=_i471QtP-cQO7LGlvQxSkkb6U2OdaENSi4dYAnCjv04=] left vehicle UAZ 469 Cargo Roofless (id=6A2521526C422ECB89FD13AF12CA4695 pos=<7551.150391, 87.674957, 4594.441895>)
20:21:57.875 [VehicleEnter] Player NOVAKILLSFORYOU [uid=_i471QtP-cQO7LGlvQxSkkb6U2OdaENSi4dYAnCjv04=] entered vehicle UAZ 469 Cargo Roofless (id=6A2521526C422ECB89FD13AF12CA4695 pos=<7551.150879, 87.674957, 4594.441895>) as driver
20:22:10.554 [VehicleEngine] Player NOVAKILLSFORYOU [uid=_i471QtP-cQO7LGlvQxSkkb6U2OdaENSi4dYAnCjv04=] started vehicle UAZ 469 Cargo Roofless (id=6A2521526C422ECB89FD13AF12CA4695 pos=<7551.150391, 87.674965, 4594.441895>)
20:23:22.796 [Safezone] Player "MGM_762" (id=6CBOabJUM7Qqd7NEG4Do-ueQ7Uqvietj4ODcWmz64j4= pos=<7857.424316, 27.874569, 4415.500488>) Left the safezone
20:23:22.796 [Safezone] Player "NOVAKILLSFORYOU" (id=_i471QtP-cQO7LGlvQxSkkb6U2OdaENSi4dYAnCjv04= pos=<7857.976074, 27.714437, 4414.850586>) Left the safezone
20:25:36.539 [VehicleEngine] Player NOVAKILLSFORYOU [uid=_i471QtP-cQO7LGlvQxSkkb6U2OdaENSi4dYAnCjv04=] stopped vehicle UAZ 469 Cargo Roofless (id=6A2521526C422ECB89FD13AF12CA4695 pos=<8597.258789, 3.904960, 3923.758057>)
20:25:42.000 [VehicleLeave] Player MGM_762 [uid=6CBOabJUM7Qqd7NEG4Do-ueQ7Uqvietj4ODcWmz64j4=] left vehicle UAZ 469 Cargo Roofless (id=6A2521526C422ECB89FD13AF12CA4695 pos=<8597.258789, 3.904960, 3923.758057>)
20:25:49.875 [VehicleLeave] Player NOVAKILLSFORYOU [uid=_i471QtP-cQO7LGlvQxSkkb6U2OdaENSi4dYAnCjv04=] left vehicle UAZ 469 Cargo Roofless (id=6A2521526C422ECB89FD13AF12CA4695 pos=<8597.258789, 3.904962, 3923.758057>)
20:33:30.757 [VehicleEnter] Player NOVAKILLSFORYOU [uid=_i471QtP-cQO7LGlvQxSkkb6U2OdaENSi4dYAnCjv04=] entered vehicle UAZ 469 Cargo Roofless (id=6A2521526C422ECB89FD13AF12CA4695 pos=<8597.258789, 3.904958, 3923.758057>) as driver
20:34:14.492 [VehicleEngine] Player NOVAKILLSFORYOU [uid=_i471QtP-cQO7LGlvQxSkkb6U2OdaENSi4dYAnCjv04=] started vehicle UAZ 469 Cargo Roofless (id=6A2521526C422ECB89FD13AF12CA4695 pos=<8597.258789, 3.904960, 3923.758057>)
20:34:15.828 [VehicleEnter] Player MGM_762 [uid=6CBOabJUM7Qqd7NEG4Do-ueQ7Uqvietj4ODcWmz64j4=] entered vehicle UAZ 469 Cargo Roofless (id=6A2521526C422ECB89FD13AF12CA4695 pos=<8597.258789, 3.904962, 3923.758057>) as passenger
20:35:30.218 [VehicleEngine] Player NOVAKILLSFORYOU [uid=_i471QtP-cQO7LGlvQxSkkb6U2OdaENSi4dYAnCjv04=] stopped vehicle UAZ 469 Cargo Roofless (id=6A2521526C422ECB89FD13AF12CA4695 pos=<8609.350586, 5.774959, 3629.053955>)
20:35:32.781 [VehicleLeave] Player NOVAKILLSFORYOU [uid=_i471QtP-cQO7LGlvQxSkkb6U2OdaENSi4dYAnCjv04=] left vehicle UAZ 469 Cargo Roofless (id=6A2521526C422ECB89FD13AF12CA4695 pos=<8609.350586, 5.774958, 3629.053955>)
20:35:34.578 [VehicleLeave] Player MGM_762 [uid=6CBOabJUM7Qqd7NEG4Do-ueQ7Uqvietj4ODcWmz64j4=] left vehicle UAZ 469 Cargo Roofless (id=6A2521526C422ECB89FD13AF12CA4695 pos=<8609.350586, 5.774958, 3629.053955>)
20:49:34.601 [VehicleEnter] Player NOVAKILLSFORYOU [uid=_i471QtP-cQO7LGlvQxSkkb6U2OdaENSi4dYAnCjv04=] entered vehicle UAZ 469 Cargo Roofless (id=6A2521526C422ECB89FD13AF12CA4695 pos=<8609.350586, 5.774961, 3629.053955>) as driver
20:49:37.312 [VehicleEngine] Player NOVAKILLSFORYOU [uid=_i471QtP-cQO7LGlvQxSkkb6U2OdaENSi4dYAnCjv04=] started vehicle UAZ 469 Cargo Roofless (id=6A2521526C422ECB89FD13AF12CA4695 pos=<8609.350586, 5.774959, 3629.053955>)
20:49:42.453 [VehicleEnter] Player MGM_762 [uid=6CBOabJUM7Qqd7NEG4Do-ueQ7Uqvietj4ODcWmz64j4=] entered vehicle UAZ 469 Cargo Roofless (id=6A2521526C422ECB89FD13AF12CA4695 pos=<8609.350586, 5.774961, 3629.053955>) as passenger
20:51:17.062 [VehicleLeave] Player NOVAKILLSFORYOU [uid=_i471QtP-cQO7LGlvQxSkkb6U2OdaENSi4dYAnCjv04=] left vehicle UAZ 469 Cargo Roofless (id=6A2521526C422ECB89FD13AF12CA4695 pos=<8980.416992, 27.934961, 4177.072266>)
20:51:17.789 [VehicleLeave] Player MGM_762 [uid=6CBOabJUM7Qqd7NEG4Do-ueQ7Uqvietj4ODcWmz64j4=] left vehicle UAZ 469 Cargo Roofless (id=6A2521526C422ECB89FD13AF12CA4695 pos=<8980.416992, 27.934958, 4177.072266>)
20:53:50.304 [VehicleEnter] Player NOVAKILLSFORYOU [uid=_i471QtP-cQO7LGlvQxSkkb6U2OdaENSi4dYAnCjv04=] entered vehicle UAZ 469 Cargo Roofless (id=6A2521526C422ECB89FD13AF12CA4695 pos=<8980.416992, 27.934958, 4177.072266>) as driver
20:53:54.257 [VehicleEngine] Player NOVAKILLSFORYOU [uid=_i471QtP-cQO7LGlvQxSkkb6U2OdaENSi4dYAnCjv04=] started vehicle UAZ 469 Cargo Roofless (id=6A2521526C422ECB89FD13AF12CA4695 pos=<8980.416992, 27.934958, 4177.072266>)
20:53:54.648 [VehicleEnter] Player MGM_762 [uid=6CBOabJUM7Qqd7NEG4Do-ueQ7Uqvietj4ODcWmz64j4=] entered vehicle UAZ 469 Cargo Roofless (id=6A2521526C422ECB89FD13AF12CA4695 pos=<8980.416992, 27.934959, 4177.072266>) as passenger
20:54:29.765 [VehicleLeave] Player NOVAKILLSFORYOU [uid=_i471QtP-cQO7LGlvQxSkkb6U2OdaENSi4dYAnCjv04=] left vehicle UAZ 469 Cargo Roofless (id=6A2521526C422ECB89FD13AF12CA4695 pos=<9119.635742, 12.922780, 4168.087402>)
20:54:32.484 [VehicleLeave] Player MGM_762 [uid=6CBOabJUM7Qqd7NEG4Do-ueQ7Uqvietj4ODcWmz64j4=] left vehicle UAZ 469 Cargo Roofless (id=6A2521526C422ECB89FD13AF12CA4695 pos=<9119.635742, 12.922778, 4168.087402>)
20:55:12.078 [MissionAirdrop] An airdrop is heading towards "Sandy Bay" (pos=<4627.000000, 0.000000, 7507.000000> type=Random_Sandy Bay) with a ExpansionAirdropContainer_Military
20:56:03.343 [VehicleEnter] Player MGM_762 [uid=6CBOabJUM7Qqd7NEG4Do-ueQ7Uqvietj4ODcWmz64j4=] entered vehicle UAZ 469 Cargo Roofless (id=6A2521526C422ECB89FD13AF12CA4695 pos=<9119.635742, 12.922778, 4168.087402>) as passenger
20:56:23.523 [VehicleEnter] Player NOVAKILLSFORYOU [uid=_i471QtP-cQO7LGlvQxSkkb6U2OdaENSi4dYAnCjv04=] entered vehicle UAZ 469 Cargo Roofless (id=6A2521526C422ECB89FD13AF12CA4695 pos=<9119.635742, 12.922778, 4168.087402>) as driver
20:56:26.796 [VehicleEngine] Player NOVAKILLSFORYOU [uid=_i471QtP-cQO7LGlvQxSkkb6U2OdaENSi4dYAnCjv04=] started vehicle UAZ 469 Cargo Roofless (id=6A2521526C422ECB89FD13AF12CA4695 pos=<9119.635742, 12.922782, 4168.087402>)
20:57:10.171 [VehicleLeave] Player NOVAKILLSFORYOU [uid=_i471QtP-cQO7LGlvQxSkkb6U2OdaENSi4dYAnCjv04=] left vehicle UAZ 469 Cargo Roofless (id=6A2521526C422ECB89FD13AF12CA4695 pos=<9593.311523, 27.291401, 4115.693359>)
20:57:11.515 [VehicleLeave] Player MGM_762 [uid=6CBOabJUM7Qqd7NEG4Do-ueQ7Uqvietj4ODcWmz64j4=] left vehicle UAZ 469 Cargo Roofless (id=6A2521526C422ECB89FD13AF12CA4695 pos=<9593.311523, 27.291357, 4115.693359>)
20:57:50.000 [VehicleEnter] Player NOVAKILLSFORYOU [uid=_i471QtP-cQO7LGlvQxSkkb6U2OdaENSi4dYAnCjv04=] entered vehicle UAZ 469 Cargo Roofless (id=6A2521526C422ECB89FD13AF12CA4695 pos=<9593.311523, 27.291409, 4115.693359>) as driver
20:57:53.546 [VehicleEnter] Player MGM_762 [uid=6CBOabJUM7Qqd7NEG4Do-ueQ7Uqvietj4ODcWmz64j4=] entered vehicle UAZ 469 Cargo Roofless (id=6A2521526C422ECB89FD13AF12CA4695 pos=<9593.311523, 27.291407, 4115.693359>) as passenger
20:57:58.750 [VehicleEngine] Player NOVAKILLSFORYOU [uid=_i471QtP-cQO7LGlvQxSkkb6U2OdaENSi4dYAnCjv04=] started vehicle UAZ 469 Cargo Roofless (id=6A2521526C422ECB89FD13AF12CA4695 pos=<9593.311523, 27.291412, 4115.693359>)
20:58:42.429 [VehicleEngine] Player NOVAKILLSFORYOU [uid=_i471QtP-cQO7LGlvQxSkkb6U2OdaENSi4dYAnCjv04=] stopped vehicle UAZ 469 Cargo Roofless (id=6A2521526C422ECB89FD13AF12CA4695 pos=<9741.547852, 6.017613, 4319.451660>)
20:59:37.023 [VehicleLeave] Player NOVAKILLSFORYOU [uid=_i471QtP-cQO7LGlvQxSkkb6U2OdaENSi4dYAnCjv04=] left vehicle UAZ 469 Cargo Roofless (id=6A2521526C422ECB89FD13AF12CA4695 pos=<9741.547852, 6.017612, 4319.451172>)
20:59:40.218 [VehicleLeave] Player MGM_762 [uid=6CBOabJUM7Qqd7NEG4Do-ueQ7Uqvietj4ODcWmz64j4=] left vehicle UAZ 469 Cargo Roofless (id=6A2521526C422ECB89FD13AF12CA4695 pos=<9741.547852, 6.017613, 4319.451172>)
21:07:56.468 [VehicleEnter] Player NOVAKILLSFORYOU [uid=_i471QtP-cQO7LGlvQxSkkb6U2OdaENSi4dYAnCjv04=] entered vehicle UAZ 469 Cargo Roofless (id=6A2521526C422ECB89FD13AF12CA4695 pos=<9741.547852, 6.017445, 4319.451660>) as driver
21:08:01.781 [VehicleEngine] Player NOVAKILLSFORYOU [uid=_i471QtP-cQO7LGlvQxSkkb6U2OdaENSi4dYAnCjv04=] started vehicle UAZ 469 Cargo Roofless (id=6A2521526C422ECB89FD13AF12CA4695 pos=<9741.547852, 6.017463, 4319.451660>)
21:08:46.250 [VehicleLeave] Player NOVAKILLSFORYOU [uid=_i471QtP-cQO7LGlvQxSkkb6U2OdaENSi4dYAnCjv04=] left vehicle UAZ 469 Cargo Roofless (id=6A2521526C422ECB89FD13AF12CA4695 pos=<9997.636719, 9.225561, 4485.396484>)
21:12:07.296 [VehicleEnter] Player NOVAKILLSFORYOU [uid=_i471QtP-cQO7LGlvQxSkkb6U2OdaENSi4dYAnCjv04=] entered vehicle UAZ 469 Cargo Roofless (id=6A2521526C422ECB89FD13AF12CA4695 pos=<9997.636719, 9.225562, 4485.396484>) as driver
21:12:08.710 [VehicleEngine] Player NOVAKILLSFORYOU [uid=_i471QtP-cQO7LGlvQxSkkb6U2OdaENSi4dYAnCjv04=] started vehicle UAZ 469 Cargo Roofless (id=6A2521526C422ECB89FD13AF12CA4695 pos=<9997.636719, 9.225557, 4485.396484>)
21:12:24.984 [VehicleEnter] Player MGM_762 [uid=6CBOabJUM7Qqd7NEG4Do-ueQ7Uqvietj4ODcWmz64j4=] entered vehicle UAZ 469 Cargo Roofless (id=6A2521526C422ECB89FD13AF12CA4695 pos=<10016.068359, 9.505672, 4477.235352>) as passenger
21:13:43.242 [VehicleLeave] Player NOVAKILLSFORYOU [uid=_i471QtP-cQO7LGlvQxSkkb6U2OdaENSi4dYAnCjv04=] left vehicle UAZ 469 Cargo Roofless (id=6A2521526C422ECB89FD13AF12CA4695 pos=<10239.624023, 41.344055, 4838.577637>)
21:14:32.617 [VehicleLeave] Player MGM_762 [uid=6CBOabJUM7Qqd7NEG4Do-ueQ7Uqvietj4ODcWmz64j4=] left vehicle UAZ 469 Cargo Roofless (id=6A2521526C422ECB89FD13AF12CA4695 pos=<10239.624023, 41.344055, 4838.577637>)
21:18:20.867 [VehicleEnter] Player NOVAKILLSFORYOU [uid=_i471QtP-cQO7LGlvQxSkkb6U2OdaENSi4dYAnCjv04=] entered vehicle UAZ 469 Cargo Roofless (id=6A2521526C422ECB89FD13AF12CA4695 pos=<10239.624023, 41.344059, 4838.577637>) as driver
21:18:23.539 [VehicleEngine] Player NOVAKILLSFORYOU [uid=_i471QtP-cQO7LGlvQxSkkb6U2OdaENSi4dYAnCjv04=] started vehicle UAZ 469 Cargo Roofless (id=6A2521526C422ECB89FD13AF12CA4695 pos=<10239.624023, 41.344055, 4838.577637>)
21:18:45.921 [VehicleLeave] Player NOVAKILLSFORYOU [uid=_i471QtP-cQO7LGlvQxSkkb6U2OdaENSi4dYAnCjv04=] left vehicle UAZ 469 Cargo Roofless (id=6A2521526C422ECB89FD13AF12CA4695 pos=<10222.736328, 42.518028, 5033.802734>)
21:25:05.937 [VehicleEnter] Player NOVAKILLSFORYOU [uid=_i471QtP-cQO7LGlvQxSkkb6U2OdaENSi4dYAnCjv04=] entered vehicle UAZ 469 Cargo Roofless (id=6A2521526C422ECB89FD13AF12CA4695 pos=<10222.736328, 42.518032, 5033.802734>) as driver
21:25:13.601 [VehicleEngine] Player NOVAKILLSFORYOU [uid=_i471QtP-cQO7LGlvQxSkkb6U2OdaENSi4dYAnCjv04=] started vehicle UAZ 469 Cargo Roofless (id=6A2521526C422ECB89FD13AF12CA4695 pos=<10222.736328, 42.518036, 5033.802734>)
21:25:13.773 [VehicleEnter] Player MGM_762 [uid=6CBOabJUM7Qqd7NEG4Do-ueQ7Uqvietj4ODcWmz64j4=] entered vehicle UAZ 469 Cargo Roofless (id=6A2521526C422ECB89FD13AF12CA4695 pos=<10222.736328, 42.518028, 5033.802734>) as passenger
21:35:54.203 [VehicleLeave] Player MGM_762 [uid=6CBOabJUM7Qqd7NEG4Do-ueQ7Uqvietj4ODcWmz64j4=] left vehicle UAZ 469 Cargo Roofless (id=6A2521526C422ECB89FD13AF12CA4695 pos=<3209.573486, 1.500105, 1610.626221>)
21:35:54.554 [VehicleEngine] Player NOVAKILLSFORYOU [uid=_i471QtP-cQO7LGlvQxSkkb6U2OdaENSi4dYAnCjv04=] stopped vehicle UAZ 469 Cargo Roofless (id=6A2521526C422ECB89FD13AF12CA4695 pos=<3209.573486, 1.500105, 1610.626221>)
21:35:57.203 [VehicleLeave] Player NOVAKILLSFORYOU [uid=_i471QtP-cQO7LGlvQxSkkb6U2OdaENSi4dYAnCjv04=] left vehicle UAZ 469 Cargo Roofless (id=6A2521526C422ECB89FD13AF12CA4695 pos=<3209.573486, 1.500108, 1610.625854>)
21:36:18.828 [Party] Player "1DEADMANWALKIN" (id=zvk4zPulP_yUuFMB-icYMa26l-1hJKZFlbgWP-FPOcg=) left the party "OSS" (id=0 ownerUID=_i471QtP-cQO7LGlvQxSkkb6U2OdaENSi4dYAnCjv04= ownerName=NOVAKILLSFORYOU)
21:43:50.781 [BaseRaiding] ExpansionSafeMedium (<3215.579834, 5.801971, 1653.759399>) Code set by player "MGM_762" (ID = "6CBOabJUM7Qqd7NEG4Do-ueQ7Uqvietj4ODcWmz64j4=" at <3214.341309, 5.769700, 1654.218262>) and the code is 1911
21:51:10.687 [VehicleDeleted] ExpansionUAZCargoRoofless (id=6A2521526C422ECB89FD13AF12CA4695 pos=<3209.573486, 1.500106, 1610.625977>)
21:51:10.687 [VirtualGarage] Player "NOVAKILLSFORYOU" (id=_i471QtP-cQO7LGlvQxSkkb6U2OdaENSi4dYAnCjv04= pos=<3206.826416, 1.698552, 1650.463989>) stored a vehicle "ExpansionUAZCargoRoofless" (GlobalID=80000000800000008000000080004455 pos=<3209.573486, 1.500106, 1610.625977>)
21:53:05.882 [Party] Player "NOVAKILLSFORYOU" (id=_i471QtP-cQO7LGlvQxSkkb6U2OdaENSi4dYAnCjv04=) left the party "OSS" (id=0 ownerUID=_i471QtP-cQO7LGlvQxSkkb6U2OdaENSi4dYAnCjv04= ownerName=NOVAKILLSFORYOU)
21:56:32.273 [Party] Player "MGM_762" (id=6CBOabJUM7Qqd7NEG4Do-ueQ7Uqvietj4ODcWmz64j4=) left the party "OSS" (id=0 ownerUID=_i471QtP-cQO7LGlvQxSkkb6U2OdaENSi4dYAnCjv04= ownerName=NOVAKILLSFORYOU)
22:23:51.359 [MissionAirdrop] An airdrop is heading towards "Old-Town" (pos=<1849.000000, 0.000000, 8830.000000> type=Random_Old-Town) with a ExpansionAirdropContainer
22:25:50.601 [Expansion Quests] - InitQuestSystemClient - Created new persistent player quest data for player UID: hx4KLs__vN5RyM_Afu-G5rhncBn2UUHcjWd0WP75y7c=
22:25:50.671 [Expansion Quests] - CompleteQuest - Player with UID hx4KLs__vN5RyM_Afu-G5rhncBn2UUHcjWd0WP75y7c= has completed quest 14
22:26:13.773 [SpawnSelection] Player "Reapskie" (id=hx4KLs__vN5RyM_Afu-G5rhncBn2UUHcjWd0WP75y7c=) spawned at <10266.131836, 8.428172, 5572.642578>
23:54:25.171 [MissionAirdrop] An airdrop is heading towards "Kushville" (pos=<7630.000000, 0.000000, 3717.000000> type=Random_Kushville) with a ExpansionAirdropContainer
01:23:21.679 [MissionAirdrop] An airdrop is heading towards "Greenville" (pos=<4658.000000, 0.000000, 1414.000000> type=Random_Greenville) with a ExpansionAirdropContainer_Military
01:24:32.781 [Expansion Quests] - InitQuestSystemClient - Loaded existing player quest data for player with UID: hx4KLs__vN5RyM_Afu-G5rhncBn2UUHcjWd0WP75y7c=
01:24:32.781 [Expansion Quests] - Create new quest instance for quest: 8 - Player UID: hx4KLs__vN5RyM_Afu-G5rhncBn2UUHcjWd0WP75y7c=
01:24:32.781 [Expansion Quests] - Create new quest instance for quest: 9 - Player UID: hx4KLs__vN5RyM_Afu-G5rhncBn2UUHcjWd0WP75y7c=
01:24:32.781 [Expansion Quests] - Create new quest instance for quest: 11 - Player UID: hx4KLs__vN5RyM_Afu-G5rhncBn2UUHcjWd0WP75y7c=
01:51:30.437 [Safezone] Player "Reapskie" (id=hx4KLs__vN5RyM_Afu-G5rhncBn2UUHcjWd0WP75y7c= pos=<7722.328613, 46.539745, 4655.412109>) Entered the safezone
02:00:21.976 [Market] Player "Reapskie" (id=hx4KLs__vN5RyM_Afu-G5rhncBn2UUHcjWd0WP75y7c=) has send a requested to sell expansion_kar98 x1 at the trader "Weapons (Mirek [#STR_EXPANSION_MARKET_TRADER_WEAPONS])" in market zone "The Hill" (pos=<7529.135742, 89.198120, 4610.044922>).
02:00:22.265 [Market] Player "Reapskie" (id=hx4KLs__vN5RyM_Afu-G5rhncBn2UUHcjWd0WP75y7c=) has sold expansion_kar98 x1 at the trader "Weapons (Mirek [#STR_EXPANSION_MARKET_TRADER_WEAPONS])" in market zone "The Hill" (pos=<7529.135742, 89.198120, 4610.044922>) and got 975.
02:00:26.828 [Market] Player "Reapskie" (id=hx4KLs__vN5RyM_Afu-G5rhncBn2UUHcjWd0WP75y7c=) has send a requested to sell expansion_mpx x1 at the trader "Weapons (Mirek [#STR_EXPANSION_MARKET_TRADER_WEAPONS])" in market zone "The Hill" (pos=<7529.135742, 89.198120, 4610.044922>).
02:00:27.140 [Market] Player "Reapskie" (id=hx4KLs__vN5RyM_Afu-G5rhncBn2UUHcjWd0WP75y7c=) has sold expansion_mpx x1 at the trader "Weapons (Mirek [#STR_EXPANSION_MARKET_TRADER_WEAPONS])" in market zone "The Hill" (pos=<7529.135742, 89.198120, 4610.044922>) and got 280.
02:00:33.039 [Market] Player "Reapskie" (id=hx4KLs__vN5RyM_Afu-G5rhncBn2UUHcjWd0WP75y7c=) has send a requested to sell snafuar15_spr_black_gun x1 at the trader "Weapons (Mirek [#STR_EXPANSION_MARKET_TRADER_WEAPONS])" in market zone "The Hill" (pos=<7529.135742, 89.198120, 4610.044922>).
02:00:33.343 [Market] Player "Reapskie" (id=hx4KLs__vN5RyM_Afu-G5rhncBn2UUHcjWd0WP75y7c=) has sold snafuar15_spr_black_gun x1 at the trader "Weapons (Mirek [#STR_EXPANSION_MARKET_TRADER_WEAPONS])" in market zone "The Hill" (pos=<7529.135742, 89.198120, 4610.044922>) and got 3825.
02:00:34.570 [Market] Player "Reapskie" (id=hx4KLs__vN5RyM_Afu-G5rhncBn2UUHcjWd0WP75y7c=) has send a requested to sell snafu_ak19 x1 at the trader "Weapons (Mirek [#STR_EXPANSION_MARKET_TRADER_WEAPONS])" in market zone "The Hill" (pos=<7529.135742, 89.198120, 4610.044922>).
02:00:34.914 [Market] Player "Reapskie" (id=hx4KLs__vN5RyM_Afu-G5rhncBn2UUHcjWd0WP75y7c=) has sold snafu_ak19 x1 at the trader "Weapons (Mirek [#STR_EXPANSION_MARKET_TRADER_WEAPONS])" in market zone "The Hill" (pos=<7529.135742, 89.198120, 4610.044922>) and got 3900.
02:00:38.648 [Market] Player "Reapskie" (id=hx4KLs__vN5RyM_Afu-G5rhncBn2UUHcjWd0WP75y7c=) has send a requested to sell snafuash12 x1 at the trader "Weapons (Mirek [#STR_EXPANSION_MARKET_TRADER_WEAPONS])" in market zone "The Hill" (pos=<7529.135742, 89.198120, 4610.044922>).
02:00:39.007 [Market] Player "Reapskie" (id=hx4KLs__vN5RyM_Afu-G5rhncBn2UUHcjWd0WP75y7c=) has sold snafuash12 x1 at the trader "Weapons (Mirek [#STR_EXPANSION_MARKET_TRADER_WEAPONS])" in market zone "The Hill" (pos=<7529.135742, 89.198120, 4610.044922>) and got 6900.
02:00:40.398 [Market] Player "Reapskie" (id=hx4KLs__vN5RyM_Afu-G5rhncBn2UUHcjWd0WP75y7c=) has send a requested to sell snafuaug x1 at the trader "Weapons (Mirek [#STR_EXPANSION_MARKET_TRADER_WEAPONS])" in market zone "The Hill" (pos=<7529.135742, 89.198120, 4610.044922>).
02:00:40.695 [Market] Player "Reapskie" (id=hx4KLs__vN5RyM_Afu-G5rhncBn2UUHcjWd0WP75y7c=) has sold snafuaug x1 at the trader "Weapons (Mirek [#STR_EXPANSION_MARKET_TRADER_WEAPONS])" in market zone "The Hill" (pos=<7529.135742, 89.198120, 4610.044922>) and got 7125.
02:00:48.164 [Market] Player "Reapskie" (id=hx4KLs__vN5RyM_Afu-G5rhncBn2UUHcjWd0WP75y7c=) has send a requested to sell gcgn_hk416 x1 at the trader "Weapons (Mirek [#STR_EXPANSION_MARKET_TRADER_WEAPONS])" in market zone "The Hill" (pos=<7529.135742, 89.198120, 4610.044922>).
02:00:48.492 [Market] Player "Reapskie" (id=hx4KLs__vN5RyM_Afu-G5rhncBn2UUHcjWd0WP75y7c=) has sold gcgn_hk416 x1 at the trader "Weapons (Mirek [#STR_EXPANSION_MARKET_TRADER_WEAPONS])" in market zone "The Hill" (pos=<7529.135742, 89.198120, 4610.044922>) and got 7125.
02:00:50.000 [Market] Player "Reapskie" (id=hx4KLs__vN5RyM_Afu-G5rhncBn2UUHcjWd0WP75y7c=) has send a requested to sell hk416_gun x1 at the trader "Weapons (Mirek [#STR_EXPANSION_MARKET_TRADER_WEAPONS])" in market zone "The Hill" (pos=<7529.135742, 89.198120, 4610.044922>).
02:00:50.312 [Market] Player "Reapskie" (id=hx4KLs__vN5RyM_Afu-G5rhncBn2UUHcjWd0WP75y7c=) has sold hk416_gun x1 at the trader "Weapons (Mirek [#STR_EXPANSION_MARKET_TRADER_WEAPONS])" in market zone "The Hill" (pos=<7529.135742, 89.198120, 4610.044922>) and got 6900.
02:00:51.664 [Market] Player "Reapskie" (id=hx4KLs__vN5RyM_Afu-G5rhncBn2UUHcjWd0WP75y7c=) has send a requested to sell sr3_vikhr_gun x1 at the trader "Weapons (Mirek [#STR_EXPANSION_MARKET_TRADER_WEAPONS])" in market zone "The Hill" (pos=<7529.135742, 89.198120, 4610.044922>).
02:00:51.960 [Market] Player "Reapskie" (id=hx4KLs__vN5RyM_Afu-G5rhncBn2UUHcjWd0WP75y7c=) has sold sr3_vikhr_gun x1 at the trader "Weapons (Mirek [#STR_EXPANSION_MARKET_TRADER_WEAPONS])" in market zone "The Hill" (pos=<7529.135742, 89.198120, 4610.044922>) and got 5137.
02:00:53.312 [Market] Player "Reapskie" (id=hx4KLs__vN5RyM_Afu-G5rhncBn2UUHcjWd0WP75y7c=) has send a requested to sell snafusa80 x1 at the trader "Weapons (Mirek [#STR_EXPANSION_MARKET_TRADER_WEAPONS])" in market zone "The Hill" (pos=<7529.135742, 89.198120, 4610.044922>).
02:00:53.625 [Market] Player "Reapskie" (id=hx4KLs__vN5RyM_Afu-G5rhncBn2UUHcjWd0WP75y7c=) has sold snafusa80 x1 at the trader "Weapons (Mirek [#STR_EXPANSION_MARKET_TRADER_WEAPONS])" in market zone "The Hill" (pos=<7529.135742, 89.198120, 4610.044922>) and got 6825.
02:00:55.023 [Market] Player "Reapskie" (id=hx4KLs__vN5RyM_Afu-G5rhncBn2UUHcjWd0WP75y7c=) has send a requested to sell sg550_gun x1 at the trader "Weapons (Mirek [#STR_EXPANSION_MARKET_TRADER_WEAPONS])" in market zone "The Hill" (pos=<7529.135742, 89.198120, 4610.044922>).
02:00:55.312 [Market] Player "Reapskie" (id=hx4KLs__vN5RyM_Afu-G5rhncBn2UUHcjWd0WP75y7c=) has sold sg550_gun x1 at the trader "Weapons (Mirek [#STR_EXPANSION_MARKET_TRADER_WEAPONS])" in market zone "The Hill" (pos=<7529.135742, 89.198120, 4610.044922>) and got 1687.
02:00:56.765 [Market] Player "Reapskie" (id=hx4KLs__vN5RyM_Afu-G5rhncBn2UUHcjWd0WP75y7c=) has send a requested to sell snafu_aek545_gun x1 at the trader "Weapons (Mirek [#STR_EXPANSION_MARKET_TRADER_WEAPONS])" in market zone "The Hill" (pos=<7529.135742, 89.198120, 4610.044922>).
02:00:57.070 [Market] Player "Reapskie" (id=hx4KLs__vN5RyM_Afu-G5rhncBn2UUHcjWd0WP75y7c=) has sold snafu_aek545_gun x1 at the trader "Weapons (Mirek [#STR_EXPANSION_MARKET_TRADER_WEAPONS])" in market zone "The Hill" (pos=<7529.135742, 89.198120, 4610.044922>) and got 6883.
02:01:02.375 [Market] Player "Reapskie" (id=hx4KLs__vN5RyM_Afu-G5rhncBn2UUHcjWd0WP75y7c=) has send a requested to sell snafutar21_green x1 at the trader "Weapons (Mirek [#STR_EXPANSION_MARKET_TRADER_WEAPONS])" in market zone "The Hill" (pos=<7529.135742, 89.198120, 4610.044922>).
02:01:02.695 [Market] Player "Reapskie" (id=hx4KLs__vN5RyM_Afu-G5rhncBn2UUHcjWd0WP75y7c=) has sold snafutar21_green x1 at the trader "Weapons (Mirek [#STR_EXPANSION_MARKET_TRADER_WEAPONS])" in market zone "The Hill" (pos=<7529.135742, 89.198120, 4610.044922>) and got 7709.
02:01:04.132 [Market] Player "Reapskie" (id=hx4KLs__vN5RyM_Afu-G5rhncBn2UUHcjWd0WP75y7c=) has send a requested to sell snafutar21_tan x1 at the trader "Weapons (Mirek [#STR_EXPANSION_MARKET_TRADER_WEAPONS])" in market zone "The Hill" (pos=<7529.135742, 89.198120, 4610.044922>).
02:01:04.445 [Market] Player "Reapskie" (id=hx4KLs__vN5RyM_Afu-G5rhncBn2UUHcjWd0WP75y7c=) has sold snafutar21_tan x1 at the trader "Weapons (Mirek [#STR_EXPANSION_MARKET_TRADER_WEAPONS])" in market zone "The Hill" (pos=<7529.135742, 89.198120, 4610.044922>) and got 1952.
02:01:11.023 [Market] Player "Reapskie" (id=hx4KLs__vN5RyM_Afu-G5rhncBn2UUHcjWd0WP75y7c=) has send a requested to sell snafu_m1918a2 x1 at the trader "Weapons (Mirek [#STR_EXPANSION_MARKET_TRADER_WEAPONS])" in market zone "The Hill" (pos=<7529.135742, 89.198120, 4610.044922>).
02:01:11.328 [Market] Player "Reapskie" (id=hx4KLs__vN5RyM_Afu-G5rhncBn2UUHcjWd0WP75y7c=) has sold snafu_m1918a2 x1 at the trader "Weapons (Mirek [#STR_EXPANSION_MARKET_TRADER_WEAPONS])" in market zone "The Hill" (pos=<7529.135742, 89.198120, 4610.044922>) and got 4297.
02:01:13.359 [Market] Player "Reapskie" (id=hx4KLs__vN5RyM_Afu-G5rhncBn2UUHcjWd0WP75y7c=) has send a requested to sell gcgn_m249 x1 at the trader "Weapons (Mirek [#STR_EXPANSION_MARKET_TRADER_WEAPONS])" in market zone "The Hill" (pos=<7529.135742, 89.198120, 4610.044922>).
02:01:13.679 [Market] Player "Reapskie" (id=hx4KLs__vN5RyM_Afu-G5rhncBn2UUHcjWd0WP75y7c=) has sold gcgn_m249 x1 at the trader "Weapons (Mirek [#STR_EXPANSION_MARKET_TRADER_WEAPONS])" in market zone "The Hill" (pos=<7529.135742, 89.198120, 4610.044922>) and got 2925.
02:01:16.195 [Market] Player "Reapskie" (id=hx4KLs__vN5RyM_Afu-G5rhncBn2UUHcjWd0WP75y7c=) has send a requested to sell snafurpd x1 at the trader "Weapons (Mirek [#STR_EXPANSION_MARKET_TRADER_WEAPONS])" in market zone "The Hill" (pos=<7529.135742, 89.198120, 4610.044922>).
02:01:16.500 [Market] Player "Reapskie" (id=hx4KLs__vN5RyM_Afu-G5rhncBn2UUHcjWd0WP75y7c=) has sold snafurpd x1 at the trader "Weapons (Mirek [#STR_EXPANSION_MARKET_TRADER_WEAPONS])" in market zone "The Hill" (pos=<7529.135742, 89.198120, 4610.044922>) and got 5590.
02:05:37.195 [Market] Player "Reapskie" (id=hx4KLs__vN5RyM_Afu-G5rhncBn2UUHcjWd0WP75y7c=) has send a requested to sell snafu_pkp_nblack_gun x1 at the trader "Weapons (Mirek [#STR_EXPANSION_MARKET_TRADER_WEAPONS])" in market zone "The Hill" (pos=<7529.135742, 89.198120, 4610.044922>).
02:05:37.531 [Market] Player "Reapskie" (id=hx4KLs__vN5RyM_Afu-G5rhncBn2UUHcjWd0WP75y7c=) has sold snafu_pkp_nblack_gun x1 at the trader "Weapons (Mirek [#STR_EXPANSION_MARKET_TRADER_WEAPONS])" in market zone "The Hill" (pos=<7529.135742, 89.198120, 4610.044922>) and got 6083.
02:05:43.343 [Market] Player "Reapskie" (id=hx4KLs__vN5RyM_Afu-G5rhncBn2UUHcjWd0WP75y7c=) has send a requested to sell snafuchiapparhino x1 at the trader "Weapons (Mirek [#STR_EXPANSION_MARKET_TRADER_WEAPONS])" in market zone "The Hill" (pos=<7529.135742, 89.198120, 4610.044922>).
02:05:43.656 [Market] Player "Reapskie" (id=hx4KLs__vN5RyM_Afu-G5rhncBn2UUHcjWd0WP75y7c=) has sold snafuchiapparhino x1 at the trader "Weapons (Mirek [#STR_EXPANSION_MARKET_TRADER_WEAPONS])" in market zone "The Hill" (pos=<7529.135742, 89.198120, 4610.044922>) and got 150.
02:05:45.593 [Market] Player "Reapskie" (id=hx4KLs__vN5RyM_Afu-G5rhncBn2UUHcjWd0WP75y7c=) has send a requested to sell sn_mp443 x1 at the trader "Weapons (Mirek [#STR_EXPANSION_MARKET_TRADER_WEAPONS])" in market zone "The Hill" (pos=<7529.135742, 89.198120, 4610.044922>).
02:05:45.929 [Market] Player "Reapskie" (id=hx4KLs__vN5RyM_Afu-G5rhncBn2UUHcjWd0WP75y7c=) has sold sn_mp443 x1 at the trader "Weapons (Mirek [#STR_EXPANSION_MARKET_TRADER_WEAPONS])" in market zone "The Hill" (pos=<7529.135742, 89.198120, 4610.044922>) and got 308.
02:05:48.179 [Market] Player "Reapskie" (id=hx4KLs__vN5RyM_Afu-G5rhncBn2UUHcjWd0WP75y7c=) has send a requested to sell sn_mp443 x1 at the trader "Weapons (Mirek [#STR_EXPANSION_MARKET_TRADER_WEAPONS])" in market zone "The Hill" (pos=<7529.135742, 89.198120, 4610.044922>).
02:05:48.460 [Market] Player "Reapskie" (id=hx4KLs__vN5RyM_Afu-G5rhncBn2UUHcjWd0WP75y7c=) has sold sn_mp443 x1 at the trader "Weapons (Mirek [#STR_EXPANSION_MARKET_TRADER_WEAPONS])" in market zone "The Hill" (pos=<7529.135742, 89.198120, 4610.044922>) and got 300.
02:05:52.882 [Market] Player "Reapskie" (id=hx4KLs__vN5RyM_Afu-G5rhncBn2UUHcjWd0WP75y7c=) has send a requested to sell aa12_gun x1 at the trader "Weapons (Mirek [#STR_EXPANSION_MARKET_TRADER_WEAPONS])" in market zone "The Hill" (pos=<7529.135742, 89.198120, 4610.044922>).
02:05:53.210 [Market] Player "Reapskie" (id=hx4KLs__vN5RyM_Afu-G5rhncBn2UUHcjWd0WP75y7c=) has sold aa12_gun x1 at the trader "Weapons (Mirek [#STR_EXPANSION_MARKET_TRADER_WEAPONS])" in market zone "The Hill" (pos=<7529.135742, 89.198120, 4610.044922>) and got 731.
02:05:54.656 [Market] Player "Reapskie" (id=hx4KLs__vN5RyM_Afu-G5rhncBn2UUHcjWd0WP75y7c=) has send a requested to sell gcgn_benellim4 x1 at the trader "Weapons (Mirek [#STR_EXPANSION_MARKET_TRADER_WEAPONS])" in market zone "The Hill" (pos=<7529.135742, 89.198120, 4610.044922>).
02:05:54.953 [Market] Player "Reapskie" (id=hx4KLs__vN5RyM_Afu-G5rhncBn2UUHcjWd0WP75y7c=) has sold gcgn_benellim4 x1 at the trader "Weapons (Mirek [#STR_EXPANSION_MARKET_TRADER_WEAPONS])" in market zone "The Hill" (pos=<7529.135742, 89.198120, 4610.044922>) and got 1068.
02:05:56.265 [Market] Player "Reapskie" (id=hx4KLs__vN5RyM_Afu-G5rhncBn2UUHcjWd0WP75y7c=) has send a requested to sell sn_auto_shotgun x1 at the trader "Weapons (Mirek [#STR_EXPANSION_MARKET_TRADER_WEAPONS])" in market zone "The Hill" (pos=<7529.135742, 89.198120, 4610.044922>).
02:05:56.593 [Market] Player "Reapskie" (id=hx4KLs__vN5RyM_Afu-G5rhncBn2UUHcjWd0WP75y7c=) has sold sn_auto_shotgun x1 at the trader "Weapons (Mirek [#STR_EXPANSION_MARKET_TRADER_WEAPONS])" in market zone "The Hill" (pos=<7529.135742, 89.198120, 4610.044922>) and got 1704.
02:05:58.062 [Market] Player "Reapskie" (id=hx4KLs__vN5RyM_Afu-G5rhncBn2UUHcjWd0WP75y7c=) has send a requested to sell sn_m870 x1 at the trader "Weapons (Mirek [#STR_EXPANSION_MARKET_TRADER_WEAPONS])" in market zone "The Hill" (pos=<7529.135742, 89.198120, 4610.044922>).
02:05:58.382 [Market] Player "Reapskie" (id=hx4KLs__vN5RyM_Afu-G5rhncBn2UUHcjWd0WP75y7c=) has sold sn_m870 x1 at the trader "Weapons (Mirek [#STR_EXPANSION_MARKET_TRADER_WEAPONS])" in market zone "The Hill" (pos=<7529.135742, 89.198120, 4610.044922>) and got 712.
02:06:03.968 [Market] Player "Reapskie" (id=hx4KLs__vN5RyM_Afu-G5rhncBn2UUHcjWd0WP75y7c=) has send a requested to sell snafuhoneybadger_tan x1 at the trader "Weapons (Mirek [#STR_EXPANSION_MARKET_TRADER_WEAPONS])" in market zone "The Hill" (pos=<7529.135742, 89.198120, 4610.044922>).
02:06:04.304 [Market] Player "Reapskie" (id=hx4KLs__vN5RyM_Afu-G5rhncBn2UUHcjWd0WP75y7c=) has sold snafuhoneybadger_tan x1 at the trader "Weapons (Mirek [#STR_EXPANSION_MARKET_TRADER_WEAPONS])" in market zone "The Hill" (pos=<7529.135742, 89.198120, 4610.044922>) and got 446.
02:06:22.671 [Market] Player "Reapskie" (id=hx4KLs__vN5RyM_Afu-G5rhncBn2UUHcjWd0WP75y7c=) has send a requested to sell snafu_awm_gun x1 at the trader "Weapons (Mirek [#STR_EXPANSION_MARKET_TRADER_WEAPONS])" in market zone "The Hill" (pos=<7529.135742, 89.198120, 4610.044922>).
02:06:23.078 [Market] Player "Reapskie" (id=hx4KLs__vN5RyM_Afu-G5rhncBn2UUHcjWd0WP75y7c=) has sold snafu_awm_gun x1 at the trader "Weapons (Mirek [#STR_EXPANSION_MARKET_TRADER_WEAPONS])" in market zone "The Hill" (pos=<7529.135742, 89.198120, 4610.044922>) and got 5625.
02:06:27.382 [Market] Player "Reapskie" (id=hx4KLs__vN5RyM_Afu-G5rhncBn2UUHcjWd0WP75y7c=) has send a requested to sell snafu_awm_gun x1 at the trader "Weapons (Mirek [#STR_EXPANSION_MARKET_TRADER_WEAPONS])" in market zone "The Hill" (pos=<7529.135742, 89.198120, 4610.044922>).
02:06:27.703 [Market] Player "Reapskie" (id=hx4KLs__vN5RyM_Afu-G5rhncBn2UUHcjWd0WP75y7c=) has sold snafu_awm_gun x1 at the trader "Weapons (Mirek [#STR_EXPANSION_MARKET_TRADER_WEAPONS])" in market zone "The Hill" (pos=<7529.135742, 89.198120, 4610.044922>) and got 3187.
02:06:30.296 [Market] Player "Reapskie" (id=hx4KLs__vN5RyM_Afu-G5rhncBn2UUHcjWd0WP75y7c=) has send a requested to sell snafu_m300green x1 at the trader "Weapons (Mirek [#STR_EXPANSION_MARKET_TRADER_WEAPONS])" in market zone "The Hill" (pos=<7529.135742, 89.198120, 4610.044922>).
02:06:30.578 [Market] Player "Reapskie" (id=hx4KLs__vN5RyM_Afu-G5rhncBn2UUHcjWd0WP75y7c=) has sold snafu_m300green x1 at the trader "Weapons (Mirek [#STR_EXPANSION_MARKET_TRADER_WEAPONS])" in market zone "The Hill" (pos=<7529.135742, 89.198120, 4610.044922>) and got 11700.
02:06:31.937 [Market] Player "Reapskie" (id=hx4KLs__vN5RyM_Afu-G5rhncBn2UUHcjWd0WP75y7c=) has send a requested to sell snafum98b_digi_gun x1 at the trader "Weapons (Mirek [#STR_EXPANSION_MARKET_TRADER_WEAPONS])" in market zone "The Hill" (pos=<7529.135742, 89.198120, 4610.044922>).
02:06:32.242 [Market] Player "Reapskie" (id=hx4KLs__vN5RyM_Afu-G5rhncBn2UUHcjWd0WP75y7c=) has sold snafum98b_digi_gun x1 at the trader "Weapons (Mirek [#STR_EXPANSION_MARKET_TRADER_WEAPONS])" in market zone "The Hill" (pos=<7529.135742, 89.198120, 4610.044922>) and got 8617.
02:06:33.671 [Market] Player "Reapskie" (id=hx4KLs__vN5RyM_Afu-G5rhncBn2UUHcjWd0WP75y7c=) has send a requested to sell snafum98b_ger_gun x1 at the trader "Weapons (Mirek [#STR_EXPANSION_MARKET_TRADER_WEAPONS])" in market zone "The Hill" (pos=<7529.135742, 89.198120, 4610.044922>).
02:06:33.976 [Market] Player "Reapskie" (id=hx4KLs__vN5RyM_Afu-G5rhncBn2UUHcjWd0WP75y7c=) has sold snafum98b_ger_gun x1 at the trader "Weapons (Mirek [#STR_EXPANSION_MARKET_TRADER_WEAPONS])" in market zone "The Hill" (pos=<7529.135742, 89.198120, 4610.044922>) and got 8587.
02:06:35.734 [Market] Player "Reapskie" (id=hx4KLs__vN5RyM_Afu-G5rhncBn2UUHcjWd0WP75y7c=) has send a requested to sell snafugevar_black x1 at the trader "Weapons (Mirek [#STR_EXPANSION_MARKET_TRADER_WEAPONS])" in market zone "The Hill" (pos=<7529.135742, 89.198120, 4610.044922>).
02:06:36.046 [Market] Player "Reapskie" (id=hx4KLs__vN5RyM_Afu-G5rhncBn2UUHcjWd0WP75y7c=) has sold snafugevar_black x1 at the trader "Weapons (Mirek [#STR_EXPANSION_MARKET_TRADER_WEAPONS])" in market zone "The Hill" (pos=<7529.135742, 89.198120, 4610.044922>) and got 2812.
02:06:37.531 [Market] Player "Reapskie" (id=hx4KLs__vN5RyM_Afu-G5rhncBn2UUHcjWd0WP75y7c=) has send a requested to sell snafugevar_green x1 at the trader "Weapons (Mirek [#STR_EXPANSION_MARKET_TRADER_WEAPONS])" in market zone "The Hill" (pos=<7529.135742, 89.198120, 4610.044922>).
02:06:37.843 [Market] Player "Reapskie" (id=hx4KLs__vN5RyM_Afu-G5rhncBn2UUHcjWd0WP75y7c=) has sold snafugevar_green x1 at the trader "Weapons (Mirek [#STR_EXPANSION_MARKET_TRADER_WEAPONS])" in market zone "The Hill" (pos=<7529.135742, 89.198120, 4610.044922>) and got 2962.
02:06:39.820 [Market] Player "Reapskie" (id=hx4KLs__vN5RyM_Afu-G5rhncBn2UUHcjWd0WP75y7c=) has send a requested to sell snafukivaari_tan_gun x1 at the trader "Weapons (Mirek [#STR_EXPANSION_MARKET_TRADER_WEAPONS])" in market zone "The Hill" (pos=<7529.135742, 89.198120, 4610.044922>).
02:06:40.109 [Market] Player "Reapskie" (id=hx4KLs__vN5RyM_Afu-G5rhncBn2UUHcjWd0WP75y7c=) has sold snafukivaari_tan_gun x1 at the trader "Weapons (Mirek [#STR_EXPANSION_MARKET_TRADER_WEAPONS])" in market zone "The Hill" (pos=<7529.135742, 89.198120, 4610.044922>) and got 5850.
02:06:48.781 [Market] Player "Reapskie" (id=hx4KLs__vN5RyM_Afu-G5rhncBn2UUHcjWd0WP75y7c=) has send a requested to sell gcgn_m110_tan x1 at the trader "Weapons (Mirek [#STR_EXPANSION_MARKET_TRADER_WEAPONS])" in market zone "The Hill" (pos=<7529.135742, 89.198120, 4610.044922>).
02:06:49.062 [Market] Player "Reapskie" (id=hx4KLs__vN5RyM_Afu-G5rhncBn2UUHcjWd0WP75y7c=) has sold gcgn_m110_tan x1 at the trader "Weapons (Mirek [#STR_EXPANSION_MARKET_TRADER_WEAPONS])" in market zone "The Hill" (pos=<7529.135742, 89.198120, 4610.044922>) and got 3356.
02:06:51.773 [Market] Player "Reapskie" (id=hx4KLs__vN5RyM_Afu-G5rhncBn2UUHcjWd0WP75y7c=) has send a requested to sell gcgn_m110_tan x1 at the trader "Weapons (Mirek [#STR_EXPANSION_MARKET_TRADER_WEAPONS])" in market zone "The Hill" (pos=<7529.135742, 89.198120, 4610.044922>).
02:06:52.093 [Market] Player "Reapskie" (id=hx4KLs__vN5RyM_Afu-G5rhncBn2UUHcjWd0WP75y7c=) has sold gcgn_m110_tan x1 at the trader "Weapons (Mirek [#STR_EXPANSION_MARKET_TRADER_WEAPONS])" in market zone "The Hill" (pos=<7529.135742, 89.198120, 4610.044922>) and got 3112.
02:06:53.726 [Market] Player "Reapskie" (id=hx4KLs__vN5RyM_Afu-G5rhncBn2UUHcjWd0WP75y7c=) has send a requested to sell gcgn_m1garand x1 at the trader "Weapons (Mirek [#STR_EXPANSION_MARKET_TRADER_WEAPONS])" in market zone "The Hill" (pos=<7529.135742, 89.198120, 4610.044922>).
02:06:54.007 [Market] Player "Reapskie" (id=hx4KLs__vN5RyM_Afu-G5rhncBn2UUHcjWd0WP75y7c=) has sold gcgn_m1garand x1 at the trader "Weapons (Mirek [#STR_EXPANSION_MARKET_TRADER_WEAPONS])" in market zone "The Hill" (pos=<7529.135742, 89.198120, 4610.044922>) and got 8662.
02:06:56.117 [Market] Player "Reapskie" (id=hx4KLs__vN5RyM_Afu-G5rhncBn2UUHcjWd0WP75y7c=) has send a requested to sell gcgn_m200 x1 at the trader "Weapons (Mirek [#STR_EXPANSION_MARKET_TRADER_WEAPONS])" in market zone "The Hill" (pos=<7529.135742, 89.198120, 4610.044922>).
02:06:56.414 [Market] Player "Reapskie" (id=hx4KLs__vN5RyM_Afu-G5rhncBn2UUHcjWd0WP75y7c=) has sold gcgn_m200 x1 at the trader "Weapons (Mirek [#STR_EXPANSION_MARKET_TRADER_WEAPONS])" in market zone "The Hill" (pos=<7529.135742, 89.198120, 4610.044922>) and got 3262.
02:06:58.015 [Market] Player "Reapskie" (id=hx4KLs__vN5RyM_Afu-G5rhncBn2UUHcjWd0WP75y7c=) has send a requested to sell snafum96 x1 at the trader "Weapons (Mirek [#STR_EXPANSION_MARKET_TRADER_WEAPONS])" in market zone "The Hill" (pos=<7529.135742, 89.198120, 4610.044922>).
02:06:58.328 [Market] Player "Reapskie" (id=hx4KLs__vN5RyM_Afu-G5rhncBn2UUHcjWd0WP75y7c=) has sold snafum96 x1 at the trader "Weapons (Mirek [#STR_EXPANSION_MARKET_TRADER_WEAPONS])" in market zone "The Hill" (pos=<7529.135742, 89.198120, 4610.044922>) and got 5775.
02:07:00.968 [Market] Player "Reapskie" (id=hx4KLs__vN5RyM_Afu-G5rhncBn2UUHcjWd0WP75y7c=) has send a requested to sell snafum96 x1 at the trader "Weapons (Mirek [#STR_EXPANSION_MARKET_TRADER_WEAPONS])" in market zone "The Hill" (pos=<7529.135742, 89.198120, 4610.044922>).
02:07:01.328 [Market] Player "Reapskie" (id=hx4KLs__vN5RyM_Afu-G5rhncBn2UUHcjWd0WP75y7c=) has sold snafum96 x1 at the trader "Weapons (Mirek [#STR_EXPANSION_MARKET_TRADER_WEAPONS])" in market zone "The Hill" (pos=<7529.135742, 89.198120, 4610.044922>) and got 11250.
02:07:05.140 [Market] Player "Reapskie" (id=hx4KLs__vN5RyM_Afu-G5rhncBn2UUHcjWd0WP75y7c=) has send a requested to sell snafuvssk x1 at the trader "Weapons (Mirek [#STR_EXPANSION_MARKET_TRADER_WEAPONS])" in market zone "The Hill" (pos=<7529.135742, 89.198120, 4610.044922>).
02:07:05.460 [Market] Player "Reapskie" (id=hx4KLs__vN5RyM_Afu-G5rhncBn2UUHcjWd0WP75y7c=) has sold snafuvssk x1 at the trader "Weapons (Mirek [#STR_EXPANSION_MARKET_TRADER_WEAPONS])" in market zone "The Hill" (pos=<7529.135742, 89.198120, 4610.044922>) and got 11550.
02:10:25.585 [Market] Player "Reapskie" (id=hx4KLs__vN5RyM_Afu-G5rhncBn2UUHcjWd0WP75y7c=) has send a requested to purchase snafu_ammo_338 x600 from the trader "Weapons (Mirek [#STR_EXPANSION_MARKET_TRADER_WEAPONS])" in market zone "The Hill" (pos=<7529.135742, 89.198120, 4610.044922>).
02:10:25.984 [Market] Player "Reapskie" (id=hx4KLs__vN5RyM_Afu-G5rhncBn2UUHcjWd0WP75y7c=) has bought snafu_ammo_338 x600 from the trader "Weapons (Mirek [#STR_EXPANSION_MARKET_TRADER_WEAPONS])" in market zone "The Hill" (pos=<7529.135742, 89.198120, 4610.044922>) for a price of 2400.
02:12:26.125 [Market] Player "Reapskie" (id=hx4KLs__vN5RyM_Afu-G5rhncBn2UUHcjWd0WP75y7c=) has send a requested to purchase bandagedressing x1 from the trader "Medicals (Seth [#STR_EXPANSION_MARKET_TRADER_MEDICALS])" in market zone "The Hill" (pos=<7529.135742, 89.198120, 4610.044922>).
02:12:26.445 [Market] Player "Reapskie" (id=hx4KLs__vN5RyM_Afu-G5rhncBn2UUHcjWd0WP75y7c=) has bought bandagedressing x1 from the trader "Medicals (Seth [#STR_EXPANSION_MARKET_TRADER_MEDICALS])" in market zone "The Hill" (pos=<7529.135742, 89.198120, 4610.044922>) for a price of 3.
02:13:38.460 [Market] Player "Reapskie" (id=hx4KLs__vN5RyM_Afu-G5rhncBn2UUHcjWd0WP75y7c=) has send a requested to purchase ducttape x1 from the trader "Components (Peter [#STR_EXPANSION_MARKET_TRADER_COMPONENTS])" in market zone "The Hill" (pos=<7529.135742, 89.198120, 4610.044922>).
02:13:38.773 [Market] Player "Reapskie" (id=hx4KLs__vN5RyM_Afu-G5rhncBn2UUHcjWd0WP75y7c=) has bought ducttape x1 from the trader "Components (Peter [#STR_EXPANSION_MARKET_TRADER_COMPONENTS])" in market zone "The Hill" (pos=<7529.135742, 89.198120, 4610.044922>) for a price of 20.
02:13:39.921 [Market] Player "Reapskie" (id=hx4KLs__vN5RyM_Afu-G5rhncBn2UUHcjWd0WP75y7c=) has send a requested to purchase ducttape x1 from the trader "Components (Peter [#STR_EXPANSION_MARKET_TRADER_COMPONENTS])" in market zone "The Hill" (pos=<7529.135742, 89.198120, 4610.044922>).
02:13:40.218 [Market] Player "Reapskie" (id=hx4KLs__vN5RyM_Afu-G5rhncBn2UUHcjWd0WP75y7c=) has bought ducttape x1 from the trader "Components (Peter [#STR_EXPANSION_MARKET_TRADER_COMPONENTS])" in market zone "The Hill" (pos=<7529.135742, 89.198120, 4610.044922>) for a price of 20.
02:16:30.828 [Market] Player "Reapskie" (id=hx4KLs__vN5RyM_Afu-G5rhncBn2UUHcjWd0WP75y7c=) has send a requested to purchase snafut5000_mag x1 from the trader "Attachments (Seth [#STR_EXPANSION_MARKET_TRADER_ATTACHMENTS])" in market zone "The Hill" (pos=<7529.135742, 89.198120, 4610.044922>).
02:16:31.125 [Market] Player "Reapskie" (id=hx4KLs__vN5RyM_Afu-G5rhncBn2UUHcjWd0WP75y7c=) has bought snafut5000_mag x1 from the trader "Attachments (Seth [#STR_EXPANSION_MARKET_TRADER_ATTACHMENTS])" in market zone "The Hill" (pos=<7529.135742, 89.198120, 4610.044922>) for a price of 420.
02:16:32.203 [Market] Player "Reapskie" (id=hx4KLs__vN5RyM_Afu-G5rhncBn2UUHcjWd0WP75y7c=) has send a requested to purchase snafut5000_mag x1 from the trader "Attachments (Seth [#STR_EXPANSION_MARKET_TRADER_ATTACHMENTS])" in market zone "The Hill" (pos=<7529.135742, 89.198120, 4610.044922>).
02:16:32.515 [Market] Player "Reapskie" (id=hx4KLs__vN5RyM_Afu-G5rhncBn2UUHcjWd0WP75y7c=) has bought snafut5000_mag x1 from the trader "Attachments (Seth [#STR_EXPANSION_MARKET_TRADER_ATTACHMENTS])" in market zone "The Hill" (pos=<7529.135742, 89.198120, 4610.044922>) for a price of 420.
02:17:12.304 [Market] Player "Reapskie" (id=hx4KLs__vN5RyM_Afu-G5rhncBn2UUHcjWd0WP75y7c=) has send a requested to purchase snafu_hhuntingoptic x1 from the trader "Attachments (Seth [#STR_EXPANSION_MARKET_TRADER_ATTACHMENTS])" in market zone "The Hill" (pos=<7529.135742, 89.198120, 4610.044922>).
02:17:12.593 [Market] Player "Reapskie" (id=hx4KLs__vN5RyM_Afu-G5rhncBn2UUHcjWd0WP75y7c=) has bought snafu_hhuntingoptic x1 from the trader "Attachments (Seth [#STR_EXPANSION_MARKET_TRADER_ATTACHMENTS])" in market zone "The Hill" (pos=<7529.135742, 89.198120, 4610.044922>) for a price of 400.
02:17:37.421 [Market] Player "Reapskie" (id=hx4KLs__vN5RyM_Afu-G5rhncBn2UUHcjWd0WP75y7c=) has send a requested to purchase snafu_scarh_100rnd_mag_tan x1 from the trader "Attachments (Seth [#STR_EXPANSION_MARKET_TRADER_ATTACHMENTS])" in market zone "The Hill" (pos=<7529.135742, 89.198120, 4610.044922>).
02:17:37.750 [Market] Player "Reapskie" (id=hx4KLs__vN5RyM_Afu-G5rhncBn2UUHcjWd0WP75y7c=) has bought snafu_scarh_100rnd_mag_tan x1 from the trader "Attachments (Seth [#STR_EXPANSION_MARKET_TRADER_ATTACHMENTS])" in market zone "The Hill" (pos=<7529.135742, 89.198120, 4610.044922>) for a price of 400.
02:17:38.851 [Market] Player "Reapskie" (id=hx4KLs__vN5RyM_Afu-G5rhncBn2UUHcjWd0WP75y7c=) has send a requested to purchase snafu_scarh_100rnd_mag_tan x1 from the trader "Attachments (Seth [#STR_EXPANSION_MARKET_TRADER_ATTACHMENTS])" in market zone "The Hill" (pos=<7529.135742, 89.198120, 4610.044922>).
02:17:39.234 [Market] Player "Reapskie" (id=hx4KLs__vN5RyM_Afu-G5rhncBn2UUHcjWd0WP75y7c=) has bought snafu_scarh_100rnd_mag_tan x1 from the trader "Attachments (Seth [#STR_EXPANSION_MARKET_TRADER_ATTACHMENTS])" in market zone "The Hill" (pos=<7529.135742, 89.198120, 4610.044922>) for a price of 400.
02:19:13.570 [ATM] Player "Reapskie" (id=hx4KLs__vN5RyM_Afu-G5rhncBn2UUHcjWd0WP75y7c=) has deposited 183361 on his ATM account.
02:54:56.398 [MissionAirdrop] An airdrop is heading towards "Oldfield" (pos=<6117.000000, 0.000000, 7004.000000> type=Random_Oldfield) with a ExpansionAirdropContainer_Basebuilding
04:23:15.796 [MissionAirdrop] An airdrop is heading towards "Hazelands" (pos=<4539.000000, 0.000000, 2317.000000> type=Random_Hazelands) with a ExpansionAirdropContainer_Military
05:55:29.132 [MissionAirdrop] An airdrop is heading towards "Oldfield" (pos=<6117.000000, 0.000000, 7004.000000> type=Random_Oldfield) with a ExpansionAirdropContainer_Basebuilding
07:23:03.625 [MissionAirdrop] An airdrop is heading towards "Stonington" (pos=<6973.000000, 0.000000, 1701.000000> type=Random_Stonington) with a ExpansionAirdropContainer_Military
07:54:27.929 [Party] Player "NOVAKILLSFORYOU" (id=_i471QtP-cQO7LGlvQxSkkb6U2OdaENSi4dYAnCjv04=) joinded the party "OSS" (id=0 ownerUID=_i471QtP-cQO7LGlvQxSkkb6U2OdaENSi4dYAnCjv04= ownerName=NOVAKILLSFORYOU)
07:54:27.945 [Expansion Quests] - InitQuestSystemClient - Loaded existing player quest data for player with UID: _i471QtP-cQO7LGlvQxSkkb6U2OdaENSi4dYAnCjv04=
07:54:27.945 [Expansion Quests] - LoadGroupQuestData - Got cached group quest data for group with ID: 0
07:54:27.945 [Expansion Quests] - Create new quest instance for quest: 8 - Player UID: _i471QtP-cQO7LGlvQxSkkb6U2OdaENSi4dYAnCjv04=
07:54:27.945 [Expansion Quests] - Create new quest instance for quest: 9 - Player UID: _i471QtP-cQO7LGlvQxSkkb6U2OdaENSi4dYAnCjv04=
07:54:27.945 [Expansion Quests] - Create new quest instance for quest: 11 - Player UID: _i471QtP-cQO7LGlvQxSkkb6U2OdaENSi4dYAnCjv04=
07:54:28.695 [Expansion Quests] - LoadGroupQuestData - Got cached group quest data for group with ID: 0
08:02:02.070 [Party] Player "NOVAKILLSFORYOU" (id=_i471QtP-cQO7LGlvQxSkkb6U2OdaENSi4dYAnCjv04=) left the party "OSS" (id=0 ownerUID=_i471QtP-cQO7LGlvQxSkkb6U2OdaENSi4dYAnCjv04= ownerName=NOVAKILLSFORYOU)
