11:00:08.406 [MissionAirdrop] An airdrop is heading towards "Oceanville" (pos=<10179.000000, 0.000000, 4722.000000> type=Random_Oceanville) with a ExpansionAirdropContainer_Basebuilding
12:30:22.253 [MissionAirdrop] An airdrop is heading towards "Portland" (pos=<6055.000000, 0.000000, 13429.000000> type=Random_Portland) with a ExpansionAirdropContainer_Military
13:28:48.484 [Expansion Quests] - InitQuestSystemClient - Loaded existing player quest data for player with UID: Ceh9d27vAO_jI8vaBqG8KFom15l358u0eaxdKRH3b4s=
13:28:48.484 [Expansion Quests] - Create new quest instance for quest: 8 - Player UID: Ceh9d27vAO_jI8vaBqG8KFom15l358u0eaxdKRH3b4s=
13:28:48.484 [Expansion Quests] - Create new quest instance for quest: 9 - Player UID: Ceh9d27vAO_jI8vaBqG8KFom15l358u0eaxdKRH3b4s=
13:28:48.484 [Expansion Quests] - Create new quest instance for quest: 11 - Player UID: Ceh9d27vAO_jI8vaBqG8KFom15l358u0eaxdKRH3b4s=
13:33:21.640 [AI Patrol] Spawning 2 CampEagle-NE bots at <9179.011719, 62.622326, 3795.186768>
13:45:44.355 [AI Patrol] Spawning 3 SouthOfSmallville bots at <8966.711914, 1.654632, 3286.750244>
13:47:45.203 [ExplosionDamageSystem] About to explode LandFuelFeed_Ammo from Land_FuelStation_Feed<a4bf4130> at <8974.08, 29.01, 4205.57> EXPLOSION range 20 dropoff 5
14:01:33.367 [MissionAirdrop] An airdrop is heading towards "Oldfield" (pos=<6117.000000, 0.000000, 7004.000000> type=Random_Oldfield) with a ExpansionAirdropContainer
14:20:19.765 [AI Patrol] Despawning 3 SouthOfSmallville bots (spawn position <8966.711914, 1.654632, 3286.750244>, 0/3 deceased)
14:20:19.921 [AI Patrol] Despawning 2 CampEagle-NE bots (spawn position <9179.011719, 62.622326, 3795.186768>, 0/2 deceased)
15:30:01.429 [MissionAirdrop] An airdrop is heading towards "Kushville" (pos=<7630.000000, 0.000000, 3717.000000> type=Random_Kushville) with a ExpansionAirdropContainer_Basebuilding
16:58:54.453 [MissionAirdrop] An airdrop is heading towards "Mountainville" (pos=<7911.000000, 0.000000, 8864.000000> type=Random_Mountainville) with a ExpansionAirdropContainer
18:25:23.500 [MissionAirdrop] An airdrop is heading towards "Oceanville" (pos=<10179.000000, 0.000000, 4722.000000> type=Random_Oceanville) with a ExpansionAirdropContainer_Basebuilding
19:54:19.578 [MissionAirdrop] An airdrop is heading towards "Hazelands" (pos=<4539.000000, 0.000000, 2317.000000> type=Random_Hazelands) with a ExpansionAirdropContainer_Medical
21:26:16.625 [MissionAirdrop] An airdrop is heading towards "Stonington" (pos=<6973.000000, 0.000000, 1701.000000> type=Random_Stonington) with a ExpansionAirdropContainer_Military
22:57:28.718 [MissionAirdrop] An airdrop is heading towards "Stonington" (pos=<6973.000000, 0.000000, 1701.000000> type=Random_Stonington) with a ExpansionAirdropContainer_Military
00:27:30.828 [MissionAirdrop] An airdrop is heading towards "Oceanville" (pos=<10179.000000, 0.000000, 4722.000000> type=Random_Oceanville) with a ExpansionAirdropContainer_Basebuilding
01:56:57.914 [MissionAirdrop] An airdrop is heading towards "Hazelands" (pos=<4539.000000, 0.000000, 2317.000000> type=Random_Hazelands) with a ExpansionAirdropContainer_Medical
03:28:06.968 [MissionAirdrop] An airdrop is heading towards "Kushville" (pos=<7630.000000, 0.000000, 3717.000000> type=Random_Kushville) with a ExpansionAirdropContainer_Basebuilding
04:57:42.062 [MissionAirdrop] An airdrop is heading towards "Warren-Cove" (pos=<6924.000000, 0.000000, 5473.000000> type=Random_Warren-Cove) with a ExpansionAirdropContainer
06:26:04.085 [MissionAirdrop] An airdrop is heading towards "Oceanville" (pos=<10179.000000, 0.000000, 4722.000000> type=Random_Oceanville) with a ExpansionAirdropContainer_Basebuilding
07:55:09.257 [MissionAirdrop] An airdrop is heading towards "Westbrook" (pos=<3614.000000, 0.000000, 6360.000000> type=Random_Westbrook) with a ExpansionAirdropContainer
09:25:49.343 [MissionAirdrop] An airdrop is heading towards "Georgstown" (pos=<4522.000000, 0.000000, 4370.000000> type=Random_Georgstown) with a ExpansionAirdropContainer
10:56:06.445 [MissionAirdrop] An airdrop is heading towards "Stonington" (pos=<6973.000000, 0.000000, 1701.000000> type=Random_Stonington) with a ExpansionAirdropContainer_Military
12:27:38.531 [MissionAirdrop] An airdrop is heading towards "Kushville" (pos=<7630.000000, 0.000000, 3717.000000> type=Random_Kushville) with a ExpansionAirdropContainer_Basebuilding
13:56:59.687 [MissionAirdrop] An airdrop is heading towards "Oceanville" (pos=<10179.000000, 0.000000, 4722.000000> type=Random_Oceanville) with a ExpansionAirdropContainer_Basebuilding
15:26:52.718 [MissionAirdrop] An airdrop is heading towards "Stonington" (pos=<6973.000000, 0.000000, 1701.000000> type=Random_Stonington) with a ExpansionAirdropContainer_Military
