06.07.2024 18:18:04 [Dayz-Dog] 'DayzDog.json' does not exist, creating default config
06.07.2024 18:41:30 [Dayz-Dog] 'DayzDog.json' found, loading existing config
06.07.2024 20:32:39 [Dayz-Dog] Spawned Wild Dog at <10122.756836, 21.770018, 10859.303711>
06.07.2024 20:33:29 [Dayz-Dog] Spawned Wild Dog at <10117.215820, 21.770000, 10862.092773>
06.07.2024 20:33:37 [Dayz-Dog] Spawned Wild Dog at <10117.213867, 21.770000, 10862.090820>
06.07.2024 21:22:28 [Dayz-Dog] 'DayzDog.json' found, loading existing config
12.07.2024 15:16:00 [Dayz-Dog] 'DayzDog.json' found, loading existing config
12.07.2024 15:25:31 [Dayz-Dog] 'DayzDog.json' found, loading existing config
12.07.2024 15:29:56 [Dayz-Dog] 'DayzDog.json' found, loading existing config
12.07.2024 17:32:28 [Dayz-Dog] 'DayzDog.json' found, loading existing config
13.07.2024 15:31:50 [Dayz-Dog] 'DayzDog.json' found, loading existing config
13.07.2024 16:08:49 [Dayz-Dog] 'DayzDog.json' found, loading existing config
13.07.2024 16:29:38 [Dayz-Dog] 'DayzDog.json' found, loading existing config
13.07.2024 16:40:07 [Dayz-Dog] 'DayzDog.json' found, loading existing config
13.07.2024 19:08:10 [Dayz-Dog] 'DayzDog.json' found, loading existing config
13.07.2024 20:57:15 [Dayz-Dog] 'DayzDog.json' found, loading existing config
14.07.2024 13:34:29 [Dayz-Dog] Player MGM_762 spawn dog using dog house at <3226.032715, 2.696629, 1658.511353>
14.07.2024 13:41:51 [Dayz-Dog] Player 1DEADMANWALKIN spawn dog using dog house at <3183.323242, 2.754445, 1687.695313>
14.07.2024 22:57:47 [Dayz-Dog] Stored 2 items in dog inventory of Player MGM_762
15.07.2024 17:39:29 [Dayz-Dog] Player MGM_762 have dog true slot DogPreview22 getid 5548192 dog index 22
15.07.2024 17:39:29 [Dayz-Dog] Spawned dog entity ID 5548586
15.07.2024 17:39:29 [Dayz-Dog] Restored 2 items in dog inventory of Player MGM_762
15.07.2024 18:44:59 [Dayz-Dog] Stored 2 items in dog inventory of Player MGM_762
15.07.2024 18:46:59 [Dayz-Dog] 'DayzDog.json' found, loading existing config
15.07.2024 18:50:44 [Dayz-Dog] Player MGM_762 have dog true slot DogPreview22 getid 3455834 dog index 22
15.07.2024 18:50:44 [Dayz-Dog] Spawned dog entity ID 3456236
15.07.2024 18:50:44 [Dayz-Dog] Restored 2 items in dog inventory of Player MGM_762
15.07.2024 19:58:18 [Dayz-Dog] Player NOVAKILLSFORYOU spawn dog using dog house at <3226.032715, 2.696629, 1658.511353>
15.07.2024 19:59:08 [Dayz-Dog] Spawned dog entity ID 3521208
15.07.2024 19:59:08 [Dayz-Dog] Restored 0 items in dog inventory of Player NOVAKILLSFORYOU
15.07.2024 20:03:24 [Dayz-Dog] Stored 2 items in dog inventory of Player NOVAKILLSFORYOU
15.07.2024 20:52:12 [Dayz-Dog] Stored 2 items in dog inventory of Player MGM_762
16.07.2024 07:28:42 [Dayz-Dog] Player NOVAKILLSFORYOU have dog true slot DogPreview16 getid 4069981 dog index 16
16.07.2024 07:28:42 [Dayz-Dog] Spawned dog entity ID 4070260
16.07.2024 07:28:42 [Dayz-Dog] Restored 2 items in dog inventory of Player NOVAKILLSFORYOU
16.07.2024 08:06:37 [Dayz-Dog] Stored 2 items in dog inventory of Player NOVAKILLSFORYOU
16.07.2024 15:34:41 [Dayz-Dog] 'DayzDog.json' found, loading existing config
16.07.2024 15:41:47 [Dayz-Dog] Player NOVAKILLSFORYOU have dog true slot DogPreview16 getid 3459215 dog index 16
16.07.2024 15:41:47 [Dayz-Dog] Spawned dog entity ID 3459492
16.07.2024 15:41:47 [Dayz-Dog] Restored 2 items in dog inventory of Player NOVAKILLSFORYOU
16.07.2024 15:44:09 [Dayz-Dog] Stored 2 items in dog inventory of Player NOVAKILLSFORYOU
16.07.2024 15:49:04 [Dayz-Dog] 'DayzDog.json' found, loading existing config
16.07.2024 15:51:49 [Dayz-Dog] Player NOVAKILLSFORYOU have dog true slot DogPreview16 getid 3455272 dog index 16
16.07.2024 15:51:49 [Dayz-Dog] Spawned dog entity ID 3455549
16.07.2024 15:51:49 [Dayz-Dog] Restored 2 items in dog inventory of Player NOVAKILLSFORYOU
16.07.2024 15:53:19 [Dayz-Dog] Stored 2 items in dog inventory of Player NOVAKILLSFORYOU
16.07.2024 15:56:33 [Dayz-Dog] 'DayzDog.json' found, loading existing config
16.07.2024 16:06:06 [Dayz-Dog] Player NOVAKILLSFORYOU have dog true slot DogPreview16 getid 3465341 dog index 16
16.07.2024 16:06:06 [Dayz-Dog] Spawned dog entity ID 3465618
16.07.2024 16:06:06 [Dayz-Dog] Restored 2 items in dog inventory of Player NOVAKILLSFORYOU
16.07.2024 16:09:37 [Dayz-Dog] Stored 2 items in dog inventory of Player NOVAKILLSFORYOU
16.07.2024 16:12:11 [Dayz-Dog] 'DayzDog.json' found, loading existing config
16.07.2024 17:11:00 [Dayz-Dog] Player NOVAKILLSFORYOU have dog true slot DogPreview16 getid 3512196 dog index 16
16.07.2024 17:11:00 [Dayz-Dog] Spawned dog entity ID 3512473
16.07.2024 17:11:00 [Dayz-Dog] Restored 2 items in dog inventory of Player NOVAKILLSFORYOU
16.07.2024 17:13:47 [Dayz-Dog] Deleted (get in transport) dog of owner NOVAKILLSFORYOU at <3202.965576, 1.942904, 1637.993042>
16.07.2024 17:14:04 [Dayz-Dog] Respawned (get out transport) dog entity ID 3513724 of owner NOVAKILLSFORYOU at <3207.637451, 1.498182, 1610.972778>
16.07.2024 17:28:33 [Dayz-Dog] Player MGM_762 have dog true slot DogPreview22 getid 3520456 dog index 22
16.07.2024 17:28:33 [Dayz-Dog] Spawned dog entity ID 3520842
16.07.2024 17:28:33 [Dayz-Dog] Restored 2 items in dog inventory of Player MGM_762
16.07.2024 17:33:51 [Dayz-Dog] Deleted (get in transport) dog of owner NOVAKILLSFORYOU at <3189.669922, -0.671744, 1614.039185>
16.07.2024 17:36:03 [Dayz-Dog] Respawned (get out transport) dog entity ID 3524155 of owner NOVAKILLSFORYOU at <1463.645996, 0.062123, 3640.020508>
16.07.2024 17:36:11 [Dayz-Dog] Deleted (get in transport) dog of owner NOVAKILLSFORYOU at <1463.050049, -34.960003, 3642.865723>
16.07.2024 17:40:29 [Dayz-Dog] Respawned (get out transport) dog entity ID 3526204 of owner NOVAKILLSFORYOU at <1515.499878, 0.651368, 11380.804688>
16.07.2024 17:42:37 [Dayz-Dog] Dog of NOVAKILLSFORYOU has died
16.07.2024 17:42:37 [Dayz-Dog] Dog of NOVAKILLSFORYOU has died
16.07.2024 18:28:33 [Dayz-Dog] Stored 2 items in dog inventory of player which lost connection
16.07.2024 18:30:43 [Dayz-Dog] Player MGM_762 have dog true slot DogPreview22 getid 3579883 dog index 22
16.07.2024 18:30:43 [Dayz-Dog] Spawned dog entity ID 3580291
16.07.2024 18:30:43 [Dayz-Dog] Restored 2 items in dog inventory of Player MGM_762
16.07.2024 19:55:06 [Dayz-Dog] Stored 3 items in dog inventory of Player MGM_762
17.07.2024 17:23:57 [Dayz-Dog] Player MGM_762 have dog true slot DogPreview22 getid 4626192 dog index 22
17.07.2024 17:23:57 [Dayz-Dog] Spawned dog entity ID 4626579
17.07.2024 17:23:57 [Dayz-Dog] Restored 3 items in dog inventory of Player MGM_762
17.07.2024 20:45:11 [Dayz-Dog] Stored 3 items in dog inventory of Player MGM_762
18.07.2024 15:52:53 [Dayz-Dog] 'DayzDog.json' found, loading existing config
18.07.2024 17:17:14 [Dayz-Dog] Player MGM_762 have dog true slot DogPreview22 getid 3522779 dog index 22
18.07.2024 17:17:14 [Dayz-Dog] Spawned dog entity ID 3523175
18.07.2024 17:17:14 [Dayz-Dog] Restored 3 items in dog inventory of Player MGM_762
20.07.2024 13:43:36 [Dayz-Dog] 'DayzDog.json' found, loading existing config
20.07.2024 19:46:45 [Dayz-Dog] 'DayzDog.json' found, loading existing config
20.07.2024 19:51:15 [Dayz-Dog] 'DayzDog.json' found, loading existing config
20.07.2024 19:59:12 [Dayz-Dog] 'DayzDog.json' found, loading existing config
22.07.2024 09:48:22 [Dayz-Dog] 'DayzDog.json' found, loading existing config
22.07.2024 16:33:05 [Dayz-Dog] 'DayzDog.json' found, loading existing config
22.07.2024 17:56:46 [Dayz-Dog] 'DayzDog.json' found, loading existing config
22.07.2024 18:21:20 [Dayz-Dog] 'DayzDog.json' found, loading existing config
22.07.2024 18:46:49 [Dayz-Dog] 'DayzDog.json' found, loading existing config
24.07.2024 07:41:28 [Dayz-Dog] 'DayzDog.json' found, loading existing config
24.07.2024 17:45:18 [Dayz-Dog] 'DayzDog.json' found, loading existing config
24.07.2024 19:22:41 [Dayz-Dog] 'DayzDog.json' found, loading existing config
24.07.2024 19:30:23 [Dayz-Dog] 'DayzDog.json' found, loading existing config
24.07.2024 19:46:28 [Dayz-Dog] 'DayzDog.json' found, loading existing config
24.07.2024 20:13:29 [Dayz-Dog] 'DayzDog.json' found, loading existing config
25.07.2024 10:56:23 [Dayz-Dog] 'DayzDog.json' found, loading existing config
25.07.2024 16:27:52 [Dayz-Dog] 'DayzDog.json' found, loading existing config
25.07.2024 16:45:14 [Dayz-Dog] 'DayzDog.json' found, loading existing config
25.07.2024 17:12:17 [Dayz-Dog] 'DayzDog.json' found, loading existing config
29.07.2024 05:33:03 [Dayz-Dog] 'DayzDog.json' found, loading existing config
29.07.2024 05:33:48 [Dayz-Dog] preview load dog name 
30.07.2024 18:27:07 [Dayz-Dog] 'DayzDog.json' found, loading existing config
30.07.2024 18:27:56 [Dayz-Dog] preview load dog name 
31.07.2024 11:02:39 [Dayz-Dog] 'DayzDog.json' found, loading existing config
31.07.2024 11:03:21 [Dayz-Dog] preview load dog name 
31.07.2024 16:48:55 [Dayz-Dog] 'DayzDog.json' found, loading existing config
31.07.2024 16:49:39 [Dayz-Dog] preview load dog name 
31.07.2024 19:13:28 [Dayz-Dog] 'DayzDog.json' found, loading existing config
31.07.2024 19:14:18 [Dayz-Dog] preview load dog name 
31.07.2024 19:24:47 [Dayz-Dog] 'DayzDog.json' found, loading existing config
31.07.2024 19:25:28 [Dayz-Dog] preview load dog name 
31.07.2024 19:40:38 [Dayz-Dog] 'DayzDog.json' found, loading existing config
31.07.2024 19:41:35 [Dayz-Dog] preview load dog name 
31.07.2024 19:50:16 [Dayz-Dog] 'DayzDog.json' found, loading existing config
31.07.2024 19:51:01 [Dayz-Dog] preview load dog name 
31.07.2024 20:13:35 [Dayz-Dog] 'DayzDog.json' found, loading existing config
31.07.2024 20:14:20 [Dayz-Dog] preview load dog name 
01.08.2024 12:30:21 [Dayz-Dog] 'DayzDog.json' found, loading existing config
01.08.2024 12:31:04 [Dayz-Dog] preview load dog name 
01.08.2024 16:40:07 [Dayz-Dog] 'DayzDog.json' found, loading existing config
01.08.2024 16:40:45 [Dayz-Dog] preview load dog name 
01.08.2024 16:44:01 [Dayz-Dog] 'DayzDog.json' found, loading existing config
01.08.2024 16:44:43 [Dayz-Dog] preview load dog name 
01.08.2024 16:50:54 [Dayz-Dog] 'DayzDog.json' found, loading existing config
01.08.2024 16:51:33 [Dayz-Dog] preview load dog name 
02.08.2024 09:24:59 [Dayz-Dog] 'DayzDog.json' found, loading existing config
02.08.2024 09:25:38 [Dayz-Dog] preview load dog name 
02.08.2024 15:41:46 [Dayz-Dog] 'DayzDog.json' found, loading existing config
02.08.2024 15:42:25 [Dayz-Dog] preview load dog name 
02.08.2024 18:40:05 [Dayz-Dog] 'DayzDog.json' found, loading existing config
02.08.2024 18:40:44 [Dayz-Dog] preview load dog name 
02.08.2024 19:51:03 [Dayz-Dog] 'DayzDog.json' found, loading existing config
02.08.2024 19:51:44 [Dayz-Dog] preview load dog name 
02.08.2024 21:06:18 [Dayz-Dog] 'DayzDog.json' found, loading existing config
02.08.2024 21:06:59 [Dayz-Dog] preview load dog name 
02.08.2024 21:11:45 [Dayz-Dog] 'DayzDog.json' found, loading existing config
02.08.2024 21:12:25 [Dayz-Dog] preview load dog name 
02.08.2024 22:57:40 [Dayz-Dog] 'DayzDog.json' found, loading existing config
02.08.2024 22:58:17 [Dayz-Dog] preview load dog name 
02.08.2024 23:25:38 [Dayz-Dog] 'DayzDog.json' found, loading existing config
02.08.2024 23:26:15 [Dayz-Dog] preview load dog name 
05.08.2024 08:34:10 [Dayz-Dog] 'DayzDog.json' found, loading existing config
05.08.2024 08:34:51 [Dayz-Dog] preview load dog name 
07.08.2024 13:55:36 [Dayz-Dog] 'DayzDog.json' found, loading existing config
07.08.2024 13:56:18 [Dayz-Dog] preview load dog name 
09.08.2024 10:54:11 [Dayz-Dog] 'DayzDog.json' found, loading existing config
09.08.2024 10:54:53 [Dayz-Dog] preview load dog name 
10.08.2024 16:35:09 [Dayz-Dog] 'DayzDog.json' found, loading existing config
10.08.2024 16:35:49 [Dayz-Dog] preview load dog name 
11.08.2024 17:25:58 [Dayz-Dog] 'DayzDog.json' found, loading existing config
11.08.2024 17:26:38 [Dayz-Dog] preview load dog name 
11.08.2024 18:01:27 [Dayz-Dog] 'DayzDog.json' found, loading existing config
11.08.2024 18:02:04 [Dayz-Dog] preview load dog name 
11.08.2024 18:18:09 [Dayz-Dog] 'DayzDog.json' found, loading existing config
11.08.2024 18:18:48 [Dayz-Dog] preview load dog name 
11.08.2024 18:40:07 [Dayz-Dog] 'DayzDog.json' found, loading existing config
11.08.2024 18:41:24 [Dayz-Dog] preview load dog name 
11.08.2024 19:04:22 [Dayz-Dog] 'DayzDog.json' found, loading existing config
11.08.2024 19:05:37 [Dayz-Dog] preview load dog name 
12.08.2024 13:48:53 [Dayz-Dog] 'DayzDog.json' found, loading existing config
12.08.2024 13:49:32 [Dayz-Dog] preview load dog name 
12.08.2024 16:18:27 [Dayz-Dog] 'DayzDog.json' found, loading existing config
12.08.2024 16:19:04 [Dayz-Dog] preview load dog name 
13.08.2024 16:23:34 [Dayz-Dog] 'DayzDog.json' found, loading existing config
13.08.2024 16:24:15 [Dayz-Dog] preview load dog name 
14.08.2024 07:50:02 [Dayz-Dog] 'DayzDog.json' found, loading existing config
14.08.2024 07:50:45 [Dayz-Dog] preview load dog name 
16.08.2024 08:07:36 [Dayz-Dog] 'DayzDog.json' found, loading existing config
16.08.2024 08:08:20 [Dayz-Dog] preview load dog name 
16.08.2024 12:46:42 [Dayz-Dog] 'DayzDog.json' found, loading existing config
16.08.2024 12:47:21 [Dayz-Dog] preview load dog name 
16.08.2024 18:53:26 [Dayz-Dog] 'DayzDog.json' found, loading existing config
16.08.2024 18:54:05 [Dayz-Dog] preview load dog name 
16.08.2024 21:40:57 [Dayz-Dog] 'DayzDog.json' found, loading existing config
16.08.2024 21:41:39 [Dayz-Dog] preview load dog name 
17.08.2024 16:32:54 [Dayz-Dog] 'DayzDog.json' found, loading existing config
17.08.2024 16:33:32 [Dayz-Dog] preview load dog name 
17.08.2024 21:51:08 [Dayz-Dog] 'DayzDog.json' found, loading existing config
17.08.2024 21:51:48 [Dayz-Dog] preview load dog name 
18.08.2024 11:24:17 [Dayz-Dog] 'DayzDog.json' found, loading existing config
18.08.2024 11:24:58 [Dayz-Dog] preview load dog name 
18.08.2024 15:03:29 [Dayz-Dog] 'DayzDog.json' found, loading existing config
18.08.2024 15:04:06 [Dayz-Dog] preview load dog name 
18.08.2024 15:30:50 [Dayz-Dog] 'DayzDog.json' found, loading existing config
18.08.2024 15:31:31 [Dayz-Dog] preview load dog name 
18.08.2024 15:43:14 [Dayz-Dog] 'DayzDog.json' found, loading existing config
18.08.2024 15:44:26 [Dayz-Dog] preview load dog name 
18.08.2024 16:43:22 [Dayz-Dog] 'DayzDog.json' found, loading existing config
18.08.2024 16:44:02 [Dayz-Dog] preview load dog name 
18.08.2024 16:56:00 [Dayz-Dog] 'DayzDog.json' found, loading existing config
18.08.2024 16:57:17 [Dayz-Dog] preview load dog name 
19.08.2024 08:18:32 [Dayz-Dog] 'DayzDog.json' found, loading existing config
19.08.2024 08:19:48 [Dayz-Dog] preview load dog name 
19.08.2024 16:06:09 [Dayz-Dog] 'DayzDog.json' found, loading existing config
19.08.2024 16:06:46 [Dayz-Dog] preview load dog name 
20.08.2024 12:03:16 [Dayz-Dog] 'DayzDog.json' found, loading existing config
20.08.2024 12:03:58 [Dayz-Dog] preview load dog name 
22.08.2024 18:40:23 [Dayz-Dog] 'DayzDog.json' found, loading existing config
22.08.2024 18:41:07 [Dayz-Dog] preview load dog name 
23.08.2024 20:39:38 [Dayz-Dog] 'DayzDog.json' found, loading existing config
23.08.2024 20:40:19 [Dayz-Dog] preview load dog name 
