******************************************************************************
RFWatercraft log started on 2024-08-23 at 20:39:38
20:39:38 | [SYSTEM] Master configuration file loaded
20:40:32 | [SPAWN] RFWC_Whaler<a2e99f60> spawned at <13011.466797, -0.010354, 10197.758789>
20:40:32 | [SPAWN] RFWC_Whaler<a2e9cd70> spawned at <12291.583984, 0.001383, 9815.076172>
20:40:32 | [SPAWN] RFWC_CarpBoat_Rusty<bbfcceb0> spawned at <14497.697266, 0.139624, 5396.002441>
20:40:32 | [SPAWN] RFWC_Seadoo_Orange<bbfde310> spawned at <5697.627930, 0.312582, 14808.940430>
20:40:32 | [SPAWN] RFWC_Seadoo_Camo<bbff2580> spawned at <6464.302734, 0.300175, 1055.659058>
20:40:32 | [SPAWN] RFWC_CarpBoat_Rusty<bbff5390> spawned at <11501.485352, 0.139879, 10774.100586>
20:40:32 | [SPAWN] RFWC_DragBoat_Red<bbffddc0> spawned at <5463.560547, 0.209667, 935.820923>
20:40:32 | [SPAWN] RFWC_Whaler<bbfe9b50> spawned at <461.417664, -0.010378, 15176.765625>
20:40:32 | [SPAWN] RFWC_CarpBoat_Rusty<bc000bd0> spawned at <517.919678, 0.154558, 12984.710938>
20:40:32 | [SPAWN] RFWC_Seadoo_Orange<bc0039e0> spawned at <2157.747314, 0.311422, 14604.475586>
20:40:32 | [SPAWN] RFWC_Zodiac_Orange<bc009600> spawned at <4104.744141, 0.209690, 14185.875000>
20:40:33 | [SPAWN] RFWC_Whaler<bfc84d20> spawned at <7362.100586, 0.001381, 1375.935547>
20:40:33 | [SPAWN] RFWC_Zodiac_Black<bfc9ebb0> spawned at <7446.944824, 0.222561, 7767.033203>
20:40:33 | [SPAWN] RFWC_Zodiac_Black<c5ba48a0> spawned at <3003.834473, 0.209692, 5382.999512>
20:40:34 | [SPAWN] RFWC_DragBoat_Black<c5ba76b0> spawned at <3190.845215, 0.227353, 1613.049561>
20:40:34 | [SPAWN] RFWC_Whaler<c5b99060> spawned at <3149.816650, 0.004538, 1714.413574>
21:59:43 | [SPAWN] RFWC_Zodiac_Orange<5af61ab0> spawned at <2160.430908, 0.306453, 14595.276367>
